

   Time      sum(rTop)  sum(rRoot) sum(vTop)  sum(vRoot) sum(vBot)    hTop       hRoot      hBot      A-level
    [T]        [L]        [L]        [L]        [L]        [L]        [L]         [L]       [L] 

    91.00000   .000E+00   .160E+00   .584E-06   .160E+00  -.368E-01  -.583E+02  -.423E+02   .172E+03       1
    92.00000  -.700E-01   .340E+00  -.700E-01   .340E+00  -.710E-01  -.601E+02  -.445E+02   .169E+03       2
    93.00000  -.900E-01   .470E+00  -.900E-01   .470E+00  -.103E+00  -.626E+02  -.467E+02   .167E+03       3
    94.00000  -.900E-01   .670E+00  -.903E-01   .670E+00  -.133E+00  -.661E+02  -.500E+02   .164E+03       4
    95.00000  -.900E-01   .950E+00  -.907E-01   .950E+00  -.161E+00  -.705E+02  -.542E+02   .161E+03       5
    96.00000  -.160E+00   .113E+01  -.161E+00   .113E+01  -.186E+00  -.712E+02  -.557E+02   .158E+03       6
    97.00000  -.450E+00   .121E+01  -.451E+00   .121E+01  -.211E+00  -.657E+02  -.522E+02   .160E+03       7
    98.00000  -.890E+00   .135E+01  -.891E+00   .135E+01  -.239E+00  -.610E+02  -.482E+02   .164E+03       8
    99.00000  -.109E+01   .146E+01  -.109E+01   .146E+01  -.268E+00  -.625E+02  -.479E+02   .165E+03       9
   100.00000  -.138E+01   .157E+01  -.138E+01   .157E+01  -.299E+00  -.596E+02  -.456E+02   .167E+03      10
   101.00000  -.170E+01   .168E+01  -.170E+01   .168E+01  -.332E+00  -.569E+02  -.429E+02   .170E+03      11
   102.00000  -.219E+01   .179E+01  -.219E+01   .179E+01  -.368E+00  -.509E+02  -.373E+02   .175E+03      12
   103.00000  -.220E+01   .195E+01  -.220E+01   .195E+01  -.406E+00  -.569E+02  -.409E+02   .173E+03      13
   104.00000  -.220E+01   .212E+01  -.220E+01   .212E+01  -.441E+00  -.602E+02  -.442E+02   .170E+03      14
   105.00000  -.220E+01   .234E+01  -.220E+01   .234E+01  -.473E+00  -.640E+02  -.478E+02   .167E+03      15
   106.00000  -.220E+01   .255E+01  -.220E+01   .255E+01  -.501E+00  -.676E+02  -.514E+02   .163E+03      16
   107.00000  -.220E+01   .278E+01  -.220E+01   .278E+01  -.528E+00  -.713E+02  -.550E+02   .160E+03      17
   108.00000  -.220E+01   .301E+01  -.220E+01   .301E+01  -.552E+00  -.749E+02  -.585E+02   .156E+03      18
   109.00000  -.220E+01   .325E+01  -.220E+01   .325E+01  -.574E+00  -.784E+02  -.620E+02   .153E+03      19
   110.00000  -.220E+01   .343E+01  -.220E+01   .343E+01  -.594E+00  -.812E+02  -.648E+02   .150E+03      20
   111.00000  -.220E+01   .358E+01  -.220E+01   .358E+01  -.613E+00  -.834E+02  -.670E+02   .148E+03      21
   112.00000  -.220E+01   .377E+01  -.220E+01   .377E+01  -.631E+00  -.859E+02  -.694E+02   .146E+03      22
   113.00000  -.221E+01   .392E+01  -.221E+01   .392E+01  -.649E+00  -.874E+02  -.711E+02   .144E+03      23
   114.00000  -.222E+01   .414E+01  -.222E+01   .414E+01  -.665E+00  -.904E+02  -.739E+02   .142E+03      24
   115.00000  -.222E+01   .437E+01  -.222E+01   .437E+01  -.680E+00  -.938E+02  -.770E+02   .139E+03      25
   116.00000  -.224E+01   .457E+01  -.224E+01   .457E+01  -.695E+00  -.953E+02  -.789E+02   .137E+03      26
   117.00000  -.224E+01   .474E+01  -.224E+01   .474E+01  -.708E+00  -.978E+02  -.810E+02   .135E+03      27
   118.00000  -.226E+01   .488E+01  -.226E+01   .488E+01  -.721E+00  -.982E+02  -.820E+02   .134E+03      28
   119.00000  -.252E+01   .501E+01  -.252E+01   .501E+01  -.734E+00  -.896E+02  -.778E+02   .133E+03      29
   120.00000  -.276E+01   .512E+01  -.276E+01   .512E+01  -.747E+00  -.884E+02  -.764E+02   .134E+03      30
   121.00000  -.337E+01   .520E+01  -.337E+01   .520E+01  -.760E+00  -.754E+02  -.676E+02   .138E+03      31
   122.00000  -.337E+01   .541E+01  -.337E+01   .541E+01  -.775E+00  -.916E+02  -.755E+02   .139E+03      32
   123.00000  -.356E+01   .555E+01  -.356E+01   .555E+01  -.790E+00  -.870E+02  -.737E+02   .139E+03      33
   124.00000  -.373E+01   .576E+01  -.373E+01   .576E+01  -.805E+00  -.882E+02  -.745E+02   .139E+03      34
   125.00000  -.451E+01   .583E+01  -.451E+01   .583E+01  -.820E+00  -.691E+02  -.619E+02   .143E+03      35
   126.00000  -.569E+01   .593E+01  -.569E+01   .593E+01  -.840E+00  -.565E+02  -.495E+02   .156E+03      36
   127.00000  -.637E+01   .603E+01  -.637E+01   .603E+01  -.868E+00  -.560E+02  -.444E+02   .166E+03      37
   128.00000  -.637E+01   .619E+01  -.637E+01   .619E+01  -.898E+00  -.646E+02  -.485E+02   .166E+03      38
   129.00000  -.637E+01   .645E+01  -.637E+01   .645E+01  -.927E+00  -.687E+02  -.524E+02   .162E+03      39
   130.00000  -.637E+01   .671E+01  -.637E+01   .671E+01  -.952E+00  -.728E+02  -.565E+02   .158E+03      40
   131.00000  -.637E+01   .696E+01  -.637E+01   .696E+01  -.976E+00  -.767E+02  -.603E+02   .155E+03      41
   132.00000  -.637E+01   .727E+01  -.637E+01   .727E+01  -.997E+00  -.811E+02  -.644E+02   .151E+03      42
   133.00000  -.637E+01   .762E+01  -.637E+01   .762E+01  -.102E+01  -.860E+02  -.691E+02   .147E+03      43
   134.00000  -.637E+01   .803E+01  -.637E+01   .803E+01  -.103E+01  -.917E+02  -.744E+02   .143E+03      44
   135.00000  -.637E+01   .842E+01  -.637E+01   .842E+01  -.105E+01  -.972E+02  -.796E+02   .139E+03      45
   136.00000  -.637E+01   .882E+01  -.637E+01   .882E+01  -.106E+01  -.103E+03  -.846E+02   .135E+03      46
   137.00000  -.656E+01   .899E+01  -.656E+01   .899E+01  -.107E+01  -.936E+02  -.805E+02   .133E+03      47
   138.00000  -.682E+01   .924E+01  -.682E+01   .924E+01  -.109E+01  -.917E+02  -.797E+02   .132E+03      48
   139.00000  -.683E+01   .953E+01  -.683E+01   .953E+01  -.110E+01  -.103E+03  -.863E+02   .131E+03      49
   140.00000  -.703E+01   .968E+01  -.703E+01   .968E+01  -.111E+01  -.952E+02  -.826E+02   .130E+03      50
   141.00000  -.703E+01   .984E+01  -.703E+01   .984E+01  -.112E+01  -.103E+03  -.865E+02   .129E+03      51
   142.00000  -.728E+01   .996E+01  -.728E+01   .996E+01  -.113E+01  -.935E+02  -.820E+02   .129E+03      52
   143.00000  -.748E+01   .102E+02  -.748E+01   .102E+02  -.114E+01  -.958E+02  -.833E+02   .129E+03      53
   144.00000  -.755E+01   .104E+02  -.755E+01   .104E+02  -.116E+01  -.101E+03  -.863E+02   .129E+03      54
   145.00000  -.755E+01   .106E+02  -.755E+01   .106E+02  -.117E+01  -.108E+03  -.910E+02   .127E+03      55
   146.00000  -.755E+01   .111E+02  -.755E+01   .111E+02  -.118E+01  -.116E+03  -.975E+02   .124E+03      56
   147.00000  -.784E+01   .115E+02  -.784E+01   .115E+02  -.119E+01  -.105E+03  -.939E+02   .122E+03      57
   148.00000  -.785E+01   .117E+02  -.785E+01   .117E+02  -.120E+01  -.115E+03  -.983E+02   .120E+03      58
   149.00000  -.785E+01   .120E+02  -.785E+01   .120E+02  -.120E+01  -.121E+03  -.103E+03   .118E+03      59
   150.00000  -.785E+01   .124E+02  -.786E+01   .124E+02  -.121E+01  -.129E+03  -.109E+03   .115E+03      60
   151.00000  -.785E+01   .129E+02  -.786E+01   .129E+02  -.122E+01  -.136E+03  -.115E+03   .112E+03      61
   152.00000  -.785E+01   .133E+02  -.786E+01   .133E+02  -.123E+01  -.142E+03  -.121E+03   .109E+03      62
   153.00000  -.785E+01   .137E+02  -.786E+01   .137E+02  -.123E+01  -.149E+03  -.127E+03   .106E+03      63
   154.00000  -.785E+01   .141E+02  -.786E+01   .141E+02  -.124E+01  -.155E+03  -.132E+03   .102E+03      64
   155.00000  -.785E+01   .144E+02  -.785E+01   .144E+02  -.124E+01  -.157E+03  -.134E+03   .994E+02      65
   156.00000  -.785E+01   .149E+02  -.786E+01   .149E+02  -.125E+01  -.162E+03  -.139E+03   .967E+02      66
   157.00000  -.892E+01   .152E+02  -.893E+01   .151E+02  -.125E+01  -.916E+02  -.993E+02   .949E+02      67
   158.00000  -.893E+01   .155E+02  -.894E+01   .155E+02  -.126E+01  -.135E+03  -.119E+03   .956E+02      68
   159.00000  -.893E+01   .159E+02  -.894E+01   .159E+02  -.126E+01  -.149E+03  -.130E+03   .950E+02      69
   160.00000  -.893E+01   .162E+02  -.894E+01   .162E+02  -.127E+01  -.157E+03  -.136E+03   .934E+02      70
   161.00000  -.893E+01   .165E+02  -.894E+01   .165E+02  -.127E+01  -.163E+03  -.142E+03   .915E+02      71
   162.00000  -.915E+01   .167E+02  -.916E+01   .167E+02  -.127E+01  -.139E+03  -.130E+03   .897E+02      72
   163.00000  -.965E+01   .170E+02  -.966E+01   .169E+02  -.128E+01  -.116E+03  -.116E+03   .887E+02      73
   164.00000  -.101E+02   .171E+02  -.101E+02   .171E+02  -.128E+01  -.110E+03  -.109E+03   .891E+02      74
   165.00000  -.101E+02   .173E+02  -.101E+02   .173E+02  -.129E+01  -.139E+03  -.123E+03   .900E+02      75
   166.00000  -.101E+02   .175E+02  -.101E+02   .175E+02  -.129E+01  -.148E+03  -.130E+03   .898E+02      76
   167.00000  -.109E+02   .176E+02  -.109E+02   .176E+02  -.129E+01  -.969E+02  -.101E+03   .897E+02      77
   168.00000  -.109E+02   .178E+02  -.109E+02   .178E+02  -.130E+01  -.131E+03  -.117E+03   .912E+02      78
   169.00000  -.111E+02   .180E+02  -.111E+02   .180E+02  -.130E+01  -.126E+03  -.117E+03   .919E+02      79
   170.00000  -.119E+02   .181E+02  -.119E+02   .181E+02  -.131E+01  -.932E+02  -.961E+02   .929E+02      80
   171.00000  -.119E+02   .183E+02  -.119E+02   .183E+02  -.131E+01  -.129E+03  -.115E+03   .950E+02      81
   172.00000  -.119E+02   .185E+02  -.119E+02   .185E+02  -.132E+01  -.140E+03  -.123E+03   .953E+02      82
   173.00000  -.135E+02   .187E+02  -.135E+02   .187E+02  -.132E+01  -.719E+02  -.800E+02   .962E+02      83
   174.00000  -.136E+02   .191E+02  -.136E+02   .190E+02  -.132E+01  -.110E+03  -.101E+03   .101E+03      84
   175.00000  -.139E+02   .192E+02  -.139E+02   .192E+02  -.133E+01  -.112E+03  -.103E+03   .103E+03      85
   176.00000  -.139E+02   .195E+02  -.139E+02   .195E+02  -.134E+01  -.131E+03  -.115E+03   .103E+03      86
   177.00000  -.145E+02   .199E+02  -.145E+02   .199E+02  -.134E+01  -.102E+03  -.101E+03   .103E+03      87
   178.00000  -.147E+02   .201E+02  -.147E+02   .201E+02  -.135E+01  -.120E+03  -.108E+03   .103E+03      88
   179.00000  -.155E+02   .203E+02  -.155E+02   .203E+02  -.135E+01  -.891E+02  -.900E+02   .104E+03      89
   180.00000  -.161E+02   .205E+02  -.161E+02   .205E+02  -.136E+01  -.900E+02  -.873E+02   .108E+03      90
   181.00000  -.161E+02   .208E+02  -.161E+02   .207E+02  -.137E+01  -.119E+03  -.104E+03   .110E+03      91
   182.00000  -.162E+02   .210E+02  -.162E+02   .210E+02  -.137E+01  -.125E+03  -.108E+03   .110E+03      92
   183.00000  -.162E+02   .214E+02  -.162E+02   .214E+02  -.138E+01  -.135E+03  -.116E+03   .108E+03      93
   184.00000  -.166E+02   .215E+02  -.166E+02   .215E+02  -.139E+01  -.105E+03  -.997E+02   .107E+03      94
   185.00000  -.166E+02   .217E+02  -.166E+02   .217E+02  -.139E+01  -.126E+03  -.110E+03   .107E+03      95
   186.00000  -.167E+02   .221E+02  -.167E+02   .220E+02  -.140E+01  -.132E+03  -.116E+03   .106E+03      96
   187.00000  -.167E+02   .223E+02  -.167E+02   .223E+02  -.140E+01  -.136E+03  -.118E+03   .104E+03      97
   188.00000  -.167E+02   .226E+02  -.167E+02   .226E+02  -.141E+01  -.143E+03  -.124E+03   .102E+03      98
   189.00000  -.167E+02   .230E+02  -.167E+02   .230E+02  -.142E+01  -.152E+03  -.131E+03   .100E+03      99
   190.00000  -.167E+02   .235E+02  -.167E+02   .235E+02  -.142E+01  -.163E+03  -.139E+03   .975E+02     100
   191.00000  -.167E+02   .238E+02  -.167E+02   .238E+02  -.142E+01  -.168E+03  -.144E+03   .946E+02     101
   192.00000  -.167E+02   .242E+02  -.167E+02   .242E+02  -.143E+01  -.171E+03  -.147E+03   .919E+02     102
   193.00000  -.167E+02   .247E+02  -.167E+02   .246E+02  -.143E+01  -.180E+03  -.155E+03   .893E+02     103
   194.00000  -.167E+02   .251E+02  -.167E+02   .251E+02  -.144E+01  -.191E+03  -.164E+03   .866E+02     104
   195.00000  -.167E+02   .256E+02  -.167E+02   .256E+02  -.144E+01  -.203E+03  -.172E+03   .837E+02     105
   196.00000  -.169E+02   .260E+02  -.169E+02   .260E+02  -.144E+01  -.168E+03  -.159E+03   .810E+02     106
   197.00000  -.169E+02   .263E+02  -.169E+02   .263E+02  -.145E+01  -.187E+03  -.164E+03   .788E+02     107
   198.00000  -.169E+02   .267E+02  -.169E+02   .267E+02  -.145E+01  -.198E+03  -.171E+03   .767E+02     108
   199.00000  -.169E+02   .271E+02  -.169E+02   .271E+02  -.145E+01  -.210E+03  -.181E+03   .746E+02     109
   200.00000  -.169E+02   .274E+02  -.169E+02   .274E+02  -.145E+01  -.217E+03  -.186E+03   .725E+02     110
   201.00000  -.169E+02   .277E+02  -.169E+02   .277E+02  -.146E+01  -.221E+03  -.190E+03   .704E+02     111
   202.00000  -.169E+02   .281E+02  -.169E+02   .281E+02  -.146E+01  -.227E+03  -.195E+03   .683E+02     112
   203.00000  -.169E+02   .283E+02  -.169E+02   .283E+02  -.146E+01  -.229E+03  -.197E+03   .662E+02     113
   204.00000  -.169E+02   .286E+02  -.169E+02   .286E+02  -.146E+01  -.231E+03  -.199E+03   .643E+02     114
   205.00000  -.169E+02   .289E+02  -.169E+02   .289E+02  -.147E+01  -.232E+03  -.201E+03   .624E+02     115
   206.00000  -.169E+02   .291E+02  -.169E+02   .291E+02  -.147E+01  -.232E+03  -.202E+03   .607E+02     116
   207.00000  -.170E+02   .293E+02  -.170E+02   .293E+02  -.147E+01  -.228E+03  -.200E+03   .590E+02     117
   208.00000  -.170E+02   .296E+02  -.170E+02   .296E+02  -.147E+01  -.216E+03  -.197E+03   .574E+02     118
   209.00000  -.171E+02   .299E+02  -.171E+02   .299E+02  -.147E+01  -.224E+03  -.203E+03   .559E+02     119
   210.00000  -.171E+02   .304E+02  -.171E+02   .304E+02  -.147E+01  -.253E+03  -.220E+03   .544E+02     120
   211.00000  -.171E+02   .309E+02  -.171E+02   .309E+02  -.148E+01  -.287E+03  -.244E+03   .528E+02     121
   212.00000  -.171E+02   .316E+02  -.171E+02   .316E+02  -.148E+01  -.333E+03  -.275E+03   .511E+02     122
   213.00000  -.171E+02   .318E+02  -.171E+02   .318E+02  -.148E+01  -.354E+03  -.287E+03   .492E+02     123
   214.00000  -.171E+02   .324E+02  -.171E+02   .324E+02  -.148E+01  -.370E+03  -.299E+03   .472E+02     124
   215.00000  -.171E+02   .330E+02  -.171E+02   .330E+02  -.148E+01  -.424E+03  -.333E+03   .452E+02     125
   216.00000  -.171E+02   .334E+02  -.171E+02   .333E+02  -.148E+01  -.433E+03  -.340E+03   .432E+02     126
   217.00000  -.176E+02   .334E+02  -.176E+02   .334E+02  -.148E+01  -.206E+03  -.243E+03   .413E+02     127
   218.00000  -.176E+02   .337E+02  -.176E+02   .337E+02  -.148E+01  -.275E+03  -.249E+03   .394E+02     128
   219.00000  -.177E+02   .339E+02  -.177E+02   .339E+02  -.148E+01  -.261E+03  -.241E+03   .377E+02     129
   220.00000  -.177E+02   .341E+02  -.177E+02   .341E+02  -.149E+01  -.276E+03  -.244E+03   .362E+02     130
   221.00000  -.179E+02   .342E+02  -.179E+02   .342E+02  -.149E+01  -.218E+03  -.219E+03   .349E+02     131
   222.00000  -.180E+02   .345E+02  -.180E+02   .345E+02  -.149E+01  -.234E+03  -.226E+03   .337E+02     132
   223.00000  -.180E+02   .348E+02  -.180E+02   .348E+02  -.149E+01  -.270E+03  -.242E+03   .326E+02     133
   224.00000  -.180E+02   .352E+02  -.180E+02   .352E+02  -.149E+01  -.295E+03  -.259E+03   .316E+02     134
   225.00000  -.180E+02   .355E+02  -.180E+02   .354E+02  -.149E+01  -.298E+03  -.264E+03   .306E+02     135
   226.00000  -.183E+02   .357E+02  -.183E+02   .357E+02  -.149E+01  -.221E+03  -.239E+03   .295E+02     136
   227.00000  -.192E+02   .358E+02  -.192E+02   .358E+02  -.149E+01  -.127E+03  -.166E+03   .284E+02     137
   228.00000  -.192E+02   .361E+02  -.192E+02   .361E+02  -.149E+01  -.194E+03  -.185E+03   .274E+02     138
   229.00000  -.202E+02   .363E+02  -.202E+02   .363E+02  -.149E+01  -.115E+03  -.142E+03   .267E+02     139
   230.00000  -.210E+02   .366E+02  -.210E+02   .365E+02  -.149E+01  -.111E+03  -.128E+03   .263E+02     140
   231.00000  -.210E+02   .369E+02  -.210E+02   .368E+02  -.149E+01  -.166E+03  -.156E+03   .266E+02     141
   232.00000  -.213E+02   .372E+02  -.213E+02   .372E+02  -.150E+01  -.161E+03  -.163E+03   .273E+02     142
   233.00000  -.213E+02   .374E+02  -.213E+02   .374E+02  -.150E+01  -.181E+03  -.173E+03   .281E+02     143
   234.00000  -.214E+02   .375E+02  -.214E+02   .375E+02  -.150E+01  -.190E+03  -.179E+03   .287E+02     144
   235.00000  -.215E+02   .377E+02  -.215E+02   .377E+02  -.150E+01  -.191E+03  -.182E+03   .290E+02     145
   236.00000  -.217E+02   .379E+02  -.217E+02   .379E+02  -.150E+01  -.182E+03  -.182E+03   .293E+02     146
   237.00000  -.217E+02   .381E+02  -.217E+02   .381E+02  -.150E+01  -.198E+03  -.189E+03   .293E+02     147
   238.00000  -.223E+02   .382E+02  -.223E+02   .381E+02  -.150E+01  -.141E+03  -.158E+03   .293E+02     148
   239.00000  -.225E+02   .383E+02  -.225E+02   .383E+02  -.150E+01  -.161E+03  -.162E+03   .293E+02     149
   240.00000  -.225E+02   .385E+02  -.225E+02   .384E+02  -.150E+01  -.177E+03  -.170E+03   .294E+02     150
   241.00000  -.225E+02   .387E+02  -.225E+02   .387E+02  -.150E+01  -.200E+03  -.184E+03   .296E+02     151
   242.00000  -.225E+02   .390E+02  -.225E+02   .390E+02  -.150E+01  -.221E+03  -.200E+03   .298E+02     152
   243.00000  -.226E+02   .391E+02  -.226E+02   .391E+02  -.150E+01  -.215E+03  -.200E+03   .298E+02     153
   244.00000  -.227E+02   .393E+02  -.227E+02   .393E+02  -.150E+01  -.204E+03  -.197E+03   .297E+02     154
   245.00000  -.229E+02   .395E+02  -.229E+02   .395E+02  -.151E+01  -.198E+03  -.197E+03   .294E+02     155
   246.00000  -.229E+02   .398E+02  -.229E+02   .397E+02  -.151E+01  -.230E+03  -.210E+03   .291E+02     156
   247.00000  -.229E+02   .401E+02  -.229E+02   .400E+02  -.151E+01  -.250E+03  -.225E+03   .286E+02     157
   248.00000  -.229E+02   .402E+02  -.229E+02   .402E+02  -.151E+01  -.251E+03  -.228E+03   .281E+02     158
   249.00000  -.229E+02   .403E+02  -.229E+02   .403E+02  -.151E+01  -.240E+03  -.222E+03   .275E+02     159
   250.00000  -.229E+02   .404E+02  -.229E+02   .404E+02  -.151E+01  -.246E+03  -.223E+03   .269E+02     160
   251.00000  -.229E+02   .406E+02  -.229E+02   .406E+02  -.151E+01  -.254E+03  -.229E+03   .262E+02     161
   252.00000  -.229E+02   .408E+02  -.229E+02   .408E+02  -.151E+01  -.264E+03  -.236E+03   .256E+02     162
   253.00000  -.229E+02   .411E+02  -.229E+02   .410E+02  -.151E+01  -.274E+03  -.244E+03   .249E+02     163
   254.00000  -.229E+02   .412E+02  -.229E+02   .412E+02  -.151E+01  -.281E+03  -.250E+03   .242E+02     164
   255.00000  -.229E+02   .414E+02  -.229E+02   .414E+02  -.151E+01  -.283E+03  -.252E+03   .234E+02     165
   256.00000  -.229E+02   .415E+02  -.229E+02   .415E+02  -.151E+01  -.283E+03  -.252E+03   .226E+02     166
   257.00000  -.229E+02   .417E+02  -.229E+02   .416E+02  -.151E+01  -.283E+03  -.252E+03   .218E+02     167
   258.00000  -.229E+02   .419E+02  -.229E+02   .418E+02  -.151E+01  -.288E+03  -.256E+03   .211E+02     168
   259.00000  -.229E+02   .420E+02  -.229E+02   .420E+02  -.152E+01  -.292E+03  -.259E+03   .203E+02     169
   260.00000  -.229E+02   .422E+02  -.229E+02   .422E+02  -.152E+01  -.296E+03  -.263E+03   .195E+02     170
   261.00000  -.229E+02   .423E+02  -.229E+02   .423E+02  -.152E+01  -.299E+03  -.265E+03   .187E+02     171
   262.00000  -.229E+02   .425E+02  -.229E+02   .425E+02  -.152E+01  -.303E+03  -.269E+03   .179E+02     172
   263.00000  -.233E+02   .428E+02  -.233E+02   .427E+02  -.152E+01  -.214E+03  -.240E+03   .171E+02     173
   264.00000  -.238E+02   .429E+02  -.238E+02   .429E+02  -.152E+01  -.168E+03  -.201E+03   .162E+02     174
   265.00000  -.238E+02   .431E+02  -.238E+02   .431E+02  -.152E+01  -.227E+03  -.216E+03   .155E+02     175
   266.00000  -.238E+02   .433E+02  -.238E+02   .433E+02  -.152E+01  -.247E+03  -.228E+03   .148E+02     176
   267.00000  -.238E+02   .435E+02  -.238E+02   .435E+02  -.152E+01  -.261E+03  -.238E+03   .142E+02     177
   268.00000  -.238E+02   .437E+02  -.238E+02   .437E+02  -.152E+01  -.272E+03  -.246E+03   .136E+02     178
   269.00000  -.243E+02   .438E+02  -.243E+02   .437E+02  -.152E+01  -.169E+03  -.200E+03   .131E+02     179
   270.00000  -.244E+02   .440E+02  -.244E+02   .440E+02  -.152E+01  -.215E+03  -.211E+03   .126E+02     180
   271.00000  -.244E+02   .442E+02  -.244E+02   .441E+02  -.152E+01  -.240E+03  -.223E+03   .121E+02     181
   272.00000  -.244E+02   .444E+02  -.244E+02   .444E+02  -.152E+01  -.258E+03  -.236E+03   .117E+02     182
   273.00000  -.254E+02   .444E+02  -.254E+02   .444E+02  -.152E+01  -.119E+03  -.157E+03   .113E+02     183
end
