 ******* Program HYDRUS
 ******* Infiltration and drainage in a large caisson                           
  
 Date:   1.10.    Time:  14: 2: 0
 Units: L = cm   , T = hours, M = mmol 

-----------------------------------------------------
 Time       [T]       .0000
-----------------------------------------------------
 Sub-region num.                   1
-----------------------------------------------------
 Area     [L]         .600E+03   .600E+03
 W-volume [L]         .607E+02   .607E+02
 In-flow  [L/T]       .000E+00   .000E+00
 h Mean   [L]        -.727E+03  -.727E+03
 Top Flux [L/T]      -.184E+04
 Bot Flux [L/T]      -.137E-02
-----------------------------------------------------

-----------------------------------------------------
 Time       [T]      1.0000
-----------------------------------------------------
 Sub-region num.                   1
-----------------------------------------------------
 Area     [L]         .600E+03   .600E+03
 W-volume [L]         .884E+02   .884E+02
 In-flow  [L/T]       .252E+02   .252E+02
 h Mean   [L]        -.576E+03  -.576E+03
 Top Flux [L/T]      -.252E+02
 Bot Flux [L/T]      -.137E-02
 WatBalT  [L]        -.763E-04
 WatBalR  [%]             .000
-----------------------------------------------------

-----------------------------------------------------
 Time       [T]      2.0000
-----------------------------------------------------
 Sub-region num.                   1
-----------------------------------------------------
 Area     [L]         .600E+03   .600E+03
 W-volume [L]         .113E+03   .113E+03
 In-flow  [L/T]       .239E+02   .239E+02
 h Mean   [L]        -.448E+03  -.448E+03
 Top Flux [L/T]      -.239E+02
 Bot Flux [L/T]      -.137E-02
 WatBalT  [L]        -.801E-04
 WatBalR  [%]             .000
-----------------------------------------------------

-----------------------------------------------------
 Time       [T]      4.0000
-----------------------------------------------------
 Sub-region num.                   1
-----------------------------------------------------
 Area     [L]         .600E+03   .600E+03
 W-volume [L]         .160E+03   .160E+03
 In-flow  [L/T]       .241E+02   .241E+02
 h Mean   [L]        -.195E+03  -.195E+03
 Top Flux [L/T]      -.241E+02
 Bot Flux [L/T]      -.137E-02
 WatBalT  [L]         .202E-03
 WatBalR  [%]             .000
-----------------------------------------------------

-----------------------------------------------------
 Time       [T]      5.0000
-----------------------------------------------------
 Sub-region num.                   1
-----------------------------------------------------
 Area     [L]         .600E+03   .600E+03
 W-volume [L]         .184E+03   .184E+03
 In-flow  [L/T]       .240E+02   .240E+02
 h Mean   [L]        -.677E+02  -.677E+02
 Top Flux [L/T]      -.240E+02
 Bot Flux [L/T]      -.137E-02
 WatBalT  [L]         .195E-03
 WatBalR  [%]             .000
-----------------------------------------------------
