 ******* Program HYDRUS
 ******* Infiltration and drainage in a large caisson                           
  
 Date:   1.10.    Time:  14: 2: 0
 Units: L = cm   , T = hours, M = mmol 
 
 CosAlf,MaxIt,TolTh,  TolH
 1.000   20    .001 1.00000
 
 TopInF,BotInF,AtmBC,SinkF,WLayer,qGWLF,FreeD,SeepF,lWat,lChem,lTemp,lRoot,lWDep
 
     F     F     F     F     F     F     T     F     T     F     F     F     F

Nodal point information

node      x         hOld    MatN LayN  Beta      Ah       AK      ATh     Temp    Conc(1...NS)         Sorb(1...NS)

   1       .000       .000    1    1    .000    1.000    1.000    1.000
   2     -5.000   -729.700    1    1    .000    1.000    1.000    1.000
   3    -10.000   -729.700    1    1    .000    1.000    1.000    1.000
   4    -15.000   -729.700    1    1    .000    1.000    1.000    1.000
   5    -20.000   -729.700    1    1    .000    1.000    1.000    1.000
   6    -25.000   -729.700    1    1    .000    1.000    1.000    1.000
   7    -30.000   -729.700    1    1    .000    1.000    1.000    1.000
   8    -35.000   -729.700    1    1    .000    1.000    1.000    1.000
   9    -40.000   -729.700    1    1    .000    1.000    1.000    1.000
  10    -45.000   -729.700    1    1    .000    1.000    1.000    1.000
  11    -50.000   -729.700    1    1    .000    1.000    1.000    1.000
  12    -55.000   -729.700    1    1    .000    1.000    1.000    1.000
  13    -60.000   -729.700    1    1    .000    1.000    1.000    1.000
  14    -65.000   -729.700    1    1    .000    1.000    1.000    1.000
  15    -70.000   -729.700    1    1    .000    1.000    1.000    1.000
  16    -75.000   -729.700    1    1    .000    1.000    1.000    1.000
  17    -80.000   -729.700    1    1    .000    1.000    1.000    1.000
  18    -85.000   -729.700    1    1    .000    1.000    1.000    1.000
  19    -90.000   -729.700    1    1    .000    1.000    1.000    1.000
  20    -95.000   -729.700    1    1    .000    1.000    1.000    1.000
  21   -100.000   -729.700    1    1    .000    1.000    1.000    1.000
  22   -105.000   -729.700    1    1    .000    1.000    1.000    1.000
  23   -110.000   -729.700    1    1    .000    1.000    1.000    1.000
  24   -115.000   -729.700    1    1    .000    1.000    1.000    1.000
  25   -120.000   -729.700    1    1    .000    1.000    1.000    1.000
  26   -125.000   -729.700    1    1    .000    1.000    1.000    1.000
  27   -130.000   -729.700    1    1    .000    1.000    1.000    1.000
  28   -135.000   -729.700    1    1    .000    1.000    1.000    1.000
  29   -140.000   -729.700    1    1    .000    1.000    1.000    1.000
  30   -145.000   -729.700    1    1    .000    1.000    1.000    1.000
  31   -150.000   -729.700    1    1    .000    1.000    1.000    1.000
  32   -155.000   -729.700    1    1    .000    1.000    1.000    1.000
  33   -160.000   -729.700    1    1    .000    1.000    1.000    1.000
  34   -165.000   -729.700    1    1    .000    1.000    1.000    1.000
  35   -170.000   -729.700    1    1    .000    1.000    1.000    1.000
  36   -175.000   -729.700    1    1    .000    1.000    1.000    1.000
  37   -180.000   -729.700    1    1    .000    1.000    1.000    1.000
  38   -185.000   -729.700    1    1    .000    1.000    1.000    1.000
  39   -190.000   -729.700    1    1    .000    1.000    1.000    1.000
  40   -195.000   -729.700    1    1    .000    1.000    1.000    1.000
  41   -200.000   -729.700    1    1    .000    1.000    1.000    1.000
  42   -205.000   -729.700    1    1    .000    1.000    1.000    1.000
  43   -210.000   -729.700    1    1    .000    1.000    1.000    1.000
  44   -215.000   -729.700    1    1    .000    1.000    1.000    1.000
  45   -220.000   -729.700    1    1    .000    1.000    1.000    1.000
  46   -225.000   -729.700    1    1    .000    1.000    1.000    1.000
  47   -230.000   -729.700    1    1    .000    1.000    1.000    1.000
  48   -235.000   -729.700    1    1    .000    1.000    1.000    1.000
  49   -240.000   -729.700    1    1    .000    1.000    1.000    1.000
  50   -245.000   -729.700    1    1    .000    1.000    1.000    1.000
  51   -250.000   -729.700    1    1    .000    1.000    1.000    1.000
  52   -255.000   -729.700    1    1    .000    1.000    1.000    1.000
  53   -260.000   -729.700    1    1    .000    1.000    1.000    1.000
  54   -265.000   -729.700    1    1    .000    1.000    1.000    1.000
  55   -270.000   -729.700    1    1    .000    1.000    1.000    1.000
  56   -275.000   -729.700    1    1    .000    1.000    1.000    1.000
  57   -280.000   -729.700    1    1    .000    1.000    1.000    1.000
  58   -285.000   -729.700    1    1    .000    1.000    1.000    1.000
  59   -290.000   -729.700    1    1    .000    1.000    1.000    1.000
  60   -295.000   -729.700    1    1    .000    1.000    1.000    1.000
  61   -300.000   -729.700    1    1    .000    1.000    1.000    1.000
  62   -305.000   -729.700    1    1    .000    1.000    1.000    1.000
  63   -310.000   -729.700    1    1    .000    1.000    1.000    1.000
  64   -315.000   -729.700    1    1    .000    1.000    1.000    1.000
  65   -320.000   -729.700    1    1    .000    1.000    1.000    1.000
  66   -325.000   -729.700    1    1    .000    1.000    1.000    1.000
  67   -330.000   -729.700    1    1    .000    1.000    1.000    1.000
  68   -335.000   -729.700    1    1    .000    1.000    1.000    1.000
  69   -340.000   -729.700    1    1    .000    1.000    1.000    1.000
  70   -345.000   -729.700    1    1    .000    1.000    1.000    1.000
  71   -350.000   -729.700    1    1    .000    1.000    1.000    1.000
  72   -355.000   -729.700    1    1    .000    1.000    1.000    1.000
  73   -360.000   -729.700    1    1    .000    1.000    1.000    1.000
  74   -365.000   -729.700    1    1    .000    1.000    1.000    1.000
  75   -370.000   -729.700    1    1    .000    1.000    1.000    1.000
  76   -375.000   -729.700    1    1    .000    1.000    1.000    1.000
  77   -380.000   -729.700    1    1    .000    1.000    1.000    1.000
  78   -385.000   -729.700    1    1    .000    1.000    1.000    1.000
  79   -390.000   -729.700    1    1    .000    1.000    1.000    1.000
  80   -395.000   -729.700    1    1    .000    1.000    1.000    1.000
  81   -400.000   -729.700    1    1    .000    1.000    1.000    1.000
  82   -405.000   -729.700    1    1    .000    1.000    1.000    1.000
  83   -410.000   -729.700    1    1    .000    1.000    1.000    1.000
  84   -415.000   -729.700    1    1    .000    1.000    1.000    1.000
  85   -420.000   -729.700    1    1    .000    1.000    1.000    1.000
  86   -425.000   -729.700    1    1    .000    1.000    1.000    1.000
  87   -430.000   -729.700    1    1    .000    1.000    1.000    1.000
  88   -435.000   -729.700    1    1    .000    1.000    1.000    1.000
  89   -440.000   -729.700    1    1    .000    1.000    1.000    1.000
  90   -445.000   -729.700    1    1    .000    1.000    1.000    1.000
  91   -450.000   -729.700    1    1    .000    1.000    1.000    1.000
  92   -455.000   -729.700    1    1    .000    1.000    1.000    1.000
  93   -460.000   -729.700    1    1    .000    1.000    1.000    1.000
  94   -465.000   -729.700    1    1    .000    1.000    1.000    1.000
  95   -470.000   -729.700    1    1    .000    1.000    1.000    1.000
  96   -475.000   -729.700    1    1    .000    1.000    1.000    1.000
  97   -480.000   -729.700    1    1    .000    1.000    1.000    1.000
  98   -485.000   -729.700    1    1    .000    1.000    1.000    1.000
  99   -490.000   -729.700    1    1    .000    1.000    1.000    1.000
 100   -495.000   -729.700    1    1    .000    1.000    1.000    1.000
 101   -500.000   -729.700    1    1    .000    1.000    1.000    1.000
 102   -505.000   -729.700    1    1    .000    1.000    1.000    1.000
 103   -510.000   -729.700    1    1    .000    1.000    1.000    1.000
 104   -515.000   -729.700    1    1    .000    1.000    1.000    1.000
 105   -520.000   -729.700    1    1    .000    1.000    1.000    1.000
 106   -525.000   -729.700    1    1    .000    1.000    1.000    1.000
 107   -530.000   -729.700    1    1    .000    1.000    1.000    1.000
 108   -535.000   -729.700    1    1    .000    1.000    1.000    1.000
 109   -540.000   -729.700    1    1    .000    1.000    1.000    1.000
 110   -545.000   -729.700    1    1    .000    1.000    1.000    1.000
 111   -550.000   -729.700    1    1    .000    1.000    1.000    1.000
 112   -555.000   -729.700    1    1    .000    1.000    1.000    1.000
 113   -560.000   -729.700    1    1    .000    1.000    1.000    1.000
 114   -565.000   -729.700    1    1    .000    1.000    1.000    1.000
 115   -570.000   -729.700    1    1    .000    1.000    1.000    1.000
 116   -575.000   -729.700    1    1    .000    1.000    1.000    1.000
 117   -580.000   -729.700    1    1    .000    1.000    1.000    1.000
 118   -585.000   -729.700    1    1    .000    1.000    1.000    1.000
 119   -590.000   -729.700    1    1    .000    1.000    1.000    1.000
 120   -595.000   -729.700    1    1    .000    1.000    1.000    1.000
 121   -600.000   -729.700    1    1    .000    1.000    1.000    1.000
end

 Number of species in the chain :   0


MatNum, Param. array:

   Mat     Qr     Qs        Alfa         n          Ks      l

    1     .000   .331    .143E-01    .151E+01    .250E+02   .500

       Table of Hydraulic Properties which are interpolated in simulation
       =================================================================

  theta         h        log h        C             K        log K          S
   .3308   -.100E-05  -.6000E+01   .2576E-06   .2500E+02   .1398E+01    1.0000
   .3308   -.126E-05  -.5899E+01   .2898E-06   .2499E+02   .1398E+01    1.0000
   .3308   -.159E-05  -.5798E+01   .3260E-06   .2499E+02   .1398E+01    1.0000
   .3308   -.201E-05  -.5697E+01   .3667E-06   .2499E+02   .1398E+01    1.0000
   .3308   -.254E-05  -.5596E+01   .4125E-06   .2499E+02   .1398E+01    1.0000
   .3308   -.320E-05  -.5495E+01   .4641E-06   .2499E+02   .1398E+01    1.0000
   .3308   -.404E-05  -.5394E+01   .5220E-06   .2499E+02   .1398E+01    1.0000
   .3308   -.509E-05  -.5293E+01   .5872E-06   .2499E+02   .1398E+01    1.0000
   .3308   -.643E-05  -.5192E+01   .6606E-06   .2499E+02   .1398E+01    1.0000
   .3308   -.811E-05  -.5091E+01   .7431E-06   .2499E+02   .1398E+01    1.0000
   .3308   -.102E-04  -.4990E+01   .8359E-06   .2498E+02   .1398E+01    1.0000
   .3308   -.129E-04  -.4889E+01   .9403E-06   .2498E+02   .1398E+01    1.0000
   .3308   -.163E-04  -.4788E+01   .1058E-05   .2498E+02   .1398E+01    1.0000
   .3308   -.206E-04  -.4687E+01   .1190E-05   .2498E+02   .1398E+01    1.0000
   .3308   -.260E-04  -.4586E+01   .1338E-05   .2497E+02   .1397E+01    1.0000
   .3308   -.327E-04  -.4485E+01   .1506E-05   .2497E+02   .1397E+01    1.0000
   .3308   -.413E-04  -.4384E+01   .1694E-05   .2497E+02   .1397E+01    1.0000
   .3308   -.521E-04  -.4283E+01   .1905E-05   .2496E+02   .1397E+01    1.0000
   .3308   -.658E-04  -.4182E+01   .2143E-05   .2496E+02   .1397E+01    1.0000
   .3308   -.830E-04  -.4081E+01   .2411E-05   .2495E+02   .1397E+01    1.0000
   .3308   -.105E-03  -.3980E+01   .2712E-05   .2494E+02   .1397E+01    1.0000
   .3308   -.132E-03  -.3879E+01   .3050E-05   .2494E+02   .1397E+01    1.0000
   .3308   -.167E-03  -.3778E+01   .3431E-05   .2493E+02   .1397E+01    1.0000
   .3308   -.210E-03  -.3677E+01   .3860E-05   .2492E+02   .1397E+01    1.0000
   .3308   -.266E-03  -.3576E+01   .4342E-05   .2491E+02   .1396E+01    1.0000
   .3308   -.335E-03  -.3475E+01   .4884E-05   .2490E+02   .1396E+01    1.0000
   .3308   -.423E-03  -.3374E+01   .5494E-05   .2489E+02   .1396E+01    1.0000
   .3308   -.534E-03  -.3273E+01   .6180E-05   .2487E+02   .1396E+01    1.0000
   .3308   -.673E-03  -.3172E+01   .6952E-05   .2486E+02   .1395E+01    1.0000
   .3308   -.850E-03  -.3071E+01   .7821E-05   .2484E+02   .1395E+01    1.0000
   .3308   -.107E-02  -.2970E+01   .8797E-05   .2482E+02   .1395E+01    1.0000
   .3308   -.135E-02  -.2869E+01   .9896E-05   .2479E+02   .1394E+01    1.0000
   .3308   -.171E-02  -.2768E+01   .1113E-04   .2477E+02   .1394E+01    1.0000
   .3308   -.215E-02  -.2667E+01   .1252E-04   .2474E+02   .1393E+01    1.0000
   .3308   -.272E-02  -.2566E+01   .1409E-04   .2471E+02   .1393E+01    1.0000
   .3308   -.343E-02  -.2465E+01   .1585E-04   .2467E+02   .1392E+01    1.0000
   .3308   -.433E-02  -.2364E+01   .1782E-04   .2463E+02   .1391E+01    1.0000
   .3308   -.546E-02  -.2263E+01   .2005E-04   .2458E+02   .1391E+01    1.0000
   .3308   -.689E-02  -.2162E+01   .2256E-04   .2453E+02   .1390E+01    1.0000
   .3308   -.870E-02  -.2061E+01   .2537E-04   .2447E+02   .1389E+01    1.0000
   .3308   -.110E-01  -.1960E+01   .2854E-04   .2441E+02   .1388E+01    1.0000
   .3308   -.138E-01  -.1859E+01   .3211E-04   .2434E+02   .1386E+01    1.0000
   .3308   -.175E-01  -.1758E+01   .3611E-04   .2425E+02   .1385E+01    1.0000
   .3308   -.221E-01  -.1657E+01   .4063E-04   .2416E+02   .1383E+01    1.0000
   .3308   -.278E-01  -.1556E+01   .4570E-04   .2406E+02   .1381E+01    1.0000
   .3308   -.351E-01  -.1455E+01   .5141E-04   .2394E+02   .1379E+01    1.0000
   .3308   -.443E-01  -.1354E+01   .5783E-04   .2381E+02   .1377E+01    1.0000
   .3308   -.559E-01  -.1253E+01   .6505E-04   .2366E+02   .1374E+01    1.0000
   .3308   -.705E-01  -.1152E+01   .7317E-04   .2350E+02   .1371E+01    1.0000
   .3308   -.890E-01  -.1051E+01   .8231E-04   .2331E+02   .1368E+01    1.0000
   .3308   -.112E+00  -.9495E+00   .9259E-04   .2311E+02   .1364E+01    1.0000
   .3308   -.142E+00  -.8485E+00   .1041E-03   .2288E+02   .1359E+01    1.0000
   .3308   -.179E+00  -.7475E+00   .1171E-03   .2262E+02   .1354E+01    1.0000
   .3308   -.226E+00  -.6465E+00   .1318E-03   .2233E+02   .1349E+01     .9999
   .3308   -.285E+00  -.5455E+00   .1482E-03   .2200E+02   .1343E+01     .9999
   .3308   -.359E+00  -.4444E+00   .1667E-03   .2164E+02   .1335E+01     .9999
   .3307   -.453E+00  -.3434E+00   .1875E-03   .2124E+02   .1327E+01     .9998
   .3307   -.572E+00  -.2424E+00   .2108E-03   .2079E+02   .1318E+01     .9998
   .3307   -.722E+00  -.1414E+00   .2371E-03   .2029E+02   .1307E+01     .9997
   .3306   -.911E+00  -.4040E-01   .2665E-03   .1974E+02   .1295E+01     .9995
   .3306   -.115E+01   .6061E-01   .2996E-03   .1913E+02   .1282E+01     .9993
   .3305   -.145E+01   .1616E+00   .3366E-03   .1845E+02   .1266E+01     .9990
   .3303   -.183E+01   .2626E+00   .3780E-03   .1770E+02   .1248E+01     .9986
   .3301   -.231E+01   .3636E+00   .4242E-03   .1688E+02   .1227E+01     .9980
   .3299   -.292E+01   .4646E+00   .4757E-03   .1598E+02   .1204E+01     .9972
   .3295   -.368E+01   .5657E+00   .5326E-03   .1500E+02   .1176E+01     .9960
   .3289   -.464E+01   .6667E+00   .5952E-03   .1394E+02   .1144E+01     .9944
   .3282   -.586E+01   .7677E+00   .6633E-03   .1280E+02   .1107E+01     .9921
   .3271   -.739E+01   .8687E+00   .7365E-03   .1158E+02   .1064E+01     .9888
   .3256   -.933E+01   .9697E+00   .8135E-03   .1030E+02   .1013E+01     .9843
   .3235   -.118E+02   .1071E+01   .8920E-03   .8980E+01   .9533E+00     .9780
   .3206   -.148E+02   .1172E+01   .9684E-03   .7636E+01   .8829E+00     .9693
   .3167   -.187E+02   .1273E+01   .1038E-02   .6307E+01   .7998E+00     .9575
   .3115   -.236E+02   .1374E+01   .1092E-02   .5032E+01   .7017E+00     .9416
   .3046   -.298E+02   .1475E+01   .1124E-02   .3857E+01   .5862E+00     .9209
   .2958   -.376E+02   .1576E+01   .1125E-02   .2824E+01   .4508E+00     .8942
   .2849   -.475E+02   .1677E+01   .1090E-02   .1966E+01   .2936E+00     .8611
   .2717   -.599E+02   .1778E+01   .1016E-02   .1298E+01   .1131E+00     .8215
   .2566   -.756E+02   .1879E+01   .9103E-03   .8111E+00  -.9092E-01     .7758
   .2399   -.955E+02   .1980E+01   .7830E-03   .4811E+00  -.3178E+00     .7251
   .2221   -.120E+03   .2081E+01   .6480E-03   .2719E+00  -.5656E+00     .6713
   .2038   -.152E+03   .2182E+01   .5180E-03   .1473E+00  -.8317E+00     .6160
   .1856   -.192E+03   .2283E+01   .4020E-03   .7707E-01  -.1113E+01     .5611
   .1680   -.242E+03   .2384E+01   .3045E-03   .3919E-01  -.1407E+01     .5080
   .1514   -.305E+03   .2485E+01   .2264E-03   .1950E-01  -.1710E+01     .4577
   .1359   -.385E+03   .2586E+01   .1658E-03   .9538E-02  -.2021E+01     .4109
   .1217   -.486E+03   .2687E+01   .1202E-03   .4608E-02  -.2336E+01     .3679
   .1087   -.614E+03   .2788E+01   .8641E-04   .2207E-02  -.2656E+01     .3287
   .0970   -.774E+03   .2889E+01   .6176E-04   .1050E-02  -.2979E+01     .2933
   .0865   -.977E+03   .2990E+01   .4396E-04   .4969E-03  -.3304E+01     .2614
   .0770   -.123E+04   .3091E+01   .3120E-04   .2344E-03  -.3630E+01     .2328
   .0686   -.156E+04   .3192E+01   .2209E-04   .1104E-03  -.3957E+01     .2072
   .0610   -.196E+04   .3293E+01   .1562E-04   .5185E-04  -.4285E+01     .1844
   .0543   -.248E+04   .3394E+01   .1103E-04   .2433E-04  -.4614E+01     .1640
   .0483   -.313E+04   .3495E+01   .7787E-05   .1141E-04  -.4943E+01     .1459
   .0429   -.394E+04   .3596E+01   .5493E-05   .5348E-05  -.5272E+01     .1297
   .0382   -.498E+04   .3697E+01   .3873E-05   .2505E-05  -.5601E+01     .1154
   .0339   -.628E+04   .3798E+01   .2730E-05   .1173E-05  -.5931E+01     .1026
   .0302   -.792E+04   .3899E+01   .1924E-05   .5492E-06  -.6260E+01     .0912
   .0268   -.100E+05   .4000E+01   .1356E-05   .2571E-06  -.6590E+01     .0811
end
