 ******* Program HYDRUS
 ******* Transient flow infolving hysteresis                                    
  
 Date:   1.10.    Time:  14: 3:26
 Units: L = cm   , T = hours, M = mmol 
 
 CosAlf,MaxIt,TolTh,  TolH
 1.000   20    .001  .10000
 
 TopInF,BotInF,AtmBC,SinkF,WLayer,qGWLF,FreeD,SeepF,lWat,lChem,lTemp,lRoot,lWDep
 
     T     F     T     F     F     F     T     F     T     F     F     F     F

Nodal point information

node      x         hOld    MatN LayN  Beta      Ah       AK      ATh     Temp    Conc(1...NS)         Sorb(1...NS)

   1       .000  -1060.000    1    1    .000    1.000    1.000    1.000
   2     -1.000  -1059.000    1    1    .000    1.000    1.000    1.000
   3     -2.000  -1058.000    1    1    .000    1.000    1.000    1.000
   4     -3.000  -1057.000    1    1    .000    1.000    1.000    1.000
   5     -4.000  -1056.000    1    1    .000    1.000    1.000    1.000
   6     -5.000  -1055.000    1    1    .000    1.000    1.000    1.000
   7     -6.000  -1054.000    1    1    .000    1.000    1.000    1.000
   8     -7.000  -1053.000    1    1    .000    1.000    1.000    1.000
   9     -8.000  -1052.000    1    1    .000    1.000    1.000    1.000
  10     -9.000  -1051.000    1    1    .000    1.000    1.000    1.000
  11    -10.000  -1050.000    1    1    .000    1.000    1.000    1.000
  12    -11.000  -1049.000    1    1    .000    1.000    1.000    1.000
  13    -12.000  -1048.000    1    1    .000    1.000    1.000    1.000
  14    -13.000  -1047.000    1    1    .000    1.000    1.000    1.000
  15    -14.000  -1046.000    1    1    .000    1.000    1.000    1.000
  16    -15.000  -1045.000    1    1    .000    1.000    1.000    1.000
  17    -16.000  -1044.000    1    1    .000    1.000    1.000    1.000
  18    -17.000  -1043.000    1    1    .000    1.000    1.000    1.000
  19    -18.000  -1042.000    1    1    .000    1.000    1.000    1.000
  20    -19.000  -1041.000    1    1    .000    1.000    1.000    1.000
  21    -20.000  -1040.000    1    1    .000    1.000    1.000    1.000
  22    -21.000  -1039.000    1    1    .000    1.000    1.000    1.000
  23    -22.000  -1038.000    1    1    .000    1.000    1.000    1.000
  24    -23.000  -1037.000    1    1    .000    1.000    1.000    1.000
  25    -24.000  -1036.000    1    1    .000    1.000    1.000    1.000
  26    -25.000  -1035.000    1    1    .000    1.000    1.000    1.000
  27    -26.000  -1034.000    1    1    .000    1.000    1.000    1.000
  28    -27.000  -1033.000    1    1    .000    1.000    1.000    1.000
  29    -28.000  -1032.000    1    1    .000    1.000    1.000    1.000
  30    -29.000  -1031.000    1    1    .000    1.000    1.000    1.000
  31    -30.000  -1030.000    1    1    .000    1.000    1.000    1.000
  32    -31.000  -1029.000    1    1    .000    1.000    1.000    1.000
  33    -32.000  -1028.000    1    1    .000    1.000    1.000    1.000
  34    -33.000  -1027.000    1    1    .000    1.000    1.000    1.000
  35    -34.000  -1026.000    1    1    .000    1.000    1.000    1.000
  36    -35.000  -1025.000    1    1    .000    1.000    1.000    1.000
  37    -36.000  -1024.000    1    1    .000    1.000    1.000    1.000
  38    -37.000  -1023.000    1    1    .000    1.000    1.000    1.000
  39    -38.000  -1022.000    1    1    .000    1.000    1.000    1.000
  40    -39.000  -1021.000    1    1    .000    1.000    1.000    1.000
  41    -40.000  -1020.000    1    1    .000    1.000    1.000    1.000
  42    -41.000  -1019.000    1    1    .000    1.000    1.000    1.000
  43    -42.000  -1018.000    1    1    .000    1.000    1.000    1.000
  44    -43.000  -1017.000    1    1    .000    1.000    1.000    1.000
  45    -44.000  -1016.000    1    1    .000    1.000    1.000    1.000
  46    -45.000  -1015.000    1    1    .000    1.000    1.000    1.000
  47    -46.000  -1014.000    1    1    .000    1.000    1.000    1.000
  48    -47.000  -1013.000    1    1    .000    1.000    1.000    1.000
  49    -48.000  -1012.000    1    1    .000    1.000    1.000    1.000
  50    -49.000  -1011.000    1    1    .000    1.000    1.000    1.000
  51    -50.000  -1010.000    1    1    .000    1.000    1.000    1.000
  52    -51.000  -1009.000    1    1    .000    1.000    1.000    1.000
  53    -52.000  -1008.000    1    1    .000    1.000    1.000    1.000
  54    -53.000  -1007.000    1    1    .000    1.000    1.000    1.000
  55    -54.000  -1006.000    1    1    .000    1.000    1.000    1.000
  56    -55.000  -1005.000    1    1    .000    1.000    1.000    1.000
  57    -56.000  -1004.000    1    1    .000    1.000    1.000    1.000
  58    -57.000  -1003.000    1    1    .000    1.000    1.000    1.000
  59    -58.000  -1002.000    1    1    .000    1.000    1.000    1.000
  60    -59.000  -1001.000    1    1    .000    1.000    1.000    1.000
  61    -60.000  -1000.000    1    1    .000    1.000    1.000    1.000
end

 Number of species in the chain :   0


MatNum, Param. array:

   Mat     Qr     Qs        Alfa         n          Ks      l

    1     .050   .450    .200E-01    .200E+01    .500E+01   .500

       Table of Hydraulic Properties which are interpolated in simulation
       =================================================================

  theta         h        log h        C             K        log K          S
   .4500   -.100E-05  -.6000E+01   .0000E+00   .5000E+01   .6990E+00    1.0000
   .4500   -.126E-05  -.5899E+01   .0000E+00   .5000E+01   .6990E+00    1.0000
   .4500   -.159E-05  -.5798E+01   .0000E+00   .5000E+01   .6990E+00    1.0000
   .4500   -.201E-05  -.5697E+01   .0000E+00   .5000E+01   .6990E+00    1.0000
   .4500   -.254E-05  -.5596E+01   .4057E-09   .5000E+01   .6990E+00    1.0000
   .4500   -.320E-05  -.5495E+01   .5119E-09   .5000E+01   .6990E+00    1.0000
   .4500   -.404E-05  -.5394E+01   .6459E-09   .5000E+01   .6990E+00    1.0000
   .4500   -.509E-05  -.5293E+01   .8151E-09   .5000E+01   .6990E+00    1.0000
   .4500   -.643E-05  -.5192E+01   .1028E-08   .5000E+01   .6990E+00    1.0000
   .4500   -.811E-05  -.5091E+01   .1298E-08   .5000E+01   .6990E+00    1.0000
   .4500   -.102E-04  -.4990E+01   .1638E-08   .5000E+01   .6990E+00    1.0000
   .4500   -.129E-04  -.4889E+01   .2066E-08   .5000E+01   .6990E+00    1.0000
   .4500   -.163E-04  -.4788E+01   .2608E-08   .5000E+01   .6990E+00    1.0000
   .4500   -.206E-04  -.4687E+01   .3290E-08   .5000E+01   .6990E+00    1.0000
   .4500   -.260E-04  -.4586E+01   .4152E-08   .5000E+01   .6990E+00    1.0000
   .4500   -.327E-04  -.4485E+01   .5239E-08   .5000E+01   .6990E+00    1.0000
   .4500   -.413E-04  -.4384E+01   .6611E-08   .5000E+01   .6990E+00    1.0000
   .4500   -.521E-04  -.4283E+01   .8342E-08   .5000E+01   .6990E+00    1.0000
   .4500   -.658E-04  -.4182E+01   .1053E-07   .5000E+01   .6990E+00    1.0000
   .4500   -.830E-04  -.4081E+01   .1328E-07   .5000E+01   .6990E+00    1.0000
   .4500   -.105E-03  -.3980E+01   .1676E-07   .5000E+01   .6990E+00    1.0000
   .4500   -.132E-03  -.3879E+01   .2115E-07   .5000E+01   .6990E+00    1.0000
   .4500   -.167E-03  -.3778E+01   .2669E-07   .5000E+01   .6990E+00    1.0000
   .4500   -.210E-03  -.3677E+01   .3368E-07   .5000E+01   .6990E+00    1.0000
   .4500   -.266E-03  -.3576E+01   .4250E-07   .5000E+01   .6990E+00    1.0000
   .4500   -.335E-03  -.3475E+01   .5363E-07   .5000E+01   .6990E+00    1.0000
   .4500   -.423E-03  -.3374E+01   .6767E-07   .5000E+01   .6990E+00    1.0000
   .4500   -.534E-03  -.3273E+01   .8539E-07   .5000E+01   .6990E+00    1.0000
   .4500   -.673E-03  -.3172E+01   .1077E-06   .5000E+01   .6990E+00    1.0000
   .4500   -.850E-03  -.3071E+01   .1360E-06   .5000E+01   .6990E+00    1.0000
   .4500   -.107E-02  -.2970E+01   .1716E-06   .5000E+01   .6990E+00    1.0000
   .4500   -.135E-02  -.2869E+01   .2165E-06   .5000E+01   .6989E+00    1.0000
   .4500   -.171E-02  -.2768E+01   .2732E-06   .5000E+01   .6989E+00    1.0000
   .4500   -.215E-02  -.2667E+01   .3447E-06   .5000E+01   .6989E+00    1.0000
   .4500   -.272E-02  -.2566E+01   .4350E-06   .4999E+01   .6989E+00    1.0000
   .4500   -.343E-02  -.2465E+01   .5489E-06   .4999E+01   .6989E+00    1.0000
   .4500   -.433E-02  -.2364E+01   .6926E-06   .4999E+01   .6989E+00    1.0000
   .4500   -.546E-02  -.2263E+01   .8740E-06   .4999E+01   .6989E+00    1.0000
   .4500   -.689E-02  -.2162E+01   .1103E-05   .4999E+01   .6989E+00    1.0000
   .4500   -.870E-02  -.2061E+01   .1392E-05   .4998E+01   .6988E+00    1.0000
   .4500   -.110E-01  -.1960E+01   .1756E-05   .4998E+01   .6988E+00    1.0000
   .4500   -.138E-01  -.1859E+01   .2216E-05   .4997E+01   .6987E+00    1.0000
   .4500   -.175E-01  -.1758E+01   .2796E-05   .4997E+01   .6987E+00    1.0000
   .4500   -.221E-01  -.1657E+01   .3528E-05   .4996E+01   .6986E+00    1.0000
   .4500   -.278E-01  -.1556E+01   .4452E-05   .4994E+01   .6985E+00    1.0000
   .4500   -.351E-01  -.1455E+01   .5618E-05   .4993E+01   .6984E+00    1.0000
   .4500   -.443E-01  -.1354E+01   .7089E-05   .4991E+01   .6982E+00    1.0000
   .4500   -.559E-01  -.1253E+01   .8945E-05   .4989E+01   .6980E+00    1.0000
   .4500   -.705E-01  -.1152E+01   .1129E-04   .4986E+01   .6977E+00    1.0000
   .4500   -.890E-01  -.1051E+01   .1424E-04   .4982E+01   .6974E+00    1.0000
   .4500   -.112E+00  -.9495E+00   .1797E-04   .4978E+01   .6970E+00    1.0000
   .4500   -.142E+00  -.8485E+00   .2268E-04   .4972E+01   .6965E+00    1.0000
   .4500   -.179E+00  -.7475E+00   .2862E-04   .4964E+01   .6959E+00    1.0000
   .4500   -.226E+00  -.6465E+00   .3611E-04   .4955E+01   .6950E+00    1.0000
   .4500   -.285E+00  -.5455E+00   .4557E-04   .4943E+01   .6940E+00    1.0000
   .4500   -.359E+00  -.4444E+00   .5750E-04   .4928E+01   .6927E+00    1.0000
   .4500   -.453E+00  -.3434E+00   .7255E-04   .4910E+01   .6910E+00    1.0000
   .4500   -.572E+00  -.2424E+00   .9154E-04   .4886E+01   .6890E+00     .9999
   .4500   -.722E+00  -.1414E+00   .1155E-03   .4856E+01   .6863E+00     .9999
   .4499   -.911E+00  -.4040E-01   .1457E-03   .4819E+01   .6830E+00     .9998
   .4499   -.115E+01   .6061E-01   .1838E-03   .4772E+01   .6787E+00     .9997
   .4498   -.145E+01   .1616E+00   .2318E-03   .4713E+01   .6733E+00     .9996
   .4497   -.183E+01   .2626E+00   .2923E-03   .4639E+01   .6664E+00     .9993
   .4496   -.231E+01   .3636E+00   .3684E-03   .4547E+01   .6577E+00     .9989
   .4493   -.292E+01   .4646E+00   .4640E-03   .4431E+01   .6465E+00     .9983
   .4489   -.368E+01   .5657E+00   .5838E-03   .4287E+01   .6322E+00     .9973
   .4483   -.464E+01   .6667E+00   .7332E-03   .4110E+01   .6138E+00     .9957
   .4473   -.586E+01   .7677E+00   .9182E-03   .3891E+01   .5901E+00     .9932
   .4457   -.739E+01   .8687E+00   .1145E-02   .3625E+01   .5593E+00     .9893
   .4432   -.933E+01   .9697E+00   .1418E-02   .3306E+01   .5193E+00     .9830
   .4394   -.118E+02   .1071E+01   .1737E-02   .2932E+01   .4671E+00     .9734
   .4334   -.148E+02   .1172E+01   .2093E-02   .2505E+01   .3988E+00     .9586
   .4246   -.187E+02   .1273E+01   .2462E-02   .2038E+01   .3093E+00     .9364
   .4116   -.236E+02   .1374E+01   .2795E-02   .1558E+01   .1926E+00     .9040
   .3935   -.298E+02   .1475E+01   .3023E-02   .1101E+01   .4197E-01     .8587
   .3695   -.376E+02   .1576E+01   .3071E-02   .7096E+00  -.1490E+00     .7989
   .3400   -.475E+02   .1677E+01   .2896E-02   .4123E+00  -.3848E+00     .7249
   .3062   -.599E+02   .1778E+01   .2520E-02   .2155E+00  -.6666E+00     .6405
   .2706   -.756E+02   .1879E+01   .2029E-02   .1020E+00  -.9913E+00     .5514
   .2356   -.955E+02   .1980E+01   .1526E-02   .4439E-01  -.1353E+01     .4640
   .2034   -.120E+03   .2081E+01   .1086E-02   .1808E-01  -.1743E+01     .3834
   .1750   -.152E+03   .2182E+01   .7421E-03   .7010E-02  -.2154E+01     .3125
   .1509   -.192E+03   .2283E+01   .4926E-03   .2627E-02  -.2581E+01     .2523
   .1309   -.242E+03   .2384E+01   .3207E-03   .9620E-03  -.3017E+01     .2023
   .1146   -.305E+03   .2485E+01   .2061E-03   .3470E-03  -.3460E+01     .1616
   .1015   -.385E+03   .2586E+01   .1314E-03   .1239E-03  -.3907E+01     .1287
   .0909   -.486E+03   .2687E+01   .8326E-04   .4399E-04  -.4357E+01     .1023
   .0825   -.614E+03   .2788E+01   .5260E-04   .1555E-04  -.4808E+01     .0812
   .0758   -.774E+03   .2889E+01   .3315E-04   .5484E-05  -.5261E+01     .0644
   .0704   -.977E+03   .2990E+01   .2087E-04   .1931E-05  -.5714E+01     .0511
   .0662   -.123E+04   .3091E+01   .1313E-04   .6791E-06  -.6168E+01     .0405
   .0628   -.156E+04   .3192E+01   .8251E-05   .2387E-06  -.6622E+01     .0321
   .0602   -.196E+04   .3293E+01   .5185E-05   .8387E-07  -.7076E+01     .0255
   .0581   -.248E+04   .3394E+01   .3258E-05   .2946E-07  -.7531E+01     .0202
   .0564   -.313E+04   .3495E+01   .2046E-05   .1035E-07  -.7985E+01     .0160
   .0551   -.394E+04   .3596E+01   .1285E-05   .3634E-08  -.8440E+01     .0127
   .0540   -.498E+04   .3697E+01   .8073E-06   .1276E-08  -.8894E+01     .0100
   .0532   -.628E+04   .3798E+01   .5070E-06   .4480E-09  -.9349E+01     .0080
   .0525   -.792E+04   .3899E+01   .3184E-06   .1573E-09  -.9803E+01     .0063
   .0520   -.100E+05   .4000E+01   .2000E-06   .5524E-10  -.1026E+02     .0050
end
