 ******* Program HYDRUS
 ******* Transient flow infolving hysteresis                                    
  
 Date:   1.10.    Time:  14: 3:26
 Units: L = cm   , T = hours, M = mmol 



                             Node(  1)                      Node( 11)                      Node( 21)

       time         h        theta    Temp         h        theta    Temp         h        theta    Temp   
          .001   -1060.000   .0691     .000     -1050.000   .0692     .000     -1040.000   .0694     .000
          .002    -545.611   .0871     .000     -1050.000   .0692     .000     -1040.000   .0694     .000
          .003    -406.635   .0996     .000     -1050.000   .0692     .000     -1040.000   .0694     .000
          .003    -322.252   .1121     .000     -1050.000   .0692     .000     -1040.000   .0694     .000
          .004    -253.957   .1279     .000     -1050.000   .0692     .000     -1040.000   .0694     .000
          .005    -211.844   .1429     .000     -1050.000   .0692     .000     -1040.000   .0694     .000
          .006    -182.016   .1567     .000     -1050.000   .0692     .000     -1040.000   .0694     .000
          .007    -161.587   .1693     .000     -1050.000   .0692     .000     -1040.000   .0694     .000
          .008    -142.781   .1832     .000     -1050.000   .0692     .000     -1040.000   .0694     .000
          .009    -129.239   .1954     .000     -1050.000   .0692     .000     -1040.000   .0694     .000
          .011    -118.128   .2062     .000     -1050.000   .0692     .000     -1040.000   .0694     .000
          .012    -109.077   .2179     .000     -1050.000   .0692     .000     -1040.000   .0694     .000
          .014    -100.558   .2291     .000     -1050.000   .0692     .000     -1040.000   .0694     .000
          .016     -92.120   .2416     .000     -1050.000   .0692     .000     -1040.000   .0694     .000
          .018     -86.006   .2522     .000     -1050.000   .0692     .000     -1040.000   .0694     .000
          .020     -80.261   .2624     .000     -1050.000   .0692     .000     -1040.000   .0694     .000
          .022     -74.082   .2742     .000     -1050.000   .0692     .000     -1040.000   .0694     .000
          .025     -69.834   .2838     .000     -1050.000   .0692     .000     -1040.000   .0694     .000
          .027     -65.955   .2925     .000     -1050.000   .0692     .000     -1040.000   .0694     .000
          .030     -62.337   .3008     .000     -1050.000   .0692     .000     -1040.000   .0694     .000
          .033     -58.555   .3100     .000     -1050.000   .0692     .000     -1040.000   .0694     .000
          .037     -55.945   .3171     .000     -1050.000   .0692     .000     -1040.000   .0694     .000
          .040     -53.192   .3245     .000     -1050.000   .0692     .000     -1040.000   .0694     .000
          .044     -50.479   .3320     .000     -1050.000   .0692     .000     -1040.000   .0694     .000
          .049     -47.657   .3395     .000     -1050.000   .0692     .000     -1040.000   .0694     .000
          .053     -45.627   .3457     .000     -1050.000   .0692     .000     -1040.000   .0694     .000
          .057     -43.975   .3506     .000     -1050.000   .0692     .000     -1040.000   .0694     .000
          .061     -42.213   .3558     .000     -1050.000   .0692     .000     -1040.000   .0694     .000
          .067     -40.214   .3619     .000     -1050.000   .0692     .000     -1040.000   .0694     .000
          .072     -38.526   .3670     .000     -1050.000   .0692     .000     -1040.000   .0694     .000
          .078     -37.010   .3715     .000     -1050.000   .0692     .000     -1040.000   .0694     .000
          .083     -35.475   .3762     .000     -1050.000   .0692     .000     -1040.000   .0694     .000
          .089     -34.247   .3800     .000     -1050.000   .0692     .000     -1040.000   .0694     .000
          .094     -33.151   .3833     .000     -1050.000   .0692     .000     -1040.000   .0694     .000
          .100     -32.028   .3868     .000     -1050.000   .0692     .000     -1040.000   .0694     .000
          .106     -30.943   .3901     .000     -1050.000   .0692     .000     -1040.000   .0694     .000
          .111     -29.909   .3933     .000     -1050.000   .0692     .000     -1040.000   .0694     .000
          .117     -28.950   .3961     .000     -1050.000   .0692     .000     -1040.000   .0694     .000
          .123     -28.094   .3986     .000     -1050.000   .0692     .000     -1040.000   .0694     .000
          .129     -27.281   .4009     .000     -1050.000   .0692     .000     -1040.000   .0694     .000
          .136     -26.366   .4036     .000     -1050.000   .0692     .000     -1040.000   .0694     .000
          .143     -25.455   .4063     .000     -1050.000   .0692     .000     -1040.000   .0694     .000
          .151     -24.541   .4090     .000     -1050.000   .0692     .000     -1040.000   .0694     .000
          .158     -23.672   .4115     .000     -1050.000   .0692     .000     -1040.000   .0694     .000
          .166     -22.935   .4135     .000     -1050.000   .0692     .000     -1040.000   .0694     .000
          .173     -22.228   .4153     .000     -1050.000   .0692     .000     -1040.000   .0694     .000
          .181     -21.556   .4171     .000     -1050.000   .0692     .000     -1040.000   .0694     .000
          .188     -20.878   .4189     .000     -1050.000   .0692     .000     -1040.000   .0694     .000
          .195     -20.184   .4208     .000     -1050.000   .0692     .000     -1040.000   .0694     .000
          .203     -19.547   .4224     .000     -1050.000   .0692     .000     -1040.000   .0694     .000
          .210     -18.979   .4239     .000     -1050.000   .0692     .000     -1040.000   .0694     .000
          .218     -18.442   .4252     .000     -1049.999   .0692     .000     -1040.000   .0694     .000
          .225     -17.918   .4264     .000     -1049.997   .0692     .000     -1040.000   .0694     .000
          .233     -17.388   .4276     .000     -1049.989   .0692     .000     -1040.000   .0694     .000
          .240     -16.864   .4288     .000     -1049.953   .0692     .000     -1040.000   .0694     .000
          .247     -16.375   .4300     .000     -1049.837   .0692     .000     -1040.000   .0694     .000
          .255     -15.911   .4310     .000     -1049.439   .0692     .000     -1040.000   .0694     .000
          .262     -15.473   .4320     .000     -1047.927   .0693     .000     -1040.000   .0694     .000
          .270     -15.039   .4330     .000     -1042.158   .0694     .000     -1040.000   .0694     .000
          .277     -14.605   .4339     .000     -1018.727   .0698     .000     -1040.000   .0694     .000
          .285     -14.184   .4347     .000      -957.987   .0710     .000     -1040.000   .0694     .000
          .292     -13.782   .4355     .000      -847.784   .0739     .000     -1040.000   .0694     .000
          .299     -13.407   .4362     .000      -696.040   .0792     .000     -1040.000   .0694     .000
          .307     -13.037   .4369     .000      -537.900   .0876     .000     -1040.000   .0694     .000
          .314     -12.671   .4376     .000      -409.742   .0990     .000     -1040.000   .0694     .000
          .322     -12.303   .4383     .000      -319.868   .1123     .000     -1040.000   .0694     .000
          .329     -11.944   .4390     .000      -252.650   .1283     .000     -1040.000   .0694     .000
          .337     -11.600   .4396     .000      -208.194   .1444     .000     -1040.000   .0694     .000
          .344     -11.273   .4401     .000      -173.538   .1619     .000     -1040.000   .0694     .000
          .351     -10.953   .4406     .000      -147.710   .1789     .000     -1040.000   .0694     .000
          .359     -10.638   .4411     .000      -128.481   .1961     .000     -1040.000   .0694     .000
          .366     -10.325   .4416     .000      -113.127   .2127     .000     -1040.000   .0694     .000
          .374     -10.017   .4421     .000      -100.806   .2287     .000     -1040.000   .0694     .000
          .381      -9.724   .4426     .000       -90.599   .2441     .000     -1040.000   .0694     .000
          .389      -9.438   .4430     .000       -82.364   .2587     .000     -1040.000   .0694     .000
          .396      -9.155   .4434     .000       -75.095   .2718     .000     -1040.000   .0694     .000
          .403      -8.877   .4438     .000       -69.710   .2840     .000     -1040.000   .0694     .000
          .411      -8.601   .4441     .000       -64.926   .2949     .000     -1040.000   .0694     .000
          .418      -8.330   .4445     .000       -60.130   .3058     .000     -1040.000   .0694     .000
          .426      -8.070   .4448     .000       -56.726   .3149     .000     -1040.000   .0694     .000
          .433      -7.815   .4452     .000       -53.503   .3237     .000     -1040.000   .0694     .000
          .441      -7.563   .4455     .000       -50.621   .3315     .000     -1040.000   .0694     .000
          .448      -7.314   .4458     .000       -48.039   .3385     .000     -1040.000   .0694     .000
          .455      -7.067   .4460     .000       -45.688   .3454     .000     -1040.000   .0694     .000
          .463      -6.831   .4463     .000       -43.510   .3519     .000     -1040.000   .0694     .000
          .470      -6.600   .4465     .000       -41.639   .3575     .000     -1040.000   .0694     .000
          .478      -6.372   .4468     .000       -39.860   .3629     .000     -1040.000   .0694     .000
          .485      -6.147   .4470     .000       -38.178   .3679     .000     -1040.000   .0694     .000
          .493      -5.922   .4472     .000       -36.642   .3726     .000     -1040.000   .0694     .000
          .500      -5.695   .4474     .000       -35.258   .3769     .000     -1040.000   .0694     .000
          .507      -5.478   .4476     .000       -33.979   .3808     .000     -1040.000   .0694     .000
          .515      -5.269   .4478     .000       -32.755   .3845     .000     -1040.000   .0694     .000
          .522      -5.063   .4479     .000       -31.574   .3882     .000     -1040.000   .0694     .000
          .530      -4.858   .4481     .000       -30.409   .3917     .000     -1040.000   .0694     .000
          .537      -4.654   .4483     .000       -29.388   .3948     .000     -1040.000   .0694     .000
          .545      -4.446   .4484     .000       -28.444   .3976     .000     -1040.000   .0694     .000
          .552      -4.251   .4485     .000       -27.531   .4002     .000     -1040.000   .0694     .000
          .560      -4.058   .4487     .000       -26.660   .4028     .000     -1040.000   .0694     .000
          .567      -3.872   .4488     .000       -25.793   .4053     .000     -1040.000   .0694     .000
          .575      -3.684   .4489     .000       -24.949   .4078     .000     -1040.000   .0694     .000
          .582      -3.495   .4490     .000       -24.184   .4100     .000     -1040.000   .0694     .000
          .590      -3.306   .4491     .000       -23.473   .4121     .000     -1040.000   .0694     .000
          .597      -3.127   .4492     .000       -22.788   .4139     .000     -1040.000   .0694     .000
          .604      -2.952   .4493     .000       -22.124   .4156     .000     -1040.000   .0694     .000
          .612      -2.779   .4494     .000       -21.451   .4174     .000     -1040.000   .0694     .000
          .619      -2.607   .4495     .000       -20.802   .4191     .000     -1040.000   .0694     .000
          .627      -2.430   .4495     .000       -20.189   .4207     .000     -1040.000   .0694     .000
          .634      -2.255   .4496     .000       -19.619   .4222     .000     -1039.998   .0694     .000
          .642      -2.089   .4496     .000       -19.071   .4237     .000     -1039.991   .0694     .000
          .649      -1.929   .4497     .000       -18.533   .4250     .000     -1039.963   .0694     .000
          .657      -1.769   .4497     .000       -17.994   .4263     .000     -1039.880   .0694     .000
          .664      -1.609   .4498     .000       -17.478   .4274     .000     -1039.620   .0694     .000
          .672      -1.446   .4498     .000       -16.977   .4286     .000     -1038.752   .0694     .000
          .679      -1.288   .4499     .000       -16.502   .4297     .000     -1035.353   .0695     .000
          .687      -1.134   .4499     .000       -16.043   .4307     .000     -1023.420   .0697     .000
          .694       -.985   .4499     .000       -15.594   .4317     .000      -985.470   .0703     .000
          .701       -.835   .4499     .000       -15.150   .4328     .000      -919.452   .0720     .000
          .709       -.685   .4500     .000       -14.718   .4337     .000      -786.898   .0755     .000
          .716       -.535   .4500     .000       -14.298   .4345     .000      -642.743   .0813     .000
          .724       -.388   .4500     .000       -13.900   .4353     .000      -505.347   .0897     .000
          .731       -.245   .4500     .000       -13.508   .4360     .000      -391.450   .1009     .000
          .739       -.106   .4500     .000       -13.124   .4368     .000      -310.761   .1138     .000
          .746        .000   .4500     .000       -12.752   .4375     .000      -249.522   .1291     .000
          .754        .000   .4500     .000       -12.420   .4381     .000      -208.359   .1443     .000
          .761        .000   .4500     .000       -12.130   .4387     .000      -175.421   .1608     .000
          .769        .000   .4500     .000       -11.869   .4392     .000      -149.580   .1772     .000
          .776        .000   .4500     .000       -11.626   .4396     .000      -131.435   .1934     .000
          .784        .000   .4500     .000       -11.393   .4400     .000      -115.643   .2095     .000
          .791        .000   .4500     .000       -11.174   .4403     .000      -103.786   .2248     .000
          .799        .000   .4500     .000       -10.968   .4406     .000       -93.447   .2391     .000
          .806        .000   .4500     .000       -10.770   .4409     .000       -85.615   .2529     .000
          .813        .000   .4500     .000       -10.584   .4412     .000       -78.312   .2658     .000
          .821        .000   .4500     .000       -10.408   .4415     .000       -72.602   .2774     .000
          .828        .000   .4500     .000       -10.236   .4418     .000       -68.054   .2878     .000
          .836        .000   .4500     .000       -10.066   .4420     .000       -63.776   .2975     .000
          .843        .000   .4500     .000        -9.902   .4423     .000       -59.743   .3067     .000
          .851        .000   .4500     .000        -9.746   .4426     .000       -56.725   .3149     .000
          .858        .000   .4500     .000        -9.596   .4428     .000       -53.867   .3227     .000
          .868        .000   .4500     .000        -9.417   .4431     .000       -50.764   .3311     .000
          .877        .000   .4500     .000        -9.240   .4433     .000       -48.056   .3385     .000
          .887        .000   .4500     .000        -9.067   .4436     .000       -45.538   .3459     .000
          .896        .000   .4500     .000        -8.904   .4438     .000       -43.427   .3522     .000
          .905        .000   .4500     .000        -8.746   .4440     .000       -41.528   .3579     .000
          .915        .000   .4500     .000        -8.596   .4442     .000       -39.796   .3631     .000
          .924        .000   .4500     .000        -8.447   .4443     .000       -38.142   .3681     .000
          .934        .000   .4500     .000        -8.303   .4445     .000       -36.701   .3725     .000
          .943        .000   .4500     .000        -8.164   .4447     .000       -35.432   .3763     .000
          .953        .000   .4500     .000        -8.030   .4449     .000       -34.233   .3800     .000
          .962        .000   .4500     .000        -7.899   .4450     .000       -33.107   .3835     .000
          .972        .000   .4500     .000        -7.773   .4452     .000       -31.994   .3869     .000
          .981        .000   .4500     .000        -7.650   .4454     .000       -30.969   .3900     .000
          .991        .000   .4500     .000        -7.530   .4455     .000       -30.072   .3928     .000
         1.000        .000   .4500     .000        -7.413   .4457     .000       -29.246   .3952     .000
         1.010     -10.668   .4412     .000        -9.757   .4426     .000       -28.680   .3969     .000
         1.019     -13.822   .4355     .000       -11.689   .4395     .000       -28.436   .3976     .000
         1.029     -15.950   .4309     .000       -13.248   .4365     .000       -28.428   .3976     .000
         1.038     -17.641   .4271     .000       -14.615   .4339     .000       -28.573   .3972     .000
         1.048     -19.064   .4237     .000       -15.763   .4314     .000       -28.833   .3964     .000
         1.058     -20.283   .4205     .000       -16.799   .4290     .000       -29.150   .3955     .000
         1.067     -21.363   .4176     .000       -17.766   .4268     .000       -29.506   .3945     .000
         1.077     -22.349   .4150     .000       -18.656   .4247     .000       -29.875   .3934     .000
         1.087     -23.255   .4126     .000       -19.427   .4227     .000       -30.245   .3922     .000
         1.096     -24.089   .4103     .000       -20.156   .4208     .000       -30.612   .3911     .000
         1.106     -24.860   .4081     .000       -20.856   .4190     .000       -30.971   .3900     .000
         1.115     -25.580   .4059     .000       -21.525   .4172     .000       -31.321   .3889     .000
         1.128     -26.450   .4034     .000       -22.344   .4150     .000       -31.763   .3876     .000
         1.140     -27.264   .4010     .000       -23.112   .4130     .000       -32.187   .3863     .000
         1.153     -28.028   .3988     .000       -23.817   .4111     .000       -32.598   .3850     .000
         1.165     -28.751   .3967     .000       -24.458   .4092     .000       -32.996   .3838     .000
         1.182     -29.640   .3941     .000       -25.266   .4069     .000       -33.506   .3822     .000
         1.198     -30.473   .3915     .000       -26.037   .4046     .000       -33.991   .3808     .000
         1.214     -31.255   .3891     .000       -26.772   .4025     .000       -34.456   .3793     .000
         1.231     -31.995   .3869     .000       -27.473   .4004     .000       -34.901   .3780     .000
         1.247     -32.698   .3847     .000       -28.140   .3985     .000       -35.325   .3767     .000
         1.268     -33.543   .3821     .000       -28.944   .3961     .000       -35.852   .3751     .000
         1.289     -34.342   .3797     .000       -29.702   .3939     .000       -36.365   .3735     .000
         1.310     -35.100   .3774     .000       -30.404   .3918     .000       -36.862   .3720     .000
         1.331     -35.823   .3751     .000       -31.077   .3897     .000       -37.341   .3705     .000
         1.352     -36.514   .3730     .000       -31.725   .3877     .000       -37.805   .3691     .000
         1.373     -37.175   .3710     .000       -32.348   .3858     .000       -38.256   .3677     .000
         1.393     -37.811   .3691     .000       -32.946   .3840     .000       -38.692   .3664     .000
         1.414     -38.422   .3672     .000       -33.522   .3822     .000       -39.112   .3652     .000
         1.435     -39.012   .3655     .000       -34.077   .3805     .000       -39.517   .3639     .000
         1.456     -39.580   .3637     .000       -34.612   .3789     .000       -39.910   .3628     .000
         1.483     -40.287   .3616     .000       -35.277   .3768     .000       -40.403   .3613     .000
         1.511     -40.964   .3596     .000       -35.914   .3749     .000       -40.879   .3599     .000
         1.538     -41.612   .3577     .000       -36.526   .3730     .000       -41.336   .3585     .000
         1.565     -42.236   .3558     .000       -37.114   .3712     .000       -41.775   .3572     .000
         1.601     -43.029   .3534     .000       -37.867   .3689     .000       -42.333   .3555     .000
         1.637     -43.788   .3511     .000       -38.600   .3667     .000       -42.865   .3539     .000
         1.674     -44.516   .3489     .000       -39.302   .3646     .000       -43.379   .3524     .000
         1.710     -45.217   .3468     .000       -39.975   .3626     .000       -43.876   .3509     .000
         1.746     -45.889   .3448     .000       -40.620   .3606     .000       -44.357   .3494     .000
         1.782     -46.536   .3429     .000       -41.240   .3588     .000       -44.822   .3480     .000
         1.819     -47.159   .3410     .000       -41.835   .3570     .000       -45.277   .3467     .000
         1.855     -47.762   .3393     .000       -42.408   .3553     .000       -45.725   .3453     .000
         1.891     -48.348   .3377     .000       -42.961   .3536     .000       -46.161   .3440     .000
         1.927     -48.921   .3361     .000       -43.495   .3520     .000       -46.591   .3427     .000
         1.964     -49.475   .3346     .000       -44.011   .3505     .000       -47.019   .3414     .000
         2.000     -50.014   .3332     .000       -44.511   .3490     .000       -47.439   .3402     .000
         2.047     -50.680   .3314     .000       -45.129   .3471     .000       -47.974   .3387     .000
         2.093     -51.321   .3296     .000       -45.725   .3453     .000       -48.492   .3373     .000
         2.140     -51.941   .3279     .000       -46.301   .3436     .000       -48.994   .3359     .000
         2.186     -52.541   .3263     .000       -46.860   .3419     .000       -49.480   .3346     .000
         2.233     -53.121   .3247     .000       -47.403   .3403     .000       -49.950   .3333     .000
         2.283     -53.726   .3231     .000       -47.998   .3386     .000       -50.438   .3320     .000
         2.333     -54.315   .3215     .000       -48.589   .3370     .000       -50.910   .3307     .000
         2.383     -54.889   .3199     .000       -49.161   .3355     .000       -51.364   .3295     .000
         2.433     -55.448   .3184     .000       -49.714   .3340     .000       -51.802   .3283     .000
         2.483     -55.992   .3169     .000       -50.250   .3325     .000       -52.226   .3272     .000
         2.533     -56.523   .3155     .000       -50.769   .3311     .000       -52.637   .3261     .000
         2.583     -57.040   .3141     .000       -51.273   .3298     .000       -53.036   .3250     .000
         2.633     -57.543   .3127     .000       -51.761   .3284     .000       -53.424   .3239     .000
         2.683     -58.032   .3114     .000       -52.235   .3271     .000       -53.802   .3229     .000
         2.733     -58.508   .3101     .000       -52.697   .3259     .000       -54.172   .3219     .000
         2.783     -58.971   .3089     .000       -53.145   .3247     .000       -54.533   .3209     .000
         2.833     -59.421   .3076     .000       -53.582   .3235     .000       -54.886   .3199     .000
         2.883     -59.860   .3064     .000       -54.007   .3223     .000       -55.231   .3190     .000
         2.933     -60.301   .3054     .000       -54.421   .3212     .000       -55.570   .3181     .000
         2.983     -60.725   .3044     .000       -54.824   .3201     .000       -55.902   .3172     .000
         3.033     -61.150   .3035     .000       -55.219   .3190     .000       -56.231   .3163     .000
         3.083     -61.568   .3025     .000       -55.604   .3180     .000       -56.552   .3154     .000
         3.133     -61.976   .3016     .000       -55.981   .3170     .000       -56.868   .3146     .000
         3.183     -62.379   .3007     .000       -56.350   .3160     .000       -57.182   .3137     .000
         3.233     -62.774   .2998     .000       -56.713   .3150     .000       -57.492   .3129     .000
         3.283     -63.161   .2989     .000       -57.069   .3140     .000       -57.797   .3120     .000
         3.333     -63.540   .2980     .000       -57.417   .3131     .000       -58.101   .3112     .000
         3.383     -63.913   .2972     .000       -57.760   .3121     .000       -58.403   .3104     .000
         3.433     -64.279   .2964     .000       -58.097   .3112     .000       -58.702   .3096     .000
         3.483     -64.639   .2956     .000       -58.429   .3103     .000       -59.005   .3088     .000
         3.533     -64.993   .2947     .000       -58.756   .3094     .000       -59.305   .3079     .000
         3.583     -65.341   .2940     .000       -59.079   .3086     .000       -59.612   .3071     .000
         3.633     -65.682   .2932     .000       -59.397   .3077     .000       -59.919   .3063     .000
         3.683     -66.018   .2924     .000       -59.712   .3068     .000       -60.236   .3056     .000
         3.733     -66.349   .2917     .000       -60.026   .3060     .000       -60.545   .3048     .000
         3.783     -66.675   .2909     .000       -60.344   .3053     .000       -60.851   .3042     .000
         3.833     -66.996   .2902     .000       -60.662   .3046     .000       -61.153   .3035     .000
         3.883     -67.313   .2895     .000       -60.985   .3039     .000       -61.451   .3028     .000
         3.933     -67.627   .2888     .000       -61.305   .3031     .000       -61.744   .3021     .000
         3.966     -67.836   .2883     .000       -61.521   .3026     .000       -61.939   .3017     .000
         4.000     -68.045   .2878     .000       -61.735   .3021     .000       -62.131   .3012     .000
         4.050     -68.350   .2871     .000       -62.047   .3014     .000       -62.409   .3006     .000
         4.100     -68.652   .2864     .000       -62.355   .3007     .000       -62.681   .3000     .000
         4.150     -68.952   .2858     .000       -62.658   .3001     .000       -62.947   .2994     .000
         4.200     -69.248   .2851     .000       -62.957   .2994     .000       -63.208   .2988     .000
         4.250     -69.541   .2844     .000       -63.251   .2987     .000       -63.463   .2982     .000
         4.300     -69.830   .2838     .000       -63.541   .2980     .000       -63.715   .2977     .000
         4.350     -70.117   .2831     .000       -63.827   .2974     .000       -63.961   .2971     .000
         4.400     -70.400   .2825     .000       -64.108   .2968     .000       -64.204   .2965     .000
         4.450     -70.680   .2818     .000       -64.385   .2961     .000       -64.442   .2960     .000
         4.500     -70.956   .2812     .000       -64.659   .2955     .000       -64.677   .2955     .000
         4.550     -71.229   .2806     .000       -64.928   .2949     .000       -64.907   .2949     .000
         4.600     -71.499   .2800     .000       -65.193   .2943     .000       -65.135   .2944     .000
         4.650     -71.765   .2794     .000       -65.455   .2937     .000       -65.359   .2939     .000
         4.700     -72.028   .2788     .000       -65.714   .2931     .000       -65.580   .2934     .000
         4.750     -72.287   .2782     .000       -65.968   .2925     .000       -65.797   .2929     .000
         4.800     -72.544   .2776     .000       -66.220   .2920     .000       -66.012   .2924     .000
         4.850     -72.796   .2770     .000       -66.467   .2914     .000       -66.224   .2920     .000
         4.900     -73.046   .2765     .000       -66.712   .2908     .000       -66.433   .2915     .000
         4.950     -73.292   .2759     .000       -66.953   .2903     .000       -66.640   .2910     .000
         5.000     -73.536   .2754     .000       -67.192   .2898     .000       -66.844   .2905     .000
         5.050     -73.776   .2748     .000       -67.427   .2892     .000       -67.046   .2901     .000
         5.100     -74.013   .2743     .000       -67.659   .2887     .000       -67.245   .2896     .000
         5.150     -74.247   .2737     .000       -67.888   .2882     .000       -67.441   .2892     .000
         5.200     -74.478   .2732     .000       -68.114   .2877     .000       -67.636   .2887     .000
         5.250     -74.706   .2727     .000       -68.338   .2872     .000       -67.828   .2883     .000
         5.300     -74.931   .2722     .000       -68.558   .2867     .000       -68.018   .2879     .000
         5.350     -75.154   .2717     .000       -68.776   .2862     .000       -68.206   .2875     .000
         5.400     -75.373   .2712     .000       -68.991   .2857     .000       -68.391   .2870     .000
         5.450     -75.590   .2707     .000       -69.204   .2852     .000       -68.575   .2866     .000
         5.500     -75.816   .2703     .000       -69.414   .2847     .000       -68.757   .2862     .000
         5.550     -76.037   .2699     .000       -69.621   .2842     .000       -68.937   .2858     .000
         5.600     -76.252   .2695     .000       -69.827   .2838     .000       -69.115   .2854     .000
         5.650     -76.463   .2691     .000       -70.030   .2833     .000       -69.292   .2850     .000
         5.700     -76.676   .2687     .000       -70.230   .2829     .000       -69.467   .2846     .000
         5.750     -76.898   .2684     .000       -70.429   .2824     .000       -69.640   .2842     .000
         5.800     -77.112   .2680     .000       -70.626   .2820     .000       -69.811   .2838     .000
         5.850     -77.321   .2676     .000       -70.821   .2815     .000       -69.981   .2834     .000
         5.900     -77.528   .2672     .000       -71.014   .2811     .000       -70.150   .2830     .000
         5.950     -77.740   .2669     .000       -71.205   .2806     .000       -70.316   .2827     .000
         5.975     -77.845   .2667     .000       -71.300   .2804     .000       -70.400   .2825     .000
         6.000     -77.950   .2665     .000       -71.395   .2802     .000       -70.482   .2823     .000
         6.050     -78.154   .2661     .000       -71.583   .2798     .000       -70.646   .2819     .000
         6.100     -78.356   .2658     .000       -71.769   .2794     .000       -70.809   .2815     .000
         6.150     -78.559   .2654     .000       -71.954   .2789     .000       -70.970   .2812     .000
         6.200     -78.760   .2651     .000       -72.137   .2785     .000       -71.131   .2808     .000
         6.250     -78.959   .2647     .000       -72.319   .2781     .000       -71.289   .2805     .000
         6.300     -79.156   .2644     .000       -72.499   .2777     .000       -71.447   .2801     .000
         6.350     -79.352   .2640     .000       -72.679   .2773     .000       -71.604   .2797     .000
         6.400     -79.546   .2637     .000       -72.856   .2769     .000       -71.760   .2794     .000
         6.450     -79.738   .2633     .000       -73.033   .2765     .000       -71.914   .2790     .000
         6.500     -79.929   .2630     .000       -73.208   .2761     .000       -72.068   .2787     .000
         6.550     -80.118   .2627     .000       -73.383   .2757     .000       -72.221   .2783     .000
         6.600     -80.306   .2623     .000       -73.556   .2753     .000       -72.373   .2780     .000
         6.650     -80.493   .2620     .000       -73.727   .2749     .000       -72.524   .2777     .000
         6.700     -80.678   .2617     .000       -73.899   .2745     .000       -72.674   .2773     .000
         6.750     -80.861   .2614     .000       -74.068   .2741     .000       -72.823   .2770     .000
         6.800     -81.043   .2610     .000       -74.237   .2738     .000       -72.972   .2766     .000
         6.850     -81.224   .2607     .000       -74.405   .2734     .000       -73.121   .2763     .000
         6.900     -81.403   .2604     .000       -74.572   .2730     .000       -73.268   .2760     .000
         6.950     -81.581   .2601     .000       -74.738   .2726     .000       -73.415   .2756     .000
         7.000     -81.757   .2598     .000       -74.905   .2722     .000       -73.562   .2753     .000
         7.050     -81.932   .2595     .000       -75.069   .2719     .000       -73.709   .2750     .000
         7.100     -82.106   .2592     .000       -75.232   .2715     .000       -73.855   .2746     .000
         7.150     -82.279   .2589     .000       -75.398   .2711     .000       -74.001   .2743     .000
         7.200     -82.450   .2586     .000       -75.559   .2708     .000       -74.147   .2740     .000
         7.250     -82.620   .2583     .000       -75.724   .2704     .000       -74.293   .2736     .000
         7.300     -82.789   .2580     .000       -75.890   .2701     .000       -74.439   .2733     .000
         7.350     -82.957   .2577     .000       -76.050   .2698     .000       -74.586   .2730     .000
         7.400     -83.124   .2574     .000       -76.214   .2696     .000       -74.733   .2726     .000
         7.450     -83.289   .2571     .000       -76.374   .2693     .000       -74.881   .2723     .000
         7.500     -83.454   .2568     .000       -76.535   .2690     .000       -75.031   .2720     .000
         7.550     -83.617   .2565     .000       -76.695   .2687     .000       -75.182   .2716     .000
         7.600     -83.780   .2562     .000       -76.854   .2684     .000       -75.338   .2713     .000
         7.650     -83.941   .2559     .000       -77.013   .2681     .000       -75.497   .2709     .000
         7.700     -84.101   .2556     .000       -77.172   .2679     .000       -75.663   .2705     .000
         7.750     -84.260   .2554     .000       -77.331   .2676     .000       -75.842   .2702     .000
         7.800     -84.419   .2551     .000       -77.490   .2673     .000       -76.023   .2699     .000
         7.850     -84.577   .2548     .000       -77.649   .2670     .000       -76.201   .2696     .000
         7.900     -84.733   .2545     .000       -77.809   .2667     .000       -76.374   .2693     .000
         7.950     -84.889   .2542     .000       -77.970   .2665     .000       -76.544   .2690     .000
         7.975     -84.967   .2541     .000       -78.050   .2663     .000       -76.629   .2688     .000
         8.000     -85.045   .2540     .000       -78.130   .2662     .000       -76.712   .2687     .000
         8.050     -85.199   .2537     .000       -78.290   .2659     .000       -76.875   .2684     .000
         8.100     -85.353   .2534     .000       -78.449   .2656     .000       -77.037   .2681     .000
         8.150     -85.507   .2532     .000       -78.608   .2653     .000       -77.195   .2678     .000
         8.200     -85.659   .2529     .000       -78.766   .2651     .000       -77.352   .2676     .000
         8.250     -85.812   .2526     .000       -78.924   .2648     .000       -77.507   .2673     .000
         8.300     -85.963   .2524     .000       -79.080   .2645     .000       -77.659   .2670     .000
         8.350     -86.115   .2521     .000       -79.236   .2642     .000       -77.810   .2667     .000
         8.400     -86.265   .2518     .000       -79.391   .2640     .000       -77.960   .2665     .000
         8.450     -86.415   .2516     .000       -79.545   .2637     .000       -78.107   .2662     .000
         8.500     -86.565   .2513     .000       -79.698   .2634     .000       -78.253   .2660     .000
         8.550     -86.714   .2510     .000       -79.850   .2631     .000       -78.398   .2657     .000
         8.600     -86.862   .2508     .000       -80.001   .2629     .000       -78.541   .2655     .000
         8.650     -87.010   .2505     .000       -80.152   .2626     .000       -78.683   .2652     .000
         8.700     -87.157   .2502     .000       -80.301   .2623     .000       -78.824   .2650     .000
         8.750     -87.303   .2500     .000       -80.450   .2621     .000       -78.963   .2647     .000
         8.800     -87.449   .2497     .000       -80.597   .2618     .000       -79.102   .2645     .000
         8.850     -87.594   .2495     .000       -80.744   .2616     .000       -79.239   .2642     .000
         8.900     -87.739   .2492     .000       -80.890   .2613     .000       -79.374   .2640     .000
         8.950     -87.883   .2490     .000       -81.035   .2611     .000       -79.509   .2637     .000
         9.000     -88.026   .2487     .000       -81.179   .2608     .000       -79.643   .2635     .000
         9.050     -88.168   .2485     .000       -81.322   .2605     .000       -79.775   .2633     .000
         9.100     -88.310   .2482     .000       -81.464   .2603     .000       -79.907   .2630     .000
         9.150     -88.451   .2480     .000       -81.606   .2600     .000       -80.037   .2628     .000
         9.200     -88.592   .2477     .000       -81.746   .2598     .000       -80.167   .2626     .000
         9.250     -88.731   .2475     .000       -81.886   .2595     .000       -80.296   .2624     .000
         9.300     -88.871   .2472     .000       -82.025   .2593     .000       -80.423   .2621     .000
         9.350     -89.009   .2470     .000       -82.163   .2591     .000       -80.550   .2619     .000
         9.400     -89.146   .2467     .000       -82.300   .2588     .000       -80.676   .2617     .000
         9.450     -89.283   .2465     .000       -82.436   .2586     .000       -80.801   .2615     .000
         9.500     -89.419   .2463     .000       -82.572   .2583     .000       -80.925   .2612     .000
         9.550     -89.555   .2460     .000       -82.707   .2581     .000       -81.048   .2610     .000
         9.600     -89.690   .2458     .000       -82.841   .2579     .000       -81.170   .2608     .000
         9.650     -89.824   .2455     .000       -82.974   .2576     .000       -81.292   .2606     .000
         9.700     -89.957   .2453     .000       -83.106   .2574     .000       -81.413   .2604     .000
         9.750     -90.089   .2451     .000       -83.238   .2572     .000       -81.533   .2602     .000
         9.800     -90.221   .2448     .000       -83.369   .2569     .000       -81.652   .2600     .000
         9.850     -90.352   .2446     .000       -83.499   .2567     .000       -81.770   .2598     .000
         9.900     -90.483   .2444     .000       -83.628   .2565     .000       -81.888   .2595     .000
         9.950     -90.613   .2441     .000       -83.757   .2562     .000       -82.005   .2593     .000
        10.000     -90.742   .2439     .000       -83.884   .2560     .000       -82.121   .2591     .000
        10.050     -90.870   .2437     .000       -84.011   .2558     .000       -82.236   .2589     .000
        10.100     -90.997   .2435     .000       -84.138   .2556     .000       -82.351   .2587     .000
        10.150     -91.124   .2432     .000       -84.263   .2554     .000       -82.465   .2585     .000
        10.200     -91.250   .2430     .000       -84.388   .2551     .000       -82.579   .2583     .000
        10.250     -91.376   .2428     .000       -84.512   .2549     .000       -82.691   .2581     .000
        10.300     -91.501   .2426     .000       -84.636   .2547     .000       -82.803   .2579     .000
        10.350     -91.625   .2424     .000       -84.758   .2545     .000       -82.915   .2577     .000
        10.400     -91.748   .2421     .000       -84.880   .2543     .000       -83.025   .2575     .000
        10.450     -91.871   .2419     .000       -85.002   .2541     .000       -83.136   .2573     .000
        10.500     -91.993   .2417     .000       -85.122   .2538     .000       -83.245   .2572     .000
        10.550     -92.114   .2415     .000       -85.242   .2536     .000       -83.354   .2570     .000
        10.600     -92.235   .2413     .000       -85.362   .2534     .000       -83.462   .2568     .000
        10.650     -92.355   .2411     .000       -85.480   .2532     .000       -83.570   .2566     .000
        10.700     -92.474   .2409     .000       -85.598   .2530     .000       -83.677   .2564     .000
        10.750     -92.593   .2407     .000       -85.715   .2528     .000       -83.783   .2562     .000
        10.800     -92.711   .2404     .000       -85.832   .2526     .000       -83.889   .2560     .000
        10.850     -92.828   .2402     .000       -85.948   .2524     .000       -83.994   .2558     .000
        10.900     -92.945   .2400     .000       -86.063   .2522     .000       -84.099   .2556     .000
        10.950     -93.061   .2398     .000       -86.178   .2520     .000       -84.203   .2555     .000
        11.000     -93.176   .2396     .000       -86.292   .2518     .000       -84.306   .2553     .000
        11.050     -93.291   .2394     .000       -86.406   .2516     .000       -84.409   .2551     .000
        11.100     -93.405   .2392     .000       -86.519   .2514     .000       -84.512   .2549     .000
        11.150     -93.518   .2390     .000       -86.631   .2512     .000       -84.613   .2547     .000
        11.200     -93.631   .2388     .000       -86.742   .2510     .000       -84.715   .2546     .000
        11.250     -93.743   .2386     .000       -86.853   .2508     .000       -84.815   .2544     .000
        11.300     -93.855   .2384     .000       -86.964   .2506     .000       -84.916   .2542     .000
        11.350     -93.966   .2382     .000       -87.074   .2504     .000       -85.015   .2540     .000
        11.400     -94.076   .2380     .000       -87.183   .2502     .000       -85.115   .2539     .000
        11.450     -94.186   .2378     .000       -87.291   .2500     .000       -85.213   .2537     .000
        11.500     -94.295   .2376     .000       -87.399   .2498     .000       -85.311   .2535     .000
        11.550     -94.404   .2375     .000       -87.507   .2496     .000       -85.409   .2533     .000
        11.600     -94.512   .2373     .000       -87.614   .2494     .000       -85.506   .2532     .000
        11.650     -94.619   .2371     .000       -87.720   .2493     .000       -85.603   .2530     .000
        11.700     -94.726   .2369     .000       -87.826   .2491     .000       -85.699   .2528     .000
        11.750     -94.832   .2367     .000       -87.931   .2489     .000       -85.795   .2527     .000
        11.800     -94.938   .2365     .000       -88.036   .2487     .000       -85.890   .2525     .000
        11.850     -95.043   .2363     .000       -88.140   .2485     .000       -85.985   .2523     .000
        11.900     -95.147   .2361     .000       -88.243   .2483     .000       -86.080   .2521     .000
        11.950     -95.251   .2360     .000       -88.346   .2481     .000       -86.173   .2520     .000
        12.000     -95.354   .2358     .000       -88.449   .2480     .000       -86.267   .2518     .000
        12.001     -92.982   .2395     .000       -88.451   .2480     .000       -86.269   .2518     .000
        12.002     -90.698   .2441     .000       -88.454   .2480     .000       -86.271   .2518     .000
        12.004     -87.586   .2495     .000       -88.457   .2480     .000       -86.274   .2518     .000
        12.006     -84.278   .2554     .000       -88.461   .2479     .000       -86.278   .2518     .000
        12.009     -80.635   .2619     .000       -88.467   .2479     .000       -86.284   .2518     .000
        12.013     -77.000   .2683     .000       -88.475   .2479     .000       -86.291   .2518     .000
        12.018     -73.916   .2749     .000       -88.485   .2479     .000       -86.300   .2518     .000
        12.024     -71.001   .2814     .000       -88.498   .2479     .000       -86.311   .2517     .000
        12.032     -67.964   .2882     .000       -88.515   .2479     .000       -86.327   .2517     .000
        12.044     -64.578   .2957     .000       -88.538   .2478     .000       -86.348   .2517     .000
        12.058     -61.736   .3021     .000       -88.565   .2478     .000       -86.374   .2516     .000
        12.072     -59.395   .3076     .000       -88.589   .2477     .000       -86.401   .2516     .000
        12.086     -57.567   .3126     .000       -88.607   .2477     .000       -86.427   .2515     .000
        12.100     -55.967   .3171     .000       -88.615   .2477     .000       -86.453   .2515     .000
        12.124     -53.533   .3236     .000       -88.579   .2477     .000       -86.496   .2514     .000
        12.155     -51.202   .3299     .000       -88.376   .2481     .000       -86.554   .2513     .000
        12.186     -49.114   .3356     .000       -87.936   .2489     .000       -86.611   .2512     .000
        12.225     -46.968   .3415     .000       -86.928   .2506     .000       -86.680   .2511     .000
        12.275     -44.819   .3480     .000       -84.846   .2543     .000       -86.761   .2509     .000
        12.325     -42.999   .3534     .000       -81.986   .2594     .000       -86.823   .2508     .000
        12.375     -41.460   .3581     .000       -78.564   .2654     .000       -86.855   .2508     .000
        12.425     -40.116   .3621     .000       -74.836   .2724     .000       -86.837   .2508     .000
        12.463     -39.235   .3648     .000       -72.090   .2786     .000       -86.785   .2509     .000
        12.500     -38.373   .3674     .000       -69.462   .2846     .000       -86.686   .2511     .000
        12.550     -37.361   .3705     .000       -66.063   .2923     .000       -86.431   .2515     .000
        12.600     -36.431   .3733     .000       -62.886   .2996     .000       -86.031   .2522     .000
        12.650     -35.598   .3759     .000       -59.909   .3064     .000       -85.445   .2532     .000
        12.700     -34.841   .3782     .000       -57.280   .3135     .000       -84.645   .2546     .000
        12.750     -34.153   .3803     .000       -54.936   .3199     .000       -83.607   .2565     .000
        12.800     -33.507   .3823     .000       -52.828   .3256     .000       -82.318   .2588     .000
        12.850     -32.918   .3841     .000       -50.893   .3308     .000       -80.779   .2615     .000
        12.900     -32.361   .3858     .000       -49.115   .3356     .000       -78.998   .2646     .000
        12.950     -31.842   .3874     .000       -47.470   .3401     .000       -76.988   .2682     .000
        13.000     -31.352   .3889     .000       -45.987   .3446     .000       -74.834   .2724     .000
        13.050     -38.448   .3670     .000       -45.394   .3463     .000       -72.671   .2773     .000
        13.100     -41.900   .3557     .000       -45.627   .3459     .000       -70.603   .2820     .000
        13.150     -44.469   .3488     .000       -46.089   .3443     .000       -68.727   .2863     .000
        13.200     -46.392   .3431     .000       -46.782   .3422     .000       -67.091   .2900     .000
        13.250     -48.002   .3386     .000       -47.530   .3399     .000       -65.727   .2931     .000
        13.300     -49.422   .3347     .000       -48.317   .3378     .000       -64.603   .2957     .000
        13.350     -50.716   .3312     .000       -49.082   .3357     .000       -63.704   .2977     .000
        13.400     -51.897   .3280     .000       -49.817   .3337     .000       -62.988   .2993     .000
        13.450     -52.980   .3251     .000       -50.514   .3318     .000       -62.431   .3006     .000
        13.500     -53.978   .3224     .000       -51.177   .3300     .000       -62.001   .3016     .000
        13.550     -54.901   .3199     .000       -51.807   .3283     .000       -61.678   .3023     .000
        13.600     -55.757   .3176     .000       -52.407   .3267     .000       -61.440   .3028     .000
        13.650     -56.554   .3154     .000       -52.979   .3251     .000       -61.271   .3032     .000
        13.700     -57.300   .3134     .000       -53.526   .3236     .000       -61.160   .3035     .000
        13.750     -58.000   .3115     .000       -54.050   .3222     .000       -61.097   .3036     .000
        13.800     -58.659   .3097     .000       -54.551   .3208     .000       -61.075   .3037     .000
        13.850     -59.282   .3080     .000       -55.033   .3195     .000       -61.085   .3036     .000
        13.900     -59.871   .3064     .000       -55.496   .3183     .000       -61.123   .3035     .000
        13.950     -60.452   .3051     .000       -55.943   .3171     .000       -61.184   .3034     .000
        14.000     -61.001   .3038     .000       -56.373   .3159     .000       -61.264   .3032     .000
        14.050     -61.544   .3026     .000       -56.790   .3148     .000       -61.360   .3030     .000
        14.100     -62.065   .3014     .000       -57.194   .3137     .000       -61.470   .3028     .000
        14.150     -62.568   .3003     .000       -57.587   .3126     .000       -61.591   .3025     .000
        14.200     -63.055   .2991     .000       -57.970   .3116     .000       -61.723   .3022     .000
        14.250     -63.527   .2981     .000       -58.344   .3106     .000       -61.863   .3019     .000
        14.300     -63.984   .2970     .000       -58.710   .3096     .000       -62.010   .3015     .000
        14.350     -64.427   .2960     .000       -59.070   .3086     .000       -62.163   .3012     .000
        14.400     -64.859   .2951     .000       -59.424   .3076     .000       -62.321   .3008     .000
        14.450     -65.278   .2941     .000       -59.776   .3067     .000       -62.484   .3004     .000
        14.500     -65.687   .2932     .000       -60.143   .3058     .000       -62.651   .3001     .000
        14.550     -66.087   .2923     .000       -60.524   .3049     .000       -62.822   .2997     .000
        14.600     -66.479   .2914     .000       -60.890   .3041     .000       -62.996   .2993     .000
        14.650     -66.863   .2905     .000       -61.247   .3033     .000       -63.171   .2989     .000
        14.700     -67.240   .2896     .000       -61.593   .3025     .000       -63.348   .2985     .000
        14.750     -67.609   .2888     .000       -61.930   .3017     .000       -63.524   .2981     .000
        14.800     -67.970   .2880     .000       -62.258   .3010     .000       -63.701   .2977     .000
        14.850     -68.325   .2872     .000       -62.578   .3002     .000       -63.876   .2973     .000
        14.900     -68.672   .2864     .000       -62.892   .2995     .000       -64.051   .2969     .000
        14.950     -69.012   .2856     .000       -63.198   .2988     .000       -64.226   .2965     .000
        15.000     -69.346   .2849     .000       -63.498   .2981     .000       -64.399   .2961     .000
        15.050     -69.672   .2841     .000       -63.791   .2975     .000       -64.572   .2957     .000
        15.100     -69.992   .2834     .000       -64.079   .2968     .000       -64.743   .2953     .000
        15.150     -70.306   .2827     .000       -64.361   .2962     .000       -64.914   .2949     .000
        15.200     -70.613   .2820     .000       -64.638   .2956     .000       -65.083   .2945     .000
        15.250     -70.915   .2813     .000       -64.910   .2949     .000       -65.252   .2942     .000
        15.300     -71.210   .2806     .000       -65.177   .2943     .000       -65.419   .2938     .000
        15.350     -71.500   .2800     .000       -65.439   .2937     .000       -65.586   .2934     .000
        15.400     -71.784   .2793     .000       -65.696   .2932     .000       -65.751   .2930     .000
        15.450     -72.063   .2787     .000       -65.949   .2926     .000       -65.915   .2927     .000
        15.500     -72.337   .2781     .000       -66.198   .2920     .000       -66.078   .2923     .000
        15.550     -72.606   .2775     .000       -66.442   .2915     .000       -66.240   .2919     .000
        15.600     -72.870   .2769     .000       -66.683   .2909     .000       -66.401   .2916     .000
        15.650     -73.129   .2763     .000       -66.920   .2904     .000       -66.560   .2912     .000
        15.700     -73.384   .2757     .000       -67.153   .2898     .000       -66.719   .2908     .000
        15.750     -73.635   .2751     .000       -67.383   .2893     .000       -66.876   .2905     .000
        15.800     -73.881   .2746     .000       -67.609   .2888     .000       -67.033   .2901     .000
        15.850     -74.122   .2740     .000       -67.831   .2883     .000       -67.188   .2898     .000
        15.900     -74.360   .2735     .000       -68.051   .2878     .000       -67.342   .2894     .000
        15.950     -74.594   .2730     .000       -68.267   .2873     .000       -67.495   .2891     .000
        16.000     -74.824   .2724     .000       -68.480   .2868     .000       -67.647   .2887     .000
        16.050     -75.051   .2719     .000       -68.690   .2864     .000       -67.797   .2884     .000
        16.100     -75.274   .2714     .000       -68.897   .2859     .000       -67.947   .2880     .000
        16.150     -75.493   .2709     .000       -69.101   .2854     .000       -68.096   .2877     .000
        16.200     -75.714   .2704     .000       -69.302   .2850     .000       -68.243   .2874     .000
        16.250     -75.940   .2700     .000       -69.501   .2845     .000       -68.389   .2870     .000
        16.300     -76.156   .2697     .000       -69.697   .2841     .000       -68.535   .2867     .000
        16.350     -76.368   .2693     .000       -69.891   .2836     .000       -68.679   .2864     .000
        16.400     -76.576   .2689     .000       -70.082   .2832     .000       -68.822   .2861     .000
        16.450     -76.796   .2685     .000       -70.271   .2828     .000       -68.965   .2857     .000
        16.500     -77.009   .2682     .000       -70.458   .2823     .000       -69.106   .2854     .000
        16.550     -77.219   .2678     .000       -70.643   .2819     .000       -69.246   .2851     .000
        16.600     -77.422   .2674     .000       -70.826   .2815     .000       -69.385   .2848     .000
        16.650     -77.628   .2671     .000       -71.007   .2811     .000       -69.524   .2845     .000
        16.700     -77.834   .2667     .000       -71.186   .2807     .000       -69.661   .2842     .000
        16.750     -78.036   .2663     .000       -71.364   .2803     .000       -69.797   .2838     .000
        16.800     -78.234   .2660     .000       -71.540   .2799     .000       -69.933   .2835     .000
        16.850     -78.431   .2656     .000       -71.715   .2795     .000       -70.067   .2832     .000
        16.900     -78.628   .2653     .000       -71.887   .2791     .000       -70.201   .2829     .000
        16.950     -78.822   .2650     .000       -72.059   .2787     .000       -70.334   .2826     .000
        17.000     -79.013   .2646     .000       -72.229   .2783     .000       -70.466   .2823     .000
        17.050     -79.203   .2643     .000       -72.397   .2779     .000       -70.598   .2820     .000
        17.100     -79.391   .2640     .000       -72.565   .2776     .000       -70.728   .2817     .000
        17.150     -79.578   .2636     .000       -72.731   .2772     .000       -70.858   .2814     .000
        17.200     -79.762   .2633     .000       -72.895   .2768     .000       -70.987   .2811     .000
        17.250     -79.944   .2630     .000       -73.058   .2764     .000       -71.115   .2809     .000
        17.300     -80.126   .2627     .000       -73.221   .2761     .000       -71.243   .2806     .000
        17.350     -80.305   .2623     .000       -73.382   .2757     .000       -71.370   .2803     .000
        17.400     -80.483   .2620     .000       -73.541   .2753     .000       -71.496   .2800     .000
        17.450     -80.659   .2617     .000       -73.700   .2750     .000       -71.621   .2797     .000
        17.500     -80.833   .2614     .000       -73.858   .2746     .000       -71.746   .2794     .000
        17.550     -81.006   .2611     .000       -74.014   .2743     .000       -71.870   .2791     .000
        17.600     -81.177   .2608     .000       -74.170   .2739     .000       -71.994   .2789     .000
        17.650     -81.347   .2605     .000       -74.325   .2736     .000       -72.117   .2786     .000
        17.700     -81.515   .2602     .000       -74.478   .2732     .000       -72.239   .2783     .000
        17.750     -81.682   .2599     .000       -74.630   .2729     .000       -72.361   .2780     .000
        17.800     -81.848   .2596     .000       -74.783   .2725     .000       -72.482   .2777     .000
        17.850     -82.012   .2593     .000       -74.934   .2722     .000       -72.603   .2775     .000
        17.900     -82.174   .2590     .000       -75.083   .2718     .000       -72.723   .2772     .000
        17.950     -82.336   .2588     .000       -75.232   .2715     .000       -72.843   .2769     .000
        18.000     -82.496   .2585     .000       -75.382   .2712     .000       -72.962   .2767     .000
        18.050     -82.654   .2582     .000       -75.528   .2708     .000       -73.081   .2764     .000
        18.100     -82.812   .2579     .000       -75.674   .2705     .000       -73.199   .2761     .000
        18.150     -82.968   .2576     .000       -75.826   .2702     .000       -73.317   .2759     .000
        18.200     -83.123   .2574     .000       -75.971   .2700     .000       -73.434   .2756     .000
        18.250     -83.276   .2571     .000       -76.114   .2697     .000       -73.551   .2753     .000
        18.300     -83.429   .2568     .000       -76.260   .2695     .000       -73.668   .2751     .000
        18.350     -83.580   .2566     .000       -76.402   .2692     .000       -73.784   .2748     .000
        18.400     -83.730   .2563     .000       -76.544   .2690     .000       -73.899   .2745     .000
        18.450     -83.879   .2560     .000       -76.686   .2687     .000       -74.015   .2743     .000
        18.500     -84.027   .2558     .000       -76.826   .2685     .000       -74.130   .2740     .000
        18.550     -84.174   .2555     .000       -76.965   .2682     .000       -74.245   .2737     .000
        18.600     -84.320   .2553     .000       -77.104   .2680     .000       -74.359   .2735     .000
        18.650     -84.465   .2550     .000       -77.241   .2677     .000       -74.474   .2732     .000
        18.700     -84.608   .2547     .000       -77.378   .2675     .000       -74.588   .2730     .000
        18.750     -84.751   .2545     .000       -77.515   .2673     .000       -74.702   .2727     .000
        18.800     -84.893   .2542     .000       -77.650   .2670     .000       -74.816   .2724     .000
        18.850     -85.034   .2540     .000       -77.785   .2668     .000       -74.930   .2722     .000
        18.900     -85.173   .2537     .000       -77.919   .2666     .000       -75.045   .2719     .000
        18.950     -85.312   .2535     .000       -78.052   .2663     .000       -75.159   .2717     .000
        19.000     -85.450   .2533     .000       -78.185   .2661     .000       -75.274   .2714     .000
        19.050     -85.587   .2530     .000       -78.317   .2658     .000       -75.390   .2711     .000
        19.100     -85.723   .2528     .000       -78.448   .2656     .000       -75.507   .2709     .000
        19.150     -85.858   .2525     .000       -78.579   .2654     .000       -75.628   .2706     .000
        19.200     -85.993   .2523     .000       -78.709   .2652     .000       -75.761   .2704     .000
        19.250     -86.126   .2521     .000       -78.839   .2649     .000       -75.900   .2701     .000
        19.300     -86.259   .2518     .000       -78.969   .2647     .000       -76.036   .2699     .000
        19.350     -86.391   .2516     .000       -79.098   .2645     .000       -76.170   .2696     .000
        19.400     -86.523   .2514     .000       -79.227   .2642     .000       -76.302   .2694     .000
        19.450     -86.653   .2511     .000       -79.355   .2640     .000       -76.433   .2692     .000
        19.500     -86.783   .2509     .000       -79.484   .2638     .000       -76.562   .2689     .000
        19.550     -86.912   .2507     .000       -79.612   .2636     .000       -76.689   .2687     .000
        19.600     -87.040   .2505     .000       -79.740   .2633     .000       -76.815   .2685     .000
        19.650     -87.168   .2502     .000       -79.867   .2631     .000       -76.940   .2683     .000
        19.700     -87.295   .2500     .000       -79.994   .2629     .000       -77.064   .2681     .000
        19.750     -87.422   .2498     .000       -80.120   .2627     .000       -77.186   .2678     .000
        19.800     -87.548   .2496     .000       -80.246   .2624     .000       -77.308   .2676     .000
        19.850     -87.673   .2493     .000       -80.371   .2622     .000       -77.428   .2674     .000
        19.900     -87.798   .2491     .000       -80.496   .2620     .000       -77.548   .2672     .000
        19.950     -87.922   .2489     .000       -80.621   .2618     .000       -77.666   .2670     .000
        19.975     -87.984   .2488     .000       -80.683   .2617     .000       -77.725   .2669     .000
        20.000     -88.046   .2487     .000       -80.745   .2616     .000       -77.784   .2668     .000
        20.050     -88.169   .2485     .000       -80.868   .2613     .000       -77.901   .2666     .000
        20.100     -88.292   .2482     .000       -80.990   .2611     .000       -78.017   .2664     .000
        20.150     -88.414   .2480     .000       -81.112   .2609     .000       -78.132   .2662     .000
        20.200     -88.535   .2478     .000       -81.234   .2607     .000       -78.247   .2660     .000
        20.250     -88.656   .2476     .000       -81.355   .2605     .000       -78.360   .2658     .000
        20.300     -88.776   .2474     .000       -81.475   .2603     .000       -78.473   .2656     .000
        20.350     -88.896   .2472     .000       -81.595   .2601     .000       -78.585   .2654     .000
        20.400     -89.015   .2470     .000       -81.714   .2599     .000       -78.696   .2652     .000
        20.450     -89.134   .2468     .000       -81.833   .2596     .000       -78.807   .2650     .000
        20.500     -89.252   .2465     .000       -81.951   .2594     .000       -78.917   .2648     .000
        20.550     -89.370   .2463     .000       -82.068   .2592     .000       -79.026   .2646     .000
        20.600     -89.487   .2461     .000       -82.185   .2590     .000       -79.134   .2644     .000
        20.650     -89.604   .2459     .000       -82.301   .2588     .000       -79.242   .2642     .000
        20.700     -89.720   .2457     .000       -82.417   .2586     .000       -79.349   .2640     .000
        20.750     -89.836   .2455     .000       -82.532   .2584     .000       -79.456   .2638     .000
        20.800     -89.951   .2453     .000       -82.646   .2582     .000       -79.562   .2637     .000
        20.850     -90.065   .2451     .000       -82.760   .2580     .000       -79.667   .2635     .000
        20.900     -90.179   .2449     .000       -82.873   .2578     .000       -79.771   .2633     .000
        20.950     -90.293   .2447     .000       -82.986   .2576     .000       -79.875   .2631     .000
        21.000     -90.406   .2445     .000       -83.098   .2574     .000       -79.979   .2629     .000
        21.050     -90.518   .2443     .000       -83.210   .2572     .000       -80.082   .2627     .000
        21.100     -90.630   .2441     .000       -83.321   .2570     .000       -80.184   .2626     .000
        21.150     -90.741   .2439     .000       -83.432   .2568     .000       -80.285   .2624     .000
        21.200     -90.852   .2437     .000       -83.542   .2566     .000       -80.386   .2622     .000
        21.250     -90.962   .2435     .000       -83.651   .2564     .000       -80.487   .2620     .000
        21.300     -91.072   .2433     .000       -83.760   .2562     .000       -80.587   .2618     .000
        21.350     -91.181   .2431     .000       -83.868   .2561     .000       -80.686   .2617     .000
        21.400     -91.290   .2430     .000       -83.976   .2559     .000       -80.785   .2615     .000
        21.450     -91.398   .2428     .000       -84.083   .2557     .000       -80.883   .2613     .000
        21.500     -91.506   .2426     .000       -84.190   .2555     .000       -80.981   .2611     .000
        21.550     -91.613   .2424     .000       -84.296   .2553     .000       -81.078   .2610     .000
        21.600     -91.720   .2422     .000       -84.402   .2551     .000       -81.175   .2608     .000
        21.650     -91.826   .2420     .000       -84.507   .2549     .000       -81.271   .2606     .000
        21.700     -91.932   .2418     .000       -84.612   .2547     .000       -81.366   .2605     .000
        21.750     -92.037   .2416     .000       -84.716   .2546     .000       -81.461   .2603     .000
        21.800     -92.142   .2414     .000       -84.819   .2544     .000       -81.556   .2601     .000
        21.850     -92.246   .2413     .000       -84.923   .2542     .000       -81.650   .2600     .000
        21.900     -92.350   .2411     .000       -85.025   .2540     .000       -81.743   .2598     .000
        21.950     -92.453   .2409     .000       -85.127   .2538     .000       -81.836   .2596     .000
        22.000     -92.555   .2407     .000       -85.229   .2537     .000       -81.929   .2595     .000
        22.050     -92.658   .2405     .000       -85.330   .2535     .000       -82.021   .2593     .000
        22.100     -92.759   .2404     .000       -85.431   .2533     .000       -82.112   .2592     .000
        22.150     -92.861   .2402     .000       -85.531   .2531     .000       -82.203   .2590     .000
        22.200     -92.961   .2400     .000       -85.630   .2529     .000       -82.294   .2588     .000
        22.250     -93.061   .2398     .000       -85.729   .2528     .000       -82.384   .2587     .000
        22.300     -93.161   .2397     .000       -85.828   .2526     .000       -82.474   .2585     .000
        22.350     -93.260   .2395     .000       -85.926   .2524     .000       -82.563   .2584     .000
        22.400     -93.359   .2393     .000       -86.024   .2522     .000       -82.652   .2582     .000
        22.450     -93.458   .2391     .000       -86.121   .2521     .000       -82.740   .2580     .000
        22.500     -93.555   .2390     .000       -86.218   .2519     .000       -82.828   .2579     .000
        22.550     -93.653   .2388     .000       -86.314   .2517     .000       -82.915   .2577     .000
        22.600     -93.750   .2386     .000       -86.410   .2516     .000       -83.002   .2576     .000
        22.650     -93.846   .2384     .000       -86.506   .2514     .000       -83.088   .2574     .000
        22.700     -93.942   .2383     .000       -86.600   .2512     .000       -83.174   .2573     .000
        22.750     -94.038   .2381     .000       -86.695   .2511     .000       -83.260   .2571     .000
        22.800     -94.133   .2379     .000       -86.789   .2509     .000       -83.345   .2570     .000
        22.850     -94.227   .2378     .000       -86.882   .2507     .000       -83.429   .2568     .000
        22.900     -94.322   .2376     .000       -86.976   .2506     .000       -83.514   .2567     .000
        22.950     -94.415   .2374     .000       -87.068   .2504     .000       -83.597   .2565     .000
        23.000     -94.509   .2373     .000       -87.160   .2502     .000       -83.681   .2564     .000
        23.050     -94.601   .2371     .000       -87.252   .2501     .000       -83.764   .2562     .000
        23.100     -94.694   .2369     .000       -87.344   .2499     .000       -83.846   .2561     .000
        23.150     -94.786   .2368     .000       -87.435   .2498     .000       -83.928   .2559     .000
        23.200     -94.877   .2366     .000       -87.525   .2496     .000       -84.010   .2558     .000
        23.250     -94.968   .2365     .000       -87.615   .2494     .000       -84.091   .2557     .000
        23.300     -95.059   .2363     .000       -87.705   .2493     .000       -84.172   .2555     .000
        23.350     -95.149   .2361     .000       -87.794   .2491     .000       -84.253   .2554     .000
        23.400     -95.239   .2360     .000       -87.883   .2490     .000       -84.333   .2552     .000
        23.450     -95.328   .2358     .000       -87.971   .2488     .000       -84.412   .2551     .000
        23.500     -95.417   .2357     .000       -88.059   .2487     .000       -84.492   .2550     .000
        23.550     -95.512   .2355     .000       -88.147   .2485     .000       -84.571   .2548     .000
        23.600     -95.608   .2354     .000       -88.234   .2483     .000       -84.649   .2547     .000
        23.650     -95.700   .2353     .000       -88.320   .2482     .000       -84.727   .2545     .000
        23.700     -95.791   .2352     .000       -88.407   .2480     .000       -84.805   .2544     .000
        23.750     -95.880   .2351     .000       -88.493   .2479     .000       -84.882   .2543     .000
        23.800     -95.969   .2349     .000       -88.579   .2477     .000       -84.959   .2541     .000
        23.850     -96.058   .2348     .000       -88.664   .2476     .000       -85.036   .2540     .000
        23.900     -96.146   .2347     .000       -88.749   .2474     .000       -85.112   .2539     .000
        23.950     -96.233   .2346     .000       -88.833   .2473     .000       -85.188   .2537     .000
        23.975     -96.276   .2345     .000       -88.876   .2472     .000       -85.226   .2537     .000
        24.000     -96.320   .2345     .000       -88.918   .2471     .000       -85.263   .2536     .000
end
