 ******* Program HYDRUS
 ******* Transient flow infolving hysteresis                                    
  
 Date:   1.10.    Time:  14: 3:26
 Units: L = cm   , T = hours, M = mmol 


  TLevel   Time         dt      Iter  ItCum  KodT  KodB  Convergency

     1  .10000E-02  .10000E-02    2     2    -4    -5     T
     2  .20000E-02  .10000E-02    7     9    -4    -5     T
     3  .27000E-02  .70000E-03    4    13    -4    -5     T
     4  .34000E-02  .70000E-03    3    16    -4    -5     T
     5  .43113E-02  .91132E-03    4    20    -4    -5     T
     6  .52226E-02  .91132E-03    4    24    -4    -5     T
     7  .61340E-02  .91132E-03    4    28    -4    -5     T
     8  .70453E-02  .91132E-03    3    31    -4    -5     T
     9  .82219E-02  .11766E-02    4    35    -4    -5     T
    10  .93986E-02  .11766E-02    4    39    -4    -5     T
    11  .10575E-01  .11766E-02    3    42    -4    -5     T
    12  .12117E-01  .15418E-02    4    46    -4    -5     T
    13  .13659E-01  .15418E-02    3    49    -4    -5     T
    14  .15667E-01  .20079E-02    4    53    -4    -5     T
    15  .17675E-01  .20079E-02    4    57    -4    -5     T
    16  .19683E-01  .20079E-02    3    60    -4    -5     T
    17  .22274E-01  .25909E-02    4    64    -4    -5     T
    18  .24864E-01  .25909E-02    4    68    -4    -5     T
    19  .27455E-01  .25909E-02    4    72    -4    -5     T
    20  .30046E-01  .25909E-02    3    75    -4    -5     T
    21  .33377E-01  .33311E-02    5    80    -4    -5     T
    22  .36708E-01  .33311E-02    4    84    -4    -5     T
    23  .40040E-01  .33311E-02    3    87    -4    -5     T
    24  .44322E-01  .42829E-02    5    92    -4    -5     T
    25  .48605E-01  .42829E-02    4    96    -4    -5     T
    26  .52888E-01  .42829E-02    5   101    -4    -5     T
    27  .57171E-01  .42829E-02    5   106    -4    -5     T
    28  .61454E-01  .42829E-02    3   109    -4    -5     T
    29  .66961E-01  .55066E-02    5   114    -4    -5     T
    30  .72467E-01  .55066E-02    5   119    -4    -5     T
    31  .77974E-01  .55066E-02    4   123    -4    -5     T
    32  .83480E-01  .55066E-02    4   127    -4    -5     T
    33  .88987E-01  .55066E-02    5   132    -4    -5     T
    34  .94493E-01  .55066E-02    4   136    -4    -5     T
    35  .10000E+00  .55066E-02    4   140    -4    -5     T
    36  .10571E+00  .57143E-02    4   144    -4    -5     T
    37  .11143E+00  .57143E-02    4   148    -4    -5     T
    38  .11714E+00  .57143E-02    4   152    -4    -5     T
    39  .12286E+00  .57143E-02    5   157    -4    -5     T
    40  .12857E+00  .57143E-02    3   160    -4    -5     T
    41  .13600E+00  .74286E-02    4   164    -4    -5     T
    42  .14343E+00  .74286E-02    5   169    -4    -5     T
    43  .15086E+00  .74286E-02    5   174    -4    -5     T
    44  .15829E+00  .74286E-02    5   179    -4    -5     T
    45  .16571E+00  .74286E-02    4   183    -4    -5     T
    46  .17314E+00  .74286E-02    4   187    -4    -5     T
    47  .18057E+00  .74286E-02    4   191    -4    -5     T
    48  .18800E+00  .74286E-02    4   195    -4    -5     T
    49  .19543E+00  .74286E-02    5   200    -4    -5     T
    50  .20286E+00  .74286E-02    5   205    -4    -5     T
    51  .21029E+00  .74286E-02    4   209    -4    -5     T
    52  .21771E+00  .74286E-02    4   213    -4    -5     T
    53  .22514E+00  .74286E-02    5   218    -4    -5     T
    54  .23257E+00  .74286E-02    5   223    -4    -5     T
    55  .24000E+00  .74286E-02    5   228    -4    -5     T
    56  .24743E+00  .74286E-02    4   232    -4    -5     T
    57  .25486E+00  .74286E-02    4   236    -4    -5     T
    58  .26229E+00  .74286E-02    5   241    -4    -5     T
    59  .26971E+00  .74286E-02    5   246    -4    -5     T
    60  .27714E+00  .74286E-02    5   251    -4    -5     T
    61  .28457E+00  .74286E-02    4   255    -4    -5     T
    62  .29200E+00  .74286E-02    4   259    -4    -5     T
    63  .29943E+00  .74286E-02    4   263    -4    -5     T
    64  .30686E+00  .74286E-02    4   267    -4    -5     T
    65  .31429E+00  .74286E-02    4   271    -4    -5     T
    66  .32171E+00  .74286E-02    4   275    -4    -5     T
    67  .32914E+00  .74286E-02    4   279    -4    -5     T
    68  .33657E+00  .74286E-02    4   283    -4    -5     T
    69  .34400E+00  .74286E-02    5   288    -4    -5     T
    70  .35143E+00  .74286E-02    5   293    -4    -5     T
    71  .35886E+00  .74286E-02    5   298    -4    -5     T
    72  .36629E+00  .74286E-02    4   302    -4    -5     T
    73  .37371E+00  .74286E-02    4   306    -4    -5     T
    74  .38114E+00  .74286E-02    4   310    -4    -5     T
    75  .38857E+00  .74286E-02    4   314    -4    -5     T
    76  .39600E+00  .74286E-02    4   318    -4    -5     T
    77  .40343E+00  .74286E-02    4   322    -4    -5     T
    78  .41086E+00  .74286E-02    4   326    -4    -5     T
    79  .41829E+00  .74286E-02    4   330    -4    -5     T
    80  .42571E+00  .74286E-02    5   335    -4    -5     T
    81  .43314E+00  .74286E-02    5   340    -4    -5     T
    82  .44057E+00  .74286E-02    5   345    -4    -5     T
    83  .44800E+00  .74286E-02    4   349    -4    -5     T
    84  .45543E+00  .74286E-02    4   353    -4    -5     T
    85  .46286E+00  .74286E-02    4   357    -4    -5     T
    86  .47029E+00  .74286E-02    4   361    -4    -5     T
    87  .47771E+00  .74286E-02    4   365    -4    -5     T
    88  .48514E+00  .74286E-02    4   369    -4    -5     T
    89  .49257E+00  .74286E-02    4   373    -4    -5     T
    90  .50000E+00  .74286E-02    4   377    -4    -5     T
    91  .50746E+00  .74627E-02    5   382    -4    -5     T
    92  .51493E+00  .74627E-02    4   386    -4    -5     T
    93  .52239E+00  .74627E-02    5   391    -4    -5     T
    94  .52985E+00  .74627E-02    4   395    -4    -5     T
    95  .53731E+00  .74627E-02    4   399    -4    -5     T
    96  .54478E+00  .74627E-02    4   403    -4    -5     T
    97  .55224E+00  .74627E-02    4   407    -4    -5     T
    98  .55970E+00  .74627E-02    4   411    -4    -5     T
    99  .56716E+00  .74627E-02    4   415    -4    -5     T
   100  .57463E+00  .74627E-02    4   419    -4    -5     T
   101  .58209E+00  .74627E-02    4   423    -4    -5     T
   102  .58955E+00  .74627E-02    4   427    -4    -5     T
   103  .59701E+00  .74627E-02    4   431    -4    -5     T
   104  .60448E+00  .74627E-02    4   435    -4    -5     T
   105  .61194E+00  .74627E-02    4   439    -4    -5     T
   106  .61940E+00  .74627E-02    4   443    -4    -5     T
   107  .62687E+00  .74627E-02    4   447    -4    -5     T
   108  .63433E+00  .74627E-02    5   452    -4    -5     T
   109  .64179E+00  .74627E-02    5   457    -4    -5     T
   110  .64925E+00  .74627E-02    5   462    -4    -5     T
   111  .65672E+00  .74627E-02    4   466    -4    -5     T
   112  .66418E+00  .74627E-02    4   470    -4    -5     T
   113  .67164E+00  .74627E-02    4   474    -4    -5     T
   114  .67910E+00  .74627E-02    4   478    -4    -5     T
   115  .68657E+00  .74627E-02    4   482    -4    -5     T
   116  .69403E+00  .74627E-02    4   486    -4    -5     T
   117  .70149E+00  .74627E-02    4   490    -4    -5     T
   118  .70896E+00  .74627E-02    4   494    -4    -5     T
   119  .71642E+00  .74627E-02    4   498    -4    -5     T
   120  .72388E+00  .74627E-02    4   502    -4    -5     T
   121  .73134E+00  .74627E-02    4   506    -4    -5     T
   122  .73881E+00  .74627E-02    4   510    -4    -5     T
   123  .74627E+00  .74627E-02    4   514     4    -5     T
   124  .75373E+00  .74627E-02    4   518     4    -5     T
   125  .76119E+00  .74627E-02    4   522     4    -5     T
   126  .76866E+00  .74627E-02    5   527     4    -5     T
   127  .77612E+00  .74627E-02    5   532     4    -5     T
   128  .78358E+00  .74627E-02    4   536     4    -5     T
   129  .79104E+00  .74627E-02    4   540     4    -5     T
   130  .79851E+00  .74627E-02    4   544     4    -5     T
   131  .80597E+00  .74627E-02    4   548     4    -5     T
   132  .81343E+00  .74627E-02    4   552     4    -5     T
   133  .82090E+00  .74627E-02    4   556     4    -5     T
   134  .82836E+00  .74627E-02    4   560     4    -5     T
   135  .83582E+00  .74627E-02    4   564     4    -5     T
   136  .84328E+00  .74627E-02    4   568     4    -5     T
   137  .85075E+00  .74627E-02    4   572     4    -5     T
   138  .85821E+00  .74627E-02    3   575     4    -5     T
   139  .86766E+00  .94528E-02    5   580     4    -5     T
   140  .87711E+00  .94528E-02    5   585     4    -5     T
   141  .88657E+00  .94528E-02    5   590     4    -5     T
   142  .89602E+00  .94528E-02    4   594     4    -5     T
   143  .90547E+00  .94528E-02    4   598     4    -5     T
   144  .91493E+00  .94528E-02    5   603     4    -5     T
   145  .92438E+00  .94528E-02    5   608     4    -5     T
   146  .93383E+00  .94528E-02    5   613     4    -5     T
   147  .94328E+00  .94528E-02    4   617     4    -5     T
   148  .95274E+00  .94527E-02    4   621     4    -5     T
   149  .96219E+00  .94527E-02    5   626     4    -5     T
   150  .97164E+00  .94527E-02    4   630     4    -5     T
   151  .98109E+00  .94527E-02    5   635     4    -5     T
   152  .99055E+00  .94527E-02    4   639     4    -5     T
   153  .10000E+01  .94527E-02    4   643     4    -5     T
   154  .10096E+01  .96154E-02    5   648    -4    -5     T
   155  .10192E+01  .96154E-02    4   652    -4    -5     T
   156  .10288E+01  .96154E-02    5   657    -4    -5     T
   157  .10385E+01  .96154E-02    4   661    -4    -5     T
   158  .10481E+01  .96154E-02    4   665    -4    -5     T
   159  .10577E+01  .96154E-02    4   669    -4    -5     T
   160  .10673E+01  .96154E-02    5   674    -4    -5     T
   161  .10769E+01  .96154E-02    4   678    -4    -5     T
   162  .10865E+01  .96154E-02    4   682    -4    -5     T
   163  .10962E+01  .96154E-02    4   686    -4    -5     T
   164  .11058E+01  .96154E-02    4   690    -4    -5     T
   165  .11154E+01  .96154E-02    3   693    -4    -5     T
   166  .11278E+01  .12459E-01    5   698    -4    -5     T
   167  .11403E+01  .12459E-01    4   702    -4    -5     T
   168  .11528E+01  .12459E-01    4   706    -4    -5     T
   169  .11652E+01  .12459E-01    3   709    -4    -5     T
   170  .11816E+01  .16368E-01    5   714    -4    -5     T
   171  .11980E+01  .16368E-01    5   719    -4    -5     T
   172  .12143E+01  .16368E-01    5   724    -4    -5     T
   173  .12307E+01  .16368E-01    4   728    -4    -5     T
   174  .12471E+01  .16368E-01    3   731    -4    -5     T
   175  .12680E+01  .20915E-01    5   736    -4    -5     T
   176  .12889E+01  .20915E-01    4   740    -4    -5     T
   177  .13098E+01  .20915E-01    5   745    -4    -5     T
   178  .13307E+01  .20915E-01    4   749    -4    -5     T
   179  .13516E+01  .20915E-01    4   753    -4    -5     T
   180  .13726E+01  .20915E-01    5   758    -4    -5     T
   181  .13935E+01  .20915E-01    4   762    -4    -5     T
   182  .14144E+01  .20915E-01    4   766    -4    -5     T
   183  .14353E+01  .20915E-01    4   770    -4    -5     T
   184  .14562E+01  .20915E-01    3   773    -4    -5     T
   185  .14834E+01  .27189E-01    4   777    -4    -5     T
   186  .15106E+01  .27189E-01    4   781    -4    -5     T
   187  .15378E+01  .27189E-01    4   785    -4    -5     T
   188  .15650E+01  .27189E-01    3   788    -4    -5     T
   189  .16012E+01  .36252E-01    5   793    -4    -5     T
   190  .16375E+01  .36252E-01    5   798    -4    -5     T
   191  .16737E+01  .36252E-01    5   803    -4    -5     T
   192  .17100E+01  .36252E-01    4   807    -4    -5     T
   193  .17462E+01  .36252E-01    5   812    -4    -5     T
   194  .17825E+01  .36252E-01    4   816    -4    -5     T
   195  .18187E+01  .36252E-01    4   820    -4    -5     T
   196  .18550E+01  .36252E-01    4   824    -4    -5     T
   197  .18912E+01  .36252E-01    4   828    -4    -5     T
   198  .19275E+01  .36252E-01    4   832    -4    -5     T
   199  .19637E+01  .36252E-01    3   835    -4    -5     T
   200  .20000E+01  .36252E-01    3   838    -4    -5     T
   201  .20465E+01  .46512E-01    5   843    -4    -5     T
   202  .20930E+01  .46512E-01    5   848    -4    -5     T
   203  .21395E+01  .46512E-01    4   852    -4    -5     T
   204  .21860E+01  .46512E-01    4   856    -4    -5     T
   205  .22326E+01  .46512E-01    3   859    -4    -5     T
   206  .22826E+01  .50000E-01    3   862    -4    -5     T
   207  .23326E+01  .50000E-01    4   866    -4    -5     T
   208  .23826E+01  .50000E-01    4   870    -4    -5     T
   209  .24326E+01  .50000E-01    3   873    -4    -5     T
   210  .24826E+01  .50000E-01    3   876    -4    -5     T
   211  .25326E+01  .50000E-01    4   880    -4    -5     T
   212  .25826E+01  .50000E-01    4   884    -4    -5     T
   213  .26326E+01  .50000E-01    4   888    -4    -5     T
   214  .26826E+01  .50000E-01    3   891    -4    -5     T
   215  .27326E+01  .50000E-01    3   894    -4    -5     T
   216  .27826E+01  .50000E-01    3   897    -4    -5     T
   217  .28326E+01  .50000E-01    3   900    -4    -5     T
   218  .28826E+01  .50000E-01    3   903    -4    -5     T
   219  .29326E+01  .50000E-01    3   906    -4    -5     T
   220  .29826E+01  .50000E-01    2   908    -4    -5     T
   221  .30326E+01  .50000E-01    3   911    -4    -5     T
   222  .30826E+01  .50000E-01    3   914    -4    -5     T
   223  .31326E+01  .50000E-01    2   916    -4    -5     T
   224  .31826E+01  .50000E-01    2   918    -4    -5     T
   225  .32326E+01  .50000E-01    4   922    -4    -5     T
   226  .32826E+01  .50000E-01    3   925    -4    -5     T
   227  .33326E+01  .50000E-01    2   927    -4    -5     T
   228  .33826E+01  .50000E-01    3   930    -4    -5     T
   229  .34326E+01  .50000E-01    2   932    -4    -5     T
   230  .34826E+01  .50000E-01    2   934    -4    -5     T
   231  .35326E+01  .50000E-01    2   936    -4    -5     T
   232  .35826E+01  .50000E-01    3   939    -4    -5     T
   233  .36326E+01  .50000E-01    2   941    -4    -5     T
   234  .36826E+01  .50000E-01    2   943    -4    -5     T
   235  .37326E+01  .50000E-01    3   946    -4    -5     T
   236  .37826E+01  .50000E-01    2   948    -4    -5     T
   237  .38326E+01  .50000E-01    2   950    -4    -5     T
   238  .38826E+01  .50000E-01    2   952    -4    -5     T
   239  .39326E+01  .50000E-01    3   955    -4    -5     T
   240  .39663E+01  .33722E-01    2   957    -4    -5     T
   241  .40000E+01  .33722E-01    2   959    -4    -5     T
   242  .40500E+01  .50000E-01    2   961    -4    -5     T
   243  .41000E+01  .50000E-01    2   963    -4    -5     T
   244  .41500E+01  .50000E-01    2   965    -4    -5     T
   245  .42000E+01  .50000E-01    2   967    -4    -5     T
   246  .42500E+01  .50000E-01    2   969    -4    -5     T
   247  .43000E+01  .50000E-01    2   971    -4    -5     T
   248  .43500E+01  .50000E-01    2   973    -4    -5     T
   249  .44000E+01  .50000E-01    2   975    -4    -5     T
   250  .44500E+01  .50000E-01    2   977    -4    -5     T
   251  .45000E+01  .50000E-01    2   979    -4    -5     T
   252  .45500E+01  .50000E-01    2   981    -4    -5     T
   253  .46000E+01  .50000E-01    2   983    -4    -5     T
   254  .46500E+01  .50000E-01    2   985    -4    -5     T
   255  .47000E+01  .50000E-01    2   987    -4    -5     T
   256  .47500E+01  .50000E-01    2   989    -4    -5     T
   257  .48000E+01  .50000E-01    3   992    -4    -5     T
   258  .48500E+01  .50000E-01    2   994    -4    -5     T
   259  .49000E+01  .50000E-01    2   996    -4    -5     T
   260  .49500E+01  .50000E-01    2   998    -4    -5     T
   261  .50000E+01  .50000E-01    2  1000    -4    -5     T
   262  .50500E+01  .50000E-01    2  1002    -4    -5     T
   263  .51000E+01  .50000E-01    2  1004    -4    -5     T
   264  .51500E+01  .50000E-01    2  1006    -4    -5     T
   265  .52000E+01  .50000E-01    2  1008    -4    -5     T
   266  .52500E+01  .50000E-01    2  1010    -4    -5     T
   267  .53000E+01  .50000E-01    2  1012    -4    -5     T
   268  .53500E+01  .50000E-01    2  1014    -4    -5     T
   269  .54000E+01  .50000E-01    2  1016    -4    -5     T
   270  .54500E+01  .50000E-01    2  1018    -4    -5     T
   271  .55000E+01  .50000E-01    2  1020    -4    -5     T
   272  .55500E+01  .50000E-01    2  1022    -4    -5     T
   273  .56000E+01  .50000E-01    2  1024    -4    -5     T
   274  .56500E+01  .50000E-01    2  1026    -4    -5     T
   275  .57000E+01  .50000E-01    2  1028    -4    -5     T
   276  .57500E+01  .50000E-01    2  1030    -4    -5     T
   277  .58000E+01  .50000E-01    2  1032    -4    -5     T
   278  .58500E+01  .50000E-01    2  1034    -4    -5     T
   279  .59000E+01  .50000E-01    2  1036    -4    -5     T
   280  .59500E+01  .50000E-01    2  1038    -4    -5     T
   281  .59750E+01  .25000E-01    2  1040    -4    -5     T
   282  .60000E+01  .25000E-01    2  1042    -4    -5     T
   283  .60500E+01  .50000E-01    2  1044    -4    -5     T
   284  .61000E+01  .50000E-01    2  1046    -4    -5     T
   285  .61500E+01  .50000E-01    2  1048    -4    -5     T
   286  .62000E+01  .50000E-01    2  1050    -4    -5     T
   287  .62500E+01  .50000E-01    2  1052    -4    -5     T
   288  .63000E+01  .50000E-01    2  1054    -4    -5     T
   289  .63500E+01  .50000E-01    2  1056    -4    -5     T
   290  .64000E+01  .50000E-01    2  1058    -4    -5     T
   291  .64500E+01  .50000E-01    2  1060    -4    -5     T
   292  .65000E+01  .50000E-01    2  1062    -4    -5     T
   293  .65500E+01  .50000E-01    2  1064    -4    -5     T
   294  .66000E+01  .50000E-01    2  1066    -4    -5     T
   295  .66500E+01  .50000E-01    2  1068    -4    -5     T
   296  .67000E+01  .50000E-01    2  1070    -4    -5     T
   297  .67500E+01  .50000E-01    2  1072    -4    -5     T
   298  .68000E+01  .50000E-01    2  1074    -4    -5     T
   299  .68500E+01  .50000E-01    2  1076    -4    -5     T
   300  .69000E+01  .50000E-01    2  1078    -4    -5     T
   301  .69500E+01  .50000E-01    2  1080    -4    -5     T
   302  .70000E+01  .50000E-01    2  1082    -4    -5     T
   303  .70500E+01  .50000E-01    2  1084    -4    -5     T
   304  .71000E+01  .50000E-01    2  1086    -4    -5     T
   305  .71500E+01  .50000E-01    2  1088    -4    -5     T
   306  .72000E+01  .50000E-01    2  1090    -4    -5     T
   307  .72500E+01  .50000E-01    2  1092    -4    -5     T
   308  .73000E+01  .50000E-01    2  1094    -4    -5     T
   309  .73500E+01  .50000E-01    2  1096    -4    -5     T
   310  .74000E+01  .50000E-01    2  1098    -4    -5     T
   311  .74500E+01  .50000E-01    2  1100    -4    -5     T
   312  .75000E+01  .50000E-01    2  1102    -4    -5     T
   313  .75500E+01  .50000E-01    2  1104    -4    -5     T
   314  .76000E+01  .50000E-01    2  1106    -4    -5     T
   315  .76500E+01  .50000E-01    2  1108    -4    -5     T
   316  .77000E+01  .50000E-01    2  1110    -4    -5     T
   317  .77500E+01  .50000E-01    2  1112    -4    -5     T
   318  .78000E+01  .50000E-01    2  1114    -4    -5     T
   319  .78500E+01  .50000E-01    2  1116    -4    -5     T
   320  .79000E+01  .50000E-01    2  1118    -4    -5     T
   321  .79500E+01  .50000E-01    2  1120    -4    -5     T
   322  .79750E+01  .25000E-01    2  1122    -4    -5     T
   323  .80000E+01  .25000E-01    2  1124    -4    -5     T
   324  .80500E+01  .50000E-01    2  1126    -4    -5     T
   325  .81000E+01  .50000E-01    2  1128    -4    -5     T
   326  .81500E+01  .50000E-01    2  1130    -4    -5     T
   327  .82000E+01  .50000E-01    2  1132    -4    -5     T
   328  .82500E+01  .50000E-01    2  1134    -4    -5     T
   329  .83000E+01  .50000E-01    2  1136    -4    -5     T
   330  .83500E+01  .50000E-01    2  1138    -4    -5     T
   331  .84000E+01  .50000E-01    2  1140    -4    -5     T
   332  .84500E+01  .50000E-01    2  1142    -4    -5     T
   333  .85000E+01  .50000E-01    2  1144    -4    -5     T
   334  .85500E+01  .50000E-01    2  1146    -4    -5     T
   335  .86000E+01  .50000E-01    2  1148    -4    -5     T
   336  .86500E+01  .50000E-01    2  1150    -4    -5     T
   337  .87000E+01  .50000E-01    2  1152    -4    -5     T
   338  .87500E+01  .50000E-01    2  1154    -4    -5     T
   339  .88000E+01  .50000E-01    2  1156    -4    -5     T
   340  .88500E+01  .50000E-01    2  1158    -4    -5     T
   341  .89000E+01  .50000E-01    2  1160    -4    -5     T
   342  .89500E+01  .50000E-01    2  1162    -4    -5     T
   343  .90000E+01  .50000E-01    2  1164    -4    -5     T
   344  .90500E+01  .50000E-01    2  1166    -4    -5     T
   345  .91000E+01  .50000E-01    2  1168    -4    -5     T
   346  .91500E+01  .50000E-01    2  1170    -4    -5     T
   347  .92000E+01  .50000E-01    2  1172    -4    -5     T
   348  .92500E+01  .50000E-01    2  1174    -4    -5     T
   349  .93000E+01  .50000E-01    2  1176    -4    -5     T
   350  .93500E+01  .50000E-01    2  1178    -4    -5     T
   351  .94000E+01  .50000E-01    2  1180    -4    -5     T
   352  .94500E+01  .50000E-01    2  1182    -4    -5     T
   353  .95000E+01  .50000E-01    2  1184    -4    -5     T
   354  .95500E+01  .50000E-01    2  1186    -4    -5     T
   355  .96000E+01  .50000E-01    2  1188    -4    -5     T
   356  .96500E+01  .50000E-01    2  1190    -4    -5     T
   357  .97000E+01  .50000E-01    2  1192    -4    -5     T
   358  .97500E+01  .50000E-01    2  1194    -4    -5     T
   359  .98000E+01  .50000E-01    2  1196    -4    -5     T
   360  .98500E+01  .50000E-01    2  1198    -4    -5     T
   361  .99000E+01  .50000E-01    2  1200    -4    -5     T
   362  .99500E+01  .50000E-01    2  1202    -4    -5     T
   363  .10000E+02  .49999E-01    2  1204    -4    -5     T
   364  .10050E+02  .50000E-01    2  1206    -4    -5     T
   365  .10100E+02  .50000E-01    2  1208    -4    -5     T
   366  .10150E+02  .50000E-01    2  1210    -4    -5     T
   367  .10200E+02  .50000E-01    2  1212    -4    -5     T
   368  .10250E+02  .50000E-01    2  1214    -4    -5     T
   369  .10300E+02  .50000E-01    2  1216    -4    -5     T
   370  .10350E+02  .50000E-01    2  1218    -4    -5     T
   371  .10400E+02  .50000E-01    2  1220    -4    -5     T
   372  .10450E+02  .50000E-01    2  1222    -4    -5     T
   373  .10500E+02  .50000E-01    2  1224    -4    -5     T
   374  .10550E+02  .50000E-01    2  1226    -4    -5     T
   375  .10600E+02  .50000E-01    2  1228    -4    -5     T
   376  .10650E+02  .50000E-01    2  1230    -4    -5     T
   377  .10700E+02  .50000E-01    2  1232    -4    -5     T
   378  .10750E+02  .50000E-01    2  1234    -4    -5     T
   379  .10800E+02  .50000E-01    2  1236    -4    -5     T
   380  .10850E+02  .50000E-01    2  1238    -4    -5     T
   381  .10900E+02  .50000E-01    2  1240    -4    -5     T
   382  .10950E+02  .50000E-01    2  1242    -4    -5     T
   383  .11000E+02  .50000E-01    2  1244    -4    -5     T
   384  .11050E+02  .50000E-01    2  1246    -4    -5     T
   385  .11100E+02  .50000E-01    2  1248    -4    -5     T
   386  .11150E+02  .50000E-01    2  1250    -4    -5     T
   387  .11200E+02  .50000E-01    2  1252    -4    -5     T
   388  .11250E+02  .50000E-01    2  1254    -4    -5     T
   389  .11300E+02  .50000E-01    2  1256    -4    -5     T
   390  .11350E+02  .50000E-01    2  1258    -4    -5     T
   391  .11400E+02  .50000E-01    2  1260    -4    -5     T
   392  .11450E+02  .50000E-01    2  1262    -4    -5     T
   393  .11500E+02  .50000E-01    2  1264    -4    -5     T
   394  .11550E+02  .50000E-01    2  1266    -4    -5     T
   395  .11600E+02  .50000E-01    2  1268    -4    -5     T
   396  .11650E+02  .50000E-01    2  1270    -4    -5     T
   397  .11700E+02  .50000E-01    2  1272    -4    -5     T
   398  .11750E+02  .50000E-01    2  1274    -4    -5     T
   399  .11800E+02  .50000E-01    2  1276    -4    -5     T
   400  .11850E+02  .50000E-01    2  1278    -4    -5     T
   401  .11900E+02  .50000E-01    2  1280    -4    -5     T
   402  .11950E+02  .50000E-01    2  1282    -4    -5     T
   403  .12000E+02  .49999E-01    2  1284    -4    -5     T
   404  .12001E+02  .10000E-02    2  1286    -4    -5     T
   405  .12002E+02  .13026E-02    2  1288    -4    -5     T
   406  .12004E+02  .16844E-02    2  1290    -4    -5     T
   407  .12006E+02  .21821E-02    2  1292    -4    -5     T
   408  .12009E+02  .28434E-02    2  1294    -4    -5     T
   409  .12013E+02  .36395E-02    2  1296    -4    -5     T
   410  .12018E+02  .48527E-02    2  1298    -4    -5     T
   411  .12024E+02  .63459E-02    2  1300    -4    -5     T
   412  .12032E+02  .84612E-02    2  1302    -4    -5     T
   413  .12044E+02  .11282E-01    3  1305    -4    -5     T
   414  .12058E+02  .14102E-01    4  1309    -4    -5     T
   415  .12072E+02  .14102E-01    3  1312    -4    -5     T
   416  .12086E+02  .14102E-01    3  1315    -4    -5     T
   417  .12100E+02  .14102E-01    2  1317    -4    -5     T
   418  .12124E+02  .23529E-01    3  1320    -4    -5     T
   419  .12155E+02  .31373E-01    4  1324    -4    -5     T
   420  .12186E+02  .31373E-01    3  1327    -4    -5     T
   421  .12225E+02  .39216E-01    3  1330    -4    -5     T
   422  .12275E+02  .50000E-01    4  1334    -4    -5     T
   423  .12325E+02  .50000E-01    3  1337    -4    -5     T
   424  .12375E+02  .50000E-01    3  1340    -4    -5     T
   425  .12425E+02  .50000E-01    3  1343    -4    -5     T
   426  .12463E+02  .37254E-01    2  1345    -4    -5     T
   427  .12500E+02  .37254E-01    2  1347    -4    -5     T
   428  .12550E+02  .50000E-01    2  1349    -4    -5     T
   429  .12600E+02  .50000E-01    2  1351    -4    -5     T
   430  .12650E+02  .50000E-01    2  1353    -4    -5     T
   431  .12700E+02  .50000E-01    2  1355    -4    -5     T
   432  .12750E+02  .50000E-01    2  1357    -4    -5     T
   433  .12800E+02  .50000E-01    2  1359    -4    -5     T
   434  .12850E+02  .50000E-01    2  1361    -4    -5     T
   435  .12900E+02  .50000E-01    2  1363    -4    -5     T
   436  .12950E+02  .50000E-01    2  1365    -4    -5     T
   437  .13000E+02  .49999E-01    2  1367    -4    -5     T
   438  .13050E+02  .50000E-01    4  1371    -4    -5     T
   439  .13100E+02  .50000E-01    2  1373    -4    -5     T
   440  .13150E+02  .50000E-01    2  1375    -4    -5     T
   441  .13200E+02  .50000E-01    2  1377    -4    -5     T
   442  .13250E+02  .50000E-01    2  1379    -4    -5     T
   443  .13300E+02  .50000E-01    2  1381    -4    -5     T
   444  .13350E+02  .50000E-01    2  1383    -4    -5     T
   445  .13400E+02  .50000E-01    2  1385    -4    -5     T
   446  .13450E+02  .50000E-01    2  1387    -4    -5     T
   447  .13500E+02  .50000E-01    2  1389    -4    -5     T
   448  .13550E+02  .50000E-01    2  1391    -4    -5     T
   449  .13600E+02  .50000E-01    2  1393    -4    -5     T
   450  .13650E+02  .50000E-01    2  1395    -4    -5     T
   451  .13700E+02  .50000E-01    2  1397    -4    -5     T
   452  .13750E+02  .50000E-01    2  1399    -4    -5     T
   453  .13800E+02  .50000E-01    2  1401    -4    -5     T
   454  .13850E+02  .50000E-01    2  1403    -4    -5     T
   455  .13900E+02  .50000E-01    2  1405    -4    -5     T
   456  .13950E+02  .50000E-01    2  1407    -4    -5     T
   457  .14000E+02  .49999E-01    2  1409    -4    -5     T
   458  .14050E+02  .50000E-01    2  1411    -4    -5     T
   459  .14100E+02  .50000E-01    2  1413    -4    -5     T
   460  .14150E+02  .50000E-01    2  1415    -4    -5     T
   461  .14200E+02  .50000E-01    2  1417    -4    -5     T
   462  .14250E+02  .50000E-01    2  1419    -4    -5     T
   463  .14300E+02  .50000E-01    2  1421    -4    -5     T
   464  .14350E+02  .50000E-01    2  1423    -4    -5     T
   465  .14400E+02  .50000E-01    2  1425    -4    -5     T
   466  .14450E+02  .50000E-01    2  1427    -4    -5     T
   467  .14500E+02  .50000E-01    2  1429    -4    -5     T
   468  .14550E+02  .50000E-01    2  1431    -4    -5     T
   469  .14600E+02  .50000E-01    2  1433    -4    -5     T
   470  .14650E+02  .50000E-01    2  1435    -4    -5     T
   471  .14700E+02  .50000E-01    2  1437    -4    -5     T
   472  .14750E+02  .50000E-01    2  1439    -4    -5     T
   473  .14800E+02  .50000E-01    2  1441    -4    -5     T
   474  .14850E+02  .50000E-01    2  1443    -4    -5     T
   475  .14900E+02  .50000E-01    2  1445    -4    -5     T
   476  .14950E+02  .50000E-01    2  1447    -4    -5     T
   477  .15000E+02  .50000E-01    2  1449    -4    -5     T
   478  .15050E+02  .50000E-01    2  1451    -4    -5     T
   479  .15100E+02  .50000E-01    2  1453    -4    -5     T
   480  .15150E+02  .50000E-01    2  1455    -4    -5     T
   481  .15200E+02  .50000E-01    2  1457    -4    -5     T
   482  .15250E+02  .50000E-01    2  1459    -4    -5     T
   483  .15300E+02  .50000E-01    2  1461    -4    -5     T
   484  .15350E+02  .50000E-01    2  1463    -4    -5     T
   485  .15400E+02  .50000E-01    2  1465    -4    -5     T
   486  .15450E+02  .50000E-01    2  1467    -4    -5     T
   487  .15500E+02  .50000E-01    2  1469    -4    -5     T
   488  .15550E+02  .50000E-01    2  1471    -4    -5     T
   489  .15600E+02  .50000E-01    2  1473    -4    -5     T
   490  .15650E+02  .50000E-01    2  1475    -4    -5     T
   491  .15700E+02  .50000E-01    2  1477    -4    -5     T
   492  .15750E+02  .50000E-01    2  1479    -4    -5     T
   493  .15800E+02  .50000E-01    2  1481    -4    -5     T
   494  .15850E+02  .50000E-01    2  1483    -4    -5     T
   495  .15900E+02  .50000E-01    2  1485    -4    -5     T
   496  .15950E+02  .50000E-01    2  1487    -4    -5     T
   497  .16000E+02  .49999E-01    2  1489    -4    -5     T
   498  .16050E+02  .50000E-01    2  1491    -4    -5     T
   499  .16100E+02  .50000E-01    2  1493    -4    -5     T
   500  .16150E+02  .50000E-01    2  1495    -4    -5     T
   501  .16200E+02  .50000E-01    2  1497    -4    -5     T
   502  .16250E+02  .50000E-01    2  1499    -4    -5     T
   503  .16300E+02  .50000E-01    2  1501    -4    -5     T
   504  .16350E+02  .50000E-01    2  1503    -4    -5     T
   505  .16400E+02  .50000E-01    2  1505    -4    -5     T
   506  .16450E+02  .50000E-01    2  1507    -4    -5     T
   507  .16500E+02  .50000E-01    2  1509    -4    -5     T
   508  .16550E+02  .50000E-01    2  1511    -4    -5     T
   509  .16600E+02  .50000E-01    2  1513    -4    -5     T
   510  .16650E+02  .50000E-01    2  1515    -4    -5     T
   511  .16700E+02  .50000E-01    2  1517    -4    -5     T
   512  .16750E+02  .50000E-01    2  1519    -4    -5     T
   513  .16800E+02  .50000E-01    2  1521    -4    -5     T
   514  .16850E+02  .50000E-01    2  1523    -4    -5     T
   515  .16900E+02  .50000E-01    2  1525    -4    -5     T
   516  .16950E+02  .50000E-01    2  1527    -4    -5     T
   517  .17000E+02  .50000E-01    2  1529    -4    -5     T
   518  .17050E+02  .50000E-01    2  1531    -4    -5     T
   519  .17100E+02  .50000E-01    2  1533    -4    -5     T
   520  .17150E+02  .50000E-01    2  1535    -4    -5     T
   521  .17200E+02  .50000E-01    2  1537    -4    -5     T
   522  .17250E+02  .50000E-01    2  1539    -4    -5     T
   523  .17300E+02  .50000E-01    2  1541    -4    -5     T
   524  .17350E+02  .50000E-01    2  1543    -4    -5     T
   525  .17400E+02  .50000E-01    2  1545    -4    -5     T
   526  .17450E+02  .50000E-01    2  1547    -4    -5     T
   527  .17500E+02  .50000E-01    2  1549    -4    -5     T
   528  .17550E+02  .50000E-01    2  1551    -4    -5     T
   529  .17600E+02  .50000E-01    2  1553    -4    -5     T
   530  .17650E+02  .50000E-01    2  1555    -4    -5     T
   531  .17700E+02  .50000E-01    2  1557    -4    -5     T
   532  .17750E+02  .50000E-01    2  1559    -4    -5     T
   533  .17800E+02  .50000E-01    2  1561    -4    -5     T
   534  .17850E+02  .50000E-01    2  1563    -4    -5     T
   535  .17900E+02  .50000E-01    2  1565    -4    -5     T
   536  .17950E+02  .50000E-01    2  1567    -4    -5     T
   537  .18000E+02  .50000E-01    2  1569    -4    -5     T
   538  .18050E+02  .50000E-01    2  1571    -4    -5     T
   539  .18100E+02  .50000E-01    2  1573    -4    -5     T
   540  .18150E+02  .50000E-01    2  1575    -4    -5     T
   541  .18200E+02  .50000E-01    2  1577    -4    -5     T
   542  .18250E+02  .50000E-01    2  1579    -4    -5     T
   543  .18300E+02  .50000E-01    2  1581    -4    -5     T
   544  .18350E+02  .50000E-01    2  1583    -4    -5     T
   545  .18400E+02  .50000E-01    2  1585    -4    -5     T
   546  .18450E+02  .50000E-01    2  1587    -4    -5     T
   547  .18500E+02  .50000E-01    2  1589    -4    -5     T
   548  .18550E+02  .50000E-01    2  1591    -4    -5     T
   549  .18600E+02  .50000E-01    2  1593    -4    -5     T
   550  .18650E+02  .50000E-01    2  1595    -4    -5     T
   551  .18700E+02  .50000E-01    2  1597    -4    -5     T
   552  .18750E+02  .50000E-01    2  1599    -4    -5     T
   553  .18800E+02  .50000E-01    2  1601    -4    -5     T
   554  .18850E+02  .50000E-01    2  1603    -4    -5     T
   555  .18900E+02  .50000E-01    2  1605    -4    -5     T
   556  .18950E+02  .50000E-01    2  1607    -4    -5     T
   557  .19000E+02  .50000E-01    2  1609    -4    -5     T
   558  .19050E+02  .50000E-01    2  1611    -4    -5     T
   559  .19100E+02  .50000E-01    2  1613    -4    -5     T
   560  .19150E+02  .50000E-01    2  1615    -4    -5     T
   561  .19200E+02  .50000E-01    2  1617    -4    -5     T
   562  .19250E+02  .50000E-01    2  1619    -4    -5     T
   563  .19300E+02  .50000E-01    2  1621    -4    -5     T
   564  .19350E+02  .50000E-01    2  1623    -4    -5     T
   565  .19400E+02  .50000E-01    2  1625    -4    -5     T
   566  .19450E+02  .50000E-01    2  1627    -4    -5     T
   567  .19500E+02  .50000E-01    2  1629    -4    -5     T
   568  .19550E+02  .50000E-01    2  1631    -4    -5     T
   569  .19600E+02  .50000E-01    2  1633    -4    -5     T
   570  .19650E+02  .50000E-01    2  1635    -4    -5     T
   571  .19700E+02  .50000E-01    2  1637    -4    -5     T
   572  .19750E+02  .50000E-01    2  1639    -4    -5     T
   573  .19800E+02  .50000E-01    2  1641    -4    -5     T
   574  .19850E+02  .50000E-01    2  1643    -4    -5     T
   575  .19900E+02  .50000E-01    2  1645    -4    -5     T
   576  .19950E+02  .50000E-01    2  1647    -4    -5     T
   577  .19975E+02  .25030E-01    2  1649    -4    -5     T
   578  .20000E+02  .25030E-01    2  1651    -4    -5     T
   579  .20050E+02  .50000E-01    2  1653    -4    -5     T
   580  .20100E+02  .50000E-01    2  1655    -4    -5     T
   581  .20150E+02  .50000E-01    2  1657    -4    -5     T
   582  .20200E+02  .50000E-01    2  1659    -4    -5     T
   583  .20250E+02  .50000E-01    2  1661    -4    -5     T
   584  .20300E+02  .50000E-01    2  1663    -4    -5     T
   585  .20350E+02  .50000E-01    2  1665    -4    -5     T
   586  .20400E+02  .50000E-01    2  1667    -4    -5     T
   587  .20450E+02  .50000E-01    2  1669    -4    -5     T
   588  .20500E+02  .50000E-01    2  1671    -4    -5     T
   589  .20550E+02  .50000E-01    2  1673    -4    -5     T
   590  .20600E+02  .50000E-01    2  1675    -4    -5     T
   591  .20650E+02  .50000E-01    2  1677    -4    -5     T
   592  .20700E+02  .50000E-01    2  1679    -4    -5     T
   593  .20750E+02  .50000E-01    2  1681    -4    -5     T
   594  .20800E+02  .50000E-01    2  1683    -4    -5     T
   595  .20850E+02  .50000E-01    2  1685    -4    -5     T
   596  .20900E+02  .50000E-01    2  1687    -4    -5     T
   597  .20950E+02  .50000E-01    2  1689    -4    -5     T
   598  .21000E+02  .50000E-01    2  1691    -4    -5     T
   599  .21050E+02  .50000E-01    2  1693    -4    -5     T
   600  .21100E+02  .50000E-01    2  1695    -4    -5     T
   601  .21150E+02  .50000E-01    2  1697    -4    -5     T
   602  .21200E+02  .50000E-01    2  1699    -4    -5     T
   603  .21250E+02  .50000E-01    2  1701    -4    -5     T
   604  .21300E+02  .50000E-01    2  1703    -4    -5     T
   605  .21350E+02  .50000E-01    2  1705    -4    -5     T
   606  .21400E+02  .50000E-01    2  1707    -4    -5     T
   607  .21450E+02  .50000E-01    2  1709    -4    -5     T
   608  .21500E+02  .50000E-01    2  1711    -4    -5     T
   609  .21550E+02  .50000E-01    2  1713    -4    -5     T
   610  .21600E+02  .50000E-01    2  1715    -4    -5     T
   611  .21650E+02  .50000E-01    2  1717    -4    -5     T
   612  .21700E+02  .50000E-01    2  1719    -4    -5     T
   613  .21750E+02  .50000E-01    2  1721    -4    -5     T
   614  .21800E+02  .50000E-01    2  1723    -4    -5     T
   615  .21850E+02  .50000E-01    2  1725    -4    -5     T
   616  .21900E+02  .50000E-01    2  1727    -4    -5     T
   617  .21950E+02  .50000E-01    2  1729    -4    -5     T
   618  .22000E+02  .50000E-01    2  1731    -4    -5     T
   619  .22050E+02  .50000E-01    2  1733    -4    -5     T
   620  .22100E+02  .50000E-01    2  1735    -4    -5     T
   621  .22150E+02  .50000E-01    2  1737    -4    -5     T
   622  .22200E+02  .50000E-01    2  1739    -4    -5     T
   623  .22250E+02  .50000E-01    2  1741    -4    -5     T
   624  .22300E+02  .50000E-01    2  1743    -4    -5     T
   625  .22350E+02  .50000E-01    2  1745    -4    -5     T
   626  .22400E+02  .50000E-01    2  1747    -4    -5     T
   627  .22450E+02  .50000E-01    2  1749    -4    -5     T
   628  .22500E+02  .50000E-01    2  1751    -4    -5     T
   629  .22550E+02  .50000E-01    2  1753    -4    -5     T
   630  .22600E+02  .50000E-01    2  1755    -4    -5     T
   631  .22650E+02  .50000E-01    2  1757    -4    -5     T
   632  .22700E+02  .50000E-01    2  1759    -4    -5     T
   633  .22750E+02  .50000E-01    2  1761    -4    -5     T
   634  .22800E+02  .50000E-01    2  1763    -4    -5     T
   635  .22850E+02  .50000E-01    2  1765    -4    -5     T
   636  .22900E+02  .50000E-01    2  1767    -4    -5     T
   637  .22950E+02  .50000E-01    2  1769    -4    -5     T
   638  .23000E+02  .50000E-01    2  1771    -4    -5     T
   639  .23050E+02  .50000E-01    2  1773    -4    -5     T
   640  .23100E+02  .50000E-01    2  1775    -4    -5     T
   641  .23150E+02  .50000E-01    2  1777    -4    -5     T
   642  .23200E+02  .50000E-01    2  1779    -4    -5     T
   643  .23250E+02  .50000E-01    2  1781    -4    -5     T
   644  .23300E+02  .50000E-01    2  1783    -4    -5     T
   645  .23350E+02  .50000E-01    2  1785    -4    -5     T
   646  .23400E+02  .50000E-01    2  1787    -4    -5     T
   647  .23450E+02  .50000E-01    2  1789    -4    -5     T
   648  .23500E+02  .50000E-01    2  1791    -4    -5     T
   649  .23550E+02  .50000E-01    2  1793    -4    -5     T
   650  .23600E+02  .50000E-01    2  1795    -4    -5     T
   651  .23650E+02  .50000E-01    2  1797    -4    -5     T
   652  .23700E+02  .50000E-01    2  1799    -4    -5     T
   653  .23750E+02  .50000E-01    2  1801    -4    -5     T
   654  .23800E+02  .50000E-01    2  1803    -4    -5     T
   655  .23850E+02  .50000E-01    2  1805    -4    -5     T
   656  .23900E+02  .50000E-01    2  1807    -4    -5     T
   657  .23950E+02  .50000E-01    2  1809    -4    -5     T
   658  .23975E+02  .25030E-01    2  1811    -4    -5     T
   659  .24000E+02  .25030E-01    2  1813    -4    -5     T
end
 
 Real time [sec]       5.000000000000000
