 ******* Program HYDRUS
 ******* Welcome to HYDRUS-1D                                                   
  
 Date:   1.10.    Time:  14:16:20
 Units: L = cm   , T = min  , M = mmol 

       Time        rTop      rRoot      vTop       vRoot      vBot     sum(rTop) sum(rRoot)  sum(vTop) sum(vRoot)  sum(vBot)    hTop       hRoot      hBot      t-level
        [T]       [L/T]      [L/T]      [L/T]      [L/T]      [L/T]       [L]        [L]        [L]        [L]        [L]        [L]        [L]        [L]

        .00010   .000E+00   .000E+00  -.234E+01   .000E+00   .000E+00   .000E+00   .000E+00  -.234E-03   .000E+00   .000E+00  -.204E-04   .000E+00  -.228E+03       1
        .00023   .000E+00   .000E+00  -.230E+01   .000E+00   .000E+00   .000E+00   .000E+00  -.533E-03   .000E+00   .000E+00  -.204E-04   .000E+00  -.228E+03       2
        .00040   .000E+00   .000E+00  -.224E+01   .000E+00   .000E+00   .000E+00   .000E+00  -.912E-03   .000E+00   .000E+00  -.204E-04   .000E+00  -.228E+03       3
        .00062   .000E+00   .000E+00  -.217E+01   .000E+00   .000E+00   .000E+00   .000E+00  -.139E-02   .000E+00   .000E+00  -.204E-04   .000E+00  -.228E+03       4
        .00090   .000E+00   .000E+00  -.209E+01   .000E+00   .000E+00   .000E+00   .000E+00  -.198E-02   .000E+00   .000E+00  -.204E-04   .000E+00  -.228E+03       5
        .00128   .000E+00   .000E+00  -.201E+01   .000E+00   .000E+00   .000E+00   .000E+00  -.273E-02   .000E+00   .000E+00  -.204E-04   .000E+00  -.228E+03       6
        .00176   .000E+00   .000E+00  -.191E+01   .000E+00   .000E+00   .000E+00   .000E+00  -.365E-02   .000E+00   .000E+00  -.204E-04   .000E+00  -.228E+03       7
        .00239   .000E+00   .000E+00  -.180E+01   .000E+00   .000E+00   .000E+00   .000E+00  -.478E-02   .000E+00   .000E+00  -.204E-04   .000E+00  -.228E+03       8
        .00320   .000E+00   .000E+00  -.170E+01   .000E+00   .000E+00   .000E+00   .000E+00  -.617E-02   .000E+00   .000E+00  -.204E-04   .000E+00  -.228E+03       9
        .00426   .000E+00   .000E+00  -.158E+01   .000E+00   .000E+00   .000E+00   .000E+00  -.785E-02   .000E+00   .000E+00  -.204E-04   .000E+00  -.228E+03      10
        .00564   .000E+00   .000E+00  -.147E+01   .000E+00   .000E+00   .000E+00   .000E+00  -.987E-02   .000E+00   .000E+00  -.204E-04   .000E+00  -.228E+03      11
        .00743   .000E+00   .000E+00  -.135E+01   .000E+00   .000E+00   .000E+00   .000E+00  -.123E-01   .000E+00   .000E+00  -.204E-04   .000E+00  -.228E+03      12
        .00976   .000E+00   .000E+00  -.123E+01   .000E+00   .000E+00   .000E+00   .000E+00  -.152E-01   .000E+00   .000E+00  -.204E-04   .000E+00  -.228E+03      13
        .01209   .000E+00   .000E+00  -.115E+01   .000E+00   .000E+00   .000E+00   .000E+00  -.178E-01   .000E+00   .000E+00  -.204E-04   .000E+00  -.228E+03      14
        .01512   .000E+00   .000E+00  -.106E+01   .000E+00   .000E+00   .000E+00   .000E+00  -.211E-01   .000E+00   .000E+00  -.204E-04   .000E+00  -.228E+03      15
        .01906   .000E+00   .000E+00  -.973E+00   .000E+00   .000E+00   .000E+00   .000E+00  -.249E-01   .000E+00   .000E+00  -.204E-04   .000E+00  -.228E+03      16
        .02418   .000E+00   .000E+00  -.889E+00   .000E+00   .000E+00   .000E+00   .000E+00  -.294E-01   .000E+00   .000E+00  -.204E-04   .000E+00  -.228E+03      17
        .02929   .000E+00   .000E+00  -.824E+00   .000E+00   .000E+00   .000E+00   .000E+00  -.336E-01   .000E+00   .000E+00  -.204E-04   .000E+00  -.228E+03      18
        .03595   .000E+00   .000E+00  -.758E+00   .000E+00   .000E+00   .000E+00   .000E+00  -.387E-01   .000E+00   .000E+00  -.204E-04   .000E+00  -.228E+03      19
        .04260   .000E+00   .000E+00  -.707E+00   .000E+00   .000E+00   .000E+00   .000E+00  -.434E-01   .000E+00   .000E+00  -.204E-04   .000E+00  -.228E+03      20
        .05125   .000E+00   .000E+00  -.654E+00   .000E+00   .000E+00   .000E+00   .000E+00  -.491E-01   .000E+00   .000E+00  -.204E-04   .000E+00  -.228E+03      21
        .06250   .000E+00   .000E+00  -.600E+00   .000E+00   .000E+00   .000E+00   .000E+00  -.558E-01   .000E+00   .000E+00  -.204E-04   .000E+00  -.228E+03      22
        .07711   .000E+00   .000E+00  -.547E+00   .000E+00   .000E+00   .000E+00   .000E+00  -.638E-01   .000E+00   .000E+00  -.204E-04   .000E+00  -.228E+03      23
        .09172   .000E+00   .000E+00  -.506E+00   .000E+00   .000E+00   .000E+00   .000E+00  -.712E-01   .000E+00   .000E+00  -.204E-04   .000E+00  -.228E+03      24
        .11071   .000E+00   .000E+00  -.465E+00   .000E+00   .000E+00   .000E+00   .000E+00  -.800E-01   .000E+00   .000E+00  -.204E-04   .000E+00  -.228E+03      25
        .12970   .000E+00   .000E+00  -.432E+00   .000E+00   .000E+00   .000E+00   .000E+00  -.882E-01   .000E+00   .000E+00  -.204E-04   .000E+00  -.228E+03      26
        .15443   .000E+00   .000E+00  -.399E+00   .000E+00   .000E+00   .000E+00   .000E+00  -.981E-01   .000E+00   .000E+00  -.204E-04   .000E+00  -.228E+03      27
        .17916   .000E+00   .000E+00  -.373E+00   .000E+00   .000E+00   .000E+00   .000E+00  -.107E+00   .000E+00   .000E+00  -.204E-04   .000E+00  -.228E+03      28
        .20389   .000E+00   .000E+00  -.352E+00   .000E+00   .000E+00   .000E+00   .000E+00  -.116E+00   .000E+00   .000E+00  -.204E-04   .000E+00  -.228E+03      29
        .23603   .000E+00   .000E+00  -.330E+00   .000E+00   .000E+00   .000E+00   .000E+00  -.127E+00   .000E+00   .000E+00  -.204E-04   .000E+00  -.228E+03      30
        .26818   .000E+00   .000E+00  -.311E+00   .000E+00   .000E+00   .000E+00   .000E+00  -.137E+00   .000E+00   .000E+00  -.204E-04   .000E+00  -.228E+03      31
        .30032   .000E+00   .000E+00  -.297E+00   .000E+00   .000E+00   .000E+00   .000E+00  -.146E+00   .000E+00   .000E+00  -.204E-04   .000E+00  -.228E+03      32
        .33246   .000E+00   .000E+00  -.284E+00   .000E+00   .000E+00   .000E+00   .000E+00  -.155E+00   .000E+00   .000E+00  -.204E-04   .000E+00  -.228E+03      33
        .37428   .000E+00   .000E+00  -.271E+00   .000E+00   .000E+00   .000E+00   .000E+00  -.167E+00   .000E+00   .000E+00  -.204E-04   .000E+00  -.228E+03      34
        .41610   .000E+00   .000E+00  -.259E+00   .000E+00   .000E+00   .000E+00   .000E+00  -.177E+00   .000E+00   .000E+00  -.204E-04   .000E+00  -.228E+03      35
        .47048   .000E+00   .000E+00  -.246E+00   .000E+00   .000E+00   .000E+00   .000E+00  -.191E+00   .000E+00   .000E+00  -.204E-04   .000E+00  -.228E+03      36
        .52487   .000E+00   .000E+00  -.235E+00   .000E+00   .000E+00   .000E+00   .000E+00  -.204E+00   .000E+00   .000E+00  -.204E-04   .000E+00  -.228E+03      37
        .57925   .000E+00   .000E+00  -.225E+00   .000E+00   .000E+00   .000E+00   .000E+00  -.216E+00   .000E+00   .000E+00  -.204E-04   .000E+00  -.228E+03      38
        .64975   .000E+00   .000E+00  -.214E+00   .000E+00   .000E+00   .000E+00   .000E+00  -.231E+00   .000E+00   .000E+00  -.204E-04   .000E+00  -.228E+03      39
        .74129   .000E+00   .000E+00  -.201E+00   .000E+00   .000E+00   .000E+00   .000E+00  -.249E+00   .000E+00   .000E+00  -.204E-04   .000E+00  -.228E+03      40
        .83282   .000E+00   .000E+00  -.190E+00   .000E+00   .000E+00   .000E+00   .000E+00  -.267E+00   .000E+00   .000E+00  -.204E-04   .000E+00  -.228E+03      41
        .92435   .000E+00   .000E+00  -.180E+00   .000E+00   .000E+00   .000E+00   .000E+00  -.283E+00   .000E+00   .000E+00  -.204E-04   .000E+00  -.228E+03      42
       1.01589   .000E+00   .000E+00  -.171E+00   .000E+00   .000E+00   .000E+00   .000E+00  -.299E+00   .000E+00   .000E+00  -.204E-04   .000E+00  -.228E+03      43
       1.10742   .000E+00   .000E+00  -.163E+00   .000E+00   .000E+00   .000E+00   .000E+00  -.314E+00   .000E+00   .000E+00  -.204E-04   .000E+00  -.228E+03      44
       1.19896   .000E+00   .000E+00  -.156E+00   .000E+00   .000E+00   .000E+00   .000E+00  -.328E+00   .000E+00   .000E+00  -.204E-04   .000E+00  -.228E+03      45
       1.29049   .000E+00   .000E+00  -.150E+00   .000E+00   .000E+00   .000E+00   .000E+00  -.342E+00   .000E+00   .000E+00  -.204E-04   .000E+00  -.228E+03      46
       1.38202   .000E+00   .000E+00  -.144E+00   .000E+00   .000E+00   .000E+00   .000E+00  -.355E+00   .000E+00   .000E+00  -.204E-04   .000E+00  -.228E+03      47
       1.47356   .000E+00   .000E+00  -.140E+00   .000E+00   .000E+00   .000E+00   .000E+00  -.368E+00   .000E+00   .000E+00  -.204E-04   .000E+00  -.228E+03      48
       1.59318   .000E+00   .000E+00  -.135E+00   .000E+00   .000E+00   .000E+00   .000E+00  -.384E+00   .000E+00   .000E+00  -.204E-04   .000E+00  -.228E+03      49
       1.71280   .000E+00   .000E+00  -.130E+00   .000E+00   .000E+00   .000E+00   .000E+00  -.399E+00   .000E+00   .000E+00  -.204E-04   .000E+00  -.228E+03      50
       1.83242   .000E+00   .000E+00  -.125E+00   .000E+00   .000E+00   .000E+00   .000E+00  -.414E+00   .000E+00   .000E+00  -.204E-04   .000E+00  -.228E+03      51
       1.95203   .000E+00   .000E+00  -.122E+00   .000E+00   .000E+00   .000E+00   .000E+00  -.429E+00   .000E+00   .000E+00  -.204E-04   .000E+00  -.228E+03      52
       2.07165   .000E+00   .000E+00  -.118E+00   .000E+00   .000E+00   .000E+00   .000E+00  -.443E+00   .000E+00   .000E+00  -.204E-04   .000E+00  -.228E+03      53
       2.22678   .000E+00   .000E+00  -.114E+00   .000E+00   .000E+00   .000E+00   .000E+00  -.461E+00   .000E+00   .000E+00  -.204E-04   .000E+00  -.228E+03      54
       2.38191   .000E+00   .000E+00  -.110E+00   .000E+00   .000E+00   .000E+00   .000E+00  -.478E+00   .000E+00   .000E+00  -.204E-04   .000E+00  -.228E+03      55
       2.53704   .000E+00   .000E+00  -.106E+00   .000E+00   .000E+00   .000E+00   .000E+00  -.494E+00   .000E+00   .000E+00  -.204E-04   .000E+00  -.228E+03      56
       2.69217   .000E+00   .000E+00  -.103E+00   .000E+00   .000E+00   .000E+00   .000E+00  -.510E+00   .000E+00   .000E+00  -.204E-04   .000E+00  -.228E+03      57
       2.84730   .000E+00   .000E+00  -.998E-01   .000E+00   .000E+00   .000E+00   .000E+00  -.525E+00   .000E+00   .000E+00  -.204E-04   .000E+00  -.228E+03      58
       3.00243   .000E+00   .000E+00  -.970E-01   .000E+00   .000E+00   .000E+00   .000E+00  -.541E+00   .000E+00   .000E+00  -.204E-04   .000E+00  -.228E+03      59
       3.20238   .000E+00   .000E+00  -.940E-01   .000E+00   .000E+00   .000E+00   .000E+00  -.559E+00   .000E+00   .000E+00  -.204E-04   .000E+00  -.228E+03      60
       3.40233   .000E+00   .000E+00  -.911E-01   .000E+00   .000E+00   .000E+00   .000E+00  -.578E+00   .000E+00   .000E+00  -.204E-04   .000E+00  -.228E+03      61
       3.60227   .000E+00   .000E+00  -.885E-01   .000E+00   .000E+00   .000E+00   .000E+00  -.595E+00   .000E+00   .000E+00  -.204E-04   .000E+00  -.228E+03      62
       3.80222   .000E+00   .000E+00  -.861E-01   .000E+00   .000E+00   .000E+00   .000E+00  -.612E+00   .000E+00   .000E+00  -.204E-04   .000E+00  -.228E+03      63
       4.00216   .000E+00   .000E+00  -.838E-01   .000E+00   .000E+00   .000E+00   .000E+00  -.629E+00   .000E+00   .000E+00  -.204E-04   .000E+00  -.228E+03      64
       4.26016   .000E+00   .000E+00  -.813E-01   .000E+00   .000E+00   .000E+00   .000E+00  -.650E+00   .000E+00   .000E+00  -.204E-04   .000E+00  -.228E+03      65
       4.51815   .000E+00   .000E+00  -.789E-01   .000E+00   .000E+00   .000E+00   .000E+00  -.671E+00   .000E+00   .000E+00  -.204E-04   .000E+00  -.228E+03      66
       4.77615   .000E+00   .000E+00  -.766E-01   .000E+00   .000E+00   .000E+00   .000E+00  -.690E+00   .000E+00   .000E+00  -.204E-04   .000E+00  -.228E+03      67
       5.03414   .000E+00   .000E+00  -.746E-01   .000E+00   .000E+00   .000E+00   .000E+00  -.710E+00   .000E+00   .000E+00  -.204E-04   .000E+00  -.228E+03      68
       5.29214   .000E+00   .000E+00  -.727E-01   .000E+00   .000E+00   .000E+00   .000E+00  -.728E+00   .000E+00   .000E+00  -.204E-04   .000E+00  -.228E+03      69
       5.55013   .000E+00   .000E+00  -.709E-01   .000E+00   .000E+00   .000E+00   .000E+00  -.747E+00   .000E+00   .000E+00  -.204E-04   .000E+00  -.228E+03      70
       5.80813   .000E+00   .000E+00  -.694E-01   .000E+00   .000E+00   .000E+00   .000E+00  -.764E+00   .000E+00   .000E+00  -.204E-04   .000E+00  -.228E+03      71
       6.06612   .000E+00   .000E+00  -.678E-01   .000E+00   .000E+00   .000E+00   .000E+00  -.782E+00   .000E+00   .000E+00  -.204E-04   .000E+00  -.228E+03      72
       6.41517   .000E+00   .000E+00  -.659E-01   .000E+00   .000E+00   .000E+00   .000E+00  -.805E+00   .000E+00   .000E+00  -.204E-04   .000E+00  -.228E+03      73
       6.76422   .000E+00   .000E+00  -.642E-01   .000E+00   .000E+00   .000E+00   .000E+00  -.827E+00   .000E+00   .000E+00  -.204E-04   .000E+00  -.228E+03      74
       7.11328   .000E+00   .000E+00  -.625E-01   .000E+00   .000E+00   .000E+00   .000E+00  -.849E+00   .000E+00   .000E+00  -.204E-04   .000E+00  -.228E+03      75
       7.46233   .000E+00   .000E+00  -.611E-01   .000E+00   .000E+00   .000E+00   .000E+00  -.871E+00   .000E+00   .000E+00  -.204E-04   .000E+00  -.228E+03      76
       7.81138   .000E+00   .000E+00  -.596E-01   .000E+00   .000E+00   .000E+00   .000E+00  -.891E+00   .000E+00   .000E+00  -.204E-04   .000E+00  -.228E+03      77
       8.27678   .000E+00   .000E+00  -.579E-01   .000E+00   .000E+00   .000E+00   .000E+00  -.918E+00   .000E+00   .000E+00  -.204E-04   .000E+00  -.228E+03      78
       8.74218   .000E+00   .000E+00  -.563E-01   .000E+00   .000E+00   .000E+00   .000E+00  -.944E+00   .000E+00   .000E+00  -.204E-04   .000E+00  -.228E+03      79
       9.20759   .000E+00   .000E+00  -.549E-01   .000E+00   .000E+00   .000E+00   .000E+00  -.970E+00   .000E+00   .000E+00  -.204E-04   .000E+00  -.228E+03      80
       9.67299   .000E+00   .000E+00  -.535E-01   .000E+00   .000E+00   .000E+00   .000E+00  -.995E+00   .000E+00   .000E+00  -.204E-04   .000E+00  -.228E+03      81
      10.13839   .000E+00   .000E+00  -.523E-01   .000E+00   .000E+00   .000E+00   .000E+00  -.102E+01   .000E+00   .000E+00  -.204E-04   .000E+00  -.228E+03      82
      10.60379   .000E+00   .000E+00  -.510E-01   .000E+00   .000E+00   .000E+00   .000E+00  -.104E+01   .000E+00   .000E+00  -.204E-04   .000E+00  -.228E+03      83
      11.06920   .000E+00   .000E+00  -.499E-01   .000E+00   .000E+00   .000E+00   .000E+00  -.107E+01   .000E+00   .000E+00  -.204E-04   .000E+00  -.228E+03      84
      11.53460   .000E+00   .000E+00  -.489E-01   .000E+00   .000E+00   .000E+00   .000E+00  -.109E+01   .000E+00   .000E+00  -.204E-04   .000E+00  -.228E+03      85
      12.00000   .000E+00   .000E+00  -.479E-01   .000E+00   .000E+00   .000E+00   .000E+00  -.111E+01   .000E+00   .000E+00  -.204E-04   .000E+00  -.228E+03      86
      12.50000   .000E+00   .000E+00  -.470E-01   .000E+00   .000E+00   .000E+00   .000E+00  -.113E+01   .000E+00   .000E+00  -.204E-04   .000E+00  -.228E+03      87
      13.00000   .000E+00   .000E+00  -.460E-01   .000E+00   .000E+00   .000E+00   .000E+00  -.116E+01   .000E+00   .000E+00  -.204E-04   .000E+00  -.228E+03      88
      13.50000   .000E+00   .000E+00  -.452E-01   .000E+00   .000E+00   .000E+00   .000E+00  -.118E+01   .000E+00   .000E+00  -.204E-04   .000E+00  -.228E+03      89
      14.00000   .000E+00   .000E+00  -.443E-01   .000E+00   .000E+00   .000E+00   .000E+00  -.120E+01   .000E+00   .000E+00  -.204E-04   .000E+00  -.228E+03      90
      14.50000   .000E+00   .000E+00  -.435E-01   .000E+00   .000E+00   .000E+00   .000E+00  -.122E+01   .000E+00   .000E+00  -.204E-04   .000E+00  -.228E+03      91
      15.00000   .000E+00   .000E+00  -.428E-01   .000E+00   .000E+00   .000E+00   .000E+00  -.125E+01   .000E+00   .000E+00  -.204E-04   .000E+00  -.228E+03      92
      15.50000   .000E+00   .000E+00  -.421E-01   .000E+00   .000E+00   .000E+00   .000E+00  -.127E+01   .000E+00   .000E+00  -.204E-04   .000E+00  -.228E+03      93
      16.00000   .000E+00   .000E+00  -.414E-01   .000E+00   .000E+00   .000E+00   .000E+00  -.129E+01   .000E+00   .000E+00  -.204E-04   .000E+00  -.228E+03      94
      16.50000   .000E+00   .000E+00  -.408E-01   .000E+00   .000E+00   .000E+00   .000E+00  -.131E+01   .000E+00   .000E+00  -.204E-04   .000E+00  -.228E+03      95
      17.00000   .000E+00   .000E+00  -.402E-01   .000E+00   .000E+00   .000E+00   .000E+00  -.133E+01   .000E+00   .000E+00  -.204E-04   .000E+00  -.228E+03      96
      17.50000   .000E+00   .000E+00  -.396E-01   .000E+00   .000E+00   .000E+00   .000E+00  -.135E+01   .000E+00   .000E+00  -.204E-04   .000E+00  -.228E+03      97
      17.91667   .000E+00   .000E+00  -.391E-01   .000E+00   .000E+00   .000E+00   .000E+00  -.136E+01   .000E+00   .000E+00  -.204E-04   .000E+00  -.228E+03      98
      18.33333   .000E+00   .000E+00  -.386E-01   .000E+00   .000E+00   .000E+00   .000E+00  -.138E+01   .000E+00   .000E+00  -.204E-04   .000E+00  -.228E+03      99
      18.88889   .000E+00   .000E+00  -.380E-01   .000E+00   .000E+00   .000E+00   .000E+00  -.140E+01   .000E+00   .000E+00  -.204E-04   .000E+00  -.228E+03     100
      19.44444   .000E+00   .000E+00  -.375E-01   .000E+00   .000E+00   .000E+00   .000E+00  -.142E+01   .000E+00   .000E+00  -.204E-04   .000E+00  -.228E+03     101
      20.00000   .000E+00   .000E+00  -.370E-01   .000E+00   .000E+00   .000E+00   .000E+00  -.144E+01   .000E+00   .000E+00  -.204E-04   .000E+00  -.228E+03     102
      20.57143   .000E+00   .000E+00  -.365E-01   .000E+00   .000E+00   .000E+00   .000E+00  -.146E+01   .000E+00   .000E+00  -.204E-04   .000E+00  -.228E+03     103
      21.25714   .000E+00   .000E+00  -.359E-01   .000E+00   .000E+00   .000E+00   .000E+00  -.149E+01   .000E+00   .000E+00  -.204E-04   .000E+00  -.228E+03     104
      21.94286   .000E+00   .000E+00  -.353E-01   .000E+00   .000E+00   .000E+00   .000E+00  -.151E+01   .000E+00   .000E+00  -.204E-04   .000E+00  -.228E+03     105
      22.62857   .000E+00   .000E+00  -.348E-01   .000E+00   .000E+00   .000E+00   .000E+00  -.154E+01   .000E+00   .000E+00  -.204E-04   .000E+00  -.228E+03     106
      23.31429   .000E+00   .000E+00  -.342E-01   .000E+00   .000E+00   .000E+00   .000E+00  -.156E+01   .000E+00   .000E+00  -.204E-04   .000E+00  -.228E+03     107
      24.00000   .000E+00   .000E+00  -.337E-01   .000E+00   .000E+00   .000E+00   .000E+00  -.158E+01   .000E+00   .000E+00  -.204E-04   .000E+00  -.228E+03     108
      24.77778   .000E+00   .000E+00  -.332E-01   .000E+00   .000E+00   .000E+00   .000E+00  -.161E+01   .000E+00   .000E+00  -.204E-04   .000E+00  -.228E+03     109
      25.55556   .000E+00   .000E+00  -.327E-01   .000E+00   .000E+00   .000E+00   .000E+00  -.163E+01   .000E+00   .000E+00  -.204E-04   .000E+00  -.228E+03     110
      26.33333   .000E+00   .000E+00  -.322E-01   .000E+00   .000E+00   .000E+00   .000E+00  -.166E+01   .000E+00   .000E+00  -.204E-04   .000E+00  -.228E+03     111
      27.11111   .000E+00   .000E+00  -.317E-01   .000E+00   .000E+00   .000E+00   .000E+00  -.168E+01   .000E+00   .000E+00  -.204E-04   .000E+00  -.228E+03     112
      27.88889   .000E+00   .000E+00  -.313E-01   .000E+00   .000E+00   .000E+00   .000E+00  -.171E+01   .000E+00   .000E+00  -.204E-04   .000E+00  -.228E+03     113
      28.66667   .000E+00   .000E+00  -.309E-01   .000E+00   .000E+00   .000E+00   .000E+00  -.173E+01   .000E+00   .000E+00  -.204E-04   .000E+00  -.228E+03     114
      29.44444   .000E+00   .000E+00  -.304E-01   .000E+00   .000E+00   .000E+00   .000E+00  -.176E+01   .000E+00   .000E+00  -.204E-04   .000E+00  -.228E+03     115
      30.22222   .000E+00   .000E+00  -.300E-01   .000E+00   .000E+00   .000E+00   .000E+00  -.178E+01   .000E+00   .000E+00  -.204E-04   .000E+00  -.228E+03     116
      31.00000   .000E+00   .000E+00  -.297E-01   .000E+00   .000E+00   .000E+00   .000E+00  -.180E+01   .000E+00   .000E+00  -.204E-04   .000E+00  -.228E+03     117
      32.00000   .000E+00   .000E+00  -.292E-01   .000E+00   .000E+00   .000E+00   .000E+00  -.183E+01   .000E+00   .000E+00  -.204E-04   .000E+00  -.228E+03     118
      33.00000   .000E+00   .000E+00  -.287E-01   .000E+00   .000E+00   .000E+00   .000E+00  -.186E+01   .000E+00   .000E+00  -.204E-04   .000E+00  -.228E+03     119
      34.00000   .000E+00   .000E+00  -.283E-01   .000E+00   .000E+00   .000E+00   .000E+00  -.189E+01   .000E+00   .000E+00  -.204E-04   .000E+00  -.228E+03     120
      35.00000   .000E+00   .000E+00  -.279E-01   .000E+00   .000E+00   .000E+00   .000E+00  -.192E+01   .000E+00   .000E+00  -.204E-04   .000E+00  -.228E+03     121
      36.00000   .000E+00   .000E+00  -.275E-01   .000E+00   .000E+00   .000E+00   .000E+00  -.194E+01   .000E+00   .000E+00  -.204E-04   .000E+00  -.228E+03     122
      36.83333   .000E+00   .000E+00  -.272E-01   .000E+00   .000E+00   .000E+00   .000E+00  -.197E+01   .000E+00   .000E+00  -.204E-04   .000E+00  -.228E+03     123
      37.66666   .000E+00   .000E+00  -.269E-01   .000E+00   .000E+00   .000E+00   .000E+00  -.199E+01   .000E+00   .000E+00  -.204E-04   .000E+00  -.228E+03     124
      38.50000   .000E+00   .000E+00  -.266E-01   .000E+00   .000E+00   .000E+00   .000E+00  -.201E+01   .000E+00   .000E+00  -.204E-04   .000E+00  -.228E+03     125
      39.37500   .000E+00   .000E+00  -.263E-01   .000E+00   .000E+00   .000E+00   .000E+00  -.203E+01   .000E+00   .000E+00  -.204E-04   .000E+00  -.228E+03     126
      40.25000   .000E+00   .000E+00  -.260E-01   .000E+00   .000E+00   .000E+00   .000E+00  -.206E+01   .000E+00   .000E+00  -.204E-04   .000E+00  -.228E+03     127
      41.12500   .000E+00   .000E+00  -.257E-01   .000E+00   .000E+00   .000E+00   .000E+00  -.208E+01   .000E+00   .000E+00  -.204E-04   .000E+00  -.228E+03     128
      42.00000   .000E+00   .000E+00  -.254E-01   .000E+00   .000E+00   .000E+00   .000E+00  -.210E+01   .000E+00   .000E+00  -.204E-04   .000E+00  -.228E+03     129
      42.90000   .000E+00   .000E+00  -.252E-01   .000E+00   .000E+00   .000E+00   .000E+00  -.212E+01   .000E+00   .000E+00  -.204E-04   .000E+00  -.228E+03     130
      44.10000   .000E+00   .000E+00  -.248E-01   .000E+00   .000E+00   .000E+00   .000E+00  -.215E+01   .000E+00   .000E+00  -.204E-04   .000E+00  -.228E+03     131
      45.30000   .000E+00   .000E+00  -.245E-01   .000E+00   .000E+00   .000E+00   .000E+00  -.218E+01   .000E+00   .000E+00  -.204E-04   .000E+00  -.228E+03     132
      46.50000   .000E+00   .000E+00  -.242E-01   .000E+00   .000E+00   .000E+00   .000E+00  -.221E+01   .000E+00   .000E+00  -.204E-04   .000E+00  -.228E+03     133
      47.87500   .000E+00   .000E+00  -.238E-01   .000E+00   .000E+00   .000E+00   .000E+00  -.225E+01   .000E+00   .000E+00  -.204E-04   .000E+00  -.228E+03     134
      49.25000   .000E+00   .000E+00  -.235E-01   .000E+00   .000E+00   .000E+00   .000E+00  -.228E+01   .000E+00   .000E+00  -.204E-04   .000E+00  -.228E+03     135
      50.62500   .000E+00   .000E+00  -.232E-01   .000E+00   .000E+00   .000E+00   .000E+00  -.231E+01   .000E+00   .000E+00  -.204E-04   .000E+00  -.228E+03     136
      52.00000   .000E+00   .000E+00  -.229E-01   .000E+00   .000E+00   .000E+00   .000E+00  -.234E+01   .000E+00   .000E+00  -.204E-04   .000E+00  -.228E+03     137
      53.00000   .000E+00   .000E+00  -.227E-01   .000E+00   .000E+00   .000E+00   .000E+00  -.236E+01   .000E+00   .000E+00  -.204E-04   .000E+00  -.228E+03     138
      54.75000   .000E+00   .000E+00  -.223E-01   .000E+00   .000E+00   .000E+00   .000E+00  -.240E+01   .000E+00   .000E+00  -.204E-04   .000E+00  -.228E+03     139
      56.50000   .000E+00   .000E+00  -.219E-01   .000E+00   .000E+00   .000E+00   .000E+00  -.244E+01   .000E+00   .000E+00  -.204E-04   .000E+00  -.228E+03     140
      58.25000   .000E+00   .000E+00  -.216E-01   .000E+00   .000E+00   .000E+00   .000E+00  -.248E+01   .000E+00   .000E+00  -.204E-04   .000E+00  -.228E+03     141
      60.00000   .000E+00   .000E+00  -.213E-01   .000E+00   .000E+00   .000E+00   .000E+00  -.252E+01   .000E+00   .000E+00  -.204E-04   .000E+00  -.228E+03     142
      61.50000   .000E+00   .000E+00  -.210E-01   .000E+00   .000E+00   .000E+00   .000E+00  -.255E+01   .000E+00   .000E+00  -.204E-04   .000E+00  -.228E+03     143
      63.06250   .000E+00   .000E+00  -.208E-01   .000E+00   .000E+00   .000E+00   .000E+00  -.258E+01   .000E+00   .000E+00  -.204E-04   .000E+00  -.228E+03     144
      64.62500   .000E+00   .000E+00  -.205E-01   .000E+00   .000E+00   .000E+00   .000E+00  -.261E+01   .000E+00   .000E+00  -.204E-04   .000E+00  -.228E+03     145
      66.18750   .000E+00   .000E+00  -.203E-01   .000E+00   .000E+00   .000E+00   .000E+00  -.264E+01   .000E+00   .000E+00  -.204E-04   .000E+00  -.228E+03     146
      67.75000   .000E+00   .000E+00  -.201E-01   .000E+00   .000E+00   .000E+00   .000E+00  -.268E+01   .000E+00   .000E+00  -.204E-04   .000E+00  -.228E+03     147
      69.31250   .000E+00   .000E+00  -.198E-01   .000E+00   .000E+00   .000E+00   .000E+00  -.271E+01   .000E+00   .000E+00  -.204E-04   .000E+00  -.228E+03     148
      70.87500   .000E+00   .000E+00  -.196E-01   .000E+00   .000E+00   .000E+00   .000E+00  -.274E+01   .000E+00   .000E+00  -.204E-04   .000E+00  -.228E+03     149
      72.43750   .000E+00   .000E+00  -.194E-01   .000E+00   .000E+00   .000E+00   .000E+00  -.277E+01   .000E+00   .000E+00  -.204E-04   .000E+00  -.228E+03     150
      74.00000   .000E+00   .000E+00  -.192E-01   .000E+00   .000E+00   .000E+00   .000E+00  -.280E+01   .000E+00   .000E+00  -.204E-04   .000E+00  -.228E+03     151
      76.00000   .000E+00   .000E+00  -.189E-01   .000E+00   .000E+00   .000E+00   .000E+00  -.283E+01   .000E+00   .000E+00  -.204E-04   .000E+00  -.228E+03     152
      78.00000   .000E+00   .000E+00  -.187E-01   .000E+00   .000E+00   .000E+00   .000E+00  -.287E+01   .000E+00   .000E+00  -.204E-04   .000E+00  -.228E+03     153
      79.50000   .000E+00   .000E+00  -.185E-01   .000E+00   .000E+00   .000E+00   .000E+00  -.290E+01   .000E+00   .000E+00  -.204E-04   .000E+00  -.228E+03     154
      81.00000   .000E+00   .000E+00  -.183E-01   .000E+00   .000E+00   .000E+00   .000E+00  -.293E+01   .000E+00   .000E+00  -.204E-04   .000E+00  -.228E+03     155
      83.00000   .000E+00   .000E+00  -.181E-01   .000E+00   .000E+00   .000E+00   .000E+00  -.296E+01   .000E+00   .000E+00  -.204E-04   .000E+00  -.228E+03     156
      84.50000   .000E+00   .000E+00  -.179E-01   .000E+00   .000E+00   .000E+00   .000E+00  -.299E+01   .000E+00   .000E+00  -.204E-04   .000E+00  -.228E+03     157
      86.00000   .000E+00   .000E+00  -.178E-01   .000E+00   .000E+00   .000E+00   .000E+00  -.302E+01   .000E+00   .000E+00  -.204E-04   .000E+00  -.228E+03     158
      87.60000   .000E+00   .000E+00  -.176E-01   .000E+00   .000E+00   .000E+00   .000E+00  -.305E+01   .000E+00   .000E+00  -.204E-04   .000E+00  -.228E+03     159
      89.20000   .000E+00   .000E+00  -.175E-01   .000E+00   .000E+00   .000E+00   .000E+00  -.307E+01   .000E+00   .000E+00  -.204E-04   .000E+00  -.228E+03     160
      90.80000   .000E+00   .000E+00  -.173E-01   .000E+00   .000E+00   .000E+00   .000E+00  -.310E+01   .000E+00   .000E+00  -.204E-04   .000E+00  -.228E+03     161
      92.39999   .000E+00   .000E+00  -.171E-01   .000E+00   .000E+00   .000E+00   .000E+00  -.313E+01   .000E+00   .000E+00  -.204E-04   .000E+00  -.228E+03     162
      94.00000   .000E+00   .000E+00  -.170E-01   .000E+00   .000E+00   .000E+00   .000E+00  -.316E+01   .000E+00   .000E+00  -.204E-04   .000E+00  -.228E+03     163
      95.60000   .000E+00   .000E+00  -.168E-01   .000E+00   .000E+00   .000E+00   .000E+00  -.318E+01   .000E+00   .000E+00  -.204E-04   .000E+00  -.228E+03     164
      97.20000   .000E+00   .000E+00  -.167E-01   .000E+00   .000E+00   .000E+00   .000E+00  -.321E+01   .000E+00   .000E+00  -.204E-04   .000E+00  -.228E+03     165
      98.80000   .000E+00   .000E+00  -.166E-01   .000E+00   .000E+00   .000E+00   .000E+00  -.324E+01   .000E+00   .000E+00  -.204E-04   .000E+00  -.228E+03     166
     100.40000   .000E+00   .000E+00  -.164E-01   .000E+00   .000E+00   .000E+00   .000E+00  -.326E+01   .000E+00   .000E+00  -.204E-04   .000E+00  -.228E+03     167
     102.00000   .000E+00   .000E+00  -.163E-01   .000E+00   .000E+00   .000E+00   .000E+00  -.329E+01   .000E+00   .000E+00  -.204E-04   .000E+00  -.228E+03     168
     104.00000   .000E+00   .000E+00  -.162E-01   .000E+00   .000E+00   .000E+00   .000E+00  -.332E+01   .000E+00   .000E+00  -.204E-04   .000E+00  -.228E+03     169
     106.00000   .000E+00   .000E+00  -.160E-01   .000E+00   .000E+00   .000E+00   .000E+00  -.335E+01   .000E+00   .000E+00  -.204E-04   .000E+00  -.228E+03     170
     108.00000   .000E+00   .000E+00  -.159E-01   .000E+00   .000E+00   .000E+00   .000E+00  -.338E+01   .000E+00   .000E+00  -.204E-04   .000E+00  -.228E+03     171
     110.00000   .000E+00   .000E+00  -.157E-01   .000E+00   .000E+00   .000E+00   .000E+00  -.342E+01   .000E+00   .000E+00  -.204E-04   .000E+00  -.228E+03     172
     112.00000   .000E+00   .000E+00  -.156E-01   .000E+00   .000E+00   .000E+00   .000E+00  -.345E+01   .000E+00   .000E+00  -.204E-04   .000E+00  -.228E+03     173
     113.60000   .000E+00   .000E+00  -.155E-01   .000E+00   .000E+00   .000E+00   .000E+00  -.347E+01   .000E+00   .000E+00  -.204E-04   .000E+00  -.228E+03     174
     115.20000   .000E+00   .000E+00  -.153E-01   .000E+00   .000E+00   .000E+00   .000E+00  -.350E+01   .000E+00   .000E+00  -.204E-04   .000E+00  -.228E+03     175
     116.80000   .000E+00   .000E+00  -.152E-01   .000E+00   .000E+00   .000E+00   .000E+00  -.352E+01   .000E+00   .000E+00  -.204E-04   .000E+00  -.228E+03     176
     118.40000   .000E+00   .000E+00  -.151E-01   .000E+00   .000E+00   .000E+00   .000E+00  -.354E+01   .000E+00   .000E+00  -.204E-04   .000E+00  -.228E+03     177
     120.00000   .000E+00   .000E+00  -.150E-01   .000E+00   .000E+00   .000E+00   .000E+00  -.357E+01   .000E+00   .000E+00  -.204E-04   .000E+00  -.228E+03     178
     121.00000   .000E+00   .000E+00  -.150E-01   .000E+00   .000E+00   .000E+00   .000E+00  -.358E+01   .000E+00   .000E+00  -.204E-04   .000E+00  -.228E+03     179
     123.33330   .000E+00   .000E+00  -.148E-01   .000E+00   .000E+00   .000E+00   .000E+00  -.362E+01   .000E+00   .000E+00  -.204E-04   .000E+00  -.228E+03     180
     125.66670   .000E+00   .000E+00  -.147E-01   .000E+00   .000E+00   .000E+00   .000E+00  -.365E+01   .000E+00   .000E+00  -.204E-04   .000E+00  -.228E+03     181
     128.00000   .000E+00   .000E+00  -.146E-01   .000E+00   .000E+00   .000E+00   .000E+00  -.369E+01   .000E+00   .000E+00  -.204E-04   .000E+00  -.228E+03     182
     130.50000   .000E+00   .000E+00  -.144E-01   .000E+00   .000E+00   .000E+00   .000E+00  -.372E+01   .000E+00   .000E+00  -.204E-04   .000E+00  -.228E+03     183
     133.00000   .000E+00   .000E+00  -.143E-01   .000E+00   .000E+00   .000E+00   .000E+00  -.376E+01   .000E+00   .000E+00  -.204E-04   .000E+00  -.228E+03     184
     135.00000   .000E+00   .000E+00  -.142E-01   .000E+00   .000E+00   .000E+00   .000E+00  -.379E+01   .000E+00   .000E+00  -.204E-04   .000E+00  -.228E+03     185
     137.00000   .000E+00   .000E+00  -.141E-01   .000E+00   .000E+00   .000E+00   .000E+00  -.381E+01   .000E+00   .000E+00  -.204E-04   .000E+00  -.228E+03     186
     139.00000   .000E+00   .000E+00  -.140E-01   .000E+00   .000E+00   .000E+00   .000E+00  -.384E+01   .000E+00   .000E+00  -.204E-04   .000E+00  -.228E+03     187
     142.00000   .000E+00   .000E+00  -.138E-01   .000E+00   .000E+00   .000E+00   .000E+00  -.388E+01   .000E+00   .000E+00  -.204E-04   .000E+00  -.228E+03     188
     144.00000   .000E+00   .000E+00  -.137E-01   .000E+00   .000E+00   .000E+00   .000E+00  -.391E+01   .000E+00   .000E+00  -.204E-04   .000E+00  -.228E+03     189
     146.00000   .000E+00   .000E+00  -.136E-01   .000E+00   .000E+00   .000E+00   .000E+00  -.394E+01   .000E+00   .000E+00  -.204E-04   .000E+00  -.228E+03     190
     149.00000   .000E+00   .000E+00  -.135E-01   .000E+00   .000E+00   .000E+00   .000E+00  -.398E+01   .000E+00   .000E+00  -.204E-04   .000E+00  -.228E+03     191
     152.00000   .000E+00   .000E+00  -.134E-01   .000E+00   .000E+00   .000E+00   .000E+00  -.402E+01   .000E+00   .000E+00  -.204E-04   .000E+00  -.228E+03     192
     156.00000   .000E+00   .000E+00  -.132E-01   .000E+00   .000E+00   .000E+00   .000E+00  -.407E+01   .000E+00   .000E+00  -.204E-04   .000E+00  -.228E+03     193
     158.00000   .000E+00   .000E+00  -.131E-01   .000E+00   .000E+00   .000E+00   .000E+00  -.410E+01   .000E+00   .000E+00  -.204E-04   .000E+00  -.228E+03     194
     160.00000   .000E+00   .000E+00  -.130E-01   .000E+00   .000E+00   .000E+00   .000E+00  -.412E+01   .000E+00   .000E+00  -.204E-04   .000E+00  -.228E+03     195
     162.66670   .000E+00   .000E+00  -.129E-01   .000E+00   .000E+00   .000E+00   .000E+00  -.416E+01   .000E+00   .000E+00  -.204E-04   .000E+00  -.228E+03     196
     165.33330   .000E+00   .000E+00  -.128E-01   .000E+00   .000E+00   .000E+00   .000E+00  -.419E+01   .000E+00   .000E+00  -.204E-04   .000E+00  -.228E+03     197
     168.00000   .000E+00   .000E+00  -.127E-01   .000E+00   .000E+00   .000E+00   .000E+00  -.423E+01   .000E+00   .000E+00  -.204E-04   .000E+00  -.228E+03     198
     170.66670   .000E+00   .000E+00  -.126E-01   .000E+00   .000E+00   .000E+00   .000E+00  -.426E+01   .000E+00   .000E+00  -.204E-04   .000E+00  -.228E+03     199
     173.33330   .000E+00   .000E+00  -.125E-01   .000E+00   .000E+00   .000E+00   .000E+00  -.429E+01   .000E+00   .000E+00  -.204E-04   .000E+00  -.228E+03     200
     176.00000   .000E+00   .000E+00  -.124E-01   .000E+00   .000E+00   .000E+00   .000E+00  -.433E+01   .000E+00   .000E+00  -.204E-04   .000E+00  -.228E+03     201
     179.00000   .000E+00   .000E+00  -.123E-01   .000E+00   .000E+00   .000E+00   .000E+00  -.436E+01   .000E+00   .000E+00  -.204E-04   .000E+00  -.228E+03     202
     180.00000   .000E+00   .000E+00  -.123E-01   .000E+00   .000E+00   .000E+00   .000E+00  -.438E+01   .000E+00   .000E+00  -.204E-04   .000E+00  -.228E+03     203
     183.00000   .000E+00   .000E+00  -.122E-01   .000E+00   .000E+00   .000E+00   .000E+00  -.441E+01   .000E+00   .000E+00  -.204E-04   .000E+00  -.228E+03     204
     186.00000   .000E+00   .000E+00  -.121E-01   .000E+00   .000E+00   .000E+00   .000E+00  -.445E+01   .000E+00   .000E+00  -.204E-04   .000E+00  -.228E+03     205
     190.00000   .000E+00   .000E+00  -.119E-01   .000E+00   .000E+00   .000E+00   .000E+00  -.450E+01   .000E+00   .000E+00  -.204E-04   .000E+00  -.228E+03     206
     193.00000   .000E+00   .000E+00  -.119E-01   .000E+00   .000E+00   .000E+00   .000E+00  -.453E+01   .000E+00   .000E+00  -.204E-04   .000E+00  -.228E+03     207
     196.00000   .000E+00   .000E+00  -.118E-01   .000E+00   .000E+00   .000E+00   .000E+00  -.457E+01   .000E+00   .000E+00  -.204E-04   .000E+00  -.228E+03     208
     200.00000   .000E+00   .000E+00  -.116E-01   .000E+00   .000E+00   .000E+00   .000E+00  -.461E+01   .000E+00   .000E+00  -.204E-04   .000E+00  -.228E+03     209
     204.00000   .000E+00   .000E+00  -.115E-01   .000E+00   .000E+00   .000E+00   .000E+00  -.466E+01   .000E+00   .000E+00  -.204E-04   .000E+00  -.228E+03     210
     208.00000   .000E+00   .000E+00  -.114E-01   .000E+00   .000E+00   .000E+00   .000E+00  -.471E+01   .000E+00   .000E+00  -.204E-04   .000E+00  -.228E+03     211
     212.00000   .000E+00   .000E+00  -.113E-01   .000E+00   .000E+00   .000E+00   .000E+00  -.475E+01   .000E+00   .000E+00  -.204E-04   .000E+00  -.228E+03     212
     215.25000   .000E+00   .000E+00  -.112E-01   .000E+00   .000E+00   .000E+00   .000E+00  -.479E+01   .000E+00   .000E+00  -.204E-04   .000E+00  -.228E+03     213
     218.50000   .000E+00   .000E+00  -.111E-01   .000E+00   .000E+00   .000E+00   .000E+00  -.482E+01   .000E+00   .000E+00  -.204E-04   .000E+00  -.228E+03     214
     221.75000   .000E+00   .000E+00  -.111E-01   .000E+00   .000E+00   .000E+00   .000E+00  -.486E+01   .000E+00   .000E+00  -.204E-04   .000E+00  -.228E+03     215
     225.00000   .000E+00   .000E+00  -.110E-01   .000E+00   .000E+00   .000E+00   .000E+00  -.490E+01   .000E+00   .000E+00  -.204E-04   .000E+00  -.228E+03     216
     226.00000   .000E+00   .000E+00  -.110E-01   .000E+00   .000E+00   .000E+00   .000E+00  -.491E+01   .000E+00   .000E+00  -.204E-04   .000E+00  -.228E+03     217
     230.50000   .000E+00   .000E+00  -.108E-01   .000E+00   .000E+00   .000E+00   .000E+00  -.495E+01   .000E+00   .000E+00  -.204E-04   .000E+00  -.228E+03     218
     235.00000   .000E+00   .000E+00  -.107E-01   .000E+00   .000E+00   .000E+00   .000E+00  -.500E+01   .000E+00   .000E+00  -.204E-04   .000E+00  -.228E+03     219
     238.00000   .000E+00   .000E+00  -.107E-01   .000E+00   .000E+00   .000E+00   .000E+00  -.504E+01   .000E+00   .000E+00  -.204E-04   .000E+00  -.228E+03     220
     240.00000   .000E+00   .000E+00  -.106E-01   .000E+00   .000E+00   .000E+00   .000E+00  -.506E+01   .000E+00   .000E+00  -.204E-04   .000E+00  -.228E+03     221
     244.00000   .000E+00   .000E+00  -.105E-01   .000E+00   .000E+00   .000E+00   .000E+00  -.510E+01   .000E+00   .000E+00  -.204E-04   .000E+00  -.228E+03     222
     246.00000   .000E+00   .000E+00  -.105E-01   .000E+00   .000E+00   .000E+00   .000E+00  -.512E+01   .000E+00   .000E+00  -.204E-04   .000E+00  -.228E+03     223
     250.50000   .000E+00   .000E+00  -.104E-01   .000E+00   .000E+00   .000E+00   .000E+00  -.517E+01   .000E+00   .000E+00  -.204E-04   .000E+00  -.228E+03     224
     255.00000   .000E+00   .000E+00  -.103E-01   .000E+00   .000E+00   .000E+00   .000E+00  -.521E+01   .000E+00   .000E+00  -.204E-04   .000E+00  -.228E+03     225
     260.00000   .000E+00   .000E+00  -.102E-01   .000E+00   .000E+00   .000E+00   .000E+00  -.526E+01   .000E+00   .000E+00  -.204E-04   .000E+00  -.228E+03     226
     265.00000   .000E+00   .000E+00  -.101E-01   .000E+00   .000E+00   .000E+00   .000E+00  -.531E+01   .000E+00   .000E+00  -.204E-04   .000E+00  -.228E+03     227
     268.75000   .000E+00   .000E+00  -.100E-01   .000E+00   .000E+00   .000E+00   .000E+00  -.535E+01   .000E+00   .000E+00  -.204E-04   .000E+00  -.228E+03     228
     272.50000   .000E+00   .000E+00  -.998E-02   .000E+00   .000E+00   .000E+00   .000E+00  -.539E+01   .000E+00   .000E+00  -.204E-04   .000E+00  -.228E+03     229
     276.25000   .000E+00   .000E+00  -.991E-02   .000E+00   .000E+00   .000E+00   .000E+00  -.543E+01   .000E+00   .000E+00  -.204E-04   .000E+00  -.228E+03     230
     280.00000   .000E+00   .000E+00  -.984E-02   .000E+00   .000E+00   .000E+00   .000E+00  -.546E+01   .000E+00   .000E+00  -.204E-04   .000E+00  -.228E+03     231
     286.00000   .000E+00   .000E+00  -.974E-02   .000E+00   .000E+00   .000E+00   .000E+00  -.552E+01   .000E+00   .000E+00  -.204E-04   .000E+00  -.228E+03     232
     291.00000   .000E+00   .000E+00  -.965E-02   .000E+00   .000E+00   .000E+00   .000E+00  -.557E+01   .000E+00   .000E+00  -.204E-04   .000E+00  -.228E+03     233
     295.00000   .000E+00   .000E+00  -.959E-02   .000E+00   .000E+00   .000E+00   .000E+00  -.561E+01   .000E+00   .000E+00  -.204E-04   .000E+00  -.228E+03     234
     299.00000   .000E+00   .000E+00  -.952E-02   .000E+00   .000E+00   .000E+00   .000E+00  -.565E+01   .000E+00   .000E+00  -.204E-04   .000E+00  -.228E+03     235
     300.00000   .000E+00   .000E+00  -.951E-02   .000E+00   .000E+00   .000E+00   .000E+00  -.566E+01   .000E+00   .000E+00  -.204E-04   .000E+00  -.228E+03     236
     306.00000   .000E+00   .000E+00  -.942E-02   .000E+00   .000E+00   .000E+00   .000E+00  -.571E+01   .000E+00   .000E+00  -.204E-04   .000E+00  -.228E+03     237
     312.00000   .000E+00   .000E+00  -.933E-02   .000E+00   .000E+00   .000E+00   .000E+00  -.577E+01   .000E+00   .000E+00  -.204E-04   .000E+00  -.228E+03     238
     317.33330   .000E+00   .000E+00  -.925E-02   .000E+00   .000E+00   .000E+00   .000E+00  -.582E+01   .000E+00   .000E+00  -.204E-04   .000E+00  -.228E+03     239
     322.66670   .000E+00   .000E+00  -.917E-02   .000E+00   .000E+00   .000E+00   .000E+00  -.587E+01   .000E+00   .000E+00  -.204E-04   .000E+00  -.228E+03     240
     328.00000   .000E+00   .000E+00  -.909E-02   .000E+00   .000E+00   .000E+00   .000E+00  -.592E+01   .000E+00   .000E+00  -.204E-04   .000E+00  -.228E+03     241
     334.00000   .000E+00   .000E+00  -.901E-02   .000E+00   .000E+00   .000E+00   .000E+00  -.597E+01   .000E+00   .000E+00  -.204E-04   .000E+00  -.228E+03     242
     339.50000   .000E+00   .000E+00  -.894E-02   .000E+00   .000E+00   .000E+00   .000E+00  -.602E+01   .000E+00   .000E+00  -.204E-04   .000E+00  -.228E+03     243
     345.00000   .000E+00   .000E+00  -.887E-02   .000E+00   .000E+00   .000E+00   .000E+00  -.607E+01   .000E+00   .000E+00  -.204E-04   .000E+00  -.228E+03     244
     346.00000   .000E+00   .000E+00  -.886E-02   .000E+00   .000E+00   .000E+00   .000E+00  -.608E+01   .000E+00   .000E+00  -.204E-04   .000E+00  -.228E+03     245
     352.00000   .000E+00   .000E+00  -.878E-02   .000E+00   .000E+00   .000E+00   .000E+00  -.613E+01   .000E+00   .000E+00  -.204E-04   .000E+00  -.228E+03     246
     358.00000   .000E+00   .000E+00  -.871E-02   .000E+00   .000E+00   .000E+00   .000E+00  -.618E+01   .000E+00   .000E+00  -.204E-04   .000E+00  -.228E+03     247
     360.00000   .000E+00   .000E+00  -.868E-02   .000E+00   .000E+00   .000E+00   .000E+00  -.620E+01   .000E+00   .000E+00  -.204E-04   .000E+00  -.228E+03     248
     365.00000   .000E+00   .000E+00  -.862E-02   .000E+00   .000E+00   .000E+00   .000E+00  -.624E+01   .000E+00   .000E+00  -.204E-04   .000E+00  -.228E+03     249
     370.00000   .000E+00   .000E+00  -.856E-02   .000E+00   .000E+00   .000E+00   .000E+00  -.628E+01   .000E+00   .000E+00  -.204E-04   .000E+00  -.228E+03     250
     372.00000   .000E+00   .000E+00  -.854E-02   .000E+00   .000E+00   .000E+00   .000E+00  -.630E+01   .000E+00   .000E+00  -.204E-04   .000E+00  -.228E+03     251
     379.00000   .000E+00   .000E+00  -.846E-02   .000E+00   .000E+00   .000E+00   .000E+00  -.636E+01   .000E+00   .000E+00  -.204E-04   .000E+00  -.228E+03     252
     386.00000   .000E+00   .000E+00  -.838E-02   .000E+00   .000E+00   .000E+00   .000E+00  -.642E+01   .000E+00   .000E+00  -.204E-04   .000E+00  -.228E+03     253
     390.66670   .000E+00   .000E+00  -.833E-02   .000E+00   .000E+00   .000E+00   .000E+00  -.646E+01   .000E+00   .000E+00  -.204E-04   .000E+00  -.228E+03     254
     395.33330   .000E+00   .000E+00  -.828E-02   .000E+00   .000E+00   .000E+00   .000E+00  -.650E+01   .000E+00   .000E+00  -.204E-04   .000E+00  -.228E+03     255
     400.00000   .000E+00   .000E+00  -.824E-02   .000E+00   .000E+00   .000E+00   .000E+00  -.654E+01   .000E+00   .000E+00  -.204E-04   .000E+00  -.228E+03     256
     407.00000   .000E+00   .000E+00  -.816E-02   .000E+00   .000E+00   .000E+00   .000E+00  -.659E+01   .000E+00   .000E+00  -.204E-04   .000E+00  -.228E+03     257
     408.00000   .000E+00   .000E+00  -.815E-02   .000E+00   .000E+00   .000E+00   .000E+00  -.660E+01   .000E+00   .000E+00  -.204E-04   .000E+00  -.228E+03     258
     415.00000   .000E+00   .000E+00  -.808E-02   .000E+00   .000E+00   .000E+00   .000E+00  -.666E+01   .000E+00   .000E+00  -.204E-04   .000E+00  -.228E+03     259
     420.00000   .000E+00   .000E+00  -.804E-02   .000E+00   .000E+00   .000E+00   .000E+00  -.670E+01   .000E+00   .000E+00  -.204E-04   .000E+00  -.228E+03     260
     426.00000   .000E+00   .000E+00  -.798E-02   .000E+00   .000E+00   .000E+00   .000E+00  -.675E+01   .000E+00   .000E+00  -.204E-04   .000E+00  -.228E+03     261
     433.00000   .000E+00   .000E+00  -.791E-02   .000E+00   .000E+00   .000E+00   .000E+00  -.680E+01   .000E+00   .000E+00  -.204E-04   .000E+00  -.228E+03     262
     440.00000   .000E+00   .000E+00  -.785E-02   .000E+00   .000E+00   .000E+00   .000E+00  -.686E+01   .000E+00   .000E+00  -.204E-04   .000E+00  -.228E+03     263
     447.50000   .000E+00   .000E+00  -.779E-02   .000E+00   .000E+00   .000E+00   .000E+00  -.691E+01   .000E+00   .000E+00  -.204E-04   .000E+00  -.228E+03     264
     455.00000   .000E+00   .000E+00  -.772E-02   .000E+00   .000E+00   .000E+00   .000E+00  -.697E+01   .000E+00   .000E+00  -.204E-04   .000E+00  -.228E+03     265
     461.50000   .000E+00   .000E+00  -.767E-02   .000E+00   .000E+00   .000E+00   .000E+00  -.702E+01   .000E+00   .000E+00  -.204E-04   .000E+00  -.228E+03     266
     468.00000   .000E+00   .000E+00  -.761E-02   .000E+00   .000E+00   .000E+00   .000E+00  -.707E+01   .000E+00   .000E+00  -.204E-04   .000E+00  -.228E+03     267
     475.00000   .000E+00   .000E+00  -.756E-02   .000E+00   .000E+00   .000E+00   .000E+00  -.712E+01   .000E+00   .000E+00  -.204E-04   .000E+00  -.228E+03     268
     476.00000   .000E+00   .000E+00  -.755E-02   .000E+00   .000E+00   .000E+00   .000E+00  -.713E+01   .000E+00   .000E+00  -.204E-04   .000E+00  -.228E+03     269
     478.00000   .000E+00   .000E+00  -.753E-02   .000E+00   .000E+00   .000E+00   .000E+00  -.715E+01   .000E+00   .000E+00  -.204E-04   .000E+00  -.228E+03     270
     480.00000   .000E+00   .000E+00  -.752E-02   .000E+00   .000E+00   .000E+00   .000E+00  -.716E+01   .000E+00   .000E+00  -.204E-04   .000E+00  -.228E+03     271
     484.00000   .000E+00   .000E+00  -.748E-02   .000E+00   .000E+00   .000E+00   .000E+00  -.719E+01   .000E+00   .000E+00  -.204E-04   .000E+00  -.228E+03     272
     485.00000   .000E+00   .000E+00  -.748E-02   .000E+00   .000E+00   .000E+00   .000E+00  -.720E+01   .000E+00   .000E+00  -.204E-04   .000E+00  -.228E+03     273
     494.00000   .000E+00   .000E+00  -.741E-02   .000E+00   .000E+00   .000E+00   .000E+00  -.727E+01   .000E+00   .000E+00  -.204E-04   .000E+00  -.228E+03     274
     500.00000   .000E+00   .000E+00  -.736E-02   .000E+00   .000E+00   .000E+00   .000E+00  -.731E+01   .000E+00   .000E+00  -.204E-04   .000E+00  -.228E+03     275
     512.00000   .000E+00   .000E+00  -.728E-02   .000E+00   .000E+00   .000E+00   .000E+00  -.740E+01   .000E+00   .000E+00  -.204E-04   .000E+00  -.228E+03     276
     518.50000   .000E+00   .000E+00  -.723E-02   .000E+00   .000E+00   .000E+00   .000E+00  -.744E+01   .000E+00   .000E+00  -.204E-04   .000E+00  -.228E+03     277
     525.00000   .000E+00   .000E+00  -.719E-02   .000E+00   .000E+00   .000E+00   .000E+00  -.749E+01   .000E+00   .000E+00  -.204E-04   .000E+00  -.228E+03     278
     530.00000   .000E+00   .000E+00  -.715E-02   .000E+00   .000E+00   .000E+00   .000E+00  -.753E+01   .000E+00   .000E+00  -.204E-04   .000E+00  -.228E+03     279
     535.00000   .000E+00   .000E+00  -.712E-02   .000E+00   .000E+00   .000E+00   .000E+00  -.756E+01   .000E+00   .000E+00  -.204E-04   .000E+00  -.228E+03     280
     540.00000   .000E+00   .000E+00  -.709E-02   .000E+00   .000E+00   .000E+00   .000E+00  -.760E+01   .000E+00   .000E+00  -.204E-04   .000E+00  -.228E+03     281
     542.00000   .000E+00   .000E+00  -.707E-02   .000E+00   .000E+00   .000E+00   .000E+00  -.761E+01   .000E+00   .000E+00  -.204E-04   .000E+00  -.228E+03     282
     550.00000   .000E+00   .000E+00  -.702E-02   .000E+00   .000E+00   .000E+00   .000E+00  -.767E+01   .000E+00   .000E+00  -.204E-04   .000E+00  -.228E+03     283
     560.00000   .000E+00   .000E+00  -.696E-02   .000E+00   .000E+00   .000E+00   .000E+00  -.774E+01   .000E+00   .000E+00  -.204E-04   .000E+00  -.228E+03     284
     565.00000   .000E+00   .000E+00  -.693E-02   .000E+00   .000E+00   .000E+00   .000E+00  -.777E+01   .000E+00   .000E+00  -.204E-04   .000E+00  -.228E+03     285
     570.00000   .000E+00   .000E+00  -.690E-02   .000E+00   .000E+00   .000E+00   .000E+00  -.781E+01   .000E+00   .000E+00  -.204E-04   .000E+00  -.228E+03     286
     575.00000   .000E+00   .000E+00  -.687E-02   .000E+00   .000E+00   .000E+00   .000E+00  -.784E+01   .000E+00   .000E+00  -.204E-04   .000E+00  -.228E+03     287
     580.00000   .000E+00   .000E+00  -.684E-02   .000E+00   .000E+00   .000E+00   .000E+00  -.788E+01   .000E+00   .000E+00  -.204E-04   .000E+00  -.228E+03     288
     586.66670   .000E+00   .000E+00  -.680E-02   .000E+00   .000E+00   .000E+00   .000E+00  -.792E+01   .000E+00   .000E+00  -.204E-04   .000E+00  -.228E+03     289
     593.33340   .000E+00   .000E+00  -.676E-02   .000E+00   .000E+00   .000E+00   .000E+00  -.797E+01   .000E+00   .000E+00  -.204E-04   .000E+00  -.228E+03     290
     600.00000   .000E+00   .000E+00  -.672E-02   .000E+00   .000E+00   .000E+00   .000E+00  -.801E+01   .000E+00   .000E+00  -.204E-04   .000E+00  -.228E+03     291
end
