 ******* Program HYDRUS
 ******* Solute transport with nonlinear cation adsorption                      
  
 Date:   1.10.    Time:  14: 4:20
 Units: L = cm   , T = days , M = mmol 

-----------------------------------------------------
 Time       [T]       .0000
-----------------------------------------------------
 Sub-region num.                   1
-----------------------------------------------------
 Area     [L]         .108E+02   .108E+02
 W-volume [L]         .680E+01   .680E+01
 In-flow  [L/T]       .000E+00   .000E+00
 h Mean   [L]         .000E+00   .000E+00
 ConcVol  [M/L2] 1    .000E+00   .000E+00
 cMean    [M/L3] 1    .000E+00   .000E+00
 Top Flux [L/T]      -.271E+00
 Bot Flux [L/T]      -.271E+00
-----------------------------------------------------

-----------------------------------------------------
 Time       [T]    120.0000
-----------------------------------------------------
 Sub-region num.                   1
-----------------------------------------------------
 Area     [L]         .108E+02   .108E+02
 ConcVol  [M/L2] 1    .283E+03   .283E+03
 cMean    [M/L3] 1    .526E+01   .526E+01
 CncBalT  [M]    1    .136E+01
 CncBalR  [%]    1        .369
-----------------------------------------------------

-----------------------------------------------------
 Time       [T]    240.0000
-----------------------------------------------------
 Sub-region num.                   1
-----------------------------------------------------
 Area     [L]         .108E+02   .108E+02
 ConcVol  [M/L2] 1    .464E+03   .464E+03
 cMean    [M/L3] 1    .742E+01   .742E+01
 CncBalT  [M]    1    .362E+01
 CncBalR  [%]    1        .431
-----------------------------------------------------

-----------------------------------------------------
 Time       [T]    360.0000
-----------------------------------------------------
 Sub-region num.                   1
-----------------------------------------------------
 Area     [L]         .108E+02   .108E+02
 ConcVol  [M/L2] 1    .567E+03   .567E+03
 cMean    [M/L3] 1    .849E+01   .849E+01
 CncBalT  [M]    1    .541E+01
 CncBalR  [%]    1        .392
-----------------------------------------------------

-----------------------------------------------------
 Time       [T]    600.0000
-----------------------------------------------------
 Sub-region num.                   1
-----------------------------------------------------
 Area     [L]         .108E+02   .108E+02
 ConcVol  [M/L2] 1    .891E+02   .891E+02
 cMean    [M/L3] 1    .229E+01   .229E+01
 CncBalT  [M]    1    .257E+01
 CncBalR  [%]    1        .139
-----------------------------------------------------
