 ******* Program HYDRUS
 ******* steady state transport of a nonlinearly adsorbing contaminant          
  
 Date:  30.10.    Time:   9:37:13
 Units: L = cm   , T = days , M = mmol 

-----------------------------------------------------
 Time       [T]         .0000
-----------------------------------------------------
 Sub-region num.                   1
-----------------------------------------------------
 Area     [L]         .100E+03   .100E+03
 W-volume [L]         .500E+02   .500E+02
 In-flow  [L/T]       .000E+00   .000E+00
 h Mean   [L]         .000E+00   .000E+00
 ConcVol  [M/L2] 1    .100E-04   .100E-04
 cMean    [M/L3] 1    .200E-06   .200E-06
 ConcVol  [M/L2] 2    .501E-05   .501E-05
 cMean    [M/L3] 2    .100E-06   .100E-06
 ConcVol  [M/L2] 3    .000E+00   .000E+00
 cMean    [M/L3] 3    .000E+00   .000E+00
 Top Flux [L/T]      -.100E+01
 Bot Flux [L/T]      -.100E+01
-----------------------------------------------------

-----------------------------------------------------
 Time       [T]      250.0000
-----------------------------------------------------
 Sub-region num.                   1
-----------------------------------------------------
 Area     [L]         .100E+03   .100E+03
 ConcVol  [M/L2] 1    .996E-05   .996E-05
 cMean    [M/L3] 1    .199E-06   .199E-06
 ConcVol  [M/L2] 2    .495E-05   .495E-05
 cMean    [M/L3] 2    .989E-07   .989E-07
 ConcVol  [M/L2] 3    .152E+02   .152E+02
 cMean    [M/L3] 3    .303E+00   .303E+00
 CncBalT  [M]    1    .238E-09
 CncBalR  [%]    1        .000
 CncBalT  [M]    2   -.273E-12
 CncBalR  [%]    2        .000
 CncBalT  [M]    3    .358E-11
 CncBalR  [%]    3        .000
-----------------------------------------------------

-----------------------------------------------------
 Time       [T]      500.0000
-----------------------------------------------------
 Sub-region num.                   1
-----------------------------------------------------
 Area     [L]         .100E+03   .100E+03
 ConcVol  [M/L2] 1    .100E-04   .100E-04
 cMean    [M/L3] 1    .200E-06   .200E-06
 ConcVol  [M/L2] 2    .496E-05   .496E-05
 cMean    [M/L3] 2    .993E-07   .993E-07
 ConcVol  [M/L2] 3    .307E+02   .307E+02
 cMean    [M/L3] 3    .615E+00   .615E+00
 CncBalT  [M]    1   -.379E-08
 CncBalR  [%]    1        .002
 CncBalT  [M]    2   -.264E-08
 CncBalR  [%]    2        .003
 CncBalT  [M]    3    .275E-10
 CncBalR  [%]    3        .000
-----------------------------------------------------

-----------------------------------------------------
 Time       [T]      750.0000
-----------------------------------------------------
 Sub-region num.                   1
-----------------------------------------------------
 Area     [L]         .100E+03   .100E+03
 ConcVol  [M/L2] 1    .100E-04   .100E-04
 cMean    [M/L3] 1    .200E-06   .200E-06
 ConcVol  [M/L2] 2    .496E-05   .496E-05
 cMean    [M/L3] 2    .993E-07   .993E-07
 ConcVol  [M/L2] 3    .463E+02   .463E+02
 cMean    [M/L3] 3    .925E+00   .925E+00
 CncBalT  [M]    1   -.380E-08
 CncBalR  [%]    1        .001
 CncBalT  [M]    2   -.264E-08
 CncBalR  [%]    2        .002
 CncBalT  [M]    3    .952E+00
 CncBalR  [%]    3        .126
-----------------------------------------------------

-----------------------------------------------------
 Time       [T]     1000.0000
-----------------------------------------------------
 Sub-region num.                   1
-----------------------------------------------------
 Area     [L]         .100E+03   .100E+03
 ConcVol  [M/L2] 1    .100E-04   .100E-04
 cMean    [M/L3] 1    .200E-06   .200E-06
 ConcVol  [M/L2] 2    .496E-05   .496E-05
 cMean    [M/L3] 2    .993E-07   .993E-07
 ConcVol  [M/L2] 3    .500E+02   .500E+02
 cMean    [M/L3] 3    .100E+01   .100E+01
 CncBalT  [M]    1   -.380E-08
 CncBalR  [%]    1        .001
 CncBalT  [M]    2   -.264E-08
 CncBalR  [%]    2        .001
 CncBalT  [M]    3    .399E+01
 CncBalR  [%]    3        .331
-----------------------------------------------------
