 ******* Program HYDRUS
 ******* steady state transport of a nonlinearly adsorbing contaminant          
  
 Date:  30.10.    Time:   9:37:13
 Units: L = cm   , T = days , M = mmol 



                             Node( 51)                                 Node(101)

       time         h        theta     Flux    Conc           h        theta     Flux    Conc     
        10.000        .000   .5000  -.100E+01   .200E-06   .100E-06   .515E-20          .000   .5000  -.100E+01   .200E-06   .100E-06   .769E-33
        20.000        .000   .5000  -.100E+01   .200E-06   .999E-07   .452E-21          .000   .5000  -.100E+01   .200E-06   .100E-06   .539E-23
        30.000        .000   .5000  -.100E+01   .201E-06   .100E-06   .200E-24          .000   .5000  -.100E+01   .200E-06   .100E-06   .176E-20
        40.000        .000   .5000  -.100E+01   .201E-06   .100E-06   .200E-24          .000   .5000  -.100E+01   .200E-06   .100E-06   .224E-20
        50.000        .000   .5000  -.100E+01   .201E-06   .100E-06   .200E-24          .000   .5000  -.100E+01   .200E-06   .999E-07   .259E-21
        60.000        .000   .5000  -.100E+01   .201E-06   .100E-06   .200E-24          .000   .5000  -.100E+01   .201E-06   .100E-06   .775E-23
        70.000        .000   .5000  -.100E+01   .199E-06   .990E-07   .200E-24          .000   .5000  -.100E+01   .201E-06   .100E-06   .287E-24
        80.000        .000   .5000  -.100E+01   .199E-06   .986E-07   .200E-24          .000   .5000  -.100E+01   .201E-06   .100E-06   .200E-24
        90.000        .000   .5000  -.100E+01   .199E-06   .985E-07   .200E-24          .000   .5000  -.100E+01   .201E-06   .100E-06   .200E-24
       100.000        .000   .5000  -.100E+01   .198E-06   .984E-07   .200E-24          .000   .5000  -.100E+01   .201E-06   .100E-06   .200E-24
       110.000        .000   .5000  -.100E+01   .198E-06   .984E-07   .203E-24          .000   .5000  -.100E+01   .201E-06   .100E-06   .200E-24
       120.000        .000   .5000  -.100E+01   .198E-06   .984E-07   .234E-24          .000   .5000  -.100E+01   .201E-06   .100E-06   .200E-24
       130.000        .000   .5000  -.100E+01   .198E-06   .984E-07   .645E-24          .000   .5000  -.100E+01   .201E-06   .100E-06   .200E-24
       140.000        .000   .5000  -.100E+01   .198E-06   .984E-07   .759E-23          .000   .5000  -.100E+01   .201E-06   .100E-06   .200E-24
       150.000        .000   .5000  -.100E+01   .198E-06   .984E-07   .141E-21          .000   .5000  -.100E+01   .201E-06   .100E-06   .200E-24
       160.000        .000   .5000  -.100E+01   .198E-06   .984E-07   .271E-20          .000   .5000  -.100E+01   .201E-06   .100E-06   .200E-24
       170.000        .000   .5000  -.100E+01   .198E-06   .984E-07   .512E-19          .000   .5000  -.100E+01   .201E-06   .100E-06   .200E-24
       180.000        .000   .5000  -.100E+01   .198E-06   .984E-07   .948E-18          .000   .5000  -.100E+01   .201E-06   .100E-06   .200E-24
       190.000        .000   .5000  -.100E+01   .198E-06   .984E-07   .172E-16          .000   .5000  -.100E+01   .201E-06   .100E-06   .200E-24
       200.000        .000   .5000  -.100E+01   .198E-06   .984E-07   .307E-15          .000   .5000  -.100E+01   .201E-06   .100E-06   .200E-24
       210.000        .000   .5000  -.100E+01   .198E-06   .984E-07   .538E-14          .000   .5000  -.100E+01   .201E-06   .100E-06   .200E-24
       220.000        .000   .5000  -.100E+01   .198E-06   .984E-07   .926E-13          .000   .5000  -.100E+01   .201E-06   .100E-06   .200E-24
       230.000        .000   .5000  -.100E+01   .198E-06   .984E-07   .156E-11          .000   .5000  -.100E+01   .201E-06   .100E-06   .200E-24
       240.000        .000   .5000  -.100E+01   .198E-06   .984E-07   .258E-10          .000   .5000  -.100E+01   .201E-06   .100E-06   .200E-24
       250.000        .000   .5000  -.100E+01   .198E-06   .984E-07   .411E-09          .000   .5000  -.100E+01   .201E-06   .100E-06   .200E-24
       260.000        .000   .5000  -.100E+01   .199E-06   .985E-07   .626E-08          .000   .5000  -.100E+01   .201E-06   .100E-06   .200E-24
       270.000        .000   .5000  -.100E+01   .199E-06   .987E-07   .888E-07          .000   .5000  -.100E+01   .201E-06   .100E-06   .200E-24
       280.000        .000   .5000  -.100E+01   .199E-06   .989E-07   .113E-05          .000   .5000  -.100E+01   .201E-06   .100E-06   .200E-24
       290.000        .000   .5000  -.100E+01   .200E-06   .991E-07   .123E-04          .000   .5000  -.100E+01   .201E-06   .100E-06   .200E-24
       300.000        .000   .5000  -.100E+01   .200E-06   .992E-07   .107E-03          .000   .5000  -.100E+01   .201E-06   .100E-06   .201E-24
       310.000        .000   .5000  -.100E+01   .200E-06   .993E-07   .708E-03          .000   .5000  -.100E+01   .201E-06   .100E-06   .202E-24
       320.000        .000   .5000  -.100E+01   .200E-06   .993E-07   .345E-02          .000   .5000  -.100E+01   .201E-06   .100E-06   .202E-24
       330.000        .000   .5000  -.100E+01   .200E-06   .993E-07   .124E-01          .000   .5000  -.100E+01   .201E-06   .100E-06   .202E-24
       340.000        .000   .5000  -.100E+01   .200E-06   .993E-07   .338E-01          .000   .5000  -.100E+01   .201E-06   .100E-06   .201E-24
       350.000        .000   .5000  -.100E+01   .200E-06   .993E-07   .734E-01          .000   .5000  -.100E+01   .201E-06   .100E-06   .200E-24
       360.000        .000   .5000  -.100E+01   .200E-06   .993E-07   .133E+00          .000   .5000  -.100E+01   .201E-06   .100E-06   .200E-24
       370.000        .000   .5000  -.100E+01   .200E-06   .993E-07   .211E+00          .000   .5000  -.100E+01   .201E-06   .100E-06   .200E-24
       380.000        .000   .5000  -.100E+01   .200E-06   .993E-07   .300E+00          .000   .5000  -.100E+01   .201E-06   .100E-06   .201E-24
       390.000        .000   .5000  -.100E+01   .200E-06   .993E-07   .394E+00          .000   .5000  -.100E+01   .201E-06   .100E-06   .202E-24
       400.000        .000   .5000  -.100E+01   .200E-06   .993E-07   .486E+00          .000   .5000  -.100E+01   .201E-06   .100E-06   .201E-24
       410.000        .000   .5000  -.100E+01   .200E-06   .993E-07   .572E+00          .000   .5000  -.100E+01   .201E-06   .100E-06   .202E-24
       420.000        .000   .5000  -.100E+01   .200E-06   .993E-07   .650E+00          .000   .5000  -.100E+01   .202E-06   .100E-06   .202E-24
       430.000        .000   .5000  -.100E+01   .200E-06   .993E-07   .717E+00          .000   .5000  -.100E+01   .202E-06   .100E-06   .200E-24
       440.000        .000   .5000  -.100E+01   .200E-06   .993E-07   .774E+00          .000   .5000  -.100E+01   .200E-06   .993E-07   .200E-24
       450.000        .000   .5000  -.100E+01   .200E-06   .993E-07   .821E+00          .000   .5000  -.100E+01   .200E-06   .993E-07   .200E-24
       460.000        .000   .5000  -.100E+01   .200E-06   .993E-07   .859E+00          .000   .5000  -.100E+01   .200E-06   .993E-07   .200E-24
       470.000        .000   .5000  -.100E+01   .200E-06   .993E-07   .890E+00          .000   .5000  -.100E+01   .200E-06   .993E-07   .200E-24
       480.000        .000   .5000  -.100E+01   .200E-06   .993E-07   .915E+00          .000   .5000  -.100E+01   .200E-06   .993E-07   .203E-24
       490.000        .000   .5000  -.100E+01   .200E-06   .993E-07   .935E+00          .000   .5000  -.100E+01   .200E-06   .993E-07   .230E-24
       500.000        .000   .5000  -.100E+01   .200E-06   .993E-07   .950E+00          .000   .5000  -.100E+01   .200E-06   .993E-07   .483E-24
       510.000        .000   .5000  -.100E+01   .200E-06   .993E-07   .962E+00          .000   .5000  -.100E+01   .200E-06   .993E-07   .352E-23
       520.000        .000   .5000  -.100E+01   .200E-06   .993E-07   .971E+00          .000   .5000  -.100E+01   .200E-06   .993E-07   .468E-22
       530.000        .000   .5000  -.100E+01   .200E-06   .993E-07   .978E+00          .000   .5000  -.100E+01   .200E-06   .993E-07   .688E-21
       540.000        .000   .5000  -.100E+01   .200E-06   .993E-07   .984E+00          .000   .5000  -.100E+01   .200E-06   .993E-07   .102E-19
       550.000        .000   .5000  -.100E+01   .200E-06   .993E-07   .988E+00          .000   .5000  -.100E+01   .200E-06   .993E-07   .152E-18
       560.000        .000   .5000  -.100E+01   .200E-06   .993E-07   .991E+00          .000   .5000  -.100E+01   .200E-06   .993E-07   .225E-17
       570.000        .000   .5000  -.100E+01   .200E-06   .993E-07   .993E+00          .000   .5000  -.100E+01   .200E-06   .993E-07   .333E-16
       580.000        .000   .5000  -.100E+01   .200E-06   .993E-07   .995E+00          .000   .5000  -.100E+01   .200E-06   .993E-07   .491E-15
       590.000        .000   .5000  -.100E+01   .200E-06   .993E-07   .996E+00          .000   .5000  -.100E+01   .200E-06   .993E-07   .722E-14
       600.000        .000   .5000  -.100E+01   .200E-06   .993E-07   .997E+00          .000   .5000  -.100E+01   .200E-06   .993E-07   .105E-12
       610.000        .000   .5000  -.100E+01   .200E-06   .993E-07   .998E+00          .000   .5000  -.100E+01   .200E-06   .993E-07   .153E-11
       620.000        .000   .5000  -.100E+01   .200E-06   .993E-07   .998E+00          .000   .5000  -.100E+01   .200E-06   .993E-07   .219E-10
       630.000        .000   .5000  -.100E+01   .200E-06   .993E-07   .999E+00          .000   .5000  -.100E+01   .200E-06   .993E-07   .307E-09
       640.000        .000   .5000  -.100E+01   .200E-06   .993E-07   .999E+00          .000   .5000  -.100E+01   .200E-06   .993E-07   .416E-08
       650.000        .000   .5000  -.100E+01   .200E-06   .993E-07   .999E+00          .000   .5000  -.100E+01   .200E-06   .993E-07   .533E-07
       660.000        .000   .5000  -.100E+01   .200E-06   .993E-07   .100E+01          .000   .5000  -.100E+01   .200E-06   .993E-07   .627E-06
       670.000        .000   .5000  -.100E+01   .200E-06   .993E-07   .100E+01          .000   .5000  -.100E+01   .200E-06   .993E-07   .649E-05
       680.000        .000   .5000  -.100E+01   .200E-06   .993E-07   .100E+01          .000   .5000  -.100E+01   .200E-06   .993E-07   .559E-04
       690.000        .000   .5000  -.100E+01   .200E-06   .993E-07   .100E+01          .000   .5000  -.100E+01   .200E-06   .993E-07   .381E-03
       700.000        .000   .5000  -.100E+01   .200E-06   .993E-07   .100E+01          .000   .5000  -.100E+01   .200E-06   .993E-07   .197E-02
       710.000        .000   .5000  -.100E+01   .200E-06   .993E-07   .100E+01          .000   .5000  -.100E+01   .200E-06   .993E-07   .764E-02
       720.000        .000   .5000  -.100E+01   .200E-06   .993E-07   .100E+01          .000   .5000  -.100E+01   .200E-06   .993E-07   .226E-01
       730.000        .000   .5000  -.100E+01   .200E-06   .993E-07   .100E+01          .000   .5000  -.100E+01   .200E-06   .993E-07   .530E-01
       740.000        .000   .5000  -.100E+01   .200E-06   .993E-07   .100E+01          .000   .5000  -.100E+01   .200E-06   .993E-07   .102E+00
       750.000        .000   .5000  -.100E+01   .200E-06   .993E-07   .100E+01          .000   .5000  -.100E+01   .200E-06   .993E-07   .170E+00
       760.000        .000   .5000  -.100E+01   .200E-06   .993E-07   .100E+01          .000   .5000  -.100E+01   .200E-06   .993E-07   .252E+00
       770.000        .000   .5000  -.100E+01   .200E-06   .993E-07   .100E+01          .000   .5000  -.100E+01   .200E-06   .993E-07   .340E+00
       780.000        .000   .5000  -.100E+01   .200E-06   .993E-07   .100E+01          .000   .5000  -.100E+01   .200E-06   .993E-07   .430E+00
       790.000        .000   .5000  -.100E+01   .200E-06   .993E-07   .100E+01          .000   .5000  -.100E+01   .200E-06   .993E-07   .516E+00
       800.000        .000   .5000  -.100E+01   .200E-06   .993E-07   .100E+01          .000   .5000  -.100E+01   .200E-06   .993E-07   .594E+00
       810.000        .000   .5000  -.100E+01   .200E-06   .993E-07   .100E+01          .000   .5000  -.100E+01   .200E-06   .993E-07   .664E+00
       820.000        .000   .5000  -.100E+01   .200E-06   .993E-07   .100E+01          .000   .5000  -.100E+01   .200E-06   .993E-07   .724E+00
       830.000        .000   .5000  -.100E+01   .200E-06   .993E-07   .100E+01          .000   .5000  -.100E+01   .200E-06   .993E-07   .776E+00
       840.000        .000   .5000  -.100E+01   .200E-06   .993E-07   .100E+01          .000   .5000  -.100E+01   .200E-06   .993E-07   .819E+00
       850.000        .000   .5000  -.100E+01   .200E-06   .993E-07   .100E+01          .000   .5000  -.100E+01   .200E-06   .993E-07   .854E+00
       860.000        .000   .5000  -.100E+01   .200E-06   .993E-07   .100E+01          .000   .5000  -.100E+01   .200E-06   .993E-07   .883E+00
       870.000        .000   .5000  -.100E+01   .200E-06   .993E-07   .100E+01          .000   .5000  -.100E+01   .200E-06   .993E-07   .907E+00
       880.000        .000   .5000  -.100E+01   .200E-06   .993E-07   .100E+01          .000   .5000  -.100E+01   .200E-06   .993E-07   .926E+00
       890.000        .000   .5000  -.100E+01   .200E-06   .993E-07   .100E+01          .000   .5000  -.100E+01   .200E-06   .993E-07   .942E+00
       900.000        .000   .5000  -.100E+01   .200E-06   .993E-07   .100E+01          .000   .5000  -.100E+01   .200E-06   .993E-07   .954E+00
       910.000        .000   .5000  -.100E+01   .200E-06   .993E-07   .100E+01          .000   .5000  -.100E+01   .200E-06   .993E-07   .964E+00
       920.000        .000   .5000  -.100E+01   .200E-06   .993E-07   .100E+01          .000   .5000  -.100E+01   .200E-06   .993E-07   .972E+00
       930.000        .000   .5000  -.100E+01   .200E-06   .993E-07   .100E+01          .000   .5000  -.100E+01   .200E-06   .993E-07   .978E+00
       940.000        .000   .5000  -.100E+01   .200E-06   .993E-07   .100E+01          .000   .5000  -.100E+01   .200E-06   .993E-07   .983E+00
       950.000        .000   .5000  -.100E+01   .200E-06   .993E-07   .100E+01          .000   .5000  -.100E+01   .200E-06   .993E-07   .986E+00
       960.000        .000   .5000  -.100E+01   .200E-06   .993E-07   .100E+01          .000   .5000  -.100E+01   .200E-06   .993E-07   .989E+00
       970.000        .000   .5000  -.100E+01   .200E-06   .993E-07   .100E+01          .000   .5000  -.100E+01   .200E-06   .993E-07   .992E+00
       980.000        .000   .5000  -.100E+01   .200E-06   .993E-07   .100E+01          .000   .5000  -.100E+01   .200E-06   .993E-07   .994E+00
       990.000        .000   .5000  -.100E+01   .200E-06   .993E-07   .100E+01          .000   .5000  -.100E+01   .200E-06   .993E-07   .995E+00
      1000.000        .000   .5000  -.100E+01   .200E-06   .993E-07   .100E+01          .000   .5000  -.100E+01   .200E-06   .993E-07   .996E+00
end
