 ************************************************************************
 *                                                                      *
 *                                                                      *
 *Welcome to HYDRUS-1D                                                  *
 *Parameter Estimation of Soil Hydraulic Properties                     *
 *                                                                      *
 ************************************************************************


 Program parameters
 ==================
 Max. iterations.....................(MIT)............... 50
 No. of observations.................(NOBb)............. 175


 Soil hydraulic properties
 =========================
 Residual moisture content...........(WCR)............     0.000
 Saturated moisture content..........(WCS)............     0.430
 First coefficient...................(ALPHA)..........     0.032
 Second coefficient..................(N)..............     2.657
 Saturated conductivity..............(CONDS).......... .1450E-01
 Pore conectivity factor.............(L)..............     0.660
 Moisture content....................(WCM)............     0.430
 Saturated moisture content (wetting)(WCSwet).........     0.384
 First coefficient (wettine).........(ALPHAW).........     0.067
 Saturated conductivity (wetting)....(CONDKW)......... .1000E-01


 Observed Quantity 
 ==================
    Obs     Time    Quantity     Type  Position   Weight
     1     31.000      0.020       2     1      0.739820
     2     32.000      0.100       2     1      0.739820
     3     33.000      0.150       2     1      0.739820
     4     34.000      0.200       2     1      0.739820
     5     36.000      0.250       2     1      0.739820
     6     38.500      0.300       2     1      0.739820
     7     42.000      0.320       2     1      0.739820
     8     46.500      0.340       2     1      0.739820
     9     52.000      0.360       2     1      0.739820
    10     61.500      0.380       2     1      0.739820
    11     83.000      0.400       2     1      0.739820
    12    102.000      0.020       2     2      0.739820
    13    106.000      0.100       2     2      0.739820
    14    108.000      0.150       2     2      0.739820
    15    112.000      0.200       2     2      0.739820
    16    121.000      0.250       2     2      0.739820
    17    133.000      0.300       2     2      0.739820
    18    139.000      0.420       2     1      0.739820
    19    142.000      0.320       2     2      0.739820
    20    156.000      0.340       2     2      0.739820
    21    176.000      0.360       2     2      0.739820
    22    179.000      0.020       2     3      0.739820
    23    186.000      0.100       2     3      0.739820
    24    190.000      0.150       2     3      0.739820
    25    196.000      0.200       2     3      0.739820
    26    204.000      0.250       2     3      0.739820
    27    212.000      0.380       2     2      0.739820
    28    225.000      0.300       2     3      0.739820
    29    246.000      0.320       2     3      0.739820
    30    265.000      0.340       2     3      0.739820
    31    280.000      0.400       2     2      0.739820
    32    280.000      0.020       2     4      0.739820
    33    286.000      0.100       2     4      0.739820
    34    291.000      0.150       2     4      0.739820
    35    299.000      0.200       2     4      0.739820
    36    300.000      0.360       2     3      0.739820
    37    312.000      0.250       2     4      0.739820
    38    345.000      0.300       2     4      0.739820
    39    365.000      0.380       2     3      0.739820
    40    370.000      0.320       2     4      0.739820
    41    400.000      0.340       2     4      0.739820
    42    400.000      0.020       2     5      0.739820
    43    408.000      0.100       2     5      0.739820
    44    415.000      0.150       2     5      0.739820
    45    426.000      0.200       2     5      0.739820
    46    440.000      0.250       2     5      0.739820
    47    455.000      0.360       2     4      0.739820
    48    478.000      0.400       2     3      0.739820
    49    485.000      0.300       2     5      0.739820
    50    500.000      0.420       2     2      0.739820
    51    525.000      0.320       2     5      0.739820
    52    538.000      0.020       2     6      0.739820
    53    546.000      0.100       2     6      0.739820
    54    550.000      0.380       2     4      0.739820
    55    556.000      0.150       2     6      0.739820
    56    560.000      0.340       2     5      0.739820
    57    568.000      0.200       2     6      0.739820
    58    590.000      0.250       2     6      0.739820
    59    620.000      0.435       2     1      0.739820
    60    620.000      0.426       2     2      0.739820
    61    620.000      0.410       2     3      0.739820
    62    620.000      0.389       2     4      0.739820
    63    620.000      0.354       2     5      0.739820
    64    620.000      0.279       2     6      0.739820
    65    710.000      0.431       2     1      0.739820
    66    710.000      0.415       2     2      0.739820
    67    710.000      0.398       2     3      0.739820
    68    710.000      0.376       2     4      0.739820
    69    710.000      0.343       2     5      0.739820
    70    710.000      0.280       2     6      0.739820
    71    830.000      0.426       2     1      0.739820
    72    830.000      0.406       2     2      0.739820
    73    830.000      0.390       2     3      0.739820
    74    830.000      0.369       2     4      0.739820
    75    830.000      0.338       2     5      0.739820
    76    830.000      0.282       2     6      0.739820
    77    830.000      0.040       2     7      0.739820
    78   1430.000      0.401       2     1      0.739820
    79   1430.000      0.389       2     2      0.739820
    80   1430.000      0.375       2     3      0.739820
    81   1430.000      0.349       2     4      0.739820
    82   1430.000      0.325       2     5      0.739820
    83   1430.000      0.284       2     6      0.739820
    84   1430.000      0.211       2     7      0.739820
    85   1940.000      0.390       2     1      0.739820
    86   1940.000      0.384       2     2      0.739820
    87   1940.000      0.359       2     3      0.739820
    88   1940.000      0.338       2     4      0.739820
    89   1940.000      0.313       2     5      0.739820
    90   1940.000      0.282       2     6      0.739820
    91   1940.000      0.224       2     7      0.739820
    92   1940.000      0.112       2     8      0.739820
    93   2870.000      0.375       2     1      0.739820
    94   2870.000      0.367       2     2      0.739820
    95   2870.000      0.351       2     3      0.739820
    96   2870.000      0.331       2     4      0.739820
    97   2870.000      0.306       2     5      0.739820
    98   2870.000      0.279       2     6      0.739820
    99   2870.000      0.220       2     7      0.739820
   100   2870.000      0.172       2     8      0.739820
   101   3350.000      0.216       2     7      0.739820
   102   3350.000      0.179       2     8      0.739820
   103   3350.000      0.035       2     9      0.739820
   104   3740.000      0.217       2     7      0.739820
   105   3740.000      0.185       2     8      0.739820
   106   3740.000      0.105       2     9      0.739820
   107   4250.000      0.364       2     1      0.739820
   108   4250.000      0.357       2     2      0.739820
   109   4250.000      0.341       2     3      0.739820
   110   4250.000      0.319       2     4      0.739820
   111   4250.000      0.290       2     5      0.739820
   112   4250.000      0.269       2     6      0.739820
   113   4250.000      0.215       2     7      0.739820
   114   4250.000      0.191       2     8      0.739820
   115   4250.000      0.138       2     9      0.739820
   116   5780.000      0.214       2     7      0.739820
   117   5780.000      0.192       2     8      0.739820
   118   5780.000      0.151       2     9      0.739820
   119   7340.000      0.344       2     1      0.739820
   120   7340.000      0.340       2     2      0.739820
   121   7340.000      0.324       2     3      0.739820
   122   7340.000      0.304       2     4      0.739820
   123   7340.000      0.288       2     5      0.739820
   124   7340.000      0.256       2     6      0.739820
   125   7340.000      0.213       2     7      0.739820
   126   7340.000      0.193       2     8      0.739820
   127   7340.000      0.157       2     9      0.739820
   128  10220.000      0.338       2     1      0.739820
   129  10220.000      0.327       2     2      0.739820
   130  10220.000      0.320       2     3      0.739820
   131  10220.000      0.302       2     4      0.739820
   132  10220.000      0.280       2     5      0.739820
   133  10220.000      0.253       2     6      0.739820
   134  10220.000      0.209       2     7      0.739820
   135  10220.000      0.185       2     8      0.739820
   136  10220.000      0.162       2     9      0.739820
   137  10220.000      0.084       2    10      0.739820
   138  12140.000      0.207       2     7      0.739820
   139  12140.000      0.186       2     8      0.739820
   140  12140.000      0.164       2     9      0.739820
   141  12140.000      0.120       2    10      0.739820
   142  14420.000      0.327       2     1      0.739820
   143  14420.000      0.318       2     2      0.739820
   144  14420.000      0.307       2     3      0.739820
   145  14420.000      0.291       2     4      0.739820
   146  14420.000      0.269       2     5      0.739820
   147  14420.000      0.252       2     6      0.739820
   148  14420.000      0.208       2     7      0.739820
   149  14420.000      0.185       2     8      0.739820
   150  14420.000      0.166       2     9      0.739820
   151  14420.000      0.131       2    10      0.739820
   152  21620.000      0.311       2     1      0.739820
   153  21620.000      0.307       2     2      0.739820
   154  21620.000      0.298       2     3      0.739820
   155  21620.000      0.285       2     4      0.739820
   156  21620.000      0.266       2     5      0.739820
   157  21620.000      0.244       2     6      0.739820
   158  21620.000      0.206       2     7      0.739820
   159  21620.000      0.186       2     8      0.739820
   160  21620.000      0.165       2     9      0.739820
   161  21620.000      0.138       2    10      0.739820
   162  32120.000      0.206       2     7      0.739820
   163  32120.000      0.187       2     8      0.739820
   164  32120.000      0.170       2     9      0.739820
   165  32120.000      0.148       2    10      0.739820
   166  36320.000      0.287       2     1      0.739820
   167  36320.000      0.293       2     2      0.739820
   168  36320.000      0.277       2     3      0.739820
   169  36320.000      0.271       2     4      0.739820
   170  36320.000      0.257       2     5      0.739820
   171  36320.000      0.241       2     6      0.739820
   172  36320.000      0.204       2     7      0.739820
   173  36320.000      0.186       2     8      0.739820
   174  36320.000      0.174       2     9      0.739820
   175  36320.000      0.151       2    10      0.739820



 Parameter estimation with the  1. initial estimate
 ==================================================

 Iteration     SSQ         WCR         WCS         ALPHA       N           CONDS       L           AlphaW
      0   0.4830D+00  0.1000E-03  0.4300E+00  0.3180E-01  0.2657E+01  0.1450E-01  0.6596E+00  0.6660E-01
      1   0.3793D+00  0.1000E-04  0.4281E+00  0.5101E-01  0.3723E+01  0.1526E-01  0.9109E+00  0.8029E-01
      2   0.1129D+00  0.2687E-03  0.4299E+00  0.6302E-01  0.3824E+01  0.1865E-01  0.9410E+00  0.8992E-01
      3   0.9532D-01  0.1000E-04  0.4221E+00  0.6061E-01  0.3266E+01  0.2193E-01  0.1671E+01  0.9248E-01
      4   0.7792D-01  0.1000E-04  0.4201E+00  0.6719E-01  0.3702E+01  0.2197E-01  0.1582E+01  0.9872E-01
      5   0.6559D-01  0.2032E-03  0.4197E+00  0.7051E-01  0.3861E+01  0.2210E-01  0.1657E+01  0.9935E-01
      6   0.6514D-01  0.1000E-04  0.4182E+00  0.7073E-01  0.4103E+01  0.2114E-01  0.1698E+01  0.9699E-01
      7   0.6463D-01  0.1108E-04  0.4200E+00  0.6820E-01  0.4077E+01  0.2072E-01  0.1516E+01  0.9578E-01
      8   0.6429D-01  0.1062E-04  0.4201E+00  0.6893E-01  0.4181E+01  0.2048E-01  0.1525E+01  0.9575E-01
      9   0.6429D-01  0.1025E-04  0.4202E+00  0.6864E-01  0.4180E+01  0.2043E-01  0.1504E+01  0.9552E-01
     10   0.6419D-01  0.1000E-04  0.4200E+00  0.6872E-01  0.4204E+01  0.2029E-01  0.1546E+01  0.9483E-01
     11   0.6413D-01  0.1000E-04  0.4198E+00  0.6838E-01  0.4213E+01  0.2016E-01  0.1541E+01  0.9439E-01


 Mass balance error in FE solution during final run was  0.0004 %


 Correlation matrix
 ==================
         1          2          3          4          5          6          7
   1   1.0000
   2   0.0750     1.0000
   3   0.0386    -0.4411     1.0000
   4   0.0428    -0.4167     0.8147     1.0000
   5   0.0002     0.3732    -0.5379    -0.8877     1.0000
   6   0.0377    -0.2235    -0.1396    -0.3642     0.4164     1.0000
   7   0.0077    -0.3808     0.6818     0.3759     0.0399    -0.1319     1.0000

 Non-linear least-squares analysis: final results
 ================================================
                                           95% Confidence limits
 Variable        Value        S.E.Coeff.     Lower         Upper
   WCR      0.10000E-04    0.35472E-03 -0.69031E-03  0.71031E-03
   WCS      0.41980E+00    0.41261E-02  0.41165E+00  0.42794E+00
   ALPHA    0.68379E-01    0.28052E-02  0.62841E-01  0.73917E-01
   N        0.42133E+01    0.36931E+00  0.34842E+01  0.49424E+01
   CONDS    0.20164E-01    0.76771E-03  0.18649E-01  0.21680E-01
   L        0.15413E+01    0.10567E+00  0.13327E+01  0.17499E+01
   AlphaW   0.94389E-01    0.18494E-02  0.90738E-01  0.98040E-01


 Contributions to the final objective function

 Measurement Set   2:   0.6413E-01

 RSQUARE for regression of predicted vs observed =0.93634


------------Observed & Fitted Quantity -----------------------------
                                                   Resi-
    No     Time           Obs        Fitted        dual   Type  Position
    1     31.000       0.02000      0.20048     -0.18048     2     1
    2     32.000       0.10000      0.22632     -0.12632     2     1
    3     33.000       0.15000      0.24944     -0.09944     2     1
    4     34.000       0.20000      0.26874     -0.06874     2     1
    5     36.000       0.25000      0.30132     -0.05132     2     1
    6     38.500       0.30000      0.32801     -0.02801     2     1
    7     42.000       0.32000      0.35245     -0.03245     2     1
    8     46.500       0.34000      0.37069     -0.03069     2     1
    9     52.000       0.36000      0.38466     -0.02466     2     1
   10     61.500       0.38000      0.39731     -0.01731     2     1
   11     83.000       0.40000      0.40929     -0.00929     2     1
   18    139.000       0.42000      0.41647      0.00353     2     1
   59    620.000       0.43470      0.41966      0.01504     2     1
   65    710.000       0.43150      0.40573      0.02577     2     1
   71    830.000       0.42620      0.39581      0.03039     2     1
   78   1430.000       0.40120      0.37219      0.02901     2     1
   85   1940.000       0.38980      0.36155      0.02825     2     1
   93   2870.000       0.37540      0.34996      0.02544     2     1
  107   4250.000       0.36450      0.33885      0.02565     2     1
  119   7340.000       0.34410      0.32385      0.02025     2     1
  128  10220.000       0.33760      0.31510      0.02250     2     1
  142  14420.000       0.32690      0.30621      0.02069     2     1
  152  21620.000       0.31080      0.29585      0.01495     2     1
  166  36320.000       0.28710      0.28254      0.00456     2     1
   12    102.000       0.02000      0.06774     -0.04774     2     2
   13    106.000       0.10000      0.11341     -0.01341     2     2
   14    108.000       0.15000      0.13836      0.01164     2     2
   15    112.000       0.20000      0.18678      0.01322     2     2
   16    121.000       0.25000      0.26382     -0.01382     2     2
   17    133.000       0.30000      0.31715     -0.01715     2     2
   19    142.000       0.32000      0.33899     -0.01899     2     2
   20    156.000       0.34000      0.36071     -0.02071     2     2
   21    176.000       0.36000      0.37911     -0.01911     2     2
   27    212.000       0.38000      0.39494     -0.01494     2     2
   31    280.000       0.40000      0.40732     -0.00732     2     2
   50    500.000       0.42000      0.41647      0.00353     2     2
   60    620.000       0.42620      0.41771      0.00849     2     2
   66    710.000       0.41540      0.40228      0.01312     2     2
   72    830.000       0.40620      0.39216      0.01404     2     2
   79   1430.000       0.38880      0.36921      0.01959     2     2
   86   1940.000       0.38380      0.35905      0.02475     2     2
   94   2870.000       0.36670      0.34781      0.01889     2     2
  108   4250.000       0.35690      0.33682      0.02008     2     2
  120   7340.000       0.34050      0.32216      0.01834     2     2
  129  10220.000       0.32720      0.31355      0.01365     2     2
  143  14420.000       0.31840      0.30478      0.01362     2     2
  153  21620.000       0.30670      0.29451      0.01219     2     2
  167  36320.000       0.29260      0.28134      0.01126     2     2
   22    179.000       0.02000      0.05748     -0.03748     2     3
   23    186.000       0.10000      0.11464     -0.01464     2     3
   24    190.000       0.15000      0.14689      0.00311     2     3
   25    196.000       0.20000      0.19418      0.00582     2     3
   26    204.000       0.25000      0.24121      0.00879     2     3
   28    225.000       0.30000      0.30877     -0.00877     2     3
   29    246.000       0.32000      0.34028     -0.02028     2     3
   30    265.000       0.34000      0.35786     -0.01786     2     3
   36    300.000       0.36000      0.37720     -0.01720     2     3
   39    365.000       0.38000      0.39458     -0.01458     2     3
   48    478.000       0.40000      0.40692     -0.00692     2     3
   61    620.000       0.41050      0.41275     -0.00225     2     3
   67    710.000       0.39820      0.39654      0.00166     2     3
   73    830.000       0.39020      0.38624      0.00396     2     3
   80   1430.000       0.37450      0.36417      0.01033     2     3
   87   1940.000       0.35950      0.35456      0.00494     2     3
   95   2870.000       0.35120      0.34362      0.00758     2     3
  109   4250.000       0.34130      0.33294      0.00836     2     3
  121   7340.000       0.32370      0.31871      0.00499     2     3
  130  10220.000       0.31960      0.31031      0.00929     2     3
  144  14420.000       0.30740      0.30171      0.00569     2     3
  154  21620.000       0.29810      0.29158      0.00652     2     3
  168  36320.000       0.27660      0.27864     -0.00204     2     3
   32    280.000       0.02000      0.06287     -0.04287     2     4
   33    286.000       0.10000      0.09963      0.00037     2     4
   34    291.000       0.15000      0.13177      0.01823     2     4
   35    299.000       0.20000      0.17712      0.02288     2     4
   37    312.000       0.25000      0.23514      0.01486     2     4
   38    345.000       0.30000      0.30730     -0.00730     2     4
   40    370.000       0.32000      0.33355     -0.01355     2     4
   41    400.000       0.34000      0.35458     -0.01458     2     4
   47    455.000       0.36000      0.37552     -0.01552     2     4
   54    550.000       0.38000      0.39328     -0.01328     2     4
   62    620.000       0.38850      0.40074     -0.01224     2     4
   68    710.000       0.37560      0.38477     -0.00917     2     4
   74    830.000       0.36920      0.37463     -0.00543     2     4
   81   1430.000       0.34860      0.35401     -0.00541     2     4
   88   1940.000       0.33830      0.34526     -0.00696     2     4
   96   2870.000       0.33090      0.33476     -0.00386     2     4
  110   4250.000       0.31910      0.32467     -0.00557     2     4
  122   7340.000       0.30380      0.31115     -0.00735     2     4
  131  10220.000       0.30170      0.30309     -0.00139     2     4
  145  14420.000       0.29070      0.29479     -0.00409     2     4
  155  21620.000       0.28500      0.28496      0.00004     2     4
  169  36320.000       0.27080      0.27243     -0.00163     2     4
   42    400.000       0.02000      0.05287     -0.03287     2     5
   43    408.000       0.10000      0.08696      0.01304     2     5
   44    415.000       0.15000      0.12382      0.02618     2     5
   45    426.000       0.20000      0.17249      0.02751     2     5
   46    440.000       0.25000      0.22282      0.02718     2     5
   49    485.000       0.30000      0.30122     -0.00122     2     5
   51    525.000       0.32000      0.33257     -0.01257     2     5
   56    560.000       0.34000      0.35115     -0.01115     2     5
   63    620.000       0.35360      0.36916     -0.01556     2     5
   69    710.000       0.34290      0.35563     -0.01273     2     5
   75    830.000       0.33830      0.34821     -0.00991     2     5
   82   1430.000       0.32480      0.33029     -0.00549     2     5
   89   1940.000       0.31340      0.32296     -0.00956     2     5
   97   2870.000       0.30570      0.31332     -0.00762     2     5
  111   4250.000       0.29030      0.30436     -0.01406     2     5
  123   7340.000       0.28760      0.29220     -0.00460     2     5
  132  10220.000       0.27980      0.28483     -0.00503     2     5
  146  14420.000       0.26850      0.27718     -0.00868     2     5
  156  21620.000       0.26550      0.26803     -0.00253     2     5
  170  36320.000       0.25680      0.25642      0.00038     2     5
   52    538.000       0.02000      0.03532     -0.01532     2     6
   53    546.000       0.10000      0.05821      0.04179     2     6
   55    556.000       0.15000      0.09465      0.05535     2     6
   57    568.000       0.20000      0.14420      0.05580     2     6
   58    590.000       0.25000      0.21198      0.03802     2     6
   64    620.000       0.27940      0.26506      0.01434     2     6
   70    710.000       0.28030      0.28495     -0.00465     2     6
   76    830.000       0.28150      0.28258     -0.00108     2     6
   83   1430.000       0.28410      0.27390      0.01020     2     6
   90   1940.000       0.28210      0.26909      0.01301     2     6
   98   2870.000       0.27930      0.26153      0.01777     2     6
  112   4250.000       0.26910      0.25494      0.01416     2     6
  124   7340.000       0.25630      0.24560      0.01070     2     6
  133  10220.000       0.25280      0.23972      0.01308     2     6
  147  14420.000       0.25170      0.23353      0.01817     2     6
  157  21620.000       0.24380      0.22598      0.01782     2     6
  171  36320.000       0.24140      0.21647      0.02493     2     6
   77    830.000       0.03990      0.02766      0.01224     2     7
   84   1430.000       0.21130      0.19881      0.01249     2     7
   91   1940.000       0.22410      0.20801      0.01609     2     7
   99   2870.000       0.21960      0.20809      0.01151     2     7
  101   3350.000       0.21640      0.20750      0.00890     2     7
  104   3740.000       0.21710      0.20694      0.01016     2     7
  113   4250.000       0.21530      0.20614      0.00916     2     7
  116   5780.000       0.21360      0.20374      0.00986     2     7
  125   7340.000       0.21340      0.20138      0.01202     2     7
  134  10220.000       0.20910      0.19761      0.01149     2     7
  138  12140.000       0.20720      0.19536      0.01184     2     7
  148  14420.000       0.20790      0.19302      0.01488     2     7
  158  21620.000       0.20560      0.18766      0.01794     2     7
  162  32120.000       0.20580      0.18232      0.02348     2     7
  172  36320.000       0.20390      0.18063      0.02327     2     7
   92   1940.000       0.11200      0.11616     -0.00416     2     8
  100   2870.000       0.17220      0.16384      0.00836     2     8
  102   3350.000       0.17870      0.16999      0.00871     2     8
  105   3740.000       0.18530      0.17300      0.01230     2     8
  114   4250.000       0.19120      0.17546      0.01574     2     8
  117   5780.000       0.19160      0.17789      0.01371     2     8
  126   7340.000       0.19310      0.17766      0.01544     2     8
  135  10220.000       0.18470      0.17572      0.00898     2     8
  139  12140.000       0.18590      0.17456      0.01134     2     8
  149  14420.000       0.18540      0.17323      0.01217     2     8
  159  21620.000       0.18570      0.16975      0.01595     2     8
  163  32120.000       0.18680      0.16589      0.02091     2     8
  173  36320.000       0.18620      0.16459      0.02161     2     8
  103   3350.000       0.03530      0.06275     -0.02745     2     9
  106   3740.000       0.10530      0.09494      0.01036     2     9
  115   4250.000       0.13840      0.11793      0.02047     2     9
  118   5780.000       0.15070      0.14413      0.00657     2     9
  127   7340.000       0.15680      0.15271      0.00409     2     9
  136  10220.000       0.16220      0.15768      0.00452     2     9
  140  12140.000       0.16370      0.15856      0.00514     2     9
  150  14420.000       0.16640      0.15868      0.00772     2     9
  160  21620.000       0.16480      0.15708      0.00772     2     9
  164  32120.000       0.17030      0.15373      0.01657     2     9
  174  36320.000       0.17370      0.15239      0.02131     2     9
  137  10220.000       0.08420      0.10932     -0.02512     2    10
  141  12140.000       0.12040      0.12073     -0.00033     2    10
  151  14420.000       0.13070      0.12786      0.00284     2    10
  161  21620.000       0.13800      0.13808     -0.00008     2    10
  165  32120.000       0.14830      0.14043      0.00787     2    10
  175  36320.000       0.15090      0.14031      0.01059     2    10


  Pressure    Log P      WC       Rel K     Log RK   Abs K    Log KA     Diffus     Log D
 0.000E+00            0.4198    0.100E+01            0.202E-01
 0.141E+01   0.150    0.4198    0.999E+00   0.000    0.201E-01  -1.696    0.399E+03   2.601
 0.168E+01   0.225    0.4198    0.998E+00  -0.001    0.201E-01  -1.696    0.229E+03   2.360
 0.200E+01   0.300    0.4197    0.997E+00  -0.001    0.201E-01  -1.697    0.131E+03   2.118
 0.237E+01   0.375    0.4196    0.994E+00  -0.003    0.200E-01  -1.698    0.752E+02   1.876
 0.282E+01   0.450    0.4195    0.990E+00  -0.005    0.200E-01  -1.700    0.430E+02   1.634
 0.335E+01   0.525    0.4192    0.982E+00  -0.008    0.198E-01  -1.703    0.245E+02   1.390
 0.398E+01   0.600    0.4185    0.968E+00  -0.014    0.195E-01  -1.709    0.140E+02   1.145
 0.473E+01   0.675    0.4171    0.945E+00  -0.025    0.190E-01  -1.720    0.788E+01   0.896
 0.562E+01   0.750    0.4142    0.904E+00  -0.044    0.182E-01  -1.739    0.440E+01   0.643
 0.668E+01   0.825    0.4084    0.837E+00  -0.077    0.169E-01  -1.772    0.242E+01   0.383
 0.794E+01   0.900    0.3969    0.731E+00  -0.136    0.147E-01  -1.832    0.129E+01   0.112
 0.944E+01   0.975    0.3753    0.577E+00  -0.239    0.116E-01  -1.934    0.667E+00  -0.176
 0.112E+02   1.050    0.3382    0.386E+00  -0.413    0.779E-02  -2.108    0.326E+00  -0.487
 0.133E+02   1.125    0.2829    0.204E+00  -0.689    0.412E-02  -2.385    0.150E+00  -0.825
 0.158E+02   1.200    0.2151    0.811E-01  -1.091    0.164E-02  -2.786    0.642E-01  -1.192
 0.188E+02   1.275    0.1486    0.243E-01  -1.615    0.489E-03  -3.310    0.260E-01  -1.586
 0.224E+02   1.350    0.0950    0.583E-02  -2.234    0.118E-03  -3.930    0.101E-01  -1.998
 0.266E+02   1.425    0.0579    0.122E-02  -2.915    0.245E-04  -4.611    0.379E-02  -2.421
 0.316E+02   1.500    0.0342    0.234E-03  -3.631    0.472E-05  -5.326    0.141E-02  -2.851
 0.376E+02   1.575    0.0199    0.429E-04  -4.367    0.866E-06  -6.063    0.517E-03  -3.286
 0.447E+02   1.650    0.0115    0.776E-05  -5.110    0.157E-06  -6.805    0.190E-03  -3.720
 0.531E+02   1.725    0.0067    0.139E-05  -5.858    0.280E-07  -7.553    0.699E-04  -4.155
 0.631E+02   1.800    0.0038    0.247E-06  -6.608    0.498E-08  -8.303    0.256E-04  -4.591
 0.750E+02   1.875    0.0022    0.437E-07  -7.359    0.882E-09  -9.054    0.939E-05  -5.028
 0.891E+02   1.950    0.0013    0.774E-08  -8.111    0.156E-09  -9.806    0.344E-05  -5.464
 0.106E+03   2.025    0.0007    0.137E-08  -8.863    0.276E-10 -10.559    0.126E-05  -5.900
 0.126E+03   2.100    0.0004    0.242E-09  -9.616    0.489E-11 -11.311    0.460E-06  -6.337
 0.150E+03   2.175    0.0002    0.429E-10 -10.368    0.864E-12 -12.063    0.169E-06  -6.773
 0.178E+03   2.250    0.0001    0.758E-11 -11.120    0.153E-12 -12.816    0.617E-07  -7.210
 0.211E+03   2.325    0.0001    0.134E-11 -11.873    0.270E-13 -13.568    0.226E-07  -7.646
 0.251E+03   2.400    0.0001    0.237E-12 -12.625    0.478E-14 -14.321    0.827E-08  -8.083
 0.299E+03   2.475    0.0000    0.419E-13 -13.378    0.845E-15 -15.073    0.303E-08  -8.519
 0.355E+03   2.550    0.0000    0.741E-14 -14.130    0.149E-15 -15.826    0.111E-08  -8.956
 0.422E+03   2.625    0.0000    0.131E-14 -14.883    0.264E-16 -16.578    0.405E-09  -9.392
 0.501E+03   2.700    0.0000    0.232E-15 -15.635    0.467E-17 -17.331    0.148E-09  -9.829
 0.596E+03   2.775    0.0000    0.409E-16 -16.388    0.825E-18 -18.083    0.543E-10 -10.265
 
 Inverse solution calculation time [sec]   13.5000000000000     
