 ******* Program HYDRUS
 ******* 
 Welcome to HYDRUS-1D                                                    
 Date:  16. 4.    Time:  19:43:53
 Units: L = cm   , T = min  , M = mmol 
 
 CosAlf,MaxIt,TolTh,  TolH
 0.000   20   0.000 0.10000
 
 TopInF,BotInF,AtmBC,SinkF,WLayer,qGWLF,FreeD,SeepF,lWat,lChem,lTemp,lRoot,lWDep
     T     F     T     F     F     F     F     F     T     F     F     F     F

Nodal point information

node      x         hOld    MatN LayN  Beta      Ah       AK      ATh     Temp    Conc(1...NS)         Sorb(1...NS)

   1      0.000      0.430    1    1   0.000    1.000    1.000    1.000
   2     -0.500      0.020    1    1   0.000    1.000    1.000    1.000
   3     -1.000      0.020    1    1   0.000    1.000    1.000    1.000
   4     -1.500      0.020    1    1   0.000    1.000    1.000    1.000
   5     -2.000      0.020    1    1   0.000    1.000    1.000    1.000
   6     -2.500      0.020    1    1   0.000    1.000    1.000    1.000
   7     -3.000      0.020    1    1   0.000    1.000    1.000    1.000
   8     -3.500      0.020    1    1   0.000    1.000    1.000    1.000
   9     -4.000      0.020    1    1   0.000    1.000    1.000    1.000
  10     -4.500      0.020    1    1   0.000    1.000    1.000    1.000
  11     -5.000      0.020    1    1   0.000    1.000    1.000    1.000
  12     -5.500      0.020    1    1   0.000    1.000    1.000    1.000
  13     -6.000      0.020    1    1   0.000    1.000    1.000    1.000
  14     -6.500      0.020    1    1   0.000    1.000    1.000    1.000
  15     -7.000      0.020    1    1   0.000    1.000    1.000    1.000
  16     -7.500      0.020    1    1   0.000    1.000    1.000    1.000
  17     -8.000      0.020    1    1   0.000    1.000    1.000    1.000
  18     -8.500      0.020    1    1   0.000    1.000    1.000    1.000
  19     -9.000      0.020    1    1   0.000    1.000    1.000    1.000
  20     -9.500      0.020    1    1   0.000    1.000    1.000    1.000
  21    -10.000      0.020    1    1   0.000    1.000    1.000    1.000
  22    -10.500      0.020    1    1   0.000    1.000    1.000    1.000
  23    -11.000      0.020    1    1   0.000    1.000    1.000    1.000
  24    -11.500      0.020    1    1   0.000    1.000    1.000    1.000
  25    -12.000      0.020    1    1   0.000    1.000    1.000    1.000
  26    -12.500      0.020    1    1   0.000    1.000    1.000    1.000
  27    -13.000      0.020    1    1   0.000    1.000    1.000    1.000
  28    -13.500      0.020    1    1   0.000    1.000    1.000    1.000
  29    -14.000      0.020    1    1   0.000    1.000    1.000    1.000
  30    -14.500      0.020    1    1   0.000    1.000    1.000    1.000
  31    -15.000      0.020    1    1   0.000    1.000    1.000    1.000
  32    -15.500      0.020    1    1   0.000    1.000    1.000    1.000
  33    -16.000      0.020    1    1   0.000    1.000    1.000    1.000
  34    -16.500      0.020    1    1   0.000    1.000    1.000    1.000
  35    -17.000      0.020    1    1   0.000    1.000    1.000    1.000
  36    -17.500      0.020    1    1   0.000    1.000    1.000    1.000
  37    -18.000      0.020    1    1   0.000    1.000    1.000    1.000
  38    -18.500      0.020    1    1   0.000    1.000    1.000    1.000
  39    -19.000      0.020    1    1   0.000    1.000    1.000    1.000
  40    -19.500      0.020    1    1   0.000    1.000    1.000    1.000
  41    -20.000      0.020    1    1   0.000    1.000    1.000    1.000
  42    -20.500      0.020    1    1   0.000    1.000    1.000    1.000
  43    -21.000      0.020    1    1   0.000    1.000    1.000    1.000
  44    -21.500      0.020    1    1   0.000    1.000    1.000    1.000
  45    -22.000      0.020    1    1   0.000    1.000    1.000    1.000
  46    -22.500      0.020    1    1   0.000    1.000    1.000    1.000
  47    -23.000      0.020    1    1   0.000    1.000    1.000    1.000
  48    -23.500      0.020    1    1   0.000    1.000    1.000    1.000
  49    -24.000      0.020    1    1   0.000    1.000    1.000    1.000
  50    -24.500      0.020    1    1   0.000    1.000    1.000    1.000
  51    -25.000      0.020    1    1   0.000    1.000    1.000    1.000
  52    -25.500      0.020    1    1   0.000    1.000    1.000    1.000
  53    -26.000      0.020    1    1   0.000    1.000    1.000    1.000
  54    -26.500      0.020    1    1   0.000    1.000    1.000    1.000
  55    -27.000      0.020    1    1   0.000    1.000    1.000    1.000
  56    -27.500      0.020    1    1   0.000    1.000    1.000    1.000
  57    -28.000      0.020    1    1   0.000    1.000    1.000    1.000
  58    -28.500      0.020    1    1   0.000    1.000    1.000    1.000
  59    -29.000      0.020    1    1   0.000    1.000    1.000    1.000
  60    -29.500      0.020    1    1   0.000    1.000    1.000    1.000
  61    -30.000      0.020    1    1   0.000    1.000    1.000    1.000
  62    -30.500      0.020    1    1   0.000    1.000    1.000    1.000
  63    -31.000      0.020    1    1   0.000    1.000    1.000    1.000
  64    -31.500      0.020    1    1   0.000    1.000    1.000    1.000
  65    -32.000      0.020    1    1   0.000    1.000    1.000    1.000
  66    -32.500      0.020    1    1   0.000    1.000    1.000    1.000
  67    -33.000      0.020    1    1   0.000    1.000    1.000    1.000
  68    -33.500      0.020    1    1   0.000    1.000    1.000    1.000
  69    -34.000      0.020    1    1   0.000    1.000    1.000    1.000
  70    -34.500      0.020    1    1   0.000    1.000    1.000    1.000
  71    -35.000      0.020    1    1   0.000    1.000    1.000    1.000
  72    -35.500      0.020    1    1   0.000    1.000    1.000    1.000
  73    -36.000      0.020    1    1   0.000    1.000    1.000    1.000
  74    -36.500      0.020    1    1   0.000    1.000    1.000    1.000
  75    -37.000      0.020    1    1   0.000    1.000    1.000    1.000
  76    -37.500      0.020    1    1   0.000    1.000    1.000    1.000
  77    -38.000      0.020    1    1   0.000    1.000    1.000    1.000
  78    -38.500      0.020    1    1   0.000    1.000    1.000    1.000
  79    -39.000      0.020    1    1   0.000    1.000    1.000    1.000
  80    -39.500      0.020    1    1   0.000    1.000    1.000    1.000
  81    -40.000      0.020    1    1   0.000    1.000    1.000    1.000
  82    -40.500      0.020    1    1   0.000    1.000    1.000    1.000
  83    -41.000      0.020    1    1   0.000    1.000    1.000    1.000
  84    -41.500      0.020    1    1   0.000    1.000    1.000    1.000
  85    -42.000      0.020    1    1   0.000    1.000    1.000    1.000
  86    -42.500      0.020    1    1   0.000    1.000    1.000    1.000
  87    -43.000      0.020    1    1   0.000    1.000    1.000    1.000
  88    -43.500      0.020    1    1   0.000    1.000    1.000    1.000
  89    -44.000      0.020    1    1   0.000    1.000    1.000    1.000
  90    -44.500      0.020    1    1   0.000    1.000    1.000    1.000
  91    -45.000      0.020    1    1   0.000    1.000    1.000    1.000
  92    -45.500      0.020    1    1   0.000    1.000    1.000    1.000
  93    -46.000      0.020    1    1   0.000    1.000    1.000    1.000
  94    -46.500      0.020    1    1   0.000    1.000    1.000    1.000
  95    -47.000      0.020    1    1   0.000    1.000    1.000    1.000
  96    -47.500      0.020    1    1   0.000    1.000    1.000    1.000
  97    -48.000      0.020    1    1   0.000    1.000    1.000    1.000
  98    -48.500      0.020    1    1   0.000    1.000    1.000    1.000
  99    -49.000      0.020    1    1   0.000    1.000    1.000    1.000
 100    -49.500      0.020    1    1   0.000    1.000    1.000    1.000
 101    -50.000      0.020    1    1   0.000    1.000    1.000    1.000
end

 Number of species in the chain :   0


MatNum, Param. array:

   Mat     Qr     Qs        Alfa         n          Ks      l       Qm     QsW  AlfaW      KsW

    1    0.000  0.420   0.684E-01   0.421E+01   0.202E-01  1.541  0.420  0.420  0.094   0.202E-01

       Table of Hydraulic Properties which are interpolated in simulation
       =================================================================

  theta         h        log h        C             K        log K          S          Kv
 
  0.4198  -0.100E-02 -0.3000E+01  0.0000E+00  0.2016E-01 -0.1695E+01    1.0000  0.0000E+00
  0.4198  -0.118E-02 -0.2929E+01  0.0000E+00  0.2016E-01 -0.1695E+01    1.0000  0.0000E+00
  0.4198  -0.138E-02 -0.2859E+01  0.0000E+00  0.2016E-01 -0.1695E+01    1.0000  0.0000E+00
  0.4198  -0.163E-02 -0.2788E+01  0.0000E+00  0.2016E-01 -0.1695E+01    1.0000  0.0000E+00
  0.4198  -0.192E-02 -0.2717E+01  0.0000E+00  0.2016E-01 -0.1695E+01    1.0000  0.0000E+00
  0.4198  -0.226E-02 -0.2646E+01  0.0000E+00  0.2016E-01 -0.1695E+01    1.0000  0.0000E+00
  0.4198  -0.266E-02 -0.2576E+01  0.0000E+00  0.2016E-01 -0.1695E+01    1.0000  0.0000E+00
  0.4198  -0.313E-02 -0.2505E+01  0.0000E+00  0.2016E-01 -0.1695E+01    1.0000  0.0000E+00
  0.4198  -0.368E-02 -0.2434E+01  0.0000E+00  0.2016E-01 -0.1695E+01    1.0000  0.0000E+00
  0.4198  -0.433E-02 -0.2364E+01  0.4227E-12  0.2016E-01 -0.1695E+01    1.0000  0.0000E+00
  0.4198  -0.509E-02 -0.2293E+01  0.7132E-12  0.2016E-01 -0.1695E+01    1.0000  0.0000E+00
  0.4198  -0.599E-02 -0.2222E+01  0.1203E-11  0.2016E-01 -0.1695E+01    1.0000  0.0000E+00
  0.4198  -0.705E-02 -0.2152E+01  0.2031E-11  0.2016E-01 -0.1695E+01    1.0000  0.0000E+00
  0.4198  -0.830E-02 -0.2081E+01  0.3426E-11  0.2016E-01 -0.1695E+01    1.0000  0.0000E+00
  0.4198  -0.977E-02 -0.2010E+01  0.5782E-11  0.2016E-01 -0.1695E+01    1.0000  0.0000E+00
  0.4198  -0.115E-01 -0.1939E+01  0.9756E-11  0.2016E-01 -0.1695E+01    1.0000  0.0000E+00
  0.4198  -0.135E-01 -0.1869E+01  0.1646E-10  0.2016E-01 -0.1695E+01    1.0000  0.0000E+00
  0.4198  -0.159E-01 -0.1798E+01  0.2778E-10  0.2016E-01 -0.1695E+01    1.0000  0.0000E+00
  0.4198  -0.187E-01 -0.1727E+01  0.4687E-10  0.2016E-01 -0.1695E+01    1.0000  0.0000E+00
  0.4198  -0.221E-01 -0.1657E+01  0.7908E-10  0.2016E-01 -0.1695E+01    1.0000  0.0000E+00
  0.4198  -0.260E-01 -0.1586E+01  0.1334E-09  0.2016E-01 -0.1695E+01    1.0000  0.0000E+00
  0.4198  -0.305E-01 -0.1515E+01  0.2252E-09  0.2016E-01 -0.1695E+01    1.0000  0.0000E+00
  0.4198  -0.359E-01 -0.1444E+01  0.3799E-09  0.2016E-01 -0.1695E+01    1.0000  0.0000E+00
  0.4198  -0.423E-01 -0.1374E+01  0.6410E-09  0.2016E-01 -0.1695E+01    1.0000  0.0000E+00
  0.4198  -0.498E-01 -0.1303E+01  0.1082E-08  0.2016E-01 -0.1695E+01    1.0000  0.0000E+00
  0.4198  -0.586E-01 -0.1232E+01  0.1825E-08  0.2016E-01 -0.1695E+01    1.0000  0.0000E+00
  0.4198  -0.689E-01 -0.1162E+01  0.3080E-08  0.2016E-01 -0.1695E+01    1.0000  0.0000E+00
  0.4198  -0.811E-01 -0.1091E+01  0.5196E-08  0.2016E-01 -0.1695E+01    1.0000  0.0000E+00
  0.4198  -0.955E-01 -0.1020E+01  0.8768E-08  0.2016E-01 -0.1695E+01    1.0000  0.0000E+00
  0.4198  -0.112E+00 -0.9495E+00  0.1479E-07  0.2016E-01 -0.1695E+01    1.0000  0.0000E+00
  0.4198  -0.132E+00 -0.8788E+00  0.2496E-07  0.2016E-01 -0.1695E+01    1.0000  0.0000E+00
  0.4198  -0.156E+00 -0.8081E+00  0.4212E-07  0.2016E-01 -0.1695E+01    1.0000  0.0000E+00
  0.4198  -0.183E+00 -0.7374E+00  0.7108E-07  0.2016E-01 -0.1695E+01    1.0000  0.0000E+00
  0.4198  -0.215E+00 -0.6667E+00  0.1199E-06  0.2016E-01 -0.1695E+01    1.0000  0.0000E+00
  0.4198  -0.254E+00 -0.5960E+00  0.2024E-06  0.2016E-01 -0.1695E+01    1.0000  0.0000E+00
  0.4198  -0.298E+00 -0.5253E+00  0.3415E-06  0.2016E-01 -0.1695E+01    1.0000  0.8567E-34
  0.4198  -0.351E+00 -0.4545E+00  0.5762E-06  0.2016E-01 -0.1695E+01    1.0000  0.8635E-33
  0.4198  -0.413E+00 -0.3838E+00  0.9722E-06  0.2016E-01 -0.1695E+01    1.0000  0.3336E-32
  0.4198  -0.486E+00 -0.3131E+00  0.1640E-05  0.2016E-01 -0.1695E+01    1.0000  0.3362E-31
  0.4198  -0.572E+00 -0.2424E+00  0.2768E-05  0.2016E-01 -0.1695E+01    1.0000  0.4425E-30
  0.4198  -0.673E+00 -0.1717E+00  0.4670E-05  0.2016E-01 -0.1695E+01    1.0000  0.3914E-29
  0.4198  -0.792E+00 -0.1010E+00  0.7881E-05  0.2016E-01 -0.1695E+01    1.0000  0.3945E-28
  0.4198  -0.933E+00 -0.3030E-01  0.1330E-04  0.2016E-01 -0.1696E+01    1.0000  0.3845E-27
  0.4198  -0.110E+01  0.4040E-01  0.2244E-04  0.2015E-01 -0.1696E+01    1.0000  0.3747E-26
  0.4198  -0.129E+01  0.1111E+00  0.3786E-04  0.2015E-01 -0.1696E+01    1.0000  0.3681E-25
  0.4198  -0.152E+01  0.1818E+00  0.6387E-04  0.2013E-01 -0.1696E+01    0.9999  0.3631E-24
  0.4198  -0.179E+01  0.2525E+00  0.1078E-03  0.2011E-01 -0.1697E+01    0.9999  0.3574E-23
  0.4197  -0.210E+01  0.3232E+00  0.1818E-03  0.2008E-01 -0.1697E+01    0.9998  0.3517E-22
  0.4196  -0.248E+01  0.3939E+00  0.3066E-03  0.2002E-01 -0.1699E+01    0.9996  0.3459E-21
  0.4194  -0.292E+01  0.4646E+00  0.5168E-03  0.1991E-01 -0.1701E+01    0.9991  0.3399E-20
  0.4191  -0.343E+01  0.5354E+00  0.8704E-03  0.1973E-01 -0.1705E+01    0.9983  0.3334E-19
  0.4184  -0.404E+01  0.6061E+00  0.1463E-02  0.1943E-01 -0.1712E+01    0.9966  0.3260E-18
  0.4170  -0.475E+01  0.6768E+00  0.2450E-02  0.1890E-01 -0.1723E+01    0.9934  0.3167E-17
  0.4143  -0.559E+01  0.7475E+00  0.4072E-02  0.1802E-01 -0.1744E+01    0.9869  0.3040E-16
  0.4091  -0.658E+01  0.8182E+00  0.6672E-02  0.1658E-01 -0.1780E+01    0.9744  0.2848E-15
  0.3991  -0.774E+01  0.8889E+00  0.1063E-01  0.1434E-01 -0.1843E+01    0.9507  0.2548E-14
  0.3808  -0.911E+01  0.9596E+00  0.1610E-01  0.1115E-01 -0.1953E+01    0.9072  0.2092E-13
  0.3497  -0.107E+02  0.1030E+01  0.2231E-01  0.7301E-02 -0.2137E+01    0.8331  0.1480E-12
  0.3024  -0.126E+02  0.1101E+01  0.2691E-01  0.3700E-02 -0.2432E+01    0.7205  0.8259E-12
  0.2413  -0.148E+02  0.1172E+01  0.2695E-01  0.1348E-02 -0.2870E+01    0.5749  0.3340E-11
  0.1764  -0.175E+02  0.1242E+01  0.2203E-01  0.3456E-03 -0.3461E+01    0.4201  0.9402E-11
  0.1193  -0.206E+02  0.1313E+01  0.1506E-01  0.6538E-04 -0.4185E+01    0.2842  0.1897E-10
  0.0763  -0.242E+02  0.1384E+01  0.9049E-02  0.9950E-05 -0.5002E+01    0.1818  0.2962E-10
  0.0472  -0.285E+02  0.1455E+01  0.5017E-02  0.1323E-05 -0.5878E+01    0.1123  0.3887E-10
  0.0286  -0.335E+02  0.1525E+01  0.2657E-02  0.1630E-06 -0.6788E+01    0.0680  0.4572E-10
  0.0171  -0.394E+02  0.1596E+01  0.1374E-02  0.1927E-07 -0.7715E+01    0.0408  0.5033E-10
  0.0102  -0.464E+02  0.1667E+01  0.7009E-03  0.2231E-08 -0.8652E+01    0.0243  0.5327E-10
  0.0061  -0.546E+02  0.1737E+01  0.3554E-03  0.2555E-09 -0.9593E+01    0.0144  0.5508E-10
  0.0036  -0.643E+02  0.1808E+01  0.1796E-03  0.2909E-10 -0.1054E+02    0.0086  0.5618E-10
  0.0021  -0.756E+02  0.1879E+01  0.9059E-04  0.3303E-11 -0.1148E+02    0.0051  0.5684E-10
  0.0013  -0.890E+02  0.1949E+01  0.4566E-04  0.3746E-12 -0.1243E+02    0.0030  0.5724E-10
  0.0008  -0.105E+03  0.2020E+01  0.2300E-04  0.4245E-13 -0.1337E+02    0.0018  0.5747E-10
  0.0005  -0.123E+03  0.2091E+01  0.1159E-04  0.4808E-14 -0.1432E+02    0.0011  0.5761E-10
  0.0003  -0.145E+03  0.2162E+01  0.5836E-05  0.5446E-15 -0.1526E+02    0.0006  0.5769E-10
  0.0002  -0.171E+03  0.2232E+01  0.2939E-05  0.6167E-16 -0.1621E+02    0.0004  0.5774E-10
  0.0001  -0.201E+03  0.2303E+01  0.1480E-05  0.6983E-17 -0.1716E+02    0.0002  0.5777E-10
  0.0001  -0.236E+03  0.2374E+01  0.7455E-06  0.7908E-18 -0.1810E+02    0.0001  0.5779E-10
  0.0000  -0.278E+03  0.2444E+01  0.3754E-06  0.8955E-19 -0.1905E+02    0.0001  0.5779E-10
  0.0000  -0.327E+03  0.2515E+01  0.1891E-06  0.1014E-19 -0.1999E+02    0.0000  0.5780E-10
  0.0000  -0.385E+03  0.2586E+01  0.9521E-07  0.1148E-20 -0.2094E+02    0.0000  0.5780E-10
  0.0000  -0.453E+03  0.2657E+01  0.4795E-07  0.1300E-21 -0.2189E+02    0.0000  0.5780E-10
  0.0000  -0.534E+03  0.2727E+01  0.2415E-07  0.1472E-22 -0.2283E+02    0.0000  0.5780E-10
  0.0000  -0.628E+03  0.2798E+01  0.1216E-07  0.1667E-23 -0.2378E+02    0.0000  0.5779E-10
  0.0000  -0.739E+03  0.2869E+01  0.6124E-08  0.1888E-24 -0.2472E+02    0.0000  0.5779E-10
  0.0000  -0.870E+03  0.2939E+01  0.3084E-08  0.2138E-25 -0.2567E+02    0.0000  0.5778E-10
  0.0000  -0.102E+04  0.3010E+01  0.1553E-08  0.2420E-26 -0.2662E+02    0.0000  0.5778E-10
  0.0000  -0.120E+04  0.3081E+01  0.7822E-09  0.2741E-27 -0.2756E+02    0.0000  0.5777E-10
  0.0000  -0.142E+04  0.3152E+01  0.3939E-09  0.3104E-28 -0.2851E+02    0.0000  0.5776E-10
  0.0000  -0.167E+04  0.3222E+01  0.1984E-09  0.3514E-29 -0.2945E+02    0.0000  0.5775E-10
  0.0000  -0.196E+04  0.3293E+01  0.9990E-10  0.3979E-30 -0.3040E+02    0.0000  0.5774E-10
  0.0000  -0.231E+04  0.3364E+01  0.5031E-10  0.4506E-31 -0.3135E+02    0.0000  0.5772E-10
  0.0000  -0.272E+04  0.3434E+01  0.2534E-10  0.5103E-32 -0.3229E+02    0.0000  0.5771E-10
  0.0000  -0.320E+04  0.3505E+01  0.1276E-10  0.5778E-33 -0.3324E+02    0.0000  0.5769E-10
  0.0000  -0.376E+04  0.3576E+01  0.6426E-11  0.6543E-34 -0.3418E+02    0.0000  0.5766E-10
  0.0000  -0.443E+04  0.3646E+01  0.3236E-11  0.7409E-35 -0.3513E+02    0.0000  0.5763E-10
  0.0000  -0.521E+04  0.3717E+01  0.1630E-11  0.8389E-36 -0.3608E+02    0.0000  0.5760E-10
  0.0000  -0.614E+04  0.3788E+01  0.8207E-12  0.1000E-36 -0.3700E+02    0.0000  0.5756E-10
  0.0000  -0.722E+04  0.3859E+01  0.4133E-12  0.1000E-36 -0.3700E+02    0.0000  0.5752E-10
  0.0000  -0.850E+04  0.3929E+01  0.2082E-12  0.1000E-36 -0.3700E+02    0.0000  0.5747E-10
  0.0000  -0.100E+05  0.4000E+01  0.1048E-12  0.1000E-36 -0.3700E+02    0.0000  0.5740E-10
end
