 ******* Program HYDRUS
 ******* Welcome to HYDRUS-1D                                                   
  
 Date:   1.10.    Time:  14: 5:44
 Units: L = cm   , T = days , M = mmol 

-----------------------------------------------------
 Time       [T]       .0000
-----------------------------------------------------
 Sub-region num.                   1
-----------------------------------------------------
 Area     [L]         .100E+03   .100E+03
 W-volume [L]         .243E+02   .243E+02
 In-flow  [L/T]       .000E+00   .000E+00
 h Mean   [L]        -.100E+03  -.100E+03
 ConcVol  [M/L2] 1    .000E+00   .000E+00
 cMean    [M/L3] 1    .000E+00   .000E+00
 Top Flux [L/T]      -.142E-01
 Bot Flux [L/T]      -.142E-01
-----------------------------------------------------

-----------------------------------------------------
 Time       [T]     20.0000
-----------------------------------------------------
 Sub-region num.                   1
-----------------------------------------------------
 Area     [L]         .100E+03   .100E+03
 W-volume [L]         .243E+02   .243E+02
 In-flow  [L/T]       .132E-01   .132E-01
 h Mean   [L]        -.128E+03  -.128E+03
 ConcVol  [M/L2] 1    .670E+01   .670E+01
 cMean    [M/L3] 1    .215E+00   .215E+00
 Top Flux [L/T]      -.396E+00
 Bot Flux [L/T]       .132E-01
 WatBalT  [L]        -.152E-05
 WatBalR  [%]             .000
 CncBalT  [M]    1    .143E-05
 CncBalR  [%]    1        .000
-----------------------------------------------------

-----------------------------------------------------
 Time       [T]     40.0000
-----------------------------------------------------
 Sub-region num.                   1
-----------------------------------------------------
 Area     [L]         .100E+03   .100E+03
 W-volume [L]         .247E+02   .247E+02
 In-flow  [L/T]       .240E-01   .240E-01
 h Mean   [L]        -.144E+03  -.144E+03
 ConcVol  [M/L2] 1    .121E+02   .121E+02
 cMean    [M/L3] 1    .397E+00   .397E+00
 Top Flux [L/T]      -.396E+00
 Bot Flux [L/T]       .237E-01
 WatBalT  [L]        -.262E-03
 WatBalR  [%]             .001
 CncBalT  [M]    1   -.191E-05
 CncBalR  [%]    1        .000
-----------------------------------------------------

-----------------------------------------------------
 Time       [T]     60.0000
-----------------------------------------------------
 Sub-region num.                   1
-----------------------------------------------------
 Area     [L]         .100E+03   .100E+03
 W-volume [L]         .252E+02   .252E+02
 In-flow  [L/T]       .277E-01   .277E-01
 h Mean   [L]        -.136E+03  -.136E+03
 ConcVol  [M/L2] 1    .169E+02   .169E+02
 cMean    [M/L3] 1    .567E+00   .567E+00
 Top Flux [L/T]      -.396E+00
 Bot Flux [L/T]       .274E-01
 WatBalT  [L]        -.243E-03
 WatBalR  [%]             .000
 CncBalT  [M]    1    .191E-05
 CncBalR  [%]    1        .000
-----------------------------------------------------

-----------------------------------------------------
 Time       [T]     80.0000
-----------------------------------------------------
 Sub-region num.                   1
-----------------------------------------------------
 Area     [L]         .100E+03   .100E+03
 W-volume [L]         .258E+02   .258E+02
 In-flow  [L/T]       .286E-01   .286E-01
 h Mean   [L]        -.113E+03  -.113E+03
 ConcVol  [M/L2] 1    .214E+02   .214E+02
 cMean    [M/L3] 1    .731E+00   .731E+00
 Top Flux [L/T]      -.396E+00
 Bot Flux [L/T]       .286E-01
 WatBalT  [L]         .870E-05
 WatBalR  [%]             .000
 CncBalT  [M]    1   -.763E-05
 CncBalR  [%]    1        .000
-----------------------------------------------------

-----------------------------------------------------
 Time       [T]    100.0000
-----------------------------------------------------
 Sub-region num.                   1
-----------------------------------------------------
 Area     [L]         .100E+03   .100E+03
 W-volume [L]         .263E+02   .263E+02
 In-flow  [L/T]       .269E-01   .269E-01
 h Mean   [L]        -.958E+02  -.958E+02
 ConcVol  [M/L2] 1    .258E+02   .258E+02
 cMean    [M/L3] 1    .892E+00   .892E+00
 Top Flux [L/T]      -.396E+00
 Bot Flux [L/T]       .269E-01
 WatBalT  [L]         .145E-04
 WatBalR  [%]             .000
 CncBalT  [M]    1   -.191E-05
 CncBalR  [%]    1        .000
-----------------------------------------------------

-----------------------------------------------------
 Time       [T]    120.0000
-----------------------------------------------------
 Sub-region num.                   1
-----------------------------------------------------
 Area     [L]         .100E+03   .100E+03
 W-volume [L]         .268E+02   .268E+02
 In-flow  [L/T]       .211E-01   .211E-01
 h Mean   [L]        -.857E+02  -.857E+02
 ConcVol  [M/L2] 1    .221E+02   .221E+02
 cMean    [M/L3] 1    .804E+00   .804E+00
 Top Flux [L/T]      -.396E+00
 Bot Flux [L/T]       .211E-01
 WatBalT  [L]         .248E-04
 WatBalR  [%]             .000
 CncBalT  [M]    1    .381E-05
 CncBalR  [%]    1        .000
-----------------------------------------------------

-----------------------------------------------------
 Time       [T]    140.0000
-----------------------------------------------------
 Sub-region num.                   1
-----------------------------------------------------
 Area     [L]         .100E+03   .100E+03
 W-volume [L]         .272E+02   .272E+02
 In-flow  [L/T]       .144E-01   .144E-01
 h Mean   [L]        -.801E+02  -.801E+02
 ConcVol  [M/L2] 1    .190E+02   .190E+02
 cMean    [M/L3] 1    .715E+00   .715E+00
 Top Flux [L/T]      -.396E+00
 Bot Flux [L/T]       .144E-01
 WatBalT  [L]         .262E-04
 WatBalR  [%]             .000
 CncBalT  [M]    1   -.191E-05
 CncBalR  [%]    1        .000
-----------------------------------------------------

-----------------------------------------------------
 Time       [T]    160.0000
-----------------------------------------------------
 Sub-region num.                   1
-----------------------------------------------------
 Area     [L]         .100E+03   .100E+03
 W-volume [L]         .274E+02   .274E+02
 In-flow  [L/T]       .904E-02   .904E-02
 h Mean   [L]        -.768E+02  -.768E+02
 ConcVol  [M/L2] 1    .164E+02   .164E+02
 cMean    [M/L3] 1    .634E+00   .634E+00
 Top Flux [L/T]      -.396E+00
 Bot Flux [L/T]       .904E-02
 WatBalT  [L]         .205E-04
 WatBalR  [%]             .000
 CncBalT  [M]    1   -.381E-05
 CncBalR  [%]    1        .000
-----------------------------------------------------

-----------------------------------------------------
 Time       [T]    180.0000
-----------------------------------------------------
 Sub-region num.                   1
-----------------------------------------------------
 Area     [L]         .100E+03   .100E+03
 W-volume [L]         .275E+02   .275E+02
 In-flow  [L/T]       .551E-02   .551E-02
 h Mean   [L]        -.750E+02  -.750E+02
 ConcVol  [M/L2] 1    .143E+02   .143E+02
 cMean    [M/L3] 1    .563E+00   .563E+00
 Top Flux [L/T]      -.396E+00
 Bot Flux [L/T]       .552E-02
 WatBalT  [L]         .224E-04
 WatBalR  [%]             .000
 CncBalT  [M]    1   -.858E-05
 CncBalR  [%]    1        .000
-----------------------------------------------------

-----------------------------------------------------
 Time       [T]    200.0000
-----------------------------------------------------
 Sub-region num.                   1
-----------------------------------------------------
 Area     [L]         .100E+03   .100E+03
 W-volume [L]         .276E+02   .276E+02
 In-flow  [L/T]       .317E-02   .317E-02
 h Mean   [L]        -.740E+02  -.740E+02
 ConcVol  [M/L2] 1    .126E+02   .126E+02
 cMean    [M/L3] 1    .501E+00   .501E+00
 Top Flux [L/T]      -.396E+00
 Bot Flux [L/T]       .317E-02
 WatBalT  [L]         .119E-04
 WatBalR  [%]             .000
 CncBalT  [M]    1   -.858E-05
 CncBalR  [%]    1        .000
-----------------------------------------------------
