 ******* Program HYDRUS
 ******* Welcome to HYDRUS-1D                                                   
  
 Date:   1.10.    Time:  14: 5:44
 Units: L = cm   , T = days , M = mmol 
 
 CosAlf,MaxIt,TolTh,  TolH
 1.000   20    .000  .10000
 
 TopInF,BotInF,AtmBC,SinkF,WLayer,qGWLF,FreeD,SeepF,lWat,lChem,lTemp,lRoot,lWDep
 
     T     F     T     T     F     F     F     F     T     T     F     F     F

Nodal point information

node      x         hOld    MatN LayN  Beta      Ah       AK      ATh     Temp    Conc(1...NS)         Sorb(1...NS)

   1       .000   -100.000    1    1    .020    1.000    1.000    1.000   20.00   .0000E+00
   2     -1.000   -100.000    1    1    .020    1.000    1.000    1.000   20.00   .0000E+00
   3     -2.000   -100.000    1    1    .020    1.000    1.000    1.000   20.00   .0000E+00
   4     -3.000   -100.000    1    1    .019    1.000    1.000    1.000   20.00   .0000E+00
   5     -4.000   -100.000    1    1    .019    1.000    1.000    1.000   20.00   .0000E+00
   6     -5.000   -100.000    1    1    .019    1.000    1.000    1.000   20.00   .0000E+00
   7     -6.000   -100.000    1    1    .019    1.000    1.000    1.000   20.00   .0000E+00
   8     -7.000   -100.000    1    1    .019    1.000    1.000    1.000   20.00   .0000E+00
   9     -8.000   -100.000    1    1    .018    1.000    1.000    1.000   20.00   .0000E+00
  10     -9.000   -100.000    1    1    .018    1.000    1.000    1.000   20.00   .0000E+00
  11    -10.000   -100.000    1    1    .018    1.000    1.000    1.000   20.00   .0000E+00
  12    -11.000   -100.000    1    1    .018    1.000    1.000    1.000   20.00   .0000E+00
  13    -12.000   -100.000    1    1    .018    1.000    1.000    1.000   20.00   .0000E+00
  14    -13.000   -100.000    1    1    .017    1.000    1.000    1.000   20.00   .0000E+00
  15    -14.000   -100.000    1    1    .017    1.000    1.000    1.000   20.00   .0000E+00
  16    -15.000   -100.000    1    1    .017    1.000    1.000    1.000   20.00   .0000E+00
  17    -16.000   -100.000    1    1    .017    1.000    1.000    1.000   20.00   .0000E+00
  18    -17.000   -100.000    1    1    .017    1.000    1.000    1.000   20.00   .0000E+00
  19    -18.000   -100.000    1    1    .016    1.000    1.000    1.000   20.00   .0000E+00
  20    -19.000   -100.000    1    1    .016    1.000    1.000    1.000   20.00   .0000E+00
  21    -20.000   -100.000    1    1    .016    1.000    1.000    1.000   20.00   .0000E+00
  22    -21.000   -100.000    1    1    .016    1.000    1.000    1.000   20.00   .0000E+00
  23    -22.000   -100.000    1    1    .016    1.000    1.000    1.000   20.00   .0000E+00
  24    -23.000   -100.000    1    1    .015    1.000    1.000    1.000   20.00   .0000E+00
  25    -24.000   -100.000    1    1    .015    1.000    1.000    1.000   20.00   .0000E+00
  26    -25.000   -100.000    1    1    .015    1.000    1.000    1.000   20.00   .0000E+00
  27    -26.000   -100.000    1    1    .015    1.000    1.000    1.000   20.00   .0000E+00
  28    -27.000   -100.000    1    1    .015    1.000    1.000    1.000   20.00   .0000E+00
  29    -28.000   -100.000    1    1    .014    1.000    1.000    1.000   20.00   .0000E+00
  30    -29.000   -100.000    1    1    .014    1.000    1.000    1.000   20.00   .0000E+00
  31    -30.000   -100.000    1    1    .014    1.000    1.000    1.000   20.00   .0000E+00
  32    -31.000   -100.000    1    1    .014    1.000    1.000    1.000   20.00   .0000E+00
  33    -32.000   -100.000    1    1    .014    1.000    1.000    1.000   20.00   .0000E+00
  34    -33.000   -100.000    1    1    .013    1.000    1.000    1.000   20.00   .0000E+00
  35    -34.000   -100.000    1    1    .013    1.000    1.000    1.000   20.00   .0000E+00
  36    -35.000   -100.000    1    1    .013    1.000    1.000    1.000   20.00   .0000E+00
  37    -36.000   -100.000    1    1    .013    1.000    1.000    1.000   20.00   .0000E+00
  38    -37.000   -100.000    1    1    .013    1.000    1.000    1.000   20.00   .0000E+00
  39    -38.000   -100.000    1    1    .012    1.000    1.000    1.000   20.00   .0000E+00
  40    -39.000   -100.000    1    1    .012    1.000    1.000    1.000   20.00   .0000E+00
  41    -40.000   -100.000    1    1    .012    1.000    1.000    1.000   20.00   .0000E+00
  42    -41.000   -100.000    1    1    .012    1.000    1.000    1.000   20.00   .0000E+00
  43    -42.000   -100.000    1    1    .012    1.000    1.000    1.000   20.00   .0000E+00
  44    -43.000   -100.000    1    1    .011    1.000    1.000    1.000   20.00   .0000E+00
  45    -44.000   -100.000    1    1    .011    1.000    1.000    1.000   20.00   .0000E+00
  46    -45.000   -100.000    1    1    .011    1.000    1.000    1.000   20.00   .0000E+00
  47    -46.000   -100.000    1    1    .011    1.000    1.000    1.000   20.00   .0000E+00
  48    -47.000   -100.000    1    1    .011    1.000    1.000    1.000   20.00   .0000E+00
  49    -48.000   -100.000    1    1    .010    1.000    1.000    1.000   20.00   .0000E+00
  50    -49.000   -100.000    1    1    .010    1.000    1.000    1.000   20.00   .0000E+00
  51    -50.000   -100.000    1    1    .010    1.000    1.000    1.000   20.00   .0000E+00
  52    -51.000   -100.000    1    1    .010    1.000    1.000    1.000   20.00   .0000E+00
  53    -52.000   -100.000    1    1    .010    1.000    1.000    1.000   20.00   .0000E+00
  54    -53.000   -100.000    1    1    .009    1.000    1.000    1.000   20.00   .0000E+00
  55    -54.000   -100.000    1    1    .009    1.000    1.000    1.000   20.00   .0000E+00
  56    -55.000   -100.000    1    1    .009    1.000    1.000    1.000   20.00   .0000E+00
  57    -56.000   -100.000    1    1    .009    1.000    1.000    1.000   20.00   .0000E+00
  58    -57.000   -100.000    1    1    .009    1.000    1.000    1.000   20.00   .0000E+00
  59    -58.000   -100.000    1    1    .008    1.000    1.000    1.000   20.00   .0000E+00
  60    -59.000   -100.000    1    1    .008    1.000    1.000    1.000   20.00   .0000E+00
  61    -60.000   -100.000    1    1    .008    1.000    1.000    1.000   20.00   .0000E+00
  62    -61.000   -100.000    1    1    .008    1.000    1.000    1.000   20.00   .0000E+00
  63    -62.000   -100.000    1    1    .008    1.000    1.000    1.000   20.00   .0000E+00
  64    -63.000   -100.000    1    1    .007    1.000    1.000    1.000   20.00   .0000E+00
  65    -64.000   -100.000    1    1    .007    1.000    1.000    1.000   20.00   .0000E+00
  66    -65.000   -100.000    1    1    .007    1.000    1.000    1.000   20.00   .0000E+00
  67    -66.000   -100.000    1    1    .007    1.000    1.000    1.000   20.00   .0000E+00
  68    -67.000   -100.000    1    1    .007    1.000    1.000    1.000   20.00   .0000E+00
  69    -68.000   -100.000    1    1    .006    1.000    1.000    1.000   20.00   .0000E+00
  70    -69.000   -100.000    1    1    .006    1.000    1.000    1.000   20.00   .0000E+00
  71    -70.000   -100.000    1    1    .006    1.000    1.000    1.000   20.00   .0000E+00
  72    -71.000   -100.000    1    1    .006    1.000    1.000    1.000   20.00   .0000E+00
  73    -72.000   -100.000    1    1    .006    1.000    1.000    1.000   20.00   .0000E+00
  74    -73.000   -100.000    1    1    .005    1.000    1.000    1.000   20.00   .0000E+00
  75    -74.000   -100.000    1    1    .005    1.000    1.000    1.000   20.00   .0000E+00
  76    -75.000   -100.000    1    1    .005    1.000    1.000    1.000   20.00   .0000E+00
  77    -76.000   -100.000    1    1    .005    1.000    1.000    1.000   20.00   .0000E+00
  78    -77.000   -100.000    1    1    .005    1.000    1.000    1.000   20.00   .0000E+00
  79    -78.000   -100.000    1    1    .004    1.000    1.000    1.000   20.00   .0000E+00
  80    -79.000   -100.000    1    1    .004    1.000    1.000    1.000   20.00   .0000E+00
  81    -80.000   -100.000    1    1    .004    1.000    1.000    1.000   20.00   .0000E+00
  82    -81.000   -100.000    1    1    .004    1.000    1.000    1.000   20.00   .0000E+00
  83    -82.000   -100.000    1    1    .004    1.000    1.000    1.000   20.00   .0000E+00
  84    -83.000   -100.000    1    1    .003    1.000    1.000    1.000   20.00   .0000E+00
  85    -84.000   -100.000    1    1    .003    1.000    1.000    1.000   20.00   .0000E+00
  86    -85.000   -100.000    1    1    .003    1.000    1.000    1.000   20.00   .0000E+00
  87    -86.000   -100.000    1    1    .003    1.000    1.000    1.000   20.00   .0000E+00
  88    -87.000   -100.000    1    1    .003    1.000    1.000    1.000   20.00   .0000E+00
  89    -88.000   -100.000    1    1    .002    1.000    1.000    1.000   20.00   .0000E+00
  90    -89.000   -100.000    1    1    .002    1.000    1.000    1.000   20.00   .0000E+00
  91    -90.000   -100.000    1    1    .002    1.000    1.000    1.000   20.00   .0000E+00
  92    -91.000   -100.000    1    1    .002    1.000    1.000    1.000   20.00   .0000E+00
  93    -92.000   -100.000    1    1    .002    1.000    1.000    1.000   20.00   .0000E+00
  94    -93.000   -100.000    1    1    .001    1.000    1.000    1.000   20.00   .0000E+00
  95    -94.000   -100.000    1    1    .001    1.000    1.000    1.000   20.00   .0000E+00
  96    -95.000   -100.000    1    1    .001    1.000    1.000    1.000   20.00   .0000E+00
  97    -96.000   -100.000    1    1    .001    1.000    1.000    1.000   20.00   .0000E+00
  98    -97.000   -100.000    1    1    .001    1.000    1.000    1.000   20.00   .0000E+00
  99    -98.000   -100.000    1    1    .000    1.000    1.000    1.000   20.00   .0000E+00
 100    -99.000   -100.000    1    1    .000    1.000    1.000    1.000   20.00   .0000E+00
 101   -100.000   -100.000    1    1    .000    1.000    1.000    1.000   20.00   .0000E+00
end

 Number of species in the chain :   1


MatNum, Param. array:

   Mat     Qr     Qs        Alfa         n          Ks      l

    1     .078   .430    .360E-01    .156E+01    .100E+02   .500

       Table of Hydraulic Properties which are interpolated in simulation
       =================================================================

  theta         h        log h        C             K        log K          S
   .4300   -.100E-05  -.6000E+01   .4815E-06   .9999E+01   .9999E+00    1.0000
   .4300   -.126E-05  -.5899E+01   .5484E-06   .9999E+01   .9999E+00    1.0000
   .4300   -.159E-05  -.5798E+01   .6247E-06   .9998E+01   .9999E+00    1.0000
   .4300   -.201E-05  -.5697E+01   .7116E-06   .9998E+01   .9999E+00    1.0000
   .4300   -.254E-05  -.5596E+01   .8106E-06   .9998E+01   .9999E+00    1.0000
   .4300   -.320E-05  -.5495E+01   .9234E-06   .9998E+01   .9999E+00    1.0000
   .4300   -.404E-05  -.5394E+01   .1052E-05   .9997E+01   .9999E+00    1.0000
   .4300   -.509E-05  -.5293E+01   .1198E-05   .9997E+01   .9999E+00    1.0000
   .4300   -.643E-05  -.5192E+01   .1365E-05   .9996E+01   .9998E+00    1.0000
   .4300   -.811E-05  -.5091E+01   .1555E-05   .9996E+01   .9998E+00    1.0000
   .4300   -.102E-04  -.4990E+01   .1771E-05   .9995E+01   .9998E+00    1.0000
   .4300   -.129E-04  -.4889E+01   .2017E-05   .9994E+01   .9998E+00    1.0000
   .4300   -.163E-04  -.4788E+01   .2298E-05   .9994E+01   .9997E+00    1.0000
   .4300   -.206E-04  -.4687E+01   .2618E-05   .9993E+01   .9997E+00    1.0000
   .4300   -.260E-04  -.4586E+01   .2982E-05   .9992E+01   .9996E+00    1.0000
   .4300   -.327E-04  -.4485E+01   .3397E-05   .9991E+01   .9996E+00    1.0000
   .4300   -.413E-04  -.4384E+01   .3869E-05   .9989E+01   .9995E+00    1.0000
   .4300   -.521E-04  -.4283E+01   .4407E-05   .9988E+01   .9995E+00    1.0000
   .4300   -.658E-04  -.4182E+01   .5020E-05   .9986E+01   .9994E+00    1.0000
   .4300   -.830E-04  -.4081E+01   .5719E-05   .9984E+01   .9993E+00    1.0000
   .4300   -.105E-03  -.3980E+01   .6514E-05   .9982E+01   .9992E+00    1.0000
   .4300   -.132E-03  -.3879E+01   .7421E-05   .9979E+01   .9991E+00    1.0000
   .4300   -.167E-03  -.3778E+01   .8453E-05   .9976E+01   .9990E+00    1.0000
   .4300   -.210E-03  -.3677E+01   .9629E-05   .9973E+01   .9988E+00    1.0000
   .4300   -.266E-03  -.3576E+01   .1097E-04   .9969E+01   .9987E+00    1.0000
   .4300   -.335E-03  -.3475E+01   .1249E-04   .9965E+01   .9985E+00    1.0000
   .4300   -.423E-03  -.3374E+01   .1423E-04   .9960E+01   .9983E+00    1.0000
   .4300   -.534E-03  -.3273E+01   .1621E-04   .9954E+01   .9980E+00    1.0000
   .4300   -.673E-03  -.3172E+01   .1847E-04   .9948E+01   .9977E+00    1.0000
   .4300   -.850E-03  -.3071E+01   .2104E-04   .9941E+01   .9974E+00    1.0000
   .4300   -.107E-02  -.2970E+01   .2396E-04   .9933E+01   .9971E+00    1.0000
   .4300   -.135E-02  -.2869E+01   .2730E-04   .9923E+01   .9967E+00    1.0000
   .4300   -.171E-02  -.2768E+01   .3109E-04   .9913E+01   .9962E+00    1.0000
   .4300   -.215E-02  -.2667E+01   .3542E-04   .9901E+01   .9957E+00    1.0000
   .4300   -.272E-02  -.2566E+01   .4035E-04   .9887E+01   .9951E+00    1.0000
   .4300   -.343E-02  -.2465E+01   .4596E-04   .9871E+01   .9944E+00    1.0000
   .4300   -.433E-02  -.2364E+01   .5235E-04   .9853E+01   .9936E+00    1.0000
   .4300   -.546E-02  -.2263E+01   .5963E-04   .9833E+01   .9927E+00    1.0000
   .4300   -.689E-02  -.2162E+01   .6793E-04   .9810E+01   .9917E+00    1.0000
   .4300   -.870E-02  -.2061E+01   .7738E-04   .9783E+01   .9905E+00    1.0000
   .4300   -.110E-01  -.1960E+01   .8814E-04   .9753E+01   .9891E+00    1.0000
   .4300   -.138E-01  -.1859E+01   .1004E-03   .9719E+01   .9876E+00    1.0000
   .4300   -.175E-01  -.1758E+01   .1144E-03   .9680E+01   .9859E+00    1.0000
   .4300   -.221E-01  -.1657E+01   .1303E-03   .9636E+01   .9839E+00    1.0000
   .4300   -.278E-01  -.1556E+01   .1484E-03   .9586E+01   .9816E+00    1.0000
   .4300   -.351E-01  -.1455E+01   .1690E-03   .9529E+01   .9791E+00    1.0000
   .4300   -.443E-01  -.1354E+01   .1926E-03   .9465E+01   .9761E+00    1.0000
   .4300   -.559E-01  -.1253E+01   .2193E-03   .9391E+01   .9727E+00    1.0000
   .4300   -.705E-01  -.1152E+01   .2498E-03   .9308E+01   .9689E+00    1.0000
   .4300   -.890E-01  -.1051E+01   .2846E-03   .9214E+01   .9644E+00    1.0000
   .4300   -.112E+00  -.9495E+00   .3241E-03   .9107E+01   .9594E+00     .9999
   .4300   -.142E+00  -.8485E+00   .3692E-03   .8986E+01   .9536E+00     .9999
   .4300   -.179E+00  -.7475E+00   .4205E-03   .8849E+01   .9469E+00     .9999
   .4299   -.226E+00  -.6465E+00   .4789E-03   .8694E+01   .9392E+00     .9998
   .4299   -.285E+00  -.5455E+00   .5453E-03   .8520E+01   .9304E+00     .9997
   .4299   -.359E+00  -.4444E+00   .6209E-03   .8323E+01   .9203E+00     .9996
   .4298   -.453E+00  -.3434E+00   .7068E-03   .8102E+01   .9086E+00     .9994
   .4297   -.572E+00  -.2424E+00   .8043E-03   .7854E+01   .8951E+00     .9992
   .4296   -.722E+00  -.1414E+00   .9149E-03   .7576E+01   .8794E+00     .9988
   .4294   -.911E+00  -.4040E-01   .1040E-02   .7265E+01   .8612E+00     .9983
   .4291   -.115E+01   .6061E-01   .1181E-02   .6920E+01   .8401E+00     .9975
   .4287   -.145E+01   .1616E+00   .1340E-02   .6537E+01   .8154E+00     .9964
   .4282   -.183E+01   .2626E+00   .1518E-02   .6116E+01   .7865E+00     .9949
   .4274   -.231E+01   .3636E+00   .1714E-02   .5656E+01   .7525E+00     .9927
   .4263   -.292E+01   .4646E+00   .1930E-02   .5157E+01   .7124E+00     .9896
   .4248   -.368E+01   .5657E+00   .2161E-02   .4623E+01   .6649E+00     .9851
   .4226   -.464E+01   .6667E+00   .2403E-02   .4060E+01   .6085E+00     .9789
   .4195   -.586E+01   .7677E+00   .2646E-02   .3478E+01   .5414E+00     .9701
   .4152   -.739E+01   .8687E+00   .2875E-02   .2892E+01   .4612E+00     .9581
   .4095   -.933E+01   .9697E+00   .3068E-02   .2320E+01   .3655E+00     .9417
   .4018   -.118E+02   .1071E+01   .3198E-02   .1784E+01   .2515E+00     .9199
   .3919   -.148E+02   .1172E+01   .3237E-02   .1308E+01   .1165E+00     .8916
   .3794   -.187E+02   .1273E+01   .3162E-02   .9077E+00  -.4206E-01     .8562
   .3643   -.236E+02   .1374E+01   .2967E-02   .5946E+00  -.2257E+00     .8134
   .3469   -.298E+02   .1475E+01   .2664E-02   .3671E+00  -.4352E+00     .7638
   .3276   -.376E+02   .1576E+01   .2288E-02   .2140E+00  -.6695E+00     .7090
   .3071   -.475E+02   .1677E+01   .1884E-02   .1184E+00  -.9267E+00     .6507
   .2862   -.599E+02   .1778E+01   .1494E-02   .6254E-01  -.1204E+01     .5914
   .2656   -.756E+02   .1879E+01   .1148E-02   .3181E-01  -.1497E+01     .5330
   .2459   -.955E+02   .1980E+01   .8598E-03   .1570E-01  -.1804E+01     .4771
   .2275   -.120E+03   .2081E+01   .6311E-03   .7570E-02  -.2121E+01     .4248
   .2106   -.152E+03   .2182E+01   .4564E-03   .3588E-02  -.2445E+01     .3767
   .1953   -.192E+03   .2283E+01   .3264E-03   .1679E-02  -.2775E+01     .3331
   .1815   -.242E+03   .2384E+01   .2315E-03   .7784E-03  -.3109E+01     .2940
   .1692   -.305E+03   .2485E+01   .1633E-03   .3585E-03  -.3445E+01     .2590
   .1582   -.385E+03   .2586E+01   .1147E-03   .1644E-03  -.3784E+01     .2279
   .1486   -.486E+03   .2687E+01   .8034E-04   .7511E-04  -.4124E+01     .2005
   .1400   -.614E+03   .2788E+01   .5616E-04   .3424E-04  -.4465E+01     .1762
   .1325   -.774E+03   .2889E+01   .3920E-04   .1559E-04  -.4807E+01     .1548
   .1259   -.977E+03   .2990E+01   .2733E-04   .7087E-05  -.5150E+01     .1360
   .1200   -.123E+04   .3091E+01   .1905E-04   .3220E-05  -.5492E+01     .1194
   .1149   -.156E+04   .3192E+01   .1326E-04   .1462E-05  -.5835E+01     .1049
   .1104   -.196E+04   .3293E+01   .9236E-05   .6636E-06  -.6178E+01     .0921
   .1065   -.248E+04   .3394E+01   .6429E-05   .3011E-06  -.6521E+01     .0809
   .1030   -.313E+04   .3495E+01   .4474E-05   .1366E-06  -.6865E+01     .0710
   .0999   -.394E+04   .3596E+01   .3113E-05   .6197E-07  -.7208E+01     .0623
   .0973   -.498E+04   .3697E+01   .2166E-05   .2811E-07  -.7551E+01     .0547
   .0949   -.628E+04   .3798E+01   .1507E-05   .1275E-07  -.7895E+01     .0480
   .0928   -.792E+04   .3899E+01   .1049E-05   .5781E-08  -.8238E+01     .0422
   .0910   -.100E+05   .4000E+01   .7297E-06   .2622E-08  -.8581E+01     .0370
end


 Solute transport information
 ============================

 Galerkin finite-element method


 lTDep     cTolA     cTolR   MaxItC
  F     .000E+00     .0000      1


 Mat.     Bulk.D.    DispL    Fraction  Immobile WC
  1       1.5000   10.0000    1.0000     .0000

    Dif.w.      Dif.g.   -------------------------------------------------- ( 1.solute)
   .0000E+00   .0000E+00
 Mat.     KS         Nu         Beta      Henry      SinkL1     SinkS1     SinkG1     SinkL1`    SinkS1`    SinkG1`    SinkL0     SinkS0     SinkG0      Alfa
   1  .0000E+00  .0000E+00  .1000E+01  .0000E+00  .0000E+00  .0000E+00  .0000E+00  .0000E+00  .0000E+00  .0000E+00  .0000E+00  .0000E+00  .0000E+00  .0000E+00

 No adsorption or linear adsorp. isotherm for material  1

 kTopCh      cTop(1...NS)
  -1         .000E+00

 kBotCh      cBot(1...NS)
  -1         .000E+00

 tPulse =           100.000
