 ******* Program HYDRUS
 ******* Welcome to HYDRUS-1D                                                   
  
 Date:   1.10.    Time:  14: 5:44
 Units: L = cm   , T = days , M = mmol 



                             Node(  9)                                 Node( 20)                                 Node( 37)                                 Node( 52)                                 Node( 77)

       time         h        theta    Temp     Conc           h        theta    Temp     Conc           h        theta    Temp     Conc           h        theta    Temp     Conc           h        theta    Temp     Conc     
          .100    -100.853   .2419   20.000   .399E-09      -100.881   .2419   20.000   .435E-26      -100.696   .2421   20.000   .000E+00      -100.533   .2422   20.000   .000E+00      -100.261   .2424   20.000   .000E+00
          .170    -101.303   .2416   20.000   .501E-08      -101.498   .2415   20.000   .245E-25      -101.184   .2417   20.000   .000E+00      -100.907   .2419   20.000   .000E+00      -100.445   .2422   20.000   .000E+00
          .240    -101.525   .2415   20.000   .856E-07      -102.115   .2410   20.000   .168E-24      -101.672   .2413   20.000   .000E+00      -101.280   .2416   20.000   .000E+00      -100.628   .2421   20.000   .000E+00
          .310    -101.456   .2415   20.000   .103E-05      -102.732   .2406   20.000   .188E-23      -102.160   .2410   20.000   .000E+00      -101.654   .2414   20.000   .000E+00      -100.812   .2420   20.000   .000E+00
          .380    -101.059   .2418   20.000   .808E-05      -103.348   .2401   20.000   .287E-22      -102.649   .2406   20.000   .000E+00      -102.029   .2411   20.000   .000E+00      -100.996   .2418   20.000   .000E+00
          .450    -100.332   .2423   20.000   .437E-04      -103.962   .2397   20.000   .431E-21      -103.137   .2403   20.000   .000E+00      -102.403   .2408   20.000   .000E+00      -101.180   .2417   20.000   .000E+00
          .520     -99.281   .2431   20.000   .173E-03      -104.575   .2392   20.000   .574E-20      -103.626   .2399   20.000   .000E+00      -102.778   .2405   20.000   .000E+00      -101.364   .2416   20.000   .000E+00
          .590     -97.964   .2441   20.000   .532E-03      -105.183   .2388   20.000   .668E-19      -104.115   .2395   20.000   .000E+00      -103.153   .2403   20.000   .000E+00      -101.549   .2414   20.000   .000E+00
          .661     -96.394   .2452   20.000   .132E-02      -105.787   .2383   20.000   .686E-18      -104.605   .2392   20.000   .000E+00      -103.528   .2400   20.000   .000E+00      -101.734   .2413   20.000   .000E+00
          .731     -94.709   .2467   20.000   .276E-02      -106.383   .2379   20.000   .630E-17      -105.094   .2388   20.000   .000E+00      -103.903   .2397   20.000   .000E+00      -101.919   .2412   20.000   .000E+00
          .801     -92.960   .2484   20.000   .503E-02      -106.970   .2374   20.000   .521E-16      -105.584   .2385   20.000   .000E+00      -104.279   .2394   20.000   .000E+00      -102.104   .2410   20.000   .000E+00
          .892     -90.530   .2508   20.000   .926E-02      -107.712   .2369   20.000   .119E-14      -106.220   .2380   20.000   .000E+00      -104.767   .2391   20.000   .000E+00      -102.345   .2409   20.000   .000E+00
          .983     -88.176   .2532   20.000   .149E-01      -108.428   .2364   20.000   .157E-13      -106.857   .2375   20.000   .000E+00      -105.255   .2387   20.000   .000E+00      -102.586   .2407   20.000   .000E+00
         1.074     -85.856   .2555   20.000   .216E-01      -109.109   .2359   20.000   .158E-12      -107.494   .2371   20.000   .000E+00      -105.744   .2383   20.000   .000E+00      -102.827   .2405   20.000   .000E+00
         1.192     -82.999   .2583   20.000   .317E-01      -109.928   .2353   20.000   .376E-11      -108.322   .2364   20.000   .000E+00      -106.380   .2379   20.000   .000E+00      -103.142   .2403   20.000   .000E+00
         1.310     -80.287   .2610   20.000   .428E-01      -110.662   .2347   20.000   .472E-10      -109.151   .2358   20.000   .000E+00      -107.016   .2374   20.000   .000E+00      -103.457   .2400   20.000   .000E+00
         1.429     -77.738   .2635   20.000   .546E-01      -111.297   .2343   20.000   .433E-09      -109.980   .2352   20.000   .000E+00      -107.653   .2369   20.000   .000E+00      -103.772   .2398   20.000   .000E+00
         1.547     -75.363   .2660   20.000   .668E-01      -111.820   .2339   20.000   .316E-08      -110.810   .2346   20.000   .000E+00      -108.290   .2365   20.000   .000E+00      -104.088   .2396   20.000   .000E+00
         1.665     -73.303   .2687   20.000   .791E-01      -112.215   .2336   20.000   .190E-07      -111.640   .2340   20.000   .000E+00      -108.927   .2360   20.000   .000E+00      -104.404   .2393   20.000   .000E+00
         1.819     -70.783   .2720   20.000   .952E-01      -112.497   .2334   20.000   .176E-06      -112.721   .2332   20.000   .000E+00      -109.758   .2354   20.000   .000E+00      -104.816   .2390   20.000   .000E+00
         1.973     -68.653   .2748   20.000   .111E+00      -112.521   .2334   20.000   .108E-05      -113.802   .2324   20.000   .000E+00      -110.590   .2348   20.000   .000E+00      -105.230   .2387   20.000   .000E+00
         2.127     -66.699   .2773   20.000   .127E+00      -112.279   .2335   20.000   .503E-05      -114.883   .2316   20.000   .331E-29      -111.423   .2342   20.000   .000E+00      -105.644   .2384   20.000   .000E+00
         2.281     -64.957   .2796   20.000   .142E+00      -111.768   .2339   20.000   .188E-04      -115.963   .2308   20.000   .364E-28      -112.256   .2336   20.000   .000E+00      -106.058   .2381   20.000   .000E+00
         2.436     -63.356   .2817   20.000   .157E+00      -110.994   .2345   20.000   .585E-04      -117.043   .2300   20.000   .316E-27      -113.089   .2329   20.000   .000E+00      -106.473   .2378   20.000   .000E+00
         2.635     -61.481   .2842   20.000   .176E+00      -109.609   .2355   20.000   .204E-03      -118.439   .2290   20.000   .125E-25      -114.170   .2321   20.000   .000E+00      -107.012   .2374   20.000   .000E+00
         2.835     -59.794   .2864   20.000   .194E+00      -107.882   .2368   20.000   .557E-03      -119.844   .2280   20.000   .193E-24      -115.251   .2313   20.000   .000E+00      -107.551   .2370   20.000   .000E+00
         3.034     -58.341   .2889   20.000   .212E+00      -105.884   .2382   20.000   .126E-02      -121.521   .2269   20.000   .228E-23      -116.334   .2306   20.000   .000E+00      -108.091   .2366   20.000   .000E+00
         3.234     -57.001   .2911   20.000   .228E+00      -103.679   .2399   20.000   .246E-02      -123.392   .2259   20.000   .314E-22      -117.417   .2298   20.000   .000E+00      -108.631   .2362   20.000   .000E+00
         3.492     -55.560   .2935   20.000   .249E+00      -100.613   .2421   20.000   .496E-02      -125.762   .2247   20.000   .324E-20      -118.827   .2287   20.000   .000E+00      -109.330   .2357   20.000   .000E+00
         3.750     -54.271   .2957   20.000   .269E+00       -97.406   .2445   20.000   .864E-02      -128.097   .2234   20.000   .974E-19      -120.325   .2276   20.000   .000E+00      -110.030   .2352   20.000   .000E+00
         4.008     -53.140   .2976   20.000   .289E+00       -94.242   .2471   20.000   .135E-01      -130.388   .2222   20.000   .207E-17      -122.160   .2266   20.000   .000E+00      -110.730   .2347   20.000   .000E+00
         4.266     -52.116   .2993   20.000   .307E+00       -91.221   .2501   20.000   .195E-01      -132.626   .2210   20.000   .359E-16      -124.060   .2256   20.000   .000E+00      -111.431   .2342   20.000   .000E+00
         4.524     -51.198   .3009   20.000   .324E+00       -88.408   .2529   20.000   .265E-01      -134.803   .2198   20.000   .535E-15      -125.960   .2246   20.000   .000E+00      -112.132   .2336   20.000   .000E+00
         4.860     -50.114   .3027   20.000   .346E+00       -84.992   .2563   20.000   .369E-01      -137.525   .2184   20.000   .333E-13      -128.432   .2232   20.000   .000E+00      -113.045   .2330   20.000   .000E+00
         5.196     -49.143   .3043   20.000   .367E+00       -81.879   .2594   20.000   .485E-01      -140.102   .2170   20.000   .777E-12      -130.900   .2219   20.000   .000E+00      -113.960   .2323   20.000   .000E+00
         5.533     -48.269   .3058   20.000   .387E+00       -78.979   .2623   20.000   .609E-01      -142.512   .2157   20.000   .124E-10      -133.363   .2206   20.000   .000E+00      -114.876   .2316   20.000   .000E+00
         5.869     -47.478   .3071   20.000   .406E+00       -76.292   .2650   20.000   .740E-01      -144.722   .2145   20.000   .151E-09      -135.820   .2193   20.000   .000E+00      -115.799   .2309   20.000   .000E+00
         6.311     -46.584   .3090   20.000   .429E+00       -73.246   .2687   20.000   .920E-01      -147.221   .2132   20.000   .430E-08      -139.034   .2176   20.000   .000E+00      -117.038   .2300   20.000   .000E+00
         6.753     -45.805   .3106   20.000   .452E+00       -70.616   .2722   20.000   .110E+00      -149.221   .2121   20.000   .553E-07      -142.237   .2158   20.000   .000E+00      -118.330   .2291   20.000   .000E+00
         7.194     -45.139   .3120   20.000   .473E+00       -68.324   .2752   20.000   .129E+00      -150.778   .2113   20.000   .482E-06      -145.431   .2141   20.000   .000E+00      -119.713   .2281   20.000   .000E+00
         7.636     -44.548   .3132   20.000   .493E+00       -66.341   .2778   20.000   .148E+00      -151.892   .2107   20.000   .308E-05      -148.656   .2124   20.000   .000E+00      -121.229   .2271   20.000   .000E+00
         8.077     -44.030   .3143   20.000   .512E+00       -64.550   .2801   20.000   .167E+00      -152.310   .2105   20.000   .149E-04      -152.167   .2105   20.000   .288E-29      -122.814   .2263   20.000   .000E+00
         8.519     -43.562   .3153   20.000   .530E+00       -62.927   .2823   20.000   .186E+00      -151.877   .2107   20.000   .566E-04      -156.378   .2089   20.000   .254E-27      -124.394   .2254   20.000   .000E+00
         8.960     -43.146   .3161   20.000   .547E+00       -61.458   .2842   20.000   .204E+00      -150.687   .2113   20.000   .173E-03      -160.622   .2073   20.000   .722E-26      -125.961   .2246   20.000   .000E+00
         9.402     -42.762   .3169   20.000   .564E+00       -60.113   .2860   20.000   .223E+00      -148.734   .2124   20.000   .443E-03      -164.831   .2057   20.000   .265E-24      -127.517   .2237   20.000   .000E+00
         9.844     -42.419   .3176   20.000   .580E+00       -58.936   .2879   20.000   .241E+00      -146.117   .2138   20.000   .971E-03      -168.999   .2040   20.000   .554E-23      -129.062   .2229   20.000   .000E+00
        10.285     -42.102   .3183   20.000   .595E+00       -57.859   .2897   20.000   .258E+00      -143.043   .2154   20.000   .188E-02      -173.126   .2025   20.000   .118E-21      -130.594   .2221   20.000   .000E+00
        10.857     -41.736   .3191   20.000   .614E+00       -56.676   .2917   20.000   .281E+00      -138.642   .2178   20.000   .378E-02      -178.399   .2004   20.000   .153E-19      -132.559   .2210   20.000   .000E+00
        11.428     -41.406   .3197   20.000   .632E+00       -55.624   .2934   20.000   .303E+00      -133.851   .2203   20.000   .665E-02      -183.599   .1984   20.000   .591E-18      -134.509   .2200   20.000   .000E+00
        12.000     -41.107   .3204   20.000   .649E+00       -54.710   .2950   20.000   .325E+00      -128.998   .2229   20.000   .106E-01      -188.747   .1964   20.000   .129E-16      -136.448   .2189   20.000   .000E+00
        12.571     -40.837   .3209   20.000   .665E+00       -53.882   .2964   20.000   .346E+00      -124.044   .2256   20.000   .155E-01      -194.577   .1945   20.000   .659E-15      -138.385   .2179   20.000   .000E+00
        13.142     -40.588   .3214   20.000   .680E+00       -53.146   .2976   20.000   .366E+00      -119.307   .2284   20.000   .216E-01      -201.071   .1927   20.000   .165E-13      -140.332   .2169   20.000   .000E+00
        13.714     -40.362   .3219   20.000   .695E+00       -52.469   .2987   20.000   .386E+00      -114.965   .2316   20.000   .285E-01      -207.303   .1910   20.000   .380E-12      -142.304   .2158   20.000   .000E+00
        14.285     -40.155   .3223   20.000   .710E+00       -51.859   .2997   20.000   .405E+00      -110.944   .2345   20.000   .363E-01      -213.255   .1894   20.000   .887E-11      -144.314   .2147   20.000   .000E+00
        14.857     -39.963   .3227   20.000   .723E+00       -51.294   .3007   20.000   .424E+00      -107.306   .2372   20.000   .449E-01      -218.889   .1878   20.000   .198E-09      -146.384   .2136   20.000   .000E+00
        15.428     -39.787   .3231   20.000   .736E+00       -50.781   .3016   20.000   .443E+00      -103.917   .2397   20.000   .541E-01      -224.155   .1864   20.000   .282E-08      -148.535   .2125   20.000   .000E+00
        16.000     -39.623   .3234   20.000   .749E+00       -50.306   .3024   20.000   .461E+00      -100.802   .2420   20.000   .639E-01      -228.981   .1851   20.000   .265E-07      -150.794   .2112   20.000   .000E+00
        16.800     -39.416   .3239   20.000   .766E+00       -49.704   .3034   20.000   .486E+00       -96.772   .2450   20.000   .786E-01      -234.694   .1835   20.000   .485E-06      -154.093   .2098   20.000   .000E+00
        17.600     -39.230   .3243   20.000   .782E+00       -49.160   .3043   20.000   .510E+00       -93.249   .2481   20.000   .941E-01      -239.079   .1823   20.000   .412E-05      -157.426   .2085   20.000   .000E+00
        18.400     -39.061   .3246   20.000   .797E+00       -48.672   .3051   20.000   .533E+00       -90.128   .2512   20.000   .110E+00      -242.635   .1814   20.000   .238E-04      -160.703   .2072   20.000   .000E+00
        19.200     -38.908   .3249   20.000   .811E+00       -48.222   .3059   20.000   .555E+00       -87.540   .2538   20.000   .127E+00      -244.504   .1810   20.000   .997E-04      -163.932   .2060   20.000   .000E+00
        20.000     -38.767   .3252   20.000   .825E+00       -47.814   .3065   20.000   .577E+00       -85.157   .2562   20.000   .144E+00      -244.005   .1811   20.000   .321E-03      -167.132   .2048   20.000   .000E+00
        20.741     -38.647   .3255   20.000   .837E+00       -47.469   .3071   20.000   .597E+00       -83.211   .2581   20.000   .160E+00      -241.636   .1816   20.000   .777E-03      -170.086   .2036   20.000   .767E-29
        21.481     -38.536   .3257   20.000   .849E+00       -47.159   .3078   20.000   .616E+00       -81.395   .2599   20.000   .177E+00      -237.777   .1826   20.000   .162E-02      -173.035   .2025   20.000   .784E-28
        22.222     -38.435   .3259   20.000   .860E+00       -46.873   .3084   20.000   .634E+00       -79.760   .2615   20.000   .193E+00      -232.355   .1841   20.000   .300E-02      -176.006   .2013   20.000   .682E-27
        22.963     -38.340   .3261   20.000   .871E+00       -46.608   .3089   20.000   .652E+00       -78.220   .2630   20.000   .210E+00      -225.688   .1860   20.000   .501E-02      -179.022   .2002   20.000   .523E-26
        23.704     -38.252   .3263   20.000   .881E+00       -46.368   .3094   20.000   .670E+00       -76.820   .2644   20.000   .227E+00      -218.432   .1880   20.000   .771E-02      -182.091   .1990   20.000   .354E-25
        24.444     -38.170   .3265   20.000   .891E+00       -46.154   .3099   20.000   .687E+00       -75.523   .2658   20.000   .244E+00      -211.021   .1900   20.000   .111E-01      -185.212   .1978   20.000   .215E-24
        25.185     -38.094   .3266   20.000   .900E+00       -45.954   .3103   20.000   .703E+00       -74.375   .2673   20.000   .261E+00      -203.178   .1921   20.000   .153E-01      -188.508   .1965   20.000   .118E-23
        25.926     -38.023   .3268   20.000   .909E+00       -45.767   .3107   20.000   .719E+00       -73.304   .2687   20.000   .278E+00      -195.235   .1943   20.000   .201E-01      -191.812   .1953   20.000   .600E-23
        26.667     -37.956   .3269   20.000   .918E+00       -45.592   .3110   20.000   .735E+00       -72.326   .2699   20.000   .294E+00      -188.064   .1967   20.000   .256E-01      -195.370   .1943   20.000   .287E-22
        27.407     -37.894   .3270   20.000   .927E+00       -45.437   .3114   20.000   .750E+00       -71.471   .2711   20.000   .311E+00      -181.276   .1993   20.000   .317E-01      -198.780   .1933   20.000   .134E-21
        28.148     -37.836   .3272   20.000   .935E+00       -45.291   .3117   20.000   .765E+00       -70.670   .2721   20.000   .328E+00      -174.480   .2019   20.000   .383E-01      -202.214   .1924   20.000   .611E-21
        28.989     -37.774   .3273   20.000   .944E+00       -45.137   .3120   20.000   .782E+00       -69.825   .2732   20.000   .347E+00      -168.004   .2044   20.000   .465E-01      -206.018   .1914   20.000   .366E-20
        29.831     -37.718   .3274   20.000   .952E+00       -44.994   .3123   20.000   .797E+00       -69.074   .2742   20.000   .366E+00      -161.694   .2069   20.000   .553E-01      -209.819   .1903   20.000   .203E-19
        30.672     -37.664   .3275   20.000   .960E+00       -44.860   .3126   20.000   .813E+00       -68.369   .2751   20.000   .385E+00      -155.700   .2092   20.000   .646E-01      -213.577   .1893   20.000   .102E-18
        31.514     -37.615   .3276   20.000   .968E+00       -44.738   .3128   20.000   .828E+00       -67.715   .2760   20.000   .404E+00      -150.505   .2114   20.000   .745E-01      -217.356   .1882   20.000   .470E-18
        32.356     -37.569   .3277   20.000   .976E+00       -44.625   .3130   20.000   .843E+00       -67.124   .2768   20.000   .423E+00      -145.808   .2139   20.000   .847E-01      -221.107   .1872   20.000   .197E-17
        33.198     -37.527   .3279   20.000   .983E+00       -44.521   .3133   20.000   .857E+00       -66.560   .2775   20.000   .441E+00      -141.349   .2163   20.000   .955E-01      -224.970   .1862   20.000   .772E-17
        34.040     -37.488   .3279   20.000   .990E+00       -44.422   .3135   20.000   .870E+00       -66.026   .2782   20.000   .460E+00      -137.520   .2184   20.000   .107E+00      -228.787   .1851   20.000   .285E-16
        34.882     -37.450   .3280   20.000   .997E+00       -44.327   .3137   20.000   .884E+00       -65.548   .2788   20.000   .479E+00      -133.992   .2203   20.000   .118E+00      -232.765   .1840   20.000   .100E-15
        35.725     -37.415   .3281   20.000   .100E+01       -44.239   .3139   20.000   .897E+00       -65.093   .2794   20.000   .497E+00      -130.638   .2221   20.000   .130E+00      -236.846   .1829   20.000   .340E-15
        36.567     -37.382   .3282   20.000   .101E+01       -44.158   .3140   20.000   .909E+00       -64.658   .2800   20.000   .516E+00      -127.630   .2237   20.000   .142E+00      -240.870   .1818   20.000   .111E-14
        37.409     -37.351   .3283   20.000   .102E+01       -44.082   .3142   20.000   .922E+00       -64.248   .2805   20.000   .534E+00      -124.786   .2252   20.000   .154E+00      -245.164   .1809   20.000   .347E-14
        38.252     -37.322   .3284   20.000   .102E+01       -44.012   .3143   20.000   .934E+00       -63.872   .2810   20.000   .552E+00      -122.069   .2267   20.000   .167E+00      -249.434   .1800   20.000   .104E-13
        39.095     -37.294   .3284   20.000   .103E+01       -43.945   .3145   20.000   .945E+00       -63.515   .2815   20.000   .571E+00      -119.668   .2281   20.000   .179E+00      -253.583   .1792   20.000   .295E-13
        39.547     -37.280   .3285   20.000   .103E+01       -43.910   .3145   20.000   .951E+00       -63.329   .2817   20.000   .580E+00      -118.514   .2290   20.000   .186E+00      -255.825   .1788   20.000   .493E-13
        40.000     -37.266   .3285   20.000   .103E+01       -43.876   .3146   20.000   .958E+00       -63.146   .2820   20.000   .590E+00      -117.341   .2298   20.000   .193E+00      -258.092   .1784   20.000   .819E-13
        40.833     -37.242   .3286   20.000   .104E+01       -43.817   .3147   20.000   .968E+00       -62.823   .2824   20.000   .608E+00      -115.283   .2313   20.000   .206E+00      -262.202   .1776   20.000   .211E-12
        41.667     -37.219   .3286   20.000   .104E+01       -43.761   .3148   20.000   .979E+00       -62.524   .2828   20.000   .626E+00      -113.347   .2327   20.000   .219E+00      -266.161   .1768   20.000   .523E-12
        42.500     -37.197   .3287   20.000   .105E+01       -43.707   .3150   20.000   .989E+00       -62.241   .2832   20.000   .643E+00      -111.724   .2339   20.000   .233E+00      -270.157   .1760   20.000   .126E-11
        43.333     -37.176   .3287   20.000   .105E+01       -43.656   .3151   20.000   .999E+00       -61.973   .2835   20.000   .661E+00      -110.184   .2351   20.000   .246E+00      -274.192   .1752   20.000   .298E-11
        44.167     -37.156   .3288   20.000   .106E+01       -43.608   .3152   20.000   .101E+01       -61.719   .2838   20.000   .678E+00      -108.676   .2362   20.000   .260E+00      -278.177   .1745   20.000   .695E-11
        45.000     -37.137   .3288   20.000   .106E+01       -43.563   .3153   20.000   .102E+01       -61.472   .2842   20.000   .695E+00      -107.255   .2372   20.000   .273E+00      -282.035   .1737   20.000   .159E-10
        45.833     -37.119   .3289   20.000   .107E+01       -43.520   .3153   20.000   .103E+01       -61.236   .2845   20.000   .713E+00      -106.019   .2381   20.000   .287E+00      -286.055   .1729   20.000   .361E-10
        46.667     -37.103   .3289   20.000   .107E+01       -43.480   .3154   20.000   .104E+01       -61.013   .2848   20.000   .730E+00      -104.822   .2390   20.000   .301E+00      -290.212   .1721   20.000   .806E-10
        47.500     -37.088   .3289   20.000   .108E+01       -43.442   .3155   20.000   .105E+01       -60.801   .2850   20.000   .746E+00      -103.647   .2399   20.000   .315E+00      -294.292   .1713   20.000   .175E-09
        48.333     -37.073   .3290   20.000   .108E+01       -43.405   .3156   20.000   .105E+01       -60.599   .2853   20.000   .763E+00      -102.523   .2407   20.000   .330E+00      -298.280   .1705   20.000   .371E-09
        49.167     -37.060   .3290   20.000   .108E+01       -43.370   .3157   20.000   .106E+01       -60.405   .2856   20.000   .779E+00      -101.495   .2415   20.000   .344E+00      -302.258   .1698   20.000   .765E-09
        50.000     -37.047   .3290   20.000   .109E+01       -43.337   .3157   20.000   .107E+01       -60.217   .2858   20.000   .796E+00      -100.539   .2422   20.000   .358E+00      -306.319   .1690   20.000   .154E-08
        50.833     -37.034   .3291   20.000   .109E+01       -43.304   .3158   20.000   .108E+01       -60.041   .2860   20.000   .812E+00       -99.604   .2429   20.000   .373E+00      -310.685   .1684   20.000   .302E-08
        51.667     -37.022   .3291   20.000   .110E+01       -43.273   .3159   20.000   .109E+01       -59.877   .2863   20.000   .828E+00       -98.690   .2435   20.000   .387E+00      -314.765   .1679   20.000   .579E-08
        52.500     -37.010   .3291   20.000   .110E+01       -43.243   .3159   20.000   .110E+01       -59.722   .2865   20.000   .843E+00       -97.809   .2442   20.000   .402E+00      -318.663   .1674   20.000   .109E-07
        53.333     -36.999   .3292   20.000   .110E+01       -43.215   .3160   20.000   .110E+01       -59.573   .2868   20.000   .859E+00       -96.994   .2448   20.000   .417E+00      -322.620   .1668   20.000   .200E-07
        54.167     -36.988   .3292   20.000   .111E+01       -43.188   .3160   20.000   .111E+01       -59.429   .2870   20.000   .874E+00       -96.224   .2454   20.000   .432E+00      -326.587   .1663   20.000   .361E-07
        55.000     -36.978   .3292   20.000   .111E+01       -43.162   .3161   20.000   .112E+01       -59.290   .2873   20.000   .890E+00       -95.487   .2459   20.000   .447E+00      -330.519   .1657   20.000   .643E-07
        55.833     -36.968   .3292   20.000   .111E+01       -43.136   .3161   20.000   .112E+01       -59.155   .2875   20.000   .905E+00       -94.813   .2466   20.000   .462E+00      -334.378   .1652   20.000   .113E-06
        56.667     -36.958   .3293   20.000   .112E+01       -43.113   .3162   20.000   .113E+01       -59.028   .2877   20.000   .920E+00       -94.152   .2472   20.000   .478E+00      -338.115   .1647   20.000   .194E-06
        57.500     -36.950   .3293   20.000   .112E+01       -43.090   .3162   20.000   .114E+01       -58.907   .2879   20.000   .934E+00       -93.519   .2478   20.000   .493E+00      -341.634   .1642   20.000   .326E-06
        58.333     -36.941   .3293   20.000   .112E+01       -43.069   .3163   20.000   .114E+01       -58.790   .2881   20.000   .949E+00       -92.923   .2484   20.000   .509E+00      -344.921   .1638   20.000   .538E-06
        59.167     -36.933   .3293   20.000   .112E+01       -43.048   .3163   20.000   .115E+01       -58.678   .2883   20.000   .963E+00       -92.350   .2490   20.000   .524E+00      -348.107   .1633   20.000   .874E-06
        60.000     -36.925   .3293   20.000   .113E+01       -43.028   .3164   20.000   .116E+01       -58.570   .2885   20.000   .978E+00       -91.797   .2496   20.000   .540E+00      -351.452   .1629   20.000   .140E-05
        60.833     -36.917   .3294   20.000   .113E+01       -43.009   .3164   20.000   .116E+01       -58.469   .2887   20.000   .992E+00       -91.282   .2501   20.000   .556E+00      -354.690   .1624   20.000   .221E-05
        61.667     -36.910   .3294   20.000   .113E+01       -42.991   .3164   20.000   .117E+01       -58.373   .2888   20.000   .101E+01       -90.809   .2505   20.000   .572E+00      -357.761   .1620   20.000   .343E-05
        62.500     -36.903   .3294   20.000   .114E+01       -42.973   .3165   20.000   .118E+01       -58.281   .2890   20.000   .102E+01       -90.358   .2510   20.000   .588E+00      -360.632   .1616   20.000   .523E-05
        63.333     -36.896   .3294   20.000   .114E+01       -42.956   .3165   20.000   .118E+01       -58.192   .2891   20.000   .103E+01       -89.930   .2514   20.000   .605E+00      -363.248   .1613   20.000   .787E-05
        64.167     -36.889   .3294   20.000   .114E+01       -42.939   .3166   20.000   .119E+01       -58.107   .2893   20.000   .105E+01       -89.507   .2518   20.000   .621E+00      -365.658   .1609   20.000   .117E-04
        65.000     -36.883   .3294   20.000   .114E+01       -42.924   .3166   20.000   .119E+01       -58.025   .2894   20.000   .106E+01       -89.095   .2522   20.000   .637E+00      -367.762   .1606   20.000   .169E-04
        65.833     -36.877   .3295   20.000   .115E+01       -42.908   .3166   20.000   .120E+01       -57.947   .2895   20.000   .107E+01       -88.694   .2526   20.000   .654E+00      -369.554   .1604   20.000   .240E-04
        66.667     -36.871   .3295   20.000   .115E+01       -42.893   .3166   20.000   .120E+01       -57.871   .2897   20.000   .109E+01       -88.304   .2530   20.000   .670E+00      -371.026   .1602   20.000   .336E-04
        67.500     -36.865   .3295   20.000   .115E+01       -42.879   .3167   20.000   .121E+01       -57.796   .2898   20.000   .110E+01       -87.947   .2534   20.000   .687E+00      -372.174   .1600   20.000   .468E-04
        68.333     -36.860   .3295   20.000   .115E+01       -42.865   .3167   20.000   .121E+01       -57.725   .2899   20.000   .111E+01       -87.611   .2537   20.000   .703E+00      -372.950   .1599   20.000   .648E-04
        69.167     -36.854   .3295   20.000   .115E+01       -42.852   .3167   20.000   .122E+01       -57.655   .2900   20.000   .112E+01       -87.287   .2540   20.000   .720E+00      -373.272   .1599   20.000   .882E-04
        70.000     -36.849   .3295   20.000   .116E+01       -42.838   .3168   20.000   .122E+01       -57.587   .2901   20.000   .114E+01       -86.972   .2543   20.000   .737E+00      -373.071   .1599   20.000   .118E-03
        70.833     -36.844   .3295   20.000   .116E+01       -42.826   .3168   20.000   .123E+01       -57.522   .2902   20.000   .115E+01       -86.667   .2547   20.000   .753E+00      -372.296   .1600   20.000   .156E-03
        71.667     -36.839   .3296   20.000   .116E+01       -42.813   .3168   20.000   .123E+01       -57.458   .2904   20.000   .116E+01       -86.372   .2549   20.000   .770E+00      -370.860   .1602   20.000   .206E-03
        72.500     -36.834   .3296   20.000   .116E+01       -42.801   .3168   20.000   .124E+01       -57.395   .2905   20.000   .117E+01       -86.080   .2552   20.000   .787E+00      -368.851   .1605   20.000   .269E-03
        73.333     -36.829   .3296   20.000   .116E+01       -42.789   .3169   20.000   .124E+01       -57.336   .2906   20.000   .118E+01       -85.789   .2555   20.000   .803E+00      -366.234   .1609   20.000   .347E-03
        74.167     -36.825   .3296   20.000   .117E+01       -42.778   .3169   20.000   .125E+01       -57.281   .2906   20.000   .119E+01       -85.508   .2558   20.000   .820E+00      -362.920   .1613   20.000   .437E-03
        75.000     -36.820   .3296   20.000   .117E+01       -42.766   .3169   20.000   .125E+01       -57.228   .2907   20.000   .121E+01       -85.250   .2561   20.000   .836E+00      -359.600   .1618   20.000   .543E-03
        75.833     -36.816   .3296   20.000   .117E+01       -42.756   .3169   20.000   .125E+01       -57.176   .2908   20.000   .122E+01       -84.999   .2563   20.000   .853E+00      -355.893   .1623   20.000   .684E-03
        76.667     -36.812   .3296   20.000   .117E+01       -42.745   .3170   20.000   .126E+01       -57.126   .2909   20.000   .123E+01       -84.757   .2566   20.000   .870E+00      -351.761   .1628   20.000   .879E-03
        77.500     -36.808   .3296   20.000   .117E+01       -42.735   .3170   20.000   .126E+01       -57.078   .2910   20.000   .124E+01       -84.521   .2568   20.000   .886E+00      -347.021   .1635   20.000   .113E-02
        78.333     -36.804   .3296   20.000   .118E+01       -42.725   .3170   20.000   .127E+01       -57.031   .2911   20.000   .125E+01       -84.289   .2570   20.000   .903E+00      -341.728   .1642   20.000   .144E-02
        79.167     -36.800   .3297   20.000   .118E+01       -42.716   .3170   20.000   .127E+01       -56.985   .2911   20.000   .126E+01       -84.059   .2572   20.000   .919E+00      -336.014   .1650   20.000   .178E-02
        80.000     -36.796   .3297   20.000   .118E+01       -42.707   .3170   20.000   .127E+01       -56.939   .2912   20.000   .127E+01       -83.833   .2575   20.000   .936E+00      -329.940   .1658   20.000   .217E-02
        80.833     -36.793   .3297   20.000   .118E+01       -42.698   .3171   20.000   .128E+01       -56.895   .2913   20.000   .128E+01       -83.614   .2577   20.000   .952E+00      -323.608   .1667   20.000   .273E-02
        81.667     -36.789   .3297   20.000   .118E+01       -42.690   .3171   20.000   .128E+01       -56.851   .2914   20.000   .129E+01       -83.400   .2579   20.000   .969E+00      -317.141   .1676   20.000   .355E-02
        82.500     -36.786   .3297   20.000   .118E+01       -42.681   .3171   20.000   .129E+01       -56.807   .2914   20.000   .130E+01       -83.192   .2581   20.000   .985E+00      -310.769   .1684   20.000   .466E-02
        83.333     -36.783   .3297   20.000   .118E+01       -42.673   .3171   20.000   .129E+01       -56.765   .2915   20.000   .131E+01       -82.997   .2583   20.000   .100E+01      -304.581   .1693   20.000   .611E-02
        84.167     -36.780   .3297   20.000   .119E+01       -42.665   .3171   20.000   .129E+01       -56.724   .2916   20.000   .132E+01       -82.805   .2585   20.000   .102E+01      -299.118   .1704   20.000   .802E-02
        85.000     -36.777   .3297   20.000   .119E+01       -42.658   .3171   20.000   .130E+01       -56.684   .2916   20.000   .133E+01       -82.615   .2587   20.000   .103E+01      -293.183   .1715   20.000   .105E-01
        85.833     -36.774   .3297   20.000   .119E+01       -42.650   .3172   20.000   .130E+01       -56.645   .2917   20.000   .134E+01       -82.428   .2589   20.000   .105E+01      -287.250   .1727   20.000   .134E-01
        86.667     -36.771   .3297   20.000   .119E+01       -42.643   .3172   20.000   .130E+01       -56.607   .2918   20.000   .135E+01       -82.242   .2590   20.000   .107E+01      -281.283   .1738   20.000   .173E-01
        87.500     -36.768   .3297   20.000   .119E+01       -42.636   .3172   20.000   .131E+01       -56.570   .2918   20.000   .136E+01       -82.062   .2592   20.000   .108E+01      -275.406   .1750   20.000   .223E-01
        88.333     -36.765   .3297   20.000   .119E+01       -42.629   .3172   20.000   .131E+01       -56.534   .2919   20.000   .137E+01       -81.884   .2594   20.000   .110E+01      -269.641   .1761   20.000   .284E-01
        89.167     -36.762   .3297   20.000   .119E+01       -42.622   .3172   20.000   .131E+01       -56.498   .2920   20.000   .138E+01       -81.711   .2596   20.000   .111E+01      -264.016   .1772   20.000   .353E-01
        90.000     -36.760   .3298   20.000   .120E+01       -42.615   .3172   20.000   .132E+01       -56.463   .2920   20.000   .139E+01       -81.539   .2597   20.000   .113E+01      -258.539   .1783   20.000   .428E-01
        90.833     -36.757   .3298   20.000   .120E+01       -42.608   .3172   20.000   .132E+01       -56.428   .2921   20.000   .140E+01       -81.369   .2599   20.000   .115E+01      -253.231   .1793   20.000   .508E-01
        91.667     -36.754   .3298   20.000   .120E+01       -42.602   .3173   20.000   .132E+01       -56.394   .2921   20.000   .141E+01       -81.201   .2601   20.000   .116E+01      -248.141   .1803   20.000   .593E-01
        92.500     -36.752   .3298   20.000   .120E+01       -42.595   .3173   20.000   .132E+01       -56.360   .2922   20.000   .142E+01       -81.041   .2602   20.000   .118E+01      -243.323   .1812   20.000   .681E-01
        93.333     -36.749   .3298   20.000   .120E+01       -42.589   .3173   20.000   .133E+01       -56.329   .2922   20.000   .142E+01       -80.884   .2604   20.000   .119E+01      -239.107   .1823   20.000   .771E-01
        94.167     -36.747   .3298   20.000   .120E+01       -42.583   .3173   20.000   .133E+01       -56.297   .2923   20.000   .143E+01       -80.730   .2606   20.000   .121E+01      -234.962   .1834   20.000   .860E-01
        95.000     -36.744   .3298   20.000   .120E+01       -42.577   .3173   20.000   .133E+01       -56.267   .2923   20.000   .144E+01       -80.579   .2607   20.000   .122E+01      -230.851   .1845   20.000   .945E-01
        95.833     -36.742   .3298   20.000   .120E+01       -42.571   .3173   20.000   .134E+01       -56.237   .2924   20.000   .145E+01       -80.430   .2608   20.000   .124E+01      -226.816   .1856   20.000   .103E+00
        96.667     -36.740   .3298   20.000   .121E+01       -42.565   .3173   20.000   .134E+01       -56.207   .2924   20.000   .146E+01       -80.283   .2610   20.000   .125E+01      -222.881   .1867   20.000   .111E+00
        97.500     -36.737   .3298   20.000   .121E+01       -42.559   .3173   20.000   .134E+01       -56.178   .2925   20.000   .147E+01       -80.137   .2611   20.000   .127E+01      -219.063   .1878   20.000   .119E+00
        98.333     -36.735   .3298   20.000   .121E+01       -42.554   .3174   20.000   .134E+01       -56.150   .2925   20.000   .147E+01       -79.991   .2613   20.000   .129E+01      -215.365   .1888   20.000   .127E+00
        99.167     -36.733   .3298   20.000   .121E+01       -42.548   .3174   20.000   .135E+01       -56.122   .2926   20.000   .148E+01       -79.845   .2614   20.000   .130E+01      -211.782   .1898   20.000   .135E+00
       100.000     -36.731   .3298   20.000   .121E+01       -42.543   .3174   20.000   .135E+01       -56.094   .2926   20.000   .149E+01       -79.698   .2616   20.000   .132E+01      -208.317   .1907   20.000   .144E+00
       100.833     -36.729   .3298   20.000   .120E+01       -42.537   .3174   20.000   .135E+01       -56.067   .2927   20.000   .150E+01       -79.553   .2617   20.000   .133E+01      -204.975   .1916   20.000   .152E+00
       101.667     -36.726   .3298   20.000   .114E+01       -42.532   .3174   20.000   .135E+01       -56.040   .2927   20.000   .151E+01       -79.411   .2619   20.000   .135E+01      -201.737   .1925   20.000   .161E+00
       102.500     -36.724   .3298   20.000   .107E+01       -42.527   .3174   20.000   .135E+01       -56.013   .2928   20.000   .151E+01       -79.274   .2620   20.000   .136E+01      -198.630   .1934   20.000   .169E+00
       103.333     -36.722   .3298   20.000   .999E+00       -42.522   .3174   20.000   .134E+01       -55.987   .2928   20.000   .152E+01       -79.140   .2621   20.000   .137E+01      -195.613   .1942   20.000   .178E+00
       104.167     -36.720   .3298   20.000   .936E+00       -42.517   .3174   20.000   .133E+01       -55.961   .2929   20.000   .153E+01       -79.008   .2623   20.000   .139E+01      -192.758   .1950   20.000   .187E+00
       105.000     -36.718   .3299   20.000   .878E+00       -42.512   .3174   20.000   .131E+01       -55.936   .2929   20.000   .154E+01       -78.877   .2624   20.000   .140E+01      -190.098   .1959   20.000   .196E+00
       105.833     -36.716   .3299   20.000   .825E+00       -42.507   .3175   20.000   .128E+01       -55.910   .2929   20.000   .154E+01       -78.747   .2625   20.000   .142E+01      -187.706   .1968   20.000   .205E+00
       106.667     -36.714   .3299   20.000   .776E+00       -42.502   .3175   20.000   .125E+01       -55.885   .2930   20.000   .155E+01       -78.618   .2626   20.000   .143E+01      -185.378   .1977   20.000   .214E+00
       107.500     -36.712   .3299   20.000   .731E+00       -42.497   .3175   20.000   .122E+01       -55.860   .2930   20.000   .155E+01       -78.490   .2628   20.000   .145E+01      -183.115   .1986   20.000   .224E+00
       108.333     -36.710   .3299   20.000   .689E+00       -42.492   .3175   20.000   .119E+01       -55.835   .2931   20.000   .156E+01       -78.362   .2629   20.000   .146E+01      -180.900   .1995   20.000   .233E+00
       109.167     -36.708   .3299   20.000   .651E+00       -42.487   .3175   20.000   .115E+01       -55.810   .2931   20.000   .156E+01       -78.237   .2630   20.000   .148E+01      -178.740   .2003   20.000   .242E+00
       110.000     -36.707   .3299   20.000   .615E+00       -42.482   .3175   20.000   .112E+01       -55.785   .2932   20.000   .156E+01       -78.112   .2632   20.000   .149E+01      -176.632   .2011   20.000   .252E+00
       110.833     -36.705   .3299   20.000   .582E+00       -42.477   .3175   20.000   .108E+01       -55.760   .2932   20.000   .156E+01       -77.988   .2633   20.000   .150E+01      -174.582   .2019   20.000   .262E+00
       111.667     -36.703   .3299   20.000   .551E+00       -42.473   .3175   20.000   .105E+01       -55.736   .2932   20.000   .156E+01       -77.867   .2634   20.000   .152E+01      -172.590   .2027   20.000   .271E+00
       112.500     -36.701   .3299   20.000   .523E+00       -42.468   .3175   20.000   .101E+01       -55.711   .2933   20.000   .156E+01       -77.747   .2635   20.000   .153E+01      -170.655   .2034   20.000   .281E+00
       113.333     -36.699   .3299   20.000   .496E+00       -42.463   .3175   20.000   .977E+00       -55.687   .2933   20.000   .156E+01       -77.629   .2636   20.000   .154E+01      -168.774   .2041   20.000   .291E+00
       114.167     -36.697   .3299   20.000   .471E+00       -42.458   .3176   20.000   .944E+00       -55.663   .2934   20.000   .155E+01       -77.510   .2637   20.000   .156E+01      -166.948   .2048   20.000   .301E+00
       115.000     -36.695   .3299   20.000   .448E+00       -42.454   .3176   20.000   .911E+00       -55.640   .2934   20.000   .154E+01       -77.393   .2639   20.000   .157E+01      -165.178   .2055   20.000   .312E+00
       115.833     -36.693   .3299   20.000   .427E+00       -42.449   .3176   20.000   .879E+00       -55.617   .2934   20.000   .153E+01       -77.277   .2640   20.000   .158E+01      -163.454   .2062   20.000   .322E+00
       116.667     -36.692   .3299   20.000   .406E+00       -42.444   .3176   20.000   .848E+00       -55.594   .2935   20.000   .152E+01       -77.161   .2641   20.000   .159E+01      -161.777   .2068   20.000   .332E+00
       117.500     -36.690   .3299   20.000   .387E+00       -42.440   .3176   20.000   .818E+00       -55.571   .2935   20.000   .151E+01       -77.046   .2642   20.000   .161E+01      -160.157   .2075   20.000   .343E+00
       118.333     -36.688   .3299   20.000   .369E+00       -42.435   .3176   20.000   .789E+00       -55.549   .2936   20.000   .149E+01       -76.931   .2643   20.000   .162E+01      -158.576   .2081   20.000   .353E+00
       119.167     -36.686   .3299   20.000   .352E+00       -42.431   .3176   20.000   .761E+00       -55.526   .2936   20.000   .148E+01       -76.817   .2644   20.000   .163E+01      -157.045   .2087   20.000   .364E+00
       120.000     -36.685   .3299   20.000   .337E+00       -42.426   .3176   20.000   .733E+00       -55.505   .2936   20.000   .146E+01       -76.703   .2646   20.000   .164E+01      -155.562   .2092   20.000   .375E+00
       120.833     -36.683   .3299   20.000   .322E+00       -42.422   .3176   20.000   .707E+00       -55.483   .2937   20.000   .145E+01       -76.592   .2647   20.000   .165E+01      -154.118   .2098   20.000   .386E+00
       121.667     -36.681   .3299   20.000   .307E+00       -42.418   .3176   20.000   .682E+00       -55.462   .2937   20.000   .143E+01       -76.482   .2648   20.000   .165E+01      -152.731   .2103   20.000   .398E+00
       122.500     -36.680   .3299   20.000   .294E+00       -42.413   .3176   20.000   .657E+00       -55.441   .2937   20.000   .141E+01       -76.374   .2649   20.000   .166E+01      -151.403   .2109   20.000   .409E+00
       123.333     -36.678   .3300   20.000   .282E+00       -42.409   .3177   20.000   .633E+00       -55.421   .2938   20.000   .139E+01       -76.267   .2650   20.000   .167E+01      -150.149   .2116   20.000   .421E+00
       124.167     -36.676   .3300   20.000   .270E+00       -42.405   .3177   20.000   .611E+00       -55.400   .2938   20.000   .137E+01       -76.161   .2651   20.000   .167E+01      -148.982   .2122   20.000   .433E+00
       125.000     -36.675   .3300   20.000   .258E+00       -42.401   .3177   20.000   .589E+00       -55.380   .2938   20.000   .135E+01       -76.056   .2652   20.000   .168E+01      -147.897   .2128   20.000   .445E+00
       125.833     -36.673   .3300   20.000   .248E+00       -42.397   .3177   20.000   .568E+00       -55.359   .2939   20.000   .133E+01       -75.952   .2653   20.000   .168E+01      -146.848   .2134   20.000   .458E+00
       126.667     -36.672   .3300   20.000   .237E+00       -42.393   .3177   20.000   .548E+00       -55.339   .2939   20.000   .131E+01       -75.849   .2654   20.000   .169E+01      -145.831   .2139   20.000   .470E+00
       127.500     -36.670   .3300   20.000   .228E+00       -42.388   .3177   20.000   .528E+00       -55.319   .2939   20.000   .129E+01       -75.747   .2655   20.000   .169E+01      -144.836   .2144   20.000   .482E+00
       128.333     -36.669   .3300   20.000   .219E+00       -42.384   .3177   20.000   .510E+00       -55.299   .2940   20.000   .127E+01       -75.646   .2656   20.000   .169E+01      -143.866   .2150   20.000   .495E+00
       129.167     -36.667   .3300   20.000   .210E+00       -42.380   .3177   20.000   .492E+00       -55.280   .2940   20.000   .124E+01       -75.549   .2657   20.000   .169E+01      -142.918   .2155   20.000   .508E+00
       130.000     -36.666   .3300   20.000   .202E+00       -42.376   .3177   20.000   .475E+00       -55.260   .2940   20.000   .122E+01       -75.452   .2659   20.000   .169E+01      -141.994   .2160   20.000   .521E+00
       130.833     -36.664   .3300   20.000   .194E+00       -42.372   .3177   20.000   .458E+00       -55.241   .2941   20.000   .120E+01       -75.358   .2660   20.000   .169E+01      -141.092   .2165   20.000   .534E+00
       131.667     -36.663   .3300   20.000   .186E+00       -42.368   .3177   20.000   .442E+00       -55.222   .2941   20.000   .118E+01       -75.266   .2661   20.000   .169E+01      -140.212   .2169   20.000   .548E+00
       132.500     -36.661   .3300   20.000   .179E+00       -42.365   .3177   20.000   .427E+00       -55.203   .2941   20.000   .116E+01       -75.175   .2662   20.000   .168E+01      -139.353   .2174   20.000   .561E+00
       133.333     -36.660   .3300   20.000   .172E+00       -42.361   .3178   20.000   .413E+00       -55.185   .2942   20.000   .113E+01       -75.085   .2663   20.000   .168E+01      -138.517   .2178   20.000   .575E+00
       134.167     -36.658   .3300   20.000   .166E+00       -42.357   .3178   20.000   .399E+00       -55.167   .2942   20.000   .111E+01       -74.996   .2665   20.000   .168E+01      -137.702   .2183   20.000   .588E+00
       135.000     -36.657   .3300   20.000   .160E+00       -42.353   .3178   20.000   .385E+00       -55.149   .2942   20.000   .109E+01       -74.908   .2666   20.000   .167E+01      -136.907   .2187   20.000   .602E+00
       135.833     -36.656   .3300   20.000   .154E+00       -42.350   .3178   20.000   .372E+00       -55.131   .2943   20.000   .107E+01       -74.821   .2667   20.000   .167E+01      -136.131   .2191   20.000   .616E+00
       136.667     -36.654   .3300   20.000   .148E+00       -42.346   .3178   20.000   .360E+00       -55.113   .2943   20.000   .105E+01       -74.735   .2668   20.000   .166E+01      -135.374   .2195   20.000   .630E+00
       137.500     -36.653   .3300   20.000   .143E+00       -42.342   .3178   20.000   .348E+00       -55.095   .2943   20.000   .102E+01       -74.650   .2669   20.000   .165E+01      -134.637   .2199   20.000   .645E+00
       138.333     -36.652   .3300   20.000   .137E+00       -42.339   .3178   20.000   .336E+00       -55.078   .2943   20.000   .100E+01       -74.565   .2670   20.000   .165E+01      -133.919   .2203   20.000   .659E+00
       139.167     -36.650   .3300   20.000   .132E+00       -42.336   .3178   20.000   .325E+00       -55.060   .2944   20.000   .982E+00       -74.481   .2671   20.000   .164E+01      -133.220   .2207   20.000   .674E+00
       140.000     -36.649   .3300   20.000   .128E+00       -42.332   .3178   20.000   .315E+00       -55.043   .2944   20.000   .961E+00       -74.399   .2672   20.000   .163E+01      -132.538   .2210   20.000   .688E+00
       140.833     -36.648   .3300   20.000   .123E+00       -42.329   .3178   20.000   .305E+00       -55.025   .2944   20.000   .941E+00       -74.318   .2673   20.000   .162E+01      -131.873   .2214   20.000   .703E+00
       141.667     -36.647   .3300   20.000   .119E+00       -42.326   .3178   20.000   .295E+00       -55.008   .2945   20.000   .920E+00       -74.239   .2674   20.000   .161E+01      -131.224   .2217   20.000   .718E+00
       142.500     -36.645   .3300   20.000   .115E+00       -42.322   .3178   20.000   .285E+00       -54.991   .2945   20.000   .900E+00       -74.161   .2675   20.000   .160E+01      -130.593   .2221   20.000   .733E+00
       143.333     -36.644   .3300   20.000   .111E+00       -42.319   .3178   20.000   .276E+00       -54.974   .2945   20.000   .881E+00       -74.083   .2676   20.000   .159E+01      -129.977   .2224   20.000   .747E+00
       144.167     -36.643   .3300   20.000   .107E+00       -42.316   .3179   20.000   .268E+00       -54.958   .2945   20.000   .861E+00       -74.007   .2677   20.000   .158E+01      -129.375   .2227   20.000   .763E+00
       145.000     -36.642   .3300   20.000   .103E+00       -42.312   .3179   20.000   .259E+00       -54.941   .2946   20.000   .842E+00       -73.931   .2678   20.000   .156E+01      -128.788   .2231   20.000   .778E+00
       145.833     -36.641   .3300   20.000   .996E-01       -42.309   .3179   20.000   .251E+00       -54.925   .2946   20.000   .823E+00       -73.858   .2679   20.000   .155E+01      -128.216   .2234   20.000   .793E+00
       146.667     -36.639   .3300   20.000   .963E-01       -42.306   .3179   20.000   .243E+00       -54.909   .2946   20.000   .805E+00       -73.789   .2680   20.000   .154E+01      -127.660   .2237   20.000   .808E+00
       147.500     -36.638   .3301   20.000   .930E-01       -42.303   .3179   20.000   .236E+00       -54.893   .2947   20.000   .786E+00       -73.720   .2681   20.000   .153E+01      -127.117   .2239   20.000   .823E+00
       148.333     -36.637   .3301   20.000   .899E-01       -42.300   .3179   20.000   .228E+00       -54.877   .2947   20.000   .768E+00       -73.653   .2682   20.000   .151E+01      -126.586   .2242   20.000   .839E+00
       149.167     -36.636   .3301   20.000   .869E-01       -42.297   .3179   20.000   .221E+00       -54.862   .2947   20.000   .751E+00       -73.586   .2683   20.000   .150E+01      -126.068   .2245   20.000   .854E+00
       150.000     -36.635   .3301   20.000   .841E-01       -42.294   .3179   20.000   .215E+00       -54.847   .2947   20.000   .734E+00       -73.521   .2684   20.000   .149E+01      -125.564   .2248   20.000   .869E+00
       150.833     -36.634   .3301   20.000   .813E-01       -42.291   .3179   20.000   .208E+00       -54.832   .2948   20.000   .717E+00       -73.457   .2685   20.000   .147E+01      -125.074   .2250   20.000   .885E+00
       151.667     -36.632   .3301   20.000   .787E-01       -42.288   .3179   20.000   .202E+00       -54.817   .2948   20.000   .700E+00       -73.394   .2686   20.000   .146E+01      -124.593   .2253   20.000   .900E+00
       152.500     -36.631   .3301   20.000   .761E-01       -42.285   .3179   20.000   .196E+00       -54.802   .2948   20.000   .684E+00       -73.332   .2686   20.000   .144E+01      -124.122   .2256   20.000   .916E+00
       153.333     -36.630   .3301   20.000   .737E-01       -42.282   .3179   20.000   .190E+00       -54.788   .2948   20.000   .668E+00       -73.271   .2687   20.000   .143E+01      -123.663   .2258   20.000   .931E+00
       154.167     -36.629   .3301   20.000   .713E-01       -42.279   .3179   20.000   .184E+00       -54.774   .2949   20.000   .653E+00       -73.210   .2688   20.000   .141E+01      -123.218   .2260   20.000   .946E+00
       155.000     -36.628   .3301   20.000   .690E-01       -42.276   .3179   20.000   .179E+00       -54.761   .2949   20.000   .638E+00       -73.151   .2689   20.000   .140E+01      -122.781   .2263   20.000   .962E+00
       155.833     -36.627   .3301   20.000   .669E-01       -42.273   .3179   20.000   .173E+00       -54.748   .2949   20.000   .623E+00       -73.092   .2689   20.000   .138E+01      -122.353   .2265   20.000   .977E+00
       156.667     -36.626   .3301   20.000   .648E-01       -42.271   .3179   20.000   .168E+00       -54.735   .2949   20.000   .608E+00       -73.033   .2690   20.000   .137E+01      -121.935   .2267   20.000   .992E+00
       157.500     -36.625   .3301   20.000   .627E-01       -42.268   .3179   20.000   .163E+00       -54.722   .2949   20.000   .594E+00       -72.976   .2691   20.000   .135E+01      -121.534   .2269   20.000   .101E+01
       158.333     -36.624   .3301   20.000   .608E-01       -42.266   .3180   20.000   .159E+00       -54.709   .2950   20.000   .580E+00       -72.919   .2692   20.000   .134E+01      -121.136   .2272   20.000   .102E+01
       159.167     -36.623   .3301   20.000   .589E-01       -42.263   .3180   20.000   .154E+00       -54.697   .2950   20.000   .566E+00       -72.863   .2692   20.000   .132E+01      -120.748   .2274   20.000   .104E+01
       160.000     -36.622   .3301   20.000   .571E-01       -42.260   .3180   20.000   .150E+00       -54.685   .2950   20.000   .553E+00       -72.809   .2693   20.000   .130E+01      -120.372   .2276   20.000   .105E+01
       160.833     -36.621   .3301   20.000   .553E-01       -42.258   .3180   20.000   .145E+00       -54.672   .2950   20.000   .540E+00       -72.755   .2694   20.000   .129E+01      -120.018   .2278   20.000   .107E+01
       161.667     -36.620   .3301   20.000   .537E-01       -42.256   .3180   20.000   .141E+00       -54.660   .2950   20.000   .528E+00       -72.703   .2695   20.000   .127E+01      -119.665   .2281   20.000   .108E+01
       162.500     -36.619   .3301   20.000   .520E-01       -42.253   .3180   20.000   .137E+00       -54.649   .2951   20.000   .515E+00       -72.651   .2695   20.000   .126E+01      -119.321   .2284   20.000   .110E+01
       163.333     -36.618   .3301   20.000   .505E-01       -42.251   .3180   20.000   .133E+00       -54.637   .2951   20.000   .503E+00       -72.601   .2696   20.000   .124E+01      -119.001   .2286   20.000   .111E+01
       164.167     -36.617   .3301   20.000   .489E-01       -42.248   .3180   20.000   .130E+00       -54.626   .2951   20.000   .492E+00       -72.551   .2697   20.000   .122E+01      -118.686   .2288   20.000   .113E+01
       165.000     -36.617   .3301   20.000   .475E-01       -42.246   .3180   20.000   .126E+00       -54.614   .2951   20.000   .480E+00       -72.502   .2697   20.000   .121E+01      -118.380   .2290   20.000   .114E+01
       165.833     -36.616   .3301   20.000   .461E-01       -42.244   .3180   20.000   .122E+00       -54.603   .2951   20.000   .469E+00       -72.455   .2698   20.000   .119E+01      -118.091   .2293   20.000   .115E+01
       166.667     -36.615   .3301   20.000   .447E-01       -42.241   .3180   20.000   .119E+00       -54.592   .2952   20.000   .459E+00       -72.409   .2698   20.000   .118E+01      -117.809   .2295   20.000   .117E+01
       167.500     -36.614   .3301   20.000   .434E-01       -42.239   .3180   20.000   .116E+00       -54.581   .2952   20.000   .448E+00       -72.365   .2699   20.000   .116E+01      -117.539   .2297   20.000   .118E+01
       168.333     -36.613   .3301   20.000   .421E-01       -42.237   .3180   20.000   .113E+00       -54.571   .2952   20.000   .438E+00       -72.323   .2700   20.000   .114E+01      -117.278   .2299   20.000   .119E+01
       169.167     -36.612   .3301   20.000   .409E-01       -42.235   .3180   20.000   .109E+00       -54.561   .2952   20.000   .428E+00       -72.281   .2700   20.000   .113E+01      -117.028   .2300   20.000   .121E+01
       170.000     -36.611   .3301   20.000   .397E-01       -42.233   .3180   20.000   .106E+00       -54.551   .2952   20.000   .418E+00       -72.239   .2701   20.000   .111E+01      -116.787   .2302   20.000   .122E+01
       170.833     -36.611   .3301   20.000   .386E-01       -42.231   .3180   20.000   .104E+00       -54.541   .2952   20.000   .409E+00       -72.199   .2701   20.000   .110E+01      -116.559   .2304   20.000   .123E+01
       171.667     -36.610   .3301   20.000   .375E-01       -42.229   .3180   20.000   .101E+00       -54.531   .2953   20.000   .399E+00       -72.159   .2702   20.000   .108E+01      -116.338   .2305   20.000   .125E+01
       172.500     -36.609   .3301   20.000   .364E-01       -42.227   .3180   20.000   .981E-01       -54.522   .2953   20.000   .390E+00       -72.121   .2702   20.000   .107E+01      -116.124   .2307   20.000   .126E+01
       173.333     -36.608   .3301   20.000   .354E-01       -42.225   .3180   20.000   .954E-01       -54.512   .2953   20.000   .381E+00       -72.084   .2703   20.000   .105E+01      -115.915   .2309   20.000   .127E+01
       174.167     -36.608   .3301   20.000   .344E-01       -42.223   .3180   20.000   .929E-01       -54.503   .2953   20.000   .373E+00       -72.047   .2703   20.000   .104E+01      -115.711   .2310   20.000   .128E+01
       175.000     -36.607   .3301   20.000   .334E-01       -42.221   .3180   20.000   .904E-01       -54.494   .2953   20.000   .365E+00       -72.011   .2704   20.000   .102E+01      -115.512   .2312   20.000   .129E+01
       175.833     -36.606   .3301   20.000   .325E-01       -42.219   .3181   20.000   .880E-01       -54.486   .2953   20.000   .356E+00       -71.976   .2704   20.000   .101E+01      -115.318   .2313   20.000   .130E+01
       176.667     -36.606   .3301   20.000   .316E-01       -42.217   .3181   20.000   .857E-01       -54.477   .2954   20.000   .348E+00       -71.942   .2705   20.000   .991E+00      -115.128   .2314   20.000   .132E+01
       177.500     -36.605   .3301   20.000   .307E-01       -42.215   .3181   20.000   .835E-01       -54.469   .2954   20.000   .341E+00       -71.909   .2705   20.000   .976E+00      -114.943   .2316   20.000   .133E+01
       178.333     -36.604   .3301   20.000   .299E-01       -42.214   .3181   20.000   .813E-01       -54.460   .2954   20.000   .333E+00       -71.876   .2705   20.000   .961E+00      -114.762   .2317   20.000   .134E+01
       179.167     -36.604   .3301   20.000   .290E-01       -42.212   .3181   20.000   .792E-01       -54.452   .2954   20.000   .326E+00       -71.844   .2706   20.000   .947E+00      -114.586   .2318   20.000   .135E+01
       180.000     -36.603   .3301   20.000   .283E-01       -42.210   .3181   20.000   .771E-01       -54.444   .2954   20.000   .319E+00       -71.812   .2706   20.000   .933E+00      -114.413   .2320   20.000   .136E+01
       180.833     -36.602   .3301   20.000   .275E-01       -42.209   .3181   20.000   .751E-01       -54.437   .2954   20.000   .312E+00       -71.782   .2707   20.000   .918E+00      -114.245   .2321   20.000   .137E+01
       181.667     -36.602   .3301   20.000   .267E-01       -42.207   .3181   20.000   .732E-01       -54.429   .2954   20.000   .305E+00       -71.751   .2707   20.000   .904E+00      -114.081   .2322   20.000   .138E+01
       182.500     -36.601   .3301   20.000   .260E-01       -42.205   .3181   20.000   .713E-01       -54.422   .2954   20.000   .298E+00       -71.722   .2707   20.000   .890E+00      -113.921   .2323   20.000   .139E+01
       183.333     -36.600   .3301   20.000   .253E-01       -42.204   .3181   20.000   .695E-01       -54.414   .2955   20.000   .292E+00       -71.693   .2708   20.000   .876E+00      -113.765   .2324   20.000   .140E+01
       184.167     -36.600   .3301   20.000   .247E-01       -42.202   .3181   20.000   .678E-01       -54.407   .2955   20.000   .285E+00       -71.664   .2708   20.000   .863E+00      -113.612   .2326   20.000   .141E+01
       185.000     -36.599   .3301   20.000   .240E-01       -42.201   .3181   20.000   .660E-01       -54.400   .2955   20.000   .279E+00       -71.636   .2709   20.000   .849E+00      -113.464   .2327   20.000   .141E+01
       185.833     -36.599   .3301   20.000   .234E-01       -42.199   .3181   20.000   .644E-01       -54.393   .2955   20.000   .273E+00       -71.609   .2709   20.000   .836E+00      -113.319   .2328   20.000   .142E+01
       186.667     -36.598   .3302   20.000   .227E-01       -42.198   .3181   20.000   .628E-01       -54.386   .2955   20.000   .267E+00       -71.582   .2709   20.000   .823E+00      -113.178   .2329   20.000   .143E+01
       187.500     -36.598   .3302   20.000   .221E-01       -42.196   .3181   20.000   .612E-01       -54.380   .2955   20.000   .261E+00       -71.556   .2710   20.000   .810E+00      -113.040   .2330   20.000   .144E+01
       188.333     -36.597   .3302   20.000   .216E-01       -42.195   .3181   20.000   .597E-01       -54.373   .2955   20.000   .256E+00       -71.530   .2710   20.000   .797E+00      -112.905   .2331   20.000   .145E+01
       189.167     -36.597   .3302   20.000   .210E-01       -42.194   .3181   20.000   .582E-01       -54.367   .2955   20.000   .250E+00       -71.505   .2710   20.000   .784E+00      -112.774   .2332   20.000   .145E+01
       190.000     -36.596   .3302   20.000   .205E-01       -42.192   .3181   20.000   .568E-01       -54.360   .2956   20.000   .245E+00       -71.481   .2711   20.000   .771E+00      -112.646   .2333   20.000   .146E+01
       190.833     -36.596   .3302   20.000   .199E-01       -42.191   .3181   20.000   .554E-01       -54.354   .2956   20.000   .240E+00       -71.457   .2711   20.000   .759E+00      -112.520   .2334   20.000   .147E+01
       191.667     -36.595   .3302   20.000   .194E-01       -42.190   .3181   20.000   .540E-01       -54.348   .2956   20.000   .235E+00       -71.433   .2711   20.000   .747E+00      -112.398   .2334   20.000   .147E+01
       192.500     -36.595   .3302   20.000   .189E-01       -42.188   .3181   20.000   .527E-01       -54.342   .2956   20.000   .230E+00       -71.411   .2712   20.000   .735E+00      -112.278   .2335   20.000   .148E+01
       193.333     -36.594   .3302   20.000   .184E-01       -42.187   .3181   20.000   .514E-01       -54.336   .2956   20.000   .225E+00       -71.388   .2712   20.000   .723E+00      -112.162   .2336   20.000   .149E+01
       194.167     -36.594   .3302   20.000   .180E-01       -42.186   .3181   20.000   .502E-01       -54.330   .2956   20.000   .220E+00       -71.366   .2712   20.000   .711E+00      -112.048   .2337   20.000   .149E+01
       195.000     -36.593   .3302   20.000   .175E-01       -42.185   .3181   20.000   .490E-01       -54.325   .2956   20.000   .216E+00       -71.345   .2712   20.000   .700E+00      -111.937   .2338   20.000   .150E+01
       195.833     -36.593   .3302   20.000   .171E-01       -42.183   .3181   20.000   .478E-01       -54.319   .2956   20.000   .211E+00       -71.324   .2713   20.000   .688E+00      -111.828   .2339   20.000   .150E+01
       196.667     -36.592   .3302   20.000   .167E-01       -42.182   .3181   20.000   .467E-01       -54.314   .2956   20.000   .207E+00       -71.303   .2713   20.000   .677E+00      -111.723   .2339   20.000   .151E+01
       197.500     -36.592   .3302   20.000   .162E-01       -42.181   .3181   20.000   .456E-01       -54.309   .2956   20.000   .203E+00       -71.283   .2713   20.000   .666E+00      -111.620   .2340   20.000   .151E+01
       198.333     -36.591   .3302   20.000   .158E-01       -42.180   .3181   20.000   .445E-01       -54.304   .2956   20.000   .198E+00       -71.263   .2713   20.000   .655E+00      -111.519   .2341   20.000   .152E+01
       199.167     -36.591   .3302   20.000   .155E-01       -42.179   .3181   20.000   .434E-01       -54.298   .2957   20.000   .194E+00       -71.243   .2714   20.000   .644E+00      -111.421   .2342   20.000   .152E+01
       200.000     -36.591   .3302   20.000   .151E-01       -42.178   .3181   20.000   .424E-01       -54.293   .2957   20.000   .190E+00       -71.224   .2714   20.000   .634E+00      -111.326   .2342   20.000   .152E+01
end
