 ******* Program HYDRUS
 ******* Welcome to HYDRUS-1D                                                   
  
 Date:   1.10.    Time:  14: 5:44
 Units: L = cm   , T = days , M = mmol 


  TLevel   Time         dt     ItrW ItrC  ItCum  KodT  KodB Converg Peclet   Courant

     1  .10000E+00  .10000E+00    7    1      7    -4     1     T      .100      .151
     2  .17007E+00  .70070E-01    6    1     13    -4     1     T      .100      .103
     3  .24014E+00  .70070E-01    5    1     18    -4     1     T      .100      .101
     4  .31021E+00  .70070E-01    5    1     23    -4     1     T      .100      .100
     5  .38028E+00  .70070E-01    4    1     27    -4     1     T      .100      .099
     6  .45035E+00  .70070E-01    4    1     31    -4     1     T      .100      .098
     7  .52042E+00  .70070E-01    4    1     35    -4     1     T      .100      .097
     8  .59049E+00  .70070E-01    4    1     39    -4     1     T      .100      .096
     9  .66056E+00  .70070E-01    4    1     43    -4     1     T      .100      .095
    10  .73063E+00  .70070E-01    4    1     47    -4     1     T      .100      .095
    11  .80070E+00  .70070E-01    3    1     50    -4     1     T      .100      .094
    12  .89170E+00  .90992E-01    4    1     54    -4     1     T      .100      .122
    13  .98269E+00  .90992E-01    4    1     58    -4     1     T      .100      .121
    14  .10737E+01  .90992E-01    3    1     61    -4     1     T      .100      .121
    15  .11920E+01  .11829E+00    4    1     65    -4     1     T      .100      .156
    16  .13103E+01  .11829E+00    4    1     69    -4     1     T      .100      .155
    17  .14285E+01  .11829E+00    4    1     73    -4     1     T      .100      .155
    18  .15468E+01  .11829E+00    4    1     77    -4     1     T      .100      .154
    19  .16651E+01  .11829E+00    3    1     80    -4     1     T      .100      .153
    20  .18192E+01  .15407E+00    4    1     84    -4     1     T      .100      .199
    21  .19733E+01  .15407E+00    4    1     88    -4     1     T      .100      .198
    22  .21274E+01  .15407E+00    4    1     92    -4     1     T      .100      .197
    23  .22814E+01  .15407E+00    4    1     96    -4     1     T      .100      .196
    24  .24355E+01  .15407E+00    3    1     99    -4     1     T      .100      .196
    25  .26351E+01  .19960E+00    4    1    103    -4     1     T      .100      .253
    26  .28347E+01  .19960E+00    4    1    107    -4     1     T      .100      .252
    27  .30343E+01  .19960E+00    4    1    111    -4     1     T      .100      .251
    28  .32339E+01  .19960E+00    3    1    114    -4     1     T      .100      .250
    29  .34918E+01  .25794E+00    4    1    118    -4     1     T      .101      .322
    30  .37498E+01  .25794E+00    4    1    122    -4     1     T      .101      .321
    31  .40077E+01  .25794E+00    4    1    126    -4     1     T      .101      .320
    32  .42656E+01  .25794E+00    4    1    130    -4     1     T      .101      .320
    33  .45236E+01  .25794E+00    3    1    133    -4     1     T      .101      .319
    34  .48600E+01  .33644E+00    4    1    137    -4     1     T      .101      .415
    35  .51965E+01  .33644E+00    4    1    141    -4     1     T      .101      .414
    36  .55329E+01  .33644E+00    4    1    145    -4     1     T      .101      .413
    37  .58694E+01  .33644E+00    3    1    148    -4     1     T      .101      .412
    38  .63109E+01  .44158E+00    4    1    152    -4     1     T      .101      .540
    39  .67525E+01  .44158E+00    4    1    156    -4     1     T      .101      .539
    40  .71941E+01  .44158E+00    4    1    160    -4     1     T      .101      .537
    41  .76357E+01  .44158E+00    4    1    164    -4     1     T      .101      .536
    42  .80773E+01  .44158E+00    4    1    168    -4     1     T      .101      .535
    43  .85189E+01  .44158E+00    4    1    172    -4     1     T      .101      .535
    44  .89604E+01  .44158E+00    4    1    176    -4     1     T      .101      .534
    45  .94020E+01  .44158E+00    4    1    180    -4     1     T      .101      .533
    46  .98436E+01  .44158E+00    4    1    184    -4     1     T      .101      .533
    47  .10285E+02  .44158E+00    3    1    187    -4     1     T      .101      .532
    48  .10857E+02  .57146E+00    4    1    191    -4     1     T      .101      .688
    49  .11428E+02  .57146E+00    4    1    195    -4     1     T      .101      .687
    50  .12000E+02  .57146E+00    4    1    199    -4     1     T      .101      .686
    51  .12571E+02  .57146E+00    4    1    203    -4     1     T      .101      .686
    52  .13142E+02  .57146E+00    4    1    207    -4     1     T      .101      .685
    53  .13714E+02  .57146E+00    4    1    211    -4     1     T      .101      .685
    54  .14285E+02  .57146E+00    4    1    215    -4     1     T      .101      .684
    55  .14857E+02  .57146E+00    4    1    219    -4     1     T      .101      .684
    56  .15428E+02  .57146E+00    4    1    223    -4     1     T      .101      .683
    57  .16000E+02  .57146E+00    3    1    226    -4     1     T      .101      .683
    58  .16800E+02  .80004E+00    4    1    230    -4     1     T      .102      .956
    59  .17600E+02  .80004E+00    4    1    234    -4     1     T      .102      .955
    60  .18400E+02  .80004E+00    4    1    238    -4     1     T      .102      .955
    61  .19200E+02  .80004E+00    4    1    242    -4     1     T      .102      .954
    62  .20000E+02  .80004E+00    4    1    246    -4     1     T      .102      .954
    63  .20741E+02  .74074E+00    4    1    250    -4     1     T      .101      .883
    64  .21481E+02  .74074E+00    4    1    254    -4     1     T      .101      .882
    65  .22222E+02  .74074E+00    4    1    258    -4     1     T      .101      .882
    66  .22963E+02  .74074E+00    4    1    262    -4     1     T      .101      .882
    67  .23704E+02  .74074E+00    4    1    266    -4     1     T      .101      .882
    68  .24444E+02  .74074E+00    4    1    270    -4     1     T      .101      .881
    69  .25185E+02  .74074E+00    4    1    274    -4     1     T      .101      .881
    70  .25926E+02  .74074E+00    4    1    278    -4     1     T      .101      .881
    71  .26667E+02  .74074E+00    4    1    282    -4     1     T      .101      .881
    72  .27407E+02  .74074E+00    4    1    286    -4     1     T      .101      .881
    73  .28148E+02  .74074E+00    3    1    289    -4     1     T      .101      .880
    74  .28989E+02  .84130E+00    4    1    293    -4     1     T      .102     1.000
    75  .29831E+02  .84145E+00    4    1    297    -4     1     T      .102     1.000
    76  .30672E+02  .84160E+00    4    1    301    -4     1     T      .102     1.000
    77  .31514E+02  .84174E+00    4    1    305    -4     1     T      .102     1.000
    78  .32356E+02  .84186E+00    3    1    308    -4     1     T      .102     1.000
    79  .33198E+02  .84198E+00    4    1    312    -4     1     T      .102     1.000
    80  .34040E+02  .84209E+00    4    1    316    -4     1     T      .102     1.000
    81  .34882E+02  .84219E+00    3    1    319    -4     1     T      .102     1.000
    82  .35725E+02  .84229E+00    4    1    323    -4     1     T      .102     1.000
    83  .36567E+02  .84238E+00    4    1    327    -4     1     T      .102     1.000
    84  .37409E+02  .84246E+00    3    1    330    -4     1     T      .102     1.000
    85  .38252E+02  .84254E+00    4    1    334    -4     1     T      .102     1.000
    86  .39095E+02  .84262E+00    4    1    338    -4     1     T      .102     1.000
    87  .39547E+02  .45268E+00    2    1    340    -4     1     T      .101      .537
    88  .40000E+02  .45267E+00    2    1    342    -4     1     T      .101      .537
    89  .40833E+02  .83333E+00    4    1    346    -4     1     T      .102      .989
    90  .41667E+02  .83333E+00    4    1    350    -4     1     T      .102      .989
    91  .42500E+02  .83333E+00    4    1    354    -4     1     T      .102      .989
    92  .43333E+02  .83333E+00    3    1    357    -4     1     T      .102      .989
    93  .44167E+02  .83333E+00    4    1    361    -4     1     T      .102      .988
    94  .45000E+02  .83333E+00    4    1    365    -4     1     T      .102      .988
    95  .45833E+02  .83333E+00    3    1    368    -4     1     T      .102      .988
    96  .46667E+02  .83333E+00    3    1    371    -4     1     T      .102      .988
    97  .47500E+02  .83333E+00    4    1    375    -4     1     T      .102      .988
    98  .48333E+02  .83333E+00    4    1    379    -4     1     T      .102      .988
    99  .49167E+02  .83333E+00    3    1    382    -4     1     T      .102      .988
   100  .50000E+02  .83333E+00    3    1    385    -4     1     T      .102      .988
   101  .50833E+02  .83333E+00    4    1    389    -4     1     T      .102      .988
   102  .51667E+02  .83333E+00    4    1    393    -4     1     T      .102      .988
   103  .52500E+02  .83333E+00    3    1    396    -4     1     T      .102      .988
   104  .53333E+02  .83333E+00    3    1    399    -4     1     T      .102      .988
   105  .54167E+02  .83333E+00    4    1    403    -4     1     T      .102      .988
   106  .55000E+02  .83333E+00    4    1    407    -4     1     T      .102      .988
   107  .55833E+02  .83333E+00    3    1    410    -4     1     T      .102      .988
   108  .56667E+02  .83333E+00    3    1    413    -4     1     T      .102      .988
   109  .57500E+02  .83333E+00    4    1    417    -4     1     T      .102      .988
   110  .58333E+02  .83333E+00    3    1    420    -4     1     T      .102      .988
   111  .59167E+02  .83333E+00    4    1    424    -4     1     T      .102      .988
   112  .60000E+02  .83334E+00    3    1    427    -4     1     T      .102      .988
   113  .60833E+02  .83333E+00    3    1    430    -4     1     T      .102      .988
   114  .61667E+02  .83333E+00    3    1    433    -4     1     T      .102      .988
   115  .62500E+02  .83333E+00    3    1    436    -4     1     T      .102      .988
   116  .63333E+02  .83333E+00    2    1    438    -4     1     T      .102      .988
   117  .64167E+02  .83333E+00    3    1    441    -4     1     T      .102      .988
   118  .65000E+02  .83333E+00    3    1    444    -4     1     T      .102      .988
   119  .65833E+02  .83333E+00    3    1    447    -4     1     T      .102      .988
   120  .66667E+02  .83333E+00    3    1    450    -4     1     T      .102      .988
   121  .67500E+02  .83333E+00    3    1    453    -4     1     T      .102      .988
   122  .68333E+02  .83333E+00    3    1    456    -4     1     T      .102      .988
   123  .69167E+02  .83333E+00    3    1    459    -4     1     T      .102      .988
   124  .70000E+02  .83333E+00    3    1    462    -4     1     T      .102      .988
   125  .70833E+02  .83333E+00    3    1    465    -4     1     T      .102      .987
   126  .71667E+02  .83333E+00    2    1    467    -4     1     T      .102      .987
   127  .72500E+02  .83333E+00    2    1    469    -4     1     T      .102      .987
   128  .73333E+02  .83333E+00    3    1    472    -4     1     T      .102      .987
   129  .74167E+02  .83333E+00    2    1    474    -4     1     T      .102      .987
   130  .75000E+02  .83333E+00    2    1    476    -4     1     T      .102      .987
   131  .75833E+02  .83333E+00    2    1    478    -4     1     T      .102      .987
   132  .76667E+02  .83333E+00    3    1    481    -4     1     T      .102      .987
   133  .77500E+02  .83333E+00    3    1    484    -4     1     T      .102      .987
   134  .78333E+02  .83333E+00    2    1    486    -4     1     T      .102      .987
   135  .79167E+02  .83333E+00    2    1    488    -4     1     T      .102      .987
   136  .80000E+02  .83333E+00    2    1    490    -4     1     T      .102      .987
   137  .80833E+02  .83333E+00    2    1    492    -4     1     T      .102      .987
   138  .81667E+02  .83333E+00    2    1    494    -4     1     T      .102      .987
   139  .82500E+02  .83333E+00    2    1    496    -4     1     T      .102      .987
   140  .83333E+02  .83333E+00    2    1    498    -4     1     T      .102      .987
   141  .84167E+02  .83333E+00    2    1    500    -4     1     T      .102      .987
   142  .85000E+02  .83333E+00    2    1    502    -4     1     T      .102      .987
   143  .85833E+02  .83333E+00    2    1    504    -4     1     T      .102      .987
   144  .86667E+02  .83333E+00    2    1    506    -4     1     T      .102      .987
   145  .87500E+02  .83333E+00    2    1    508    -4     1     T      .102      .987
   146  .88333E+02  .83333E+00    2    1    510    -4     1     T      .102      .987
   147  .89167E+02  .83333E+00    2    1    512    -4     1     T      .102      .987
   148  .90000E+02  .83333E+00    2    1    514    -4     1     T      .102      .987
   149  .90833E+02  .83333E+00    2    1    516    -4     1     T      .102      .987
   150  .91667E+02  .83333E+00    2    1    518    -4     1     T      .102      .987
   151  .92500E+02  .83333E+00    2    1    520    -4     1     T      .102      .987
   152  .93333E+02  .83333E+00    2    1    522    -4     1     T      .102      .987
   153  .94167E+02  .83333E+00    2    1    524    -4     1     T      .102      .987
   154  .95000E+02  .83333E+00    2    1    526    -4     1     T      .102      .987
   155  .95833E+02  .83333E+00    2    1    528    -4     1     T      .102      .987
   156  .96667E+02  .83333E+00    2    1    530    -4     1     T      .102      .987
   157  .97500E+02  .83333E+00    2    1    532    -4     1     T      .102      .987
   158  .98333E+02  .83333E+00    2    1    534    -4     1     T      .102      .987
   159  .99167E+02  .83333E+00    2    1    536    -4     1     T      .102      .987
   160  .10000E+03  .83333E+00    2    1    538    -4     1     T      .102      .987
   161  .10083E+03  .83333E+00    2    1    540    -4     1     T      .102      .987
   162  .10167E+03  .83333E+00    2    1    542    -4     1     T      .102      .987
   163  .10250E+03  .83333E+00    2    1    544    -4     1     T      .102      .987
   164  .10333E+03  .83333E+00    2    1    546    -4     1     T      .102      .987
   165  .10417E+03  .83333E+00    2    1    548    -4     1     T      .102      .987
   166  .10500E+03  .83333E+00    2    1    550    -4     1     T      .102      .987
   167  .10583E+03  .83333E+00    2    1    552    -4     1     T      .102      .987
   168  .10667E+03  .83333E+00    2    1    554    -4     1     T      .102      .987
   169  .10750E+03  .83333E+00    2    1    556    -4     1     T      .102      .987
   170  .10833E+03  .83333E+00    2    1    558    -4     1     T      .102      .987
   171  .10917E+03  .83333E+00    2    1    560    -4     1     T      .102      .987
   172  .11000E+03  .83333E+00    2    1    562    -4     1     T      .102      .987
   173  .11083E+03  .83333E+00    2    1    564    -4     1     T      .102      .987
   174  .11167E+03  .83333E+00    2    1    566    -4     1     T      .102      .987
   175  .11250E+03  .83333E+00    2    1    568    -4     1     T      .102      .987
   176  .11333E+03  .83333E+00    2    1    570    -4     1     T      .102      .987
   177  .11417E+03  .83333E+00    2    1    572    -4     1     T      .102      .987
   178  .11500E+03  .83333E+00    2    1    574    -4     1     T      .102      .987
   179  .11583E+03  .83333E+00    2    1    576    -4     1     T      .102      .987
   180  .11667E+03  .83333E+00    2    1    578    -4     1     T      .102      .987
   181  .11750E+03  .83333E+00    2    1    580    -4     1     T      .102      .987
   182  .11833E+03  .83333E+00    2    1    582    -4     1     T      .102      .987
   183  .11917E+03  .83333E+00    2    1    584    -4     1     T      .102      .987
   184  .12000E+03  .83333E+00    2    1    586    -4     1     T      .102      .987
   185  .12083E+03  .83333E+00    2    1    588    -4     1     T      .102      .987
   186  .12167E+03  .83333E+00    2    1    590    -4     1     T      .102      .987
   187  .12250E+03  .83333E+00    2    1    592    -4     1     T      .102      .987
   188  .12333E+03  .83333E+00    2    1    594    -4     1     T      .102      .987
   189  .12417E+03  .83333E+00    2    1    596    -4     1     T      .102      .987
   190  .12500E+03  .83333E+00    2    1    598    -4     1     T      .102      .987
   191  .12583E+03  .83333E+00    2    1    600    -4     1     T      .102      .987
   192  .12667E+03  .83333E+00    2    1    602    -4     1     T      .102      .987
   193  .12750E+03  .83333E+00    2    1    604    -4     1     T      .102      .987
   194  .12833E+03  .83333E+00    2    1    606    -4     1     T      .102      .987
   195  .12917E+03  .83333E+00    2    1    608    -4     1     T      .102      .987
   196  .13000E+03  .83333E+00    2    1    610    -4     1     T      .102      .987
   197  .13083E+03  .83333E+00    2    1    612    -4     1     T      .102      .987
   198  .13167E+03  .83333E+00    2    1    614    -4     1     T      .102      .987
   199  .13250E+03  .83333E+00    2    1    616    -4     1     T      .102      .987
   200  .13333E+03  .83334E+00    2    1    618    -4     1     T      .102      .987
   201  .13417E+03  .83334E+00    2    1    620    -4     1     T      .102      .987
   202  .13500E+03  .83333E+00    2    1    622    -4     1     T      .102      .987
   203  .13583E+03  .83334E+00    2    1    624    -4     1     T      .102      .987
   204  .13667E+03  .83334E+00    2    1    626    -4     1     T      .102      .987
   205  .13750E+03  .83334E+00    2    1    628    -4     1     T      .102      .987
   206  .13833E+03  .83333E+00    2    1    630    -4     1     T      .102      .987
   207  .13917E+03  .83334E+00    2    1    632    -4     1     T      .102      .987
   208  .14000E+03  .83334E+00    2    1    634    -4     1     T      .102      .987
   209  .14083E+03  .83333E+00    2    1    636    -4     1     T      .102      .987
   210  .14167E+03  .83333E+00    2    1    638    -4     1     T      .102      .987
   211  .14250E+03  .83333E+00    2    1    640    -4     1     T      .102      .987
   212  .14333E+03  .83333E+00    2    1    642    -4     1     T      .102      .987
   213  .14417E+03  .83333E+00    2    1    644    -4     1     T      .102      .987
   214  .14500E+03  .83333E+00    2    1    646    -4     1     T      .102      .987
   215  .14583E+03  .83334E+00    2    1    648    -4     1     T      .102      .987
   216  .14667E+03  .83334E+00    2    1    650    -4     1     T      .102      .987
   217  .14750E+03  .83334E+00    2    1    652    -4     1     T      .102      .987
   218  .14833E+03  .83334E+00    2    1    654    -4     1     T      .102      .987
   219  .14917E+03  .83334E+00    2    1    656    -4     1     T      .102      .987
   220  .15000E+03  .83334E+00    2    1    658    -4     1     T      .102      .987
   221  .15083E+03  .83334E+00    2    1    660    -4     1     T      .102      .987
   222  .15167E+03  .83334E+00    2    1    662    -4     1     T      .102      .987
   223  .15250E+03  .83334E+00    2    1    664    -4     1     T      .102      .987
   224  .15333E+03  .83334E+00    2    1    666    -4     1     T      .102      .987
   225  .15417E+03  .83334E+00    2    1    668    -4     1     T      .102      .987
   226  .15500E+03  .83333E+00    2    1    670    -4     1     T      .102      .987
   227  .15583E+03  .83334E+00    2    1    672    -4     1     T      .102      .987
   228  .15667E+03  .83334E+00    2    1    674    -4     1     T      .102      .987
   229  .15750E+03  .83334E+00    2    1    676    -4     1     T      .102      .987
   230  .15833E+03  .83333E+00    2    1    678    -4     1     T      .102      .987
   231  .15917E+03  .83334E+00    2    1    680    -4     1     T      .102      .987
   232  .16000E+03  .83334E+00    2    1    682    -4     1     T      .102      .987
   233  .16083E+03  .83333E+00    2    1    684    -4     1     T      .102      .987
   234  .16167E+03  .83333E+00    2    1    686    -4     1     T      .102      .987
   235  .16250E+03  .83333E+00    2    1    688    -4     1     T      .102      .987
   236  .16333E+03  .83333E+00    2    1    690    -4     1     T      .102      .987
   237  .16417E+03  .83333E+00    2    1    692    -4     1     T      .102      .987
   238  .16500E+03  .83333E+00    2    1    694    -4     1     T      .102      .987
   239  .16583E+03  .83334E+00    2    1    696    -4     1     T      .102      .987
   240  .16667E+03  .83334E+00    2    1    698    -4     1     T      .102      .987
   241  .16750E+03  .83334E+00    2    1    700    -4     1     T      .102      .987
   242  .16833E+03  .83334E+00    2    1    702    -4     1     T      .102      .987
   243  .16917E+03  .83334E+00    2    1    704    -4     1     T      .102      .987
   244  .17000E+03  .83334E+00    2    1    706    -4     1     T      .102      .987
   245  .17083E+03  .83334E+00    2    1    708    -4     1     T      .102      .987
   246  .17167E+03  .83334E+00    2    1    710    -4     1     T      .102      .987
   247  .17250E+03  .83334E+00    2    1    712    -4     1     T      .102      .987
   248  .17333E+03  .83334E+00    2    1    714    -4     1     T      .102      .987
   249  .17417E+03  .83334E+00    2    1    716    -4     1     T      .102      .987
   250  .17500E+03  .83333E+00    2    1    718    -4     1     T      .102      .987
   251  .17583E+03  .83334E+00    2    1    720    -4     1     T      .102      .987
   252  .17667E+03  .83334E+00    2    1    722    -4     1     T      .102      .987
   253  .17750E+03  .83334E+00    2    1    724    -4     1     T      .102      .987
   254  .17833E+03  .83333E+00    2    1    726    -4     1     T      .102      .987
   255  .17917E+03  .83334E+00    2    1    728    -4     1     T      .102      .987
   256  .18000E+03  .83334E+00    2    1    730    -4     1     T      .102      .987
   257  .18083E+03  .83333E+00    2    1    732    -4     1     T      .102      .987
   258  .18167E+03  .83333E+00    2    1    734    -4     1     T      .102      .987
   259  .18250E+03  .83333E+00    2    1    736    -4     1     T      .102      .987
   260  .18333E+03  .83333E+00    2    1    738    -4     1     T      .102      .987
   261  .18417E+03  .83333E+00    2    1    740    -4     1     T      .102      .987
   262  .18500E+03  .83333E+00    2    1    742    -4     1     T      .102      .987
   263  .18583E+03  .83334E+00    2    1    744    -4     1     T      .102      .987
   264  .18667E+03  .83334E+00    2    1    746    -4     1     T      .102      .987
   265  .18750E+03  .83334E+00    2    1    748    -4     1     T      .102      .987
   266  .18833E+03  .83334E+00    2    1    750    -4     1     T      .102      .987
   267  .18917E+03  .83334E+00    2    1    752    -4     1     T      .102      .987
   268  .19000E+03  .83334E+00    2    1    754    -4     1     T      .102      .987
   269  .19083E+03  .83334E+00    2    1    756    -4     1     T      .102      .987
   270  .19167E+03  .83334E+00    2    1    758    -4     1     T      .102      .987
   271  .19250E+03  .83334E+00    2    1    760    -4     1     T      .102      .987
   272  .19333E+03  .83334E+00    2    1    762    -4     1     T      .102      .987
   273  .19417E+03  .83334E+00    2    1    764    -4     1     T      .102      .987
   274  .19500E+03  .83333E+00    2    1    766    -4     1     T      .102      .987
   275  .19583E+03  .83334E+00    2    1    768    -4     1     T      .102      .987
   276  .19667E+03  .83334E+00    2    1    770    -4     1     T      .102      .987
   277  .19750E+03  .83334E+00    2    1    772    -4     1     T      .102      .987
   278  .19833E+03  .83333E+00    2    1    774    -4     1     T      .102      .987
   279  .19917E+03  .83334E+00    2    1    776    -4     1     T      .102      .987
   280  .20000E+03  .83334E+00    2    1    778    -4     1     T      .102      .987
end
 
 Real time [sec]       5.000000000000000
