 All solute fluxes and cumulative solute fluxes are positive into the region

       Time       cvTop      cvBot    Sum(cvTop) Sum(cvBot)   cvCh0      cvCh1       cTop      cRoot       cBot      cvRoot   Sum(cvRoot) Sum(cvNEql) TLevel
        [T]      [M/L2/T]   [M/L2/T]    [M/L2]     [M/L2]     [M/L2]     [M/L2]      [M/L3]    [M/L3]      [M/L3]   [M/L2/T]    [M/L2]      [M/L2]
        .10000   .209E+00   .000E+00   .209E-01   .000E+00   .000E+00   .000E+00   .856E-01   .000E+00   .000E+00   .000E+00   .000E+00   .000E+00       1
        .17007   .400E+00   .000E+00   .489E-01   .000E+00   .000E+00   .000E+00   .157E+00   .810E-03   .000E+00   .641E-03   .449E-04   .000E+00       2
        .24014   .400E+00   .000E+00   .770E-01   .000E+00   .000E+00   .000E+00   .192E+00   .185E-02   .000E+00   .146E-02   .147E-03   .000E+00       3
        .31021   .400E+00   .000E+00   .105E+00   .000E+00   .000E+00   .000E+00   .221E+00   .288E-02   .000E+00   .227E-02   .306E-03   .000E+00       4
        .38028   .400E+00   .000E+00   .133E+00   .000E+00   .000E+00   .000E+00   .245E+00   .388E-02   .000E+00   .305E-02   .520E-03   .000E+00       5
        .45035   .400E+00   .000E+00   .161E+00   .000E+00   .000E+00   .000E+00   .266E+00   .487E-02   .000E+00   .382E-02   .788E-03   .000E+00       6
        .52042   .400E+00   .000E+00   .189E+00   .000E+00   .000E+00   .000E+00   .284E+00   .585E-02   .000E+00   .458E-02   .111E-02   .000E+00       7
        .59049   .400E+00   .000E+00   .217E+00   .000E+00   .000E+00   .000E+00   .300E+00   .681E-02   .000E+00   .533E-02   .148E-02   .000E+00       8
        .66056   .400E+00   .000E+00   .245E+00   .000E+00   .000E+00   .000E+00   .316E+00   .777E-02   .000E+00   .607E-02   .191E-02   .000E+00       9
        .73063   .400E+00   .000E+00   .273E+00   .000E+00   .000E+00   .000E+00   .330E+00   .872E-02   .000E+00   .680E-02   .238E-02   .000E+00      10
        .80070   .400E+00   .000E+00   .301E+00   .000E+00   .000E+00   .000E+00   .342E+00   .966E-02   .000E+00   .753E-02   .291E-02   .000E+00      11
        .89170   .400E+00   .000E+00   .338E+00   .000E+00   .000E+00   .000E+00   .358E+00   .106E-01   .000E+00   .825E-02   .366E-02   .000E+00      12
        .98269   .400E+00   .000E+00   .374E+00   .000E+00   .000E+00   .000E+00   .372E+00   .118E-01   .000E+00   .917E-02   .450E-02   .000E+00      13
       1.07368   .400E+00   .000E+00   .410E+00   .000E+00   .000E+00   .000E+00   .386E+00   .130E-01   .000E+00   .101E-01   .542E-02   .000E+00      14
       1.19197   .400E+00   .000E+00   .458E+00   .000E+00   .000E+00   .000E+00   .402E+00   .142E-01   .000E+00   .110E-01   .672E-02   .000E+00      15
       1.31026   .400E+00   .000E+00   .505E+00   .000E+00   .000E+00   .000E+00   .417E+00   .157E-01   .000E+00   .122E-01   .816E-02   .000E+00      16
       1.42855   .400E+00   .000E+00   .552E+00   .000E+00   .000E+00   .000E+00   .431E+00   .172E-01   .000E+00   .133E-01   .973E-02   .000E+00      17
       1.54684   .400E+00   .000E+00   .600E+00   .000E+00   .000E+00   .000E+00   .444E+00   .188E-01   .000E+00   .145E-01   .114E-01   .000E+00      18
       1.66513   .400E+00   .000E+00   .647E+00   .000E+00   .000E+00   .000E+00   .456E+00   .203E-01   .000E+00   .156E-01   .133E-01   .000E+00      19
       1.81920   .400E+00   .000E+00   .709E+00   .000E+00   .000E+00   .000E+00   .471E+00   .217E-01   .000E+00   .167E-01   .159E-01   .000E+00      20
       1.97328   .400E+00   .000E+00   .770E+00   .000E+00   .000E+00   .000E+00   .485E+00   .237E-01   .000E+00   .182E-01   .187E-01   .000E+00      21
       2.12735   .400E+00   .000E+00   .832E+00   .000E+00   .000E+00   .000E+00   .498E+00   .256E-01   .000E+00   .196E-01   .217E-01   .000E+00      22
       2.28143   .400E+00   .000E+00   .893E+00   .000E+00   .000E+00   .000E+00   .510E+00   .275E-01   .000E+00   .210E-01   .249E-01   .000E+00      23
       2.43550   .400E+00   .000E+00   .955E+00   .000E+00   .000E+00   .000E+00   .522E+00   .294E-01   .000E+00   .224E-01   .284E-01   .000E+00      24
       2.63510   .400E+00   .000E+00   .103E+01   .000E+00   .000E+00   .000E+00   .536E+00   .313E-01   .000E+00   .237E-01   .331E-01   .000E+00      25
       2.83469   .400E+00   .000E+00   .111E+01   .000E+00   .000E+00   .000E+00   .549E+00   .337E-01   .000E+00   .255E-01   .382E-01   .000E+00      26
       3.03429   .400E+00   .000E+00   .119E+01   .000E+00   .000E+00   .000E+00   .562E+00   .361E-01   .000E+00   .272E-01   .436E-01   .000E+00      27
       3.23389   .400E+00   .000E+00   .127E+01   .000E+00   .000E+00   .000E+00   .573E+00   .385E-01   .000E+00   .288E-01   .494E-01   .000E+00      28
       3.49183   .400E+00   .000E+00   .138E+01   .000E+00   .000E+00   .000E+00   .588E+00   .408E-01   .000E+00   .303E-01   .572E-01   .000E+00      29
       3.74977   .400E+00   .000E+00   .148E+01   .000E+00   .000E+00   .000E+00   .601E+00   .439E-01   .000E+00   .324E-01   .655E-01   .000E+00      30
       4.00771   .400E+00   .000E+00   .158E+01   .000E+00   .000E+00   .000E+00   .614E+00   .469E-01   .000E+00   .343E-01   .744E-01   .000E+00      31
       4.26565   .400E+00   .000E+00   .169E+01   .000E+00   .000E+00   .000E+00   .626E+00   .499E-01   .000E+00   .361E-01   .837E-01   .000E+00      32
       4.52359   .400E+00   .000E+00   .179E+01   .000E+00   .000E+00   .000E+00   .637E+00   .529E-01   .000E+00   .380E-01   .935E-01   .000E+00      33
       4.86003   .400E+00   .000E+00   .192E+01   .000E+00   .000E+00   .000E+00   .651E+00   .558E-01   .000E+00   .397E-01   .107E+00   .000E+00      34
       5.19648   .400E+00   .000E+00   .206E+01   .000E+00   .000E+00   .000E+00   .664E+00   .597E-01   .000E+00   .420E-01   .121E+00   .000E+00      35
       5.53292   .400E+00   .000E+00   .219E+01   .000E+00   .000E+00   .000E+00   .676E+00   .635E-01   .000E+00   .442E-01   .136E+00   .000E+00      36
       5.86936   .400E+00   .000E+00   .233E+01   .000E+00   .000E+00   .000E+00   .688E+00   .673E-01   .000E+00   .464E-01   .151E+00   .000E+00      37
       6.31095   .400E+00   .000E+00   .251E+01   .000E+00   .000E+00   .000E+00   .702E+00   .711E-01   .000E+00   .484E-01   .173E+00   .000E+00      38
       6.75253   .400E+00   .000E+00   .268E+01   .000E+00   .000E+00   .000E+00   .716E+00   .760E-01   .000E+00   .511E-01   .195E+00   .000E+00      39
       7.19411   .400E+00   .000E+00   .286E+01   .000E+00   .000E+00   .000E+00   .728E+00   .809E-01   .000E+00   .536E-01   .219E+00   .000E+00      40
       7.63569   .400E+00   .000E+00   .304E+01   .000E+00   .000E+00   .000E+00   .740E+00   .857E-01   .000E+00   .561E-01   .244E+00   .000E+00      41
       8.07728   .400E+00   .000E+00   .321E+01   .000E+00   .000E+00   .000E+00   .751E+00   .905E-01   .000E+00   .585E-01   .270E+00   .000E+00      42
       8.51886   .400E+00   .000E+00   .339E+01   .000E+00   .000E+00   .000E+00   .762E+00   .953E-01   .000E+00   .608E-01   .296E+00   .000E+00      43
       8.96044   .400E+00   .000E+00   .357E+01   .000E+00   .000E+00   .000E+00   .772E+00   .100E+00   .000E+00   .631E-01   .324E+00   .000E+00      44
       9.40202   .400E+00   .000E+00   .374E+01   .000E+00   .000E+00   .000E+00   .781E+00   .105E+00   .000E+00   .653E-01   .353E+00   .000E+00      45
       9.84361   .400E+00   .000E+00   .392E+01   .000E+00   .000E+00   .000E+00   .790E+00   .109E+00   .000E+00   .675E-01   .383E+00   .000E+00      46
      10.28519   .400E+00   .000E+00   .409E+01   .000E+00   .000E+00   .000E+00   .799E+00   .114E+00   .000E+00   .695E-01   .414E+00   .000E+00      47
      10.85665   .400E+00   .000E+00   .432E+01   .000E+00   .000E+00   .000E+00   .809E+00   .119E+00   .000E+00   .716E-01   .455E+00   .000E+00      48
      11.42811   .400E+00   .000E+00   .455E+01   .000E+00   .000E+00   .000E+00   .819E+00   .125E+00   .000E+00   .741E-01   .497E+00   .000E+00      49
      11.99957   .400E+00   .000E+00   .478E+01   .000E+00   .000E+00   .000E+00   .829E+00   .131E+00   .000E+00   .766E-01   .541E+00   .000E+00      50
      12.57103   .400E+00   .000E+00   .501E+01   .000E+00   .000E+00   .000E+00   .837E+00   .137E+00   .000E+00   .791E-01   .586E+00   .000E+00      51
      13.14249   .400E+00   .000E+00   .524E+01   .000E+00   .000E+00   .000E+00   .846E+00   .142E+00   .000E+00   .814E-01   .632E+00   .000E+00      52
      13.71395   .400E+00   .000E+00   .547E+01   .000E+00   .000E+00   .000E+00   .854E+00   .148E+00   .000E+00   .837E-01   .680E+00   .000E+00      53
      14.28541   .400E+00   .000E+00   .570E+01   .000E+00   .000E+00   .000E+00   .862E+00   .154E+00   .000E+00   .859E-01   .729E+00   .000E+00      54
      14.85687   .400E+00   .000E+00   .592E+01   .000E+00   .000E+00   .000E+00   .869E+00   .160E+00   .000E+00   .880E-01   .780E+00   .000E+00      55
      15.42833   .400E+00   .000E+00   .615E+01   .000E+00   .000E+00   .000E+00   .876E+00   .166E+00   .000E+00   .901E-01   .831E+00   .000E+00      56
      15.99978   .400E+00   .000E+00   .638E+01   .000E+00   .000E+00   .000E+00   .883E+00   .171E+00   .000E+00   .922E-01   .884E+00   .000E+00      57
      16.79983   .400E+00   .000E+00   .670E+01   .000E+00   .000E+00   .000E+00   .892E+00   .177E+00   .000E+00   .942E-01   .959E+00   .000E+00      58
      17.59987   .400E+00   .000E+00   .702E+01   .000E+00   .000E+00   .000E+00   .900E+00   .185E+00   .000E+00   .969E-01   .104E+01   .000E+00      59
      18.39991   .400E+00   .000E+00   .734E+01   .000E+00   .000E+00   .000E+00   .908E+00   .193E+00   .000E+00   .995E-01   .112E+01   .000E+00      60
      19.19996   .400E+00   .000E+00   .766E+01   .000E+00   .000E+00   .000E+00   .916E+00   .201E+00   .000E+00   .102E+00   .120E+01   .000E+00      61
      20.00000   .400E+00   .000E+00   .798E+01   .000E+00   .000E+00   .000E+00   .923E+00   .208E+00   .000E+00   .104E+00   .128E+01   .000E+00      62
      20.74074   .400E+00   .000E+00   .828E+01   .000E+00   .000E+00   .000E+00   .929E+00   .216E+00   .000E+00   .107E+00   .136E+01   .000E+00      63
      21.48148   .400E+00   .000E+00   .857E+01   .000E+00   .000E+00   .000E+00   .935E+00   .223E+00   .000E+00   .109E+00   .144E+01   .000E+00      64
      22.22222   .400E+00   .000E+00   .887E+01   .000E+00   .000E+00   .000E+00   .941E+00   .230E+00   .000E+00   .111E+00   .152E+01   .000E+00      65
      22.96296   .400E+00   .000E+00   .917E+01   .000E+00   .000E+00   .000E+00   .946E+00   .237E+00   .000E+00   .113E+00   .161E+01   .000E+00      66
      23.70370   .400E+00   .000E+00   .946E+01   .000E+00   .000E+00   .000E+00   .952E+00   .244E+00   .000E+00   .115E+00   .169E+01   .000E+00      67
      24.44444   .400E+00   .000E+00   .976E+01   .000E+00   .000E+00   .000E+00   .957E+00   .251E+00   .000E+00   .117E+00   .178E+01   .000E+00      68
      25.18518   .400E+00   .000E+00   .101E+02   .000E+00   .000E+00   .000E+00   .962E+00   .258E+00   .000E+00   .119E+00   .187E+01   .000E+00      69
      25.92593   .400E+00   .000E+00   .104E+02   .000E+00   .000E+00   .000E+00   .966E+00   .265E+00   .000E+00   .120E+00   .196E+01   .000E+00      70
      26.66667   .400E+00   .000E+00   .106E+02   .000E+00   .000E+00   .000E+00   .971E+00   .272E+00   .000E+00   .122E+00   .205E+01   .000E+00      71
      27.40741   .400E+00   .000E+00   .109E+02   .000E+00   .000E+00   .000E+00   .975E+00   .279E+00   .000E+00   .124E+00   .214E+01   .000E+00      72
      28.14815   .400E+00   .000E+00   .112E+02   .000E+00   .000E+00   .000E+00   .979E+00   .286E+00   .000E+00   .125E+00   .223E+01   .000E+00      73
      28.98944   .400E+00   .000E+00   .116E+02   .000E+00   .000E+00   .000E+00   .984E+00   .293E+00   .000E+00   .127E+00   .234E+01   .000E+00      74
      29.83090   .400E+00   .000E+00   .119E+02   .000E+00   .000E+00   .000E+00   .988E+00   .300E+00   .000E+00   .129E+00   .245E+01   .000E+00      75
      30.67249   .400E+00   .000E+00   .122E+02   .000E+00   .000E+00   .000E+00   .992E+00   .308E+00   .000E+00   .131E+00   .256E+01   .000E+00      76
      31.51423   .400E+00   .000E+00   .126E+02   .000E+00   .000E+00   .000E+00   .996E+00   .316E+00   .000E+00   .132E+00   .267E+01   .000E+00      77
      32.35609   .400E+00   .000E+00   .129E+02   .000E+00   .000E+00   .000E+00   .100E+01   .323E+00   .000E+00   .134E+00   .278E+01   .000E+00      78
      33.19808   .400E+00   .000E+00   .133E+02   .000E+00   .000E+00   .000E+00   .100E+01   .331E+00   .000E+00   .135E+00   .289E+01   .000E+00      79
      34.04017   .400E+00   .000E+00   .136E+02   .000E+00   .000E+00   .000E+00   .101E+01   .338E+00   .000E+00   .137E+00   .301E+01   .000E+00      80
      34.88236   .400E+00   .000E+00   .139E+02   .000E+00   .000E+00   .000E+00   .101E+01   .346E+00   .102E-29   .138E+00   .313E+01   .000E+00      81
      35.72465   .400E+00   .000E+00   .143E+02   .000E+00   .000E+00   .000E+00   .101E+01   .353E+00   .772E-29   .140E+00   .324E+01   .000E+00      82
      36.56702   .400E+00   .000E+00   .146E+02   .000E+00   .000E+00   .000E+00   .102E+01   .361E+00   .438E-28   .141E+00   .336E+01   .000E+00      83
      37.40948   .400E+00   .309E-29   .149E+02   .261E-29   .000E+00   .000E+00   .102E+01   .368E+00   .227E-27   .143E+00   .348E+01   .000E+00      84
      38.25203   .400E+00   .153E-28   .153E+02   .155E-28   .000E+00   .000E+00   .102E+01   .376E+00   .110E-26   .144E+00   .360E+01   .000E+00      85
      39.09465   .400E+00   .717E-28   .156E+02   .760E-28   .000E+00   .000E+00   .103E+01   .383E+00   .503E-26   .145E+00   .373E+01   .000E+00      86
      39.54733   .400E+00   .180E-27   .158E+02   .157E-27   .000E+00   .000E+00   .103E+01   .391E+00   .102E-25   .146E+00   .379E+01   .000E+00      87
      40.00000   .400E+00   .367E-27   .160E+02   .324E-27   .000E+00   .000E+00   .103E+01   .395E+00   .207E-25   .147E+00   .386E+01   .000E+00      88
      40.83333   .400E+00   .127E-26   .163E+02   .138E-26   .000E+00   .000E+00   .103E+01   .399E+00   .854E-25   .148E+00   .398E+01   .000E+00      89
      41.66666   .400E+00   .509E-26   .166E+02   .562E-26   .000E+00   .000E+00   .103E+01   .406E+00   .336E-24   .149E+00   .411E+01   .000E+00      90
      42.50000   .400E+00   .195E-25   .170E+02   .219E-25   .000E+00   .000E+00   .104E+01   .413E+00   .127E-23   .150E+00   .423E+01   .000E+00      91
      43.33333   .400E+00   .719E-25   .173E+02   .819E-25   .000E+00   .000E+00   .104E+01   .420E+00   .459E-23   .151E+00   .436E+01   .000E+00      92
      44.16666   .400E+00   .254E-24   .176E+02   .294E-24   .000E+00   .000E+00   .104E+01   .428E+00   .160E-22   .152E+00   .448E+01   .000E+00      93
      44.99999   .400E+00   .865E-24   .180E+02   .101E-23   .000E+00   .000E+00   .104E+01   .435E+00   .533E-22   .153E+00   .461E+01   .000E+00      94
      45.83332   .400E+00   .283E-23   .183E+02   .337E-23   .000E+00   .000E+00   .105E+01   .442E+00   .172E-21   .154E+00   .474E+01   .000E+00      95
      46.66666   .400E+00   .891E-23   .186E+02   .108E-22   .000E+00   .000E+00   .105E+01   .449E+00   .532E-21   .155E+00   .487E+01   .000E+00      96
      47.49999   .400E+00   .271E-22   .190E+02   .334E-22   .000E+00   .000E+00   .105E+01   .456E+00   .159E-20   .156E+00   .500E+01   .000E+00      97
      48.33332   .400E+00   .796E-22   .193E+02   .997E-22   .000E+00   .000E+00   .105E+01   .464E+00   .461E-20   .157E+00   .513E+01   .000E+00      98
      49.16666   .400E+00   .227E-21   .196E+02   .288E-21   .000E+00   .000E+00   .105E+01   .471E+00   .129E-19   .158E+00   .526E+01   .000E+00      99
      49.99999   .400E+00   .625E-21   .200E+02   .810E-21   .000E+00   .000E+00   .106E+01   .478E+00   .353E-19   .159E+00   .539E+01   .000E+00     100
      50.83333   .400E+00   .168E-20   .203E+02   .221E-20   .000E+00   .000E+00   .106E+01   .485E+00   .935E-19   .160E+00   .553E+01   .000E+00     101
      51.66666   .400E+00   .440E-20   .206E+02   .587E-20   .000E+00   .000E+00   .106E+01   .492E+00   .242E-18   .161E+00   .566E+01   .000E+00     102
      52.49999   .400E+00   .112E-19   .210E+02   .152E-19   .000E+00   .000E+00   .106E+01   .499E+00   .611E-18   .162E+00   .580E+01   .000E+00     103
      53.33333   .400E+00   .281E-19   .213E+02   .387E-19   .000E+00   .000E+00   .106E+01   .506E+00   .151E-17   .162E+00   .593E+01   .000E+00     104
      54.16666   .400E+00   .690E-19   .216E+02   .962E-19   .000E+00   .000E+00   .106E+01   .513E+00   .367E-17   .163E+00   .607E+01   .000E+00     105
      55.00000   .400E+00   .166E-18   .220E+02   .234E-18   .000E+00   .000E+00   .107E+01   .520E+00   .874E-17   .164E+00   .620E+01   .000E+00     106
      55.83333   .400E+00   .391E-18   .223E+02   .561E-18   .000E+00   .000E+00   .107E+01   .527E+00   .204E-16   .165E+00   .634E+01   .000E+00     107
      56.66666   .400E+00   .906E-18   .226E+02   .132E-17   .000E+00   .000E+00   .107E+01   .534E+00   .468E-16   .165E+00   .648E+01   .000E+00     108
      57.50000   .400E+00   .206E-17   .230E+02   .303E-17   .000E+00   .000E+00   .107E+01   .541E+00   .105E-15   .166E+00   .662E+01   .000E+00     109
      58.33333   .400E+00   .457E-17   .233E+02   .684E-17   .000E+00   .000E+00   .107E+01   .548E+00   .231E-15   .167E+00   .676E+01   .000E+00     110
      59.16666   .400E+00   .996E-17   .236E+02   .151E-16   .000E+00   .000E+00   .107E+01   .555E+00   .499E-15   .167E+00   .690E+01   .000E+00     111
      60.00000   .400E+00   .213E-16   .240E+02   .329E-16   .000E+00   .000E+00   .107E+01   .562E+00   .106E-14   .168E+00   .704E+01   .000E+00     112
      60.83333   .400E+00   .445E-16   .243E+02   .700E-16   .000E+00   .000E+00   .108E+01   .569E+00   .219E-14   .169E+00   .718E+01   .000E+00     113
      61.66666   .400E+00   .914E-16   .246E+02   .146E-15   .000E+00   .000E+00   .108E+01   .576E+00   .445E-14   .169E+00   .732E+01   .000E+00     114
      62.50000   .400E+00   .184E-15   .250E+02   .300E-15   .000E+00   .000E+00   .108E+01   .583E+00   .888E-14   .170E+00   .746E+01   .000E+00     115
      63.33333   .400E+00   .364E-15   .253E+02   .603E-15   .000E+00   .000E+00   .108E+01   .590E+00   .174E-13   .171E+00   .760E+01   .000E+00     116
      64.16666   .400E+00   .707E-15   .256E+02   .119E-14   .000E+00   .000E+00   .108E+01   .597E+00   .335E-13   .171E+00   .774E+01   .000E+00     117
      65.00000   .400E+00   .135E-14   .260E+02   .232E-14   .000E+00   .000E+00   .108E+01   .604E+00   .635E-13   .172E+00   .789E+01   .000E+00     118
      65.83334   .400E+00   .254E-14   .263E+02   .443E-14   .000E+00   .000E+00   .108E+01   .611E+00   .118E-12   .172E+00   .803E+01   .000E+00     119
      66.66667   .400E+00   .469E-14   .266E+02   .834E-14   .000E+00   .000E+00   .108E+01   .618E+00   .217E-12   .173E+00   .818E+01   .000E+00     120
      67.50001   .400E+00   .854E-14   .270E+02   .155E-13   .000E+00   .000E+00   .109E+01   .625E+00   .392E-12   .173E+00   .832E+01   .000E+00     121
      68.33334   .400E+00   .153E-13   .273E+02   .282E-13   .000E+00   .000E+00   .109E+01   .632E+00   .697E-12   .174E+00   .846E+01   .000E+00     122
      69.16668   .400E+00   .270E-13   .276E+02   .507E-13   .000E+00   .000E+00   .109E+01   .639E+00   .122E-11   .174E+00   .861E+01   .000E+00     123
      70.00002   .400E+00   .470E-13   .280E+02   .899E-13   .000E+00   .000E+00   .109E+01   .646E+00   .211E-11   .175E+00   .876E+01   .000E+00     124
      70.83334   .400E+00   .806E-13   .283E+02   .157E-12   .000E+00   .000E+00   .109E+01   .653E+00   .359E-11   .175E+00   .890E+01   .000E+00     125
      71.66668   .400E+00   .136E-12   .286E+02   .271E-12   .000E+00   .000E+00   .109E+01   .659E+00   .602E-11   .176E+00   .905E+01   .000E+00     126
      72.50002   .400E+00   .227E-12   .290E+02   .459E-12   .000E+00   .000E+00   .109E+01   .666E+00   .996E-11   .176E+00   .920E+01   .000E+00     127
      73.33334   .400E+00   .372E-12   .293E+02   .769E-12   .000E+00   .000E+00   .109E+01   .673E+00   .162E-10   .177E+00   .934E+01   .000E+00     128
      74.16667   .400E+00   .602E-12   .296E+02   .127E-11   .000E+00   .000E+00   .109E+01   .680E+00   .261E-10   .177E+00   .949E+01   .000E+00     129
      75.00001   .400E+00   .961E-12   .300E+02   .207E-11   .000E+00   .000E+00   .109E+01   .687E+00   .414E-10   .178E+00   .964E+01   .000E+00     130
      75.83334   .400E+00   .151E-11   .303E+02   .333E-11   .000E+00   .000E+00   .109E+01   .694E+00   .648E-10   .178E+00   .979E+01   .000E+00     131
      76.66667   .400E+00   .235E-11   .306E+02   .529E-11   .000E+00   .000E+00   .110E+01   .701E+00   .100E-09   .178E+00   .994E+01   .000E+00     132
      77.50000   .400E+00   .360E-11   .310E+02   .829E-11   .000E+00   .000E+00   .110E+01   .708E+00   .152E-09   .179E+00   .101E+02   .000E+00     133
      78.33334   .400E+00   .545E-11   .313E+02   .128E-10   .000E+00   .000E+00   .110E+01   .714E+00   .229E-09   .179E+00   .102E+02   .000E+00     134
      79.16667   .400E+00   .814E-11   .316E+02   .196E-10   .000E+00   .000E+00   .110E+01   .721E+00   .340E-09   .180E+00   .104E+02   .000E+00     135
      80.00000   .400E+00   .120E-10   .320E+02   .296E-10   .000E+00   .000E+00   .110E+01   .728E+00   .499E-09   .180E+00   .105E+02   .000E+00     136
      80.83334   .400E+00   .175E-10   .323E+02   .442E-10   .000E+00   .000E+00   .110E+01   .735E+00   .723E-09   .180E+00   .107E+02   .000E+00     137
      81.66667   .400E+00   .252E-10   .326E+02   .651E-10   .000E+00   .000E+00   .110E+01   .742E+00   .104E-08   .181E+00   .108E+02   .000E+00     138
      82.50001   .400E+00   .358E-10   .330E+02   .950E-10   .000E+00   .000E+00   .110E+01   .748E+00   .147E-08   .181E+00   .110E+02   .000E+00     139
      83.33334   .400E+00   .503E-10   .333E+02   .137E-09   .000E+00   .000E+00   .110E+01   .755E+00   .205E-08   .181E+00   .111E+02   .000E+00     140
      84.16668   .400E+00   .700E-10   .336E+02   .195E-09   .000E+00   .000E+00   .110E+01   .762E+00   .284E-08   .182E+00   .113E+02   .000E+00     141
      85.00002   .400E+00   .962E-10   .340E+02   .275E-09   .000E+00   .000E+00   .110E+01   .769E+00   .389E-08   .182E+00   .114E+02   .000E+00     142
      85.83335   .400E+00   .131E-09   .343E+02   .384E-09   .000E+00   .000E+00   .110E+01   .776E+00   .527E-08   .182E+00   .116E+02   .000E+00     143
      86.66669   .400E+00   .176E-09   .346E+02   .531E-09   .000E+00   .000E+00   .110E+01   .782E+00   .707E-08   .182E+00   .117E+02   .000E+00     144
      87.50002   .400E+00   .234E-09   .350E+02   .726E-09   .000E+00   .000E+00   .111E+01   .789E+00   .938E-08   .183E+00   .119E+02   .000E+00     145
      88.33335   .400E+00   .309E-09   .353E+02   .983E-09   .000E+00   .000E+00   .111E+01   .796E+00   .123E-07   .183E+00   .120E+02   .000E+00     146
      89.16669   .400E+00   .403E-09   .356E+02   .132E-08   .000E+00   .000E+00   .111E+01   .803E+00   .161E-07   .183E+00   .122E+02   .000E+00     147
      90.00002   .400E+00   .521E-09   .360E+02   .175E-08   .000E+00   .000E+00   .111E+01   .809E+00   .207E-07   .184E+00   .124E+02   .000E+00     148
      90.83334   .400E+00   .666E-09   .363E+02   .231E-08   .000E+00   .000E+00   .111E+01   .816E+00   .265E-07   .184E+00   .125E+02   .000E+00     149
      91.66668   .400E+00   .846E-09   .366E+02   .301E-08   .000E+00   .000E+00   .111E+01   .823E+00   .335E-07   .184E+00   .127E+02   .000E+00     150
      92.50002   .400E+00   .106E-08   .370E+02   .390E-08   .000E+00   .000E+00   .111E+01   .830E+00   .421E-07   .184E+00   .128E+02   .000E+00     151
      93.33334   .400E+00   .133E-08   .373E+02   .500E-08   .000E+00   .000E+00   .111E+01   .836E+00   .525E-07   .185E+00   .130E+02   .000E+00     152
      94.16667   .400E+00   .164E-08   .376E+02   .637E-08   .000E+00   .000E+00   .111E+01   .843E+00   .649E-07   .185E+00   .131E+02   .000E+00     153
      95.00001   .400E+00   .201E-08   .380E+02   .804E-08   .000E+00   .000E+00   .111E+01   .850E+00   .796E-07   .185E+00   .133E+02   .000E+00     154
      95.83334   .400E+00   .244E-08   .383E+02   .101E-07   .000E+00   .000E+00   .111E+01   .857E+00   .970E-07   .185E+00   .134E+02   .000E+00     155
      96.66667   .400E+00   .295E-08   .386E+02   .125E-07   .000E+00   .000E+00   .111E+01   .863E+00   .117E-06   .185E+00   .136E+02   .000E+00     156
      97.50000   .400E+00   .353E-08   .390E+02   .155E-07   .000E+00   .000E+00   .111E+01   .870E+00   .141E-06   .186E+00   .137E+02   .000E+00     157
      98.33334   .400E+00   .421E-08   .393E+02   .190E-07   .000E+00   .000E+00   .111E+01   .877E+00   .168E-06   .186E+00   .139E+02   .000E+00     158
      99.16667   .400E+00   .497E-08   .396E+02   .231E-07   .000E+00   .000E+00   .111E+01   .883E+00   .199E-06   .186E+00   .140E+02   .000E+00     159
     100.00000   .400E+00   .583E-08   .400E+02   .280E-07   .000E+00   .000E+00   .111E+01   .890E+00   .234E-06   .186E+00   .142E+02   .000E+00     160
     100.83330   .000E+00   .680E-08   .400E+02   .337E-07   .000E+00   .000E+00   .717E+00   .897E+00   .274E-06   .186E+00   .144E+02   .000E+00     161
     101.66670   .000E+00   .789E-08   .400E+02   .402E-07   .000E+00   .000E+00   .743E+00   .893E+00   .319E-06   .187E+00   .145E+02   .000E+00     162
     102.50000   .000E+00   .909E-08   .400E+02   .478E-07   .000E+00   .000E+00   .575E+00   .890E+00   .369E-06   .187E+00   .147E+02   .000E+00     163
     103.33330   .000E+00   .104E-07   .400E+02   .565E-07   .000E+00   .000E+00   .592E+00   .887E+00   .425E-06   .187E+00   .148E+02   .000E+00     164
     104.16670   .000E+00   .119E-07   .400E+02   .664E-07   .000E+00   .000E+00   .483E+00   .883E+00   .487E-06   .187E+00   .150E+02   .000E+00     165
     105.00000   .000E+00   .135E-07   .400E+02   .776E-07   .000E+00   .000E+00   .495E+00   .879E+00   .555E-06   .187E+00   .151E+02   .000E+00     166
     105.83340   .000E+00   .152E-07   .400E+02   .903E-07   .000E+00   .000E+00   .414E+00   .876E+00   .629E-06   .187E+00   .153E+02   .000E+00     167
     106.66670   .000E+00   .171E-07   .400E+02   .104E-06   .000E+00   .000E+00   .423E+00   .872E+00   .711E-06   .187E+00   .155E+02   .000E+00     168
     107.50000   .000E+00   .190E-07   .400E+02   .120E-06   .000E+00   .000E+00   .361E+00   .869E+00   .799E-06   .187E+00   .156E+02   .000E+00     169
     108.33340   .000E+00   .212E-07   .400E+02   .138E-06   .000E+00   .000E+00   .367E+00   .865E+00   .895E-06   .186E+00   .158E+02   .000E+00     170
     109.16670   .000E+00   .234E-07   .400E+02   .158E-06   .000E+00   .000E+00   .318E+00   .861E+00   .998E-06   .186E+00   .159E+02   .000E+00     171
     110.00000   .000E+00   .258E-07   .400E+02   .179E-06   .000E+00   .000E+00   .322E+00   .857E+00   .111E-05   .185E+00   .161E+02   .000E+00     172
     110.83330   .000E+00   .284E-07   .400E+02   .203E-06   .000E+00   .000E+00   .282E+00   .854E+00   .123E-05   .184E+00   .162E+02   .000E+00     173
     111.66670   .000E+00   .310E-07   .400E+02   .229E-06   .000E+00   .000E+00   .285E+00   .850E+00   .135E-05   .183E+00   .164E+02   .000E+00     174
     112.50000   .000E+00   .338E-07   .400E+02   .257E-06   .000E+00   .000E+00   .252E+00   .846E+00   .149E-05   .182E+00   .165E+02   .000E+00     175
     113.33330   .000E+00   .367E-07   .400E+02   .287E-06   .000E+00   .000E+00   .254E+00   .842E+00   .163E-05   .181E+00   .167E+02   .000E+00     176
     114.16670   .000E+00   .397E-07   .400E+02   .320E-06   .000E+00   .000E+00   .226E+00   .838E+00   .178E-05   .180E+00   .168E+02   .000E+00     177
     115.00000   .000E+00   .428E-07   .400E+02   .356E-06   .000E+00   .000E+00   .227E+00   .835E+00   .194E-05   .179E+00   .170E+02   .000E+00     178
     115.83330   .000E+00   .460E-07   .400E+02   .394E-06   .000E+00   .000E+00   .204E+00   .831E+00   .211E-05   .178E+00   .171E+02   .000E+00     179
     116.66670   .000E+00   .492E-07   .400E+02   .435E-06   .000E+00   .000E+00   .204E+00   .827E+00   .228E-05   .177E+00   .173E+02   .000E+00     180
     117.50000   .000E+00   .525E-07   .400E+02   .479E-06   .000E+00   .000E+00   .185E+00   .823E+00   .246E-05   .176E+00   .174E+02   .000E+00     181
     118.33330   .000E+00   .559E-07   .400E+02   .526E-06   .000E+00   .000E+00   .184E+00   .819E+00   .265E-05   .174E+00   .176E+02   .000E+00     182
     119.16670   .000E+00   .593E-07   .400E+02   .575E-06   .000E+00   .000E+00   .168E+00   .816E+00   .285E-05   .173E+00   .177E+02   .000E+00     183
     120.00000   .000E+00   .628E-07   .400E+02   .628E-06   .000E+00   .000E+00   .167E+00   .812E+00   .306E-05   .172E+00   .179E+02   .000E+00     184
     120.83330   .000E+00   .664E-07   .400E+02   .683E-06   .000E+00   .000E+00   .153E+00   .808E+00   .327E-05   .171E+00   .180E+02   .000E+00     185
     121.66670   .000E+00   .699E-07   .400E+02   .741E-06   .000E+00   .000E+00   .152E+00   .804E+00   .349E-05   .169E+00   .181E+02   .000E+00     186
     122.50000   .000E+00   .735E-07   .400E+02   .802E-06   .000E+00   .000E+00   .139E+00   .800E+00   .371E-05   .168E+00   .183E+02   .000E+00     187
     123.33330   .000E+00   .771E-07   .400E+02   .867E-06   .000E+00   .000E+00   .138E+00   .797E+00   .395E-05   .167E+00   .184E+02   .000E+00     188
     124.16670   .000E+00   .806E-07   .400E+02   .934E-06   .000E+00   .000E+00   .127E+00   .793E+00   .418E-05   .166E+00   .186E+02   .000E+00     189
     125.00000   .000E+00   .842E-07   .400E+02   .100E-05   .000E+00   .000E+00   .126E+00   .789E+00   .443E-05   .164E+00   .187E+02   .000E+00     190
     125.83340   .000E+00   .877E-07   .400E+02   .108E-05   .000E+00   .000E+00   .117E+00   .785E+00   .468E-05   .163E+00   .188E+02   .000E+00     191
     126.66670   .000E+00   .912E-07   .400E+02   .115E-05   .000E+00   .000E+00   .116E+00   .781E+00   .494E-05   .162E+00   .190E+02   .000E+00     192
     127.50000   .000E+00   .947E-07   .400E+02   .123E-05   .000E+00   .000E+00   .107E+00   .778E+00   .520E-05   .160E+00   .191E+02   .000E+00     193
     128.33330   .000E+00   .981E-07   .400E+02   .131E-05   .000E+00   .000E+00   .106E+00   .774E+00   .546E-05   .159E+00   .192E+02   .000E+00     194
     129.16670   .000E+00   .101E-06   .400E+02   .140E-05   .000E+00   .000E+00   .988E-01   .770E+00   .573E-05   .158E+00   .194E+02   .000E+00     195
     130.00000   .000E+00   .105E-06   .400E+02   .149E-05   .000E+00   .000E+00   .975E-01   .766E+00   .601E-05   .157E+00   .195E+02   .000E+00     196
     130.83330   .000E+00   .108E-06   .400E+02   .158E-05   .000E+00   .000E+00   .911E-01   .763E+00   .629E-05   .155E+00   .196E+02   .000E+00     197
     131.66670   .000E+00   .111E-06   .400E+02   .167E-05   .000E+00   .000E+00   .897E-01   .759E+00   .657E-05   .154E+00   .198E+02   .000E+00     198
     132.50000   .000E+00   .114E-06   .400E+02   .176E-05   .000E+00   .000E+00   .841E-01   .755E+00   .685E-05   .153E+00   .199E+02   .000E+00     199
     133.33330   .000E+00   .117E-06   .400E+02   .186E-05   .000E+00   .000E+00   .827E-01   .752E+00   .714E-05   .152E+00   .200E+02   .000E+00     200
     134.16670   .000E+00   .120E-06   .400E+02   .196E-05   .000E+00   .000E+00   .778E-01   .748E+00   .743E-05   .150E+00   .201E+02   .000E+00     201
     135.00000   .000E+00   .123E-06   .400E+02   .206E-05   .000E+00   .000E+00   .764E-01   .744E+00   .773E-05   .149E+00   .203E+02   .000E+00     202
     135.83330   .000E+00   .125E-06   .400E+02   .217E-05   .000E+00   .000E+00   .720E-01   .741E+00   .802E-05   .148E+00   .204E+02   .000E+00     203
     136.66670   .000E+00   .128E-06   .400E+02   .227E-05   .000E+00   .000E+00   .707E-01   .737E+00   .832E-05   .147E+00   .205E+02   .000E+00     204
     137.50000   .000E+00   .130E-06   .400E+02   .238E-05   .000E+00   .000E+00   .667E-01   .733E+00   .861E-05   .146E+00   .206E+02   .000E+00     205
     138.33330   .000E+00   .132E-06   .400E+02   .249E-05   .000E+00   .000E+00   .654E-01   .730E+00   .891E-05   .144E+00   .207E+02   .000E+00     206
     139.16670   .000E+00   .134E-06   .400E+02   .260E-05   .000E+00   .000E+00   .619E-01   .726E+00   .921E-05   .143E+00   .209E+02   .000E+00     207
     140.00000   .000E+00   .136E-06   .400E+02   .272E-05   .000E+00   .000E+00   .607E-01   .722E+00   .950E-05   .142E+00   .210E+02   .000E+00     208
     140.83330   .000E+00   .138E-06   .400E+02   .283E-05   .000E+00   .000E+00   .576E-01   .719E+00   .980E-05   .141E+00   .211E+02   .000E+00     209
     141.66670   .000E+00   .139E-06   .400E+02   .295E-05   .000E+00   .000E+00   .563E-01   .715E+00   .101E-04   .140E+00   .212E+02   .000E+00     210
     142.50000   .000E+00   .141E-06   .400E+02   .307E-05   .000E+00   .000E+00   .535E-01   .712E+00   .104E-04   .138E+00   .213E+02   .000E+00     211
     143.33330   .000E+00   .142E-06   .400E+02   .318E-05   .000E+00   .000E+00   .524E-01   .708E+00   .107E-04   .137E+00   .214E+02   .000E+00     212
     144.16660   .000E+00   .143E-06   .400E+02   .330E-05   .000E+00   .000E+00   .498E-01   .705E+00   .110E-04   .136E+00   .216E+02   .000E+00     213
     145.00000   .000E+00   .145E-06   .400E+02   .342E-05   .000E+00   .000E+00   .487E-01   .701E+00   .113E-04   .135E+00   .217E+02   .000E+00     214
     145.83330   .000E+00   .145E-06   .400E+02   .355E-05   .000E+00   .000E+00   .465E-01   .698E+00   .116E-04   .134E+00   .218E+02   .000E+00     215
     146.66660   .000E+00   .146E-06   .400E+02   .367E-05   .000E+00   .000E+00   .454E-01   .694E+00   .118E-04   .133E+00   .219E+02   .000E+00     216
     147.50000   .000E+00   .147E-06   .400E+02   .379E-05   .000E+00   .000E+00   .433E-01   .691E+00   .121E-04   .132E+00   .220E+02   .000E+00     217
     148.33330   .000E+00   .148E-06   .400E+02   .391E-05   .000E+00   .000E+00   .423E-01   .687E+00   .124E-04   .131E+00   .221E+02   .000E+00     218
     149.16660   .000E+00   .148E-06   .400E+02   .404E-05   .000E+00   .000E+00   .405E-01   .684E+00   .127E-04   .130E+00   .222E+02   .000E+00     219
     150.00000   .000E+00   .148E-06   .400E+02   .416E-05   .000E+00   .000E+00   .395E-01   .680E+00   .130E-04   .129E+00   .223E+02   .000E+00     220
     150.83330   .000E+00   .149E-06   .400E+02   .428E-05   .000E+00   .000E+00   .378E-01   .677E+00   .132E-04   .127E+00   .224E+02   .000E+00     221
     151.66660   .000E+00   .149E-06   .400E+02   .441E-05   .000E+00   .000E+00   .369E-01   .674E+00   .135E-04   .126E+00   .225E+02   .000E+00     222
     152.50000   .000E+00   .149E-06   .400E+02   .453E-05   .000E+00   .000E+00   .354E-01   .670E+00   .138E-04   .125E+00   .226E+02   .000E+00     223
     153.33330   .000E+00   .149E-06   .400E+02   .466E-05   .000E+00   .000E+00   .345E-01   .667E+00   .140E-04   .124E+00   .227E+02   .000E+00     224
     154.16670   .000E+00   .148E-06   .400E+02   .478E-05   .000E+00   .000E+00   .331E-01   .664E+00   .143E-04   .123E+00   .228E+02   .000E+00     225
     155.00000   .000E+00   .148E-06   .400E+02   .490E-05   .000E+00   .000E+00   .323E-01   .660E+00   .145E-04   .122E+00   .229E+02   .000E+00     226
     155.83330   .000E+00   .148E-06   .400E+02   .503E-05   .000E+00   .000E+00   .310E-01   .657E+00   .148E-04   .121E+00   .231E+02   .000E+00     227
     156.66670   .000E+00   .147E-06   .400E+02   .515E-05   .000E+00   .000E+00   .302E-01   .654E+00   .150E-04   .120E+00   .232E+02   .000E+00     228
     157.50000   .000E+00   .147E-06   .400E+02   .527E-05   .000E+00   .000E+00   .291E-01   .650E+00   .153E-04   .119E+00   .233E+02   .000E+00     229
     158.33330   .000E+00   .146E-06   .400E+02   .539E-05   .000E+00   .000E+00   .283E-01   .647E+00   .155E-04   .118E+00   .233E+02   .000E+00     230
     159.16670   .000E+00   .146E-06   .400E+02   .551E-05   .000E+00   .000E+00   .273E-01   .644E+00   .157E-04   .118E+00   .234E+02   .000E+00     231
     160.00000   .000E+00   .145E-06   .400E+02   .564E-05   .000E+00   .000E+00   .266E-01   .641E+00   .160E-04   .117E+00   .235E+02   .000E+00     232
     160.83330   .000E+00   .144E-06   .400E+02   .576E-05   .000E+00   .000E+00   .256E-01   .637E+00   .162E-04   .116E+00   .236E+02   .000E+00     233
     161.66670   .000E+00   .143E-06   .400E+02   .587E-05   .000E+00   .000E+00   .250E-01   .634E+00   .164E-04   .115E+00   .237E+02   .000E+00     234
     162.50000   .000E+00   .142E-06   .400E+02   .599E-05   .000E+00   .000E+00   .241E-01   .631E+00   .166E-04   .114E+00   .238E+02   .000E+00     235
     163.33330   .000E+00   .141E-06   .400E+02   .611E-05   .000E+00   .000E+00   .234E-01   .628E+00   .168E-04   .113E+00   .239E+02   .000E+00     236
     164.16660   .000E+00   .140E-06   .400E+02   .623E-05   .000E+00   .000E+00   .226E-01   .625E+00   .170E-04   .112E+00   .240E+02   .000E+00     237
     165.00000   .000E+00   .139E-06   .400E+02   .634E-05   .000E+00   .000E+00   .220E-01   .622E+00   .172E-04   .111E+00   .241E+02   .000E+00     238
     165.83330   .000E+00   .138E-06   .400E+02   .646E-05   .000E+00   .000E+00   .213E-01   .619E+00   .174E-04   .110E+00   .242E+02   .000E+00     239
     166.66660   .000E+00   .136E-06   .400E+02   .657E-05   .000E+00   .000E+00   .207E-01   .615E+00   .176E-04   .109E+00   .243E+02   .000E+00     240
     167.50000   .000E+00   .135E-06   .400E+02   .668E-05   .000E+00   .000E+00   .200E-01   .612E+00   .178E-04   .109E+00   .244E+02   .000E+00     241
     168.33330   .000E+00   .134E-06   .400E+02   .680E-05   .000E+00   .000E+00   .195E-01   .609E+00   .180E-04   .108E+00   .245E+02   .000E+00     242
     169.16660   .000E+00   .132E-06   .400E+02   .691E-05   .000E+00   .000E+00   .189E-01   .606E+00   .182E-04   .107E+00   .246E+02   .000E+00     243
     170.00000   .000E+00   .131E-06   .400E+02   .701E-05   .000E+00   .000E+00   .184E-01   .603E+00   .184E-04   .106E+00   .247E+02   .000E+00     244
     170.83330   .000E+00   .130E-06   .400E+02   .712E-05   .000E+00   .000E+00   .178E-01   .600E+00   .186E-04   .105E+00   .247E+02   .000E+00     245
     171.66660   .000E+00   .128E-06   .400E+02   .723E-05   .000E+00   .000E+00   .173E-01   .597E+00   .187E-04   .104E+00   .248E+02   .000E+00     246
     172.50000   .000E+00   .127E-06   .400E+02   .734E-05   .000E+00   .000E+00   .168E-01   .594E+00   .189E-04   .104E+00   .249E+02   .000E+00     247
     173.33330   .000E+00   .125E-06   .400E+02   .744E-05   .000E+00   .000E+00   .163E-01   .591E+00   .190E-04   .103E+00   .250E+02   .000E+00     248
     174.16670   .000E+00   .124E-06   .400E+02   .754E-05   .000E+00   .000E+00   .158E-01   .588E+00   .192E-04   .102E+00   .251E+02   .000E+00     249
     175.00000   .000E+00   .122E-06   .400E+02   .765E-05   .000E+00   .000E+00   .154E-01   .586E+00   .194E-04   .101E+00   .252E+02   .000E+00     250
     175.83330   .000E+00   .121E-06   .400E+02   .775E-05   .000E+00   .000E+00   .149E-01   .583E+00   .195E-04   .100E+00   .253E+02   .000E+00     251
     176.66670   .000E+00   .119E-06   .400E+02   .784E-05   .000E+00   .000E+00   .146E-01   .580E+00   .196E-04   .997E-01   .253E+02   .000E+00     252
     177.50000   .000E+00   .117E-06   .400E+02   .794E-05   .000E+00   .000E+00   .141E-01   .577E+00   .198E-04   .990E-01   .254E+02   .000E+00     253
     178.33330   .000E+00   .116E-06   .400E+02   .804E-05   .000E+00   .000E+00   .138E-01   .574E+00   .199E-04   .982E-01   .255E+02   .000E+00     254
     179.16670   .000E+00   .114E-06   .400E+02   .813E-05   .000E+00   .000E+00   .133E-01   .571E+00   .201E-04   .975E-01   .256E+02   .000E+00     255
     180.00000   .000E+00   .112E-06   .400E+02   .823E-05   .000E+00   .000E+00   .130E-01   .568E+00   .202E-04   .967E-01   .257E+02   .000E+00     256
     180.83330   .000E+00   .110E-06   .400E+02   .832E-05   .000E+00   .000E+00   .126E-01   .566E+00   .203E-04   .960E-01   .257E+02   .000E+00     257
     181.66670   .000E+00   .109E-06   .400E+02   .841E-05   .000E+00   .000E+00   .123E-01   .563E+00   .204E-04   .953E-01   .258E+02   .000E+00     258
     182.50000   .000E+00   .107E-06   .400E+02   .850E-05   .000E+00   .000E+00   .119E-01   .560E+00   .206E-04   .946E-01   .259E+02   .000E+00     259
     183.33330   .000E+00   .105E-06   .400E+02   .859E-05   .000E+00   .000E+00   .116E-01   .557E+00   .207E-04   .939E-01   .260E+02   .000E+00     260
     184.16660   .000E+00   .103E-06   .400E+02   .867E-05   .000E+00   .000E+00   .113E-01   .555E+00   .208E-04   .932E-01   .261E+02   .000E+00     261
     185.00000   .000E+00   .102E-06   .400E+02   .876E-05   .000E+00   .000E+00   .110E-01   .552E+00   .209E-04   .925E-01   .261E+02   .000E+00     262
     185.83330   .000E+00   .997E-07   .400E+02   .884E-05   .000E+00   .000E+00   .107E-01   .549E+00   .210E-04   .918E-01   .262E+02   .000E+00     263
     186.66660   .000E+00   .980E-07   .400E+02   .892E-05   .000E+00   .000E+00   .104E-01   .547E+00   .211E-04   .911E-01   .263E+02   .000E+00     264
     187.50000   .000E+00   .962E-07   .400E+02   .900E-05   .000E+00   .000E+00   .101E-01   .544E+00   .212E-04   .905E-01   .264E+02   .000E+00     265
     188.33330   .000E+00   .944E-07   .400E+02   .908E-05   .000E+00   .000E+00   .989E-02   .541E+00   .213E-04   .898E-01   .264E+02   .000E+00     266
     189.16660   .000E+00   .927E-07   .400E+02   .916E-05   .000E+00   .000E+00   .962E-02   .539E+00   .214E-04   .892E-01   .265E+02   .000E+00     267
     190.00000   .000E+00   .909E-07   .400E+02   .923E-05   .000E+00   .000E+00   .937E-02   .536E+00   .215E-04   .885E-01   .266E+02   .000E+00     268
     190.83330   .000E+00   .892E-07   .400E+02   .931E-05   .000E+00   .000E+00   .912E-02   .533E+00   .216E-04   .879E-01   .267E+02   .000E+00     269
     191.66660   .000E+00   .875E-07   .400E+02   .938E-05   .000E+00   .000E+00   .889E-02   .531E+00   .216E-04   .872E-01   .267E+02   .000E+00     270
     192.50000   .000E+00   .858E-07   .400E+02   .945E-05   .000E+00   .000E+00   .865E-02   .528E+00   .217E-04   .866E-01   .268E+02   .000E+00     271
     193.33330   .000E+00   .842E-07   .400E+02   .952E-05   .000E+00   .000E+00   .844E-02   .526E+00   .218E-04   .860E-01   .269E+02   .000E+00     272
     194.16670   .000E+00   .825E-07   .400E+02   .959E-05   .000E+00   .000E+00   .821E-02   .523E+00   .219E-04   .854E-01   .269E+02   .000E+00     273
     195.00000   .000E+00   .809E-07   .400E+02   .966E-05   .000E+00   .000E+00   .801E-02   .521E+00   .219E-04   .847E-01   .270E+02   .000E+00     274
     195.83330   .000E+00   .793E-07   .400E+02   .973E-05   .000E+00   .000E+00   .780E-02   .518E+00   .220E-04   .841E-01   .271E+02   .000E+00     275
     196.66670   .000E+00   .777E-07   .400E+02   .979E-05   .000E+00   .000E+00   .761E-02   .515E+00   .221E-04   .835E-01   .272E+02   .000E+00     276
     197.50000   .000E+00   .761E-07   .400E+02   .985E-05   .000E+00   .000E+00   .741E-02   .513E+00   .221E-04   .830E-01   .272E+02   .000E+00     277
     198.33330   .000E+00   .746E-07   .400E+02   .992E-05   .000E+00   .000E+00   .723E-02   .511E+00   .222E-04   .824E-01   .273E+02   .000E+00     278
     199.16670   .000E+00   .730E-07   .400E+02   .998E-05   .000E+00   .000E+00   .705E-02   .508E+00   .223E-04   .818E-01   .274E+02   .000E+00     279
     200.00000   .000E+00   .715E-07   .400E+02   .100E-04   .000E+00   .000E+00   .688E-02   .506E+00   .223E-04   .812E-01   .274E+02   .000E+00     280
end
