 ******* Program HYDRUS
 ******* Welcome to HYDRUS-1D                                                   
  
 Date:   1.10.    Time:  14: 5:44
 Units: L = cm   , T = days , M = mmol 

       Time        rTop      rRoot      vTop       vRoot      vBot     sum(rTop) sum(rRoot)  sum(vTop) sum(vRoot)  sum(vBot)    hTop       hRoot      hBot      t-level
        [T]       [L/T]      [L/T]      [L/T]      [L/T]      [L/T]       [L]        [L]        [L]        [L]        [L]        [L]        [L]        [L]

        .10000  -.400E+00   .400E+00  -.400E+00   .400E+00  -.141E-01  -.400E-01   .400E-01  -.400E-01   .400E-01  -.141E-02  -.766E+02  -.100E+03  -.100E+03       1
        .17007  -.400E+00   .400E+00  -.400E+00   .400E+00  -.139E-01  -.680E-01   .680E-01  -.680E-01   .680E-01  -.238E-02  -.704E+02  -.100E+03  -.100E+03       2
        .24014  -.400E+00   .400E+00  -.400E+00   .400E+00  -.138E-01  -.961E-01   .961E-01  -.961E-01   .961E-01  -.335E-02  -.664E+02  -.100E+03  -.100E+03       3
        .31021  -.400E+00   .400E+00  -.400E+00   .400E+00  -.137E-01  -.124E+00   .124E+00  -.124E+00   .124E+00  -.431E-02  -.636E+02  -.100E+03  -.100E+03       4
        .38028  -.400E+00   .400E+00  -.400E+00   .400E+00  -.136E-01  -.152E+00   .152E+00  -.152E+00   .152E+00  -.527E-02  -.613E+02  -.100E+03  -.100E+03       5
        .45035  -.400E+00   .400E+00  -.400E+00   .400E+00  -.135E-01  -.180E+00   .180E+00  -.180E+00   .180E+00  -.621E-02  -.595E+02  -.101E+03  -.100E+03       6
        .52042  -.400E+00   .400E+00  -.400E+00   .400E+00  -.134E-01  -.208E+00   .208E+00  -.208E+00   .208E+00  -.715E-02  -.580E+02  -.101E+03  -.100E+03       7
        .59049  -.400E+00   .400E+00  -.400E+00   .400E+00  -.133E-01  -.236E+00   .236E+00  -.236E+00   .236E+00  -.808E-02  -.566E+02  -.101E+03  -.100E+03       8
        .66056  -.400E+00   .400E+00  -.400E+00   .400E+00  -.131E-01  -.264E+00   .264E+00  -.264E+00   .264E+00  -.900E-02  -.554E+02  -.101E+03  -.100E+03       9
        .73063  -.400E+00   .400E+00  -.400E+00   .400E+00  -.130E-01  -.292E+00   .292E+00  -.292E+00   .292E+00  -.991E-02  -.545E+02  -.101E+03  -.100E+03      10
        .80070  -.400E+00   .400E+00  -.400E+00   .400E+00  -.129E-01  -.320E+00   .320E+00  -.320E+00   .320E+00  -.108E-01  -.536E+02  -.101E+03  -.100E+03      11
        .89170  -.400E+00   .400E+00  -.400E+00   .400E+00  -.127E-01  -.357E+00   .357E+00  -.357E+00   .357E+00  -.120E-01  -.525E+02  -.101E+03  -.100E+03      12
        .98269  -.400E+00   .400E+00  -.400E+00   .400E+00  -.126E-01  -.393E+00   .393E+00  -.393E+00   .393E+00  -.131E-01  -.516E+02  -.101E+03  -.100E+03      13
       1.07368  -.400E+00   .400E+00  -.400E+00   .400E+00  -.124E-01  -.429E+00   .429E+00  -.429E+00   .429E+00  -.143E-01  -.508E+02  -.101E+03  -.100E+03      14
       1.19197  -.400E+00   .400E+00  -.400E+00   .400E+00  -.122E-01  -.477E+00   .477E+00  -.477E+00   .477E+00  -.157E-01  -.498E+02  -.102E+03  -.100E+03      15
       1.31026  -.400E+00   .400E+00  -.400E+00   .400E+00  -.120E-01  -.524E+00   .524E+00  -.524E+00   .524E+00  -.171E-01  -.489E+02  -.102E+03  -.100E+03      16
       1.42855  -.400E+00   .400E+00  -.400E+00   .400E+00  -.118E-01  -.571E+00   .571E+00  -.571E+00   .571E+00  -.185E-01  -.481E+02  -.102E+03  -.100E+03      17
       1.54684  -.400E+00   .400E+00  -.400E+00   .400E+00  -.116E-01  -.619E+00   .619E+00  -.619E+00   .619E+00  -.199E-01  -.474E+02  -.102E+03  -.100E+03      18
       1.66513  -.400E+00   .400E+00  -.400E+00   .400E+00  -.114E-01  -.666E+00   .666E+00  -.666E+00   .666E+00  -.212E-01  -.467E+02  -.102E+03  -.100E+03      19
       1.81920  -.400E+00   .400E+00  -.400E+00   .400E+00  -.112E-01  -.728E+00   .728E+00  -.728E+00   .728E+00  -.230E-01  -.460E+02  -.102E+03  -.100E+03      20
       1.97328  -.400E+00   .400E+00  -.400E+00   .400E+00  -.109E-01  -.789E+00   .789E+00  -.789E+00   .789E+00  -.246E-01  -.453E+02  -.103E+03  -.100E+03      21
       2.12735  -.400E+00   .400E+00  -.400E+00   .400E+00  -.106E-01  -.851E+00   .851E+00  -.851E+00   .851E+00  -.263E-01  -.447E+02  -.103E+03  -.100E+03      22
       2.28143  -.400E+00   .400E+00  -.400E+00   .400E+00  -.104E-01  -.913E+00   .913E+00  -.913E+00   .913E+00  -.279E-01  -.442E+02  -.103E+03  -.100E+03      23
       2.43550  -.400E+00   .400E+00  -.400E+00   .400E+00  -.101E-01  -.974E+00   .974E+00  -.974E+00   .974E+00  -.294E-01  -.437E+02  -.103E+03  -.100E+03      24
       2.63510  -.400E+00   .400E+00  -.400E+00   .400E+00  -.974E-02  -.105E+01   .105E+01  -.105E+01   .105E+01  -.314E-01  -.431E+02  -.104E+03  -.100E+03      25
       2.83469  -.400E+00   .400E+00  -.400E+00   .400E+00  -.940E-02  -.113E+01   .113E+01  -.113E+01   .113E+01  -.333E-01  -.426E+02  -.104E+03  -.100E+03      26
       3.03429  -.400E+00   .400E+00  -.400E+00   .400E+00  -.906E-02  -.121E+01   .121E+01  -.121E+01   .121E+01  -.351E-01  -.421E+02  -.104E+03  -.100E+03      27
       3.23389  -.400E+00   .400E+00  -.400E+00   .400E+00  -.871E-02  -.129E+01   .129E+01  -.129E+01   .129E+01  -.368E-01  -.417E+02  -.104E+03  -.100E+03      28
       3.49183  -.400E+00   .400E+00  -.400E+00   .400E+00  -.827E-02  -.140E+01   .140E+01  -.140E+01   .140E+01  -.389E-01  -.412E+02  -.105E+03  -.100E+03      29
       3.74977  -.400E+00   .400E+00  -.400E+00   .400E+00  -.783E-02  -.150E+01   .150E+01  -.150E+01   .150E+01  -.410E-01  -.407E+02  -.105E+03  -.100E+03      30
       4.00771  -.400E+00   .400E+00  -.400E+00   .400E+00  -.740E-02  -.160E+01   .160E+01  -.160E+01   .160E+01  -.429E-01  -.403E+02  -.106E+03  -.100E+03      31
       4.26565  -.400E+00   .400E+00  -.400E+00   .400E+00  -.696E-02  -.171E+01   .171E+01  -.171E+01   .171E+01  -.447E-01  -.400E+02  -.106E+03  -.100E+03      32
       4.52359  -.400E+00   .400E+00  -.400E+00   .400E+00  -.653E-02  -.181E+01   .181E+01  -.181E+01   .181E+01  -.463E-01  -.396E+02  -.106E+03  -.100E+03      33
       4.86003  -.400E+00   .400E+00  -.400E+00   .400E+00  -.597E-02  -.194E+01   .194E+01  -.194E+01   .194E+01  -.483E-01  -.392E+02  -.107E+03  -.100E+03      34
       5.19648  -.400E+00   .400E+00  -.400E+00   .400E+00  -.542E-02  -.208E+01   .208E+01  -.208E+01   .208E+01  -.502E-01  -.388E+02  -.107E+03  -.100E+03      35
       5.53292  -.400E+00   .400E+00  -.400E+00   .400E+00  -.487E-02  -.221E+01   .221E+01  -.221E+01   .221E+01  -.518E-01  -.385E+02  -.108E+03  -.100E+03      36
       5.86936  -.400E+00   .400E+00  -.400E+00   .400E+00  -.433E-02  -.235E+01   .235E+01  -.235E+01   .235E+01  -.533E-01  -.382E+02  -.108E+03  -.100E+03      37
       6.31095  -.400E+00   .400E+00  -.400E+00   .400E+00  -.364E-02  -.252E+01   .252E+01  -.252E+01   .252E+01  -.549E-01  -.378E+02  -.109E+03  -.100E+03      38
       6.75253  -.400E+00   .400E+00  -.400E+00   .400E+00  -.295E-02  -.270E+01   .270E+01  -.270E+01   .270E+01  -.562E-01  -.375E+02  -.110E+03  -.100E+03      39
       7.19411  -.400E+00   .400E+00  -.400E+00   .400E+00  -.228E-02  -.288E+01   .288E+01  -.288E+01   .288E+01  -.572E-01  -.372E+02  -.110E+03  -.100E+03      40
       7.63569  -.400E+00   .400E+00  -.400E+00   .400E+00  -.162E-02  -.305E+01   .305E+01  -.305E+01   .305E+01  -.579E-01  -.369E+02  -.111E+03  -.100E+03      41
       8.07728  -.400E+00   .400E+00  -.400E+00   .400E+00  -.977E-03  -.323E+01   .323E+01  -.323E+01   .323E+01  -.583E-01  -.367E+02  -.112E+03  -.100E+03      42
       8.51886  -.400E+00   .400E+00  -.400E+00   .400E+00  -.342E-03  -.341E+01   .341E+01  -.341E+01   .341E+01  -.585E-01  -.365E+02  -.112E+03  -.100E+03      43
       8.96044  -.400E+00   .400E+00  -.400E+00   .400E+00   .282E-03  -.358E+01   .358E+01  -.358E+01   .358E+01  -.584E-01  -.363E+02  -.113E+03  -.100E+03      44
       9.40202  -.400E+00   .400E+00  -.400E+00   .400E+00   .897E-03  -.376E+01   .376E+01  -.376E+01   .376E+01  -.580E-01  -.362E+02  -.114E+03  -.100E+03      45
       9.84361  -.400E+00   .400E+00  -.400E+00   .400E+00   .150E-02  -.394E+01   .394E+01  -.394E+01   .394E+01  -.573E-01  -.360E+02  -.114E+03  -.100E+03      46
      10.28519  -.400E+00   .400E+00  -.400E+00   .400E+00   .211E-02  -.411E+01   .411E+01  -.411E+01   .411E+01  -.564E-01  -.359E+02  -.115E+03  -.100E+03      47
      10.85665  -.400E+00   .400E+00  -.400E+00   .400E+00   .287E-02  -.434E+01   .434E+01  -.434E+01   .434E+01  -.547E-01  -.357E+02  -.116E+03  -.100E+03      48
      11.42811  -.400E+00   .400E+00  -.400E+00   .400E+00   .363E-02  -.457E+01   .457E+01  -.457E+01   .457E+01  -.527E-01  -.356E+02  -.116E+03  -.100E+03      49
      11.99957  -.400E+00   .400E+00  -.400E+00   .400E+00   .438E-02  -.480E+01   .480E+01  -.480E+01   .480E+01  -.502E-01  -.354E+02  -.117E+03  -.100E+03      50
      12.57103  -.400E+00   .400E+00  -.400E+00   .400E+00   .512E-02  -.503E+01   .503E+01  -.503E+01   .503E+01  -.472E-01  -.353E+02  -.118E+03  -.100E+03      51
      13.14249  -.400E+00   .400E+00  -.400E+00   .400E+00   .584E-02  -.526E+01   .526E+01  -.526E+01   .526E+01  -.439E-01  -.352E+02  -.119E+03  -.100E+03      52
      13.71395  -.400E+00   .400E+00  -.400E+00   .400E+00   .656E-02  -.549E+01   .549E+01  -.549E+01   .549E+01  -.401E-01  -.351E+02  -.120E+03  -.100E+03      53
      14.28541  -.400E+00   .400E+00  -.400E+00   .400E+00   .725E-02  -.571E+01   .571E+01  -.571E+01   .571E+01  -.360E-01  -.350E+02  -.120E+03  -.100E+03      54
      14.85687  -.400E+00   .400E+00  -.400E+00   .400E+00   .793E-02  -.594E+01   .594E+01  -.594E+01   .594E+01  -.315E-01  -.349E+02  -.121E+03  -.100E+03      55
      15.42833  -.400E+00   .400E+00  -.400E+00   .400E+00   .859E-02  -.617E+01   .617E+01  -.617E+01   .617E+01  -.266E-01  -.348E+02  -.122E+03  -.100E+03      56
      15.99978  -.400E+00   .400E+00  -.400E+00   .400E+00   .922E-02  -.640E+01   .640E+01  -.640E+01   .640E+01  -.213E-01  -.348E+02  -.123E+03  -.100E+03      57
      16.79983  -.400E+00   .400E+00  -.400E+00   .400E+00   .101E-01  -.672E+01   .672E+01  -.672E+01   .672E+01  -.132E-01  -.347E+02  -.124E+03  -.100E+03      58
      17.59987  -.400E+00   .400E+00  -.400E+00   .400E+00   .109E-01  -.704E+01   .704E+01  -.704E+01   .704E+01  -.450E-02  -.346E+02  -.125E+03  -.100E+03      59
      18.39991  -.400E+00   .400E+00  -.400E+00   .400E+00   .117E-01  -.736E+01   .736E+01  -.736E+01   .736E+01   .484E-02  -.345E+02  -.126E+03  -.100E+03      60
      19.19996  -.400E+00   .400E+00  -.400E+00   .400E+00   .124E-01  -.768E+01   .768E+01  -.768E+01   .768E+01   .148E-01  -.345E+02  -.127E+03  -.100E+03      61
      20.00000  -.400E+00   .400E+00  -.400E+00   .400E+00   .132E-01  -.800E+01   .800E+01  -.800E+01   .800E+01   .253E-01  -.344E+02  -.128E+03  -.100E+03      62
      20.74074  -.400E+00   .400E+00  -.400E+00   .400E+00   .138E-01  -.830E+01   .830E+01  -.830E+01   .830E+01   .355E-01  -.344E+02  -.129E+03  -.100E+03      63
      21.48148  -.400E+00   .400E+00  -.400E+00   .400E+00   .144E-01  -.859E+01   .859E+01  -.859E+01   .859E+01   .462E-01  -.343E+02  -.130E+03  -.100E+03      64
      22.22222  -.400E+00   .400E+00  -.400E+00   .400E+00   .150E-01  -.889E+01   .889E+01  -.889E+01   .889E+01   .573E-01  -.343E+02  -.130E+03  -.100E+03      65
      22.96296  -.400E+00   .400E+00  -.400E+00   .400E+00   .155E-01  -.919E+01   .919E+01  -.919E+01   .919E+01   .688E-01  -.342E+02  -.131E+03  -.100E+03      66
      23.70370  -.400E+00   .400E+00  -.400E+00   .400E+00   .161E-01  -.948E+01   .948E+01  -.948E+01   .948E+01   .807E-01  -.342E+02  -.132E+03  -.100E+03      67
      24.44444  -.400E+00   .400E+00  -.400E+00   .400E+00   .166E-01  -.978E+01   .978E+01  -.978E+01   .978E+01   .930E-01  -.342E+02  -.133E+03  -.100E+03      68
      25.18518  -.400E+00   .400E+00  -.400E+00   .400E+00   .171E-01  -.101E+02   .101E+02  -.101E+02   .101E+02   .106E+00  -.341E+02  -.134E+03  -.100E+03      69
      25.92593  -.400E+00   .400E+00  -.400E+00   .400E+00   .176E-01  -.104E+02   .104E+02  -.104E+02   .104E+02   .119E+00  -.341E+02  -.135E+03  -.100E+03      70
      26.66667  -.400E+00   .400E+00  -.400E+00   .400E+00   .180E-01  -.107E+02   .107E+02  -.107E+02   .107E+02   .132E+00  -.341E+02  -.135E+03  -.100E+03      71
      27.40741  -.400E+00   .400E+00  -.400E+00   .400E+00   .185E-01  -.110E+02   .110E+02  -.110E+02   .110E+02   .146E+00  -.340E+02  -.136E+03  -.100E+03      72
      28.14815  -.400E+00   .400E+00  -.400E+00   .400E+00   .189E-01  -.113E+02   .113E+02  -.113E+02   .113E+02   .160E+00  -.340E+02  -.137E+03  -.100E+03      73
      28.98944  -.400E+00   .400E+00  -.400E+00   .400E+00   .193E-01  -.116E+02   .116E+02  -.116E+02   .116E+02   .176E+00  -.340E+02  -.138E+03  -.100E+03      74
      29.83090  -.400E+00   .400E+00  -.400E+00   .400E+00   .198E-01  -.119E+02   .119E+02  -.119E+02   .119E+02   .193E+00  -.340E+02  -.138E+03  -.100E+03      75
      30.67249  -.400E+00   .400E+00  -.400E+00   .400E+00   .202E-01  -.123E+02   .123E+02  -.123E+02   .123E+02   .210E+00  -.340E+02  -.139E+03  -.100E+03      76
      31.51423  -.400E+00   .400E+00  -.400E+00   .400E+00   .206E-01  -.126E+02   .126E+02  -.126E+02   .126E+02   .227E+00  -.339E+02  -.140E+03  -.100E+03      77
      32.35609  -.400E+00   .400E+00  -.400E+00   .400E+00   .209E-01  -.129E+02   .129E+02  -.129E+02   .129E+02   .244E+00  -.339E+02  -.140E+03  -.100E+03      78
      33.19808  -.400E+00   .400E+00  -.400E+00   .400E+00   .213E-01  -.133E+02   .133E+02  -.133E+02   .133E+02   .262E+00  -.339E+02  -.141E+03  -.100E+03      79
      34.04017  -.400E+00   .400E+00  -.400E+00   .400E+00   .217E-01  -.136E+02   .136E+02  -.136E+02   .136E+02   .281E+00  -.339E+02  -.142E+03  -.100E+03      80
      34.88236  -.400E+00   .400E+00  -.400E+00   .400E+00   .220E-01  -.140E+02   .140E+02  -.140E+02   .140E+02   .299E+00  -.339E+02  -.142E+03  -.100E+03      81
      35.72465  -.400E+00   .400E+00  -.400E+00   .400E+00   .223E-01  -.143E+02   .143E+02  -.143E+02   .143E+02   .318E+00  -.338E+02  -.143E+03  -.100E+03      82
      36.56702  -.400E+00   .400E+00  -.400E+00   .400E+00   .226E-01  -.146E+02   .146E+02  -.146E+02   .146E+02   .337E+00  -.338E+02  -.143E+03  -.100E+03      83
      37.40948  -.400E+00   .400E+00  -.400E+00   .400E+00   .229E-01  -.150E+02   .150E+02  -.150E+02   .150E+02   .356E+00  -.338E+02  -.144E+03  -.100E+03      84
      38.25203  -.400E+00   .400E+00  -.400E+00   .400E+00   .232E-01  -.153E+02   .153E+02  -.153E+02   .153E+02   .376E+00  -.338E+02  -.144E+03  -.100E+03      85
      39.09465  -.400E+00   .400E+00  -.400E+00   .400E+00   .235E-01  -.156E+02   .156E+02  -.156E+02   .156E+02   .396E+00  -.338E+02  -.144E+03  -.100E+03      86
      39.54733  -.400E+00   .400E+00  -.400E+00   .400E+00   .236E-01  -.158E+02   .158E+02  -.158E+02   .158E+02   .406E+00  -.338E+02  -.144E+03  -.100E+03      87
      40.00000  -.400E+00   .400E+00  -.400E+00   .400E+00   .237E-01  -.160E+02   .160E+02  -.160E+02   .160E+02   .417E+00  -.338E+02  -.145E+03  -.100E+03      88
      40.83333  -.400E+00   .400E+00  -.400E+00   .400E+00   .240E-01  -.163E+02   .163E+02  -.163E+02   .163E+02   .437E+00  -.338E+02  -.145E+03  -.100E+03      89
      41.66666  -.400E+00   .400E+00  -.400E+00   .400E+00   .242E-01  -.167E+02   .167E+02  -.167E+02   .167E+02   .457E+00  -.338E+02  -.145E+03  -.100E+03      90
      42.50000  -.400E+00   .400E+00  -.400E+00   .400E+00   .244E-01  -.170E+02   .170E+02  -.170E+02   .170E+02   .478E+00  -.338E+02  -.145E+03  -.100E+03      91
      43.33333  -.400E+00   .400E+00  -.400E+00   .400E+00   .246E-01  -.173E+02   .173E+02  -.173E+02   .173E+02   .498E+00  -.337E+02  -.145E+03  -.100E+03      92
      44.16666  -.400E+00   .400E+00  -.400E+00   .400E+00   .248E-01  -.177E+02   .177E+02  -.177E+02   .177E+02   .519E+00  -.337E+02  -.145E+03  -.100E+03      93
      44.99999  -.400E+00   .400E+00  -.400E+00   .400E+00   .250E-01  -.180E+02   .180E+02  -.180E+02   .180E+02   .540E+00  -.337E+02  -.145E+03  -.100E+03      94
      45.83332  -.400E+00   .400E+00  -.400E+00   .400E+00   .252E-01  -.183E+02   .183E+02  -.183E+02   .183E+02   .561E+00  -.337E+02  -.145E+03  -.100E+03      95
      46.66666  -.400E+00   .400E+00  -.400E+00   .400E+00   .254E-01  -.187E+02   .187E+02  -.187E+02   .187E+02   .582E+00  -.337E+02  -.145E+03  -.100E+03      96
      47.49999  -.400E+00   .400E+00  -.400E+00   .400E+00   .255E-01  -.190E+02   .190E+02  -.190E+02   .190E+02   .603E+00  -.337E+02  -.145E+03  -.100E+03      97
      48.33332  -.400E+00   .400E+00  -.400E+00   .400E+00   .257E-01  -.193E+02   .193E+02  -.193E+02   .193E+02   .624E+00  -.337E+02  -.145E+03  -.100E+03      98
      49.16666  -.400E+00   .400E+00  -.400E+00   .400E+00   .259E-01  -.197E+02   .197E+02  -.197E+02   .197E+02   .646E+00  -.337E+02  -.144E+03  -.100E+03      99
      49.99999  -.400E+00   .400E+00  -.400E+00   .400E+00   .260E-01  -.200E+02   .200E+02  -.200E+02   .200E+02   .668E+00  -.337E+02  -.144E+03  -.100E+03     100
      50.83333  -.400E+00   .400E+00  -.400E+00   .400E+00   .261E-01  -.203E+02   .203E+02  -.203E+02   .203E+02   .689E+00  -.337E+02  -.144E+03  -.100E+03     101
      51.66666  -.400E+00   .400E+00  -.400E+00   .400E+00   .263E-01  -.207E+02   .207E+02  -.207E+02   .207E+02   .711E+00  -.337E+02  -.143E+03  -.100E+03     102
      52.49999  -.400E+00   .400E+00  -.400E+00   .400E+00   .264E-01  -.210E+02   .210E+02  -.210E+02   .210E+02   .733E+00  -.337E+02  -.143E+03  -.100E+03     103
      53.33333  -.400E+00   .400E+00  -.400E+00   .400E+00   .265E-01  -.213E+02   .213E+02  -.213E+02   .213E+02   .755E+00  -.337E+02  -.142E+03  -.100E+03     104
      54.16666  -.400E+00   .400E+00  -.400E+00   .400E+00   .266E-01  -.217E+02   .217E+02  -.217E+02   .217E+02   .778E+00  -.337E+02  -.142E+03  -.100E+03     105
      55.00000  -.400E+00   .400E+00  -.400E+00   .400E+00   .268E-01  -.220E+02   .220E+02  -.220E+02   .220E+02   .800E+00  -.337E+02  -.141E+03  -.100E+03     106
      55.83333  -.400E+00   .400E+00  -.400E+00   .400E+00   .269E-01  -.223E+02   .223E+02  -.223E+02   .223E+02   .822E+00  -.337E+02  -.140E+03  -.100E+03     107
      56.66666  -.400E+00   .400E+00  -.400E+00   .400E+00   .270E-01  -.227E+02   .227E+02  -.227E+02   .227E+02   .845E+00  -.337E+02  -.139E+03  -.100E+03     108
      57.50000  -.400E+00   .400E+00  -.400E+00   .400E+00   .271E-01  -.230E+02   .230E+02  -.230E+02   .230E+02   .867E+00  -.337E+02  -.139E+03  -.100E+03     109
      58.33333  -.400E+00   .400E+00  -.400E+00   .400E+00   .272E-01  -.233E+02   .233E+02  -.233E+02   .233E+02   .890E+00  -.336E+02  -.138E+03  -.100E+03     110
      59.16666  -.400E+00   .400E+00  -.400E+00   .400E+00   .273E-01  -.237E+02   .237E+02  -.237E+02   .237E+02   .913E+00  -.336E+02  -.137E+03  -.100E+03     111
      60.00000  -.400E+00   .400E+00  -.400E+00   .400E+00   .274E-01  -.240E+02   .240E+02  -.240E+02   .240E+02   .936E+00  -.336E+02  -.136E+03  -.100E+03     112
      60.83333  -.400E+00   .400E+00  -.400E+00   .400E+00   .275E-01  -.243E+02   .243E+02  -.243E+02   .243E+02   .959E+00  -.336E+02  -.135E+03  -.100E+03     113
      61.66666  -.400E+00   .400E+00  -.400E+00   .400E+00   .276E-01  -.247E+02   .247E+02  -.247E+02   .247E+02   .982E+00  -.336E+02  -.134E+03  -.100E+03     114
      62.50000  -.400E+00   .400E+00  -.400E+00   .400E+00   .277E-01  -.250E+02   .250E+02  -.250E+02   .250E+02   .100E+01  -.336E+02  -.133E+03  -.100E+03     115
      63.33333  -.400E+00   .400E+00  -.400E+00   .400E+00   .277E-01  -.253E+02   .253E+02  -.253E+02   .253E+02   .103E+01  -.336E+02  -.132E+03  -.100E+03     116
      64.16666  -.400E+00   .400E+00  -.400E+00   .400E+00   .278E-01  -.257E+02   .257E+02  -.257E+02   .257E+02   .105E+01  -.336E+02  -.131E+03  -.100E+03     117
      65.00000  -.400E+00   .400E+00  -.400E+00   .400E+00   .279E-01  -.260E+02   .260E+02  -.260E+02   .260E+02   .107E+01  -.336E+02  -.130E+03  -.100E+03     118
      65.83334  -.400E+00   .400E+00  -.400E+00   .400E+00   .279E-01  -.263E+02   .263E+02  -.263E+02   .263E+02   .110E+01  -.336E+02  -.129E+03  -.100E+03     119
      66.66667  -.400E+00   .400E+00  -.400E+00   .400E+00   .280E-01  -.267E+02   .267E+02  -.267E+02   .267E+02   .112E+01  -.336E+02  -.128E+03  -.100E+03     120
      67.50001  -.400E+00   .400E+00  -.400E+00   .400E+00   .281E-01  -.270E+02   .270E+02  -.270E+02   .270E+02   .114E+01  -.336E+02  -.127E+03  -.100E+03     121
      68.33334  -.400E+00   .400E+00  -.400E+00   .400E+00   .281E-01  -.273E+02   .273E+02  -.273E+02   .273E+02   .117E+01  -.336E+02  -.126E+03  -.100E+03     122
      69.16668  -.400E+00   .400E+00  -.400E+00   .400E+00   .282E-01  -.277E+02   .277E+02  -.277E+02   .277E+02   .119E+01  -.336E+02  -.125E+03  -.100E+03     123
      70.00002  -.400E+00   .400E+00  -.400E+00   .400E+00   .282E-01  -.280E+02   .280E+02  -.280E+02   .280E+02   .121E+01  -.336E+02  -.124E+03  -.100E+03     124
      70.83334  -.400E+00   .400E+00  -.400E+00   .400E+00   .283E-01  -.283E+02   .283E+02  -.283E+02   .283E+02   .124E+01  -.336E+02  -.123E+03  -.100E+03     125
      71.66668  -.400E+00   .400E+00  -.400E+00   .400E+00   .283E-01  -.287E+02   .287E+02  -.287E+02   .287E+02   .126E+01  -.336E+02  -.122E+03  -.100E+03     126
      72.50002  -.400E+00   .400E+00  -.400E+00   .400E+00   .284E-01  -.290E+02   .290E+02  -.290E+02   .290E+02   .129E+01  -.336E+02  -.121E+03  -.100E+03     127
      73.33334  -.400E+00   .400E+00  -.400E+00   .400E+00   .284E-01  -.293E+02   .293E+02  -.293E+02   .293E+02   .131E+01  -.336E+02  -.120E+03  -.100E+03     128
      74.16667  -.400E+00   .400E+00  -.400E+00   .400E+00   .285E-01  -.297E+02   .297E+02  -.297E+02   .297E+02   .133E+01  -.336E+02  -.119E+03  -.100E+03     129
      75.00001  -.400E+00   .400E+00  -.400E+00   .400E+00   .285E-01  -.300E+02   .300E+02  -.300E+02   .300E+02   .136E+01  -.336E+02  -.118E+03  -.100E+03     130
      75.83334  -.400E+00   .400E+00  -.400E+00   .400E+00   .285E-01  -.303E+02   .303E+02  -.303E+02   .303E+02   .138E+01  -.336E+02  -.117E+03  -.100E+03     131
      76.66667  -.400E+00   .400E+00  -.400E+00   .400E+00   .285E-01  -.307E+02   .307E+02  -.307E+02   .307E+02   .140E+01  -.336E+02  -.116E+03  -.100E+03     132
      77.50000  -.400E+00   .400E+00  -.400E+00   .400E+00   .286E-01  -.310E+02   .310E+02  -.310E+02   .310E+02   .143E+01  -.336E+02  -.115E+03  -.100E+03     133
      78.33334  -.400E+00   .400E+00  -.400E+00   .400E+00   .286E-01  -.313E+02   .313E+02  -.313E+02   .313E+02   .145E+01  -.336E+02  -.114E+03  -.100E+03     134
      79.16667  -.400E+00   .400E+00  -.400E+00   .400E+00   .286E-01  -.317E+02   .317E+02  -.317E+02   .317E+02   .148E+01  -.336E+02  -.114E+03  -.100E+03     135
      80.00000  -.400E+00   .400E+00  -.400E+00   .400E+00   .286E-01  -.320E+02   .320E+02  -.320E+02   .320E+02   .150E+01  -.336E+02  -.113E+03  -.100E+03     136
      80.83334  -.400E+00   .400E+00  -.400E+00   .400E+00   .286E-01  -.323E+02   .323E+02  -.323E+02   .323E+02   .152E+01  -.336E+02  -.112E+03  -.100E+03     137
      81.66667  -.400E+00   .400E+00  -.400E+00   .400E+00   .286E-01  -.327E+02   .327E+02  -.327E+02   .327E+02   .155E+01  -.336E+02  -.111E+03  -.100E+03     138
      82.50001  -.400E+00   .400E+00  -.400E+00   .400E+00   .286E-01  -.330E+02   .330E+02  -.330E+02   .330E+02   .157E+01  -.336E+02  -.110E+03  -.100E+03     139
      83.33334  -.400E+00   .400E+00  -.400E+00   .400E+00   .286E-01  -.333E+02   .333E+02  -.333E+02   .333E+02   .159E+01  -.336E+02  -.109E+03  -.100E+03     140
      84.16668  -.400E+00   .400E+00  -.400E+00   .400E+00   .286E-01  -.337E+02   .337E+02  -.337E+02   .337E+02   .162E+01  -.336E+02  -.108E+03  -.100E+03     141
      85.00002  -.400E+00   .400E+00  -.400E+00   .400E+00   .286E-01  -.340E+02   .340E+02  -.340E+02   .340E+02   .164E+01  -.336E+02  -.108E+03  -.100E+03     142
      85.83335  -.400E+00   .400E+00  -.400E+00   .400E+00   .285E-01  -.343E+02   .343E+02  -.343E+02   .343E+02   .167E+01  -.336E+02  -.107E+03  -.100E+03     143
      86.66669  -.400E+00   .400E+00  -.400E+00   .400E+00   .285E-01  -.347E+02   .347E+02  -.347E+02   .347E+02   .169E+01  -.336E+02  -.106E+03  -.100E+03     144
      87.50002  -.400E+00   .400E+00  -.400E+00   .400E+00   .285E-01  -.350E+02   .350E+02  -.350E+02   .350E+02   .171E+01  -.336E+02  -.105E+03  -.100E+03     145
      88.33335  -.400E+00   .400E+00  -.400E+00   .400E+00   .284E-01  -.353E+02   .353E+02  -.353E+02   .353E+02   .174E+01  -.336E+02  -.105E+03  -.100E+03     146
      89.16669  -.400E+00   .400E+00  -.400E+00   .400E+00   .284E-01  -.357E+02   .357E+02  -.357E+02   .357E+02   .176E+01  -.336E+02  -.104E+03  -.100E+03     147
      90.00002  -.400E+00   .400E+00  -.400E+00   .400E+00   .283E-01  -.360E+02   .360E+02  -.360E+02   .360E+02   .178E+01  -.336E+02  -.103E+03  -.100E+03     148
      90.83334  -.400E+00   .400E+00  -.400E+00   .400E+00   .282E-01  -.363E+02   .363E+02  -.363E+02   .363E+02   .181E+01  -.336E+02  -.102E+03  -.100E+03     149
      91.66668  -.400E+00   .400E+00  -.400E+00   .400E+00   .281E-01  -.367E+02   .367E+02  -.367E+02   .367E+02   .183E+01  -.336E+02  -.102E+03  -.100E+03     150
      92.50002  -.400E+00   .400E+00  -.400E+00   .400E+00   .281E-01  -.370E+02   .370E+02  -.370E+02   .370E+02   .185E+01  -.336E+02  -.101E+03  -.100E+03     151
      93.33334  -.400E+00   .400E+00  -.400E+00   .400E+00   .280E-01  -.373E+02   .373E+02  -.373E+02   .373E+02   .188E+01  -.336E+02  -.100E+03  -.100E+03     152
      94.16667  -.400E+00   .400E+00  -.400E+00   .400E+00   .279E-01  -.377E+02   .377E+02  -.377E+02   .377E+02   .190E+01  -.336E+02  -.998E+02  -.100E+03     153
      95.00001  -.400E+00   .400E+00  -.400E+00   .400E+00   .277E-01  -.380E+02   .380E+02  -.380E+02   .380E+02   .192E+01  -.336E+02  -.992E+02  -.100E+03     154
      95.83334  -.400E+00   .400E+00  -.400E+00   .400E+00   .276E-01  -.383E+02   .383E+02  -.383E+02   .383E+02   .195E+01  -.336E+02  -.986E+02  -.100E+03     155
      96.66667  -.400E+00   .400E+00  -.400E+00   .400E+00   .275E-01  -.387E+02   .387E+02  -.387E+02   .387E+02   .197E+01  -.336E+02  -.980E+02  -.100E+03     156
      97.50000  -.400E+00   .400E+00  -.400E+00   .400E+00   .273E-01  -.390E+02   .390E+02  -.390E+02   .390E+02   .199E+01  -.336E+02  -.974E+02  -.100E+03     157
      98.33334  -.400E+00   .400E+00  -.400E+00   .400E+00   .272E-01  -.393E+02   .393E+02  -.393E+02   .393E+02   .202E+01  -.336E+02  -.969E+02  -.100E+03     158
      99.16667  -.400E+00   .400E+00  -.400E+00   .400E+00   .270E-01  -.397E+02   .397E+02  -.397E+02   .397E+02   .204E+01  -.336E+02  -.963E+02  -.100E+03     159
     100.00000  -.400E+00   .400E+00  -.400E+00   .400E+00   .269E-01  -.400E+02   .400E+02  -.400E+02   .400E+02   .206E+01  -.336E+02  -.957E+02  -.100E+03     160
     100.83330  -.400E+00   .400E+00  -.400E+00   .400E+00   .267E-01  -.403E+02   .403E+02  -.403E+02   .403E+02   .208E+01  -.336E+02  -.952E+02  -.100E+03     161
     101.66670  -.400E+00   .400E+00  -.400E+00   .400E+00   .265E-01  -.407E+02   .407E+02  -.407E+02   .407E+02   .211E+01  -.336E+02  -.947E+02  -.100E+03     162
     102.50000  -.400E+00   .400E+00  -.400E+00   .400E+00   .264E-01  -.410E+02   .410E+02  -.410E+02   .410E+02   .213E+01  -.336E+02  -.941E+02  -.100E+03     163
     103.33330  -.400E+00   .400E+00  -.400E+00   .400E+00   .262E-01  -.413E+02   .413E+02  -.413E+02   .413E+02   .215E+01  -.336E+02  -.936E+02  -.100E+03     164
     104.16670  -.400E+00   .400E+00  -.400E+00   .400E+00   .260E-01  -.417E+02   .417E+02  -.417E+02   .417E+02   .217E+01  -.336E+02  -.931E+02  -.100E+03     165
     105.00000  -.400E+00   .400E+00  -.400E+00   .400E+00   .258E-01  -.420E+02   .420E+02  -.420E+02   .420E+02   .219E+01  -.336E+02  -.927E+02  -.100E+03     166
     105.83340  -.400E+00   .400E+00  -.400E+00   .400E+00   .256E-01  -.423E+02   .423E+02  -.423E+02   .423E+02   .221E+01  -.335E+02  -.922E+02  -.100E+03     167
     106.66670  -.400E+00   .400E+00  -.400E+00   .400E+00   .253E-01  -.427E+02   .427E+02  -.427E+02   .427E+02   .223E+01  -.335E+02  -.918E+02  -.100E+03     168
     107.50000  -.400E+00   .400E+00  -.400E+00   .400E+00   .251E-01  -.430E+02   .430E+02  -.430E+02   .430E+02   .226E+01  -.335E+02  -.913E+02  -.100E+03     169
     108.33340  -.400E+00   .400E+00  -.400E+00   .400E+00   .249E-01  -.433E+02   .433E+02  -.433E+02   .433E+02   .228E+01  -.335E+02  -.909E+02  -.100E+03     170
     109.16670  -.400E+00   .400E+00  -.400E+00   .400E+00   .247E-01  -.437E+02   .437E+02  -.437E+02   .437E+02   .230E+01  -.335E+02  -.905E+02  -.100E+03     171
     110.00000  -.400E+00   .400E+00  -.400E+00   .400E+00   .244E-01  -.440E+02   .440E+02  -.440E+02   .440E+02   .232E+01  -.335E+02  -.901E+02  -.100E+03     172
     110.83330  -.400E+00   .400E+00  -.400E+00   .400E+00   .242E-01  -.443E+02   .443E+02  -.443E+02   .443E+02   .234E+01  -.335E+02  -.897E+02  -.100E+03     173
     111.66670  -.400E+00   .400E+00  -.400E+00   .400E+00   .239E-01  -.447E+02   .447E+02  -.447E+02   .447E+02   .236E+01  -.335E+02  -.893E+02  -.100E+03     174
     112.50000  -.400E+00   .400E+00  -.400E+00   .400E+00   .237E-01  -.450E+02   .450E+02  -.450E+02   .450E+02   .238E+01  -.335E+02  -.889E+02  -.100E+03     175
     113.33330  -.400E+00   .400E+00  -.400E+00   .400E+00   .234E-01  -.453E+02   .453E+02  -.453E+02   .453E+02   .240E+01  -.335E+02  -.885E+02  -.100E+03     176
     114.16670  -.400E+00   .400E+00  -.400E+00   .400E+00   .231E-01  -.457E+02   .457E+02  -.457E+02   .457E+02   .242E+01  -.335E+02  -.881E+02  -.100E+03     177
     115.00000  -.400E+00   .400E+00  -.400E+00   .400E+00   .228E-01  -.460E+02   .460E+02  -.460E+02   .460E+02   .243E+01  -.335E+02  -.877E+02  -.100E+03     178
     115.83330  -.400E+00   .400E+00  -.400E+00   .400E+00   .226E-01  -.463E+02   .463E+02  -.463E+02   .463E+02   .245E+01  -.335E+02  -.874E+02  -.100E+03     179
     116.66670  -.400E+00   .400E+00  -.400E+00   .400E+00   .223E-01  -.467E+02   .467E+02  -.467E+02   .467E+02   .247E+01  -.335E+02  -.870E+02  -.100E+03     180
     117.50000  -.400E+00   .400E+00  -.400E+00   .400E+00   .220E-01  -.470E+02   .470E+02  -.470E+02   .470E+02   .249E+01  -.335E+02  -.867E+02  -.100E+03     181
     118.33330  -.400E+00   .400E+00  -.400E+00   .400E+00   .217E-01  -.473E+02   .473E+02  -.473E+02   .473E+02   .251E+01  -.335E+02  -.863E+02  -.100E+03     182
     119.16670  -.400E+00   .400E+00  -.400E+00   .400E+00   .214E-01  -.477E+02   .477E+02  -.477E+02   .477E+02   .253E+01  -.335E+02  -.860E+02  -.100E+03     183
     120.00000  -.400E+00   .400E+00  -.400E+00   .400E+00   .211E-01  -.480E+02   .480E+02  -.480E+02   .480E+02   .254E+01  -.335E+02  -.857E+02  -.100E+03     184
     120.83330  -.400E+00   .400E+00  -.400E+00   .400E+00   .208E-01  -.483E+02   .483E+02  -.483E+02   .483E+02   .256E+01  -.335E+02  -.853E+02  -.100E+03     185
     121.66670  -.400E+00   .400E+00  -.400E+00   .400E+00   .206E-01  -.487E+02   .487E+02  -.487E+02   .487E+02   .258E+01  -.335E+02  -.850E+02  -.100E+03     186
     122.50000  -.400E+00   .400E+00  -.400E+00   .400E+00   .203E-01  -.490E+02   .490E+02  -.490E+02   .490E+02   .260E+01  -.335E+02  -.847E+02  -.100E+03     187
     123.33330  -.400E+00   .400E+00  -.400E+00   .400E+00   .200E-01  -.493E+02   .493E+02  -.493E+02   .493E+02   .261E+01  -.335E+02  -.845E+02  -.100E+03     188
     124.16670  -.400E+00   .400E+00  -.400E+00   .400E+00   .197E-01  -.497E+02   .497E+02  -.497E+02   .497E+02   .263E+01  -.335E+02  -.842E+02  -.100E+03     189
     125.00000  -.400E+00   .400E+00  -.400E+00   .400E+00   .194E-01  -.500E+02   .500E+02  -.500E+02   .500E+02   .264E+01  -.335E+02  -.839E+02  -.100E+03     190
     125.83340  -.400E+00   .400E+00  -.400E+00   .400E+00   .191E-01  -.503E+02   .503E+02  -.503E+02   .503E+02   .266E+01  -.335E+02  -.837E+02  -.100E+03     191
     126.66670  -.400E+00   .400E+00  -.400E+00   .400E+00   .188E-01  -.507E+02   .507E+02  -.507E+02   .507E+02   .268E+01  -.335E+02  -.834E+02  -.100E+03     192
     127.50000  -.400E+00   .400E+00  -.400E+00   .400E+00   .186E-01  -.510E+02   .510E+02  -.510E+02   .510E+02   .269E+01  -.335E+02  -.832E+02  -.100E+03     193
     128.33330  -.400E+00   .400E+00  -.400E+00   .400E+00   .183E-01  -.513E+02   .513E+02  -.513E+02   .513E+02   .271E+01  -.335E+02  -.829E+02  -.100E+03     194
     129.16670  -.400E+00   .400E+00  -.400E+00   .400E+00   .180E-01  -.517E+02   .517E+02  -.517E+02   .517E+02   .272E+01  -.335E+02  -.827E+02  -.100E+03     195
     130.00000  -.400E+00   .400E+00  -.400E+00   .400E+00   .177E-01  -.520E+02   .520E+02  -.520E+02   .520E+02   .274E+01  -.335E+02  -.825E+02  -.100E+03     196
     130.83330  -.400E+00   .400E+00  -.400E+00   .400E+00   .174E-01  -.523E+02   .523E+02  -.523E+02   .523E+02   .275E+01  -.335E+02  -.822E+02  -.100E+03     197
     131.66670  -.400E+00   .400E+00  -.400E+00   .400E+00   .172E-01  -.527E+02   .527E+02  -.527E+02   .527E+02   .277E+01  -.335E+02  -.820E+02  -.100E+03     198
     132.50000  -.400E+00   .400E+00  -.400E+00   .400E+00   .169E-01  -.530E+02   .530E+02  -.530E+02   .530E+02   .278E+01  -.335E+02  -.818E+02  -.100E+03     199
     133.33330  -.400E+00   .400E+00  -.400E+00   .400E+00   .166E-01  -.533E+02   .533E+02  -.533E+02   .533E+02   .279E+01  -.335E+02  -.816E+02  -.100E+03     200
     134.16670  -.400E+00   .400E+00  -.400E+00   .400E+00   .163E-01  -.537E+02   .537E+02  -.537E+02   .537E+02   .281E+01  -.335E+02  -.814E+02  -.100E+03     201
     135.00000  -.400E+00   .400E+00  -.400E+00   .400E+00   .161E-01  -.540E+02   .540E+02  -.540E+02   .540E+02   .282E+01  -.335E+02  -.811E+02  -.100E+03     202
     135.83330  -.400E+00   .400E+00  -.400E+00   .400E+00   .158E-01  -.543E+02   .543E+02  -.543E+02   .543E+02   .283E+01  -.335E+02  -.809E+02  -.100E+03     203
     136.66670  -.400E+00   .400E+00  -.400E+00   .400E+00   .155E-01  -.547E+02   .547E+02  -.547E+02   .547E+02   .285E+01  -.335E+02  -.807E+02  -.100E+03     204
     137.50000  -.400E+00   .400E+00  -.400E+00   .400E+00   .152E-01  -.550E+02   .550E+02  -.550E+02   .550E+02   .286E+01  -.335E+02  -.805E+02  -.100E+03     205
     138.33330  -.400E+00   .400E+00  -.400E+00   .400E+00   .149E-01  -.553E+02   .553E+02  -.553E+02   .553E+02   .287E+01  -.335E+02  -.804E+02  -.100E+03     206
     139.16670  -.400E+00   .400E+00  -.400E+00   .400E+00   .147E-01  -.557E+02   .557E+02  -.557E+02   .557E+02   .288E+01  -.335E+02  -.802E+02  -.100E+03     207
     140.00000  -.400E+00   .400E+00  -.400E+00   .400E+00   .144E-01  -.560E+02   .560E+02  -.560E+02   .560E+02   .290E+01  -.335E+02  -.800E+02  -.100E+03     208
     140.83330  -.400E+00   .400E+00  -.400E+00   .400E+00   .142E-01  -.563E+02   .563E+02  -.563E+02   .563E+02   .291E+01  -.335E+02  -.798E+02  -.100E+03     209
     141.66670  -.400E+00   .400E+00  -.400E+00   .400E+00   .139E-01  -.567E+02   .567E+02  -.567E+02   .567E+02   .292E+01  -.335E+02  -.796E+02  -.100E+03     210
     142.50000  -.400E+00   .400E+00  -.400E+00   .400E+00   .136E-01  -.570E+02   .570E+02  -.570E+02   .570E+02   .293E+01  -.335E+02  -.795E+02  -.100E+03     211
     143.33330  -.400E+00   .400E+00  -.400E+00   .400E+00   .134E-01  -.573E+02   .573E+02  -.573E+02   .573E+02   .294E+01  -.335E+02  -.793E+02  -.100E+03     212
     144.16660  -.400E+00   .400E+00  -.400E+00   .400E+00   .131E-01  -.577E+02   .577E+02  -.577E+02   .577E+02   .295E+01  -.335E+02  -.791E+02  -.100E+03     213
     145.00000  -.400E+00   .400E+00  -.400E+00   .400E+00   .129E-01  -.580E+02   .580E+02  -.580E+02   .580E+02   .296E+01  -.335E+02  -.790E+02  -.100E+03     214
     145.83330  -.400E+00   .400E+00  -.400E+00   .400E+00   .126E-01  -.583E+02   .583E+02  -.583E+02   .583E+02   .297E+01  -.335E+02  -.788E+02  -.100E+03     215
     146.66660  -.400E+00   .400E+00  -.400E+00   .400E+00   .124E-01  -.587E+02   .587E+02  -.587E+02   .587E+02   .298E+01  -.335E+02  -.787E+02  -.100E+03     216
     147.50000  -.400E+00   .400E+00  -.400E+00   .400E+00   .122E-01  -.590E+02   .590E+02  -.590E+02   .590E+02   .299E+01  -.335E+02  -.785E+02  -.100E+03     217
     148.33330  -.400E+00   .400E+00  -.400E+00   .400E+00   .119E-01  -.593E+02   .593E+02  -.593E+02   .593E+02   .300E+01  -.335E+02  -.784E+02  -.100E+03     218
     149.16660  -.400E+00   .400E+00  -.400E+00   .400E+00   .117E-01  -.597E+02   .597E+02  -.597E+02   .597E+02   .301E+01  -.335E+02  -.782E+02  -.100E+03     219
     150.00000  -.400E+00   .400E+00  -.400E+00   .400E+00   .115E-01  -.600E+02   .600E+02  -.600E+02   .600E+02   .302E+01  -.335E+02  -.781E+02  -.100E+03     220
     150.83330  -.400E+00   .400E+00  -.400E+00   .400E+00   .112E-01  -.603E+02   .603E+02  -.603E+02   .603E+02   .303E+01  -.335E+02  -.780E+02  -.100E+03     221
     151.66660  -.400E+00   .400E+00  -.400E+00   .400E+00   .110E-01  -.607E+02   .607E+02  -.607E+02   .607E+02   .304E+01  -.335E+02  -.778E+02  -.100E+03     222
     152.50000  -.400E+00   .400E+00  -.400E+00   .400E+00   .108E-01  -.610E+02   .610E+02  -.610E+02   .610E+02   .305E+01  -.335E+02  -.777E+02  -.100E+03     223
     153.33330  -.400E+00   .400E+00  -.400E+00   .400E+00   .106E-01  -.613E+02   .613E+02  -.613E+02   .613E+02   .306E+01  -.335E+02  -.776E+02  -.100E+03     224
     154.16670  -.400E+00   .400E+00  -.400E+00   .400E+00   .104E-01  -.617E+02   .617E+02  -.617E+02   .617E+02   .307E+01  -.335E+02  -.775E+02  -.100E+03     225
     155.00000  -.400E+00   .400E+00  -.400E+00   .400E+00   .102E-01  -.620E+02   .620E+02  -.620E+02   .620E+02   .308E+01  -.335E+02  -.773E+02  -.100E+03     226
     155.83330  -.400E+00   .400E+00  -.400E+00   .400E+00   .999E-02  -.623E+02   .623E+02  -.623E+02   .623E+02   .309E+01  -.335E+02  -.772E+02  -.100E+03     227
     156.66670  -.400E+00   .400E+00  -.400E+00   .400E+00   .979E-02  -.627E+02   .627E+02  -.627E+02   .627E+02   .309E+01  -.335E+02  -.771E+02  -.100E+03     228
     157.50000  -.400E+00   .400E+00  -.400E+00   .400E+00   .960E-02  -.630E+02   .630E+02  -.630E+02   .630E+02   .310E+01  -.335E+02  -.770E+02  -.100E+03     229
     158.33330  -.400E+00   .400E+00  -.400E+00   .400E+00   .941E-02  -.633E+02   .633E+02  -.633E+02   .633E+02   .311E+01  -.335E+02  -.769E+02  -.100E+03     230
     159.16670  -.400E+00   .400E+00  -.400E+00   .400E+00   .922E-02  -.637E+02   .637E+02  -.637E+02   .637E+02   .312E+01  -.335E+02  -.768E+02  -.100E+03     231
     160.00000  -.400E+00   .400E+00  -.400E+00   .400E+00   .904E-02  -.640E+02   .640E+02  -.640E+02   .640E+02   .312E+01  -.335E+02  -.767E+02  -.100E+03     232
     160.83330  -.400E+00   .400E+00  -.400E+00   .400E+00   .886E-02  -.643E+02   .643E+02  -.643E+02   .643E+02   .313E+01  -.335E+02  -.766E+02  -.100E+03     233
     161.66670  -.400E+00   .400E+00  -.400E+00   .400E+00   .869E-02  -.647E+02   .647E+02  -.647E+02   .647E+02   .314E+01  -.335E+02  -.765E+02  -.100E+03     234
     162.50000  -.400E+00   .400E+00  -.400E+00   .400E+00   .851E-02  -.650E+02   .650E+02  -.650E+02   .650E+02   .315E+01  -.335E+02  -.764E+02  -.100E+03     235
     163.33330  -.400E+00   .400E+00  -.400E+00   .400E+00   .834E-02  -.653E+02   .653E+02  -.653E+02   .653E+02   .315E+01  -.335E+02  -.763E+02  -.100E+03     236
     164.16660  -.400E+00   .400E+00  -.400E+00   .400E+00   .818E-02  -.657E+02   .657E+02  -.657E+02   .657E+02   .316E+01  -.335E+02  -.762E+02  -.100E+03     237
     165.00000  -.400E+00   .400E+00  -.400E+00   .400E+00   .801E-02  -.660E+02   .660E+02  -.660E+02   .660E+02   .317E+01  -.335E+02  -.761E+02  -.100E+03     238
     165.83330  -.400E+00   .400E+00  -.400E+00   .400E+00   .785E-02  -.663E+02   .663E+02  -.663E+02   .663E+02   .317E+01  -.335E+02  -.760E+02  -.100E+03     239
     166.66660  -.400E+00   .400E+00  -.400E+00   .400E+00   .769E-02  -.667E+02   .667E+02  -.667E+02   .667E+02   .318E+01  -.335E+02  -.759E+02  -.100E+03     240
     167.50000  -.400E+00   .400E+00  -.400E+00   .400E+00   .754E-02  -.670E+02   .670E+02  -.670E+02   .670E+02   .319E+01  -.335E+02  -.759E+02  -.100E+03     241
     168.33330  -.400E+00   .400E+00  -.400E+00   .400E+00   .739E-02  -.673E+02   .673E+02  -.673E+02   .673E+02   .319E+01  -.335E+02  -.758E+02  -.100E+03     242
     169.16660  -.400E+00   .400E+00  -.400E+00   .400E+00   .724E-02  -.677E+02   .677E+02  -.677E+02   .677E+02   .320E+01  -.335E+02  -.757E+02  -.100E+03     243
     170.00000  -.400E+00   .400E+00  -.400E+00   .400E+00   .709E-02  -.680E+02   .680E+02  -.680E+02   .680E+02   .320E+01  -.335E+02  -.756E+02  -.100E+03     244
     170.83330  -.400E+00   .400E+00  -.400E+00   .400E+00   .695E-02  -.683E+02   .683E+02  -.683E+02   .683E+02   .321E+01  -.335E+02  -.756E+02  -.100E+03     245
     171.66660  -.400E+00   .400E+00  -.400E+00   .400E+00   .681E-02  -.687E+02   .687E+02  -.687E+02   .687E+02   .322E+01  -.335E+02  -.755E+02  -.100E+03     246
     172.50000  -.400E+00   .400E+00  -.400E+00   .400E+00   .668E-02  -.690E+02   .690E+02  -.690E+02   .690E+02   .322E+01  -.335E+02  -.754E+02  -.100E+03     247
     173.33330  -.400E+00   .400E+00  -.400E+00   .400E+00   .654E-02  -.693E+02   .693E+02  -.693E+02   .693E+02   .323E+01  -.335E+02  -.754E+02  -.100E+03     248
     174.16670  -.400E+00   .400E+00  -.400E+00   .400E+00   .641E-02  -.697E+02   .697E+02  -.697E+02   .697E+02   .323E+01  -.335E+02  -.753E+02  -.100E+03     249
     175.00000  -.400E+00   .400E+00  -.400E+00   .400E+00   .628E-02  -.700E+02   .700E+02  -.700E+02   .700E+02   .324E+01  -.335E+02  -.752E+02  -.100E+03     250
     175.83330  -.400E+00   .400E+00  -.400E+00   .400E+00   .615E-02  -.703E+02   .703E+02  -.703E+02   .703E+02   .324E+01  -.335E+02  -.752E+02  -.100E+03     251
     176.66670  -.400E+00   .400E+00  -.400E+00   .400E+00   .602E-02  -.707E+02   .707E+02  -.707E+02   .707E+02   .325E+01  -.335E+02  -.751E+02  -.100E+03     252
     177.50000  -.400E+00   .400E+00  -.400E+00   .400E+00   .589E-02  -.710E+02   .710E+02  -.710E+02   .710E+02   .325E+01  -.335E+02  -.751E+02  -.100E+03     253
     178.33330  -.400E+00   .400E+00  -.400E+00   .400E+00   .576E-02  -.713E+02   .713E+02  -.713E+02   .713E+02   .326E+01  -.335E+02  -.750E+02  -.100E+03     254
     179.16670  -.400E+00   .400E+00  -.400E+00   .400E+00   .564E-02  -.717E+02   .717E+02  -.717E+02   .717E+02   .326E+01  -.335E+02  -.749E+02  -.100E+03     255
     180.00000  -.400E+00   .400E+00  -.400E+00   .400E+00   .552E-02  -.720E+02   .720E+02  -.720E+02   .720E+02   .327E+01  -.335E+02  -.749E+02  -.100E+03     256
     180.83330  -.400E+00   .400E+00  -.400E+00   .400E+00   .539E-02  -.723E+02   .723E+02  -.723E+02   .723E+02   .327E+01  -.335E+02  -.748E+02  -.100E+03     257
     181.66670  -.400E+00   .400E+00  -.400E+00   .400E+00   .527E-02  -.727E+02   .727E+02  -.727E+02   .727E+02   .328E+01  -.335E+02  -.748E+02  -.100E+03     258
     182.50000  -.400E+00   .400E+00  -.400E+00   .400E+00   .516E-02  -.730E+02   .730E+02  -.730E+02   .730E+02   .328E+01  -.335E+02  -.747E+02  -.100E+03     259
     183.33330  -.400E+00   .400E+00  -.400E+00   .400E+00   .504E-02  -.733E+02   .733E+02  -.733E+02   .733E+02   .328E+01  -.335E+02  -.747E+02  -.100E+03     260
     184.16660  -.400E+00   .400E+00  -.400E+00   .400E+00   .493E-02  -.737E+02   .737E+02  -.737E+02   .737E+02   .329E+01  -.335E+02  -.746E+02  -.100E+03     261
     185.00000  -.400E+00   .400E+00  -.400E+00   .400E+00   .482E-02  -.740E+02   .740E+02  -.740E+02   .740E+02   .329E+01  -.335E+02  -.746E+02  -.100E+03     262
     185.83330  -.400E+00   .400E+00  -.400E+00   .400E+00   .471E-02  -.743E+02   .743E+02  -.743E+02   .743E+02   .330E+01  -.335E+02  -.745E+02  -.100E+03     263
     186.66660  -.400E+00   .400E+00  -.400E+00   .400E+00   .460E-02  -.747E+02   .747E+02  -.747E+02   .747E+02   .330E+01  -.335E+02  -.745E+02  -.100E+03     264
     187.50000  -.400E+00   .400E+00  -.400E+00   .400E+00   .450E-02  -.750E+02   .750E+02  -.750E+02   .750E+02   .330E+01  -.335E+02  -.744E+02  -.100E+03     265
     188.33330  -.400E+00   .400E+00  -.400E+00   .400E+00   .439E-02  -.753E+02   .753E+02  -.753E+02   .753E+02   .331E+01  -.335E+02  -.744E+02  -.100E+03     266
     189.16660  -.400E+00   .400E+00  -.400E+00   .400E+00   .429E-02  -.757E+02   .757E+02  -.757E+02   .757E+02   .331E+01  -.335E+02  -.743E+02  -.100E+03     267
     190.00000  -.400E+00   .400E+00  -.400E+00   .400E+00   .420E-02  -.760E+02   .760E+02  -.760E+02   .760E+02   .331E+01  -.335E+02  -.743E+02  -.100E+03     268
     190.83330  -.400E+00   .400E+00  -.400E+00   .400E+00   .410E-02  -.763E+02   .763E+02  -.763E+02   .763E+02   .332E+01  -.335E+02  -.743E+02  -.100E+03     269
     191.66660  -.400E+00   .400E+00  -.400E+00   .400E+00   .400E-02  -.767E+02   .767E+02  -.767E+02   .767E+02   .332E+01  -.335E+02  -.742E+02  -.100E+03     270
     192.50000  -.400E+00   .400E+00  -.400E+00   .400E+00   .391E-02  -.770E+02   .770E+02  -.770E+02   .770E+02   .332E+01  -.335E+02  -.742E+02  -.100E+03     271
     193.33330  -.400E+00   .400E+00  -.400E+00   .400E+00   .382E-02  -.773E+02   .773E+02  -.773E+02   .773E+02   .333E+01  -.335E+02  -.741E+02  -.100E+03     272
     194.16670  -.400E+00   .400E+00  -.400E+00   .400E+00   .373E-02  -.777E+02   .777E+02  -.777E+02   .777E+02   .333E+01  -.335E+02  -.741E+02  -.100E+03     273
     195.00000  -.400E+00   .400E+00  -.400E+00   .400E+00   .365E-02  -.780E+02   .780E+02  -.780E+02   .780E+02   .333E+01  -.335E+02  -.741E+02  -.100E+03     274
     195.83330  -.400E+00   .400E+00  -.400E+00   .400E+00   .356E-02  -.783E+02   .783E+02  -.783E+02   .783E+02   .334E+01  -.335E+02  -.740E+02  -.100E+03     275
     196.66670  -.400E+00   .400E+00  -.400E+00   .400E+00   .348E-02  -.787E+02   .787E+02  -.787E+02   .787E+02   .334E+01  -.335E+02  -.740E+02  -.100E+03     276
     197.50000  -.400E+00   .400E+00  -.400E+00   .400E+00   .340E-02  -.790E+02   .790E+02  -.790E+02   .790E+02   .334E+01  -.335E+02  -.740E+02  -.100E+03     277
     198.33330  -.400E+00   .400E+00  -.400E+00   .400E+00   .332E-02  -.793E+02   .793E+02  -.793E+02   .793E+02   .334E+01  -.335E+02  -.739E+02  -.100E+03     278
     199.16670  -.400E+00   .400E+00  -.400E+00   .400E+00   .325E-02  -.797E+02   .797E+02  -.797E+02   .797E+02   .335E+01  -.335E+02  -.739E+02  -.100E+03     279
     200.00000  -.400E+00   .400E+00  -.400E+00   .400E+00   .317E-02  -.800E+02   .800E+02  -.800E+02   .800E+02   .335E+01  -.335E+02  -.739E+02  -.100E+03     280
end
