 ******* Program HYDRUS
 ******* Multistep Outflow - Data from Jan Hopmans                              
  
 Date:   1.10.    Time:  14:13:49
 Units: L = cm   , T = hours, M = mmol 

-----------------------------------------------------
 Time       [T]       .0000
-----------------------------------------------------
 Sub-region num.                   1
-----------------------------------------------------
 Area     [L]         .600E+01   .600E+01
 W-volume [L]         .258E+01   .258E+01
 In-flow  [L/T]       .000E+00   .000E+00
 h Mean   [L]        -.226E+02  -.226E+02
 Top Flux [L/T]       .747E-07
 Bot Flux [L/T]      -.869E+02
-----------------------------------------------------

-----------------------------------------------------
 Time       [T]       .0100
-----------------------------------------------------
 Sub-region num.                   1
-----------------------------------------------------
 Area     [L]         .600E+01   .600E+01
 W-volume [L]         .255E+01   .255E+01
 In-flow  [L/T]      -.262E+01  -.262E+01
 h Mean   [L]        -.314E+02  -.314E+02
 Top Flux [L/T]      -.403E-02
 Bot Flux [L/T]      -.262E+01
 WatBalT  [L]        -.564E-06
 WatBalR  [%]             .002
-----------------------------------------------------

-----------------------------------------------------
 Time       [T]       .1000
-----------------------------------------------------
 Sub-region num.                   1
-----------------------------------------------------
 Area     [L]         .600E+01   .600E+01
 W-volume [L]         .248E+01   .248E+01
 In-flow  [L/T]      -.469E+00  -.469E+00
 h Mean   [L]        -.540E+02  -.540E+02
 Top Flux [L/T]      -.834E-02
 Bot Flux [L/T]      -.469E+00
 WatBalT  [L]        -.105E-05
 WatBalR  [%]             .001
-----------------------------------------------------

-----------------------------------------------------
 Time       [T]       .2000
-----------------------------------------------------
 Sub-region num.                   1
-----------------------------------------------------
 Area     [L]         .600E+01   .600E+01
 W-volume [L]         .245E+01   .245E+01
 In-flow  [L/T]      -.272E+00  -.272E+00
 h Mean   [L]        -.653E+02  -.653E+02
 Top Flux [L/T]      -.540E-02
 Bot Flux [L/T]      -.272E+00
 WatBalT  [L]        -.700E-06
 WatBalR  [%]             .001
-----------------------------------------------------

-----------------------------------------------------
 Time       [T]     19.0380
-----------------------------------------------------
 Sub-region num.                   1
-----------------------------------------------------
 Area     [L]         .600E+01   .600E+01
 W-volume [L]         .216E+01   .216E+01
 In-flow  [L/T]      -.435E-02  -.435E-02
 h Mean   [L]        -.192E+03  -.192E+03
 Top Flux [L/T]      -.112E-03
 Bot Flux [L/T]      -.435E-02
 WatBalT  [L]        -.137E-05
 WatBalR  [%]             .000
-----------------------------------------------------

-----------------------------------------------------
 Time       [T]     38.0770
-----------------------------------------------------
 Sub-region num.                   1
-----------------------------------------------------
 Area     [L]         .600E+01   .600E+01
 W-volume [L]         .215E+01   .215E+01
 In-flow  [L/T]       .717E-05   .717E-05
 h Mean   [L]        -.201E+03  -.201E+03
 Top Flux [L/T]       .151E-06
 Bot Flux [L/T]       .688E-05
 WatBalT  [L]        -.775E-06
 WatBalR  [%]             .000
-----------------------------------------------------

-----------------------------------------------------
 Time       [T]     57.1150
-----------------------------------------------------
 Sub-region num.                   1
-----------------------------------------------------
 Area     [L]         .600E+01   .600E+01
 W-volume [L]         .202E+01   .202E+01
 In-flow  [L/T]      -.568E-02  -.568E-02
 h Mean   [L]        -.307E+03  -.307E+03
 Top Flux [L/T]      -.117E-03
 Bot Flux [L/T]      -.568E-02
 WatBalT  [L]         .286E-05
 WatBalR  [%]             .001
-----------------------------------------------------

-----------------------------------------------------
 Time       [T]    133.2700
-----------------------------------------------------
 Sub-region num.                   1
-----------------------------------------------------
 Area     [L]         .600E+01   .600E+01
 W-volume [L]         .187E+01   .187E+01
 In-flow  [L/T]      -.129E-02  -.129E-02
 h Mean   [L]        -.514E+03  -.514E+03
 Top Flux [L/T]      -.259E-04
 Bot Flux [L/T]      -.129E-02
 WatBalT  [L]         .280E-05
 WatBalR  [%]             .000
-----------------------------------------------------

-----------------------------------------------------
 Time       [T]    152.3100
-----------------------------------------------------
 Sub-region num.                   1
-----------------------------------------------------
 Area     [L]         .600E+01   .600E+01
 W-volume [L]         .185E+01   .185E+01
 In-flow  [L/T]      -.846E-03  -.846E-03
 h Mean   [L]        -.551E+03  -.551E+03
 Top Flux [L/T]      -.172E-04
 Bot Flux [L/T]      -.846E-03
 WatBalT  [L]         .328E-05
 WatBalR  [%]             .000
-----------------------------------------------------

-----------------------------------------------------
 Time       [T]    171.3500
-----------------------------------------------------
 Sub-region num.                   1
-----------------------------------------------------
 Area     [L]         .600E+01   .600E+01
 W-volume [L]         .184E+01   .184E+01
 In-flow  [L/T]      -.626E-03  -.626E-03
 h Mean   [L]        -.578E+03  -.578E+03
 Top Flux [L/T]      -.143E-04
 Bot Flux [L/T]      -.624E-03
 WatBalT  [L]         .298E-05
 WatBalR  [%]             .000
-----------------------------------------------------

-----------------------------------------------------
 Time       [T]    190.3840
-----------------------------------------------------
 Sub-region num.                   1
-----------------------------------------------------
 Area     [L]         .600E+01   .600E+01
 W-volume [L]         .183E+01   .183E+01
 In-flow  [L/T]      -.454E-03  -.454E-03
 h Mean   [L]        -.600E+03  -.600E+03
 Top Flux [L/T]      -.101E-04
 Bot Flux [L/T]      -.454E-03
 WatBalT  [L]         .304E-05
 WatBalR  [%]             .000
-----------------------------------------------------
