 ******* Program HYDRUS
 ******* Multistep Outflow - Data from Jan Hopmans                              
  
 Date:   1.10.    Time:  14:13:49
 Units: L = cm   , T = hours, M = mmol 


 Time:      .000000

 Node    Depth      Head Moisture       K          C         Flux        Sink         Kappa   v/KsTop   Temp
         [L]       [L]     [-]        [L/T]      [1/L]      [L/T]        [1/T]         [-]      [-]      [C]

   1      .00     -25.19   .428      .995E-01    .490E-03    .747E-07    .000E+00      -1        .000     .00
   2     -.20     -24.99   .429      .100E+00    .489E-03    .682E-07    .000E+00      -1        .000     .00
   3     -.39     -24.79   .429      .101E+00    .488E-03    .858E-07    .000E+00      -1        .000     .00
   4     -.59     -24.60   .429      .102E+00    .488E-03    .104E-06    .000E+00      -1        .000     .00
   5     -.77     -24.42   .429      .103E+00    .487E-03    .627E-06    .000E+00      -1        .000     .00
   6     -.96     -24.23   .429      .103E+00    .486E-03   -.209E-05    .000E+00      -1        .000     .00
   7    -1.14     -24.05   .429      .104E+00    .486E-03   -.215E-05    .000E+00      -1        .000     .00
   8    -1.31     -23.88   .429      .105E+00    .485E-03    .194E-05    .000E+00      -1        .000     .00
   9    -1.49     -23.70   .429      .106E+00    .484E-03    .199E-05    .000E+00      -1        .000     .00
  10    -1.65     -23.53   .429      .106E+00    .484E-03   -.918E-06    .000E+00      -1        .000     .00
  11    -1.82     -23.37   .429      .107E+00    .483E-03   -.225E-06    .000E+00      -1        .000     .00
  12    -1.98     -23.21   .429      .108E+00    .482E-03   -.122E-05    .000E+00      -1        .000     .00
  13    -2.14     -23.05   .429      .108E+00    .482E-03   -.523E-06    .000E+00      -1        .000     .00
  14    -2.29     -22.90   .430      .109E+00    .481E-03    .369E-05    .000E+00      -1        .000     .00
  15    -2.44     -22.75   .430      .110E+00    .480E-03    .345E-06    .000E+00      -1        .000     .00
  16    -2.59     -22.60   .430      .111E+00    .479E-03   -.257E-05    .000E+00      -1        .000     .00
  17    -2.73     -22.46   .430      .111E+00    .478E-03    .115E-05    .000E+00      -1        .000     .00
  18    -2.87     -22.32   .430      .112E+00    .478E-03    .126E-05    .000E+00      -1        .000     .00
  19    -3.00     -22.19   .430      .113E+00    .477E-03   -.122E-05    .000E+00      -1        .000     .00
  20    -3.13     -22.06   .430      .113E+00    .476E-03   -.635E-06    .000E+00      -1        .000     .00
  21    -3.26     -21.93   .430      .114E+00    .475E-03    .217E-05    .000E+00      -1        .000     .00
  22    -3.38     -21.81   .430      .115E+00    .475E-03   -.123E-05    .000E+00      -1        .000     .00
  23    -3.51     -21.68   .430      .115E+00    .474E-03   -.461E-05    .000E+00      -1        .000     .00
  24    -3.63     -21.56   .430      .116E+00    .473E-03    .290E-05    .000E+00      -1        .000     .00
  25    -3.74     -21.44   .430      .117E+00    .473E-03    .414E-05    .000E+00      -1        .000     .00
  26    -3.86     -21.33   .430      .117E+00    .472E-03    .157E-05    .000E+00      -1        .000     .00
  27    -3.98     -21.21   .430      .118E+00    .471E-03   -.175E-05    .000E+00      -1        .000     .00
  28    -4.09     -21.10   .430      .118E+00    .471E-03   -.371E-06    .000E+00      -1        .000     .00
  29    -4.20     -20.99   .430      .119E+00    .470E-03   -.289E-05    .000E+00      -1        .000     .00
  30    -4.31     -20.88   .431      .120E+00    .469E-03   -.512E-06    .000E+00      -1        .000     .00
  31    -4.41     -20.78   .431      .120E+00    .469E-03    .218E-05    .000E+00      -1        .000     .00
  32    -4.51     -20.68   .431      .121E+00    .468E-03   -.225E-05    .000E+00      -1        .000     .00
  33    -4.62     -20.57   .431      .121E+00    .468E-03    .288E-06    .000E+00      -1        .000     .00
  34    -4.71     -20.48   .431      .122E+00    .467E-03    .416E-05    .000E+00      -1        .000     .00
  35    -4.81     -20.38   .431      .122E+00    .467E-03   -.124E-05    .000E+00      -1        .000     .00
  36    -4.91     -20.28   .431      .123E+00    .466E-03   -.594E-05    .000E+00      -1        .000     .00
  37    -5.00     -20.19   .431      .123E+00    .465E-03    .419E-05    .000E+00      -1        .000     .00
  38    -5.09     -20.10   .431      .124E+00    .465E-03   -.176E-07    .000E+00      -1        .000     .00
  39    -5.18     -20.01   .431      .124E+00    .464E-03   -.374E-05    .000E+00      -1        .000     .00
  40    -5.26     -19.93   .431      .125E+00    .464E-03   -.377E-08    .000E+00      -1        .000     .00
  41    -5.35     -19.84   .431      .125E+00    .463E-03    .145E-05    .000E+00      -1        .000     .00
  42    -5.43     -19.76   .431      .126E+00    .463E-03    .409E-05    .000E+00      -1        .000     .00
  43    -5.51     -19.68   .431      .126E+00    .463E-03    .380E-06    .000E+00      -1        .000     .00
  44    -5.58     -19.61   .431      .126E+00    .462E-03   -.516E-05    .000E+00      -1        .000     .00
  45    -5.66     -19.53   .431      .127E+00    .462E-03    .126E-07    .000E+00      -1        .000     .00
  46    -5.73     -19.46   .431      .127E+00    .461E-03    .338E-05    .000E+00      -1        .000     .00
  47    -5.80     -19.39   .431      .128E+00    .461E-03   -.350E-05    .000E+00      -1        .000     .00
  48    -5.87     -19.32   .431      .128E+00    .460E-03   -.446E-06    .000E+00      -1        .000     .00
  49    -5.94     -19.25   .431      .128E+00    .460E-03   -.427E+02    .000E+00      -1     -82.065     .00
  50    -6.00    -100.82   .391      .806E-02    .424E-03   -.869E+02    .000E+00      -1    -166.935     .00
end


 Time:      .010000

 Node    Depth      Head Moisture       K          C         Flux        Sink         Kappa   v/KsTop   Temp
         [L]       [L]     [-]        [L/T]      [1/L]      [L/T]        [1/T]         [-]      [-]      [C]

   1      .00     -26.01   .428      .962E-01    .493E-03   -.403E-02    .000E+00      -1       -.008     .00
   2     -.20     -25.82   .428      .969E-01    .492E-03   -.801E-02    .000E+00      -1       -.015     .00
   3     -.39     -25.65   .428      .976E-01    .492E-03   -.161E-01    .000E+00      -1       -.031     .00
   4     -.59     -25.50   .428      .982E-01    .491E-03   -.243E-01    .000E+00      -1       -.047     .00
   5     -.77     -25.36   .428      .988E-01    .491E-03   -.328E-01    .000E+00      -1       -.063     .00
   6     -.96     -25.25   .428      .992E-01    .490E-03   -.417E-01    .000E+00      -1       -.080     .00
   7    -1.14     -25.15   .428      .996E-01    .490E-03   -.511E-01    .000E+00      -1       -.098     .00
   8    -1.31     -25.08   .428      .999E-01    .490E-03   -.611E-01    .000E+00      -1       -.117     .00
   9    -1.49     -25.02   .429      .100E+00    .489E-03   -.717E-01    .000E+00      -1       -.138     .00
  10    -1.65     -24.98   .429      .100E+00    .489E-03   -.831E-01    .000E+00      -1       -.160     .00
  11    -1.82     -24.96   .429      .100E+00    .489E-03   -.954E-01    .000E+00      -1       -.183     .00
  12    -1.98     -24.96   .429      .100E+00    .489E-03   -.109E+00    .000E+00      -1       -.209     .00
  13    -2.14     -24.99   .429      .100E+00    .489E-03   -.123E+00    .000E+00      -1       -.236     .00
  14    -2.29     -25.03   .429      .100E+00    .489E-03   -.138E+00    .000E+00      -1       -.265     .00
  15    -2.44     -25.10   .428      .998E-01    .490E-03   -.155E+00    .000E+00      -1       -.297     .00
  16    -2.59     -25.19   .428      .995E-01    .490E-03   -.172E+00    .000E+00      -1       -.331     .00
  17    -2.73     -25.31   .428      .990E-01    .490E-03   -.191E+00    .000E+00      -1       -.367     .00
  18    -2.87     -25.46   .428      .984E-01    .491E-03   -.211E+00    .000E+00      -1       -.405     .00
  19    -3.00     -25.62   .428      .977E-01    .492E-03   -.232E+00    .000E+00      -1       -.446     .00
  20    -3.13     -25.82   .428      .969E-01    .492E-03   -.255E+00    .000E+00      -1       -.490     .00
  21    -3.26     -26.04   .428      .960E-01    .493E-03   -.280E+00    .000E+00      -1       -.537     .00
  22    -3.38     -26.30   .428      .950E-01    .494E-03   -.306E+00    .000E+00      -1       -.587     .00
  23    -3.51     -26.60   .428      .938E-01    .495E-03   -.334E+00    .000E+00      -1       -.641     .00
  24    -3.63     -26.93   .428      .924E-01    .497E-03   -.364E+00    .000E+00      -1       -.699     .00
  25    -3.74     -27.30   .427      .909E-01    .498E-03   -.396E+00    .000E+00      -1       -.761     .00
  26    -3.86     -27.72   .427      .892E-01    .500E-03   -.431E+00    .000E+00      -1       -.827     .00
  27    -3.98     -28.18   .427      .874E-01    .501E-03   -.468E+00    .000E+00      -1       -.898     .00
  28    -4.09     -28.70   .427      .855E-01    .503E-03   -.508E+00    .000E+00      -1       -.975     .00
  29    -4.20     -29.28   .426      .837E-01    .504E-03   -.550E+00    .000E+00      -1      -1.056     .00
  30    -4.31     -29.92   .426      .818E-01    .505E-03   -.596E+00    .000E+00      -1      -1.144     .00
  31    -4.41     -30.62   .426      .797E-01    .507E-03   -.645E+00    .000E+00      -1      -1.238     .00
  32    -4.51     -31.40   .425      .774E-01    .509E-03   -.697E+00    .000E+00      -1      -1.338     .00
  33    -4.62     -32.26   .425      .748E-01    .510E-03   -.753E+00    .000E+00      -1      -1.445     .00
  34    -4.71     -33.22   .424      .719E-01    .512E-03   -.812E+00    .000E+00      -1      -1.559     .00
  35    -4.81     -34.28   .424      .687E-01    .514E-03   -.876E+00    .000E+00      -1      -1.682     .00
  36    -4.91     -35.47   .423      .654E-01    .516E-03   -.944E+00    .000E+00      -1      -1.813     .00
  37    -5.00     -36.79   .423      .626E-01    .517E-03   -.102E+01    .000E+00      -1      -1.953     .00
  38    -5.09     -38.26   .422      .594E-01    .518E-03   -.110E+01    .000E+00      -1      -2.103     .00
  39    -5.18     -39.91   .421      .559E-01    .519E-03   -.118E+01    .000E+00      -1      -2.264     .00
  40    -5.26     -41.77   .420      .519E-01    .520E-03   -.127E+01    .000E+00      -1      -2.436     .00
  41    -5.35     -43.90   .419      .477E-01    .521E-03   -.137E+01    .000E+00      -1      -2.622     .00
  42    -5.43     -46.33   .418      .442E-01    .519E-03   -.147E+01    .000E+00      -1      -2.821     .00
  43    -5.51     -49.11   .416      .402E-01    .518E-03   -.158E+01    .000E+00      -1      -3.037     .00
  44    -5.58     -52.38   .414      .354E-01    .516E-03   -.170E+01    .000E+00      -1      -3.270     .00
  45    -5.66     -56.27   .412      .313E-01    .511E-03   -.184E+01    .000E+00      -1      -3.523     .00
  46    -5.73     -60.96   .410      .269E-01    .504E-03   -.198E+01    .000E+00      -1      -3.800     .00
  47    -5.80     -66.83   .407      .219E-01    .495E-03   -.214E+01    .000E+00      -1      -4.105     .00
  48    -5.87     -74.45   .403      .177E-01    .480E-03   -.231E+01    .000E+00      -1      -4.444     .00
  49    -5.94     -84.83   .399      .128E-01    .459E-03   -.251E+01    .000E+00      -1      -4.827     .00
  50    -6.00    -100.82   .391      .806E-02    .424E-03   -.262E+01    .000E+00      -1      -5.035     .00
end


 Time:      .100000

 Node    Depth      Head Moisture       K          C         Flux        Sink         Kappa   v/KsTop   Temp
         [L]       [L]     [-]        [L/T]      [1/L]      [L/T]        [1/T]         [-]      [-]      [C]

   1      .00     -42.57   .420      .501E-01    .521E-03   -.834E-02    .000E+00      -1       -.016     .00
   2     -.20     -42.40   .420      .504E-01    .521E-03   -.165E-01    .000E+00      -1       -.032     .00
   3     -.39     -42.31   .420      .507E-01    .521E-03   -.329E-01    .000E+00      -1       -.063     .00
   4     -.59     -42.27   .420      .507E-01    .521E-03   -.490E-01    .000E+00      -1       -.094     .00
   5     -.77     -42.29   .420      .507E-01    .521E-03   -.648E-01    .000E+00      -1       -.124     .00
   6     -.96     -42.37   .420      .505E-01    .521E-03   -.802E-01    .000E+00      -1       -.154     .00
   7    -1.14     -42.51   .420      .502E-01    .521E-03   -.954E-01    .000E+00      -1       -.183     .00
   8    -1.31     -42.69   .419      .498E-01    .521E-03   -.110E+00    .000E+00      -1       -.212     .00
   9    -1.49     -42.93   .419      .493E-01    .521E-03   -.125E+00    .000E+00      -1       -.240     .00
  10    -1.65     -43.22   .419      .487E-01    .521E-03   -.139E+00    .000E+00      -1       -.268     .00
  11    -1.82     -43.55   .419      .482E-01    .521E-03   -.153E+00    .000E+00      -1       -.295     .00
  12    -1.98     -43.93   .419      .476E-01    .521E-03   -.167E+00    .000E+00      -1       -.321     .00
  13    -2.14     -44.35   .419      .470E-01    .520E-03   -.181E+00    .000E+00      -1       -.347     .00
  14    -2.29     -44.81   .418      .463E-01    .520E-03   -.194E+00    .000E+00      -1       -.373     .00
  15    -2.44     -45.32   .418      .456E-01    .520E-03   -.207E+00    .000E+00      -1       -.397     .00
  16    -2.59     -45.86   .418      .448E-01    .520E-03   -.220E+00    .000E+00      -1       -.422     .00
  17    -2.73     -46.44   .418      .440E-01    .519E-03   -.232E+00    .000E+00      -1       -.445     .00
  18    -2.87     -47.06   .417      .431E-01    .519E-03   -.244E+00    .000E+00      -1       -.468     .00
  19    -3.00     -47.71   .417      .421E-01    .518E-03   -.255E+00    .000E+00      -1       -.490     .00
  20    -3.13     -48.39   .417      .411E-01    .518E-03   -.267E+00    .000E+00      -1       -.512     .00
  21    -3.26     -49.12   .416      .401E-01    .518E-03   -.277E+00    .000E+00      -1       -.533     .00
  22    -3.38     -49.89   .416      .390E-01    .517E-03   -.288E+00    .000E+00      -1       -.553     .00
  23    -3.51     -50.71   .415      .378E-01    .517E-03   -.299E+00    .000E+00      -1       -.574     .00
  24    -3.63     -51.57   .415      .365E-01    .516E-03   -.309E+00    .000E+00      -1       -.594     .00
  25    -3.74     -52.50   .414      .352E-01    .516E-03   -.320E+00    .000E+00      -1       -.613     .00
  26    -3.86     -53.48   .414      .338E-01    .515E-03   -.330E+00    .000E+00      -1       -.633     .00
  27    -3.98     -54.51   .413      .329E-01    .513E-03   -.340E+00    .000E+00      -1       -.652     .00
  28    -4.09     -55.59   .413      .319E-01    .512E-03   -.349E+00    .000E+00      -1       -.670     .00
  29    -4.20     -56.72   .412      .308E-01    .510E-03   -.358E+00    .000E+00      -1       -.688     .00
  30    -4.31     -57.91   .412      .297E-01    .508E-03   -.367E+00    .000E+00      -1       -.705     .00
  31    -4.41     -59.15   .411      .286E-01    .507E-03   -.376E+00    .000E+00      -1       -.722     .00
  32    -4.51     -60.45   .410      .274E-01    .505E-03   -.384E+00    .000E+00      -1       -.738     .00
  33    -4.62     -61.82   .410      .261E-01    .503E-03   -.392E+00    .000E+00      -1       -.753     .00
  34    -4.71     -63.26   .409      .248E-01    .501E-03   -.400E+00    .000E+00      -1       -.768     .00
  35    -4.81     -64.79   .408      .233E-01    .498E-03   -.408E+00    .000E+00      -1       -.783     .00
  36    -4.91     -66.41   .407      .221E-01    .496E-03   -.415E+00    .000E+00      -1       -.797     .00
  37    -5.00     -68.11   .407      .211E-01    .492E-03   -.422E+00    .000E+00      -1       -.810     .00
  38    -5.09     -69.88   .406      .202E-01    .489E-03   -.428E+00    .000E+00      -1       -.823     .00
  39    -5.18     -71.72   .405      .191E-01    .485E-03   -.434E+00    .000E+00      -1       -.834     .00
  40    -5.26     -73.65   .404      .181E-01    .481E-03   -.440E+00    .000E+00      -1       -.845     .00
  41    -5.35     -75.68   .403      .170E-01    .477E-03   -.445E+00    .000E+00      -1       -.855     .00
  42    -5.43     -77.83   .402      .158E-01    .473E-03   -.450E+00    .000E+00      -1       -.864     .00
  43    -5.51     -80.12   .401      .145E-01    .469E-03   -.454E+00    .000E+00      -1       -.872     .00
  44    -5.58     -82.55   .400      .135E-01    .464E-03   -.458E+00    .000E+00      -1       -.880     .00
  45    -5.66     -85.10   .398      .127E-01    .458E-03   -.462E+00    .000E+00      -1       -.886     .00
  46    -5.73     -87.76   .397      .119E-01    .452E-03   -.464E+00    .000E+00      -1       -.891     .00
  47    -5.80     -90.54   .396      .111E-01    .446E-03   -.466E+00    .000E+00      -1       -.895     .00
  48    -5.87     -93.48   .395      .102E-01    .440E-03   -.468E+00    .000E+00      -1       -.898     .00
  49    -5.94     -96.60   .393      .923E-02    .433E-03   -.469E+00    .000E+00      -1       -.900     .00
  50    -6.00     -99.98   .392      .820E-02    .426E-03   -.469E+00    .000E+00      -1       -.901     .00
end


 Time:      .200000

 Node    Depth      Head Moisture       K          C         Flux        Sink         Kappa   v/KsTop   Temp
         [L]       [L]     [-]        [L/T]      [1/L]      [L/T]        [1/T]         [-]      [-]      [C]

   1      .00     -55.25   .413      .322E-01    .512E-03   -.540E-02    .000E+00      -1       -.010     .00
   2     -.20     -55.08   .413      .323E-01    .513E-03   -.107E-01    .000E+00      -1       -.021     .00
   3     -.39     -54.99   .413      .324E-01    .513E-03   -.213E-01    .000E+00      -1       -.041     .00
   4     -.59     -54.95   .413      .325E-01    .513E-03   -.317E-01    .000E+00      -1       -.061     .00
   5     -.77     -54.98   .413      .324E-01    .513E-03   -.419E-01    .000E+00      -1       -.080     .00
   6     -.96     -55.06   .413      .324E-01    .513E-03   -.518E-01    .000E+00      -1       -.099     .00
   7    -1.14     -55.20   .413      .322E-01    .512E-03   -.615E-01    .000E+00      -1       -.118     .00
   8    -1.31     -55.38   .413      .321E-01    .512E-03   -.710E-01    .000E+00      -1       -.136     .00
   9    -1.49     -55.62   .413      .318E-01    .512E-03   -.803E-01    .000E+00      -1       -.154     .00
  10    -1.65     -55.90   .413      .316E-01    .511E-03   -.893E-01    .000E+00      -1       -.172     .00
  11    -1.82     -56.23   .412      .313E-01    .511E-03   -.981E-01    .000E+00      -1       -.188     .00
  12    -1.98     -56.60   .412      .309E-01    .510E-03   -.107E+00    .000E+00      -1       -.205     .00
  13    -2.14     -57.01   .412      .305E-01    .510E-03   -.115E+00    .000E+00      -1       -.221     .00
  14    -2.29     -57.46   .412      .301E-01    .509E-03   -.123E+00    .000E+00      -1       -.236     .00
  15    -2.44     -57.94   .412      .297E-01    .508E-03   -.131E+00    .000E+00      -1       -.251     .00
  16    -2.59     -58.47   .411      .292E-01    .508E-03   -.138E+00    .000E+00      -1       -.266     .00
  17    -2.73     -59.02   .411      .287E-01    .507E-03   -.146E+00    .000E+00      -1       -.280     .00
  18    -2.87     -59.61   .411      .281E-01    .506E-03   -.153E+00    .000E+00      -1       -.293     .00
  19    -3.00     -60.23   .410      .276E-01    .505E-03   -.160E+00    .000E+00      -1       -.306     .00
  20    -3.13     -60.87   .410      .270E-01    .504E-03   -.166E+00    .000E+00      -1       -.319     .00
  21    -3.26     -61.55   .410      .263E-01    .503E-03   -.173E+00    .000E+00      -1       -.331     .00
  22    -3.38     -62.27   .409      .257E-01    .502E-03   -.179E+00    .000E+00      -1       -.344     .00
  23    -3.51     -63.04   .409      .250E-01    .501E-03   -.185E+00    .000E+00      -1       -.355     .00
  24    -3.63     -63.84   .409      .242E-01    .500E-03   -.191E+00    .000E+00      -1       -.367     .00
  25    -3.74     -64.69   .408      .234E-01    .499E-03   -.197E+00    .000E+00      -1       -.378     .00
  26    -3.86     -65.58   .408      .226E-01    .497E-03   -.203E+00    .000E+00      -1       -.389     .00
  27    -3.98     -66.52   .407      .220E-01    .495E-03   -.208E+00    .000E+00      -1       -.400     .00
  28    -4.09     -67.49   .407      .215E-01    .494E-03   -.213E+00    .000E+00      -1       -.410     .00
  29    -4.20     -68.50   .406      .209E-01    .492E-03   -.218E+00    .000E+00      -1       -.419     .00
  30    -4.31     -69.55   .406      .203E-01    .490E-03   -.223E+00    .000E+00      -1       -.428     .00
  31    -4.41     -70.63   .405      .198E-01    .487E-03   -.228E+00    .000E+00      -1       -.437     .00
  32    -4.51     -71.75   .405      .191E-01    .485E-03   -.232E+00    .000E+00      -1       -.445     .00
  33    -4.62     -72.90   .404      .185E-01    .483E-03   -.236E+00    .000E+00      -1       -.453     .00
  34    -4.71     -74.10   .404      .178E-01    .481E-03   -.240E+00    .000E+00      -1       -.461     .00
  35    -4.81     -75.35   .403      .172E-01    .478E-03   -.244E+00    .000E+00      -1       -.468     .00
  36    -4.91     -76.64   .402      .164E-01    .476E-03   -.247E+00    .000E+00      -1       -.475     .00
  37    -5.00     -77.98   .402      .157E-01    .473E-03   -.251E+00    .000E+00      -1       -.481     .00
  38    -5.09     -79.37   .401      .149E-01    .470E-03   -.254E+00    .000E+00      -1       -.487     .00
  39    -5.18     -80.83   .400      .141E-01    .467E-03   -.257E+00    .000E+00      -1       -.493     .00
  40    -5.26     -82.35   .400      .136E-01    .464E-03   -.260E+00    .000E+00      -1       -.498     .00
  41    -5.35     -83.90   .399      .131E-01    .461E-03   -.262E+00    .000E+00      -1       -.503     .00
  42    -5.43     -85.48   .398      .126E-01    .457E-03   -.264E+00    .000E+00      -1       -.507     .00
  43    -5.51     -87.09   .398      .121E-01    .454E-03   -.266E+00    .000E+00      -1       -.510     .00
  44    -5.58     -88.75   .397      .116E-01    .450E-03   -.267E+00    .000E+00      -1       -.513     .00
  45    -5.66     -90.44   .396      .111E-01    .447E-03   -.269E+00    .000E+00      -1       -.516     .00
  46    -5.73     -92.17   .395      .106E-01    .443E-03   -.270E+00    .000E+00      -1       -.518     .00
  47    -5.80     -93.95   .395      .100E-01    .439E-03   -.271E+00    .000E+00      -1       -.520     .00
  48    -5.87     -95.78   .394      .948E-02    .435E-03   -.271E+00    .000E+00      -1       -.521     .00
  49    -5.94     -97.67   .393      .891E-02    .431E-03   -.272E+00    .000E+00      -1       -.522     .00
  50    -6.00     -99.62   .392      .831E-02    .427E-03   -.272E+00    .000E+00      -1       -.522     .00
end


 Time:    19.038000

 Node    Depth      Head Moisture       K          C         Flux        Sink         Kappa   v/KsTop   Temp
         [L]       [L]     [-]        [L/T]      [1/L]      [L/T]        [1/T]         [-]      [-]      [C]

   1      .00    -189.49   .361      .113E-02    .270E-03   -.112E-03    .000E+00      -1        .000     .00
   2     -.20    -189.32   .361      .113E-02    .271E-03   -.222E-03    .000E+00      -1        .000     .00
   3     -.39    -189.18   .361      .114E-02    .271E-03   -.440E-03    .000E+00      -1       -.001     .00
   4     -.59    -189.08   .361      .114E-02    .271E-03   -.654E-03    .000E+00      -1       -.001     .00
   5     -.77    -189.02   .361      .114E-02    .271E-03   -.862E-03    .000E+00      -1       -.002     .00
   6     -.96    -188.99   .361      .114E-02    .271E-03   -.106E-02    .000E+00      -1       -.002     .00
   7    -1.14    -188.99   .361      .114E-02    .271E-03   -.126E-02    .000E+00      -1       -.002     .00
   8    -1.31    -189.03   .361      .114E-02    .271E-03   -.145E-02    .000E+00      -1       -.003     .00
   9    -1.49    -189.09   .361      .114E-02    .271E-03   -.163E-02    .000E+00      -1       -.003     .00
  10    -1.65    -189.17   .361      .114E-02    .271E-03   -.180E-02    .000E+00      -1       -.003     .00
  11    -1.82    -189.28   .361      .113E-02    .271E-03   -.197E-02    .000E+00      -1       -.004     .00
  12    -1.98    -189.41   .361      .113E-02    .270E-03   -.213E-02    .000E+00      -1       -.004     .00
  13    -2.14    -189.56   .361      .113E-02    .270E-03   -.228E-02    .000E+00      -1       -.004     .00
  14    -2.29    -189.73   .361      .113E-02    .270E-03   -.243E-02    .000E+00      -1       -.005     .00
  15    -2.44    -189.91   .361      .113E-02    .270E-03   -.256E-02    .000E+00      -1       -.005     .00
  16    -2.59    -190.11   .361      .112E-02    .270E-03   -.269E-02    .000E+00      -1       -.005     .00
  17    -2.73    -190.31   .361      .112E-02    .269E-03   -.282E-02    .000E+00      -1       -.005     .00
  18    -2.87    -190.53   .361      .112E-02    .269E-03   -.293E-02    .000E+00      -1       -.006     .00
  19    -3.00    -190.76   .361      .111E-02    .269E-03   -.304E-02    .000E+00      -1       -.006     .00
  20    -3.13    -190.99   .361      .111E-02    .269E-03   -.315E-02    .000E+00      -1       -.006     .00
  21    -3.26    -191.23   .361      .111E-02    .268E-03   -.325E-02    .000E+00      -1       -.006     .00
  22    -3.38    -191.47   .361      .110E-02    .268E-03   -.334E-02    .000E+00      -1       -.006     .00
  23    -3.51    -191.73   .361      .110E-02    .268E-03   -.343E-02    .000E+00      -1       -.007     .00
  24    -3.63    -191.99   .361      .110E-02    .268E-03   -.351E-02    .000E+00      -1       -.007     .00
  25    -3.74    -192.26   .361      .109E-02    .267E-03   -.359E-02    .000E+00      -1       -.007     .00
  26    -3.86    -192.53   .361      .109E-02    .267E-03   -.366E-02    .000E+00      -1       -.007     .00
  27    -3.98    -192.80   .361      .109E-02    .267E-03   -.373E-02    .000E+00      -1       -.007     .00
  28    -4.09    -193.08   .360      .108E-02    .266E-03   -.379E-02    .000E+00      -1       -.007     .00
  29    -4.20    -193.36   .360      .108E-02    .266E-03   -.385E-02    .000E+00      -1       -.007     .00
  30    -4.31    -193.64   .360      .107E-02    .266E-03   -.391E-02    .000E+00      -1       -.008     .00
  31    -4.41    -193.92   .360      .107E-02    .265E-03   -.396E-02    .000E+00      -1       -.008     .00
  32    -4.51    -194.20   .360      .107E-02    .265E-03   -.401E-02    .000E+00      -1       -.008     .00
  33    -4.62    -194.48   .360      .106E-02    .265E-03   -.405E-02    .000E+00      -1       -.008     .00
  34    -4.71    -194.77   .360      .106E-02    .264E-03   -.409E-02    .000E+00      -1       -.008     .00
  35    -4.81    -195.05   .360      .105E-02    .264E-03   -.413E-02    .000E+00      -1       -.008     .00
  36    -4.91    -195.32   .360      .105E-02    .264E-03   -.416E-02    .000E+00      -1       -.008     .00
  37    -5.00    -195.60   .360      .105E-02    .263E-03   -.419E-02    .000E+00      -1       -.008     .00
  38    -5.09    -195.87   .360      .104E-02    .263E-03   -.422E-02    .000E+00      -1       -.008     .00
  39    -5.18    -196.14   .360      .104E-02    .263E-03   -.424E-02    .000E+00      -1       -.008     .00
  40    -5.26    -196.41   .360      .103E-02    .263E-03   -.426E-02    .000E+00      -1       -.008     .00
  41    -5.35    -196.67   .360      .103E-02    .262E-03   -.428E-02    .000E+00      -1       -.008     .00
  42    -5.43    -196.93   .360      .103E-02    .262E-03   -.429E-02    .000E+00      -1       -.008     .00
  43    -5.51    -197.18   .359      .102E-02    .262E-03   -.431E-02    .000E+00      -1       -.008     .00
  44    -5.58    -197.43   .359      .102E-02    .261E-03   -.432E-02    .000E+00      -1       -.008     .00
  45    -5.66    -197.67   .359      .102E-02    .261E-03   -.433E-02    .000E+00      -1       -.008     .00
  46    -5.73    -197.91   .359      .101E-02    .261E-03   -.434E-02    .000E+00      -1       -.008     .00
  47    -5.80    -198.14   .359      .101E-02    .261E-03   -.434E-02    .000E+00      -1       -.008     .00
  48    -5.87    -198.37   .359      .101E-02    .260E-03   -.434E-02    .000E+00      -1       -.008     .00
  49    -5.94    -198.59   .359      .100E-02    .260E-03   -.435E-02    .000E+00      -1       -.008     .00
  50    -6.00    -198.80   .359      .100E-02    .260E-03   -.435E-02    .000E+00      -1       -.008     .00
end


 Time:    38.077000

 Node    Depth      Head Moisture       K          C         Flux        Sink         Kappa   v/KsTop   Temp
         [L]       [L]     [-]        [L/T]      [1/L]      [L/T]        [1/T]         [-]      [-]      [C]

   1      .00    -204.42   .358      .921E-03    .253E-03    .151E-06    .000E+00      -1        .000     .00
   2     -.20    -204.23   .358      .924E-03    .254E-03    .273E-06    .000E+00      -1        .000     .00
   3     -.39    -204.03   .358      .927E-03    .254E-03    .563E-06    .000E+00      -1        .000     .00
   4     -.59    -203.84   .358      .930E-03    .254E-03    .866E-06    .000E+00      -1        .000     .00
   5     -.77    -203.65   .358      .932E-03    .254E-03    .118E-05    .000E+00      -1        .000     .00
   6     -.96    -203.47   .358      .935E-03    .255E-03    .148E-05    .000E+00      -1        .000     .00
   7    -1.14    -203.29   .358      .937E-03    .255E-03    .174E-05    .000E+00      -1        .000     .00
   8    -1.31    -203.11   .358      .940E-03    .255E-03    .202E-05    .000E+00      -1        .000     .00
   9    -1.49    -202.94   .358      .942E-03    .255E-03    .227E-05    .000E+00      -1        .000     .00
  10    -1.65    -202.77   .358      .945E-03    .255E-03    .249E-05    .000E+00      -1        .000     .00
  11    -1.82    -202.60   .358      .947E-03    .256E-03    .277E-05    .000E+00      -1        .000     .00
  12    -1.98    -202.44   .358      .949E-03    .256E-03    .306E-05    .000E+00      -1        .000     .00
  13    -2.14    -202.28   .358      .952E-03    .256E-03    .327E-05    .000E+00      -1        .000     .00
  14    -2.29    -202.13   .358      .954E-03    .256E-03    .354E-05    .000E+00      -1        .000     .00
  15    -2.44    -201.98   .358      .956E-03    .256E-03    .378E-05    .000E+00      -1        .000     .00
  16    -2.59    -201.83   .358      .958E-03    .256E-03    .398E-05    .000E+00      -1        .000     .00
  17    -2.73    -201.69   .358      .960E-03    .257E-03    .418E-05    .000E+00      -1        .000     .00
  18    -2.87    -201.55   .358      .962E-03    .257E-03    .441E-05    .000E+00      -1        .000     .00
  19    -3.00    -201.42   .358      .964E-03    .257E-03    .465E-05    .000E+00      -1        .000     .00
  20    -3.13    -201.29   .358      .966E-03    .257E-03    .488E-05    .000E+00      -1        .000     .00
  21    -3.26    -201.16   .358      .967E-03    .257E-03    .501E-05    .000E+00      -1        .000     .00
  22    -3.38    -201.03   .359      .969E-03    .257E-03    .515E-05    .000E+00      -1        .000     .00
  23    -3.51    -200.91   .359      .971E-03    .257E-03    .535E-05    .000E+00      -1        .000     .00
  24    -3.63    -200.79   .359      .973E-03    .258E-03    .550E-05    .000E+00      -1        .000     .00
  25    -3.74    -200.67   .359      .974E-03    .258E-03    .565E-05    .000E+00      -1        .000     .00
  26    -3.86    -200.55   .359      .976E-03    .258E-03    .581E-05    .000E+00      -1        .000     .00
  27    -3.98    -200.44   .359      .978E-03    .258E-03    .597E-05    .000E+00      -1        .000     .00
  28    -4.09    -200.32   .359      .979E-03    .258E-03    .608E-05    .000E+00      -1        .000     .00
  29    -4.20    -200.21   .359      .981E-03    .258E-03    .619E-05    .000E+00      -1        .000     .00
  30    -4.31    -200.10   .359      .982E-03    .258E-03    .630E-05    .000E+00      -1        .000     .00
  31    -4.41    -200.00   .359      .984E-03    .258E-03    .635E-05    .000E+00      -1        .000     .00
  32    -4.51    -199.89   .359      .985E-03    .259E-03    .640E-05    .000E+00      -1        .000     .00
  33    -4.62    -199.79   .359      .987E-03    .259E-03    .644E-05    .000E+00      -1        .000     .00
  34    -4.71    -199.69   .359      .988E-03    .259E-03    .657E-05    .000E+00      -1        .000     .00
  35    -4.81    -199.60   .359      .989E-03    .259E-03    .677E-05    .000E+00      -1        .000     .00
  36    -4.91    -199.50   .359      .991E-03    .259E-03    .683E-05    .000E+00      -1        .000     .00
  37    -5.00    -199.41   .359      .992E-03    .259E-03    .690E-05    .000E+00      -1        .000     .00
  38    -5.09    -199.32   .359      .993E-03    .259E-03    .705E-05    .000E+00      -1        .000     .00
  39    -5.18    -199.23   .359      .995E-03    .259E-03    .720E-05    .000E+00      -1        .000     .00
  40    -5.26    -199.14   .359      .996E-03    .259E-03    .728E-05    .000E+00      -1        .000     .00
  41    -5.35    -199.06   .359      .997E-03    .260E-03    .727E-05    .000E+00      -1        .000     .00
  42    -5.43    -198.98   .359      .998E-03    .260E-03    .725E-05    .000E+00      -1        .000     .00
  43    -5.51    -198.90   .359      .999E-03    .260E-03    .713E-05    .000E+00      -1        .000     .00
  44    -5.58    -198.82   .359      .100E-02    .260E-03    .701E-05    .000E+00      -1        .000     .00
  45    -5.66    -198.74   .359      .100E-02    .260E-03    .709E-05    .000E+00      -1        .000     .00
  46    -5.73    -198.67   .359      .100E-02    .260E-03    .717E-05    .000E+00      -1        .000     .00
  47    -5.80    -198.60   .359      .100E-02    .260E-03    .703E-05    .000E+00      -1        .000     .00
  48    -5.87    -198.53   .359      .100E-02    .260E-03    .700E-05    .000E+00      -1        .000     .00
  49    -5.94    -198.46   .359      .101E-02    .260E-03    .696E-05    .000E+00      -1        .000     .00
  50    -6.00    -198.40   .359      .101E-02    .260E-03    .688E-05    .000E+00      -1        .000     .00
end


 Time:    57.115000

 Node    Depth      Head Moisture       K          C         Flux        Sink         Kappa   v/KsTop   Temp
         [L]       [L]     [-]        [L/T]      [1/L]      [L/T]        [1/T]         [-]      [-]      [C]

   1      .00    -276.29   .342      .295E-03    .186E-03   -.117E-03    .000E+00      -1        .000     .00
   2     -.20    -276.17   .342      .295E-03    .186E-03   -.233E-03    .000E+00      -1        .000     .00
   3     -.39    -276.21   .342      .295E-03    .186E-03   -.463E-03    .000E+00      -1       -.001     .00
   4     -.59    -276.39   .342      .294E-03    .186E-03   -.689E-03    .000E+00      -1       -.001     .00
   5     -.77    -276.72   .342      .292E-03    .186E-03   -.912E-03    .000E+00      -1       -.002     .00
   6     -.96    -277.18   .342      .290E-03    .185E-03   -.113E-02    .000E+00      -1       -.002     .00
   7    -1.14    -277.78   .342      .286E-03    .185E-03   -.135E-02    .000E+00      -1       -.003     .00
   8    -1.31    -278.50   .342      .282E-03    .184E-03   -.156E-02    .000E+00      -1       -.003     .00
   9    -1.49    -279.36   .341      .278E-03    .184E-03   -.177E-02    .000E+00      -1       -.003     .00
  10    -1.65    -280.34   .341      .272E-03    .183E-03   -.198E-02    .000E+00      -1       -.004     .00
  11    -1.82    -281.45   .341      .266E-03    .182E-03   -.218E-02    .000E+00      -1       -.004     .00
  12    -1.98    -282.69   .341      .259E-03    .181E-03   -.239E-02    .000E+00      -1       -.005     .00
  13    -2.14    -284.06   .340      .251E-03    .180E-03   -.259E-02    .000E+00      -1       -.005     .00
  14    -2.29    -285.57   .340      .246E-03    .179E-03   -.278E-02    .000E+00      -1       -.005     .00
  15    -2.44    -287.18   .340      .242E-03    .178E-03   -.295E-02    .000E+00      -1       -.006     .00
  16    -2.59    -288.87   .340      .239E-03    .177E-03   -.310E-02    .000E+00      -1       -.006     .00
  17    -2.73    -290.63   .339      .235E-03    .176E-03   -.325E-02    .000E+00      -1       -.006     .00
  18    -2.87    -292.46   .339      .231E-03    .175E-03   -.339E-02    .000E+00      -1       -.007     .00
  19    -3.00    -294.35   .339      .227E-03    .174E-03   -.353E-02    .000E+00      -1       -.007     .00
  20    -3.13    -296.29   .339      .223E-03    .173E-03   -.366E-02    .000E+00      -1       -.007     .00
  21    -3.26    -298.31   .338      .219E-03    .171E-03   -.379E-02    .000E+00      -1       -.007     .00
  22    -3.38    -300.41   .338      .215E-03    .170E-03   -.391E-02    .000E+00      -1       -.008     .00
  23    -3.51    -302.59   .338      .210E-03    .169E-03   -.403E-02    .000E+00      -1       -.008     .00
  24    -3.63    -304.85   .337      .205E-03    .168E-03   -.414E-02    .000E+00      -1       -.008     .00
  25    -3.74    -307.18   .337      .200E-03    .166E-03   -.425E-02    .000E+00      -1       -.008     .00
  26    -3.86    -309.60   .336      .195E-03    .165E-03   -.436E-02    .000E+00      -1       -.008     .00
  27    -3.98    -312.11   .336      .190E-03    .164E-03   -.447E-02    .000E+00      -1       -.009     .00
  28    -4.09    -314.70   .336      .185E-03    .162E-03   -.456E-02    .000E+00      -1       -.009     .00
  29    -4.20    -317.38   .335      .179E-03    .161E-03   -.466E-02    .000E+00      -1       -.009     .00
  30    -4.31    -320.15   .335      .173E-03    .159E-03   -.475E-02    .000E+00      -1       -.009     .00
  31    -4.41    -323.02   .334      .167E-03    .157E-03   -.484E-02    .000E+00      -1       -.009     .00
  32    -4.51    -325.99   .334      .161E-03    .156E-03   -.492E-02    .000E+00      -1       -.009     .00
  33    -4.62    -329.08   .333      .154E-03    .154E-03   -.501E-02    .000E+00      -1       -.010     .00
  34    -4.71    -332.28   .333      .148E-03    .152E-03   -.508E-02    .000E+00      -1       -.010     .00
  35    -4.81    -335.62   .332      .141E-03    .150E-03   -.516E-02    .000E+00      -1       -.010     .00
  36    -4.91    -339.11   .332      .133E-03    .148E-03   -.523E-02    .000E+00      -1       -.010     .00
  37    -5.00    -342.77   .331      .126E-03    .146E-03   -.529E-02    .000E+00      -1       -.010     .00
  38    -5.09    -346.63   .331      .118E-03    .144E-03   -.536E-02    .000E+00      -1       -.010     .00
  39    -5.18    -350.73   .330      .109E-03    .141E-03   -.542E-02    .000E+00      -1       -.010     .00
  40    -5.26    -355.02   .329      .105E-03    .140E-03   -.547E-02    .000E+00      -1       -.011     .00
  41    -5.35    -359.37   .329      .102E-03    .138E-03   -.551E-02    .000E+00      -1       -.011     .00
  42    -5.43    -363.78   .328      .986E-04    .136E-03   -.555E-02    .000E+00      -1       -.011     .00
  43    -5.51    -368.26   .328      .952E-04    .135E-03   -.558E-02    .000E+00      -1       -.011     .00
  44    -5.58    -372.80   .327      .917E-04    .133E-03   -.561E-02    .000E+00      -1       -.011     .00
  45    -5.66    -377.40   .327      .882E-04    .131E-03   -.563E-02    .000E+00      -1       -.011     .00
  46    -5.73    -382.08   .326      .847E-04    .129E-03   -.565E-02    .000E+00      -1       -.011     .00
  47    -5.80    -386.82   .325      .811E-04    .128E-03   -.567E-02    .000E+00      -1       -.011     .00
  48    -5.87    -391.65   .325      .774E-04    .126E-03   -.568E-02    .000E+00      -1       -.011     .00
  49    -5.94    -396.56   .324      .737E-04    .124E-03   -.568E-02    .000E+00      -1       -.011     .00
  50    -6.00    -401.56   .324      .699E-04    .122E-03   -.568E-02    .000E+00      -1       -.011     .00
end


 Time:   133.270000

 Node    Depth      Head Moisture       K          C         Flux        Sink         Kappa   v/KsTop   Temp
         [L]       [L]     [-]        [L/T]      [1/L]      [L/T]        [1/T]         [-]      [-]      [C]

   1      .00    -458.35   .317      .393E-04    .103E-03   -.259E-04    .000E+00      -1        .000     .00
   2     -.20    -458.28   .317      .393E-04    .103E-03   -.514E-04    .000E+00      -1        .000     .00
   3     -.39    -458.47   .317      .392E-04    .103E-03   -.102E-03    .000E+00      -1        .000     .00
   4     -.59    -458.90   .317      .391E-04    .103E-03   -.152E-03    .000E+00      -1        .000     .00
   5     -.77    -459.56   .317      .389E-04    .103E-03   -.201E-03    .000E+00      -1        .000     .00
   6     -.96    -460.44   .317      .387E-04    .103E-03   -.248E-03    .000E+00      -1        .000     .00
   7    -1.14    -461.53   .317      .384E-04    .103E-03   -.294E-03    .000E+00      -1       -.001     .00
   8    -1.31    -462.82   .317      .381E-04    .102E-03   -.340E-03    .000E+00      -1       -.001     .00
   9    -1.49    -464.30   .317      .377E-04    .102E-03   -.384E-03    .000E+00      -1       -.001     .00
  10    -1.65    -465.95   .316      .372E-04    .101E-03   -.426E-03    .000E+00      -1       -.001     .00
  11    -1.82    -467.78   .316      .367E-04    .101E-03   -.468E-03    .000E+00      -1       -.001     .00
  12    -1.98    -469.78   .316      .362E-04    .100E-03   -.508E-03    .000E+00      -1       -.001     .00
  13    -2.14    -471.93   .316      .356E-04    .999E-04   -.548E-03    .000E+00      -1       -.001     .00
  14    -2.29    -474.24   .316      .350E-04    .994E-04   -.586E-03    .000E+00      -1       -.001     .00
  15    -2.44    -476.70   .315      .344E-04    .987E-04   -.622E-03    .000E+00      -1       -.001     .00
  16    -2.59    -479.29   .315      .337E-04    .981E-04   -.658E-03    .000E+00      -1       -.001     .00
  17    -2.73    -482.03   .315      .329E-04    .974E-04   -.693E-03    .000E+00      -1       -.001     .00
  18    -2.87    -484.90   .315      .322E-04    .967E-04   -.726E-03    .000E+00      -1       -.001     .00
  19    -3.00    -487.90   .314      .314E-04    .959E-04   -.758E-03    .000E+00      -1       -.001     .00
  20    -3.13    -491.01   .314      .306E-04    .951E-04   -.790E-03    .000E+00      -1       -.002     .00
  21    -3.26    -494.29   .314      .297E-04    .943E-04   -.820E-03    .000E+00      -1       -.002     .00
  22    -3.38    -497.74   .313      .288E-04    .934E-04   -.850E-03    .000E+00      -1       -.002     .00
  23    -3.51    -501.38   .313      .278E-04    .925E-04   -.879E-03    .000E+00      -1       -.002     .00
  24    -3.63    -505.22   .313      .268E-04    .915E-04   -.907E-03    .000E+00      -1       -.002     .00
  25    -3.74    -509.27   .312      .257E-04    .905E-04   -.935E-03    .000E+00      -1       -.002     .00
  26    -3.86    -513.55   .312      .245E-04    .894E-04   -.963E-03    .000E+00      -1       -.002     .00
  27    -3.98    -518.10   .311      .233E-04    .883E-04   -.990E-03    .000E+00      -1       -.002     .00
  28    -4.09    -522.94   .311      .220E-04    .871E-04   -.102E-02    .000E+00      -1       -.002     .00
  29    -4.20    -528.13   .310      .207E-04    .858E-04   -.104E-02    .000E+00      -1       -.002     .00
  30    -4.31    -533.74   .310      .192E-04    .844E-04   -.107E-02    .000E+00      -1       -.002     .00
  31    -4.41    -539.67   .309      .186E-04    .834E-04   -.109E-02    .000E+00      -1       -.002     .00
  32    -4.51    -545.77   .309      .181E-04    .824E-04   -.111E-02    .000E+00      -1       -.002     .00
  33    -4.62    -552.04   .309      .175E-04    .814E-04   -.113E-02    .000E+00      -1       -.002     .00
  34    -4.71    -558.49   .308      .169E-04    .804E-04   -.115E-02    .000E+00      -1       -.002     .00
  35    -4.81    -565.12   .308      .163E-04    .793E-04   -.116E-02    .000E+00      -1       -.002     .00
  36    -4.91    -571.95   .307      .157E-04    .782E-04   -.118E-02    .000E+00      -1       -.002     .00
  37    -5.00    -578.98   .307      .151E-04    .770E-04   -.119E-02    .000E+00      -1       -.002     .00
  38    -5.09    -586.25   .306      .144E-04    .759E-04   -.121E-02    .000E+00      -1       -.002     .00
  39    -5.18    -593.76   .306      .137E-04    .746E-04   -.122E-02    .000E+00      -1       -.002     .00
  40    -5.26    -601.56   .305      .130E-04    .734E-04   -.123E-02    .000E+00      -1       -.002     .00
  41    -5.35    -609.66   .304      .123E-04    .721E-04   -.124E-02    .000E+00      -1       -.002     .00
  42    -5.43    -618.14   .304      .115E-04    .707E-04   -.125E-02    .000E+00      -1       -.002     .00
  43    -5.51    -627.05   .303      .107E-04    .693E-04   -.126E-02    .000E+00      -1       -.002     .00
  44    -5.58    -636.49   .302      .981E-05    .677E-04   -.127E-02    .000E+00      -1       -.002     .00
  45    -5.66    -646.60   .302      .889E-05    .661E-04   -.128E-02    .000E+00      -1       -.002     .00
  46    -5.73    -657.61   .301      .789E-05    .643E-04   -.128E-02    .000E+00      -1       -.002     .00
  47    -5.80    -669.31   .300      .751E-05    .631E-04   -.129E-02    .000E+00      -1       -.002     .00
  48    -5.87    -681.25   .299      .714E-05    .619E-04   -.129E-02    .000E+00      -1       -.002     .00
  49    -5.94    -693.44   .299      .677E-05    .606E-04   -.129E-02    .000E+00      -1       -.002     .00
  50    -6.00    -705.93   .298      .639E-05    .594E-04   -.129E-02    .000E+00      -1       -.002     .00
end


 Time:   152.310000

 Node    Depth      Head Moisture       K          C         Flux        Sink         Kappa   v/KsTop   Temp
         [L]       [L]     [-]        [L/T]      [1/L]      [L/T]        [1/T]         [-]      [-]      [C]

   1      .00    -499.85   .313      .282E-04    .929E-04   -.172E-04    .000E+00      -1        .000     .00
   2     -.20    -499.78   .313      .282E-04    .929E-04   -.340E-04    .000E+00      -1        .000     .00
   3     -.39    -499.94   .313      .282E-04    .929E-04   -.677E-04    .000E+00      -1        .000     .00
   4     -.59    -500.32   .313      .281E-04    .928E-04   -.101E-03    .000E+00      -1        .000     .00
   5     -.77    -500.92   .313      .279E-04    .926E-04   -.133E-03    .000E+00      -1        .000     .00
   6     -.96    -501.72   .313      .277E-04    .924E-04   -.165E-03    .000E+00      -1        .000     .00
   7    -1.14    -502.72   .313      .274E-04    .922E-04   -.196E-03    .000E+00      -1        .000     .00
   8    -1.31    -503.91   .313      .271E-04    .919E-04   -.226E-03    .000E+00      -1        .000     .00
   9    -1.49    -505.28   .313      .267E-04    .915E-04   -.256E-03    .000E+00      -1        .000     .00
  10    -1.65    -506.84   .313      .263E-04    .911E-04   -.285E-03    .000E+00      -1       -.001     .00
  11    -1.82    -508.56   .312      .259E-04    .907E-04   -.314E-03    .000E+00      -1       -.001     .00
  12    -1.98    -510.46   .312      .254E-04    .902E-04   -.342E-03    .000E+00      -1       -.001     .00
  13    -2.14    -512.53   .312      .248E-04    .897E-04   -.369E-03    .000E+00      -1       -.001     .00
  14    -2.29    -514.77   .312      .242E-04    .891E-04   -.396E-03    .000E+00      -1       -.001     .00
  15    -2.44    -517.18   .312      .236E-04    .885E-04   -.422E-03    .000E+00      -1       -.001     .00
  16    -2.59    -519.77   .311      .229E-04    .879E-04   -.448E-03    .000E+00      -1       -.001     .00
  17    -2.73    -522.53   .311      .222E-04    .872E-04   -.474E-03    .000E+00      -1       -.001     .00
  18    -2.87    -525.47   .311      .214E-04    .864E-04   -.499E-03    .000E+00      -1       -.001     .00
  19    -3.00    -528.62   .310      .205E-04    .856E-04   -.524E-03    .000E+00      -1       -.001     .00
  20    -3.13    -531.95   .310      .196E-04    .848E-04   -.548E-03    .000E+00      -1       -.001     .00
  21    -3.26    -535.51   .310      .190E-04    .841E-04   -.570E-03    .000E+00      -1       -.001     .00
  22    -3.38    -539.24   .310      .187E-04    .835E-04   -.588E-03    .000E+00      -1       -.001     .00
  23    -3.51    -543.09   .309      .183E-04    .828E-04   -.606E-03    .000E+00      -1       -.001     .00
  24    -3.63    -547.06   .309      .180E-04    .822E-04   -.623E-03    .000E+00      -1       -.001     .00
  25    -3.74    -551.16   .309      .176E-04    .815E-04   -.640E-03    .000E+00      -1       -.001     .00
  26    -3.86    -555.38   .308      .172E-04    .809E-04   -.656E-03    .000E+00      -1       -.001     .00
  27    -3.98    -559.73   .308      .168E-04    .802E-04   -.671E-03    .000E+00      -1       -.001     .00
  28    -4.09    -564.19   .308      .164E-04    .794E-04   -.685E-03    .000E+00      -1       -.001     .00
  29    -4.20    -568.78   .307      .160E-04    .787E-04   -.699E-03    .000E+00      -1       -.001     .00
  30    -4.31    -573.50   .307      .156E-04    .779E-04   -.713E-03    .000E+00      -1       -.001     .00
  31    -4.41    -578.34   .307      .151E-04    .771E-04   -.725E-03    .000E+00      -1       -.001     .00
  32    -4.51    -583.32   .306      .147E-04    .763E-04   -.737E-03    .000E+00      -1       -.001     .00
  33    -4.62    -588.43   .306      .142E-04    .755E-04   -.749E-03    .000E+00      -1       -.001     .00
  34    -4.71    -593.68   .306      .137E-04    .747E-04   -.760E-03    .000E+00      -1       -.001     .00
  35    -4.81    -599.08   .305      .132E-04    .738E-04   -.770E-03    .000E+00      -1       -.001     .00
  36    -4.91    -604.64   .305      .127E-04    .729E-04   -.780E-03    .000E+00      -1       -.001     .00
  37    -5.00    -610.37   .304      .122E-04    .720E-04   -.789E-03    .000E+00      -1       -.002     .00
  38    -5.09    -616.28   .304      .117E-04    .710E-04   -.797E-03    .000E+00      -1       -.002     .00
  39    -5.18    -622.39   .303      .111E-04    .700E-04   -.805E-03    .000E+00      -1       -.002     .00
  40    -5.26    -628.73   .303      .105E-04    .690E-04   -.812E-03    .000E+00      -1       -.002     .00
  41    -5.35    -635.32   .302      .992E-05    .679E-04   -.819E-03    .000E+00      -1       -.002     .00
  42    -5.43    -642.22   .302      .929E-05    .668E-04   -.825E-03    .000E+00      -1       -.002     .00
  43    -5.51    -649.47   .301      .863E-05    .656E-04   -.831E-03    .000E+00      -1       -.002     .00
  44    -5.58    -657.15   .301      .793E-05    .644E-04   -.836E-03    .000E+00      -1       -.002     .00
  45    -5.66    -665.14   .300      .764E-05    .635E-04   -.839E-03    .000E+00      -1       -.002     .00
  46    -5.73    -673.21   .300      .739E-05    .627E-04   -.842E-03    .000E+00      -1       -.002     .00
  47    -5.80    -681.32   .299      .714E-05    .619E-04   -.844E-03    .000E+00      -1       -.002     .00
  48    -5.87    -689.48   .299      .689E-05    .610E-04   -.845E-03    .000E+00      -1       -.002     .00
  49    -5.94    -697.68   .299      .664E-05    .602E-04   -.846E-03    .000E+00      -1       -.002     .00
  50    -6.00    -705.92   .298      .639E-05    .594E-04   -.846E-03    .000E+00      -1       -.002     .00
end


 Time:   171.350000

 Node    Depth      Head Moisture       K          C         Flux        Sink         Kappa   v/KsTop   Temp
         [L]       [L]     [-]        [L/T]      [1/L]      [L/T]        [1/T]         [-]      [-]      [C]

   1      .00    -530.04   .310      .201E-04    .853E-04   -.143E-04    .000E+00      -1        .000     .00
   2     -.20    -529.98   .310      .202E-04    .853E-04   -.285E-04    .000E+00      -1        .000     .00
   3     -.39    -530.20   .310      .201E-04    .852E-04   -.568E-04    .000E+00      -1        .000     .00
   4     -.59    -530.69   .310      .200E-04    .851E-04   -.848E-04    .000E+00      -1        .000     .00
   5     -.77    -531.44   .310      .198E-04    .849E-04   -.113E-03    .000E+00      -1        .000     .00
   6     -.96    -532.44   .310      .195E-04    .847E-04   -.141E-03    .000E+00      -1        .000     .00
   7    -1.14    -533.70   .310      .192E-04    .844E-04   -.168E-03    .000E+00      -1        .000     .00
   8    -1.31    -535.20   .310      .190E-04    .841E-04   -.193E-03    .000E+00      -1        .000     .00
   9    -1.49    -536.89   .310      .189E-04    .838E-04   -.214E-03    .000E+00      -1        .000     .00
  10    -1.65    -538.73   .310      .187E-04    .836E-04   -.235E-03    .000E+00      -1        .000     .00
  11    -1.82    -540.73   .309      .185E-04    .832E-04   -.254E-03    .000E+00      -1        .000     .00
  12    -1.98    -542.88   .309      .183E-04    .829E-04   -.273E-03    .000E+00      -1       -.001     .00
  13    -2.14    -545.16   .309      .181E-04    .825E-04   -.292E-03    .000E+00      -1       -.001     .00
  14    -2.29    -547.56   .309      .179E-04    .821E-04   -.310E-03    .000E+00      -1       -.001     .00
  15    -2.44    -550.09   .309      .177E-04    .817E-04   -.327E-03    .000E+00      -1       -.001     .00
  16    -2.59    -552.72   .309      .174E-04    .813E-04   -.343E-03    .000E+00      -1       -.001     .00
  17    -2.73    -555.46   .308      .172E-04    .808E-04   -.359E-03    .000E+00      -1       -.001     .00
  18    -2.87    -558.28   .308      .169E-04    .804E-04   -.374E-03    .000E+00      -1       -.001     .00
  19    -3.00    -561.20   .308      .167E-04    .799E-04   -.388E-03    .000E+00      -1       -.001     .00
  20    -3.13    -564.17   .308      .164E-04    .794E-04   -.402E-03    .000E+00      -1       -.001     .00
  21    -3.26    -567.24   .307      .161E-04    .789E-04   -.416E-03    .000E+00      -1       -.001     .00
  22    -3.38    -570.43   .307      .158E-04    .784E-04   -.428E-03    .000E+00      -1       -.001     .00
  23    -3.51    -573.72   .307      .155E-04    .779E-04   -.441E-03    .000E+00      -1       -.001     .00
  24    -3.63    -577.11   .307      .152E-04    .773E-04   -.453E-03    .000E+00      -1       -.001     .00
  25    -3.74    -580.60   .306      .149E-04    .768E-04   -.464E-03    .000E+00      -1       -.001     .00
  26    -3.86    -584.20   .306      .146E-04    .762E-04   -.475E-03    .000E+00      -1       -.001     .00
  27    -3.98    -587.89   .306      .142E-04    .756E-04   -.486E-03    .000E+00      -1       -.001     .00
  28    -4.09    -591.70   .306      .139E-04    .750E-04   -.496E-03    .000E+00      -1       -.001     .00
  29    -4.20    -595.60   .305      .135E-04    .744E-04   -.506E-03    .000E+00      -1       -.001     .00
  30    -4.31    -599.61   .305      .132E-04    .737E-04   -.515E-03    .000E+00      -1       -.001     .00
  31    -4.41    -603.72   .305      .128E-04    .730E-04   -.524E-03    .000E+00      -1       -.001     .00
  32    -4.51    -607.95   .304      .124E-04    .724E-04   -.532E-03    .000E+00      -1       -.001     .00
  33    -4.62    -612.28   .304      .120E-04    .717E-04   -.540E-03    .000E+00      -1       -.001     .00
  34    -4.71    -616.74   .304      .116E-04    .709E-04   -.547E-03    .000E+00      -1       -.001     .00
  35    -4.81    -621.32   .303      .112E-04    .702E-04   -.554E-03    .000E+00      -1       -.001     .00
  36    -4.91    -626.03   .303      .108E-04    .694E-04   -.561E-03    .000E+00      -1       -.001     .00
  37    -5.00    -630.88   .303      .103E-04    .686E-04   -.567E-03    .000E+00      -1       -.001     .00
  38    -5.09    -635.89   .302      .987E-05    .678E-04   -.573E-03    .000E+00      -1       -.001     .00
  39    -5.18    -641.07   .302      .939E-05    .670E-04   -.578E-03    .000E+00      -1       -.001     .00
  40    -5.26    -646.43   .302      .890E-05    .661E-04   -.584E-03    .000E+00      -1       -.001     .00
  41    -5.35    -652.02   .301      .840E-05    .652E-04   -.588E-03    .000E+00      -1       -.001     .00
  42    -5.43    -657.85   .301      .786E-05    .643E-04   -.592E-03    .000E+00      -1       -.001     .00
  43    -5.51    -663.84   .300      .768E-05    .637E-04   -.596E-03    .000E+00      -1       -.001     .00
  44    -5.58    -669.83   .300      .749E-05    .630E-04   -.598E-03    .000E+00      -1       -.001     .00
  45    -5.66    -675.82   .300      .731E-05    .624E-04   -.601E-03    .000E+00      -1       -.001     .00
  46    -5.73    -681.81   .299      .713E-05    .618E-04   -.603E-03    .000E+00      -1       -.001     .00
  47    -5.80    -687.80   .299      .694E-05    .612E-04   -.607E-03    .000E+00      -1       -.001     .00
  48    -5.87    -693.80   .299      .676E-05    .606E-04   -.612E-03    .000E+00      -1       -.001     .00
  49    -5.94    -699.84   .298      .658E-05    .600E-04   -.620E-03    .000E+00      -1       -.001     .00
  50    -6.00    -705.93   .298      .639E-05    .594E-04   -.624E-03    .000E+00      -1       -.001     .00
end


 Time:   190.384000

 Node    Depth      Head Moisture       K          C         Flux        Sink         Kappa   v/KsTop   Temp
         [L]       [L]     [-]        [L/T]      [1/L]      [L/T]        [1/T]         [-]      [-]      [C]

   1      .00    -560.59   .308      .167E-04    .800E-04   -.101E-04    .000E+00      -1        .000     .00
   2     -.20    -560.52   .308      .167E-04    .800E-04   -.200E-04    .000E+00      -1        .000     .00
   3     -.39    -560.67   .308      .167E-04    .800E-04   -.397E-04    .000E+00      -1        .000     .00
   4     -.59    -561.05   .308      .167E-04    .799E-04   -.590E-04    .000E+00      -1        .000     .00
   5     -.77    -561.63   .308      .166E-04    .798E-04   -.778E-04    .000E+00      -1        .000     .00
   6     -.96    -562.41   .308      .166E-04    .797E-04   -.962E-04    .000E+00      -1        .000     .00
   7    -1.14    -563.38   .308      .165E-04    .796E-04   -.114E-03    .000E+00      -1        .000     .00
   8    -1.31    -564.53   .308      .164E-04    .794E-04   -.131E-03    .000E+00      -1        .000     .00
   9    -1.49    -565.83   .308      .163E-04    .792E-04   -.148E-03    .000E+00      -1        .000     .00
  10    -1.65    -567.30   .307      .161E-04    .789E-04   -.165E-03    .000E+00      -1        .000     .00
  11    -1.82    -568.90   .307      .160E-04    .787E-04   -.180E-03    .000E+00      -1        .000     .00
  12    -1.98    -570.65   .307      .158E-04    .784E-04   -.196E-03    .000E+00      -1        .000     .00
  13    -2.14    -572.52   .307      .156E-04    .781E-04   -.210E-03    .000E+00      -1        .000     .00
  14    -2.29    -574.51   .307      .155E-04    .778E-04   -.224E-03    .000E+00      -1        .000     .00
  15    -2.44    -576.62   .307      .153E-04    .774E-04   -.238E-03    .000E+00      -1        .000     .00
  16    -2.59    -578.82   .307      .151E-04    .771E-04   -.251E-03    .000E+00      -1        .000     .00
  17    -2.73    -581.12   .306      .149E-04    .767E-04   -.264E-03    .000E+00      -1       -.001     .00
  18    -2.87    -583.51   .306      .146E-04    .763E-04   -.276E-03    .000E+00      -1       -.001     .00
  19    -3.00    -585.98   .306      .144E-04    .759E-04   -.287E-03    .000E+00      -1       -.001     .00
  20    -3.13    -588.50   .306      .142E-04    .755E-04   -.298E-03    .000E+00      -1       -.001     .00
  21    -3.26    -591.13   .306      .139E-04    .751E-04   -.309E-03    .000E+00      -1       -.001     .00
  22    -3.38    -593.85   .306      .137E-04    .746E-04   -.319E-03    .000E+00      -1       -.001     .00
  23    -3.51    -596.66   .305      .134E-04    .742E-04   -.329E-03    .000E+00      -1       -.001     .00
  24    -3.63    -599.57   .305      .132E-04    .737E-04   -.338E-03    .000E+00      -1       -.001     .00
  25    -3.74    -602.57   .305      .129E-04    .732E-04   -.347E-03    .000E+00      -1       -.001     .00
  26    -3.86    -605.66   .305      .126E-04    .727E-04   -.356E-03    .000E+00      -1       -.001     .00
  27    -3.98    -608.85   .304      .123E-04    .722E-04   -.364E-03    .000E+00      -1       -.001     .00
  28    -4.09    -612.13   .304      .120E-04    .717E-04   -.372E-03    .000E+00      -1       -.001     .00
  29    -4.20    -615.50   .304      .117E-04    .711E-04   -.380E-03    .000E+00      -1       -.001     .00
  30    -4.31    -618.96   .304      .114E-04    .706E-04   -.387E-03    .000E+00      -1       -.001     .00
  31    -4.41    -622.52   .303      .111E-04    .700E-04   -.394E-03    .000E+00      -1       -.001     .00
  32    -4.51    -626.18   .303      .108E-04    .694E-04   -.401E-03    .000E+00      -1       -.001     .00
  33    -4.62    -629.94   .303      .104E-04    .688E-04   -.407E-03    .000E+00      -1       -.001     .00
  34    -4.71    -633.81   .303      .101E-04    .682E-04   -.413E-03    .000E+00      -1       -.001     .00
  35    -4.81    -637.78   .302      .969E-05    .675E-04   -.418E-03    .000E+00      -1       -.001     .00
  36    -4.91    -641.88   .302      .932E-05    .669E-04   -.424E-03    .000E+00      -1       -.001     .00
  37    -5.00    -646.10   .302      .893E-05    .662E-04   -.428E-03    .000E+00      -1       -.001     .00
  38    -5.09    -650.46   .301      .854E-05    .655E-04   -.433E-03    .000E+00      -1       -.001     .00
  39    -5.18    -654.97   .301      .813E-05    .647E-04   -.437E-03    .000E+00      -1       -.001     .00
  40    -5.26    -659.62   .301      .780E-05    .641E-04   -.441E-03    .000E+00      -1       -.001     .00
  41    -5.35    -664.32   .300      .766E-05    .636E-04   -.444E-03    .000E+00      -1       -.001     .00
  42    -5.43    -669.01   .300      .752E-05    .631E-04   -.446E-03    .000E+00      -1       -.001     .00
  43    -5.51    -673.69   .300      .737E-05    .627E-04   -.448E-03    .000E+00      -1       -.001     .00
  44    -5.58    -678.35   .300      .723E-05    .622E-04   -.450E-03    .000E+00      -1       -.001     .00
  45    -5.66    -682.99   .299      .709E-05    .617E-04   -.451E-03    .000E+00      -1       -.001     .00
  46    -5.73    -687.59   .299      .695E-05    .612E-04   -.452E-03    .000E+00      -1       -.001     .00
  47    -5.80    -692.16   .299      .681E-05    .608E-04   -.453E-03    .000E+00      -1       -.001     .00
  48    -5.87    -696.69   .299      .667E-05    .603E-04   -.454E-03    .000E+00      -1       -.001     .00
  49    -5.94    -701.17   .298      .654E-05    .598E-04   -.454E-03    .000E+00      -1       -.001     .00
  50    -6.00    -705.60   .298      .640E-05    .594E-04   -.454E-03    .000E+00      -1       -.001     .00
end
