 ******* Program HYDRUS
 ******* Multistep Outflow - Data from Jan Hopmans                              
  
 Date:   1.10.    Time:  14:13:49
 Units: L = cm   , T = hours, M = mmol 


  TLevel   Time         dt      Iter  ItCum  KodT  KodB  Convergency

     1  .10000E-01  .10000E-01    9     9    -4     3     T
     2  .17138E-01  .71375E-02    8    17    -4     3     T
     3  .22134E-01  .49963E-02    5    22    -4     3     T
     4  .27130E-01  .49962E-02    4    26    -4     3     T
     5  .32126E-01  .49963E-02    4    30    -4     3     T
     6  .37123E-01  .49963E-02    3    33    -4     3     T
     7  .43118E-01  .59955E-02    3    36    -4     3     T
     8  .51112E-01  .79940E-02    3    39    -4     3     T
     9  .67100E-01  .15988E-01    4    43    -4     3     T
    10  .75450E-01  .83500E-02    2    45    -4     3     T
    11  .83800E-01  .83500E-02    2    47    -4     3     T
    12  .91900E-01  .81000E-02    2    49    -4     3     T
    13  .10000E+00  .81000E-02    2    51    -4     3     T
    14  .10050E+00  .50000E-03    2    53    -4     3     T
    15  .11050E+00  .10000E-01    2    55    -4     3     T
    16  .12215E+00  .11650E-01    2    57    -4     3     T
    17  .13380E+00  .11650E-01    2    59    -4     3     T
    18  .14380E+00  .10000E-01    2    61    -4     3     T
    19  .15545E+00  .11650E-01    2    63    -4     3     T
    20  .16710E+00  .11650E-01    2    65    -4     3     T
    21  .17710E+00  .10000E-01    2    67    -4     3     T
    22  .18855E+00  .11450E-01    2    69    -4     3     T
    23  .20000E+00  .11450E-01    2    71    -4     3     T
    24  .20050E+00  .49999E-03    2    73    -4     3     T
    25  .21050E+00  .10000E-01    2    75    -4     3     T
    26  .22383E+00  .13333E-01    2    77    -4     3     T
    27  .23717E+00  .13333E-01    2    79    -4     3     T
    28  .25050E+00  .13333E-01    2    81    -4     3     T
    29  .26050E+00  .10000E-01    2    83    -4     3     T
    30  .27336E+00  .12857E-01    2    85    -4     3     T
    31  .28879E+00  .15429E-01    2    87    -4     3     T
    32  .30936E+00  .20571E-01    2    89    -4     3     T
    33  .35050E+00  .41143E-01    2    91    -4     3     T
    34  .36050E+00  .10000E-01    2    93    -4     3     T
    35  .37336E+00  .12857E-01    2    95    -4     3     T
    36  .38879E+00  .15429E-01    2    97    -4     3     T
    37  .40936E+00  .20571E-01    2    99    -4     3     T
    38  .45050E+00  .41143E-01    2   101    -4     3     T
    39  .46022E+00  .97167E-02    2   103    -4     3     T
    40  .47358E+00  .13360E-01    2   105    -4     3     T
    41  .48916E+00  .15587E-01    2   107    -4     3     T
    42  .50865E+00  .19484E-01    2   109    -4     3     T
    43  .53787E+00  .29226E-01    2   111    -4     3     T
    44  .56710E+00  .29226E-01    2   113    -4     3     T
    45  .57691E+00  .98059E-02    2   115    -4     3     T
    46  .58998E+00  .13075E-01    2   117    -4     3     T
    47  .60596E+00  .15980E-01    2   119    -4     3     T
    48  .62727E+00  .21307E-01    2   121    -4     3     T
    49  .65390E+00  .26633E-01    2   123    -4     3     T
    50  .69385E+00  .39950E-01    2   125    -4     3     T
    51  .73380E+00  .39950E-01    2   127    -4     3     T
    52  .74380E+00  .10000E-01    2   129    -4     3     T
    53  .75681E+00  .13014E-01    2   131    -4     3     T
    54  .77417E+00  .17352E-01    2   133    -4     3     T
    55  .79625E+00  .22085E-01    2   135    -4     3     T
    56  .82386E+00  .27606E-01    2   137    -4     3     T
    57  .86251E+00  .38648E-01    2   139    -4     3     T
    58  .91404E+00  .51531E-01    2   141    -4     3     T
    59  .96557E+00  .51531E-01    2   143    -4     3     T
    60  .10171E+01  .51531E-01    2   145    -4     3     T
    61  .10271E+01  .10000E-01    2   147    -4     3     T
    62  .10400E+01  .12876E-01    2   149    -4     3     T
    63  .10571E+01  .17168E-01    2   151    -4     3     T
    64  .10786E+01  .21460E-01    2   153    -4     3     T
    65  .11079E+01  .29263E-01    2   155    -4     3     T
    66  .11444E+01  .36579E-01    2   157    -4     3     T
    67  .11957E+01  .51211E-01    2   159    -4     3     T
    68  .12639E+01  .68281E-01    2   161    -4     3     T
    69  .13322E+01  .68281E-01    2   163    -4     3     T
    70  .14005E+01  .68281E-01    2   165    -4     3     T
    71  .14105E+01  .10000E-01    2   167    -4     3     T
    72  .14236E+01  .13082E-01    2   169    -4     3     T
    73  .14406E+01  .17007E-01    2   171    -4     3     T
    74  .14630E+01  .22419E-01    2   173    -4     3     T
    75  .14924E+01  .29424E-01    2   175    -4     3     T
    76  .15292E+01  .36781E-01    2   177    -4     3     T
    77  .15798E+01  .50573E-01    2   179    -4     3     T
    78  .16388E+01  .59002E-01    2   181    -4     3     T
    79  .17125E+01  .73753E-01    2   183    -4     3     T
    80  .18232E+01  .11063E+00    2   185    -4     3     T
    81  .19338E+01  .11063E+00    2   187    -4     3     T
    82  .19438E+01  .10000E-01    2   189    -4     3     T
    83  .19568E+01  .13004E-01    2   191    -4     3     T
    84  .19737E+01  .16857E-01    2   193    -4     3     T
    85  .19955E+01  .21791E-01    2   195    -4     3     T
    86  .20236E+01  .28118E-01    2   197    -4     3     T
    87  .20602E+01  .36675E-01    2   199    -4     3     T
    88  .21077E+01  .47462E-01    2   201    -4     3     T
    89  .21710E+01  .63283E-01    2   203    -4     3     T
    90  .22483E+01  .77346E-01    2   205    -4     3     T
    91  .23515E+01  .10313E+00    2   207    -4     3     T
    92  .24804E+01  .12891E+00    2   209    -4     3     T
    93  .26737E+01  .19336E+00    2   211    -4     3     T
    94  .28671E+01  .19336E+00    2   213    -4     3     T
    95  .28771E+01  .10000E-01    2   215    -4     3     T
    96  .28901E+01  .12975E-01    2   217    -4     3     T
    97  .29069E+01  .16800E-01    2   219    -4     3     T
    98  .29288E+01  .21926E-01    2   221    -4     3     T
    99  .29571E+01  .28260E-01    2   223    -4     3     T
   100  .29947E+01  .37680E-01    2   225    -4     3     T
   101  .30430E+01  .48230E-01    2   227    -4     3     T
   102  .31073E+01  .64307E-01    2   229    -4     3     T
   103  .31914E+01  .84094E-01    2   231    -4     3     T
   104  .32923E+01  .10091E+00    2   233    -4     3     T
   105  .34220E+01  .12974E+00    2   235    -4     3     T
   106  .36166E+01  .19462E+00    2   237    -4     3     T
   107  .38113E+01  .19462E+00    2   239    -4     3     T
   108  .42005E+01  .38923E+00    2   241    -4     3     T
   109  .42105E+01  .10000E-01    2   243    -4     3     T
   110  .42235E+01  .12994E-01    2   245    -4     3     T
   111  .42404E+01  .16892E-01    2   247    -4     3     T
   112  .42625E+01  .22089E-01    2   249    -4     3     T
   113  .42909E+01  .28400E-01    2   251    -4     3     T
   114  .43278E+01  .36974E-01    2   253    -4     3     T
   115  .43759E+01  .48066E-01    2   255    -4     3     T
   116  .44384E+01  .62486E-01    2   257    -4     3     T
   117  .45208E+01  .82368E-01    2   259    -4     3     T
   118  .46289E+01  .10811E+00    2   261    -4     3     T
   119  .47640E+01  .13514E+00    2   263    -4     3     T
   120  .49498E+01  .18581E+00    2   265    -4     3     T
   121  .51666E+01  .21678E+00    2   267    -4     3     T
   122  .54376E+01  .27097E+00    2   269    -4     3     T
   123  .58440E+01  .40646E+00    2   271    -4     3     T
   124  .62505E+01  .40646E+00    2   273    -4     3     T
   125  .62605E+01  .99862E-02    2   275    -4     3     T
   126  .62735E+01  .12998E-01    2   277    -4     3     T
   127  .62903E+01  .16853E-01    2   279    -4     3     T
   128  .63124E+01  .22061E-01    2   281    -4     3     T
   129  .63410E+01  .28627E-01    2   283    -4     3     T
   130  .63782E+01  .37126E-01    2   285    -4     3     T
   131  .64269E+01  .48728E-01    2   287    -4     3     T
   132  .64905E+01  .63617E-01    2   289    -4     3     T
   133  .65730E+01  .82467E-01    2   291    -4     3     T
   134  .66802E+01  .10721E+00    2   293    -4     3     T
   135  .68160E+01  .13580E+00    2   295    -4     3     T
   136  .69888E+01  .17283E+00    2   297    -4     3     T
   137  .72357E+01  .24690E+00    2   299    -4     3     T
   138  .75320E+01  .29628E+00    2   301    -4     3     T
   139  .79270E+01  .39504E+00    2   303    -4     3     T
   140  .83221E+01  .39504E+00    2   305    -4     3     T
   141  .87171E+01  .39504E+00    2   307    -4     3     T
   142  .87271E+01  .99841E-02    2   309    -4     3     T
   143  .87401E+01  .13017E-01    2   311    -4     3     T
   144  .87570E+01  .16890E-01    2   313    -4     3     T
   145  .87790E+01  .22031E-01    2   315    -4     3     T
   146  .88077E+01  .28640E-01    2   317    -4     3     T
   147  .88449E+01  .37286E-01    2   319    -4     3     T
   148  .88934E+01  .48471E-01    2   321    -4     3     T
   149  .89564E+01  .63013E-01    2   323    -4     3     T
   150  .90395E+01  .83062E-01    2   325    -4     3     T
   151  .91485E+01  .10902E+00    2   327    -4     3     T
   152  .92848E+01  .13627E+00    2   329    -4     3     T
   153  .94722E+01  .18738E+00    2   331    -4     3     T
   154  .96908E+01  .21861E+00    2   333    -4     3     T
   155  .99640E+01  .27326E+00    2   335    -4     3     T
   156  .10374E+02  .40989E+00    2   337    -4     3     T
   157  .10784E+02  .40989E+00    2   339    -4     3     T
   158  .10794E+02  .10000E-01    2   341    -4     3     T
   159  .10807E+02  .12986E-01    2   343    -4     3     T
   160  .10824E+02  .16951E-01    2   345    -4     3     T
   161  .10846E+02  .21827E-01    2   347    -4     3     T
   162  .10874E+02  .28573E-01    2   349    -4     3     T
   163  .10911E+02  .36737E-01    2   351    -4     3     T
   164  .10959E+02  .48588E-01    2   353    -4     3     T
   165  .11023E+02  .63376E-01    2   355    -4     3     T
   166  .11105E+02  .82015E-01    2   357    -4     3     T
   167  .11214E+02  .10935E+00    2   359    -4     3     T
   168  .11348E+02  .13365E+00    2   361    -4     3     T
   169  .11526E+02  .17821E+00    2   363    -4     3     T
   170  .11749E+02  .22276E+00    2   365    -4     3     T
   171  .12083E+02  .33414E+00    2   367    -4     3     T
   172  .12417E+02  .33414E+00    2   369    -4     3     T
   173  .12427E+02  .10000E-01    8   377    -4     3     T
   174  .12435E+02  .77998E-02    7   384    -4     3     T
   175  .12440E+02  .51998E-02    4   388    -4     3     T
   176  .12445E+02  .51999E-02    4   392    -4     3     T
   177  .12450E+02  .52004E-02    4   396    -4     3     T
   178  .12460E+02  .10000E-01    4   400    -4     3     T
   179  .12470E+02  .10000E-01    4   404    -4     3     T
   180  .12481E+02  .99999E-02    3   407    -4     3     T
   181  .12490E+02  .99998E-02    2   409    -4     3     T
   182  .12500E+02  .10000E-01    2   411    -4     3     T
   183  .12510E+02  .10000E-01    2   413    -4     3     T
   184  .12524E+02  .13700E-01    2   415    -4     3     T
   185  .12542E+02  .18267E-01    2   417    -4     3     T
   186  .12565E+02  .22833E-01    2   419    -4     3     T
   187  .12600E+02  .34250E-01    3   422    -4     3     T
   188  .12634E+02  .34249E-01    2   424    -4     3     T
   189  .12644E+02  .98059E-02    2   426    -4     3     T
   190  .12657E+02  .13075E-01    2   428    -4     3     T
   191  .12673E+02  .15980E-01    2   430    -4     3     T
   192  .12694E+02  .21307E-01    2   432    -4     3     T
   193  .12721E+02  .26633E-01    2   434    -4     3     T
   194  .12761E+02  .39950E-01    2   436    -4     3     T
   195  .12800E+02  .39950E-01    2   438    -4     3     T
   196  .12810E+02  .98000E-02    2   440    -4     3     T
   197  .12823E+02  .13067E-01    2   442    -4     3     T
   198  .12839E+02  .15970E-01    2   444    -4     3     T
   199  .12861E+02  .21294E-01    2   446    -4     3     T
   200  .12887E+02  .26618E-01    2   448    -4     3     T
   201  .12927E+02  .39927E-01    2   450    -4     3     T
   202  .12967E+02  .39927E-01    2   452    -4     3     T
   203  .12977E+02  .10000E-01    2   454    -4     3     T
   204  .12990E+02  .13333E-01    2   456    -4     3     T
   205  .13008E+02  .17436E-01    2   458    -4     3     T
   206  .13029E+02  .20923E-01    2   460    -4     3     T
   207  .13056E+02  .26901E-01    2   462    -4     3     T
   208  .13096E+02  .40352E-01    2   464    -4     3     T
   209  .13136E+02  .40352E-01    2   466    -4     3     T
   210  .13217E+02  .80703E-01    2   468    -4     3     T
   211  .13227E+02  .10000E-01    2   470    -4     3     T
   212  .13240E+02  .13333E-01    2   472    -4     3     T
   213  .13258E+02  .17436E-01    2   474    -4     3     T
   214  .13279E+02  .20923E-01    2   476    -4     3     T
   215  .13306E+02  .26901E-01    2   478    -4     3     T
   216  .13346E+02  .40352E-01    2   480    -4     3     T
   217  .13386E+02  .40352E-01    2   482    -4     3     T
   218  .13467E+02  .80703E-01    2   484    -4     3     T
   219  .13477E+02  .10000E-01    2   486    -4     3     T
   220  .13490E+02  .12936E-01    2   488    -4     3     T
   221  .13507E+02  .17248E-01    2   490    -4     3     T
   222  .13530E+02  .22555E-01    2   492    -4     3     T
   223  .13560E+02  .30073E-01    2   494    -4     3     T
   224  .13600E+02  .40098E-01    2   496    -4     3     T
   225  .13650E+02  .50122E-01    2   498    -4     3     T
   226  .13725E+02  .75183E-01    2   500    -4     3     T
   227  .13800E+02  .75183E-01    2   502    -4     3     T
   228  .13810E+02  .99191E-02    2   504    -4     3     T
   229  .13824E+02  .13119E-01    2   506    -4     3     T
   230  .13841E+02  .17111E-01    2   508    -4     3     T
   231  .13863E+02  .22144E-01    2   510    -4     3     T
   232  .13892E+02  .29526E-01    2   512    -4     3     T
   233  .13928E+02  .36087E-01    2   514    -4     3     T
   234  .13977E+02  .48116E-01    2   516    -4     3     T
   235  .14037E+02  .60144E-01    2   518    -4     3     T
   236  .14127E+02  .90217E-01    2   520    -4     3     T
   237  .14217E+02  .90217E-01    2   522    -4     3     T
   238  .14227E+02  .10000E-01    2   524    -4     3     T
   239  .14240E+02  .12895E-01    2   526    -4     3     T
   240  .14257E+02  .17039E-01    2   528    -4     3     T
   241  .14279E+02  .21908E-01    2   530    -4     3     T
   242  .14308E+02  .29211E-01    2   532    -4     3     T
   243  .14345E+02  .37177E-01    2   534    -4     3     T
   244  .14392E+02  .46471E-01    2   536    -4     3     T
   245  .14457E+02  .65060E-01    2   538    -4     3     T
   246  .14544E+02  .86747E-01    2   540    -4     3     T
   247  .14630E+02  .86747E-01    2   542    -4     3     T
   248  .14717E+02  .86746E-01    2   544    -4     3     T
   249  .14727E+02  .10000E-01    2   546    -4     3     T
   250  .14740E+02  .13032E-01    2   548    -4     3     T
   251  .14757E+02  .16981E-01    2   550    -4     3     T
   252  .14779E+02  .21735E-01    2   552    -4     3     T
   253  .14808E+02  .28981E-01    2   554    -4     3     T
   254  .14846E+02  .37898E-01    2   556    -4     3     T
   255  .14896E+02  .50530E-01    2   558    -4     3     T
   256  .14964E+02  .67374E-01    2   560    -4     3     T
   257  .15048E+02  .84217E-01    2   562    -4     3     T
   258  .15174E+02  .12633E+00    2   564    -4     3     T
   259  .15300E+02  .12633E+00    2   566    -4     3     T
   260  .15311E+02  .10000E-01    2   568    -4     3     T
   261  .15324E+02  .13068E-01    2   570    -4     3     T
   262  .15340E+02  .16880E-01    2   572    -4     3     T
   263  .15362E+02  .22038E-01    2   574    -4     3     T
   264  .15391E+02  .28567E-01    2   576    -4     3     T
   265  .15428E+02  .37137E-01    2   578    -4     3     T
   266  .15475E+02  .47041E-01    2   580    -4     3     T
   267  .15541E+02  .65857E-01    2   582    -4     3     T
   268  .15626E+02  .84673E-01    2   584    -4     3     T
   269  .15727E+02  .10161E+00    2   586    -4     3     T
   270  .15863E+02  .13548E+00    2   588    -4     3     T
   271  .15998E+02  .13548E+00    2   590    -4     3     T
   272  .16134E+02  .13548E+00    2   592    -4     3     T
   273  .16144E+02  .10000E-01    2   594    -4     3     T
   274  .16157E+02  .13026E-01    2   596    -4     3     T
   275  .16174E+02  .16844E-01    2   598    -4     3     T
   276  .16195E+02  .21821E-01    2   600    -4     3     T
   277  .16224E+02  .28434E-01    2   602    -4     3     T
   278  .16260E+02  .36395E-01    2   604    -4     3     T
   279  .16309E+02  .48527E-01    2   606    -4     3     T
   280  .16372E+02  .63458E-01    2   608    -4     3     T
   281  .16457E+02  .84611E-01    2   610    -4     3     T
   282  .16570E+02  .11281E+00    2   612    -4     3     T
   283  .16711E+02  .14102E+00    2   614    -4     3     T
   284  .16922E+02  .21153E+00    2   616    -4     3     T
   285  .17134E+02  .21153E+00    2   618    -4     3     T
   286  .17144E+02  .99768E-02    2   620    -4     3     T
   287  .17157E+02  .13025E-01    2   622    -4     3     T
   288  .17174E+02  .16996E-01    2   624    -4     3     T
   289  .17196E+02  .21852E-01    2   626    -4     3     T
   290  .17224E+02  .28827E-01    2   628    -4     3     T
   291  .17261E+02  .36834E-01    2   630    -4     3     T
   292  .17309E+02  .47748E-01    2   632    -4     3     T
   293  .17371E+02  .62072E-01    2   634    -4     3     T
   294  .17455E+02  .84241E-01    2   636    -4     3     T
   295  .17565E+02  .10951E+00    2   638    -4     3     T
   296  .17706E+02  .14080E+00    2   640    -4     3     T
   297  .17875E+02  .16896E+00    2   642    -4     3     T
   298  .18100E+02  .22528E+00    2   644    -4     3     T
   299  .18551E+02  .45057E+00    2   646    -4     3     T
   300  .18560E+02  .99490E-02    2   648    -4     3     T
   301  .18573E+02  .12907E-01    2   650    -4     3     T
   302  .18591E+02  .17209E-01    2   652    -4     3     T
   303  .18613E+02  .22372E-01    2   654    -4     3     T
   304  .18641E+02  .28338E-01    2   656    -4     3     T
   305  .18677E+02  .36066E-01    2   658    -4     3     T
   306  .18729E+02  .51523E-01    2   660    -4     3     T
   307  .18791E+02  .61827E-01    2   662    -4     3     T
   308  .18873E+02  .82437E-01    2   664    -4     3     T
   309  .18956E+02  .82437E-01    2   666    -4     3     T
   310  .19038E+02  .82438E-01    2   668    -4     3     T
   311  .19171E+02  .13298E+00    2   670    -4     3     T
   312  .19354E+02  .18285E+00    2   672    -4     3     T
   313  .19610E+02  .25599E+00    2   674    -4     3     T
   314  .19951E+02  .34132E+00    2   676    -4     3     T
   315  .20292E+02  .34132E+00    2   678    -4     3     T
   316  .20634E+02  .34132E+00    2   680    -4     3     T
   317  .20644E+02  .10000E-01    2   682    -4     3     T
   318  .20657E+02  .12996E-01    2   684    -4     3     T
   319  .20674E+02  .16956E-01    2   686    -4     3     T
   320  .20696E+02  .21925E-01    2   688    -4     3     T
   321  .20724E+02  .28653E-01    2   690    -4     3     T
   322  .20762E+02  .37206E-01    2   692    -4     3     T
   323  .20810E+02  .48148E-01    2   694    -4     3     T
   324  .20873E+02  .63353E-01    2   696    -4     3     T
   325  .20954E+02  .80830E-01    2   698    -4     3     T
   326  .21062E+02  .10777E+00    2   700    -4     3     T
   327  .21196E+02  .13472E+00    2   702    -4     3     T
   328  .21380E+02  .18370E+00    2   704    -4     3     T
   329  .21610E+02  .22963E+00    2   706    -4     3     T
   330  .21931E+02  .32148E+00    2   708    -4     3     T
   331  .22360E+02  .42864E+00    2   710    -4     3     T
   332  .22788E+02  .42864E+00    2   712    -4     3     T
   333  .23217E+02  .42864E+00    2   714    -4     3     T
   334  .23227E+02  .10000E-01    2   716    -4     3     T
   335  .23240E+02  .13040E-01    2   718    -4     3     T
   336  .23257E+02  .16888E-01    2   720    -4     3     T
   337  .23279E+02  .21973E-01    2   722    -4     3     T
   338  .23307E+02  .28472E-01    2   724    -4     3     T
   339  .23344E+02  .36908E-01    2   726    -4     3     T
   340  .23392E+02  .47710E-01    2   728    -4     3     T
   341  .23456E+02  .63614E-01    2   730    -4     3     T
   342  .23536E+02  .80209E-01    2   732    -4     3     T
   343  .23640E+02  .10380E+00    2   734    -4     3     T
   344  .23778E+02  .13840E+00    2   736    -4     3     T
   345  .23968E+02  .19030E+00    2   738    -4     3     T
   346  .24190E+02  .22202E+00    2   740    -4     3     T
   347  .24468E+02  .27752E+00    2   742    -4     3     T
   348  .24884E+02  .41628E+00    2   744    -4     3     T
   349  .25301E+02  .41628E+00    2   746    -4     3     T
   350  .25311E+02  .10000E-01    2   748    -4     3     T
   351  .25324E+02  .13023E-01    2   750    -4     3     T
   352  .25340E+02  .16871E-01    2   752    -4     3     T
   353  .25362E+02  .21882E-01    2   754    -4     3     T
   354  .25391E+02  .28418E-01    2   756    -4     3     T
   355  .25428E+02  .37238E-01    2   758    -4     3     T
   356  .25476E+02  .48240E-01    2   760    -4     3     T
   357  .25539E+02  .62858E-01    2   762    -4     3     T
   358  .25619E+02  .80459E-01    2   764    -4     3     T
   359  .25727E+02  .10728E+00    2   766    -4     3     T
   360  .25867E+02  .14029E+00    2   768    -4     3     T
   361  .26054E+02  .18705E+00    2   770    -4     3     T
   362  .26304E+02  .24940E+00    2   772    -4     3     T
   363  .26615E+02  .31175E+00    2   774    -4     3     T
   364  .27083E+02  .46762E+00    2   776    -4     3     T
   365  .27551E+02  .46762E+00    2   778    -4     3     T
   366  .27560E+02  .99859E-02    2   780    -4     3     T
   367  .27573E+02  .13009E-01    2   782    -4     3     T
   368  .27590E+02  .16856E-01    2   784    -4     3     T
   369  .27612E+02  .22007E-01    2   786    -4     3     T
   370  .27641E+02  .28716E-01    2   788    -4     3     T
   371  .27678E+02  .36921E-01    2   790    -4     3     T
   372  .27727E+02  .48704E-01    2   792    -4     3     T
   373  .27789E+02  .62233E-01    2   794    -4     3     T
   374  .27870E+02  .80673E-01    2   796    -4     3     T
   375  .27974E+02  .10487E+00    2   798    -4     3     T
   376  .28117E+02  .14233E+00    2   800    -4     3     T
   377  .28302E+02  .18503E+00    2   802    -4     3     T
   378  .28540E+02  .23789E+00    2   804    -4     3     T
   379  .28825E+02  .28547E+00    2   806    -4     3     T
   380  .29206E+02  .38063E+00    2   808    -4     3     T
   381  .29967E+02  .76126E+00    2   810    -4     3     T
   382  .29977E+02  .99848E-02    2   812    -4     3     T
   383  .29990E+02  .12992E-01    2   814    -4     3     T
   384  .30007E+02  .16880E-01    2   816    -4     3     T
   385  .30029E+02  .21926E-01    2   818    -4     3     T
   386  .30057E+02  .28445E-01    2   820    -4     3     T
   387  .30094E+02  .37080E-01    2   822    -4     3     T
   388  .30143E+02  .48557E-01    2   824    -4     3     T
   389  .30205E+02  .62214E-01    2   826    -4     3     T
   390  .30286E+02  .80359E-01    2   828    -4     3     T
   391  .30394E+02  .10872E+00    2   830    -4     3     T
   392  .30528E+02  .13381E+00    2   832    -4     3     T
   393  .30706E+02  .17841E+00    2   834    -4     3     T
   394  .30944E+02  .23789E+00    2   836    -4     3     T
   395  .31242E+02  .29736E+00    2   838    -4     3     T
   396  .31688E+02  .44604E+00    2   840    -4     3     T
   397  .32134E+02  .44604E+00    2   842    -4     3     T
   398  .32144E+02  .10000E-01    2   844    -4     3     T
   399  .32157E+02  .13022E-01    2   846    -4     3     T
   400  .32174E+02  .16908E-01    2   848    -4     3     T
   401  .32196E+02  .21895E-01    2   850    -4     3     T
   402  .32224E+02  .28504E-01    2   852    -4     3     T
   403  .32261E+02  .36950E-01    2   854    -4     3     T
   404  .32310E+02  .48459E-01    2   856    -4     3     T
   405  .32373E+02  .63208E-01    2   858    -4     3     T
   406  .32454E+02  .81267E-01    2   860    -4     3     T
   407  .32560E+02  .10627E+00    2   862    -4     3     T
   408  .32700E+02  .13983E+00    2   864    -4     3     T
   409  .32880E+02  .17978E+00    2   866    -4     3     T
   410  .33114E+02  .23372E+00    2   868    -4     3     T
   411  .33414E+02  .30050E+00    2   870    -4     3     T
   412  .33775E+02  .36060E+00    2   872    -4     3     T
   413  .34256E+02  .48080E+00    2   874    -4     3     T
   414  .35217E+02  .96159E+00    2   876    -4     3     T
   415  .35227E+02  .99997E-02    2   878    -4     3     T
   416  .35240E+02  .13013E-01    2   880    -4     3     T
   417  .35257E+02  .16886E-01    2   882    -4     3     T
   418  .35279E+02  .22031E-01    2   884    -4     3     T
   419  .35308E+02  .28551E-01    2   886    -4     3     T
   420  .35345E+02  .36926E-01    2   888    -4     3     T
   421  .35392E+02  .47939E-01    2   890    -4     3     T
   422  .35455E+02  .62432E-01    2   892    -4     3     T
   423  .35537E+02  .81941E-01    2   894    -4     3     T
   424  .35643E+02  .10584E+00    2   896    -4     3     T
   425  .35778E+02  .13524E+00    2   898    -4     3     T
   426  .35955E+02  .17685E+00    2   900    -4     3     T
   427  .36191E+02  .23581E+00    2   902    -4     3     T
   428  .36505E+02  .31441E+00    2   904    -4     3     T
   429  .36898E+02  .39301E+00    2   906    -4     3     T
   430  .37487E+02  .58951E+00    2   908    -4     3     T
   431  .38077E+02  .58951E+00    2   910    -4     3     T
   432  .38746E+02  .66934E+00    2   912    -4     3     T
   433  .39598E+02  .85189E+00    2   914    -4     3     T
   434  .40663E+02  .10649E+01    2   916    -4     3     T
   435  .42154E+02  .14908E+01    2   918    -4     3     T
   436  .44142E+02  .19877E+01    2   920    -4     3     T
   437  .46129E+02  .19877E+01    2   922    -4     3     T
   438  .48117E+02  .19877E+01    2   924    -4     3     T
   439  .48127E+02  .10000E-01    8   932    -4     3     T
   440  .48134E+02  .70002E-02    7   939    -4     3     T
   441  .48139E+02  .49260E-02    4   943    -4     3     T
   442  .48144E+02  .49261E-02    4   947    -4     3     T
   443  .48149E+02  .49261E-02    2   949    -4     3     T
   444  .48155E+02  .62226E-02    2   951    -4     3     T
   445  .48163E+02  .80005E-02    2   953    -4     3     T
   446  .48173E+02  .10401E-01    2   955    -4     3     T
   447  .48187E+02  .13373E-01    4   959    -4     3     T
   448  .48200E+02  .13372E-01    2   961    -4     3     T
   449  .48217E+02  .16715E-01    2   963    -4     3     T
   450  .48242E+02  .25072E-01    4   967    -4     3     T
   451  .48267E+02  .25074E-01    3   970    -4     3     T
   452  .48277E+02  .10000E-01    2   972    -4     3     T
   453  .48290E+02  .13019E-01    2   974    -4     3     T
   454  .48307E+02  .17359E-01    2   976    -4     3     T
   455  .48330E+02  .22093E-01    2   978    -4     3     T
   456  .48357E+02  .27616E-01    2   980    -4     3     T
   457  .48396E+02  .38663E-01    2   982    -4     3     T
   458  .48447E+02  .51551E-01    2   984    -4     3     T
   459  .48499E+02  .51550E-01    2   986    -4     3     T
   460  .48550E+02  .51552E-01    2   988    -4     3     T
   461  .48560E+02  .99190E-02    2   990    -4     3     T
   462  .48574E+02  .13119E-01    2   992    -4     3     T
   463  .48591E+02  .17111E-01    2   994    -4     3     T
   464  .48613E+02  .22144E-01    2   996    -4     3     T
   465  .48642E+02  .29525E-01    2   998    -4     3     T
   466  .48678E+02  .36087E-01    2  1000    -4     3     T
   467  .48727E+02  .48115E-01    2  1002    -4     3     T
   468  .48787E+02  .60144E-01    2  1004    -4     3     T
   469  .48877E+02  .90216E-01    2  1006    -4     3     T
   470  .48967E+02  .90214E-01    2  1008    -4     3     T
   471  .48977E+02  .99215E-02    2  1010    -4     3     T
   472  .48990E+02  .13122E-01    2  1012    -4     3     T
   473  .49007E+02  .17116E-01    2  1014    -4     3     T
   474  .49029E+02  .22149E-01    2  1016    -4     3     T
   475  .49059E+02  .29533E-01    2  1018    -4     3     T
   476  .49095E+02  .36096E-01    2  1020    -4     3     T
   477  .49143E+02  .48127E-01    2  1022    -4     3     T
   478  .49203E+02  .60160E-01    2  1024    -4     3     T
   479  .49294E+02  .90239E-01    2  1026    -4     3     T
   480  .49384E+02  .90237E-01    2  1028    -4     3     T
   481  .49394E+02  .10000E-01    2  1030    -4     3     T
   482  .49407E+02  .12895E-01    2  1032    -4     3     T
   483  .49424E+02  .17040E-01    2  1034    -4     3     T
   484  .49446E+02  .21908E-01    2  1036    -4     3     T
   485  .49475E+02  .29211E-01    2  1038    -4     3     T
   486  .49512E+02  .37177E-01    2  1040    -4     3     T
   487  .49558E+02  .46472E-01    2  1042    -4     3     T
   488  .49624E+02  .65060E-01    2  1044    -4     3     T
   489  .49710E+02  .86747E-01    2  1046    -4     3     T
   490  .49797E+02  .86748E-01    2  1048    -4     3     T
   491  .49884E+02  .86750E-01    2  1050    -4     3     T
   492  .49894E+02  .10000E-01    2  1052    -4     3     T
   493  .49907E+02  .13030E-01    2  1054    -4     3     T
   494  .49924E+02  .16978E-01    2  1056    -4     3     T
   495  .49946E+02  .21732E-01    2  1058    -4     3     T
   496  .49975E+02  .28975E-01    2  1060    -4     3     T
   497  .50012E+02  .37891E-01    2  1062    -4     3     T
   498  .50063E+02  .50521E-01    2  1064    -4     3     T
   499  .50130E+02  .67361E-01    2  1066    -4     3     T
   500  .50214E+02  .84202E-01    2  1068    -4     3     T
   501  .50341E+02  .12630E+00    2  1070    -4     3     T
   502  .50467E+02  .12630E+00    2  1072    -4     3     T
   503  .50477E+02  .10000E-01    2  1074    -4     3     T
   504  .50490E+02  .12982E-01    2  1076    -4     3     T
   505  .50507E+02  .16907E-01    2  1078    -4     3     T
   506  .50529E+02  .22191E-01    2  1080    -4     3     T
   507  .50558E+02  .28663E-01    2  1082    -4     3     T
   508  .50594E+02  .36626E-01    2  1084    -4     3     T
   509  .50642E+02  .47895E-01    2  1086    -4     3     T
   510  .50706E+02  .63860E-01    2  1088    -4     3     T
   511  .50791E+02  .85147E-01    2  1090    -4     3     T
   512  .50898E+02  .10643E+00    2  1092    -4     3     T
   513  .51057E+02  .15965E+00    2  1094    -4     3     T
   514  .51217E+02  .15965E+00    2  1096    -4     3     T
   515  .51227E+02  .10000E-01    2  1098    -4     3     T
   516  .51240E+02  .13070E-01    2  1100    -4     3     T
   517  .51257E+02  .16882E-01    2  1102    -4     3     T
   518  .51279E+02  .22040E-01    2  1104    -4     3     T
   519  .51308E+02  .28571E-01    2  1106    -4     3     T
   520  .51345E+02  .37142E-01    2  1108    -4     3     T
   521  .51392E+02  .47046E-01    2  1110    -4     3     T
   522  .51458E+02  .65865E-01    2  1112    -4     3     T
   523  .51542E+02  .84684E-01    2  1114    -4     3     T
   524  .51644E+02  .10162E+00    2  1116    -4     3     T
   525  .51780E+02  .13549E+00    2  1118    -4     3     T
   526  .51915E+02  .13549E+00    2  1120    -4     3     T
   527  .52050E+02  .13549E+00    2  1122    -4     3     T
   528  .52060E+02  .99630E-02    2  1124    -4     3     T
   529  .52073E+02  .12952E-01    2  1126    -4     3     T
   530  .52090E+02  .16862E-01    2  1128    -4     3     T
   531  .52112E+02  .21921E-01    2  1130    -4     3     T
   532  .52141E+02  .28497E-01    2  1132    -4     3     T
   533  .52178E+02  .37564E-01    2  1134    -4     3     T
   534  .52228E+02  .49303E-01    2  1136    -4     3     T
   535  .52289E+02  .61629E-01    2  1138    -4     3     T
   536  .52374E+02  .84739E-01    2  1140    -4     3     T
   537  .52473E+02  .98862E-01    2  1142    -4     3     T
   538  .52596E+02  .12358E+00    2  1144    -4     3     T
   539  .52782E+02  .18537E+00    2  1146    -4     3     T
   540  .52967E+02  .18537E+00    2  1148    -4     3     T
   541  .52977E+02  .10000E-01    2  1150    -4     3     T
   542  .52990E+02  .13026E-01    2  1152    -4     3     T
   543  .53007E+02  .16844E-01    2  1154    -4     3     T
   544  .53029E+02  .21821E-01    2  1156    -4     3     T
   545  .53057E+02  .28434E-01    2  1158    -4     3     T
   546  .53094E+02  .36395E-01    2  1160    -4     3     T
   547  .53142E+02  .48527E-01    2  1162    -4     3     T
   548  .53206E+02  .63458E-01    2  1164    -4     3     T
   549  .53290E+02  .84610E-01    2  1166    -4     3     T
   550  .53403E+02  .11281E+00    2  1168    -4     3     T
   551  .53544E+02  .14102E+00    2  1170    -4     3     T
   552  .53756E+02  .21152E+00    2  1172    -4     3     T
   553  .53967E+02  .21152E+00    2  1174    -4     3     T
   554  .53977E+02  .10000E-01    2  1176    -4     3     T
   555  .53990E+02  .12933E-01    2  1178    -4     3     T
   556  .54007E+02  .16833E-01    2  1180    -4     3     T
   557  .54029E+02  .21742E-01    2  1182    -4     3     T
   558  .54057E+02  .28386E-01    2  1184    -4     3     T
   559  .54094E+02  .36797E-01    2  1186    -4     3     T
   560  .54142E+02  .47836E-01    2  1188    -4     3     T
   561  .54207E+02  .64920E-01    2  1190    -4     3     T
   562  .54291E+02  .84396E-01    2  1192    -4     3     T
   563  .54399E+02  .10851E+00    2  1194    -4     3     T
   564  .54530E+02  .13021E+00    2  1196    -4     3     T
   565  .54703E+02  .17361E+00    2  1198    -4     3     T
   566  .55050E+02  .34723E+00    2  1200    -4     3     T
   567  .55060E+02  .10000E-01    2  1202    -4     3     T
   568  .55074E+02  .13053E-01    2  1204    -4     3     T
   569  .55090E+02  .16808E-01    2  1206    -4     3     T
   570  .55112E+02  .22003E-01    2  1208    -4     3     T
   571  .55141E+02  .28289E-01    2  1210    -4     3     T
   572  .55178E+02  .37414E-01    2  1212    -4     3     T
   573  .55227E+02  .48801E-01    2  1214    -4     3     T
   574  .55290E+02  .63155E-01    2  1216    -4     3     T
   575  .55374E+02  .84206E-01    2  1218    -4     3     T
   576  .55477E+02  .10292E+00    2  1220    -4     3     T
   577  .55614E+02  .13722E+00    2  1222    -4     3     T
   578  .55786E+02  .17153E+00    2  1224    -4     3     T
   579  .56043E+02  .25730E+00    2  1226    -4     3     T
   580  .56300E+02  .25729E+00    2  1228    -4     3     T
   581  .56310E+02  .10000E-01    2  1230    -4     3     T
   582  .56323E+02  .12976E-01    2  1232    -4     3     T
   583  .56340E+02  .16841E-01    2  1234    -4     3     T
   584  .56362E+02  .22134E-01    2  1236    -4     3     T
   585  .56391E+02  .28944E-01    2  1238    -4     3     T
   586  .56429E+02  .38085E-01    2  1240    -4     3     T
   587  .56478E+02  .48966E-01    2  1242    -4     3     T
   588  .56542E+02  .63655E-01    2  1244    -4     3     T
   589  .56624E+02  .81843E-01    2  1246    -4     3     T
   590  .56722E+02  .98211E-01    2  1248    -4     3     T
   591  .56853E+02  .13095E+00    2  1250    -4     3     T
   592  .57115E+02  .26190E+00    2  1252    -4     3     T
   593  .57374E+02  .25940E+00    2  1254    -4     3     T
   594  .57634E+02  .25940E+00    2  1256    -4     3     T
   595  .57644E+02  .10000E-01    2  1258    -4     3     T
   596  .57657E+02  .12985E-01    2  1260    -4     3     T
   597  .57674E+02  .16932E-01    2  1262    -4     3     T
   598  .57696E+02  .21924E-01    2  1264    -4     3     T
   599  .57724E+02  .28613E-01    2  1266    -4     3     T
   600  .57761E+02  .36879E-01    2  1268    -4     3     T
   601  .57809E+02  .47726E-01    2  1270    -4     3     T
   602  .57872E+02  .62998E-01    2  1272    -4     3     T
   603  .57951E+02  .79576E-01    2  1274    -4     3     T
   604  .58054E+02  .10231E+00    2  1276    -4     3     T
   605  .58187E+02  .13301E+00    2  1278    -4     3     T
   606  .58358E+02  .17101E+00    2  1280    -4     3     T
   607  .58614E+02  .25651E+00    2  1282    -4     3     T
   608  .58871E+02  .25651E+00    2  1284    -4     3     T
   609  .59384E+02  .51302E+00    2  1286    -4     3     T
   610  .59394E+02  .99802E-02    2  1288    -4     3     T
   611  .59407E+02  .13045E-01    2  1290    -4     3     T
   612  .59424E+02  .16945E-01    2  1292    -4     3     T
   613  .59446E+02  .21983E-01    2  1294    -4     3     T
   614  .59474E+02  .28656E-01    2  1296    -4     3     T
   615  .59512E+02  .37526E-01    2  1298    -4     3     T
   616  .59560E+02  .48080E-01    2  1300    -4     3     T
   617  .59622E+02  .62103E-01    2  1302    -4     3     T
   618  .59701E+02  .79354E-01    2  1304    -4     3     T
   619  .59805E+02  .10377E+00    2  1306    -4     3     T
   620  .59944E+02  .13836E+00    2  1308    -4     3     T
   621  .60128E+02  .18448E+00    2  1310    -4     3     T
   622  .60359E+02  .23060E+00    2  1312    -4     3     T
   623  .60705E+02  .34590E+00    2  1314    -4     3     T
   624  .61050E+02  .34590E+00    2  1316    -4     3     T
   625  .61060E+02  .10000E-01    2  1318    -4     3     T
   626  .61074E+02  .13024E-01    2  1320    -4     3     T
   627  .61090E+02  .16919E-01    2  1322    -4     3     T
   628  .61112E+02  .21870E-01    2  1324    -4     3     T
   629  .61141E+02  .28572E-01    2  1326    -4     3     T
   630  .61178E+02  .37083E-01    2  1328    -4     3     T
   631  .61227E+02  .48738E-01    2  1330    -4     3     T
   632  .61290E+02  .63735E-01    2  1332    -4     3     T
   633  .61370E+02  .79668E-01    2  1334    -4     3     T
   634  .61478E+02  .10812E+00    2  1336    -4     3     T
   635  .61619E+02  .14056E+00    2  1338    -4     3     T
   636  .61799E+02  .18072E+00    2  1340    -4     3     T
   637  .62016E+02  .21686E+00    2  1342    -4     3     T
   638  .62306E+02  .28915E+00    2  1344    -4     3     T
   639  .62884E+02  .57829E+00    2  1346    -4     3     T
   640  .62894E+02  .10000E-01    2  1348    -4     3     T
   641  .62907E+02  .13007E-01    2  1350    -4     3     T
   642  .62924E+02  .16897E-01    2  1352    -4     3     T
   643  .62946E+02  .22023E-01    2  1354    -4     3     T
   644  .62974E+02  .28501E-01    2  1356    -4     3     T
   645  .63012E+02  .37443E-01    2  1358    -4     3     T
   646  .63060E+02  .48003E-01    2  1360    -4     3     T
   647  .63123E+02  .62901E-01    2  1362    -4     3     T
   648  .63203E+02  .80056E-01    2  1364    -4     3     T
   649  .63308E+02  .10507E+00    2  1366    -4     3     T
   650  .63451E+02  .14328E+00    2  1368    -4     3     T
   651  .63630E+02  .17910E+00    2  1370    -4     3     T
   652  .63881E+02  .25074E+00    2  1372    -4     3     T
   653  .64215E+02  .33432E+00    2  1374    -4     3     T
   654  .64549E+02  .33432E+00    2  1376    -4     3     T
   655  .64884E+02  .33433E+00    2  1378    -4     3     T
   656  .64894E+02  .99848E-02    2  1380    -4     3     T
   657  .64907E+02  .12992E-01    2  1382    -4     3     T
   658  .64924E+02  .16880E-01    2  1384    -4     3     T
   659  .64946E+02  .21926E-01    2  1386    -4     3     T
   660  .64974E+02  .28445E-01    2  1388    -4     3     T
   661  .65011E+02  .37080E-01    2  1390    -4     3     T
   662  .65060E+02  .48557E-01    2  1392    -4     3     T
   663  .65122E+02  .62214E-01    2  1394    -4     3     T
   664  .65202E+02  .80359E-01    2  1396    -4     3     T
   665  .65311E+02  .10872E+00    2  1398    -4     3     T
   666  .65445E+02  .13381E+00    2  1400    -4     3     T
   667  .65623E+02  .17842E+00    2  1402    -4     3     T
   668  .65861E+02  .23789E+00    2  1404    -4     3     T
   669  .66158E+02  .29736E+00    2  1406    -4     3     T
   670  .66604E+02  .44604E+00    2  1408    -4     3     T
   671  .67050E+02  .44604E+00    2  1410    -4     3     T
   672  .67061E+02  .10000E-01    2  1412    -4     3     T
   673  .67074E+02  .13040E-01    2  1414    -4     3     T
   674  .67090E+02  .16887E-01    2  1416    -4     3     T
   675  .67112E+02  .21972E-01    2  1418    -4     3     T
   676  .67141E+02  .28470E-01    2  1420    -4     3     T
   677  .67178E+02  .36906E-01    2  1422    -4     3     T
   678  .67225E+02  .47708E-01    2  1424    -4     3     T
   679  .67289E+02  .63611E-01    2  1426    -4     3     T
   680  .67369E+02  .80205E-01    2  1428    -4     3     T
   681  .67473E+02  .10379E+00    2  1430    -4     3     T
   682  .67611E+02  .13839E+00    2  1432    -4     3     T
   683  .67802E+02  .19029E+00    2  1434    -4     3     T
   684  .68024E+02  .22200E+00    2  1436    -4     3     T
   685  .68301E+02  .27751E+00    2  1438    -4     3     T
   686  .68718E+02  .41626E+00    2  1440    -4     3     T
   687  .69134E+02  .41626E+00    2  1442    -4     3     T
   688  .69144E+02  .10000E-01    2  1444    -4     3     T
   689  .69157E+02  .13040E-01    2  1446    -4     3     T
   690  .69174E+02  .16887E-01    2  1448    -4     3     T
   691  .69196E+02  .21972E-01    2  1450    -4     3     T
   692  .69224E+02  .28471E-01    2  1452    -4     3     T
   693  .69261E+02  .36906E-01    2  1454    -4     3     T
   694  .69309E+02  .47708E-01    2  1456    -4     3     T
   695  .69372E+02  .63611E-01    2  1458    -4     3     T
   696  .69453E+02  .80205E-01    2  1460    -4     3     T
   697  .69556E+02  .10379E+00    2  1462    -4     3     T
   698  .69695E+02  .13839E+00    2  1464    -4     3     T
   699  .69885E+02  .19029E+00    2  1466    -4     3     T
   700  .70107E+02  .22200E+00    2  1468    -4     3     T
   701  .70385E+02  .27750E+00    2  1470    -4     3     T
   702  .70801E+02  .41626E+00    2  1472    -4     3     T
   703  .71217E+02  .41626E+00    2  1474    -4     3     T
   704  .71227E+02  .99863E-02    2  1476    -4     3     T
   705  .71240E+02  .13009E-01    2  1478    -4     3     T
   706  .71257E+02  .16857E-01    2  1480    -4     3     T
   707  .71279E+02  .22008E-01    2  1482    -4     3     T
   708  .71308E+02  .28718E-01    2  1484    -4     3     T
   709  .71345E+02  .36923E-01    2  1486    -4     3     T
   710  .71393E+02  .48706E-01    2  1488    -4     3     T
   711  .71456E+02  .62236E-01    2  1490    -4     3     T
   712  .71536E+02  .80676E-01    2  1492    -4     3     T
   713  .71641E+02  .10488E+00    2  1494    -4     3     T
   714  .71783E+02  .14234E+00    2  1496    -4     3     T
   715  .71968E+02  .18504E+00    2  1498    -4     3     T
   716  .72206E+02  .23790E+00    2  1500    -4     3     T
   717  .72492E+02  .28548E+00    2  1502    -4     3     T
   718  .72873E+02  .38065E+00    2  1504    -4     3     T
   719  .73634E+02  .76129E+00    2  1506    -4     3     T
   720  .73644E+02  .10000E-01    2  1508    -4     3     T
   721  .73657E+02  .13040E-01    2  1510    -4     3     T
   722  .73674E+02  .16887E-01    2  1512    -4     3     T
   723  .73696E+02  .21972E-01    2  1514    -4     3     T
   724  .73724E+02  .28471E-01    2  1516    -4     3     T
   725  .73761E+02  .36906E-01    2  1518    -4     3     T
   726  .73809E+02  .47708E-01    2  1520    -4     3     T
   727  .73872E+02  .63611E-01    2  1522    -4     3     T
   728  .73953E+02  .80205E-01    2  1524    -4     3     T
   729  .74056E+02  .10379E+00    2  1526    -4     3     T
   730  .74195E+02  .13839E+00    2  1528    -4     3     T
   731  .74385E+02  .19029E+00    2  1530    -4     3     T
   732  .74607E+02  .22200E+00    2  1532    -4     3     T
   733  .74885E+02  .27750E+00    2  1534    -4     3     T
   734  .75301E+02  .41626E+00    2  1536    -4     3     T
   735  .75717E+02  .41626E+00    2  1538    -4     3     T
   736  .75727E+02  .99848E-02    2  1540    -4     3     T
   737  .75740E+02  .12992E-01    2  1542    -4     3     T
   738  .75757E+02  .16880E-01    2  1544    -4     3     T
   739  .75779E+02  .21926E-01    2  1546    -4     3     T
   740  .75807E+02  .28445E-01    2  1548    -4     3     T
   741  .75844E+02  .37080E-01    2  1550    -4     3     T
   742  .75893E+02  .48557E-01    2  1552    -4     3     T
   743  .75955E+02  .62214E-01    2  1554    -4     3     T
   744  .76036E+02  .80359E-01    2  1556    -4     3     T
   745  .76144E+02  .10872E+00    2  1558    -4     3     T
   746  .76278E+02  .13381E+00    2  1560    -4     3     T
   747  .76456E+02  .17842E+00    2  1562    -4     3     T
   748  .76694E+02  .23789E+00    2  1564    -4     3     T
   749  .76992E+02  .29736E+00    2  1566    -4     3     T
   750  .77438E+02  .44604E+00    2  1568    -4     3     T
   751  .77884E+02  .44604E+00    2  1570    -4     3     T
   752  .77894E+02  .99887E-02    2  1572    -4     3     T
   753  .77907E+02  .12976E-01    2  1574    -4     3     T
   754  .77924E+02  .16922E-01    2  1576    -4     3     T
   755  .77946E+02  .21960E-01    2  1578    -4     3     T
   756  .77974E+02  .28549E-01    2  1580    -4     3     T
   757  .78011E+02  .37188E-01    2  1582    -4     3     T
   758  .78059E+02  .48088E-01    2  1584    -4     3     T
   759  .78122E+02  .62296E-01    2  1586    -4     3     T
   760  .78203E+02  .81174E-01    2  1588    -4     3     T
   761  .78311E+02  .10823E+00    2  1590    -4     3     T
   762  .78449E+02  .13830E+00    2  1592    -4     3     T
   763  .78630E+02  .18085E+00    2  1594    -4     3     T
   764  .78871E+02  .24113E+00    2  1596    -4     3     T
   765  .79193E+02  .32151E+00    2  1598    -4     3     T
   766  .79595E+02  .40189E+00    2  1600    -4     3     T
   767  .80198E+02  .60283E+00    2  1602    -4     3     T
   768  .80800E+02  .60283E+00    2  1604    -4     3     T
   769  .80810E+02  .99843E-02    2  1606    -4     3     T
   770  .80823E+02  .12992E-01    2  1608    -4     3     T
   771  .80840E+02  .16879E-01    2  1610    -4     3     T
   772  .80862E+02  .21925E-01    2  1612    -4     3     T
   773  .80891E+02  .28444E-01    2  1614    -4     3     T
   774  .80928E+02  .37078E-01    2  1616    -4     3     T
   775  .80976E+02  .48555E-01    2  1618    -4     3     T
   776  .81039E+02  .62211E-01    2  1620    -4     3     T
   777  .81119E+02  .80356E-01    2  1622    -4     3     T
   778  .81228E+02  .10872E+00    2  1624    -4     3     T
   779  .81361E+02  .13380E+00    2  1626    -4     3     T
   780  .81540E+02  .17841E+00    2  1628    -4     3     T
   781  .81778E+02  .23788E+00    2  1630    -4     3     T
   782  .82075E+02  .29734E+00    2  1632    -4     3     T
   783  .82521E+02  .44601E+00    2  1634    -4     3     T
   784  .82967E+02  .44601E+00    2  1636    -4     3     T
   785  .82977E+02  .99896E-02    2  1638    -4     3     T
   786  .82990E+02  .12991E-01    2  1640    -4     3     T
   787  .83007E+02  .16902E-01    2  1642    -4     3     T
   788  .83029E+02  .22020E-01    2  1644    -4     3     T
   789  .83057E+02  .28484E-01    2  1646    -4     3     T
   790  .83095E+02  .37064E-01    2  1648    -4     3     T
   791  .83143E+02  .48242E-01    2  1650    -4     3     T
   792  .83205E+02  .62313E-01    2  1652    -4     3     T
   793  .83286E+02  .81353E-01    2  1654    -4     3     T
   794  .83392E+02  .10546E+00    2  1656    -4     3     T
   795  .83529E+02  .13709E+00    2  1658    -4     3     T
   796  .83703E+02  .17365E+00    2  1660    -4     3     T
   797  .83946E+02  .24311E+00    2  1662    -4     3     T
   798  .84258E+02  .31258E+00    2  1664    -4     3     T
   799  .84633E+02  .37509E+00    2  1666    -4     3     T
   800  .85134E+02  .50012E+00    2  1668    -4     3     T
   801  .85634E+02  .50012E+00    2  1670    -4     3     T
   802  .86134E+02  .50011E+00    2  1672    -4     3     T
   803  .86144E+02  .10000E-01    2  1674    -4     3     T
   804  .86157E+02  .12979E-01    2  1676    -4     3     T
   805  .86174E+02  .16864E-01    2  1678    -4     3     T
   806  .86196E+02  .22053E-01    2  1680    -4     3     T
   807  .86224E+02  .28393E-01    2  1682    -4     3     T
   808  .86261E+02  .37384E-01    2  1684    -4     3     T
   809  .86309E+02  .47949E-01    2  1686    -4     3     T
   810  .86373E+02  .63462E-01    2  1688    -4     3     T
   811  .86453E+02  .80547E-01    2  1690    -4     3     T
   812  .86559E+02  .10598E+00    2  1692    -4     3     T
   813  .86696E+02  .13626E+00    2  1694    -4     3     T
   814  .86873E+02  .17714E+00    2  1696    -4     3     T
   815  .87101E+02  .22776E+00    2  1698    -4     3     T
   816  .87374E+02  .27331E+00    2  1700    -4     3     T
   817  .87738E+02  .36441E+00    2  1702    -4     3     T
   818  .88467E+02  .72882E+00    2  1704    -4     3     T
   819  .88477E+02  .99848E-02    2  1706    -4     3     T
   820  .88490E+02  .12992E-01    2  1708    -4     3     T
   821  .88507E+02  .16880E-01    2  1710    -4     3     T
   822  .88529E+02  .21926E-01    2  1712    -4     3     T
   823  .88557E+02  .28445E-01    2  1714    -4     3     T
   824  .88594E+02  .37080E-01    2  1716    -4     3     T
   825  .88643E+02  .48557E-01    2  1718    -4     3     T
   826  .88705E+02  .62214E-01    2  1720    -4     3     T
   827  .88786E+02  .80359E-01    2  1722    -4     3     T
   828  .88894E+02  .10872E+00    2  1724    -4     3     T
   829  .89028E+02  .13381E+00    2  1726    -4     3     T
   830  .89206E+02  .17842E+00    2  1728    -4     3     T
   831  .89444E+02  .23789E+00    2  1730    -4     3     T
   832  .89742E+02  .29736E+00    2  1732    -4     3     T
   833  .90188E+02  .44604E+00    2  1734    -4     3     T
   834  .90634E+02  .44604E+00    2  1736    -4     3     T
   835  .90644E+02  .10000E-01    2  1738    -4     3     T
   836  .90657E+02  .13023E-01    2  1740    -4     3     T
   837  .90674E+02  .16871E-01    2  1742    -4     3     T
   838  .90696E+02  .21882E-01    2  1744    -4     3     T
   839  .90724E+02  .28419E-01    2  1746    -4     3     T
   840  .90761E+02  .37238E-01    2  1748    -4     3     T
   841  .90809E+02  .48240E-01    2  1750    -4     3     T
   842  .90872E+02  .62858E-01    2  1752    -4     3     T
   843  .90953E+02  .80459E-01    2  1754    -4     3     T
   844  .91060E+02  .10728E+00    2  1756    -4     3     T
   845  .91200E+02  .14029E+00    2  1758    -4     3     T
   846  .91387E+02  .18705E+00    2  1760    -4     3     T
   847  .91637E+02  .24940E+00    2  1762    -4     3     T
   848  .91949E+02  .31175E+00    2  1764    -4     3     T
   849  .92416E+02  .46762E+00    2  1766    -4     3     T
   850  .92884E+02  .46763E+00    2  1768    -4     3     T
   851  .92894E+02  .10000E-01    2  1770    -4     3     T
   852  .92907E+02  .13011E-01    2  1772    -4     3     T
   853  .92924E+02  .16929E-01    2  1774    -4     3     T
   854  .92946E+02  .21995E-01    2  1776    -4     3     T
   855  .92974E+02  .28571E-01    2  1778    -4     3     T
   856  .93011E+02  .37065E-01    2  1780    -4     3     T
   857  .93060E+02  .48317E-01    2  1782    -4     3     T
   858  .93123E+02  .63272E-01    2  1784    -4     3     T
   859  .93204E+02  .81067E-01    2  1786    -4     3     T
   860  .93309E+02  .10471E+00    2  1788    -4     3     T
   861  .93450E+02  .14167E+00    2  1790    -4     3     T
   862  .93625E+02  .17436E+00    2  1792    -4     3     T
   863  .93857E+02  .23248E+00    2  1794    -4     3     T
   864  .94167E+02  .30997E+00    2  1796    -4     3     T
   865  .94555E+02  .38747E+00    2  1798    -4     3     T
   866  .95136E+02  .58120E+00    2  1800    -4     3     T
   867  .95717E+02  .58121E+00    2  1802    -4     3     T
   868  .95727E+02  .10000E-01    2  1804    -4     3     T
   869  .95740E+02  .13040E-01    2  1806    -4     3     T
   870  .95757E+02  .16888E-01    2  1808    -4     3     T
   871  .95779E+02  .21973E-01    2  1810    -4     3     T
   872  .95807E+02  .28472E-01    2  1812    -4     3     T
   873  .95844E+02  .36908E-01    2  1814    -4     3     T
   874  .95892E+02  .47710E-01    2  1816    -4     3     T
   875  .95956E+02  .63613E-01    2  1818    -4     3     T
   876  .96036E+02  .80208E-01    2  1820    -4     3     T
   877  .96140E+02  .10380E+00    2  1822    -4     3     T
   878  .96278E+02  .13840E+00    2  1824    -4     3     T
   879  .96468E+02  .19030E+00    2  1826    -4     3     T
   880  .96690E+02  .22201E+00    2  1828    -4     3     T
   881  .96968E+02  .27752E+00    2  1830    -4     3     T
   882  .97384E+02  .41628E+00    2  1832    -4     3     T
   883  .97800E+02  .41628E+00    2  1834    -4     3     T
   884  .97810E+02  .99843E-02    2  1836    -4     3     T
   885  .97823E+02  .12992E-01    2  1838    -4     3     T
   886  .97840E+02  .16879E-01    2  1840    -4     3     T
   887  .97862E+02  .21925E-01    2  1842    -4     3     T
   888  .97891E+02  .28444E-01    2  1844    -4     3     T
   889  .97928E+02  .37078E-01    2  1846    -4     3     T
   890  .97976E+02  .48555E-01    2  1848    -4     3     T
   891  .98039E+02  .62211E-01    2  1850    -4     3     T
   892  .98119E+02  .80356E-01    2  1852    -4     3     T
   893  .98228E+02  .10872E+00    2  1854    -4     3     T
   894  .98361E+02  .13380E+00    2  1856    -4     3     T
   895  .98540E+02  .17841E+00    2  1858    -4     3     T
   896  .98778E+02  .23788E+00    2  1860    -4     3     T
   897  .99075E+02  .29734E+00    2  1862    -4     3     T
   898  .99521E+02  .44601E+00    2  1864    -4     3     T
   899  .99967E+02  .44601E+00    2  1866    -4     3     T
   900  .99977E+02  .99872E-02    2  1868    -4     3     T
   901  .99990E+02  .13010E-01    2  1870    -4     3     T
   902  .10001E+03  .16858E-01    2  1872    -4     3     T
   903  .10003E+03  .22010E-01    2  1874    -4     3     T
   904  .10006E+03  .28720E-01    2  1876    -4     3     T
   905  .10009E+03  .36926E-01    2  1878    -4     3     T
   906  .10014E+03  .48710E-01    2  1880    -4     3     T
   907  .10021E+03  .62241E-01    2  1882    -4     3     T
   908  .10029E+03  .80683E-01    2  1884    -4     3     T
   909  .10039E+03  .10489E+00    2  1886    -4     3     T
   910  .10053E+03  .14235E+00    2  1888    -4     3     T
   911  .10072E+03  .18505E+00    2  1890    -4     3     T
   912  .10096E+03  .23792E+00    2  1892    -4     3     T
   913  .10124E+03  .28551E+00    2  1894    -4     3     T
   914  .10162E+03  .38068E+00    2  1896    -4     3     T
   915  .10238E+03  .76136E+00    2  1898    -4     3     T
   916  .10239E+03  .10000E-01    2  1900    -4     3     T
   917  .10241E+03  .13038E-01    2  1902    -4     3     T
   918  .10242E+03  .16885E-01    2  1904    -4     3     T
   919  .10245E+03  .21969E-01    2  1906    -4     3     T
   920  .10247E+03  .28466E-01    2  1908    -4     3     T
   921  .10251E+03  .36901E-01    2  1910    -4     3     T
   922  .10256E+03  .47701E-01    2  1912    -4     3     T
   923  .10262E+03  .63601E-01    2  1914    -4     3     T
   924  .10270E+03  .80193E-01    2  1916    -4     3     T
   925  .10281E+03  .10378E+00    2  1918    -4     3     T
   926  .10294E+03  .13837E+00    2  1920    -4     3     T
   927  .10314E+03  .19026E+00    2  1922    -4     3     T
   928  .10336E+03  .22197E+00    2  1924    -4     3     T
   929  .10363E+03  .27747E+00    2  1926    -4     3     T
   930  .10405E+03  .41620E+00    2  1928    -4     3     T
   931  .10447E+03  .41620E+00    2  1930    -4     3     T
   932  .10448E+03  .10000E-01    2  1932    -4     3     T
   933  .10449E+03  .12973E-01    2  1934    -4     3     T
   934  .10451E+03  .16988E-01    2  1936    -4     3     T
   935  .10453E+03  .22032E-01    2  1938    -4     3     T
   936  .10456E+03  .28327E-01    2  1940    -4     3     T
   937  .10459E+03  .36748E-01    2  1942    -4     3     T
   938  .10464E+03  .48997E-01    2  1944    -4     3     T
   939  .10471E+03  .63696E-01    2  1946    -4     3     T
   940  .10479E+03  .80682E-01    2  1948    -4     3     T
   941  .10489E+03  .10269E+00    2  1950    -4     3     T
   942  .10504E+03  .14669E+00    2  1952    -4     3     T
   943  .10521E+03  .17603E+00    2  1954    -4     3     T
   944  .10545E+03  .23471E+00    2  1956    -4     3     T
   945  .10568E+03  .23471E+00    2  1958    -4     3     T
   946  .10592E+03  .23471E+00    2  1960    -4     3     T
   947  .10593E+03  .10000E-01    7  1967    -4     3     T
   948  .10593E+03  .70109E-02    5  1972    -4     3     T
   949  .10594E+03  .70109E-02    5  1977    -4     3     T
   950  .10595E+03  .70109E-02    4  1981    -4     3     T
   951  .10596E+03  .70109E-02    3  1984    -4     3     T
   952  .10596E+03  .90788E-02    2  1986    -4     3     T
   953  .10598E+03  .11820E-01    3  1989    -4     3     T
   954  .10599E+03  .15322E-01    3  1992    -4     3     T
   955  .10601E+03  .20094E-01    4  1996    -4     3     T
   956  .10603E+03  .20094E-01    3  1999    -4     3     T
   957  .10606E+03  .25773E-01    3  2002    -4     3     T
   958  .10609E+03  .34111E-01    3  2005    -4     3     T
   959  .10613E+03  .43295E-01    2  2007    -4     3     T
   960  .10619E+03  .56967E-01    3  2010    -4     3     T
   961  .10626E+03  .73243E-01    4  2014    -4     3     T
   962  .10634E+03  .73243E-01    2  2016    -4     3     T
   963  .10644E+03  .97657E-01    2  2018    -4     3     T
   964  .10657E+03  .13021E+00    4  2022    -4     3     T
   965  .10670E+03  .13021E+00    2  2024    -4     3     T
   966  .10687E+03  .17361E+00    2  2026    -4     3     T
   967  .10704E+03  .17361E+00    2  2028    -4     3     T
   968  .10722E+03  .17361E+00    2  2030    -4     3     T
   969  .10723E+03  .10000E-01    2  2032    -4     3     T
   970  .10724E+03  .12895E-01    2  2034    -4     3     T
   971  .10726E+03  .17039E-01    2  2036    -4     3     T
   972  .10728E+03  .21908E-01    2  2038    -4     3     T
   973  .10731E+03  .29210E-01    2  2040    -4     3     T
   974  .10735E+03  .37177E-01    2  2042    -4     3     T
   975  .10739E+03  .46471E-01    2  2044    -4     3     T
   976  .10746E+03  .65059E-01    2  2046    -4     3     T
   977  .10754E+03  .86746E-01    2  2048    -4     3     T
   978  .10763E+03  .86746E-01    2  2050    -4     3     T
   979  .10772E+03  .86746E-01    2  2052    -4     3     T
   980  .10773E+03  .10000E-01    2  2054    -4     3     T
   981  .10774E+03  .12928E-01    2  2056    -4     3     T
   982  .10776E+03  .16827E-01    2  2058    -4     3     T
   983  .10778E+03  .22197E-01    2  2060    -4     3     T
   984  .10781E+03  .28363E-01    2  2062    -4     3     T
   985  .10784E+03  .36766E-01    2  2064    -4     3     T
   986  .10789E+03  .47796E-01    2  2066    -4     3     T
   987  .10796E+03  .64866E-01    2  2068    -4     3     T
   988  .10804E+03  .84326E-01    2  2070    -4     3     T
   989  .10815E+03  .10842E+00    2  2072    -4     3     T
   990  .10828E+03  .13010E+00    2  2074    -4     3     T
   991  .10845E+03  .17347E+00    2  2076    -4     3     T
   992  .10880E+03  .34694E+00    2  2078    -4     3     T
   993  .10881E+03  .10000E-01    2  2080    -4     3     T
   994  .10882E+03  .13026E-01    2  2082    -4     3     T
   995  .10884E+03  .16844E-01    2  2084    -4     3     T
   996  .10886E+03  .21821E-01    2  2086    -4     3     T
   997  .10889E+03  .28434E-01    2  2088    -4     3     T
   998  .10893E+03  .36395E-01    2  2090    -4     3     T
   999  .10898E+03  .48527E-01    2  2092    -4     3     T
  1000  .10904E+03  .63458E-01    2  2094    -4     3     T
  1001  .10912E+03  .84610E-01    2  2096    -4     3     T
  1002  .10924E+03  .11281E+00    2  2098    -4     3     T
  1003  .10938E+03  .14102E+00    2  2100    -4     3     T
  1004  .10959E+03  .21152E+00    2  2102    -4     3     T
  1005  .10980E+03  .21152E+00    2  2104    -4     3     T
  1006  .10981E+03  .99789E-02    2  2106    -4     3     T
  1007  .10982E+03  .13028E-01    2  2108    -4     3     T
  1008  .10984E+03  .17000E-01    2  2110    -4     3     T
  1009  .10986E+03  .21857E-01    2  2112    -4     3     T
  1010  .10989E+03  .28833E-01    2  2114    -4     3     T
  1011  .10993E+03  .36842E-01    2  2116    -4     3     T
  1012  .10998E+03  .47758E-01    2  2118    -4     3     T
  1013  .11004E+03  .62085E-01    2  2120    -4     3     T
  1014  .11012E+03  .84258E-01    2  2122    -4     3     T
  1015  .11023E+03  .10954E+00    2  2124    -4     3     T
  1016  .11037E+03  .14083E+00    2  2126    -4     3     T
  1017  .11054E+03  .16900E+00    2  2128    -4     3     T
  1018  .11077E+03  .22533E+00    2  2130    -4     3     T
  1019  .11122E+03  .45066E+00    2  2132    -4     3     T
  1020  .11123E+03  .99789E-02    2  2134    -4     3     T
  1021  .11124E+03  .13028E-01    2  2136    -4     3     T
  1022  .11126E+03  .17000E-01    2  2138    -4     3     T
  1023  .11128E+03  .21857E-01    2  2140    -4     3     T
  1024  .11131E+03  .28833E-01    2  2142    -4     3     T
  1025  .11134E+03  .36842E-01    2  2144    -4     3     T
  1026  .11139E+03  .47758E-01    2  2146    -4     3     T
  1027  .11145E+03  .62085E-01    2  2148    -4     3     T
  1028  .11154E+03  .84258E-01    2  2150    -4     3     T
  1029  .11165E+03  .10954E+00    2  2152    -4     3     T
  1030  .11179E+03  .14083E+00    2  2154    -4     3     T
  1031  .11196E+03  .16900E+00    2  2156    -4     3     T
  1032  .11218E+03  .22533E+00    2  2158    -4     3     T
  1033  .11263E+03  .45066E+00    2  2160    -4     3     T
  1034  .11264E+03  .99760E-02    2  2162    -4     3     T
  1035  .11266E+03  .13040E-01    2  2164    -4     3     T
  1036  .11267E+03  .16938E-01    2  2166    -4     3     T
  1037  .11270E+03  .21974E-01    2  2168    -4     3     T
  1038  .11272E+03  .28644E-01    2  2170    -4     3     T
  1039  .11276E+03  .37510E-01    2  2172    -4     3     T
  1040  .11281E+03  .48060E-01    2  2174    -4     3     T
  1041  .11287E+03  .62078E-01    2  2176    -4     3     T
  1042  .11295E+03  .79321E-01    2  2178    -4     3     T
  1043  .11306E+03  .10373E+00    2  2180    -4     3     T
  1044  .11319E+03  .13830E+00    2  2182    -4     3     T
  1045  .11338E+03  .18440E+00    2  2184    -4     3     T
  1046  .11361E+03  .23050E+00    2  2186    -4     3     T
  1047  .11395E+03  .34576E+00    2  2188    -4     3     T
  1048  .11430E+03  .34576E+00    2  2190    -4     3     T
  1049  .11431E+03  .10000E-01    2  2192    -4     3     T
  1050  .11432E+03  .12962E-01    2  2194    -4     3     T
  1051  .11434E+03  .16894E-01    2  2196    -4     3     T
  1052  .11436E+03  .21980E-01    2  2198    -4     3     T
  1053  .11439E+03  .28481E-01    2  2200    -4     3     T
  1054  .11443E+03  .36920E-01    2  2202    -4     3     T
  1055  .11447E+03  .47726E-01    2  2204    -4     3     T
  1056  .11454E+03  .63634E-01    2  2206    -4     3     T
  1057  .11462E+03  .80235E-01    2  2208    -4     3     T
  1058  .11472E+03  .10383E+00    2  2210    -4     3     T
  1059  .11486E+03  .13844E+00    2  2212    -4     3     T
  1060  .11505E+03  .19036E+00    2  2214    -4     3     T
  1061  .11527E+03  .22209E+00    2  2216    -4     3     T
  1062  .11555E+03  .27761E+00    2  2218    -4     3     T
  1063  .11597E+03  .41641E+00    2  2220    -4     3     T
  1064  .11638E+03  .41641E+00    2  2222    -4     3     T
  1065  .11639E+03  .99792E-02    2  2224    -4     3     T
  1066  .11641E+03  .12966E-01    2  2226    -4     3     T
  1067  .11642E+03  .16902E-01    2  2228    -4     3     T
  1068  .11645E+03  .22072E-01    2  2230    -4     3     T
  1069  .11647E+03  .28524E-01    2  2232    -4     3     T
  1070  .11651E+03  .37256E-01    2  2234    -4     3     T
  1071  .11656E+03  .48333E-01    2  2236    -4     3     T
  1072  .11662E+03  .62142E-01    2  2238    -4     3     T
  1073  .11670E+03  .79897E-01    2  2240    -4     3     T
  1074  .11681E+03  .10653E+00    2  2242    -4     3     T
  1075  .11694E+03  .13558E+00    2  2244    -4     3     T
  1076  .11711E+03  .16948E+00    2  2246    -4     3     T
  1077  .11735E+03  .23727E+00    2  2248    -4     3     T
  1078  .11767E+03  .31636E+00    2  2250    -4     3     T
  1079  .11798E+03  .31636E+00    2  2252    -4     3     T
  1080  .11830E+03  .31636E+00    2  2254    -4     3     T
  1081  .11831E+03  .10000E-01    2  2256    -4     3     T
  1082  .11832E+03  .12986E-01    2  2258    -4     3     T
  1083  .11834E+03  .16938E-01    2  2260    -4     3     T
  1084  .11836E+03  .22033E-01    2  2262    -4     3     T
  1085  .11839E+03  .28596E-01    2  2264    -4     3     T
  1086  .11843E+03  .36937E-01    2  2266    -4     3     T
  1087  .11848E+03  .48565E-01    2  2268    -4     3     T
  1088  .11854E+03  .62779E-01    2  2270    -4     3     T
  1089  .11862E+03  .81005E-01    2  2272    -4     3     T
  1090  .11873E+03  .10566E+00    2  2274    -4     3     T
  1091  .11886E+03  .13673E+00    2  2276    -4     3     T
  1092  .11904E+03  .18231E+00    2  2278    -4     3     T
  1093  .11927E+03  .22283E+00    2  2280    -4     3     T
  1094  .11956E+03  .29710E+00    2  2282    -4     3     T
  1095  .11994E+03  .37138E+00    2  2284    -4     3     T
  1096  .12049E+03  .55707E+00    2  2286    -4     3     T
  1097  .12105E+03  .55707E+00    2  2288    -4     3     T
  1098  .12106E+03  .10000E-01    2  2290    -4     3     T
  1099  .12107E+03  .13007E-01    2  2292    -4     3     T
  1100  .12109E+03  .16897E-01    2  2294    -4     3     T
  1101  .12111E+03  .22023E-01    2  2296    -4     3     T
  1102  .12114E+03  .28501E-01    2  2298    -4     3     T
  1103  .12118E+03  .37442E-01    2  2300    -4     3     T
  1104  .12123E+03  .48003E-01    2  2302    -4     3     T
  1105  .12129E+03  .62900E-01    2  2304    -4     3     T
  1106  .12137E+03  .80055E-01    2  2306    -4     3     T
  1107  .12147E+03  .10507E+00    2  2308    -4     3     T
  1108  .12162E+03  .14328E+00    2  2310    -4     3     T
  1109  .12180E+03  .17910E+00    2  2312    -4     3     T
  1110  .12205E+03  .25074E+00    2  2314    -4     3     T
  1111  .12238E+03  .33432E+00    2  2316    -4     3     T
  1112  .12272E+03  .33432E+00    2  2318    -4     3     T
  1113  .12305E+03  .33432E+00    2  2320    -4     3     T
  1114  .12306E+03  .10000E-01    2  2322    -4     3     T
  1115  .12307E+03  .12962E-01    2  2324    -4     3     T
  1116  .12309E+03  .16894E-01    2  2326    -4     3     T
  1117  .12311E+03  .21980E-01    2  2328    -4     3     T
  1118  .12314E+03  .28481E-01    2  2330    -4     3     T
  1119  .12318E+03  .36920E-01    2  2332    -4     3     T
  1120  .12322E+03  .47726E-01    2  2334    -4     3     T
  1121  .12329E+03  .63634E-01    2  2336    -4     3     T
  1122  .12337E+03  .80235E-01    2  2338    -4     3     T
  1123  .12347E+03  .10383E+00    2  2340    -4     3     T
  1124  .12361E+03  .13844E+00    2  2342    -4     3     T
  1125  .12380E+03  .19036E+00    2  2344    -4     3     T
  1126  .12402E+03  .22209E+00    2  2346    -4     3     T
  1127  .12430E+03  .27761E+00    2  2348    -4     3     T
  1128  .12472E+03  .41641E+00    2  2350    -4     3     T
  1129  .12513E+03  .41641E+00    2  2352    -4     3     T
  1130  .12514E+03  .99835E-02    2  2354    -4     3     T
  1131  .12516E+03  .13005E-01    2  2356    -4     3     T
  1132  .12517E+03  .16852E-01    2  2358    -4     3     T
  1133  .12520E+03  .22001E-01    2  2360    -4     3     T
  1134  .12522E+03  .28709E-01    2  2362    -4     3     T
  1135  .12526E+03  .36912E-01    2  2364    -4     3     T
  1136  .12531E+03  .48692E-01    2  2366    -4     3     T
  1137  .12537E+03  .62218E-01    2  2368    -4     3     T
  1138  .12545E+03  .80653E-01    2  2370    -4     3     T
  1139  .12556E+03  .10485E+00    2  2372    -4     3     T
  1140  .12570E+03  .14229E+00    2  2374    -4     3     T
  1141  .12589E+03  .18498E+00    2  2376    -4     3     T
  1142  .12612E+03  .23783E+00    2  2378    -4     3     T
  1143  .12641E+03  .28540E+00    2  2380    -4     3     T
  1144  .12679E+03  .38054E+00    2  2382    -4     3     T
  1145  .12755E+03  .76107E+00    2  2384    -4     3     T
  1146  .12756E+03  .99861E-02    2  2386    -4     3     T
  1147  .12757E+03  .12994E-01    2  2388    -4     3     T
  1148  .12759E+03  .16882E-01    2  2390    -4     3     T
  1149  .12761E+03  .21929E-01    2  2392    -4     3     T
  1150  .12764E+03  .28449E-01    2  2394    -4     3     T
  1151  .12768E+03  .37085E-01    2  2396    -4     3     T
  1152  .12773E+03  .48563E-01    2  2398    -4     3     T
  1153  .12779E+03  .62222E-01    2  2400    -4     3     T
  1154  .12787E+03  .80370E-01    2  2402    -4     3     T
  1155  .12798E+03  .10874E+00    2  2404    -4     3     T
  1156  .12811E+03  .13383E+00    2  2406    -4     3     T
  1157  .12829E+03  .17844E+00    2  2408    -4     3     T
  1158  .12853E+03  .23792E+00    2  2410    -4     3     T
  1159  .12882E+03  .29740E+00    2  2412    -4     3     T
  1160  .12927E+03  .44610E+00    2  2414    -4     3     T
  1161  .12972E+03  .44609E+00    2  2416    -4     3     T
  1162  .12973E+03  .99862E-02    2  2418    -4     3     T
  1163  .12974E+03  .12994E-01    2  2420    -4     3     T
  1164  .12976E+03  .16882E-01    2  2422    -4     3     T
  1165  .12978E+03  .21929E-01    2  2424    -4     3     T
  1166  .12981E+03  .28449E-01    2  2426    -4     3     T
  1167  .12984E+03  .37085E-01    2  2428    -4     3     T
  1168  .12989E+03  .48564E-01    2  2430    -4     3     T
  1169  .12996E+03  .62223E-01    2  2432    -4     3     T
  1170  .13004E+03  .80371E-01    2  2434    -4     3     T
  1171  .13014E+03  .10874E+00    2  2436    -4     3     T
  1172  .13028E+03  .13383E+00    2  2438    -4     3     T
  1173  .13046E+03  .17844E+00    2  2440    -4     3     T
  1174  .13069E+03  .23792E+00    2  2442    -4     3     T
  1175  .13099E+03  .29740E+00    2  2444    -4     3     T
  1176  .13144E+03  .44611E+00    2  2446    -4     3     T
  1177  .13188E+03  .44611E+00    2  2448    -4     3     T
  1178  .13189E+03  .99712E-02    2  2450    -4     3     T
  1179  .13191E+03  .12981E-01    2  2452    -4     3     T
  1180  .13192E+03  .16828E-01    2  2454    -4     3     T
  1181  .13195E+03  .22069E-01    2  2456    -4     3     T
  1182  .13197E+03  .28786E-01    2  2458    -4     3     T
  1183  .13201E+03  .37010E-01    2  2460    -4     3     T
  1184  .13206E+03  .48398E-01    2  2462    -4     3     T
  1185  .13212E+03  .63681E-01    2  2464    -4     3     T
  1186  .13221E+03  .81876E-01    2  2466    -4     3     T
  1187  .13231E+03  .10644E+00    2  2468    -4     3     T
  1188  .13245E+03  .13685E+00    2  2470    -4     3     T
  1189  .13261E+03  .16422E+00    2  2472    -4     3     T
  1190  .13283E+03  .21896E+00    2  2474    -4     3     T
  1191  .13327E+03  .43791E+00    2  2476    -4     3     T
  1192  .13362E+03  .34850E+00    2  2478    -4     3     T
  1193  .13397E+03  .34850E+00    2  2480    -4     3     T
  1194  .13398E+03  .10000E-01    2  2482    -4     3     T
  1195  .13399E+03  .12963E-01    2  2484    -4     3     T
  1196  .13401E+03  .16894E-01    2  2486    -4     3     T
  1197  .13403E+03  .21980E-01    2  2488    -4     3     T
  1198  .13406E+03  .28481E-01    2  2490    -4     3     T
  1199  .13409E+03  .36920E-01    2  2492    -4     3     T
  1200  .13414E+03  .47726E-01    2  2494    -4     3     T
  1201  .13421E+03  .63634E-01    2  2496    -4     3     T
  1202  .13429E+03  .80235E-01    2  2498    -4     3     T
  1203  .13439E+03  .10383E+00    2  2500    -4     3     T
  1204  .13453E+03  .13844E+00    2  2502    -4     3     T
  1205  .13472E+03  .19036E+00    2  2504    -4     3     T
  1206  .13494E+03  .22209E+00    2  2506    -4     3     T
  1207  .13522E+03  .27761E+00    2  2508    -4     3     T
  1208  .13563E+03  .41641E+00    2  2510    -4     3     T
  1209  .13605E+03  .41641E+00    2  2512    -4     3     T
  1210  .13606E+03  .10000E-01    2  2514    -4     3     T
  1211  .13607E+03  .13038E-01    2  2516    -4     3     T
  1212  .13609E+03  .16885E-01    2  2518    -4     3     T
  1213  .13611E+03  .21969E-01    2  2520    -4     3     T
  1214  .13614E+03  .28466E-01    2  2522    -4     3     T
  1215  .13618E+03  .36901E-01    2  2524    -4     3     T
  1216  .13623E+03  .47701E-01    2  2526    -4     3     T
  1217  .13629E+03  .63602E-01    2  2528    -4     3     T
  1218  .13637E+03  .80194E-01    2  2530    -4     3     T
  1219  .13647E+03  .10378E+00    2  2532    -4     3     T
  1220  .13661E+03  .13837E+00    2  2534    -4     3     T
  1221  .13680E+03  .19026E+00    2  2536    -4     3     T
  1222  .13702E+03  .22197E+00    2  2538    -4     3     T
  1223  .13730E+03  .27747E+00    2  2540    -4     3     T
  1224  .13772E+03  .41621E+00    2  2542    -4     3     T
  1225  .13813E+03  .41620E+00    2  2544    -4     3     T
  1226  .13814E+03  .10000E-01    2  2546    -4     3     T
  1227  .13816E+03  .13038E-01    2  2548    -4     3     T
  1228  .13817E+03  .16885E-01    2  2550    -4     3     T
  1229  .13820E+03  .21969E-01    2  2552    -4     3     T
  1230  .13822E+03  .28466E-01    2  2554    -4     3     T
  1231  .13826E+03  .36901E-01    2  2556    -4     3     T
  1232  .13831E+03  .47701E-01    2  2558    -4     3     T
  1233  .13837E+03  .63601E-01    2  2560    -4     3     T
  1234  .13845E+03  .80193E-01    2  2562    -4     3     T
  1235  .13856E+03  .10378E+00    2  2564    -4     3     T
  1236  .13869E+03  .13837E+00    2  2566    -4     3     T
  1237  .13889E+03  .19026E+00    2  2568    -4     3     T
  1238  .13911E+03  .22197E+00    2  2570    -4     3     T
  1239  .13938E+03  .27747E+00    2  2572    -4     3     T
  1240  .13980E+03  .41620E+00    2  2574    -4     3     T
  1241  .14022E+03  .41620E+00    2  2576    -4     3     T
  1242  .14023E+03  .10000E-01    2  2578    -4     3     T
  1243  .14024E+03  .12963E-01    2  2580    -4     3     T
  1244  .14026E+03  .16894E-01    2  2582    -4     3     T
  1245  .14028E+03  .21980E-01    2  2584    -4     3     T
  1246  .14031E+03  .28481E-01    2  2586    -4     3     T
  1247  .14034E+03  .36920E-01    2  2588    -4     3     T
  1248  .14039E+03  .47726E-01    2  2590    -4     3     T
  1249  .14046E+03  .63634E-01    2  2592    -4     3     T
  1250  .14054E+03  .80235E-01    2  2594    -4     3     T
  1251  .14064E+03  .10383E+00    2  2596    -4     3     T
  1252  .14078E+03  .13844E+00    2  2598    -4     3     T
  1253  .14097E+03  .19036E+00    2  2600    -4     3     T
  1254  .14119E+03  .22209E+00    2  2602    -4     3     T
  1255  .14147E+03  .27761E+00    2  2604    -4     3     T
  1256  .14188E+03  .41641E+00    2  2606    -4     3     T
  1257  .14230E+03  .41641E+00    2  2608    -4     3     T
  1258  .14231E+03  .10000E-01    2  2610    -4     3     T
  1259  .14232E+03  .13038E-01    2  2612    -4     3     T
  1260  .14234E+03  .16885E-01    2  2614    -4     3     T
  1261  .14236E+03  .21969E-01    2  2616    -4     3     T
  1262  .14239E+03  .28466E-01    2  2618    -4     3     T
  1263  .14243E+03  .36901E-01    2  2620    -4     3     T
  1264  .14248E+03  .47701E-01    2  2622    -4     3     T
  1265  .14254E+03  .63602E-01    2  2624    -4     3     T
  1266  .14262E+03  .80194E-01    2  2626    -4     3     T
  1267  .14272E+03  .10378E+00    2  2628    -4     3     T
  1268  .14286E+03  .13837E+00    2  2630    -4     3     T
  1269  .14305E+03  .19026E+00    2  2632    -4     3     T
  1270  .14327E+03  .22197E+00    2  2634    -4     3     T
  1271  .14355E+03  .27747E+00    2  2636    -4     3     T
  1272  .14397E+03  .41621E+00    2  2638    -4     3     T
  1273  .14438E+03  .41620E+00    2  2640    -4     3     T
  1274  .14439E+03  .10000E-01    2  2642    -4     3     T
  1275  .14441E+03  .13009E-01    2  2644    -4     3     T
  1276  .14442E+03  .16928E-01    2  2646    -4     3     T
  1277  .14445E+03  .21993E-01    2  2648    -4     3     T
  1278  .14447E+03  .28568E-01    2  2650    -4     3     T
  1279  .14451E+03  .37061E-01    2  2652    -4     3     T
  1280  .14456E+03  .48312E-01    2  2654    -4     3     T
  1281  .14462E+03  .63265E-01    2  2656    -4     3     T
  1282  .14470E+03  .81059E-01    2  2658    -4     3     T
  1283  .14481E+03  .10470E+00    2  2660    -4     3     T
  1284  .14495E+03  .14165E+00    2  2662    -4     3     T
  1285  .14512E+03  .17434E+00    2  2664    -4     3     T
  1286  .14536E+03  .23246E+00    2  2666    -4     3     T
  1287  .14567E+03  .30994E+00    2  2668    -4     3     T
  1288  .14605E+03  .38743E+00    2  2670    -4     3     T
  1289  .14664E+03  .58115E+00    2  2672    -4     3     T
  1290  .14722E+03  .58115E+00    2  2674    -4     3     T
  1291  .14723E+03  .10000E-01    2  2676    -4     3     T
  1292  .14724E+03  .12969E-01    2  2678    -4     3     T
  1293  .14726E+03  .16851E-01    2  2680    -4     3     T
  1294  .14728E+03  .21966E-01    2  2682    -4     3     T
  1295  .14731E+03  .28685E-01    2  2684    -4     3     T
  1296  .14734E+03  .37070E-01    2  2686    -4     3     T
  1297  .14739E+03  .48418E-01    2  2688    -4     3     T
  1298  .14746E+03  .62812E-01    2  2690    -4     3     T
  1299  .14754E+03  .80759E-01    2  2692    -4     3     T
  1300  .14764E+03  .10383E+00    2  2694    -4     3     T
  1301  .14778E+03  .13844E+00    2  2696    -4     3     T
  1302  .14795E+03  .17620E+00    2  2698    -4     3     T
  1303  .14818E+03  .22025E+00    2  2700    -4     3     T
  1304  .14848E+03  .30835E+00    2  2702    -4     3     T
  1305  .14889E+03  .41114E+00    2  2704    -4     3     T
  1306  .14931E+03  .41114E+00    2  2706    -4     3     T
  1307  .14972E+03  .41115E+00    2  2708    -4     3     T
  1308  .14973E+03  .99876E-02    2  2710    -4     3     T
  1309  .14974E+03  .13011E-01    2  2712    -4     3     T
  1310  .14976E+03  .16859E-01    2  2714    -4     3     T
  1311  .14978E+03  .22011E-01    2  2716    -4     3     T
  1312  .14981E+03  .28721E-01    2  2718    -4     3     T
  1313  .14984E+03  .36927E-01    2  2720    -4     3     T
  1314  .14989E+03  .48713E-01    2  2722    -4     3     T
  1315  .14996E+03  .62244E-01    2  2724    -4     3     T
  1316  .15004E+03  .80687E-01    2  2726    -4     3     T
  1317  .15014E+03  .10489E+00    2  2728    -4     3     T
  1318  .15028E+03  .14235E+00    2  2730    -4     3     T
  1319  .15047E+03  .18506E+00    2  2732    -4     3     T
  1320  .15071E+03  .23794E+00    2  2734    -4     3     T
  1321  .15099E+03  .28553E+00    2  2736    -4     3     T
  1322  .15137E+03  .38070E+00    2  2738    -4     3     T
  1323  .15213E+03  .76140E+00    2  2740    -4     3     T
  1324  .15214E+03  .97775E-02    2  2742    -4     3     T
  1325  .15216E+03  .12786E-01    2  2744    -4     3     T
  1326  .15217E+03  .17047E-01    2  2746    -4     3     T
  1327  .15220E+03  .22731E-01    2  2748    -4     3     T
  1328  .15222E+03  .28412E-01    2  2750    -4     3     T
  1329  .15227E+03  .42618E-01    2  2752    -4     3     T
  1330  .15231E+03  .42618E-01    2  2754    -4     3     T
  1331  .15236E+03  .48561E-01    2  2756    -4     3     T
  1332  .15242E+03  .62659E-01    2  2758    -4     3     T
  1333  .15250E+03  .81730E-01    2  2760    -4     3     T
  1334  .15261E+03  .10577E+00    2  2762    -4     3     T
  1335  .15275E+03  .14102E+00    2  2764    -4     3     T
  1336  .15292E+03  .17236E+00    2  2766    -4     3     T
  1337  .15315E+03  .22982E+00    2  2768    -4     3     T
  1338  .15344E+03  .28727E+00    2  2770    -4     3     T
  1339  .15387E+03  .43091E+00    2  2772    -4     3     T
  1340  .15430E+03  .43091E+00    2  2774    -4     3     T
  1341  .15431E+03  .10000E-01    2  2776    -4     3     T
  1342  .15432E+03  .13038E-01    2  2778    -4     3     T
  1343  .15434E+03  .16885E-01    2  2780    -4     3     T
  1344  .15436E+03  .21969E-01    2  2782    -4     3     T
  1345  .15439E+03  .28466E-01    2  2784    -4     3     T
  1346  .15443E+03  .36901E-01    2  2786    -4     3     T
  1347  .15448E+03  .47701E-01    2  2788    -4     3     T
  1348  .15454E+03  .63602E-01    2  2790    -4     3     T
  1349  .15462E+03  .80194E-01    2  2792    -4     3     T
  1350  .15472E+03  .10378E+00    2  2794    -4     3     T
  1351  .15486E+03  .13837E+00    2  2796    -4     3     T
  1352  .15505E+03  .19026E+00    2  2798    -4     3     T
  1353  .15527E+03  .22197E+00    2  2800    -4     3     T
  1354  .15555E+03  .27747E+00    2  2802    -4     3     T
  1355  .15597E+03  .41621E+00    2  2804    -4     3     T
  1356  .15638E+03  .41620E+00    2  2806    -4     3     T
  1357  .15639E+03  .99876E-02    2  2808    -4     3     T
  1358  .15641E+03  .13011E-01    2  2810    -4     3     T
  1359  .15642E+03  .16859E-01    2  2812    -4     3     T
  1360  .15645E+03  .22010E-01    2  2814    -4     3     T
  1361  .15647E+03  .28721E-01    2  2816    -4     3     T
  1362  .15651E+03  .36927E-01    2  2818    -4     3     T
  1363  .15656E+03  .48712E-01    2  2820    -4     3     T
  1364  .15662E+03  .62244E-01    2  2822    -4     3     T
  1365  .15670E+03  .80686E-01    2  2824    -4     3     T
  1366  .15681E+03  .10489E+00    2  2826    -4     3     T
  1367  .15695E+03  .14235E+00    2  2828    -4     3     T
  1368  .15714E+03  .18506E+00    2  2830    -4     3     T
  1369  .15737E+03  .23793E+00    2  2832    -4     3     T
  1370  .15766E+03  .28552E+00    2  2834    -4     3     T
  1371  .15804E+03  .38070E+00    2  2836    -4     3     T
  1372  .15880E+03  .76140E+00    2  2838    -4     3     T
  1373  .15881E+03  .99863E-02    2  2840    -4     3     T
  1374  .15882E+03  .12973E-01    2  2842    -4     3     T
  1375  .15884E+03  .16918E-01    2  2844    -4     3     T
  1376  .15886E+03  .21955E-01    2  2846    -4     3     T
  1377  .15889E+03  .28542E-01    2  2848    -4     3     T
  1378  .15893E+03  .37179E-01    2  2850    -4     3     T
  1379  .15898E+03  .48076E-01    2  2852    -4     3     T
  1380  .15904E+03  .62281E-01    2  2854    -4     3     T
  1381  .15912E+03  .81154E-01    2  2856    -4     3     T
  1382  .15923E+03  .10821E+00    2  2858    -4     3     T
  1383  .15937E+03  .13826E+00    2  2860    -4     3     T
  1384  .15955E+03  .18080E+00    2  2862    -4     3     T
  1385  .15979E+03  .24107E+00    2  2864    -4     3     T
  1386  .16011E+03  .32143E+00    2  2866    -4     3     T
  1387  .16051E+03  .40179E+00    2  2868    -4     3     T
  1388  .16111E+03  .60268E+00    2  2870    -4     3     T
  1389  .16172E+03  .60268E+00    2  2872    -4     3     T
  1390  .16173E+03  .99888E-02    2  2874    -4     3     T
  1391  .16174E+03  .13025E-01    2  2876    -4     3     T
  1392  .16176E+03  .16949E-01    2  2878    -4     3     T
  1393  .16178E+03  .21892E-01    2  2880    -4     3     T
  1394  .16181E+03  .28628E-01    2  2882    -4     3     T
  1395  .16184E+03  .37341E-01    2  2884    -4     3     T
  1396  .16189E+03  .47909E-01    2  2886    -4     3     T
  1397  .16196E+03  .62281E-01    2  2888    -4     3     T
  1398  .16204E+03  .80966E-01    2  2890    -4     3     T
  1399  .16214E+03  .10673E+00    2  2892    -4     3     T
  1400  .16228E+03  .14008E+00    2  2894    -4     3     T
  1401  .16246E+03  .17510E+00    2  2896    -4     3     T
  1402  .16270E+03  .24076E+00    2  2898    -4     3     T
  1403  .16298E+03  .28089E+00    2  2900    -4     3     T
  1404  .16333E+03  .35111E+00    2  2902    -4     3     T
  1405  .16386E+03  .52667E+00    2  2904    -4     3     T
  1406  .16438E+03  .52667E+00    2  2906    -4     3     T
  1407  .16439E+03  .10000E-01    2  2908    -4     3     T
  1408  .16441E+03  .12969E-01    2  2910    -4     3     T
  1409  .16442E+03  .16851E-01    2  2912    -4     3     T
  1410  .16445E+03  .21966E-01    2  2914    -4     3     T
  1411  .16447E+03  .28685E-01    2  2916    -4     3     T
  1412  .16451E+03  .37070E-01    2  2918    -4     3     T
  1413  .16456E+03  .48418E-01    2  2920    -4     3     T
  1414  .16462E+03  .62812E-01    2  2922    -4     3     T
  1415  .16470E+03  .80759E-01    2  2924    -4     3     T
  1416  .16481E+03  .10383E+00    2  2926    -4     3     T
  1417  .16495E+03  .13844E+00    2  2928    -4     3     T
  1418  .16512E+03  .17620E+00    2  2930    -4     3     T
  1419  .16534E+03  .22025E+00    2  2932    -4     3     T
  1420  .16565E+03  .30835E+00    2  2934    -4     3     T
  1421  .16606E+03  .41114E+00    2  2936    -4     3     T
  1422  .16647E+03  .41114E+00    2  2938    -4     3     T
  1423  .16688E+03  .41113E+00    2  2940    -4     3     T
  1424  .16689E+03  .10000E-01    2  2942    -4     3     T
  1425  .16691E+03  .13038E-01    2  2944    -4     3     T
  1426  .16692E+03  .16885E-01    2  2946    -4     3     T
  1427  .16695E+03  .21969E-01    2  2948    -4     3     T
  1428  .16697E+03  .28466E-01    2  2950    -4     3     T
  1429  .16701E+03  .36901E-01    2  2952    -4     3     T
  1430  .16706E+03  .47701E-01    2  2954    -4     3     T
  1431  .16712E+03  .63601E-01    2  2956    -4     3     T
  1432  .16720E+03  .80193E-01    2  2958    -4     3     T
  1433  .16731E+03  .10378E+00    2  2960    -4     3     T
  1434  .16744E+03  .13837E+00    2  2962    -4     3     T
  1435  .16764E+03  .19026E+00    2  2964    -4     3     T
  1436  .16786E+03  .22197E+00    2  2966    -4     3     T
  1437  .16813E+03  .27747E+00    2  2968    -4     3     T
  1438  .16855E+03  .41620E+00    2  2970    -4     3     T
  1439  .16897E+03  .41620E+00    2  2972    -4     3     T
  1440  .16898E+03  .10000E-01    2  2974    -4     3     T
  1441  .16899E+03  .12983E-01    2  2976    -4     3     T
  1442  .16901E+03  .16869E-01    2  2978    -4     3     T
  1443  .16903E+03  .22059E-01    2  2980    -4     3     T
  1444  .16906E+03  .28401E-01    2  2982    -4     3     T
  1445  .16909E+03  .37395E-01    2  2984    -4     3     T
  1446  .16914E+03  .47963E-01    2  2986    -4     3     T
  1447  .16921E+03  .63480E-01    2  2988    -4     3     T
  1448  .16929E+03  .80571E-01    2  2990    -4     3     T
  1449  .16939E+03  .10601E+00    2  2992    -4     3     T
  1450  .16953E+03  .13630E+00    2  2994    -4     3     T
  1451  .16971E+03  .17720E+00    2  2996    -4     3     T
  1452  .16993E+03  .22782E+00    2  2998    -4     3     T
  1453  .17021E+03  .27339E+00    2  3000    -4     3     T
  1454  .17057E+03  .36451E+00    2  3002    -4     3     T
  1455  .17130E+03  .72902E+00    2  3004    -4     3     T
  1456  .17131E+03  .98022E-02    2  3006    -4     3     T
  1457  .17132E+03  .13072E-01    2  3008    -4     3     T
  1458  .17134E+03  .13069E-01    2  3010    -4     3     T
  1459  .17135E+03  .13062E-01    2  3012    -4     3     T
  1460  .17137E+03  .22010E-01    2  3014    -4     3     T
  1461  .17140E+03  .28671E-01    2  3016    -4     3     T
  1462  .17144E+03  .37074E-01    2  3018    -4     3     T
  1463  .17149E+03  .48028E-01    2  3020    -4     3     T
  1464  .17155E+03  .62582E-01    2  3022    -4     3     T
  1465  .17163E+03  .80105E-01    2  3024    -4     3     T
  1466  .17174E+03  .10681E+00    2  3026    -4     3     T
  1467  .17187E+03  .13967E+00    2  3028    -4     3     T
  1468  .17206E+03  .18623E+00    2  3030    -4     3     T
  1469  .17231E+03  .24830E+00    2  3032    -4     3     T
  1470  .17262E+03  .31038E+00    2  3034    -4     3     T
  1471  .17309E+03  .46556E+00    2  3036    -4     3     T
  1472  .17355E+03  .46556E+00    2  3038    -4     3     T
  1473  .17356E+03  .10000E-01    2  3040    -4     3     T
  1474  .17357E+03  .13038E-01    2  3042    -4     3     T
  1475  .17359E+03  .16885E-01    2  3044    -4     3     T
  1476  .17361E+03  .21969E-01    2  3046    -4     3     T
  1477  .17364E+03  .28466E-01    2  3048    -4     3     T
  1478  .17368E+03  .36901E-01    2  3050    -4     3     T
  1479  .17373E+03  .47701E-01    2  3052    -4     3     T
  1480  .17379E+03  .63602E-01    2  3054    -4     3     T
  1481  .17387E+03  .80194E-01    2  3056    -4     3     T
  1482  .17397E+03  .10378E+00    2  3058    -4     3     T
  1483  .17411E+03  .13837E+00    2  3060    -4     3     T
  1484  .17430E+03  .19026E+00    2  3062    -4     3     T
  1485  .17452E+03  .22197E+00    2  3064    -4     3     T
  1486  .17480E+03  .27747E+00    2  3066    -4     3     T
  1487  .17522E+03  .41621E+00    2  3068    -4     3     T
  1488  .17563E+03  .41620E+00    2  3070    -4     3     T
  1489  .17564E+03  .10000E-01    2  3072    -4     3     T
  1490  .17566E+03  .13038E-01    2  3074    -4     3     T
  1491  .17567E+03  .16885E-01    2  3076    -4     3     T
  1492  .17570E+03  .21969E-01    2  3078    -4     3     T
  1493  .17572E+03  .28466E-01    2  3080    -4     3     T
  1494  .17576E+03  .36901E-01    2  3082    -4     3     T
  1495  .17581E+03  .47701E-01    2  3084    -4     3     T
  1496  .17587E+03  .63601E-01    2  3086    -4     3     T
  1497  .17595E+03  .80193E-01    2  3088    -4     3     T
  1498  .17606E+03  .10378E+00    2  3090    -4     3     T
  1499  .17619E+03  .13837E+00    2  3092    -4     3     T
  1500  .17639E+03  .19026E+00    2  3094    -4     3     T
  1501  .17661E+03  .22197E+00    2  3096    -4     3     T
  1502  .17688E+03  .27747E+00    2  3098    -4     3     T
  1503  .17730E+03  .41620E+00    2  3100    -4     3     T
  1504  .17772E+03  .41620E+00    2  3102    -4     3     T
  1505  .17773E+03  .10000E-01    2  3104    -4     3     T
  1506  .17774E+03  .12969E-01    2  3106    -4     3     T
  1507  .17776E+03  .16851E-01    2  3108    -4     3     T
  1508  .17778E+03  .21966E-01    2  3110    -4     3     T
  1509  .17781E+03  .28685E-01    2  3112    -4     3     T
  1510  .17784E+03  .37070E-01    2  3114    -4     3     T
  1511  .17789E+03  .48418E-01    2  3116    -4     3     T
  1512  .17796E+03  .62812E-01    2  3118    -4     3     T
  1513  .17804E+03  .80759E-01    2  3120    -4     3     T
  1514  .17814E+03  .10383E+00    2  3122    -4     3     T
  1515  .17828E+03  .13844E+00    2  3124    -4     3     T
  1516  .17845E+03  .17620E+00    2  3126    -4     3     T
  1517  .17868E+03  .22025E+00    2  3128    -4     3     T
  1518  .17898E+03  .30835E+00    2  3130    -4     3     T
  1519  .17939E+03  .41114E+00    2  3132    -4     3     T
  1520  .17981E+03  .41114E+00    2  3134    -4     3     T
  1521  .18022E+03  .41115E+00    2  3136    -4     3     T
  1522  .18023E+03  .10000E-01    2  3138    -4     3     T
  1523  .18024E+03  .12963E-01    2  3140    -4     3     T
  1524  .18026E+03  .16894E-01    2  3142    -4     3     T
  1525  .18028E+03  .21980E-01    2  3144    -4     3     T
  1526  .18031E+03  .28481E-01    2  3146    -4     3     T
  1527  .18034E+03  .36920E-01    2  3148    -4     3     T
  1528  .18039E+03  .47726E-01    2  3150    -4     3     T
  1529  .18046E+03  .63634E-01    2  3152    -4     3     T
  1530  .18054E+03  .80235E-01    2  3154    -4     3     T
  1531  .18064E+03  .10383E+00    2  3156    -4     3     T
  1532  .18078E+03  .13844E+00    2  3158    -4     3     T
  1533  .18097E+03  .19036E+00    2  3160    -4     3     T
  1534  .18119E+03  .22209E+00    2  3162    -4     3     T
  1535  .18147E+03  .27761E+00    2  3164    -4     3     T
  1536  .18188E+03  .41641E+00    2  3166    -4     3     T
  1537  .18230E+03  .41641E+00    2  3168    -4     3     T
  1538  .18231E+03  .10000E-01    2  3170    -4     3     T
  1539  .18232E+03  .12978E-01    2  3172    -4     3     T
  1540  .18234E+03  .16862E-01    2  3174    -4     3     T
  1541  .18236E+03  .22050E-01    2  3176    -4     3     T
  1542  .18239E+03  .28389E-01    2  3178    -4     3     T
  1543  .18243E+03  .37379E-01    2  3180    -4     3     T
  1544  .18248E+03  .47942E-01    2  3182    -4     3     T
  1545  .18254E+03  .63453E-01    2  3184    -4     3     T
  1546  .18262E+03  .80537E-01    2  3186    -4     3     T
  1547  .18273E+03  .10597E+00    2  3188    -4     3     T
  1548  .18286E+03  .13625E+00    2  3190    -4     3     T
  1549  .18304E+03  .17712E+00    2  3192    -4     3     T
  1550  .18327E+03  .22773E+00    2  3194    -4     3     T
  1551  .18354E+03  .27327E+00    2  3196    -4     3     T
  1552  .18391E+03  .36436E+00    2  3198    -4     3     T
  1553  .18463E+03  .72873E+00    2  3200    -4     3     T
  1554  .18464E+03  .10000E-01    2  3202    -4     3     T
  1555  .18466E+03  .12986E-01    2  3204    -4     3     T
  1556  .18467E+03  .16938E-01    2  3206    -4     3     T
  1557  .18470E+03  .22033E-01    2  3208    -4     3     T
  1558  .18472E+03  .28596E-01    2  3210    -4     3     T
  1559  .18476E+03  .36937E-01    2  3212    -4     3     T
  1560  .18481E+03  .48565E-01    2  3214    -4     3     T
  1561  .18487E+03  .62779E-01    2  3216    -4     3     T
  1562  .18495E+03  .81005E-01    2  3218    -4     3     T
  1563  .18506E+03  .10566E+00    2  3220    -4     3     T
  1564  .18520E+03  .13674E+00    2  3222    -4     3     T
  1565  .18538E+03  .18231E+00    2  3224    -4     3     T
  1566  .18560E+03  .22283E+00    2  3226    -4     3     T
  1567  .18590E+03  .29711E+00    2  3228    -4     3     T
  1568  .18627E+03  .37138E+00    2  3230    -4     3     T
  1569  .18683E+03  .55708E+00    2  3232    -4     3     T
  1570  .18738E+03  .55707E+00    2  3234    -4     3     T
  1571  .18739E+03  .10000E-01    2  3236    -4     3     T
  1572  .18741E+03  .13000E-01    2  3238    -4     3     T
  1573  .18742E+03  .16915E-01    2  3240    -4     3     T
  1574  .18745E+03  .21927E-01    2  3242    -4     3     T
  1575  .18747E+03  .28526E-01    2  3244    -4     3     T
  1576  .18751E+03  .37303E-01    2  3246    -4     3     T
  1577  .18756E+03  .47872E-01    2  3248    -4     3     T
  1578  .18762E+03  .62766E-01    2  3250    -4     3     T
  1579  .18770E+03  .81227E-01    2  3252    -4     3     T
  1580  .18781E+03  .10722E+00    2  3254    -4     3     T
  1581  .18795E+03  .13543E+00    2  3256    -4     3     T
  1582  .18812E+03  .17413E+00    2  3258    -4     3     T
  1583  .18835E+03  .22637E+00    2  3260    -4     3     T
  1584  .18864E+03  .29105E+00    2  3262    -4     3     T
  1585  .18907E+03  .43657E+00    2  3264    -4     3     T
  1586  .18951E+03  .43657E+00    2  3266    -4     3     T
  1587  .19038E+03  .87314E+00    2  3268    -4     3     T
end
 
 Real time [sec]       4.000000000000000
