 ******* Program HYDRUS
 ******* Solute transport with nonlinear cation adsorption - Lai - Jurinak      
  
 Date:   1.10.    Time:  14: 3:59
 Units: L = cm   , T = days , M = mmol 

-----------------------------------------------------
 Time       [T]       .0000
-----------------------------------------------------
 Sub-region num.                   1
-----------------------------------------------------
 Area     [L]         .250E+02   .250E+02
 W-volume [L]         .112E+02   .112E+02
 In-flow  [L/T]       .000E+00   .000E+00
 h Mean   [L]         .000E+00   .000E+00
 ConcVol  [M/L2] 1    .000E+00   .000E+00
 cMean    [M/L3] 1    .000E+00   .000E+00
 Top Flux [L/T]      -.264E+01
 Bot Flux [L/T]      -.264E+01
-----------------------------------------------------

-----------------------------------------------------
 Time       [T]     10.0000
-----------------------------------------------------
 Sub-region num.                   1
-----------------------------------------------------
 Area     [L]         .250E+02   .250E+02
 ConcVol  [M/L2] 1    .127E+04   .127E+04
 cMean    [M/L3] 1    .322E+02   .322E+02
 CncBalT  [M]    1    .195E+01
 CncBalR  [%]    1        .154
-----------------------------------------------------

-----------------------------------------------------
 Time       [T]     15.0000
-----------------------------------------------------
 Sub-region num.                   1
-----------------------------------------------------
 Area     [L]         .250E+02   .250E+02
 ConcVol  [M/L2] 1    .108E+04   .108E+04
 cMean    [M/L3] 1    .274E+02   .274E+02
 CncBalT  [M]    1    .159E+02
 CncBalR  [%]    1       1.086
-----------------------------------------------------

-----------------------------------------------------
 Time       [T]     20.0000
-----------------------------------------------------
 Sub-region num.                   1
-----------------------------------------------------
 Area     [L]         .250E+02   .250E+02
 ConcVol  [M/L2] 1    .343E+02   .343E+02
 cMean    [M/L3] 1    .874E+00   .874E+00
 CncBalT  [M]    1    .537E+01
 CncBalR  [%]    1        .215
-----------------------------------------------------

-----------------------------------------------------
 Time       [T]     30.0000
-----------------------------------------------------
 Sub-region num.                   1
-----------------------------------------------------
 Area     [L]         .250E+02   .250E+02
 ConcVol  [M/L2] 1    .504E-15   .504E-15
 cMean    [M/L3] 1    .128E-16   .128E-16
 CncBalT  [M]    1    .195E+01
 CncBalR  [%]    1        .077
-----------------------------------------------------
