 ******* Program HYDRUS
 ******* Solute transport with nonlinear cation adsorption - Lai - Jurinak      
  
 Date:   1.10.    Time:  14: 3:59
 Units: L = cm   , T = days , M = mmol 
 
 CosAlf,MaxIt,TolTh,  TolH
 1.000   20    .000  .10000
 
 TopInF,BotInF,AtmBC,SinkF,WLayer,qGWLF,FreeD,SeepF,lWat,lChem,lTemp,lRoot,lWDep
 
     F     F     F     F     F     F     F     F     F     T     F     F     F

Nodal point information

node      x         hOld    MatN LayN  Beta      Ah       AK      ATh     Temp    Conc(1...NS)         Sorb(1...NS)

   1       .000       .000    1    1    .000    1.000    1.000    1.000   20.00   .0000E+00
   2      -.250       .000    1    1    .000    1.000    1.000    1.000   20.00   .0000E+00
   3      -.500       .000    1    1    .000    1.000    1.000    1.000   20.00   .0000E+00
   4      -.750       .000    1    1    .000    1.000    1.000    1.000   20.00   .0000E+00
   5     -1.000       .000    1    1    .000    1.000    1.000    1.000   20.00   .0000E+00
   6     -1.250       .000    1    1    .000    1.000    1.000    1.000   20.00   .0000E+00
   7     -1.500       .000    1    1    .000    1.000    1.000    1.000   20.00   .0000E+00
   8     -1.750       .000    1    1    .000    1.000    1.000    1.000   20.00   .0000E+00
   9     -2.000       .000    1    1    .000    1.000    1.000    1.000   20.00   .0000E+00
  10     -2.250       .000    1    1    .000    1.000    1.000    1.000   20.00   .0000E+00
  11     -2.500       .000    1    1    .000    1.000    1.000    1.000   20.00   .0000E+00
  12     -2.750       .000    1    1    .000    1.000    1.000    1.000   20.00   .0000E+00
  13     -3.000       .000    1    1    .000    1.000    1.000    1.000   20.00   .0000E+00
  14     -3.250       .000    1    1    .000    1.000    1.000    1.000   20.00   .0000E+00
  15     -3.500       .000    1    1    .000    1.000    1.000    1.000   20.00   .0000E+00
  16     -3.750       .000    1    1    .000    1.000    1.000    1.000   20.00   .0000E+00
  17     -4.000       .000    1    1    .000    1.000    1.000    1.000   20.00   .0000E+00
  18     -4.250       .000    1    1    .000    1.000    1.000    1.000   20.00   .0000E+00
  19     -4.500       .000    1    1    .000    1.000    1.000    1.000   20.00   .0000E+00
  20     -4.750       .000    1    1    .000    1.000    1.000    1.000   20.00   .0000E+00
  21     -5.000       .000    1    1    .000    1.000    1.000    1.000   20.00   .0000E+00
  22     -5.250       .000    1    1    .000    1.000    1.000    1.000   20.00   .0000E+00
  23     -5.500       .000    1    1    .000    1.000    1.000    1.000   20.00   .0000E+00
  24     -5.750       .000    1    1    .000    1.000    1.000    1.000   20.00   .0000E+00
  25     -6.000       .000    1    1    .000    1.000    1.000    1.000   20.00   .0000E+00
  26     -6.250       .000    1    1    .000    1.000    1.000    1.000   20.00   .0000E+00
  27     -6.500       .000    1    1    .000    1.000    1.000    1.000   20.00   .0000E+00
  28     -6.750       .000    1    1    .000    1.000    1.000    1.000   20.00   .0000E+00
  29     -7.000       .000    1    1    .000    1.000    1.000    1.000   20.00   .0000E+00
  30     -7.250       .000    1    1    .000    1.000    1.000    1.000   20.00   .0000E+00
  31     -7.500       .000    1    1    .000    1.000    1.000    1.000   20.00   .0000E+00
  32     -7.750       .000    1    1    .000    1.000    1.000    1.000   20.00   .0000E+00
  33     -8.000       .000    1    1    .000    1.000    1.000    1.000   20.00   .0000E+00
  34     -8.250       .000    1    1    .000    1.000    1.000    1.000   20.00   .0000E+00
  35     -8.500       .000    1    1    .000    1.000    1.000    1.000   20.00   .0000E+00
  36     -8.750       .000    1    1    .000    1.000    1.000    1.000   20.00   .0000E+00
  37     -9.000       .000    1    1    .000    1.000    1.000    1.000   20.00   .0000E+00
  38     -9.250       .000    1    1    .000    1.000    1.000    1.000   20.00   .0000E+00
  39     -9.500       .000    1    1    .000    1.000    1.000    1.000   20.00   .0000E+00
  40     -9.750       .000    1    1    .000    1.000    1.000    1.000   20.00   .0000E+00
  41    -10.000       .000    1    1    .000    1.000    1.000    1.000   20.00   .0000E+00
  42    -10.250       .000    1    1    .000    1.000    1.000    1.000   20.00   .0000E+00
  43    -10.500       .000    1    1    .000    1.000    1.000    1.000   20.00   .0000E+00
  44    -10.750       .000    1    1    .000    1.000    1.000    1.000   20.00   .0000E+00
  45    -11.000       .000    1    1    .000    1.000    1.000    1.000   20.00   .0000E+00
  46    -11.250       .000    1    1    .000    1.000    1.000    1.000   20.00   .0000E+00
  47    -11.500       .000    1    1    .000    1.000    1.000    1.000   20.00   .0000E+00
  48    -11.750       .000    1    1    .000    1.000    1.000    1.000   20.00   .0000E+00
  49    -12.000       .000    1    1    .000    1.000    1.000    1.000   20.00   .0000E+00
  50    -12.250       .000    1    1    .000    1.000    1.000    1.000   20.00   .0000E+00
  51    -12.500       .000    1    1    .000    1.000    1.000    1.000   20.00   .0000E+00
  52    -12.750       .000    1    1    .000    1.000    1.000    1.000   20.00   .0000E+00
  53    -13.000       .000    1    1    .000    1.000    1.000    1.000   20.00   .0000E+00
  54    -13.250       .000    1    1    .000    1.000    1.000    1.000   20.00   .0000E+00
  55    -13.500       .000    1    1    .000    1.000    1.000    1.000   20.00   .0000E+00
  56    -13.750       .000    1    1    .000    1.000    1.000    1.000   20.00   .0000E+00
  57    -14.000       .000    1    1    .000    1.000    1.000    1.000   20.00   .0000E+00
  58    -14.250       .000    1    1    .000    1.000    1.000    1.000   20.00   .0000E+00
  59    -14.500       .000    1    1    .000    1.000    1.000    1.000   20.00   .0000E+00
  60    -14.750       .000    1    1    .000    1.000    1.000    1.000   20.00   .0000E+00
  61    -15.000       .000    1    1    .000    1.000    1.000    1.000   20.00   .0000E+00
  62    -15.250       .000    1    1    .000    1.000    1.000    1.000   20.00   .0000E+00
  63    -15.500       .000    1    1    .000    1.000    1.000    1.000   20.00   .0000E+00
  64    -15.750       .000    1    1    .000    1.000    1.000    1.000   20.00   .0000E+00
  65    -16.000       .000    1    1    .000    1.000    1.000    1.000   20.00   .0000E+00
  66    -16.250       .000    1    1    .000    1.000    1.000    1.000   20.00   .0000E+00
  67    -16.500       .000    1    1    .000    1.000    1.000    1.000   20.00   .0000E+00
  68    -16.750       .000    1    1    .000    1.000    1.000    1.000   20.00   .0000E+00
  69    -17.000       .000    1    1    .000    1.000    1.000    1.000   20.00   .0000E+00
  70    -17.250       .000    1    1    .000    1.000    1.000    1.000   20.00   .0000E+00
  71    -17.500       .000    1    1    .000    1.000    1.000    1.000   20.00   .0000E+00
  72    -17.750       .000    1    1    .000    1.000    1.000    1.000   20.00   .0000E+00
  73    -18.000       .000    1    1    .000    1.000    1.000    1.000   20.00   .0000E+00
  74    -18.250       .000    1    1    .000    1.000    1.000    1.000   20.00   .0000E+00
  75    -18.500       .000    1    1    .000    1.000    1.000    1.000   20.00   .0000E+00
  76    -18.750       .000    1    1    .000    1.000    1.000    1.000   20.00   .0000E+00
  77    -19.000       .000    1    1    .000    1.000    1.000    1.000   20.00   .0000E+00
  78    -19.250       .000    1    1    .000    1.000    1.000    1.000   20.00   .0000E+00
  79    -19.500       .000    1    1    .000    1.000    1.000    1.000   20.00   .0000E+00
  80    -19.750       .000    1    1    .000    1.000    1.000    1.000   20.00   .0000E+00
  81    -20.000       .000    1    1    .000    1.000    1.000    1.000   20.00   .0000E+00
  82    -20.250       .000    1    1    .000    1.000    1.000    1.000   20.00   .0000E+00
  83    -20.500       .000    1    1    .000    1.000    1.000    1.000   20.00   .0000E+00
  84    -20.750       .000    1    1    .000    1.000    1.000    1.000   20.00   .0000E+00
  85    -21.000       .000    1    1    .000    1.000    1.000    1.000   20.00   .0000E+00
  86    -21.250       .000    1    1    .000    1.000    1.000    1.000   20.00   .0000E+00
  87    -21.500       .000    1    1    .000    1.000    1.000    1.000   20.00   .0000E+00
  88    -21.750       .000    1    1    .000    1.000    1.000    1.000   20.00   .0000E+00
  89    -22.000       .000    1    1    .000    1.000    1.000    1.000   20.00   .0000E+00
  90    -22.250       .000    1    1    .000    1.000    1.000    1.000   20.00   .0000E+00
  91    -22.500       .000    1    1    .000    1.000    1.000    1.000   20.00   .0000E+00
  92    -22.750       .000    1    1    .000    1.000    1.000    1.000   20.00   .0000E+00
  93    -23.000       .000    1    1    .000    1.000    1.000    1.000   20.00   .0000E+00
  94    -23.250       .000    1    1    .000    1.000    1.000    1.000   20.00   .0000E+00
  95    -23.500       .000    1    1    .000    1.000    1.000    1.000   20.00   .0000E+00
  96    -23.750       .000    1    1    .000    1.000    1.000    1.000   20.00   .0000E+00
  97    -24.000       .000    1    1    .000    1.000    1.000    1.000   20.00   .0000E+00
  98    -24.250       .000    1    1    .000    1.000    1.000    1.000   20.00   .0000E+00
  99    -24.500       .000    1    1    .000    1.000    1.000    1.000   20.00   .0000E+00
 100    -24.750       .000    1    1    .000    1.000    1.000    1.000   20.00   .0000E+00
 101    -25.000       .000    1    1    .000    1.000    1.000    1.000   20.00   .0000E+00
end

 Number of species in the chain :   1


MatNum, Param. array:

   Mat     Qr     Qs        Alfa         n          Ks      l

    1     .078   .448    .360E-01    .156E+01    .264E+01   .500

       Table of Hydraulic Properties which are interpolated in simulation
       =================================================================

  theta         h        log h        C             K        log K          S
   .4480   -.100E-05  -.6000E+01   .5061E-06   .2640E+01   .4216E+00    1.0000
   .4480   -.126E-05  -.5899E+01   .5765E-06   .2640E+01   .4215E+00    1.0000
   .4480   -.159E-05  -.5798E+01   .6567E-06   .2640E+01   .4215E+00    1.0000
   .4480   -.201E-05  -.5697E+01   .7480E-06   .2640E+01   .4215E+00    1.0000
   .4480   -.254E-05  -.5596E+01   .8521E-06   .2639E+01   .4215E+00    1.0000
   .4480   -.320E-05  -.5495E+01   .9706E-06   .2639E+01   .4215E+00    1.0000
   .4480   -.404E-05  -.5394E+01   .1106E-05   .2639E+01   .4215E+00    1.0000
   .4480   -.509E-05  -.5293E+01   .1259E-05   .2639E+01   .4215E+00    1.0000
   .4480   -.643E-05  -.5192E+01   .1435E-05   .2639E+01   .4214E+00    1.0000
   .4480   -.811E-05  -.5091E+01   .1634E-05   .2639E+01   .4214E+00    1.0000
   .4480   -.102E-04  -.4990E+01   .1862E-05   .2639E+01   .4214E+00    1.0000
   .4480   -.129E-04  -.4889E+01   .2121E-05   .2639E+01   .4214E+00    1.0000
   .4480   -.163E-04  -.4788E+01   .2416E-05   .2638E+01   .4213E+00    1.0000
   .4480   -.206E-04  -.4687E+01   .2752E-05   .2638E+01   .4213E+00    1.0000
   .4480   -.260E-04  -.4586E+01   .3134E-05   .2638E+01   .4212E+00    1.0000
   .4480   -.327E-04  -.4485E+01   .3570E-05   .2638E+01   .4212E+00    1.0000
   .4480   -.413E-04  -.4384E+01   .4067E-05   .2637E+01   .4211E+00    1.0000
   .4480   -.521E-04  -.4283E+01   .4633E-05   .2637E+01   .4211E+00    1.0000
   .4480   -.658E-04  -.4182E+01   .5277E-05   .2636E+01   .4210E+00    1.0000
   .4480   -.830E-04  -.4081E+01   .6011E-05   .2636E+01   .4209E+00    1.0000
   .4480   -.105E-03  -.3980E+01   .6848E-05   .2635E+01   .4208E+00    1.0000
   .4480   -.132E-03  -.3879E+01   .7800E-05   .2635E+01   .4207E+00    1.0000
   .4480   -.167E-03  -.3778E+01   .8885E-05   .2634E+01   .4206E+00    1.0000
   .4480   -.210E-03  -.3677E+01   .1012E-04   .2633E+01   .4204E+00    1.0000
   .4480   -.266E-03  -.3576E+01   .1153E-04   .2632E+01   .4203E+00    1.0000
   .4480   -.335E-03  -.3475E+01   .1313E-04   .2631E+01   .4201E+00    1.0000
   .4480   -.423E-03  -.3374E+01   .1496E-04   .2629E+01   .4199E+00    1.0000
   .4480   -.534E-03  -.3273E+01   .1704E-04   .2628E+01   .4196E+00    1.0000
   .4480   -.673E-03  -.3172E+01   .1941E-04   .2626E+01   .4193E+00    1.0000
   .4480   -.850E-03  -.3071E+01   .2211E-04   .2624E+01   .4190E+00    1.0000
   .4480   -.107E-02  -.2970E+01   .2519E-04   .2622E+01   .4187E+00    1.0000
   .4480   -.135E-02  -.2869E+01   .2869E-04   .2620E+01   .4183E+00    1.0000
   .4480   -.171E-02  -.2768E+01   .3268E-04   .2617E+01   .4178E+00    1.0000
   .4480   -.215E-02  -.2667E+01   .3723E-04   .2614E+01   .4173E+00    1.0000
   .4480   -.272E-02  -.2566E+01   .4241E-04   .2610E+01   .4167E+00    1.0000
   .4480   -.343E-02  -.2465E+01   .4831E-04   .2606E+01   .4160E+00    1.0000
   .4480   -.433E-02  -.2364E+01   .5503E-04   .2601E+01   .4152E+00    1.0000
   .4480   -.546E-02  -.2263E+01   .6268E-04   .2596E+01   .4143E+00    1.0000
   .4480   -.689E-02  -.2162E+01   .7140E-04   .2590E+01   .4133E+00    1.0000
   .4480   -.870E-02  -.2061E+01   .8134E-04   .2583E+01   .4121E+00    1.0000
   .4480   -.110E-01  -.1960E+01   .9265E-04   .2575E+01   .4108E+00    1.0000
   .4480   -.138E-01  -.1859E+01   .1055E-03   .2566E+01   .4092E+00    1.0000
   .4480   -.175E-01  -.1758E+01   .1202E-03   .2556E+01   .4075E+00    1.0000
   .4480   -.221E-01  -.1657E+01   .1369E-03   .2544E+01   .4055E+00    1.0000
   .4480   -.278E-01  -.1556E+01   .1560E-03   .2531E+01   .4033E+00    1.0000
   .4480   -.351E-01  -.1455E+01   .1777E-03   .2516E+01   .4007E+00    1.0000
   .4480   -.443E-01  -.1354E+01   .2024E-03   .2499E+01   .3977E+00    1.0000
   .4480   -.559E-01  -.1253E+01   .2306E-03   .2479E+01   .3943E+00    1.0000
   .4480   -.705E-01  -.1152E+01   .2626E-03   .2457E+01   .3905E+00    1.0000
   .4480   -.890E-01  -.1051E+01   .2991E-03   .2432E+01   .3860E+00    1.0000
   .4480   -.112E+00  -.9495E+00   .3407E-03   .2404E+01   .3810E+00     .9999
   .4480   -.142E+00  -.8485E+00   .3881E-03   .2372E+01   .3752E+00     .9999
   .4479   -.179E+00  -.7475E+00   .4420E-03   .2336E+01   .3685E+00     .9999
   .4479   -.226E+00  -.6465E+00   .5034E-03   .2295E+01   .3608E+00     .9998
   .4479   -.285E+00  -.5455E+00   .5732E-03   .2249E+01   .3520E+00     .9997
   .4478   -.359E+00  -.4444E+00   .6526E-03   .2197E+01   .3419E+00     .9996
   .4478   -.453E+00  -.3434E+00   .7429E-03   .2139E+01   .3302E+00     .9994
   .4477   -.572E+00  -.2424E+00   .8454E-03   .2073E+01   .3167E+00     .9992
   .4476   -.722E+00  -.1414E+00   .9617E-03   .2000E+01   .3010E+00     .9988
   .4474   -.911E+00  -.4040E-01   .1093E-02   .1918E+01   .2828E+00     .9983
   .4471   -.115E+01   .6061E-01   .1242E-02   .1827E+01   .2617E+00     .9975
   .4467   -.145E+01   .1616E+00   .1409E-02   .1726E+01   .2370E+00     .9964
   .4461   -.183E+01   .2626E+00   .1595E-02   .1615E+01   .2081E+00     .9949
   .4453   -.231E+01   .3636E+00   .1802E-02   .1493E+01   .1741E+00     .9927
   .4441   -.292E+01   .4646E+00   .2028E-02   .1361E+01   .1340E+00     .9896
   .4425   -.368E+01   .5657E+00   .2272E-02   .1220E+01   .8652E-01     .9851
   .4402   -.464E+01   .6667E+00   .2526E-02   .1072E+01   .3014E-01     .9789
   .4369   -.586E+01   .7677E+00   .2781E-02   .9183E+00  -.3703E-01     .9701
   .4325   -.739E+01   .8687E+00   .3022E-02   .7635E+00  -.1172E+00     .9581
   .4264   -.933E+01   .9697E+00   .3225E-02   .6125E+00  -.2129E+00     .9417
   .4184   -.118E+02   .1071E+01   .3361E-02   .4711E+00  -.3269E+00     .9199
   .4079   -.148E+02   .1172E+01   .3403E-02   .3452E+00  -.4619E+00     .8916
   .3948   -.187E+02   .1273E+01   .3324E-02   .2396E+00  -.6205E+00     .8562
   .3790   -.236E+02   .1374E+01   .3118E-02   .1570E+00  -.8041E+00     .8134
   .3606   -.298E+02   .1475E+01   .2800E-02   .9693E-01  -.1014E+01     .7638
   .3403   -.376E+02   .1576E+01   .2405E-02   .5651E-01  -.1248E+01     .7090
   .3188   -.475E+02   .1677E+01   .1981E-02   .3125E-01  -.1505E+01     .6507
   .2968   -.599E+02   .1778E+01   .1571E-02   .1651E-01  -.1782E+01     .5914
   .2752   -.756E+02   .1879E+01   .1207E-02   .8398E-02  -.2076E+01     .5330
   .2545   -.955E+02   .1980E+01   .9038E-03   .4145E-02  -.2383E+01     .4771
   .2352   -.120E+03   .2081E+01   .6634E-03   .1999E-02  -.2699E+01     .4248
   .2174   -.152E+03   .2182E+01   .4797E-03   .9472E-03  -.3024E+01     .3767
   .2013   -.192E+03   .2283E+01   .3431E-03   .4432E-03  -.3353E+01     .3331
   .1868   -.242E+03   .2384E+01   .2434E-03   .2055E-03  -.3687E+01     .2940
   .1738   -.305E+03   .2485E+01   .1716E-03   .9465E-04  -.4024E+01     .2590
   .1623   -.385E+03   .2586E+01   .1206E-03   .4339E-04  -.4363E+01     .2279
   .1522   -.486E+03   .2687E+01   .8445E-04   .1983E-04  -.4703E+01     .2005
   .1432   -.614E+03   .2788E+01   .5903E-04   .9041E-05  -.5044E+01     .1762
   .1353   -.774E+03   .2889E+01   .4120E-04   .4115E-05  -.5386E+01     .1548
   .1283   -.977E+03   .2990E+01   .2873E-04   .1871E-05  -.5728E+01     .1360
   .1222   -.123E+04   .3091E+01   .2002E-04   .8500E-06  -.6071E+01     .1194
   .1168   -.156E+04   .3192E+01   .1394E-04   .3860E-06  -.6413E+01     .1049
   .1121   -.196E+04   .3293E+01   .9708E-05   .1752E-06  -.6757E+01     .0921
   .1079   -.248E+04   .3394E+01   .6757E-05   .7949E-07  -.7100E+01     .0809
   .1043   -.313E+04   .3495E+01   .4703E-05   .3606E-07  -.7443E+01     .0710
   .1011   -.394E+04   .3596E+01   .3273E-05   .1636E-07  -.7786E+01     .0623
   .0982   -.498E+04   .3697E+01   .2277E-05   .7420E-08  -.8130E+01     .0547
   .0958   -.628E+04   .3798E+01   .1584E-05   .3365E-08  -.8473E+01     .0480
   .0936   -.792E+04   .3899E+01   .1102E-05   .1526E-08  -.8816E+01     .0422
   .0917   -.100E+05   .4000E+01   .7670E-06   .6922E-09  -.9160E+01     .0370
end


 Solute transport information
 ============================

 Galerkin finite-element method


 lTDep     cTolA     cTolR   MaxItC
  F     .000E+00     .0000      1


 Mat.     Bulk.D.    DispL    Fraction  Immobile WC
  1       1.3200     .0000    1.0000     .0000

    Dif.w.      Dif.g.   -------------------------------------------------- ( 1.solute)
   .6960E+00   .0000E+00
 Mat.     KS         Nu         Beta      Henry      SinkL1     SinkS1     SinkG1     SinkL1`    SinkS1`    SinkG1`    SinkL0     SinkS0     SinkG0      Alfa
   1  .8500E+00  .0000E+00  .1000E+01  .0000E+00  .0000E+00  .0000E+00  .0000E+00  .0000E+00  .0000E+00  .0000E+00  .0000E+00  .0000E+00  .0000E+00  .0000E+00

 No adsorption or linear adsorp. isotherm for material  1

 kTopCh      cTop(1...NS)
  -1         .125E+03

 kBotCh      cBot(1...NS)
   0         .000E+00

 tPulse =             3.900
