 ******* Program HYDRUS
 ******* Solute transport with nonlinear cation adsorption - Lai - Jurinak      
  
 Date:   1.10.    Time:  14: 3:59
 Units: L = cm   , T = days , M = mmol 


    n      depth     THr       THs       hs       Ks        Ks/KsTop     Beta      Ah        AK        ATh

    1       .00      .078      .448        .0    .264E+01     1.000      .000     1.000     1.000     1.000
    2       .25      .078      .448        .0    .264E+01     1.000      .000     1.000     1.000     1.000
    3       .50      .078      .448        .0    .264E+01     1.000      .000     1.000     1.000     1.000
    4       .75      .078      .448        .0    .264E+01     1.000      .000     1.000     1.000     1.000
    5      1.00      .078      .448        .0    .264E+01     1.000      .000     1.000     1.000     1.000
    6      1.25      .078      .448        .0    .264E+01     1.000      .000     1.000     1.000     1.000
    7      1.50      .078      .448        .0    .264E+01     1.000      .000     1.000     1.000     1.000
    8      1.75      .078      .448        .0    .264E+01     1.000      .000     1.000     1.000     1.000
    9      2.00      .078      .448        .0    .264E+01     1.000      .000     1.000     1.000     1.000
   10      2.25      .078      .448        .0    .264E+01     1.000      .000     1.000     1.000     1.000
   11      2.50      .078      .448        .0    .264E+01     1.000      .000     1.000     1.000     1.000
   12      2.75      .078      .448        .0    .264E+01     1.000      .000     1.000     1.000     1.000
   13      3.00      .078      .448        .0    .264E+01     1.000      .000     1.000     1.000     1.000
   14      3.25      .078      .448        .0    .264E+01     1.000      .000     1.000     1.000     1.000
   15      3.50      .078      .448        .0    .264E+01     1.000      .000     1.000     1.000     1.000
   16      3.75      .078      .448        .0    .264E+01     1.000      .000     1.000     1.000     1.000
   17      4.00      .078      .448        .0    .264E+01     1.000      .000     1.000     1.000     1.000
   18      4.25      .078      .448        .0    .264E+01     1.000      .000     1.000     1.000     1.000
   19      4.50      .078      .448        .0    .264E+01     1.000      .000     1.000     1.000     1.000
   20      4.75      .078      .448        .0    .264E+01     1.000      .000     1.000     1.000     1.000
   21      5.00      .078      .448        .0    .264E+01     1.000      .000     1.000     1.000     1.000
   22      5.25      .078      .448        .0    .264E+01     1.000      .000     1.000     1.000     1.000
   23      5.50      .078      .448        .0    .264E+01     1.000      .000     1.000     1.000     1.000
   24      5.75      .078      .448        .0    .264E+01     1.000      .000     1.000     1.000     1.000
   25      6.00      .078      .448        .0    .264E+01     1.000      .000     1.000     1.000     1.000
   26      6.25      .078      .448        .0    .264E+01     1.000      .000     1.000     1.000     1.000
   27      6.50      .078      .448        .0    .264E+01     1.000      .000     1.000     1.000     1.000
   28      6.75      .078      .448        .0    .264E+01     1.000      .000     1.000     1.000     1.000
   29      7.00      .078      .448        .0    .264E+01     1.000      .000     1.000     1.000     1.000
   30      7.25      .078      .448        .0    .264E+01     1.000      .000     1.000     1.000     1.000
   31      7.50      .078      .448        .0    .264E+01     1.000      .000     1.000     1.000     1.000
   32      7.75      .078      .448        .0    .264E+01     1.000      .000     1.000     1.000     1.000
   33      8.00      .078      .448        .0    .264E+01     1.000      .000     1.000     1.000     1.000
   34      8.25      .078      .448        .0    .264E+01     1.000      .000     1.000     1.000     1.000
   35      8.50      .078      .448        .0    .264E+01     1.000      .000     1.000     1.000     1.000
   36      8.75      .078      .448        .0    .264E+01     1.000      .000     1.000     1.000     1.000
   37      9.00      .078      .448        .0    .264E+01     1.000      .000     1.000     1.000     1.000
   38      9.25      .078      .448        .0    .264E+01     1.000      .000     1.000     1.000     1.000
   39      9.50      .078      .448        .0    .264E+01     1.000      .000     1.000     1.000     1.000
   40      9.75      .078      .448        .0    .264E+01     1.000      .000     1.000     1.000     1.000
   41     10.00      .078      .448        .0    .264E+01     1.000      .000     1.000     1.000     1.000
   42     10.25      .078      .448        .0    .264E+01     1.000      .000     1.000     1.000     1.000
   43     10.50      .078      .448        .0    .264E+01     1.000      .000     1.000     1.000     1.000
   44     10.75      .078      .448        .0    .264E+01     1.000      .000     1.000     1.000     1.000
   45     11.00      .078      .448        .0    .264E+01     1.000      .000     1.000     1.000     1.000
   46     11.25      .078      .448        .0    .264E+01     1.000      .000     1.000     1.000     1.000
   47     11.50      .078      .448        .0    .264E+01     1.000      .000     1.000     1.000     1.000
   48     11.75      .078      .448        .0    .264E+01     1.000      .000     1.000     1.000     1.000
   49     12.00      .078      .448        .0    .264E+01     1.000      .000     1.000     1.000     1.000
   50     12.25      .078      .448        .0    .264E+01     1.000      .000     1.000     1.000     1.000
   51     12.50      .078      .448        .0    .264E+01     1.000      .000     1.000     1.000     1.000
   52     12.75      .078      .448        .0    .264E+01     1.000      .000     1.000     1.000     1.000
   53     13.00      .078      .448        .0    .264E+01     1.000      .000     1.000     1.000     1.000
   54     13.25      .078      .448        .0    .264E+01     1.000      .000     1.000     1.000     1.000
   55     13.50      .078      .448        .0    .264E+01     1.000      .000     1.000     1.000     1.000
   56     13.75      .078      .448        .0    .264E+01     1.000      .000     1.000     1.000     1.000
   57     14.00      .078      .448        .0    .264E+01     1.000      .000     1.000     1.000     1.000
   58     14.25      .078      .448        .0    .264E+01     1.000      .000     1.000     1.000     1.000
   59     14.50      .078      .448        .0    .264E+01     1.000      .000     1.000     1.000     1.000
   60     14.75      .078      .448        .0    .264E+01     1.000      .000     1.000     1.000     1.000
   61     15.00      .078      .448        .0    .264E+01     1.000      .000     1.000     1.000     1.000
   62     15.25      .078      .448        .0    .264E+01     1.000      .000     1.000     1.000     1.000
   63     15.50      .078      .448        .0    .264E+01     1.000      .000     1.000     1.000     1.000
   64     15.75      .078      .448        .0    .264E+01     1.000      .000     1.000     1.000     1.000
   65     16.00      .078      .448        .0    .264E+01     1.000      .000     1.000     1.000     1.000
   66     16.25      .078      .448        .0    .264E+01     1.000      .000     1.000     1.000     1.000
   67     16.50      .078      .448        .0    .264E+01     1.000      .000     1.000     1.000     1.000
   68     16.75      .078      .448        .0    .264E+01     1.000      .000     1.000     1.000     1.000
   69     17.00      .078      .448        .0    .264E+01     1.000      .000     1.000     1.000     1.000
   70     17.25      .078      .448        .0    .264E+01     1.000      .000     1.000     1.000     1.000
   71     17.50      .078      .448        .0    .264E+01     1.000      .000     1.000     1.000     1.000
   72     17.75      .078      .448        .0    .264E+01     1.000      .000     1.000     1.000     1.000
   73     18.00      .078      .448        .0    .264E+01     1.000      .000     1.000     1.000     1.000
   74     18.25      .078      .448        .0    .264E+01     1.000      .000     1.000     1.000     1.000
   75     18.50      .078      .448        .0    .264E+01     1.000      .000     1.000     1.000     1.000
   76     18.75      .078      .448        .0    .264E+01     1.000      .000     1.000     1.000     1.000
   77     19.00      .078      .448        .0    .264E+01     1.000      .000     1.000     1.000     1.000
   78     19.25      .078      .448        .0    .264E+01     1.000      .000     1.000     1.000     1.000
   79     19.50      .078      .448        .0    .264E+01     1.000      .000     1.000     1.000     1.000
   80     19.75      .078      .448        .0    .264E+01     1.000      .000     1.000     1.000     1.000
   81     20.00      .078      .448        .0    .264E+01     1.000      .000     1.000     1.000     1.000
   82     20.25      .078      .448        .0    .264E+01     1.000      .000     1.000     1.000     1.000
   83     20.50      .078      .448        .0    .264E+01     1.000      .000     1.000     1.000     1.000
   84     20.75      .078      .448        .0    .264E+01     1.000      .000     1.000     1.000     1.000
   85     21.00      .078      .448        .0    .264E+01     1.000      .000     1.000     1.000     1.000
   86     21.25      .078      .448        .0    .264E+01     1.000      .000     1.000     1.000     1.000
   87     21.50      .078      .448        .0    .264E+01     1.000      .000     1.000     1.000     1.000
   88     21.75      .078      .448        .0    .264E+01     1.000      .000     1.000     1.000     1.000
   89     22.00      .078      .448        .0    .264E+01     1.000      .000     1.000     1.000     1.000
   90     22.25      .078      .448        .0    .264E+01     1.000      .000     1.000     1.000     1.000
   91     22.50      .078      .448        .0    .264E+01     1.000      .000     1.000     1.000     1.000
   92     22.75      .078      .448        .0    .264E+01     1.000      .000     1.000     1.000     1.000
   93     23.00      .078      .448        .0    .264E+01     1.000      .000     1.000     1.000     1.000
   94     23.25      .078      .448        .0    .264E+01     1.000      .000     1.000     1.000     1.000
   95     23.50      .078      .448        .0    .264E+01     1.000      .000     1.000     1.000     1.000
   96     23.75      .078      .448        .0    .264E+01     1.000      .000     1.000     1.000     1.000
   97     24.00      .078      .448        .0    .264E+01     1.000      .000     1.000     1.000     1.000
   98     24.25      .078      .448        .0    .264E+01     1.000      .000     1.000     1.000     1.000
   99     24.50      .078      .448        .0    .264E+01     1.000      .000     1.000     1.000     1.000
  100     24.75      .078      .448        .0    .264E+01     1.000      .000     1.000     1.000     1.000
  101     25.00      .078      .448        .0    .264E+01     1.000      .000     1.000     1.000     1.000
end
