 All solute fluxes and cumulative solute fluxes are positive into the region

       Time       cvTop      cvBot    Sum(cvTop) Sum(cvBot)   cvCh0      cvCh1       cTop      cRoot       cBot      cvRoot   Sum(cvRoot) Sum(cvNEql) TLevel
        [T]      [M/L2/T]   [M/L2/T]    [M/L2]     [M/L2]     [M/L2]     [M/L2]      [M/L3]    [M/L3]      [M/L3]   [M/L2/T]    [M/L2]      [M/L2]
        .00100   .330E+03   .000E+00   .330E+00   .000E+00   .000E+00   .000E+00   .167E+01   .000E+00   .000E+00   .000E+00   .000E+00   .000E+00       1
        .00230   .330E+03   .000E+00   .759E+00   .000E+00   .000E+00   .000E+00   .382E+01   .000E+00   .000E+00   .000E+00   .000E+00   .000E+00       2
        .00399   .330E+03   .000E+00   .132E+01   .000E+00   .000E+00   .000E+00   .656E+01   .000E+00   .000E+00   .000E+00   .000E+00   .000E+00       3
        .00619   .330E+03   .000E+00   .204E+01   .000E+00   .000E+00   .000E+00   .100E+02   .000E+00   .000E+00   .000E+00   .000E+00   .000E+00       4
        .00904   .330E+03   .000E+00   .298E+01   .000E+00   .000E+00   .000E+00   .144E+02   .000E+00   .000E+00   .000E+00   .000E+00   .000E+00       5
        .01276   .330E+03   .000E+00   .421E+01   .000E+00   .000E+00   .000E+00   .199E+02   .000E+00   .000E+00   .000E+00   .000E+00   .000E+00       6
        .01758   .330E+03   .000E+00   .580E+01   .000E+00   .000E+00   .000E+00   .267E+02   .000E+00   .000E+00   .000E+00   .000E+00   .000E+00       7
        .02386   .330E+03   .000E+00   .787E+01   .000E+00   .000E+00   .000E+00   .350E+02   .000E+00   .000E+00   .000E+00   .000E+00   .000E+00       8
        .03201   .330E+03   .000E+00   .106E+02   .000E+00   .000E+00   .000E+00   .449E+02   .000E+00   .000E+00   .000E+00   .000E+00   .000E+00       9
        .04262   .330E+03   .000E+00   .141E+02   .000E+00   .000E+00   .000E+00   .564E+02   .000E+00   .000E+00   .000E+00   .000E+00   .000E+00      10
        .05641   .330E+03   .000E+00   .186E+02   .000E+00   .000E+00   .000E+00   .693E+02   .000E+00   .000E+00   .000E+00   .000E+00   .000E+00      11
        .07433   .330E+03   .000E+00   .245E+02   .000E+00   .000E+00   .000E+00   .832E+02   .000E+00   .000E+00   .000E+00   .000E+00   .000E+00      12
        .09763   .330E+03   .000E+00   .322E+02   .000E+00   .000E+00   .000E+00   .970E+02   .000E+00   .000E+00   .000E+00   .000E+00   .000E+00      13
        .12791   .330E+03   .000E+00   .422E+02   .000E+00   .000E+00   .000E+00   .110E+03   .000E+00   .000E+00   .000E+00   .000E+00   .000E+00      14
        .16724   .330E+03   .000E+00   .552E+02   .000E+00   .000E+00   .000E+00   .120E+03   .000E+00   .000E+00   .000E+00   .000E+00   .000E+00      15
        .21845   .330E+03   .000E+00   .721E+02   .000E+00   .000E+00   .000E+00   .126E+03   .000E+00   .000E+00   .000E+00   .000E+00   .000E+00      16
        .28499   .330E+03   .000E+00   .940E+02   .000E+00   .000E+00   .000E+00   .129E+03   .000E+00   .000E+00   .000E+00   .000E+00   .000E+00      17
        .37021   .330E+03   .000E+00   .122E+03   .000E+00   .000E+00   .000E+00   .128E+03   .000E+00   .000E+00   .000E+00   .000E+00   .000E+00      18
        .44914   .330E+03   .000E+00   .148E+03   .000E+00   .000E+00   .000E+00   .127E+03   .000E+00   .000E+00   .000E+00   .000E+00   .000E+00      19
        .53008   .330E+03   .000E+00   .175E+03   .000E+00   .000E+00   .000E+00   .126E+03   .000E+00   .000E+00   .000E+00   .000E+00   .000E+00      20
        .61034   .330E+03   .000E+00   .201E+03   .000E+00   .000E+00   .000E+00   .125E+03   .000E+00   .000E+00   .000E+00   .000E+00   .000E+00      21
        .69108   .330E+03   .000E+00   .228E+03   .000E+00   .000E+00   .000E+00   .125E+03   .000E+00   .000E+00   .000E+00   .000E+00   .000E+00      22
        .77133   .330E+03   .000E+00   .255E+03   .000E+00   .000E+00   .000E+00   .125E+03   .000E+00   .000E+00   .000E+00   .000E+00   .000E+00      23
        .85207   .330E+03   .000E+00   .281E+03   .000E+00   .000E+00   .000E+00   .125E+03   .000E+00   .000E+00   .000E+00   .000E+00   .000E+00      24
        .93231   .330E+03   .000E+00   .308E+03   .000E+00   .000E+00   .000E+00   .125E+03   .000E+00   .000E+00   .000E+00   .000E+00   .000E+00      25
       1.01305   .330E+03   .000E+00   .334E+03   .000E+00   .000E+00   .000E+00   .125E+03   .000E+00   .000E+00   .000E+00   .000E+00   .000E+00      26
       1.09329   .330E+03   .000E+00   .361E+03   .000E+00   .000E+00   .000E+00   .125E+03   .000E+00   .000E+00   .000E+00   .000E+00   .000E+00      27
       1.17404   .330E+03   .000E+00   .387E+03   .000E+00   .000E+00   .000E+00   .125E+03   .000E+00   .000E+00   .000E+00   .000E+00   .000E+00      28
       1.25427   .330E+03   .000E+00   .414E+03   .000E+00   .000E+00   .000E+00   .125E+03   .000E+00   .000E+00   .000E+00   .000E+00   .000E+00      29
       1.33502   .330E+03   .000E+00   .441E+03   .000E+00   .000E+00   .000E+00   .125E+03   .000E+00   .000E+00   .000E+00   .000E+00   .000E+00      30
       1.41525   .330E+03   .000E+00   .467E+03   .000E+00   .000E+00   .000E+00   .125E+03   .000E+00   .000E+00   .000E+00   .000E+00   .000E+00      31
       1.49600   .330E+03   .000E+00   .494E+03   .000E+00   .000E+00   .000E+00   .125E+03   .000E+00   .000E+00   .000E+00   .000E+00   .000E+00      32
       1.57622   .330E+03   .000E+00   .520E+03   .000E+00   .000E+00   .000E+00   .125E+03   .000E+00   .000E+00   .000E+00   .000E+00   .000E+00      33
       1.65697   .330E+03   .000E+00   .547E+03   .000E+00   .000E+00   .000E+00   .125E+03   .000E+00   .000E+00   .000E+00   .000E+00   .000E+00      34
       1.73719   .330E+03   .000E+00   .573E+03   .000E+00   .000E+00   .000E+00   .125E+03   .000E+00   .000E+00   .000E+00   .000E+00   .000E+00      35
       1.81794   .330E+03   .000E+00   .600E+03   .000E+00   .000E+00   .000E+00   .125E+03   .000E+00   .000E+00   .000E+00   .000E+00   .000E+00      36
       1.89816   .330E+03   .000E+00   .626E+03   .000E+00   .000E+00   .000E+00   .125E+03   .000E+00   .000E+00   .000E+00   .000E+00   .000E+00      37
       1.97891   .330E+03   .000E+00   .653E+03   .000E+00   .000E+00   .000E+00   .125E+03   .000E+00   .000E+00   .000E+00   .000E+00   .000E+00      38
       2.05912   .330E+03   .000E+00   .680E+03   .000E+00   .000E+00   .000E+00   .125E+03   .000E+00   .000E+00   .000E+00   .000E+00   .000E+00      39
       2.13987   .330E+03   .000E+00   .706E+03   .000E+00   .000E+00   .000E+00   .125E+03   .000E+00   .000E+00   .000E+00   .000E+00   .000E+00      40
       2.22008   .330E+03   .000E+00   .733E+03   .000E+00   .000E+00   .000E+00   .125E+03   .000E+00   .000E+00   .000E+00   .000E+00   .000E+00      41
       2.30083   .330E+03   .000E+00   .759E+03   .000E+00   .000E+00   .000E+00   .125E+03   .000E+00   .000E+00   .000E+00   .000E+00   .000E+00      42
       2.38103   .330E+03   .000E+00   .786E+03   .000E+00   .000E+00   .000E+00   .125E+03   .000E+00   .000E+00   .000E+00   .000E+00   .000E+00      43
       2.46179   .330E+03   .000E+00   .812E+03   .000E+00   .000E+00   .000E+00   .125E+03   .000E+00   .000E+00   .000E+00   .000E+00   .000E+00      44
       2.54198   .330E+03   .000E+00   .839E+03   .000E+00   .000E+00   .000E+00   .125E+03   .000E+00   .000E+00   .000E+00   .000E+00   .000E+00      45
       2.62274   .330E+03   .000E+00   .866E+03   .000E+00   .000E+00   .000E+00   .125E+03   .000E+00   .000E+00   .000E+00   .000E+00   .000E+00      46
       2.70293   .330E+03   .000E+00   .892E+03   .000E+00   .000E+00   .000E+00   .125E+03   .000E+00   .000E+00   .000E+00   .000E+00   .000E+00      47
       2.78369   .330E+03   .000E+00   .919E+03   .000E+00   .000E+00   .000E+00   .125E+03   .000E+00   .000E+00   .000E+00   .000E+00   .000E+00      48
       2.86387   .330E+03   .000E+00   .945E+03   .000E+00   .000E+00   .000E+00   .125E+03   .000E+00   .000E+00   .000E+00   .000E+00   .000E+00      49
       2.94463   .330E+03   .000E+00   .972E+03   .000E+00   .000E+00   .000E+00   .125E+03   .000E+00   .000E+00   .000E+00   .000E+00   .000E+00      50
       3.02481   .330E+03   .000E+00   .998E+03   .000E+00   .000E+00   .000E+00   .125E+03   .000E+00   .000E+00   .000E+00   .000E+00   .000E+00      51
       3.10557   .330E+03   .000E+00   .102E+04   .000E+00   .000E+00   .000E+00   .125E+03   .000E+00   .000E+00   .000E+00   .000E+00   .000E+00      52
       3.18574   .330E+03   .000E+00   .105E+04   .000E+00   .000E+00   .000E+00   .125E+03   .000E+00   .000E+00   .000E+00   .000E+00   .000E+00      53
       3.26651   .330E+03   .000E+00   .108E+04   .000E+00   .000E+00   .000E+00   .125E+03   .000E+00   .000E+00   .000E+00   .000E+00   .000E+00      54
       3.34667   .330E+03  -.263E-29   .110E+04  -.211E-30   .000E+00   .000E+00   .125E+03   .000E+00   .200E-29   .000E+00   .000E+00   .000E+00      55
       3.42744   .330E+03  -.166E-28   .113E+04  -.155E-29   .000E+00   .000E+00   .125E+03   .000E+00   .105E-28   .000E+00   .000E+00   .000E+00      56
       3.50759   .330E+03  -.728E-28   .116E+04  -.739E-29   .000E+00   .000E+00   .125E+03   .000E+00   .446E-28   .000E+00   .000E+00   .000E+00      57
       3.58837   .330E+03  -.295E-27   .118E+04  -.312E-28   .000E+00   .000E+00   .125E+03   .000E+00   .179E-27   .000E+00   .000E+00   .000E+00      58
       3.66851   .330E+03  -.114E-26   .121E+04  -.122E-27   .000E+00   .000E+00   .125E+03   .000E+00   .681E-27   .000E+00   .000E+00   .000E+00      59
       3.74929   .330E+03  -.427E-26   .124E+04  -.467E-27   .000E+00   .000E+00   .125E+03   .000E+00   .256E-26   .000E+00   .000E+00   .000E+00      60
       3.82942   .330E+03  -.156E-25   .126E+04  -.172E-26   .000E+00   .000E+00   .125E+03   .000E+00   .925E-26   .000E+00   .000E+00   .000E+00      61
       3.91020   .000E+00  -.559E-25   .126E+04  -.623E-26   .000E+00   .000E+00   .308E+02   .000E+00   .331E-25   .000E+00   .000E+00   .000E+00      62
       3.99033   .000E+00  -.194E-24   .126E+04  -.218E-25   .000E+00   .000E+00   .239E+01   .000E+00   .114E-24   .000E+00   .000E+00   .000E+00      63
       4.07111   .000E+00  -.666E-24   .126E+04  -.756E-25   .000E+00   .000E+00   .000E+00   .000E+00   .390E-24   .000E+00   .000E+00   .000E+00      64
       4.15123   .000E+00  -.222E-23   .126E+04  -.253E-24   .000E+00   .000E+00   .000E+00   .000E+00   .129E-23   .000E+00   .000E+00   .000E+00      65
       4.23201   .000E+00  -.728E-23   .126E+04  -.841E-24   .000E+00   .000E+00   .000E+00   .000E+00   .422E-23   .000E+00   .000E+00   .000E+00      66
       4.31213   .000E+00  -.232E-22   .126E+04  -.270E-23   .000E+00   .000E+00   .000E+00   .000E+00   .134E-22   .000E+00   .000E+00   .000E+00      67
       4.39291   .000E+00  -.731E-22   .126E+04  -.861E-23   .000E+00   .000E+00   .000E+00   .000E+00   .420E-22   .000E+00   .000E+00   .000E+00      68
       4.47301   .000E+00  -.224E-21   .126E+04  -.266E-22   .000E+00   .000E+00   .000E+00   .000E+00   .128E-21   .000E+00   .000E+00   .000E+00      69
       4.55380   .000E+00  -.679E-21   .126E+04  -.814E-22   .000E+00   .000E+00   .000E+00   .000E+00   .386E-21   .000E+00   .000E+00   .000E+00      70
       4.63389   .000E+00  -.200E-20   .126E+04  -.242E-21   .000E+00   .000E+00   .123E-01   .000E+00   .113E-20   .000E+00   .000E+00   .000E+00      71
       4.71469   .000E+00  -.584E-20   .126E+04  -.714E-21   .000E+00   .000E+00   .108E-01   .000E+00   .329E-20   .000E+00   .000E+00   .000E+00      72
       4.79477   .000E+00  -.166E-19   .126E+04  -.204E-20   .000E+00   .000E+00   .599E-02   .000E+00   .929E-20   .000E+00   .000E+00   .000E+00      73
       4.87556   .000E+00  -.466E-19   .126E+04  -.581E-20   .000E+00   .000E+00   .250E-02   .000E+00   .260E-19   .000E+00   .000E+00   .000E+00      74
       4.95563   .000E+00  -.128E-18   .126E+04  -.161E-19   .000E+00   .000E+00   .680E-03   .000E+00   .710E-19   .000E+00   .000E+00   .000E+00      75
       5.03643   .000E+00  -.347E-18   .126E+04  -.441E-19   .000E+00   .000E+00   .000E+00   .000E+00   .192E-18   .000E+00   .000E+00   .000E+00      76
       5.11649   .000E+00  -.922E-18   .126E+04  -.118E-18   .000E+00   .000E+00   .000E+00   .000E+00   .506E-18   .000E+00   .000E+00   .000E+00      77
       5.19730   .000E+00  -.242E-17   .126E+04  -.313E-18   .000E+00   .000E+00   .000E+00   .000E+00   .132E-17   .000E+00   .000E+00   .000E+00      78
       5.27734   .000E+00  -.620E-17   .126E+04  -.810E-18   .000E+00   .000E+00   .000E+00   .000E+00   .338E-17   .000E+00   .000E+00   .000E+00      79
       5.35815   .000E+00  -.157E-16   .126E+04  -.208E-17   .000E+00   .000E+00   .000E+00   .000E+00   .855E-17   .000E+00   .000E+00   .000E+00      80
       5.43818   .000E+00  -.392E-16   .126E+04  -.521E-17   .000E+00   .000E+00   .000E+00   .000E+00   .211E-16   .000E+00   .000E+00   .000E+00      81
       5.51899   .000E+00  -.963E-16   .126E+04  -.130E-16   .000E+00   .000E+00   .000E+00   .000E+00   .518E-16   .000E+00   .000E+00   .000E+00      82
       5.59901   .000E+00  -.232E-15   .126E+04  -.316E-16   .000E+00   .000E+00   .000E+00   .000E+00   .124E-15   .000E+00   .000E+00   .000E+00      83
       5.67983   .000E+00  -.554E-15   .126E+04  -.764E-16   .000E+00   .000E+00   .183E-05   .000E+00   .296E-15   .000E+00   .000E+00   .000E+00      84
       5.75983   .000E+00  -.130E-14   .126E+04  -.180E-15   .000E+00   .000E+00   .191E-05   .000E+00   .688E-15   .000E+00   .000E+00   .000E+00      85
       5.84065   .000E+00  -.301E-14   .126E+04  -.423E-15   .000E+00   .000E+00   .121E-05   .000E+00   .159E-14   .000E+00   .000E+00   .000E+00      86
       5.92064   .000E+00  -.685E-14   .126E+04  -.971E-15   .000E+00   .000E+00   .608E-06   .000E+00   .360E-14   .000E+00   .000E+00   .000E+00      87
       6.00147   .000E+00  -.154E-13   .126E+04  -.222E-14   .000E+00   .000E+00   .231E-06   .000E+00   .810E-14   .000E+00   .000E+00   .000E+00      88
       6.08144   .000E+00  -.342E-13   .126E+04  -.495E-14   .000E+00   .000E+00   .434E-07   .000E+00   .178E-13   .000E+00   .000E+00   .000E+00      89
       6.16227   .000E+00  -.750E-13   .126E+04  -.110E-13   .000E+00   .000E+00   .000E+00   .000E+00   .390E-13   .000E+00   .000E+00   .000E+00      90
       6.24223   .000E+00  -.162E-12   .126E+04  -.239E-13   .000E+00   .000E+00   .000E+00   .000E+00   .835E-13   .000E+00   .000E+00   .000E+00      91
       6.32307   .000E+00  -.345E-12   .126E+04  -.519E-13   .000E+00   .000E+00   .000E+00   .000E+00   .178E-12   .000E+00   .000E+00   .000E+00      92
       6.40300   .000E+00  -.726E-12   .126E+04  -.110E-12   .000E+00   .000E+00   .000E+00   .000E+00   .372E-12   .000E+00   .000E+00   .000E+00      93
       6.48385   .000E+00  -.151E-11   .126E+04  -.232E-12   .000E+00   .000E+00   .000E+00   .000E+00   .773E-12   .000E+00   .000E+00   .000E+00      94
       6.56376   .000E+00  -.310E-11   .126E+04  -.480E-12   .000E+00   .000E+00   .000E+00   .000E+00   .157E-11   .000E+00   .000E+00   .000E+00      95
       6.64367   .000E+00  -.626E-11   .126E+04  -.980E-12   .000E+00   .000E+00   .000E+00   .000E+00   .317E-11   .000E+00   .000E+00   .000E+00      96
       6.72358   .000E+00  -.125E-10   .126E+04  -.198E-11   .000E+00   .000E+00   .000E+00   .000E+00   .630E-11   .000E+00   .000E+00   .000E+00      97
       6.80350   .000E+00  -.247E-10   .126E+04  -.395E-11   .000E+00   .000E+00   .452E-09   .000E+00   .124E-10   .000E+00   .000E+00   .000E+00      98
       6.88341   .000E+00  -.481E-10   .126E+04  -.780E-11   .000E+00   .000E+00   .389E-09   .000E+00   .241E-10   .000E+00   .000E+00   .000E+00      99
       6.96332   .000E+00  -.928E-10   .126E+04  -.152E-10   .000E+00   .000E+00   .241E-09   .000E+00   .462E-10   .000E+00   .000E+00   .000E+00     100
       7.04323   .000E+00  -.177E-09   .126E+04  -.294E-10   .000E+00   .000E+00   .123E-09   .000E+00   .879E-10   .000E+00   .000E+00   .000E+00     101
       7.12315   .000E+00  -.334E-09   .126E+04  -.561E-10   .000E+00   .000E+00   .488E-10   .000E+00   .165E-09   .000E+00   .000E+00   .000E+00     102
       7.20306   .000E+00  -.624E-09   .126E+04  -.106E-09   .000E+00   .000E+00   .101E-10   .000E+00   .307E-09   .000E+00   .000E+00   .000E+00     103
       7.28297   .000E+00  -.115E-08   .126E+04  -.198E-09   .000E+00   .000E+00   .000E+00   .000E+00   .565E-09   .000E+00   .000E+00   .000E+00     104
       7.36288   .000E+00  -.211E-08   .126E+04  -.366E-09   .000E+00   .000E+00   .000E+00   .000E+00   .103E-08   .000E+00   .000E+00   .000E+00     105
       7.44280   .000E+00  -.381E-08   .126E+04  -.671E-09   .000E+00   .000E+00   .000E+00   .000E+00   .186E-08   .000E+00   .000E+00   .000E+00     106
       7.52271   .000E+00  -.682E-08   .126E+04  -.122E-08   .000E+00   .000E+00   .000E+00   .000E+00   .331E-08   .000E+00   .000E+00   .000E+00     107
       7.60262   .000E+00  -.121E-07   .126E+04  -.218E-08   .000E+00   .000E+00   .000E+00   .000E+00   .585E-08   .000E+00   .000E+00   .000E+00     108
       7.68254   .000E+00  -.212E-07   .126E+04  -.388E-08   .000E+00   .000E+00   .000E+00   .000E+00   .102E-07   .000E+00   .000E+00   .000E+00     109
       7.76245   .000E+00  -.369E-07   .126E+04  -.683E-08   .000E+00   .000E+00   .000E+00   .000E+00   .177E-07   .000E+00   .000E+00   .000E+00     110
       7.84236   .000E+00  -.636E-07   .126E+04  -.119E-07   .000E+00   .000E+00   .000E+00   .000E+00   .304E-07   .000E+00   .000E+00   .000E+00     111
       7.92227   .000E+00  -.108E-06   .126E+04  -.206E-07   .000E+00   .000E+00   .000E+00   .000E+00   .517E-07   .000E+00   .000E+00   .000E+00     112
       8.00219   .000E+00  -.183E-06   .126E+04  -.352E-07   .000E+00   .000E+00   .114E-13   .000E+00   .872E-07   .000E+00   .000E+00   .000E+00     113
       8.08210   .000E+00  -.307E-06   .126E+04  -.598E-07   .000E+00   .000E+00   .276E-13   .000E+00   .145E-06   .000E+00   .000E+00   .000E+00     114
       8.16201   .000E+00  -.510E-06   .126E+04  -.100E-06   .000E+00   .000E+00   .167E-13   .000E+00   .241E-06   .000E+00   .000E+00   .000E+00     115
       8.24192   .000E+00  -.838E-06   .126E+04  -.167E-06   .000E+00   .000E+00   .521E-14   .000E+00   .394E-06   .000E+00   .000E+00   .000E+00     116
       8.32183   .000E+00  -.137E-05   .126E+04  -.277E-06   .000E+00   .000E+00   .000E+00   .000E+00   .641E-06   .000E+00   .000E+00   .000E+00     117
       8.40175   .000E+00  -.221E-05   .126E+04  -.453E-06   .000E+00   .000E+00   .000E+00   .000E+00   .103E-05   .000E+00   .000E+00   .000E+00     118
       8.48166   .000E+00  -.354E-05   .126E+04  -.736E-06   .000E+00   .000E+00   .000E+00   .000E+00   .165E-05   .000E+00   .000E+00   .000E+00     119
       8.56157   .000E+00  -.563E-05   .126E+04  -.119E-05   .000E+00   .000E+00   .000E+00   .000E+00   .261E-05   .000E+00   .000E+00   .000E+00     120
       8.64149   .000E+00  -.887E-05   .126E+04  -.189E-05   .000E+00   .000E+00   .000E+00   .000E+00   .411E-05   .000E+00   .000E+00   .000E+00     121
       8.72140   .000E+00  -.139E-04   .126E+04  -.300E-05   .000E+00   .000E+00   .000E+00   .000E+00   .640E-05   .000E+00   .000E+00   .000E+00     122
       8.80131   .000E+00  -.215E-04   .126E+04  -.472E-05   .000E+00   .000E+00   .000E+00   .000E+00   .989E-05   .000E+00   .000E+00   .000E+00     123
       8.88122   .000E+00  -.331E-04   .126E+04  -.736E-05   .000E+00   .000E+00   .000E+00   .000E+00   .152E-04   .000E+00   .000E+00   .000E+00     124
       8.96114   .000E+00  -.505E-04   .126E+04  -.114E-04   .000E+00   .000E+00   .000E+00   .000E+00   .231E-04   .000E+00   .000E+00   .000E+00     125
       9.04105   .000E+00  -.764E-04   .126E+04  -.175E-04   .000E+00   .000E+00   .000E+00   .000E+00   .348E-04   .000E+00   .000E+00   .000E+00     126
       9.12096   .000E+00  -.115E-03   .126E+04  -.267E-04   .000E+00   .000E+00   .123E-16   .000E+00   .522E-04   .000E+00   .000E+00   .000E+00     127
       9.20087   .000E+00  -.171E-03   .126E+04  -.404E-04   .000E+00   .000E+00   .185E-16   .000E+00   .776E-04   .000E+00   .000E+00   .000E+00     128
       9.28079   .000E+00  -.254E-03   .126E+04  -.606E-04   .000E+00   .000E+00   .134E-16   .000E+00   .114E-03   .000E+00   .000E+00   .000E+00     129
       9.36070   .000E+00  -.373E-03   .126E+04  -.904E-04   .000E+00   .000E+00   .744E-17   .000E+00   .168E-03   .000E+00   .000E+00   .000E+00     130
       9.44061   .000E+00  -.543E-03   .126E+04  -.134E-03   .000E+00   .000E+00   .319E-17   .000E+00   .244E-03   .000E+00   .000E+00   .000E+00     131
       9.52052   .000E+00  -.787E-03   .126E+04  -.197E-03   .000E+00   .000E+00   .712E-18   .000E+00   .352E-03   .000E+00   .000E+00   .000E+00     132
       9.60044   .000E+00  -.113E-02   .126E+04  -.287E-03   .000E+00   .000E+00   .000E+00   .000E+00   .505E-03   .000E+00   .000E+00   .000E+00     133
       9.68035   .000E+00  -.162E-02   .126E+04  -.416E-03   .000E+00   .000E+00   .000E+00   .000E+00   .719E-03   .000E+00   .000E+00   .000E+00     134
       9.76026   .000E+00  -.229E-02   .126E+04  -.599E-03   .000E+00   .000E+00   .000E+00   .000E+00   .102E-02   .000E+00   .000E+00   .000E+00     135
       9.84017   .000E+00  -.323E-02   .126E+04  -.857E-03   .000E+00   .000E+00   .000E+00   .000E+00   .143E-02   .000E+00   .000E+00   .000E+00     136
       9.92009   .000E+00  -.451E-02   .126E+04  -.122E-02   .000E+00   .000E+00   .000E+00   .000E+00   .199E-02   .000E+00   .000E+00   .000E+00     137
      10.00000   .000E+00  -.627E-02   .126E+04  -.172E-02   .000E+00   .000E+00   .000E+00   .000E+00   .276E-02   .000E+00   .000E+00   .000E+00     138
      10.08065   .000E+00  -.867E-02   .126E+04  -.242E-02   .000E+00   .000E+00   .000E+00   .000E+00   .381E-02   .000E+00   .000E+00   .000E+00     139
      10.16125   .000E+00  -.119E-01   .126E+04  -.338E-02   .000E+00   .000E+00   .000E+00   .000E+00   .522E-02   .000E+00   .000E+00   .000E+00     140
      10.24187   .000E+00  -.163E-01   .126E+04  -.469E-02   .000E+00   .000E+00   .000E+00   .000E+00   .712E-02   .000E+00   .000E+00   .000E+00     141
      10.32249   .000E+00  -.221E-01   .126E+04  -.648E-02   .000E+00   .000E+00   .000E+00   .000E+00   .963E-02   .000E+00   .000E+00   .000E+00     142
      10.40311   .000E+00  -.298E-01   .126E+04  -.888E-02   .000E+00   .000E+00   .000E+00   .000E+00   .130E-01   .000E+00   .000E+00   .000E+00     143
      10.48373   .000E+00  -.400E-01   .126E+04  -.121E-01   .000E+00   .000E+00   .000E+00   .000E+00   .173E-01   .000E+00   .000E+00   .000E+00     144
      10.56435   .000E+00  -.532E-01   .126E+04  -.164E-01   .000E+00   .000E+00   .713E-21   .000E+00   .230E-01   .000E+00   .000E+00   .000E+00     145
      10.64496   .000E+00  -.705E-01   .126E+04  -.221E-01   .000E+00   .000E+00   .171E-20   .000E+00   .304E-01   .000E+00   .000E+00   .000E+00     146
      10.72558   .000E+00  -.927E-01   .126E+04  -.296E-01   .000E+00   .000E+00   .151E-20   .000E+00   .399E-01   .000E+00   .000E+00   .000E+00     147
      10.80620   .000E+00  -.121E+00   .126E+04  -.393E-01   .000E+00   .000E+00   .112E-20   .000E+00   .520E-01   .000E+00   .000E+00   .000E+00     148
      10.88682   .000E+00  -.158E+00   .126E+04  -.520E-01   .000E+00   .000E+00   .774E-21   .000E+00   .675E-01   .000E+00   .000E+00   .000E+00     149
      10.96743   .000E+00  -.204E+00   .126E+04  -.685E-01   .000E+00   .000E+00   .522E-21   .000E+00   .870E-01   .000E+00   .000E+00   .000E+00     150
      11.04805   .000E+00  -.262E+00   .126E+04  -.896E-01   .000E+00   .000E+00   .347E-21   .000E+00   .111E+00   .000E+00   .000E+00   .000E+00     151
      11.12867   .000E+00  -.335E+00   .126E+04  -.117E+00   .000E+00   .000E+00   .229E-21   .000E+00   .142E+00   .000E+00   .000E+00   .000E+00     152
      11.20929   .000E+00  -.425E+00   .126E+04  -.151E+00   .000E+00   .000E+00   .151E-21   .000E+00   .180E+00   .000E+00   .000E+00   .000E+00     153
      11.28991   .000E+00  -.537E+00   .126E+04  -.194E+00   .000E+00   .000E+00   .986E-22   .000E+00   .227E+00   .000E+00   .000E+00   .000E+00     154
      11.37052   .000E+00  -.675E+00   .126E+04  -.249E+00   .000E+00   .000E+00   .643E-22   .000E+00   .285E+00   .000E+00   .000E+00   .000E+00     155
      11.45114   .000E+00  -.844E+00   .126E+04  -.317E+00   .000E+00   .000E+00   .417E-22   .000E+00   .355E+00   .000E+00   .000E+00   .000E+00     156
      11.53176   .000E+00  -.105E+01   .126E+04  -.401E+00   .000E+00   .000E+00   .268E-22   .000E+00   .440E+00   .000E+00   .000E+00   .000E+00     157
      11.61238   .000E+00  -.130E+01   .126E+04  -.506E+00   .000E+00   .000E+00   .170E-22   .000E+00   .543E+00   .000E+00   .000E+00   .000E+00     158
      11.69300   .000E+00  -.160E+01   .126E+04  -.635E+00   .000E+00   .000E+00   .106E-22   .000E+00   .666E+00   .000E+00   .000E+00   .000E+00     159
      11.77361   .000E+00  -.195E+01   .126E+04  -.792E+00   .000E+00   .000E+00   .654E-23   .000E+00   .814E+00   .000E+00   .000E+00   .000E+00     160
      11.85423   .000E+00  -.238E+01   .126E+04  -.984E+00   .000E+00   .000E+00   .393E-23   .000E+00   .988E+00   .000E+00   .000E+00   .000E+00     161
      11.93485   .000E+00  -.288E+01   .126E+04  -.122E+01   .000E+00   .000E+00   .231E-23   .000E+00   .119E+01   .000E+00   .000E+00   .000E+00     162
      12.01547   .000E+00  -.347E+01   .126E+04  -.150E+01   .000E+00   .000E+00   .132E-23   .000E+00   .144E+01   .000E+00   .000E+00   .000E+00     163
      12.09609   .000E+00  -.417E+01   .126E+04  -.183E+01   .000E+00   .000E+00   .734E-24   .000E+00   .172E+01   .000E+00   .000E+00   .000E+00     164
      12.17670   .000E+00  -.497E+01   .126E+04  -.223E+01   .000E+00   .000E+00   .394E-24   .000E+00   .205E+01   .000E+00   .000E+00   .000E+00     165
      12.25732   .000E+00  -.591E+01   .126E+04  -.271E+01   .000E+00   .000E+00   .203E-24   .000E+00   .243E+01   .000E+00   .000E+00   .000E+00     166
      12.33794   .000E+00  -.698E+01   .126E+04  -.327E+01   .000E+00   .000E+00   .977E-25   .000E+00   .286E+01   .000E+00   .000E+00   .000E+00     167
      12.41856   .000E+00  -.822E+01   .126E+04  -.393E+01   .000E+00   .000E+00   .420E-25   .000E+00   .336E+01   .000E+00   .000E+00   .000E+00     168
      12.49918   .000E+00  -.962E+01   .126E+04  -.471E+01   .000E+00   .000E+00   .138E-25   .000E+00   .393E+01   .000E+00   .000E+00   .000E+00     169
      12.57979   .000E+00  -.112E+02   .126E+04  -.561E+01   .000E+00   .000E+00   .677E-27   .000E+00   .457E+01   .000E+00   .000E+00   .000E+00     170
      12.66041   .000E+00  -.130E+02   .126E+04  -.666E+01   .000E+00   .000E+00   .000E+00   .000E+00   .530E+01   .000E+00   .000E+00   .000E+00     171
      12.74103   .000E+00  -.151E+02   .126E+04  -.788E+01   .000E+00   .000E+00   .000E+00   .000E+00   .611E+01   .000E+00   .000E+00   .000E+00     172
      12.82165   .000E+00  -.173E+02   .126E+04  -.928E+01   .000E+00   .000E+00   .000E+00   .000E+00   .702E+01   .000E+00   .000E+00   .000E+00     173
      12.90226   .000E+00  -.198E+02   .126E+04  -.109E+02   .000E+00   .000E+00   .000E+00   .000E+00   .802E+01   .000E+00   .000E+00   .000E+00     174
      12.98288   .000E+00  -.226E+02   .126E+04  -.127E+02   .000E+00   .000E+00   .000E+00   .000E+00   .913E+01   .000E+00   .000E+00   .000E+00     175
      13.06350   .000E+00  -.257E+02   .126E+04  -.148E+02   .000E+00   .000E+00   .000E+00   .000E+00   .104E+02   .000E+00   .000E+00   .000E+00     176
      13.14412   .000E+00  -.291E+02   .126E+04  -.171E+02   .000E+00   .000E+00   .000E+00   .000E+00   .117E+02   .000E+00   .000E+00   .000E+00     177
      13.22474   .000E+00  -.328E+02   .126E+04  -.198E+02   .000E+00   .000E+00   .000E+00   .000E+00   .132E+02   .000E+00   .000E+00   .000E+00     178
      13.30535   .000E+00  -.368E+02   .126E+04  -.227E+02   .000E+00   .000E+00   .000E+00   .000E+00   .147E+02   .000E+00   .000E+00   .000E+00     179
      13.38597   .000E+00  -.411E+02   .126E+04  -.260E+02   .000E+00   .000E+00   .000E+00   .000E+00   .164E+02   .000E+00   .000E+00   .000E+00     180
      13.46659   .000E+00  -.458E+02   .126E+04  -.297E+02   .000E+00   .000E+00   .000E+00   .000E+00   .183E+02   .000E+00   .000E+00   .000E+00     181
      13.54721   .000E+00  -.508E+02   .126E+04  -.338E+02   .000E+00   .000E+00   .000E+00   .000E+00   .202E+02   .000E+00   .000E+00   .000E+00     182
      13.62783   .000E+00  -.562E+02   .126E+04  -.384E+02   .000E+00   .000E+00   .000E+00   .000E+00   .223E+02   .000E+00   .000E+00   .000E+00     183
      13.70844   .000E+00  -.618E+02   .126E+04  -.434E+02   .000E+00   .000E+00   .000E+00   .000E+00   .245E+02   .000E+00   .000E+00   .000E+00     184
      13.78906   .000E+00  -.678E+02   .126E+04  -.488E+02   .000E+00   .000E+00   .000E+00   .000E+00   .269E+02   .000E+00   .000E+00   .000E+00     185
      13.86968   .000E+00  -.742E+02   .126E+04  -.548E+02   .000E+00   .000E+00   .000E+00   .000E+00   .293E+02   .000E+00   .000E+00   .000E+00     186
      13.95030   .000E+00  -.808E+02   .126E+04  -.613E+02   .000E+00   .000E+00   .000E+00   .000E+00   .319E+02   .000E+00   .000E+00   .000E+00     187
      14.03092   .000E+00  -.877E+02   .126E+04  -.684E+02   .000E+00   .000E+00   .000E+00   .000E+00   .345E+02   .000E+00   .000E+00   .000E+00     188
      14.11153   .000E+00  -.949E+02   .126E+04  -.760E+02   .000E+00   .000E+00   .000E+00   .000E+00   .373E+02   .000E+00   .000E+00   .000E+00     189
      14.19215   .000E+00  -.102E+03   .126E+04  -.843E+02   .000E+00   .000E+00   .000E+00   .000E+00   .402E+02   .000E+00   .000E+00   .000E+00     190
      14.27277   .000E+00  -.110E+03   .126E+04  -.931E+02   .000E+00   .000E+00   .000E+00   .000E+00   .431E+02   .000E+00   .000E+00   .000E+00     191
      14.35339   .000E+00  -.118E+03   .126E+04  -.103E+03   .000E+00   .000E+00   .000E+00   .000E+00   .461E+02   .000E+00   .000E+00   .000E+00     192
      14.43400   .000E+00  -.126E+03   .126E+04  -.113E+03   .000E+00   .000E+00   .000E+00   .000E+00   .492E+02   .000E+00   .000E+00   .000E+00     193
      14.51462   .000E+00  -.134E+03   .126E+04  -.124E+03   .000E+00   .000E+00   .000E+00   .000E+00   .523E+02   .000E+00   .000E+00   .000E+00     194
      14.59524   .000E+00  -.142E+03   .126E+04  -.135E+03   .000E+00   .000E+00   .000E+00   .000E+00   .554E+02   .000E+00   .000E+00   .000E+00     195
      14.67586   .000E+00  -.151E+03   .126E+04  -.147E+03   .000E+00   .000E+00   .000E+00   .000E+00   .586E+02   .000E+00   .000E+00   .000E+00     196
      14.75648   .000E+00  -.159E+03   .126E+04  -.160E+03   .000E+00   .000E+00   .000E+00   .000E+00   .618E+02   .000E+00   .000E+00   .000E+00     197
      14.83709   .000E+00  -.167E+03   .126E+04  -.173E+03   .000E+00   .000E+00   .000E+00   .000E+00   .649E+02   .000E+00   .000E+00   .000E+00     198
      14.91771   .000E+00  -.176E+03   .126E+04  -.188E+03   .000E+00   .000E+00   .000E+00   .000E+00   .681E+02   .000E+00   .000E+00   .000E+00     199
      14.95886   .000E+00  -.182E+03   .126E+04  -.195E+03   .000E+00   .000E+00   .000E+00   .000E+00   .696E+02   .000E+00   .000E+00   .000E+00     200
      15.00000   .000E+00  -.186E+03   .126E+04  -.203E+03   .000E+00   .000E+00   .000E+00   .000E+00   .712E+02   .000E+00   .000E+00   .000E+00     201
      15.09378   .000E+00  -.193E+03   .126E+04  -.221E+03   .000E+00   .000E+00   .000E+00   .000E+00   .748E+02   .000E+00   .000E+00   .000E+00     202
      15.17001   .000E+00  -.201E+03   .126E+04  -.236E+03   .000E+00   .000E+00   .000E+00   .000E+00   .776E+02   .000E+00   .000E+00   .000E+00     203
      15.25187   .000E+00  -.209E+03   .126E+04  -.253E+03   .000E+00   .000E+00   .000E+00   .000E+00   .805E+02   .000E+00   .000E+00   .000E+00     204
      15.33207   .000E+00  -.216E+03   .126E+04  -.271E+03   .000E+00   .000E+00   .000E+00   .000E+00   .833E+02   .000E+00   .000E+00   .000E+00     205
      15.41256   .000E+00  -.224E+03   .126E+04  -.289E+03   .000E+00   .000E+00   .000E+00   .000E+00   .860E+02   .000E+00   .000E+00   .000E+00     206
      15.49304   .000E+00  -.231E+03   .126E+04  -.307E+03   .000E+00   .000E+00   .000E+00   .000E+00   .886E+02   .000E+00   .000E+00   .000E+00     207
      15.57352   .000E+00  -.237E+03   .126E+04  -.326E+03   .000E+00   .000E+00   .000E+00   .000E+00   .911E+02   .000E+00   .000E+00   .000E+00     208
      15.65400   .000E+00  -.244E+03   .126E+04  -.346E+03   .000E+00   .000E+00   .000E+00   .000E+00   .935E+02   .000E+00   .000E+00   .000E+00     209
      15.73448   .000E+00  -.250E+03   .126E+04  -.366E+03   .000E+00   .000E+00   .000E+00   .000E+00   .957E+02   .000E+00   .000E+00   .000E+00     210
      15.81496   .000E+00  -.255E+03   .126E+04  -.386E+03   .000E+00   .000E+00   .000E+00   .000E+00   .977E+02   .000E+00   .000E+00   .000E+00     211
      15.89544   .000E+00  -.260E+03   .126E+04  -.407E+03   .000E+00   .000E+00   .000E+00   .000E+00   .996E+02   .000E+00   .000E+00   .000E+00     212
      15.97593   .000E+00  -.265E+03   .126E+04  -.429E+03   .000E+00   .000E+00   .000E+00   .000E+00   .101E+03   .000E+00   .000E+00   .000E+00     213
      16.05641   .000E+00  -.270E+03   .126E+04  -.450E+03   .000E+00   .000E+00   .000E+00   .000E+00   .103E+03   .000E+00   .000E+00   .000E+00     214
      16.13689   .000E+00  -.274E+03   .126E+04  -.473E+03   .000E+00   .000E+00   .000E+00   .000E+00   .104E+03   .000E+00   .000E+00   .000E+00     215
      16.21737   .000E+00  -.277E+03   .126E+04  -.495E+03   .000E+00   .000E+00   .000E+00   .000E+00   .106E+03   .000E+00   .000E+00   .000E+00     216
      16.29785   .000E+00  -.280E+03   .126E+04  -.517E+03   .000E+00   .000E+00   .000E+00   .000E+00   .107E+03   .000E+00   .000E+00   .000E+00     217
      16.37833   .000E+00  -.283E+03   .126E+04  -.540E+03   .000E+00   .000E+00   .000E+00   .000E+00   .107E+03   .000E+00   .000E+00   .000E+00     218
      16.45881   .000E+00  -.285E+03   .126E+04  -.563E+03   .000E+00   .000E+00   .000E+00   .000E+00   .108E+03   .000E+00   .000E+00   .000E+00     219
      16.53930   .000E+00  -.286E+03   .126E+04  -.586E+03   .000E+00   .000E+00   .000E+00   .000E+00   .109E+03   .000E+00   .000E+00   .000E+00     220
      16.61978   .000E+00  -.287E+03   .126E+04  -.609E+03   .000E+00   .000E+00   .000E+00   .000E+00   .109E+03   .000E+00   .000E+00   .000E+00     221
      16.70026   .000E+00  -.288E+03   .126E+04  -.632E+03   .000E+00   .000E+00   .000E+00   .000E+00   .109E+03   .000E+00   .000E+00   .000E+00     222
      16.78074   .000E+00  -.288E+03   .126E+04  -.655E+03   .000E+00   .000E+00   .000E+00   .000E+00   .109E+03   .000E+00   .000E+00   .000E+00     223
      16.86122   .000E+00  -.287E+03   .126E+04  -.678E+03   .000E+00   .000E+00   .000E+00   .000E+00   .109E+03   .000E+00   .000E+00   .000E+00     224
      16.94170   .000E+00  -.286E+03   .126E+04  -.702E+03   .000E+00   .000E+00   .000E+00   .000E+00   .108E+03   .000E+00   .000E+00   .000E+00     225
      17.02218   .000E+00  -.284E+03   .126E+04  -.724E+03   .000E+00   .000E+00   .000E+00   .000E+00   .107E+03   .000E+00   .000E+00   .000E+00     226
      17.10266   .000E+00  -.282E+03   .126E+04  -.747E+03   .000E+00   .000E+00   .000E+00   .000E+00   .106E+03   .000E+00   .000E+00   .000E+00     227
      17.18315   .000E+00  -.280E+03   .126E+04  -.770E+03   .000E+00   .000E+00   .000E+00   .000E+00   .105E+03   .000E+00   .000E+00   .000E+00     228
      17.26363   .000E+00  -.277E+03   .126E+04  -.792E+03   .000E+00   .000E+00   .000E+00   .000E+00   .104E+03   .000E+00   .000E+00   .000E+00     229
      17.34411   .000E+00  -.273E+03   .126E+04  -.814E+03   .000E+00   .000E+00   .000E+00   .000E+00   .103E+03   .000E+00   .000E+00   .000E+00     230
      17.42459   .000E+00  -.269E+03   .126E+04  -.836E+03   .000E+00   .000E+00   .000E+00   .000E+00   .101E+03   .000E+00   .000E+00   .000E+00     231
      17.50507   .000E+00  -.264E+03   .126E+04  -.857E+03   .000E+00   .000E+00   .000E+00   .000E+00   .993E+02   .000E+00   .000E+00   .000E+00     232
      17.58555   .000E+00  -.260E+03   .126E+04  -.878E+03   .000E+00   .000E+00   .000E+00   .000E+00   .973E+02   .000E+00   .000E+00   .000E+00     233
      17.66603   .000E+00  -.254E+03   .126E+04  -.898E+03   .000E+00   .000E+00   .000E+00   .000E+00   .952E+02   .000E+00   .000E+00   .000E+00     234
      17.74652   .000E+00  -.248E+03   .126E+04  -.918E+03   .000E+00   .000E+00   .000E+00   .000E+00   .929E+02   .000E+00   .000E+00   .000E+00     235
      17.82700   .000E+00  -.242E+03   .126E+04  -.938E+03   .000E+00   .000E+00   .000E+00   .000E+00   .905E+02   .000E+00   .000E+00   .000E+00     236
      17.90748   .000E+00  -.236E+03   .126E+04  -.957E+03   .000E+00   .000E+00   .000E+00   .000E+00   .880E+02   .000E+00   .000E+00   .000E+00     237
      17.98796   .000E+00  -.229E+03   .126E+04  -.975E+03   .000E+00   .000E+00   .000E+00   .000E+00   .853E+02   .000E+00   .000E+00   .000E+00     238
      18.06844   .000E+00  -.222E+03   .126E+04  -.993E+03   .000E+00   .000E+00   .000E+00   .000E+00   .826E+02   .000E+00   .000E+00   .000E+00     239
      18.14893   .000E+00  -.214E+03   .126E+04  -.101E+04   .000E+00   .000E+00   .000E+00   .000E+00   .797E+02   .000E+00   .000E+00   .000E+00     240
      18.22941   .000E+00  -.207E+03   .126E+04  -.103E+04   .000E+00   .000E+00   .000E+00   .000E+00   .768E+02   .000E+00   .000E+00   .000E+00     241
      18.30989   .000E+00  -.199E+03   .126E+04  -.104E+04   .000E+00   .000E+00   .000E+00   .000E+00   .738E+02   .000E+00   .000E+00   .000E+00     242
      18.39037   .000E+00  -.191E+03   .126E+04  -.106E+04   .000E+00   .000E+00   .000E+00   .000E+00   .707E+02   .000E+00   .000E+00   .000E+00     243
      18.47085   .000E+00  -.183E+03   .126E+04  -.107E+04   .000E+00   .000E+00   .000E+00   .000E+00   .676E+02   .000E+00   .000E+00   .000E+00     244
      18.55133   .000E+00  -.174E+03   .126E+04  -.109E+04   .000E+00   .000E+00   .000E+00   .000E+00   .645E+02   .000E+00   .000E+00   .000E+00     245
      18.63181   .000E+00  -.166E+03   .126E+04  -.110E+04   .000E+00   .000E+00   .000E+00   .000E+00   .614E+02   .000E+00   .000E+00   .000E+00     246
      18.71230   .000E+00  -.158E+03   .126E+04  -.111E+04   .000E+00   .000E+00   .000E+00   .000E+00   .582E+02   .000E+00   .000E+00   .000E+00     247
      18.79278   .000E+00  -.150E+03   .126E+04  -.112E+04   .000E+00   .000E+00   .000E+00   .000E+00   .551E+02   .000E+00   .000E+00   .000E+00     248
      18.87326   .000E+00  -.141E+03   .126E+04  -.114E+04   .000E+00   .000E+00   .000E+00   .000E+00   .520E+02   .000E+00   .000E+00   .000E+00     249
      18.95374   .000E+00  -.133E+03   .126E+04  -.115E+04   .000E+00   .000E+00   .000E+00   .000E+00   .490E+02   .000E+00   .000E+00   .000E+00     250
      19.03422   .000E+00  -.125E+03   .126E+04  -.116E+04   .000E+00   .000E+00   .000E+00   .000E+00   .460E+02   .000E+00   .000E+00   .000E+00     251
      19.11470   .000E+00  -.118E+03   .126E+04  -.117E+04   .000E+00   .000E+00   .000E+00   .000E+00   .431E+02   .000E+00   .000E+00   .000E+00     252
      19.19518   .000E+00  -.110E+03   .126E+04  -.118E+04   .000E+00   .000E+00   .000E+00   .000E+00   .403E+02   .000E+00   .000E+00   .000E+00     253
      19.27567   .000E+00  -.103E+03   .126E+04  -.118E+04   .000E+00   .000E+00   .000E+00   .000E+00   .375E+02   .000E+00   .000E+00   .000E+00     254
      19.35615   .000E+00  -.955E+02   .126E+04  -.119E+04   .000E+00   .000E+00   .000E+00   .000E+00   .348E+02   .000E+00   .000E+00   .000E+00     255
      19.43663   .000E+00  -.886E+02   .126E+04  -.120E+04   .000E+00   .000E+00   .000E+00   .000E+00   .323E+02   .000E+00   .000E+00   .000E+00     256
      19.51711   .000E+00  -.819E+02   .126E+04  -.121E+04   .000E+00   .000E+00   .000E+00   .000E+00   .298E+02   .000E+00   .000E+00   .000E+00     257
      19.59759   .000E+00  -.756E+02   .126E+04  -.121E+04   .000E+00   .000E+00   .000E+00   .000E+00   .274E+02   .000E+00   .000E+00   .000E+00     258
      19.67807   .000E+00  -.695E+02   .126E+04  -.122E+04   .000E+00   .000E+00   .000E+00   .000E+00   .252E+02   .000E+00   .000E+00   .000E+00     259
      19.75856   .000E+00  -.637E+02   .126E+04  -.122E+04   .000E+00   .000E+00   .000E+00   .000E+00   .231E+02   .000E+00   .000E+00   .000E+00     260
      19.83904   .000E+00  -.583E+02   .126E+04  -.123E+04   .000E+00   .000E+00   .000E+00   .000E+00   .211E+02   .000E+00   .000E+00   .000E+00     261
      19.91952   .000E+00  -.532E+02   .126E+04  -.123E+04   .000E+00   .000E+00   .000E+00   .000E+00   .192E+02   .000E+00   .000E+00   .000E+00     262
      20.00000   .000E+00  -.483E+02   .126E+04  -.123E+04   .000E+00   .000E+00   .000E+00   .000E+00   .174E+02   .000E+00   .000E+00   .000E+00     263
      20.08064   .000E+00  -.438E+02   .126E+04  -.124E+04   .000E+00   .000E+00   .000E+00   .000E+00   .158E+02   .000E+00   .000E+00   .000E+00     264
      20.16125   .000E+00  -.396E+02   .126E+04  -.124E+04   .000E+00   .000E+00   .000E+00   .000E+00   .142E+02   .000E+00   .000E+00   .000E+00     265
      20.24187   .000E+00  -.357E+02   .126E+04  -.124E+04   .000E+00   .000E+00   .000E+00   .000E+00   .128E+02   .000E+00   .000E+00   .000E+00     266
      20.32249   .000E+00  -.321E+02   .126E+04  -.125E+04   .000E+00   .000E+00   .000E+00   .000E+00   .115E+02   .000E+00   .000E+00   .000E+00     267
      20.40311   .000E+00  -.287E+02   .126E+04  -.125E+04   .000E+00   .000E+00   .000E+00   .000E+00   .103E+02   .000E+00   .000E+00   .000E+00     268
      20.48372   .000E+00  -.256E+02   .126E+04  -.125E+04   .000E+00   .000E+00   .000E+00   .000E+00   .916E+01   .000E+00   .000E+00   .000E+00     269
      20.56434   .000E+00  -.228E+02   .126E+04  -.125E+04   .000E+00   .000E+00   .000E+00   .000E+00   .814E+01   .000E+00   .000E+00   .000E+00     270
      20.64496   .000E+00  -.203E+02   .126E+04  -.125E+04   .000E+00   .000E+00   .000E+00   .000E+00   .721E+01   .000E+00   .000E+00   .000E+00     271
      20.72558   .000E+00  -.179E+02   .126E+04  -.126E+04   .000E+00   .000E+00   .000E+00   .000E+00   .637E+01   .000E+00   .000E+00   .000E+00     272
      20.80620   .000E+00  -.158E+02   .126E+04  -.126E+04   .000E+00   .000E+00   .000E+00   .000E+00   .562E+01   .000E+00   .000E+00   .000E+00     273
      20.88681   .000E+00  -.139E+02   .126E+04  -.126E+04   .000E+00   .000E+00   .000E+00   .000E+00   .493E+01   .000E+00   .000E+00   .000E+00     274
      20.96743   .000E+00  -.122E+02   .126E+04  -.126E+04   .000E+00   .000E+00   .000E+00   .000E+00   .432E+01   .000E+00   .000E+00   .000E+00     275
      21.04805   .000E+00  -.107E+02   .126E+04  -.126E+04   .000E+00   .000E+00   .000E+00   .000E+00   .377E+01   .000E+00   .000E+00   .000E+00     276
      21.12867   .000E+00  -.931E+01   .126E+04  -.126E+04   .000E+00   .000E+00   .000E+00   .000E+00   .328E+01   .000E+00   .000E+00   .000E+00     277
      21.20929   .000E+00  -.809E+01   .126E+04  -.126E+04   .000E+00   .000E+00   .000E+00   .000E+00   .285E+01   .000E+00   .000E+00   .000E+00     278
      21.28990   .000E+00  -.701E+01   .126E+04  -.126E+04   .000E+00   .000E+00   .000E+00   .000E+00   .246E+01   .000E+00   .000E+00   .000E+00     279
      21.37052   .000E+00  -.605E+01   .126E+04  -.126E+04   .000E+00   .000E+00   .000E+00   .000E+00   .212E+01   .000E+00   .000E+00   .000E+00     280
      21.45114   .000E+00  -.521E+01   .126E+04  -.126E+04   .000E+00   .000E+00   .000E+00   .000E+00   .182E+01   .000E+00   .000E+00   .000E+00     281
      21.53176   .000E+00  -.447E+01   .126E+04  -.126E+04   .000E+00   .000E+00   .000E+00   .000E+00   .156E+01   .000E+00   .000E+00   .000E+00     282
      21.61238   .000E+00  -.383E+01   .126E+04  -.126E+04   .000E+00   .000E+00   .000E+00   .000E+00   .134E+01   .000E+00   .000E+00   .000E+00     283
      21.69299   .000E+00  -.326E+01   .126E+04  -.126E+04   .000E+00   .000E+00   .000E+00   .000E+00   .114E+01   .000E+00   .000E+00   .000E+00     284
      21.77361   .000E+00  -.278E+01   .126E+04  -.126E+04   .000E+00   .000E+00   .000E+00   .000E+00   .966E+00   .000E+00   .000E+00   .000E+00     285
      21.85423   .000E+00  -.235E+01   .126E+04  -.126E+04   .000E+00   .000E+00   .000E+00   .000E+00   .817E+00   .000E+00   .000E+00   .000E+00     286
      21.93485   .000E+00  -.199E+01   .126E+04  -.126E+04   .000E+00   .000E+00   .000E+00   .000E+00   .689E+00   .000E+00   .000E+00   .000E+00     287
      22.01546   .000E+00  -.168E+01   .126E+04  -.127E+04   .000E+00   .000E+00   .000E+00   .000E+00   .580E+00   .000E+00   .000E+00   .000E+00     288
      22.09608   .000E+00  -.141E+01   .126E+04  -.127E+04   .000E+00   .000E+00   .000E+00   .000E+00   .486E+00   .000E+00   .000E+00   .000E+00     289
      22.17670   .000E+00  -.118E+01   .126E+04  -.127E+04   .000E+00   .000E+00   .000E+00   .000E+00   .406E+00   .000E+00   .000E+00   .000E+00     290
      22.25732   .000E+00  -.983E+00   .126E+04  -.127E+04   .000E+00   .000E+00   .000E+00   .000E+00   .338E+00   .000E+00   .000E+00   .000E+00     291
      22.33794   .000E+00  -.818E+00   .126E+04  -.127E+04   .000E+00   .000E+00   .000E+00   .000E+00   .281E+00   .000E+00   .000E+00   .000E+00     292
      22.41855   .000E+00  -.678E+00   .126E+04  -.127E+04   .000E+00   .000E+00   .000E+00   .000E+00   .233E+00   .000E+00   .000E+00   .000E+00     293
      22.49917   .000E+00  -.561E+00   .126E+04  -.127E+04   .000E+00   .000E+00   .000E+00   .000E+00   .192E+00   .000E+00   .000E+00   .000E+00     294
      22.57979   .000E+00  -.462E+00   .126E+04  -.127E+04   .000E+00   .000E+00   .000E+00   .000E+00   .158E+00   .000E+00   .000E+00   .000E+00     295
      22.66041   .000E+00  -.380E+00   .126E+04  -.127E+04   .000E+00   .000E+00   .000E+00   .000E+00   .130E+00   .000E+00   .000E+00   .000E+00     296
      22.74103   .000E+00  -.311E+00   .126E+04  -.127E+04   .000E+00   .000E+00   .000E+00   .000E+00   .106E+00   .000E+00   .000E+00   .000E+00     297
      22.82164   .000E+00  -.254E+00   .126E+04  -.127E+04   .000E+00   .000E+00   .000E+00   .000E+00   .863E-01   .000E+00   .000E+00   .000E+00     298
      22.90226   .000E+00  -.206E+00   .126E+04  -.127E+04   .000E+00   .000E+00   .000E+00   .000E+00   .701E-01   .000E+00   .000E+00   .000E+00     299
      22.98288   .000E+00  -.167E+00   .126E+04  -.127E+04   .000E+00   .000E+00   .000E+00   .000E+00   .567E-01   .000E+00   .000E+00   .000E+00     300
      23.06350   .000E+00  -.135E+00   .126E+04  -.127E+04   .000E+00   .000E+00   .000E+00   .000E+00   .458E-01   .000E+00   .000E+00   .000E+00     301
      23.14412   .000E+00  -.109E+00   .126E+04  -.127E+04   .000E+00   .000E+00   .000E+00   .000E+00   .368E-01   .000E+00   .000E+00   .000E+00     302
      23.22473   .000E+00  -.875E-01   .126E+04  -.127E+04   .000E+00   .000E+00   .000E+00   .000E+00   .295E-01   .000E+00   .000E+00   .000E+00     303
      23.30535   .000E+00  -.701E-01   .126E+04  -.127E+04   .000E+00   .000E+00   .000E+00   .000E+00   .236E-01   .000E+00   .000E+00   .000E+00     304
      23.38597   .000E+00  -.559E-01   .126E+04  -.127E+04   .000E+00   .000E+00   .000E+00   .000E+00   .188E-01   .000E+00   .000E+00   .000E+00     305
      23.46659   .000E+00  -.445E-01   .126E+04  -.127E+04   .000E+00   .000E+00   .000E+00   .000E+00   .149E-01   .000E+00   .000E+00   .000E+00     306
      23.54720   .000E+00  -.352E-01   .126E+04  -.127E+04   .000E+00   .000E+00   .000E+00   .000E+00   .118E-01   .000E+00   .000E+00   .000E+00     307
      23.62782   .000E+00  -.278E-01   .126E+04  -.127E+04   .000E+00   .000E+00   .000E+00   .000E+00   .930E-02   .000E+00   .000E+00   .000E+00     308
      23.70844   .000E+00  -.219E-01   .126E+04  -.127E+04   .000E+00   .000E+00   .000E+00   .000E+00   .730E-02   .000E+00   .000E+00   .000E+00     309
      23.78906   .000E+00  -.172E-01   .126E+04  -.127E+04   .000E+00   .000E+00   .000E+00   .000E+00   .572E-02   .000E+00   .000E+00   .000E+00     310
      23.86968   .000E+00  -.134E-01   .126E+04  -.127E+04   .000E+00   .000E+00   .000E+00   .000E+00   .447E-02   .000E+00   .000E+00   .000E+00     311
      23.95029   .000E+00  -.105E-01   .126E+04  -.127E+04   .000E+00   .000E+00   .000E+00   .000E+00   .347E-02   .000E+00   .000E+00   .000E+00     312
      24.03091   .000E+00  -.814E-02   .126E+04  -.127E+04   .000E+00   .000E+00   .000E+00   .000E+00   .269E-02   .000E+00   .000E+00   .000E+00     313
      24.11153   .000E+00  -.630E-02   .126E+04  -.127E+04   .000E+00   .000E+00   .000E+00   .000E+00   .208E-02   .000E+00   .000E+00   .000E+00     314
      24.19215   .000E+00  -.486E-02   .126E+04  -.127E+04   .000E+00   .000E+00   .000E+00   .000E+00   .160E-02   .000E+00   .000E+00   .000E+00     315
      24.27277   .000E+00  -.373E-02   .126E+04  -.127E+04   .000E+00   .000E+00   .000E+00   .000E+00   .123E-02   .000E+00   .000E+00   .000E+00     316
      24.35338   .000E+00  -.286E-02   .126E+04  -.127E+04   .000E+00   .000E+00   .000E+00   .000E+00   .939E-03   .000E+00   .000E+00   .000E+00     317
      24.43400   .000E+00  -.218E-02   .126E+04  -.127E+04   .000E+00   .000E+00   .000E+00   .000E+00   .715E-03   .000E+00   .000E+00   .000E+00     318
      24.51462   .000E+00  -.166E-02   .126E+04  -.127E+04   .000E+00   .000E+00   .000E+00   .000E+00   .543E-03   .000E+00   .000E+00   .000E+00     319
      24.59524   .000E+00  -.126E-02   .126E+04  -.127E+04   .000E+00   .000E+00   .000E+00   .000E+00   .411E-03   .000E+00   .000E+00   .000E+00     320
      24.67586   .000E+00  -.950E-03   .126E+04  -.127E+04   .000E+00   .000E+00   .000E+00   .000E+00   .309E-03   .000E+00   .000E+00   .000E+00     321
      24.75647   .000E+00  -.715E-03   .126E+04  -.127E+04   .000E+00   .000E+00   .000E+00   .000E+00   .232E-03   .000E+00   .000E+00   .000E+00     322
      24.83709   .000E+00  -.536E-03   .126E+04  -.127E+04   .000E+00   .000E+00   .000E+00   .000E+00   .174E-03   .000E+00   .000E+00   .000E+00     323
      24.91771   .000E+00  -.400E-03   .126E+04  -.127E+04   .000E+00   .000E+00   .000E+00   .000E+00   .129E-03   .000E+00   .000E+00   .000E+00     324
      24.99833   .000E+00  -.298E-03   .126E+04  -.127E+04   .000E+00   .000E+00   .000E+00   .000E+00   .961E-04   .000E+00   .000E+00   .000E+00     325
      25.07895   .000E+00  -.221E-03   .126E+04  -.127E+04   .000E+00   .000E+00   .000E+00   .000E+00   .710E-04   .000E+00   .000E+00   .000E+00     326
      25.15956   .000E+00  -.163E-03   .126E+04  -.127E+04   .000E+00   .000E+00   .000E+00   .000E+00   .523E-04   .000E+00   .000E+00   .000E+00     327
      25.24018   .000E+00  -.120E-03   .126E+04  -.127E+04   .000E+00   .000E+00   .000E+00   .000E+00   .384E-04   .000E+00   .000E+00   .000E+00     328
      25.32080   .000E+00  -.877E-04   .126E+04  -.127E+04   .000E+00   .000E+00   .000E+00   .000E+00   .280E-04   .000E+00   .000E+00   .000E+00     329
      25.40142   .000E+00  -.640E-04   .126E+04  -.127E+04   .000E+00   .000E+00   .000E+00   .000E+00   .204E-04   .000E+00   .000E+00   .000E+00     330
      25.48203   .000E+00  -.465E-04   .126E+04  -.127E+04   .000E+00   .000E+00   .000E+00   .000E+00   .148E-04   .000E+00   .000E+00   .000E+00     331
      25.56265   .000E+00  -.336E-04   .126E+04  -.127E+04   .000E+00   .000E+00   .000E+00   .000E+00   .107E-04   .000E+00   .000E+00   .000E+00     332
      25.64327   .000E+00  -.242E-04   .126E+04  -.127E+04   .000E+00   .000E+00   .000E+00   .000E+00   .767E-05   .000E+00   .000E+00   .000E+00     333
      25.72389   .000E+00  -.174E-04   .126E+04  -.127E+04   .000E+00   .000E+00   .000E+00   .000E+00   .549E-05   .000E+00   .000E+00   .000E+00     334
      25.80451   .000E+00  -.124E-04   .126E+04  -.127E+04   .000E+00   .000E+00   .000E+00   .000E+00   .391E-05   .000E+00   .000E+00   .000E+00     335
      25.88512   .000E+00  -.883E-05   .126E+04  -.127E+04   .000E+00   .000E+00   .000E+00   .000E+00   .277E-05   .000E+00   .000E+00   .000E+00     336
      25.96574   .000E+00  -.625E-05   .126E+04  -.127E+04   .000E+00   .000E+00   .000E+00   .000E+00   .196E-05   .000E+00   .000E+00   .000E+00     337
      26.04636   .000E+00  -.440E-05   .126E+04  -.127E+04   .000E+00   .000E+00   .000E+00   .000E+00   .138E-05   .000E+00   .000E+00   .000E+00     338
      26.12698   .000E+00  -.309E-05   .126E+04  -.127E+04   .000E+00   .000E+00   .000E+00   .000E+00   .963E-06   .000E+00   .000E+00   .000E+00     339
      26.20760   .000E+00  -.215E-05   .126E+04  -.127E+04   .000E+00   .000E+00   .000E+00   .000E+00   .670E-06   .000E+00   .000E+00   .000E+00     340
      26.28821   .000E+00  -.150E-05   .126E+04  -.127E+04   .000E+00   .000E+00   .000E+00   .000E+00   .464E-06   .000E+00   .000E+00   .000E+00     341
      26.36883   .000E+00  -.103E-05   .126E+04  -.127E+04   .000E+00   .000E+00   .000E+00   .000E+00   .320E-06   .000E+00   .000E+00   .000E+00     342
      26.44945   .000E+00  -.711E-06   .126E+04  -.127E+04   .000E+00   .000E+00   .000E+00   .000E+00   .219E-06   .000E+00   .000E+00   .000E+00     343
      26.53007   .000E+00  -.486E-06   .126E+04  -.127E+04   .000E+00   .000E+00   .000E+00   .000E+00   .149E-06   .000E+00   .000E+00   .000E+00     344
      26.61069   .000E+00  -.330E-06   .126E+04  -.127E+04   .000E+00   .000E+00   .000E+00   .000E+00   .101E-06   .000E+00   .000E+00   .000E+00     345
      26.69130   .000E+00  -.223E-06   .126E+04  -.127E+04   .000E+00   .000E+00   .000E+00   .000E+00   .681E-07   .000E+00   .000E+00   .000E+00     346
      26.77192   .000E+00  -.150E-06   .126E+04  -.127E+04   .000E+00   .000E+00   .000E+00   .000E+00   .456E-07   .000E+00   .000E+00   .000E+00     347
      26.85254   .000E+00  -.100E-06   .126E+04  -.127E+04   .000E+00   .000E+00   .000E+00   .000E+00   .304E-07   .000E+00   .000E+00   .000E+00     348
      26.93316   .000E+00  -.666E-07   .126E+04  -.127E+04   .000E+00   .000E+00   .000E+00   .000E+00   .201E-07   .000E+00   .000E+00   .000E+00     349
      27.01377   .000E+00  -.439E-07   .126E+04  -.127E+04   .000E+00   .000E+00   .000E+00   .000E+00   .132E-07   .000E+00   .000E+00   .000E+00     350
      27.09439   .000E+00  -.287E-07   .126E+04  -.127E+04   .000E+00   .000E+00   .000E+00   .000E+00   .859E-08   .000E+00   .000E+00   .000E+00     351
      27.17501   .000E+00  -.187E-07   .126E+04  -.127E+04   .000E+00   .000E+00   .000E+00   .000E+00   .556E-08   .000E+00   .000E+00   .000E+00     352
      27.25563   .000E+00  -.120E-07   .126E+04  -.127E+04   .000E+00   .000E+00   .000E+00   .000E+00   .357E-08   .000E+00   .000E+00   .000E+00     353
      27.33625   .000E+00  -.771E-08   .126E+04  -.127E+04   .000E+00   .000E+00   .000E+00   .000E+00   .227E-08   .000E+00   .000E+00   .000E+00     354
      27.41686   .000E+00  -.489E-08   .126E+04  -.127E+04   .000E+00   .000E+00   .000E+00   .000E+00   .143E-08   .000E+00   .000E+00   .000E+00     355
      27.49748   .000E+00  -.308E-08   .126E+04  -.127E+04   .000E+00   .000E+00   .000E+00   .000E+00   .897E-09   .000E+00   .000E+00   .000E+00     356
      27.57810   .000E+00  -.192E-08   .126E+04  -.127E+04   .000E+00   .000E+00   .000E+00   .000E+00   .556E-09   .000E+00   .000E+00   .000E+00     357
      27.65872   .000E+00  -.119E-08   .126E+04  -.127E+04   .000E+00   .000E+00   .000E+00   .000E+00   .342E-09   .000E+00   .000E+00   .000E+00     358
      27.73934   .000E+00  -.728E-09   .126E+04  -.127E+04   .000E+00   .000E+00   .000E+00   .000E+00   .210E-09   .000E+00   .000E+00   .000E+00     359
      27.81995   .000E+00  -.446E-09   .126E+04  -.127E+04   .000E+00   .000E+00   .000E+00   .000E+00   .129E-09   .000E+00   .000E+00   .000E+00     360
      27.90057   .000E+00  -.274E-09   .126E+04  -.127E+04   .000E+00   .000E+00   .000E+00   .000E+00   .789E-10   .000E+00   .000E+00   .000E+00     361
      27.98119   .000E+00  -.168E-09   .126E+04  -.127E+04   .000E+00   .000E+00   .000E+00   .000E+00   .484E-10   .000E+00   .000E+00   .000E+00     362
      28.06181   .000E+00  -.103E-09   .126E+04  -.127E+04   .000E+00   .000E+00   .000E+00   .000E+00   .298E-10   .000E+00   .000E+00   .000E+00     363
      28.14243   .000E+00  -.638E-10   .126E+04  -.127E+04   .000E+00   .000E+00   .000E+00   .000E+00   .185E-10   .000E+00   .000E+00   .000E+00     364
      28.22304   .000E+00  -.396E-10   .126E+04  -.127E+04   .000E+00   .000E+00   .000E+00   .000E+00   .115E-10   .000E+00   .000E+00   .000E+00     365
      28.30366   .000E+00  -.248E-10   .126E+04  -.127E+04   .000E+00   .000E+00   .000E+00   .000E+00   .728E-11   .000E+00   .000E+00   .000E+00     366
      28.38428   .000E+00  -.157E-10   .126E+04  -.127E+04   .000E+00   .000E+00   .000E+00   .000E+00   .464E-11   .000E+00   .000E+00   .000E+00     367
      28.46490   .000E+00  -.101E-10   .126E+04  -.127E+04   .000E+00   .000E+00   .000E+00   .000E+00   .299E-11   .000E+00   .000E+00   .000E+00     368
      28.54552   .000E+00  -.651E-11   .126E+04  -.127E+04   .000E+00   .000E+00   .000E+00   .000E+00   .194E-11   .000E+00   .000E+00   .000E+00     369
      28.62613   .000E+00  -.425E-11   .126E+04  -.127E+04   .000E+00   .000E+00   .000E+00   .000E+00   .127E-11   .000E+00   .000E+00   .000E+00     370
      28.70675   .000E+00  -.279E-11   .126E+04  -.127E+04   .000E+00   .000E+00   .000E+00   .000E+00   .837E-12   .000E+00   .000E+00   .000E+00     371
      28.78737   .000E+00  -.183E-11   .126E+04  -.127E+04   .000E+00   .000E+00   .000E+00   .000E+00   .552E-12   .000E+00   .000E+00   .000E+00     372
      28.86799   .000E+00  -.121E-11   .126E+04  -.127E+04   .000E+00   .000E+00   .000E+00   .000E+00   .363E-12   .000E+00   .000E+00   .000E+00     373
      28.94860   .000E+00  -.795E-12   .126E+04  -.127E+04   .000E+00   .000E+00   .000E+00   .000E+00   .239E-12   .000E+00   .000E+00   .000E+00     374
      29.02922   .000E+00  -.520E-12   .126E+04  -.127E+04   .000E+00   .000E+00   .000E+00   .000E+00   .156E-12   .000E+00   .000E+00   .000E+00     375
      29.10984   .000E+00  -.339E-12   .126E+04  -.127E+04   .000E+00   .000E+00   .000E+00   .000E+00   .101E-12   .000E+00   .000E+00   .000E+00     376
      29.19046   .000E+00  -.220E-12   .126E+04  -.127E+04   .000E+00   .000E+00   .000E+00   .000E+00   .652E-13   .000E+00   .000E+00   .000E+00     377
      29.27108   .000E+00  -.141E-12   .126E+04  -.127E+04   .000E+00   .000E+00   .000E+00   .000E+00   .418E-13   .000E+00   .000E+00   .000E+00     378
      29.35169   .000E+00  -.902E-13   .126E+04  -.127E+04   .000E+00   .000E+00   .000E+00   .000E+00   .266E-13   .000E+00   .000E+00   .000E+00     379
      29.43231   .000E+00  -.574E-13   .126E+04  -.127E+04   .000E+00   .000E+00   .000E+00   .000E+00   .169E-13   .000E+00   .000E+00   .000E+00     380
      29.51293   .000E+00  -.363E-13   .126E+04  -.127E+04   .000E+00   .000E+00   .000E+00   .000E+00   .107E-13   .000E+00   .000E+00   .000E+00     381
      29.59355   .000E+00  -.230E-13   .126E+04  -.127E+04   .000E+00   .000E+00   .000E+00   .000E+00   .674E-14   .000E+00   .000E+00   .000E+00     382
      29.67417   .000E+00  -.145E-13   .126E+04  -.127E+04   .000E+00   .000E+00   .000E+00   .000E+00   .427E-14   .000E+00   .000E+00   .000E+00     383
      29.75478   .000E+00  -.922E-14   .126E+04  -.127E+04   .000E+00   .000E+00   .000E+00   .000E+00   .272E-14   .000E+00   .000E+00   .000E+00     384
      29.83540   .000E+00  -.588E-14   .126E+04  -.127E+04   .000E+00   .000E+00   .000E+00   .000E+00   .174E-14   .000E+00   .000E+00   .000E+00     385
      29.91602   .000E+00  -.377E-14   .126E+04  -.127E+04   .000E+00   .000E+00   .000E+00   .000E+00   .112E-14   .000E+00   .000E+00   .000E+00     386
      29.95801   .000E+00  -.266E-14   .126E+04  -.127E+04   .000E+00   .000E+00   .000E+00   .000E+00   .898E-15   .000E+00   .000E+00   .000E+00     387
      30.00000   .000E+00  -.214E-14   .126E+04  -.127E+04   .000E+00   .000E+00   .000E+00   .000E+00   .721E-15   .000E+00   .000E+00   .000E+00     388
end
