 ******* Program UNSATCHEM-1D
 ******* 
 Missouri Field Experiment - 1981                                        
 Date:  21. 3.    Time:  15:17:51
 Units: L = cm   , T = days , M = mmol 


-----------------------------------------------------
 Time       [T]     61.0000
-----------------------------------------------------
 Sub-region num.                   1          2          3
-----------------------------------------------------
 Area          [L]  0.170E+03  0.270E+02  0.900E+01  0.134E+03
 W-volume      [L]  0.654E+02  0.867E+01  0.325E+01  0.535E+02
 In-flow     [L/T]  0.000E+00  0.000E+00  0.000E+00  0.000E+00
 h Mean        [L] -0.100E+03 -0.100E+03 -0.100E+03 -0.100E+03
 CO2-volume    [L]  0.152E+01  0.120E+00  0.872E-01  0.131E+01
 CO2-Mean  [L3/L3]  0.165E-01  0.886E-02  0.179E-01  0.180E-01
 T Mean        [K]  0.150E+02  0.150E+02  0.150E+02  0.150E+02
 Top Flux    [L/T] -0.484E-01
 Bot Flux    [L/T] -0.319E-01
-----------------------------------------------------


-----------------------------------------------------
 Time       [T]     92.0000
-----------------------------------------------------
 Sub-region num.                   1          2          3
-----------------------------------------------------
 Area          [L]  0.170E+03  0.270E+02  0.900E+01  0.134E+03
 W-volume      [L]  0.709E+02  0.898E+01  0.334E+01  0.585E+02
 In-flow     [L/T]  0.479E+00  0.839E+00 -0.405E-01 -0.320E+00
 h Mean        [L] -0.541E+02 -0.884E+02 -0.847E+02 -0.451E+02
 CO2-volume    [L]  0.182E+01  0.254E+00  0.107E+00  0.146E+01
 CO2-Mean  [L3/L3]  0.205E-01  0.199E-01  0.234E-01  0.204E-01
 T Mean        [K]  0.165E+02  0.186E+02  0.182E+02  0.160E+02
 Top Flux    [L/T] -0.980E+00
 Bot Flux    [L/T] -0.288E+00
 WatBalT       [L]  0.100E+00
 WatBalR       [%]      0.314
 CO2BalT       [L]  0.341E+00
 Crop Yield    [%]     92.491
-----------------------------------------------------


-----------------------------------------------------
 Time       [T]    122.0000
-----------------------------------------------------
 Sub-region num.                   1          2          3
-----------------------------------------------------
 Area          [L]  0.170E+03  0.270E+02  0.900E+01  0.134E+03
 W-volume      [L]  0.773E+02  0.102E+02  0.389E+01  0.633E+02
 In-flow     [L/T] -0.160E+01 -0.511E+00 -0.159E+00 -0.928E+00
 h Mean        [L] -0.227E+02 -0.454E+02 -0.310E+02 -0.175E+02
 CO2-volume    [L]  0.367E+01  0.110E+01  0.468E+00  0.209E+01
 CO2-Mean  [L3/L3]  0.470E-01  0.942E-01  0.111E+00  0.332E-01
 T Mean        [K]  0.220E+02  0.226E+02  0.228E+02  0.218E+02
 Top Flux    [L/T]  0.687E-01
 Bot Flux    [L/T] -0.113E+01
 WatBalT       [L]  0.157E+00
 WatBalR       [%]      0.230
 CO2BalT       [L]  0.891E+00
 Crop Yield    [%]     90.731
-----------------------------------------------------


-----------------------------------------------------
 Time       [T]    153.0000
-----------------------------------------------------
 Sub-region num.                   1          2          3
-----------------------------------------------------
 Area          [L]  0.170E+03  0.270E+02  0.900E+01  0.134E+03
 W-volume      [L]  0.776E+02  0.105E+02  0.405E+01  0.630E+02
 In-flow     [L/T] -0.126E+01 -0.959E+00 -0.219E+00 -0.809E-01
 h Mean        [L] -0.219E+02 -0.385E+02 -0.219E+02 -0.185E+02
 CO2-volume    [L]  0.463E+01  0.110E+01  0.476E+00  0.305E+01
 CO2-Mean  [L3/L3]  0.624E-01  0.968E-01  0.120E+00  0.516E-01
 T Mean        [K]  0.246E+02  0.240E+02  0.249E+02  0.247E+02
 Top Flux    [L/T]  0.600E+00
 Bot Flux    [L/T] -0.634E+00
 WatBalT       [L]  0.134E+00
 WatBalR       [%]      0.108
 CO2BalT       [L]  0.211E+01
 Crop Yield    [%]     88.499
-----------------------------------------------------


-----------------------------------------------------
 Time       [T]    184.0000
-----------------------------------------------------
 Sub-region num.                   1          2          3
-----------------------------------------------------
 Area          [L]  0.170E+03  0.270E+02  0.900E+01  0.134E+03
 W-volume      [L]  0.700E+02  0.973E+01  0.379E+01  0.565E+02
 In-flow     [L/T] -0.558E+00 -0.605E+00 -0.125E+00  0.172E+00
 h Mean        [L] -0.615E+02 -0.579E+02 -0.376E+02 -0.638E+02
 CO2-volume    [L]  0.305E+01  0.442E+00  0.161E+00  0.245E+01
 CO2-Mean  [L3/L3]  0.394E-01  0.375E-01  0.384E-01  0.399E-01
 T Mean        [K]  0.231E+02  0.226E+02  0.235E+02  0.232E+02
 Top Flux    [L/T]  0.450E+00
 Bot Flux    [L/T] -0.878E-01
 WatBalT       [L]  0.472E-01
 WatBalR       [%]      0.032
 CO2BalT       [L]  0.310E+01
 Crop Yield    [%]     88.499
-----------------------------------------------------


-----------------------------------------------------
 Time       [T]    214.0000
-----------------------------------------------------
 Sub-region num.                   1          2          3
-----------------------------------------------------
 Area          [L]  0.170E+03  0.270E+02  0.900E+01  0.134E+03
 W-volume      [L]  0.636E+02  0.653E+01  0.296E+01  0.541E+02
 In-flow     [L/T] -0.120E+00 -0.253E-01 -0.912E-02 -0.855E-01
 h Mean        [L] -0.150E+03 -0.432E+03 -0.167E+03 -0.920E+02
 CO2-volume    [L]  0.200E+01  0.433E-01  0.299E-01  0.193E+01
 CO2-Mean  [L3/L3]  0.246E-01  0.340E-02  0.669E-02  0.301E-01
 T Mean        [K]  0.199E+02  0.182E+02  0.191E+02  0.203E+02
 Top Flux    [L/T]  0.561E-01
 Bot Flux    [L/T] -0.627E-01
 WatBalT       [L]  0.318E-01
 WatBalR       [%]      0.020
 CO2BalT       [L]  0.363E+01
 Crop Yield    [%]     88.499
-----------------------------------------------------


-----------------------------------------------------
 Time       [T]    245.0000
-----------------------------------------------------
 Sub-region num.                   1          2          3
-----------------------------------------------------
 Area          [L]  0.170E+03  0.270E+02  0.900E+01  0.134E+03
 W-volume      [L]  0.668E+02  0.864E+01  0.341E+01  0.548E+02
 In-flow     [L/T] -0.166E+00 -0.135E+00 -0.303E-01 -0.816E-03
 h Mean        [L] -0.853E+02 -0.102E+03 -0.750E+02 -0.827E+02
 CO2-volume    [L]  0.206E+01  0.144E+00  0.915E-01  0.182E+01
 CO2-Mean  [L3/L3]  0.228E-01  0.984E-02  0.179E-01  0.258E-01
 T Mean        [K]  0.150E+02  0.109E+02  0.123E+02  0.159E+02
 Top Flux    [L/T]  0.127E+00
 Bot Flux    [L/T] -0.351E-01
 WatBalT       [L]  0.536E-02
 WatBalR       [%]      0.003
 CO2BalT       [L]  0.374E+01
 Crop Yield    [%]     88.499
-----------------------------------------------------
