 ******* Program HYDRUS
 ******* steady state transport of a nonlinearly adsorbing and decaying contamin
 a
 Date:  30.10.    Time:   9:42:26
 Units: L = cm   , T = days , M = mmol 

-----------------------------------------------------
 Time       [T]         .0000
-----------------------------------------------------
 Sub-region num.                   1
-----------------------------------------------------
 Area     [L]         .100E+03   .100E+03
 W-volume [L]         .500E+02   .500E+02
 In-flow  [L/T]       .000E+00   .000E+00
 h Mean   [L]         .000E+00   .000E+00
 ConcVol  [M/L2] 1    .100E-04   .100E-04
 cMean    [M/L3] 1    .200E-06   .200E-06
 ConcVol  [M/L2] 2    .501E-05   .501E-05
 cMean    [M/L3] 2    .100E-06   .100E-06
 ConcVol  [M/L2] 3    .000E+00   .000E+00
 cMean    [M/L3] 3    .000E+00   .000E+00
 Top Flux [L/T]      -.100E+01
 Bot Flux [L/T]      -.100E+01
-----------------------------------------------------

-----------------------------------------------------
 Time       [T]      250.0000
-----------------------------------------------------
 Sub-region num.                   1
-----------------------------------------------------
 Area     [L]         .100E+03   .100E+03
 ConcVol  [M/L2] 1    .101E-04   .101E-04
 cMean    [M/L3] 1    .201E-06   .201E-06
 ConcVol  [M/L2] 2    .500E-05   .500E-05
 cMean    [M/L3] 2    .999E-07   .999E-07
 ConcVol  [M/L2] 3    .128E+02   .128E+02
 cMean    [M/L3] 3    .257E+00   .257E+00
 CncBalT  [M]    1    .415E-09
 CncBalR  [%]    1        .000
 CncBalT  [M]    2   -.146E-12
 CncBalR  [%]    2        .000
 CncBalT  [M]    3   -.199E-12
 CncBalR  [%]    3        .000
-----------------------------------------------------

-----------------------------------------------------
 Time       [T]      500.0000
-----------------------------------------------------
 Sub-region num.                   1
-----------------------------------------------------
 Area     [L]         .100E+03   .100E+03
 ConcVol  [M/L2] 1    .101E-04   .101E-04
 cMean    [M/L3] 1    .201E-06   .201E-06
 ConcVol  [M/L2] 2    .499E-05   .499E-05
 cMean    [M/L3] 2    .998E-07   .998E-07
 ConcVol  [M/L2] 3    .221E+02   .221E+02
 cMean    [M/L3] 3    .443E+00   .443E+00
 CncBalT  [M]    1    .391E-09
 CncBalR  [%]    1        .000
 CncBalT  [M]    2   -.146E-12
 CncBalR  [%]    2        .000
 CncBalT  [M]    3   -.842E-10
 CncBalR  [%]    3        .000
-----------------------------------------------------

-----------------------------------------------------
 Time       [T]      750.0000
-----------------------------------------------------
 Sub-region num.                   1
-----------------------------------------------------
 Area     [L]         .100E+03   .100E+03
 ConcVol  [M/L2] 1    .100E-04   .100E-04
 cMean    [M/L3] 1    .201E-06   .201E-06
 ConcVol  [M/L2] 2    .498E-05   .498E-05
 cMean    [M/L3] 2    .997E-07   .997E-07
 ConcVol  [M/L2] 3    .288E+02   .288E+02
 cMean    [M/L3] 3    .576E+00   .576E+00
 CncBalT  [M]    1    .368E-09
 CncBalR  [%]    1        .000
 CncBalT  [M]    2   -.355E-11
 CncBalR  [%]    2        .000
 CncBalT  [M]    3    .404E-02
 CncBalR  [%]    3        .001
-----------------------------------------------------

-----------------------------------------------------
 Time       [T]     1000.0000
-----------------------------------------------------
 Sub-region num.                   1
-----------------------------------------------------
 Area     [L]         .100E+03   .100E+03
 ConcVol  [M/L2] 1    .100E-04   .100E-04
 cMean    [M/L3] 1    .201E-06   .201E-06
 ConcVol  [M/L2] 2    .498E-05   .498E-05
 cMean    [M/L3] 2    .996E-07   .996E-07
 ConcVol  [M/L2] 3    .314E+02   .314E+02
 cMean    [M/L3] 3    .628E+00   .628E+00
 CncBalT  [M]    1   -.309E-08
 CncBalR  [%]    1        .001
 CncBalT  [M]    2   -.173E-08
 CncBalR  [%]    2        .001
 CncBalT  [M]    3    .203E+01
 CncBalR  [%]    3        .193
-----------------------------------------------------
