 ******* Program HYDRUS
 ******* steady state transport of a nonlinearly adsorbing and decaying contamin
 a
 Date:  30.10.    Time:   9:42:26
 Units: L = cm   , T = days , M = mmol 


 Time:         .0000


 Node    Depth      Head Moisture       K          C         Flux        Sink         Kappa   v/KsTop   Temp
         [L]       [L]     [-]        [L/T]      [1/L]      [L/T]        [1/T]         [-]      [-]      [C]

   1      .00        .000  .5000    .1000E+01   .0000E+00  -.1000E+01   .0000E+00      -1   -.100E+01   25.00   .2002E-06   .1001E-06   .0000E+00   .0000E+00   .0000E+00   .0000E+00
   2    -1.00        .000  .5000    .1000E+01   .0000E+00  -.1000E+01   .0000E+00      -1   -.100E+01   25.00   .2002E-06   .1001E-06   .0000E+00   .0000E+00   .0000E+00   .0000E+00
   3    -2.00        .000  .5000    .1000E+01   .0000E+00  -.1000E+01   .0000E+00      -1   -.100E+01   25.00   .2002E-06   .1001E-06   .0000E+00   .0000E+00   .0000E+00   .0000E+00
   4    -3.00        .000  .5000    .1000E+01   .0000E+00  -.1000E+01   .0000E+00      -1   -.100E+01   25.00   .2002E-06   .1001E-06   .0000E+00   .0000E+00   .0000E+00   .0000E+00
   5    -4.00        .000  .5000    .1000E+01   .0000E+00  -.1000E+01   .0000E+00      -1   -.100E+01   25.00   .2002E-06   .1001E-06   .0000E+00   .0000E+00   .0000E+00   .0000E+00
   6    -5.00        .000  .5000    .1000E+01   .0000E+00  -.1000E+01   .0000E+00      -1   -.100E+01   25.00   .2002E-06   .1001E-06   .0000E+00   .0000E+00   .0000E+00   .0000E+00
   7    -6.00        .000  .5000    .1000E+01   .0000E+00  -.1000E+01   .0000E+00      -1   -.100E+01   25.00   .2002E-06   .1001E-06   .0000E+00   .0000E+00   .0000E+00   .0000E+00
   8    -7.00        .000  .5000    .1000E+01   .0000E+00  -.1000E+01   .0000E+00      -1   -.100E+01   25.00   .2002E-06   .1001E-06   .0000E+00   .0000E+00   .0000E+00   .0000E+00
   9    -8.00        .000  .5000    .1000E+01   .0000E+00  -.1000E+01   .0000E+00      -1   -.100E+01   25.00   .2002E-06   .1001E-06   .0000E+00   .0000E+00   .0000E+00   .0000E+00
  10    -9.00        .000  .5000    .1000E+01   .0000E+00  -.1000E+01   .0000E+00      -1   -.100E+01   25.00   .2002E-06   .1001E-06   .0000E+00   .0000E+00   .0000E+00   .0000E+00
  11   -10.00        .000  .5000    .1000E+01   .0000E+00  -.1000E+01   .0000E+00      -1   -.100E+01   25.00   .2002E-06   .1001E-06   .0000E+00   .0000E+00   .0000E+00   .0000E+00
  12   -11.00        .000  .5000    .1000E+01   .0000E+00  -.1000E+01   .0000E+00      -1   -.100E+01   25.00   .2002E-06   .1001E-06   .0000E+00   .0000E+00   .0000E+00   .0000E+00
  13   -12.00        .000  .5000    .1000E+01   .0000E+00  -.1000E+01   .0000E+00      -1   -.100E+01   25.00   .2002E-06   .1001E-06   .0000E+00   .0000E+00   .0000E+00   .0000E+00
  14   -13.00        .000  .5000    .1000E+01   .0000E+00  -.1000E+01   .0000E+00      -1   -.100E+01   25.00   .2002E-06   .1001E-06   .0000E+00   .0000E+00   .0000E+00   .0000E+00
  15   -14.00        .000  .5000    .1000E+01   .0000E+00  -.1000E+01   .0000E+00      -1   -.100E+01   25.00   .2002E-06   .1001E-06   .0000E+00   .0000E+00   .0000E+00   .0000E+00
  16   -15.00        .000  .5000    .1000E+01   .0000E+00  -.1000E+01   .0000E+00      -1   -.100E+01   25.00   .2002E-06   .1001E-06   .0000E+00   .0000E+00   .0000E+00   .0000E+00
  17   -16.00        .000  .5000    .1000E+01   .0000E+00  -.1000E+01   .0000E+00      -1   -.100E+01   25.00   .2002E-06   .1001E-06   .0000E+00   .0000E+00   .0000E+00   .0000E+00
  18   -17.00        .000  .5000    .1000E+01   .0000E+00  -.1000E+01   .0000E+00      -1   -.100E+01   25.00   .2002E-06   .1001E-06   .0000E+00   .0000E+00   .0000E+00   .0000E+00
  19   -18.00        .000  .5000    .1000E+01   .0000E+00  -.1000E+01   .0000E+00      -1   -.100E+01   25.00   .2002E-06   .1001E-06   .0000E+00   .0000E+00   .0000E+00   .0000E+00
  20   -19.00        .000  .5000    .1000E+01   .0000E+00  -.1000E+01   .0000E+00      -1   -.100E+01   25.00   .2002E-06   .1001E-06   .0000E+00   .0000E+00   .0000E+00   .0000E+00
  21   -20.00        .000  .5000    .1000E+01   .0000E+00  -.1000E+01   .0000E+00      -1   -.100E+01   25.00   .2002E-06   .1001E-06   .0000E+00   .0000E+00   .0000E+00   .0000E+00
  22   -21.00        .000  .5000    .1000E+01   .0000E+00  -.1000E+01   .0000E+00      -1   -.100E+01   25.00   .2002E-06   .1001E-06   .0000E+00   .0000E+00   .0000E+00   .0000E+00
  23   -22.00        .000  .5000    .1000E+01   .0000E+00  -.1000E+01   .0000E+00      -1   -.100E+01   25.00   .2002E-06   .1001E-06   .0000E+00   .0000E+00   .0000E+00   .0000E+00
  24   -23.00        .000  .5000    .1000E+01   .0000E+00  -.1000E+01   .0000E+00      -1   -.100E+01   25.00   .2002E-06   .1001E-06   .0000E+00   .0000E+00   .0000E+00   .0000E+00
  25   -24.00        .000  .5000    .1000E+01   .0000E+00  -.1000E+01   .0000E+00      -1   -.100E+01   25.00   .2002E-06   .1001E-06   .0000E+00   .0000E+00   .0000E+00   .0000E+00
  26   -25.00        .000  .5000    .1000E+01   .0000E+00  -.1000E+01   .0000E+00      -1   -.100E+01   25.00   .2002E-06   .1001E-06   .0000E+00   .0000E+00   .0000E+00   .0000E+00
  27   -26.00        .000  .5000    .1000E+01   .0000E+00  -.1000E+01   .0000E+00      -1   -.100E+01   25.00   .2002E-06   .1001E-06   .0000E+00   .0000E+00   .0000E+00   .0000E+00
  28   -27.00        .000  .5000    .1000E+01   .0000E+00  -.1000E+01   .0000E+00      -1   -.100E+01   25.00   .2002E-06   .1001E-06   .0000E+00   .0000E+00   .0000E+00   .0000E+00
  29   -28.00        .000  .5000    .1000E+01   .0000E+00  -.1000E+01   .0000E+00      -1   -.100E+01   25.00   .2002E-06   .1001E-06   .0000E+00   .0000E+00   .0000E+00   .0000E+00
  30   -29.00        .000  .5000    .1000E+01   .0000E+00  -.1000E+01   .0000E+00      -1   -.100E+01   25.00   .2002E-06   .1001E-06   .0000E+00   .0000E+00   .0000E+00   .0000E+00
  31   -30.00        .000  .5000    .1000E+01   .0000E+00  -.1000E+01   .0000E+00      -1   -.100E+01   25.00   .2002E-06   .1001E-06   .0000E+00   .0000E+00   .0000E+00   .0000E+00
  32   -31.00        .000  .5000    .1000E+01   .0000E+00  -.1000E+01   .0000E+00      -1   -.100E+01   25.00   .2002E-06   .1001E-06   .0000E+00   .0000E+00   .0000E+00   .0000E+00
  33   -32.00        .000  .5000    .1000E+01   .0000E+00  -.1000E+01   .0000E+00      -1   -.100E+01   25.00   .2002E-06   .1001E-06   .0000E+00   .0000E+00   .0000E+00   .0000E+00
  34   -33.00        .000  .5000    .1000E+01   .0000E+00  -.1000E+01   .0000E+00      -1   -.100E+01   25.00   .2002E-06   .1001E-06   .0000E+00   .0000E+00   .0000E+00   .0000E+00
  35   -34.00        .000  .5000    .1000E+01   .0000E+00  -.1000E+01   .0000E+00      -1   -.100E+01   25.00   .2002E-06   .1001E-06   .0000E+00   .0000E+00   .0000E+00   .0000E+00
  36   -35.00        .000  .5000    .1000E+01   .0000E+00  -.1000E+01   .0000E+00      -1   -.100E+01   25.00   .2002E-06   .1001E-06   .0000E+00   .0000E+00   .0000E+00   .0000E+00
  37   -36.00        .000  .5000    .1000E+01   .0000E+00  -.1000E+01   .0000E+00      -1   -.100E+01   25.00   .2002E-06   .1001E-06   .0000E+00   .0000E+00   .0000E+00   .0000E+00
  38   -37.00        .000  .5000    .1000E+01   .0000E+00  -.1000E+01   .0000E+00      -1   -.100E+01   25.00   .2002E-06   .1001E-06   .0000E+00   .0000E+00   .0000E+00   .0000E+00
  39   -38.00        .000  .5000    .1000E+01   .0000E+00  -.1000E+01   .0000E+00      -1   -.100E+01   25.00   .2002E-06   .1001E-06   .0000E+00   .0000E+00   .0000E+00   .0000E+00
  40   -39.00        .000  .5000    .1000E+01   .0000E+00  -.1000E+01   .0000E+00      -1   -.100E+01   25.00   .2002E-06   .1001E-06   .0000E+00   .0000E+00   .0000E+00   .0000E+00
  41   -40.00        .000  .5000    .1000E+01   .0000E+00  -.1000E+01   .0000E+00      -1   -.100E+01   25.00   .2002E-06   .1001E-06   .0000E+00   .0000E+00   .0000E+00   .0000E+00
  42   -41.00        .000  .5000    .1000E+01   .0000E+00  -.1000E+01   .0000E+00      -1   -.100E+01   25.00   .2002E-06   .1001E-06   .0000E+00   .0000E+00   .0000E+00   .0000E+00
  43   -42.00        .000  .5000    .1000E+01   .0000E+00  -.1000E+01   .0000E+00      -1   -.100E+01   25.00   .2002E-06   .1001E-06   .0000E+00   .0000E+00   .0000E+00   .0000E+00
  44   -43.00        .000  .5000    .1000E+01   .0000E+00  -.1000E+01   .0000E+00      -1   -.100E+01   25.00   .2002E-06   .1001E-06   .0000E+00   .0000E+00   .0000E+00   .0000E+00
  45   -44.00        .000  .5000    .1000E+01   .0000E+00  -.1000E+01   .0000E+00      -1   -.100E+01   25.00   .2002E-06   .1001E-06   .0000E+00   .0000E+00   .0000E+00   .0000E+00
  46   -45.00        .000  .5000    .1000E+01   .0000E+00  -.1000E+01   .0000E+00      -1   -.100E+01   25.00   .2002E-06   .1001E-06   .0000E+00   .0000E+00   .0000E+00   .0000E+00
  47   -46.00        .000  .5000    .1000E+01   .0000E+00  -.1000E+01   .0000E+00      -1   -.100E+01   25.00   .2002E-06   .1001E-06   .0000E+00   .0000E+00   .0000E+00   .0000E+00
  48   -47.00        .000  .5000    .1000E+01   .0000E+00  -.1000E+01   .0000E+00      -1   -.100E+01   25.00   .2002E-06   .1001E-06   .0000E+00   .0000E+00   .0000E+00   .0000E+00
  49   -48.00        .000  .5000    .1000E+01   .0000E+00  -.1000E+01   .0000E+00      -1   -.100E+01   25.00   .2002E-06   .1001E-06   .0000E+00   .0000E+00   .0000E+00   .0000E+00
  50   -49.00        .000  .5000    .1000E+01   .0000E+00  -.1000E+01   .0000E+00      -1   -.100E+01   25.00   .2002E-06   .1001E-06   .0000E+00   .0000E+00   .0000E+00   .0000E+00
  51   -50.00        .000  .5000    .1000E+01   .0000E+00  -.1000E+01   .0000E+00      -1   -.100E+01   25.00   .2002E-06   .1001E-06   .0000E+00   .0000E+00   .0000E+00   .0000E+00
  52   -51.00        .000  .5000    .1000E+01   .0000E+00  -.1000E+01   .0000E+00      -1   -.100E+01   25.00   .2002E-06   .1001E-06   .0000E+00   .0000E+00   .0000E+00   .0000E+00
  53   -52.00        .000  .5000    .1000E+01   .0000E+00  -.1000E+01   .0000E+00      -1   -.100E+01   25.00   .2002E-06   .1001E-06   .0000E+00   .0000E+00   .0000E+00   .0000E+00
  54   -53.00        .000  .5000    .1000E+01   .0000E+00  -.1000E+01   .0000E+00      -1   -.100E+01   25.00   .2002E-06   .1001E-06   .0000E+00   .0000E+00   .0000E+00   .0000E+00
  55   -54.00        .000  .5000    .1000E+01   .0000E+00  -.1000E+01   .0000E+00      -1   -.100E+01   25.00   .2002E-06   .1001E-06   .0000E+00   .0000E+00   .0000E+00   .0000E+00
  56   -55.00        .000  .5000    .1000E+01   .0000E+00  -.1000E+01   .0000E+00      -1   -.100E+01   25.00   .2002E-06   .1001E-06   .0000E+00   .0000E+00   .0000E+00   .0000E+00
  57   -56.00        .000  .5000    .1000E+01   .0000E+00  -.1000E+01   .0000E+00      -1   -.100E+01   25.00   .2002E-06   .1001E-06   .0000E+00   .0000E+00   .0000E+00   .0000E+00
  58   -57.00        .000  .5000    .1000E+01   .0000E+00  -.1000E+01   .0000E+00      -1   -.100E+01   25.00   .2002E-06   .1001E-06   .0000E+00   .0000E+00   .0000E+00   .0000E+00
  59   -58.00        .000  .5000    .1000E+01   .0000E+00  -.1000E+01   .0000E+00      -1   -.100E+01   25.00   .2002E-06   .1001E-06   .0000E+00   .0000E+00   .0000E+00   .0000E+00
  60   -59.00        .000  .5000    .1000E+01   .0000E+00  -.1000E+01   .0000E+00      -1   -.100E+01   25.00   .2002E-06   .1001E-06   .0000E+00   .0000E+00   .0000E+00   .0000E+00
  61   -60.00        .000  .5000    .1000E+01   .0000E+00  -.1000E+01   .0000E+00      -1   -.100E+01   25.00   .2002E-06   .1001E-06   .0000E+00   .0000E+00   .0000E+00   .0000E+00
  62   -61.00        .000  .5000    .1000E+01   .0000E+00  -.1000E+01   .0000E+00      -1   -.100E+01   25.00   .2002E-06   .1001E-06   .0000E+00   .0000E+00   .0000E+00   .0000E+00
  63   -62.00        .000  .5000    .1000E+01   .0000E+00  -.1000E+01   .0000E+00      -1   -.100E+01   25.00   .2002E-06   .1001E-06   .0000E+00   .0000E+00   .0000E+00   .0000E+00
  64   -63.00        .000  .5000    .1000E+01   .0000E+00  -.1000E+01   .0000E+00      -1   -.100E+01   25.00   .2002E-06   .1001E-06   .0000E+00   .0000E+00   .0000E+00   .0000E+00
  65   -64.00        .000  .5000    .1000E+01   .0000E+00  -.1000E+01   .0000E+00      -1   -.100E+01   25.00   .2002E-06   .1001E-06   .0000E+00   .0000E+00   .0000E+00   .0000E+00
  66   -65.00        .000  .5000    .1000E+01   .0000E+00  -.1000E+01   .0000E+00      -1   -.100E+01   25.00   .2002E-06   .1001E-06   .0000E+00   .0000E+00   .0000E+00   .0000E+00
  67   -66.00        .000  .5000    .1000E+01   .0000E+00  -.1000E+01   .0000E+00      -1   -.100E+01   25.00   .2002E-06   .1001E-06   .0000E+00   .0000E+00   .0000E+00   .0000E+00
  68   -67.00        .000  .5000    .1000E+01   .0000E+00  -.1000E+01   .0000E+00      -1   -.100E+01   25.00   .2002E-06   .1001E-06   .0000E+00   .0000E+00   .0000E+00   .0000E+00
  69   -68.00        .000  .5000    .1000E+01   .0000E+00  -.1000E+01   .0000E+00      -1   -.100E+01   25.00   .2002E-06   .1001E-06   .0000E+00   .0000E+00   .0000E+00   .0000E+00
  70   -69.00        .000  .5000    .1000E+01   .0000E+00  -.1000E+01   .0000E+00      -1   -.100E+01   25.00   .2002E-06   .1001E-06   .0000E+00   .0000E+00   .0000E+00   .0000E+00
  71   -70.00        .000  .5000    .1000E+01   .0000E+00  -.1000E+01   .0000E+00      -1   -.100E+01   25.00   .2002E-06   .1001E-06   .0000E+00   .0000E+00   .0000E+00   .0000E+00
  72   -71.00        .000  .5000    .1000E+01   .0000E+00  -.1000E+01   .0000E+00      -1   -.100E+01   25.00   .2002E-06   .1001E-06   .0000E+00   .0000E+00   .0000E+00   .0000E+00
  73   -72.00        .000  .5000    .1000E+01   .0000E+00  -.1000E+01   .0000E+00      -1   -.100E+01   25.00   .2002E-06   .1001E-06   .0000E+00   .0000E+00   .0000E+00   .0000E+00
  74   -73.00        .000  .5000    .1000E+01   .0000E+00  -.1000E+01   .0000E+00      -1   -.100E+01   25.00   .2002E-06   .1001E-06   .0000E+00   .0000E+00   .0000E+00   .0000E+00
  75   -74.00        .000  .5000    .1000E+01   .0000E+00  -.1000E+01   .0000E+00      -1   -.100E+01   25.00   .2002E-06   .1001E-06   .0000E+00   .0000E+00   .0000E+00   .0000E+00
  76   -75.00        .000  .5000    .1000E+01   .0000E+00  -.1000E+01   .0000E+00      -1   -.100E+01   25.00   .2002E-06   .1001E-06   .0000E+00   .0000E+00   .0000E+00   .0000E+00
  77   -76.00        .000  .5000    .1000E+01   .0000E+00  -.1000E+01   .0000E+00      -1   -.100E+01   25.00   .2002E-06   .1001E-06   .0000E+00   .0000E+00   .0000E+00   .0000E+00
  78   -77.00        .000  .5000    .1000E+01   .0000E+00  -.1000E+01   .0000E+00      -1   -.100E+01   25.00   .2002E-06   .1001E-06   .0000E+00   .0000E+00   .0000E+00   .0000E+00
  79   -78.00        .000  .5000    .1000E+01   .0000E+00  -.1000E+01   .0000E+00      -1   -.100E+01   25.00   .2002E-06   .1001E-06   .0000E+00   .0000E+00   .0000E+00   .0000E+00
  80   -79.00        .000  .5000    .1000E+01   .0000E+00  -.1000E+01   .0000E+00      -1   -.100E+01   25.00   .2002E-06   .1001E-06   .0000E+00   .0000E+00   .0000E+00   .0000E+00
  81   -80.00        .000  .5000    .1000E+01   .0000E+00  -.1000E+01   .0000E+00      -1   -.100E+01   25.00   .2002E-06   .1001E-06   .0000E+00   .0000E+00   .0000E+00   .0000E+00
  82   -81.00        .000  .5000    .1000E+01   .0000E+00  -.1000E+01   .0000E+00      -1   -.100E+01   25.00   .2002E-06   .1001E-06   .0000E+00   .0000E+00   .0000E+00   .0000E+00
  83   -82.00        .000  .5000    .1000E+01   .0000E+00  -.1000E+01   .0000E+00      -1   -.100E+01   25.00   .2002E-06   .1001E-06   .0000E+00   .0000E+00   .0000E+00   .0000E+00
  84   -83.00        .000  .5000    .1000E+01   .0000E+00  -.1000E+01   .0000E+00      -1   -.100E+01   25.00   .2002E-06   .1001E-06   .0000E+00   .0000E+00   .0000E+00   .0000E+00
  85   -84.00        .000  .5000    .1000E+01   .0000E+00  -.1000E+01   .0000E+00      -1   -.100E+01   25.00   .2002E-06   .1001E-06   .0000E+00   .0000E+00   .0000E+00   .0000E+00
  86   -85.00        .000  .5000    .1000E+01   .0000E+00  -.1000E+01   .0000E+00      -1   -.100E+01   25.00   .2002E-06   .1001E-06   .0000E+00   .0000E+00   .0000E+00   .0000E+00
  87   -86.00        .000  .5000    .1000E+01   .0000E+00  -.1000E+01   .0000E+00      -1   -.100E+01   25.00   .2002E-06   .1001E-06   .0000E+00   .0000E+00   .0000E+00   .0000E+00
  88   -87.00        .000  .5000    .1000E+01   .0000E+00  -.1000E+01   .0000E+00      -1   -.100E+01   25.00   .2002E-06   .1001E-06   .0000E+00   .0000E+00   .0000E+00   .0000E+00
  89   -88.00        .000  .5000    .1000E+01   .0000E+00  -.1000E+01   .0000E+00      -1   -.100E+01   25.00   .2002E-06   .1001E-06   .0000E+00   .0000E+00   .0000E+00   .0000E+00
  90   -89.00        .000  .5000    .1000E+01   .0000E+00  -.1000E+01   .0000E+00      -1   -.100E+01   25.00   .2002E-06   .1001E-06   .0000E+00   .0000E+00   .0000E+00   .0000E+00
  91   -90.00        .000  .5000    .1000E+01   .0000E+00  -.1000E+01   .0000E+00      -1   -.100E+01   25.00   .2002E-06   .1001E-06   .0000E+00   .0000E+00   .0000E+00   .0000E+00
  92   -91.00        .000  .5000    .1000E+01   .0000E+00  -.1000E+01   .0000E+00      -1   -.100E+01   25.00   .2002E-06   .1001E-06   .0000E+00   .0000E+00   .0000E+00   .0000E+00
  93   -92.00        .000  .5000    .1000E+01   .0000E+00  -.1000E+01   .0000E+00      -1   -.100E+01   25.00   .2002E-06   .1001E-06   .0000E+00   .0000E+00   .0000E+00   .0000E+00
  94   -93.00        .000  .5000    .1000E+01   .0000E+00  -.1000E+01   .0000E+00      -1   -.100E+01   25.00   .2002E-06   .1001E-06   .0000E+00   .0000E+00   .0000E+00   .0000E+00
  95   -94.00        .000  .5000    .1000E+01   .0000E+00  -.1000E+01   .0000E+00      -1   -.100E+01   25.00   .2002E-06   .1001E-06   .0000E+00   .0000E+00   .0000E+00   .0000E+00
  96   -95.00        .000  .5000    .1000E+01   .0000E+00  -.1000E+01   .0000E+00      -1   -.100E+01   25.00   .2002E-06   .1001E-06   .0000E+00   .0000E+00   .0000E+00   .0000E+00
  97   -96.00        .000  .5000    .1000E+01   .0000E+00  -.1000E+01   .0000E+00      -1   -.100E+01   25.00   .2002E-06   .1001E-06   .0000E+00   .0000E+00   .0000E+00   .0000E+00
  98   -97.00        .000  .5000    .1000E+01   .0000E+00  -.1000E+01   .0000E+00      -1   -.100E+01   25.00   .2002E-06   .1001E-06   .0000E+00   .0000E+00   .0000E+00   .0000E+00
  99   -98.00        .000  .5000    .1000E+01   .0000E+00  -.1000E+01   .0000E+00      -1   -.100E+01   25.00   .2002E-06   .1001E-06   .0000E+00   .0000E+00   .0000E+00   .0000E+00
 100   -99.00        .000  .5000    .1000E+01   .0000E+00  -.1000E+01   .0000E+00      -1   -.100E+01   25.00   .2002E-06   .1001E-06   .0000E+00   .0000E+00   .0000E+00   .0000E+00
 101  -100.00        .000  .5000    .1000E+01   .0000E+00  -.1000E+01   .0000E+00      -1   -.100E+01   25.00   .2002E-06   .1001E-06   .0000E+00   .0000E+00   .0000E+00   .0000E+00
end


 Time:      250.0000


 Node    Depth      Head Moisture       K          C         Flux        Sink         Kappa   v/KsTop   Temp
         [L]       [L]     [-]        [L/T]      [1/L]      [L/T]        [1/T]         [-]      [-]      [C]

   1      .00        .000  .5000    .1000E+01   .0000E+00  -.1000E+01   .0000E+00      -1   -.100E+01   25.00   .2002E-06   .9930E-07   .9892E+00   .0000E+00   .0000E+00   .0000E+00
   2    -1.00        .000  .5000    .1000E+01   .0000E+00  -.1000E+01   .0000E+00      -1   -.100E+01   25.00   .2002E-06   .9931E-07   .9795E+00   .0000E+00   .0000E+00   .0000E+00
   3    -2.00        .000  .5000    .1000E+01   .0000E+00  -.1000E+01   .0000E+00      -1   -.100E+01   25.00   .2002E-06   .9932E-07   .9698E+00   .0000E+00   .0000E+00   .0000E+00
   4    -3.00        .000  .5000    .1000E+01   .0000E+00  -.1000E+01   .0000E+00      -1   -.100E+01   25.00   .2002E-06   .9932E-07   .9603E+00   .0000E+00   .0000E+00   .0000E+00
   5    -4.00        .000  .5000    .1000E+01   .0000E+00  -.1000E+01   .0000E+00      -1   -.100E+01   25.00   .2003E-06   .9933E-07   .9508E+00   .0000E+00   .0000E+00   .0000E+00
   6    -5.00        .000  .5000    .1000E+01   .0000E+00  -.1000E+01   .0000E+00      -1   -.100E+01   25.00   .2003E-06   .9934E-07   .9415E+00   .0000E+00   .0000E+00   .0000E+00
   7    -6.00        .000  .5000    .1000E+01   .0000E+00  -.1000E+01   .0000E+00      -1   -.100E+01   25.00   .2003E-06   .9935E-07   .9322E+00   .0000E+00   .0000E+00   .0000E+00
   8    -7.00        .000  .5000    .1000E+01   .0000E+00  -.1000E+01   .0000E+00      -1   -.100E+01   25.00   .2003E-06   .9936E-07   .9229E+00   .0000E+00   .0000E+00   .0000E+00
   9    -8.00        .000  .5000    .1000E+01   .0000E+00  -.1000E+01   .0000E+00      -1   -.100E+01   25.00   .2003E-06   .9936E-07   .9138E+00   .0000E+00   .0000E+00   .0000E+00
  10    -9.00        .000  .5000    .1000E+01   .0000E+00  -.1000E+01   .0000E+00      -1   -.100E+01   25.00   .2003E-06   .9937E-07   .9046E+00   .0000E+00   .0000E+00   .0000E+00
  11   -10.00        .000  .5000    .1000E+01   .0000E+00  -.1000E+01   .0000E+00      -1   -.100E+01   25.00   .2004E-06   .9938E-07   .8955E+00   .0000E+00   .0000E+00   .0000E+00
  12   -11.00        .000  .5000    .1000E+01   .0000E+00  -.1000E+01   .0000E+00      -1   -.100E+01   25.00   .2004E-06   .9939E-07   .8864E+00   .0000E+00   .0000E+00   .0000E+00
  13   -12.00        .000  .5000    .1000E+01   .0000E+00  -.1000E+01   .0000E+00      -1   -.100E+01   25.00   .2004E-06   .9940E-07   .8772E+00   .0000E+00   .0000E+00   .0000E+00
  14   -13.00        .000  .5000    .1000E+01   .0000E+00  -.1000E+01   .0000E+00      -1   -.100E+01   25.00   .2004E-06   .9940E-07   .8678E+00   .0000E+00   .0000E+00   .0000E+00
  15   -14.00        .000  .5000    .1000E+01   .0000E+00  -.1000E+01   .0000E+00      -1   -.100E+01   25.00   .2004E-06   .9941E-07   .8582E+00   .0000E+00   .0000E+00   .0000E+00
  16   -15.00        .000  .5000    .1000E+01   .0000E+00  -.1000E+01   .0000E+00      -1   -.100E+01   25.00   .2004E-06   .9942E-07   .8482E+00   .0000E+00   .0000E+00   .0000E+00
  17   -16.00        .000  .5000    .1000E+01   .0000E+00  -.1000E+01   .0000E+00      -1   -.100E+01   25.00   .2005E-06   .9943E-07   .8377E+00   .0000E+00   .0000E+00   .0000E+00
  18   -17.00        .000  .5000    .1000E+01   .0000E+00  -.1000E+01   .0000E+00      -1   -.100E+01   25.00   .2005E-06   .9944E-07   .8263E+00   .0000E+00   .0000E+00   .0000E+00
  19   -18.00        .000  .5000    .1000E+01   .0000E+00  -.1000E+01   .0000E+00      -1   -.100E+01   25.00   .2005E-06   .9945E-07   .8139E+00   .0000E+00   .0000E+00   .0000E+00
  20   -19.00        .000  .5000    .1000E+01   .0000E+00  -.1000E+01   .0000E+00      -1   -.100E+01   25.00   .2005E-06   .9946E-07   .8001E+00   .0000E+00   .0000E+00   .0000E+00
  21   -20.00        .000  .5000    .1000E+01   .0000E+00  -.1000E+01   .0000E+00      -1   -.100E+01   25.00   .2005E-06   .9948E-07   .7845E+00   .0000E+00   .0000E+00   .0000E+00
  22   -21.00        .000  .5000    .1000E+01   .0000E+00  -.1000E+01   .0000E+00      -1   -.100E+01   25.00   .2006E-06   .9949E-07   .7665E+00   .0000E+00   .0000E+00   .0000E+00
  23   -22.00        .000  .5000    .1000E+01   .0000E+00  -.1000E+01   .0000E+00      -1   -.100E+01   25.00   .2006E-06   .9951E-07   .7456E+00   .0000E+00   .0000E+00   .0000E+00
  24   -23.00        .000  .5000    .1000E+01   .0000E+00  -.1000E+01   .0000E+00      -1   -.100E+01   25.00   .2007E-06   .9953E-07   .7213E+00   .0000E+00   .0000E+00   .0000E+00
  25   -24.00        .000  .5000    .1000E+01   .0000E+00  -.1000E+01   .0000E+00      -1   -.100E+01   25.00   .2007E-06   .9955E-07   .6928E+00   .0000E+00   .0000E+00   .0000E+00
  26   -25.00        .000  .5000    .1000E+01   .0000E+00  -.1000E+01   .0000E+00      -1   -.100E+01   25.00   .2008E-06   .9958E-07   .6596E+00   .0000E+00   .0000E+00   .0000E+00
  27   -26.00        .000  .5000    .1000E+01   .0000E+00  -.1000E+01   .0000E+00      -1   -.100E+01   25.00   .2008E-06   .9962E-07   .6209E+00   .0000E+00   .0000E+00   .0000E+00
  28   -27.00        .000  .5000    .1000E+01   .0000E+00  -.1000E+01   .0000E+00      -1   -.100E+01   25.00   .2009E-06   .9965E-07   .5765E+00   .0000E+00   .0000E+00   .0000E+00
  29   -28.00        .000  .5000    .1000E+01   .0000E+00  -.1000E+01   .0000E+00      -1   -.100E+01   25.00   .2010E-06   .9970E-07   .5262E+00   .0000E+00   .0000E+00   .0000E+00
  30   -29.00        .000  .5000    .1000E+01   .0000E+00  -.1000E+01   .0000E+00      -1   -.100E+01   25.00   .2011E-06   .9974E-07   .4700E+00   .0000E+00   .0000E+00   .0000E+00
  31   -30.00        .000  .5000    .1000E+01   .0000E+00  -.1000E+01   .0000E+00      -1   -.100E+01   25.00   .2012E-06   .9980E-07   .4089E+00   .0000E+00   .0000E+00   .0000E+00
  32   -31.00        .000  .5000    .1000E+01   .0000E+00  -.1000E+01   .0000E+00      -1   -.100E+01   25.00   .2013E-06   .9985E-07   .3442E+00   .0000E+00   .0000E+00   .0000E+00
  33   -32.00        .000  .5000    .1000E+01   .0000E+00  -.1000E+01   .0000E+00      -1   -.100E+01   25.00   .2014E-06   .9991E-07   .2780E+00   .0000E+00   .0000E+00   .0000E+00
  34   -33.00        .000  .5000    .1000E+01   .0000E+00  -.1000E+01   .0000E+00      -1   -.100E+01   25.00   .2015E-06   .9996E-07   .2133E+00   .0000E+00   .0000E+00   .0000E+00
  35   -34.00        .000  .5000    .1000E+01   .0000E+00  -.1000E+01   .0000E+00      -1   -.100E+01   25.00   .2016E-06   .1000E-06   .1533E+00   .0000E+00   .0000E+00   .0000E+00
  36   -35.00        .000  .5000    .1000E+01   .0000E+00  -.1000E+01   .0000E+00      -1   -.100E+01   25.00   .2017E-06   .1001E-06   .1015E+00   .0000E+00   .0000E+00   .0000E+00
  37   -36.00        .000  .5000    .1000E+01   .0000E+00  -.1000E+01   .0000E+00      -1   -.100E+01   25.00   .2018E-06   .1001E-06   .6052E-01   .0000E+00   .0000E+00   .0000E+00
  38   -37.00        .000  .5000    .1000E+01   .0000E+00  -.1000E+01   .0000E+00      -1   -.100E+01   25.00   .2018E-06   .1001E-06   .3161E-01   .0000E+00   .0000E+00   .0000E+00
  39   -38.00        .000  .5000    .1000E+01   .0000E+00  -.1000E+01   .0000E+00      -1   -.100E+01   25.00   .2019E-06   .1001E-06   .1398E-01   .0000E+00   .0000E+00   .0000E+00
  40   -39.00        .000  .5000    .1000E+01   .0000E+00  -.1000E+01   .0000E+00      -1   -.100E+01   25.00   .2019E-06   .1001E-06   .5042E-02   .0000E+00   .0000E+00   .0000E+00
  41   -40.00        .000  .5000    .1000E+01   .0000E+00  -.1000E+01   .0000E+00      -1   -.100E+01   25.00   .2019E-06   .1001E-06   .1432E-02   .0000E+00   .0000E+00   .0000E+00
  42   -41.00        .000  .5000    .1000E+01   .0000E+00  -.1000E+01   .0000E+00      -1   -.100E+01   25.00   .2019E-06   .1001E-06   .3127E-03   .0000E+00   .0000E+00   .0000E+00
  43   -42.00        .000  .5000    .1000E+01   .0000E+00  -.1000E+01   .0000E+00      -1   -.100E+01   25.00   .2019E-06   .1001E-06   .5239E-04   .0000E+00   .0000E+00   .0000E+00
  44   -43.00        .000  .5000    .1000E+01   .0000E+00  -.1000E+01   .0000E+00      -1   -.100E+01   25.00   .2019E-06   .1001E-06   .6887E-05   .0000E+00   .0000E+00   .0000E+00
  45   -44.00        .000  .5000    .1000E+01   .0000E+00  -.1000E+01   .0000E+00      -1   -.100E+01   25.00   .2019E-06   .1001E-06   .7418E-06   .0000E+00   .0000E+00   .0000E+00
  46   -45.00        .000  .5000    .1000E+01   .0000E+00  -.1000E+01   .0000E+00      -1   -.100E+01   25.00   .2019E-06   .1001E-06   .6884E-07   .0000E+00   .0000E+00   .0000E+00
  47   -46.00        .000  .5000    .1000E+01   .0000E+00  -.1000E+01   .0000E+00      -1   -.100E+01   25.00   .2019E-06   .1001E-06   .5763E-08   .0000E+00   .0000E+00   .0000E+00
  48   -47.00        .000  .5000    .1000E+01   .0000E+00  -.1000E+01   .0000E+00      -1   -.100E+01   25.00   .2019E-06   .1001E-06   .4513E-09   .0000E+00   .0000E+00   .0000E+00
  49   -48.00        .000  .5000    .1000E+01   .0000E+00  -.1000E+01   .0000E+00      -1   -.100E+01   25.00   .2019E-06   .1001E-06   .3389E-10   .0000E+00   .0000E+00   .0000E+00
  50   -49.00        .000  .5000    .1000E+01   .0000E+00  -.1000E+01   .0000E+00      -1   -.100E+01   25.00   .2019E-06   .1001E-06   .2483E-11   .0000E+00   .0000E+00   .0000E+00
  51   -50.00        .000  .5000    .1000E+01   .0000E+00  -.1000E+01   .0000E+00      -1   -.100E+01   25.00   .2019E-06   .1001E-06   .1791E-12   .0000E+00   .0000E+00   .0000E+00
  52   -51.00        .000  .5000    .1000E+01   .0000E+00  -.1000E+01   .0000E+00      -1   -.100E+01   25.00   .2019E-06   .1001E-06   .1282E-13   .0000E+00   .0000E+00   .0000E+00
  53   -52.00        .000  .5000    .1000E+01   .0000E+00  -.1000E+01   .0000E+00      -1   -.100E+01   25.00   .2019E-06   .1001E-06   .9123E-15   .0000E+00   .0000E+00   .0000E+00
  54   -53.00        .000  .5000    .1000E+01   .0000E+00  -.1000E+01   .0000E+00      -1   -.100E+01   25.00   .2019E-06   .1001E-06   .6477E-16   .0000E+00   .0000E+00   .0000E+00
  55   -54.00        .000  .5000    .1000E+01   .0000E+00  -.1000E+01   .0000E+00      -1   -.100E+01   25.00   .2019E-06   .1001E-06   .4591E-17   .0000E+00   .0000E+00   .0000E+00
  56   -55.00        .000  .5000    .1000E+01   .0000E+00  -.1000E+01   .0000E+00      -1   -.100E+01   25.00   .2019E-06   .1001E-06   .3251E-18   .0000E+00   .0000E+00   .0000E+00
  57   -56.00        .000  .5000    .1000E+01   .0000E+00  -.1000E+01   .0000E+00      -1   -.100E+01   25.00   .2019E-06   .1001E-06   .2302E-19   .0000E+00   .0000E+00   .0000E+00
  58   -57.00        .000  .5000    .1000E+01   .0000E+00  -.1000E+01   .0000E+00      -1   -.100E+01   25.00   .2019E-06   .1001E-06   .1630E-20   .0000E+00   .0000E+00   .0000E+00
  59   -58.00        .000  .5000    .1000E+01   .0000E+00  -.1000E+01   .0000E+00      -1   -.100E+01   25.00   .2019E-06   .1001E-06   .1161E-21   .0000E+00   .0000E+00   .0000E+00
  60   -59.00        .000  .5000    .1000E+01   .0000E+00  -.1000E+01   .0000E+00      -1   -.100E+01   25.00   .2019E-06   .1001E-06   .8684E-23   .0000E+00   .0000E+00   .0000E+00
  61   -60.00        .000  .5000    .1000E+01   .0000E+00  -.1000E+01   .0000E+00      -1   -.100E+01   25.00   .2019E-06   .1001E-06   .9012E-24   .0000E+00   .0000E+00   .0000E+00
  62   -61.00        .000  .5000    .1000E+01   .0000E+00  -.1000E+01   .0000E+00      -1   -.100E+01   25.00   .2019E-06   .1001E-06   .2725E-24   .0000E+00   .0000E+00   .0000E+00
  63   -62.00        .000  .5000    .1000E+01   .0000E+00  -.1000E+01   .0000E+00      -1   -.100E+01   25.00   .2019E-06   .1001E-06   .2085E-24   .0000E+00   .0000E+00   .0000E+00
  64   -63.00        .000  .5000    .1000E+01   .0000E+00  -.1000E+01   .0000E+00      -1   -.100E+01   25.00   .2019E-06   .1001E-06   .2010E-24   .0000E+00   .0000E+00   .0000E+00
  65   -64.00        .000  .5000    .1000E+01   .0000E+00  -.1000E+01   .0000E+00      -1   -.100E+01   25.00   .2019E-06   .1001E-06   .2001E-24   .0000E+00   .0000E+00   .0000E+00
  66   -65.00        .000  .5000    .1000E+01   .0000E+00  -.1000E+01   .0000E+00      -1   -.100E+01   25.00   .2019E-06   .1001E-06   .1225E-23   .0000E+00   .0000E+00   .0000E+00
  67   -66.00        .000  .5000    .1000E+01   .0000E+00  -.1000E+01   .0000E+00      -1   -.100E+01   25.00   .2019E-06   .1001E-06   .1473E-23   .0000E+00   .0000E+00   .0000E+00
  68   -67.00        .000  .5000    .1000E+01   .0000E+00  -.1000E+01   .0000E+00      -1   -.100E+01   25.00   .2019E-06   .1001E-06   .1395E-23   .0000E+00   .0000E+00   .0000E+00
  69   -68.00        .000  .5000    .1000E+01   .0000E+00  -.1000E+01   .0000E+00      -1   -.100E+01   25.00   .2019E-06   .1001E-06   .1269E-23   .0000E+00   .0000E+00   .0000E+00
  70   -69.00        .000  .5000    .1000E+01   .0000E+00  -.1000E+01   .0000E+00      -1   -.100E+01   25.00   .2019E-06   .1001E-06   .1150E-23   .0000E+00   .0000E+00   .0000E+00
  71   -70.00        .000  .5000    .1000E+01   .0000E+00  -.1000E+01   .0000E+00      -1   -.100E+01   25.00   .2019E-06   .1001E-06   .1044E-23   .0000E+00   .0000E+00   .0000E+00
  72   -71.00        .000  .5000    .1000E+01   .0000E+00  -.1000E+01   .0000E+00      -1   -.100E+01   25.00   .2019E-06   .1001E-06   .9488E-24   .0000E+00   .0000E+00   .0000E+00
  73   -72.00        .000  .5000    .1000E+01   .0000E+00  -.1000E+01   .0000E+00      -1   -.100E+01   25.00   .2019E-06   .1001E-06   .8646E-24   .0000E+00   .0000E+00   .0000E+00
  74   -73.00        .000  .5000    .1000E+01   .0000E+00  -.1000E+01   .0000E+00      -1   -.100E+01   25.00   .2019E-06   .1001E-06   .7899E-24   .0000E+00   .0000E+00   .0000E+00
  75   -74.00        .000  .5000    .1000E+01   .0000E+00  -.1000E+01   .0000E+00      -1   -.100E+01   25.00   .2019E-06   .1001E-06   .7235E-24   .0000E+00   .0000E+00   .0000E+00
  76   -75.00        .000  .5000    .1000E+01   .0000E+00  -.1000E+01   .0000E+00      -1   -.100E+01   25.00   .2019E-06   .1001E-06   .6645E-24   .0000E+00   .0000E+00   .0000E+00
  77   -76.00        .000  .5000    .1000E+01   .0000E+00  -.1000E+01   .0000E+00      -1   -.100E+01   25.00   .2019E-06   .1001E-06   .6121E-24   .0000E+00   .0000E+00   .0000E+00
  78   -77.00        .000  .5000    .1000E+01   .0000E+00  -.1000E+01   .0000E+00      -1   -.100E+01   25.00   .2019E-06   .1001E-06   .5656E-24   .0000E+00   .0000E+00   .0000E+00
  79   -78.00        .000  .5000    .1000E+01   .0000E+00  -.1000E+01   .0000E+00      -1   -.100E+01   25.00   .2019E-06   .1001E-06   .5243E-24   .0000E+00   .0000E+00   .0000E+00
  80   -79.00        .000  .5000    .1000E+01   .0000E+00  -.1000E+01   .0000E+00      -1   -.100E+01   25.00   .2019E-06   .1001E-06   .4876E-24   .0000E+00   .0000E+00   .0000E+00
  81   -80.00        .000  .5000    .1000E+01   .0000E+00  -.1000E+01   .0000E+00      -1   -.100E+01   25.00   .2019E-06   .1001E-06   .4550E-24   .0000E+00   .0000E+00   .0000E+00
  82   -81.00        .000  .5000    .1000E+01   .0000E+00  -.1000E+01   .0000E+00      -1   -.100E+01   25.00   .2019E-06   .1001E-06   .4260E-24   .0000E+00   .0000E+00   .0000E+00
  83   -82.00        .000  .5000    .1000E+01   .0000E+00  -.1000E+01   .0000E+00      -1   -.100E+01   25.00   .2019E-06   .1001E-06   .4003E-24   .0000E+00   .0000E+00   .0000E+00
  84   -83.00        .000  .5000    .1000E+01   .0000E+00  -.1000E+01   .0000E+00      -1   -.100E+01   25.00   .2019E-06   .1001E-06   .3775E-24   .0000E+00   .0000E+00   .0000E+00
  85   -84.00        .000  .5000    .1000E+01   .0000E+00  -.1000E+01   .0000E+00      -1   -.100E+01   25.00   .2019E-06   .1001E-06   .3573E-24   .0000E+00   .0000E+00   .0000E+00
  86   -85.00        .000  .5000    .1000E+01   .0000E+00  -.1000E+01   .0000E+00      -1   -.100E+01   25.00   .2019E-06   .1001E-06   .3394E-24   .0000E+00   .0000E+00   .0000E+00
  87   -86.00        .000  .5000    .1000E+01   .0000E+00  -.1000E+01   .0000E+00      -1   -.100E+01   25.00   .2019E-06   .1001E-06   .3236E-24   .0000E+00   .0000E+00   .0000E+00
  88   -87.00        .000  .5000    .1000E+01   .0000E+00  -.1000E+01   .0000E+00      -1   -.100E+01   25.00   .2019E-06   .1001E-06   .3095E-24   .0000E+00   .0000E+00   .0000E+00
  89   -88.00        .000  .5000    .1000E+01   .0000E+00  -.1000E+01   .0000E+00      -1   -.100E+01   25.00   .2019E-06   .1001E-06   .2971E-24   .0000E+00   .0000E+00   .0000E+00
  90   -89.00        .000  .5000    .1000E+01   .0000E+00  -.1000E+01   .0000E+00      -1   -.100E+01   25.00   .2019E-06   .1001E-06   .2862E-24   .0000E+00   .0000E+00   .0000E+00
  91   -90.00        .000  .5000    .1000E+01   .0000E+00  -.1000E+01   .0000E+00      -1   -.100E+01   25.00   .2019E-06   .1001E-06   .2765E-24   .0000E+00   .0000E+00   .0000E+00
  92   -91.00        .000  .5000    .1000E+01   .0000E+00  -.1000E+01   .0000E+00      -1   -.100E+01   25.00   .2019E-06   .1001E-06   .2679E-24   .0000E+00   .0000E+00   .0000E+00
  93   -92.00        .000  .5000    .1000E+01   .0000E+00  -.1000E+01   .0000E+00      -1   -.100E+01   25.00   .2019E-06   .1001E-06   .2603E-24   .0000E+00   .0000E+00   .0000E+00
  94   -93.00        .000  .5000    .1000E+01   .0000E+00  -.1000E+01   .0000E+00      -1   -.100E+01   25.00   .2019E-06   .1001E-06   .2535E-24   .0000E+00   .0000E+00   .0000E+00
  95   -94.00        .000  .5000    .1000E+01   .0000E+00  -.1000E+01   .0000E+00      -1   -.100E+01   25.00   .2019E-06   .1001E-06   .2476E-24   .0000E+00   .0000E+00   .0000E+00
  96   -95.00        .000  .5000    .1000E+01   .0000E+00  -.1000E+01   .0000E+00      -1   -.100E+01   25.00   .2019E-06   .1001E-06   .2423E-24   .0000E+00   .0000E+00   .0000E+00
  97   -96.00        .000  .5000    .1000E+01   .0000E+00  -.1000E+01   .0000E+00      -1   -.100E+01   25.00   .2019E-06   .1001E-06   .2376E-24   .0000E+00   .0000E+00   .0000E+00
  98   -97.00        .000  .5000    .1000E+01   .0000E+00  -.1000E+01   .0000E+00      -1   -.100E+01   25.00   .2019E-06   .1001E-06   .2335E-24   .0000E+00   .0000E+00   .0000E+00
  99   -98.00        .000  .5000    .1000E+01   .0000E+00  -.1000E+01   .0000E+00      -1   -.100E+01   25.00   .2019E-06   .1001E-06   .2300E-24   .0000E+00   .0000E+00   .0000E+00
 100   -99.00        .000  .5000    .1000E+01   .0000E+00  -.1000E+01   .0000E+00      -1   -.100E+01   25.00   .2019E-06   .1001E-06   .2276E-24   .0000E+00   .0000E+00   .0000E+00
 101  -100.00        .000  .5000    .1000E+01   .0000E+00  -.1000E+01   .0000E+00      -1   -.100E+01   25.00   .2019E-06   .1001E-06   .2276E-24   .0000E+00   .0000E+00   .0000E+00
end


 Time:      500.0000


 Node    Depth      Head Moisture       K          C         Flux        Sink         Kappa   v/KsTop   Temp
         [L]       [L]     [-]        [L/T]      [1/L]      [L/T]        [1/T]         [-]      [-]      [C]

   1      .00        .000  .5000    .1000E+01   .0000E+00  -.1000E+01   .0000E+00      -1   -.100E+01   25.00   .2002E-06   .9930E-07   .9892E+00   .0000E+00   .0000E+00   .0000E+00
   2    -1.00        .000  .5000    .1000E+01   .0000E+00  -.1000E+01   .0000E+00      -1   -.100E+01   25.00   .2002E-06   .9931E-07   .9795E+00   .0000E+00   .0000E+00   .0000E+00
   3    -2.00        .000  .5000    .1000E+01   .0000E+00  -.1000E+01   .0000E+00      -1   -.100E+01   25.00   .2002E-06   .9932E-07   .9698E+00   .0000E+00   .0000E+00   .0000E+00
   4    -3.00        .000  .5000    .1000E+01   .0000E+00  -.1000E+01   .0000E+00      -1   -.100E+01   25.00   .2002E-06   .9932E-07   .9603E+00   .0000E+00   .0000E+00   .0000E+00
   5    -4.00        .000  .5000    .1000E+01   .0000E+00  -.1000E+01   .0000E+00      -1   -.100E+01   25.00   .2003E-06   .9933E-07   .9508E+00   .0000E+00   .0000E+00   .0000E+00
   6    -5.00        .000  .5000    .1000E+01   .0000E+00  -.1000E+01   .0000E+00      -1   -.100E+01   25.00   .2003E-06   .9934E-07   .9415E+00   .0000E+00   .0000E+00   .0000E+00
   7    -6.00        .000  .5000    .1000E+01   .0000E+00  -.1000E+01   .0000E+00      -1   -.100E+01   25.00   .2003E-06   .9935E-07   .9322E+00   .0000E+00   .0000E+00   .0000E+00
   8    -7.00        .000  .5000    .1000E+01   .0000E+00  -.1000E+01   .0000E+00      -1   -.100E+01   25.00   .2003E-06   .9936E-07   .9230E+00   .0000E+00   .0000E+00   .0000E+00
   9    -8.00        .000  .5000    .1000E+01   .0000E+00  -.1000E+01   .0000E+00      -1   -.100E+01   25.00   .2003E-06   .9936E-07   .9140E+00   .0000E+00   .0000E+00   .0000E+00
  10    -9.00        .000  .5000    .1000E+01   .0000E+00  -.1000E+01   .0000E+00      -1   -.100E+01   25.00   .2003E-06   .9937E-07   .9050E+00   .0000E+00   .0000E+00   .0000E+00
  11   -10.00        .000  .5000    .1000E+01   .0000E+00  -.1000E+01   .0000E+00      -1   -.100E+01   25.00   .2004E-06   .9938E-07   .8960E+00   .0000E+00   .0000E+00   .0000E+00
  12   -11.00        .000  .5000    .1000E+01   .0000E+00  -.1000E+01   .0000E+00      -1   -.100E+01   25.00   .2004E-06   .9939E-07   .8872E+00   .0000E+00   .0000E+00   .0000E+00
  13   -12.00        .000  .5000    .1000E+01   .0000E+00  -.1000E+01   .0000E+00      -1   -.100E+01   25.00   .2004E-06   .9939E-07   .8785E+00   .0000E+00   .0000E+00   .0000E+00
  14   -13.00        .000  .5000    .1000E+01   .0000E+00  -.1000E+01   .0000E+00      -1   -.100E+01   25.00   .2004E-06   .9940E-07   .8698E+00   .0000E+00   .0000E+00   .0000E+00
  15   -14.00        .000  .5000    .1000E+01   .0000E+00  -.1000E+01   .0000E+00      -1   -.100E+01   25.00   .2004E-06   .9941E-07   .8613E+00   .0000E+00   .0000E+00   .0000E+00
  16   -15.00        .000  .5000    .1000E+01   .0000E+00  -.1000E+01   .0000E+00      -1   -.100E+01   25.00   .2004E-06   .9942E-07   .8528E+00   .0000E+00   .0000E+00   .0000E+00
  17   -16.00        .000  .5000    .1000E+01   .0000E+00  -.1000E+01   .0000E+00      -1   -.100E+01   25.00   .2004E-06   .9942E-07   .8444E+00   .0000E+00   .0000E+00   .0000E+00
  18   -17.00        .000  .5000    .1000E+01   .0000E+00  -.1000E+01   .0000E+00      -1   -.100E+01   25.00   .2005E-06   .9943E-07   .8361E+00   .0000E+00   .0000E+00   .0000E+00
  19   -18.00        .000  .5000    .1000E+01   .0000E+00  -.1000E+01   .0000E+00      -1   -.100E+01   25.00   .2005E-06   .9944E-07   .8279E+00   .0000E+00   .0000E+00   .0000E+00
  20   -19.00        .000  .5000    .1000E+01   .0000E+00  -.1000E+01   .0000E+00      -1   -.100E+01   25.00   .2005E-06   .9945E-07   .8197E+00   .0000E+00   .0000E+00   .0000E+00
  21   -20.00        .000  .5000    .1000E+01   .0000E+00  -.1000E+01   .0000E+00      -1   -.100E+01   25.00   .2005E-06   .9945E-07   .8116E+00   .0000E+00   .0000E+00   .0000E+00
  22   -21.00        .000  .5000    .1000E+01   .0000E+00  -.1000E+01   .0000E+00      -1   -.100E+01   25.00   .2005E-06   .9946E-07   .8037E+00   .0000E+00   .0000E+00   .0000E+00
  23   -22.00        .000  .5000    .1000E+01   .0000E+00  -.1000E+01   .0000E+00      -1   -.100E+01   25.00   .2005E-06   .9947E-07   .7957E+00   .0000E+00   .0000E+00   .0000E+00
  24   -23.00        .000  .5000    .1000E+01   .0000E+00  -.1000E+01   .0000E+00      -1   -.100E+01   25.00   .2005E-06   .9947E-07   .7879E+00   .0000E+00   .0000E+00   .0000E+00
  25   -24.00        .000  .5000    .1000E+01   .0000E+00  -.1000E+01   .0000E+00      -1   -.100E+01   25.00   .2006E-06   .9948E-07   .7801E+00   .0000E+00   .0000E+00   .0000E+00
  26   -25.00        .000  .5000    .1000E+01   .0000E+00  -.1000E+01   .0000E+00      -1   -.100E+01   25.00   .2006E-06   .9949E-07   .7725E+00   .0000E+00   .0000E+00   .0000E+00
  27   -26.00        .000  .5000    .1000E+01   .0000E+00  -.1000E+01   .0000E+00      -1   -.100E+01   25.00   .2006E-06   .9949E-07   .7648E+00   .0000E+00   .0000E+00   .0000E+00
  28   -27.00        .000  .5000    .1000E+01   .0000E+00  -.1000E+01   .0000E+00      -1   -.100E+01   25.00   .2006E-06   .9950E-07   .7573E+00   .0000E+00   .0000E+00   .0000E+00
  29   -28.00        .000  .5000    .1000E+01   .0000E+00  -.1000E+01   .0000E+00      -1   -.100E+01   25.00   .2006E-06   .9951E-07   .7498E+00   .0000E+00   .0000E+00   .0000E+00
  30   -29.00        .000  .5000    .1000E+01   .0000E+00  -.1000E+01   .0000E+00      -1   -.100E+01   25.00   .2006E-06   .9951E-07   .7424E+00   .0000E+00   .0000E+00   .0000E+00
  31   -30.00        .000  .5000    .1000E+01   .0000E+00  -.1000E+01   .0000E+00      -1   -.100E+01   25.00   .2006E-06   .9952E-07   .7351E+00   .0000E+00   .0000E+00   .0000E+00
  32   -31.00        .000  .5000    .1000E+01   .0000E+00  -.1000E+01   .0000E+00      -1   -.100E+01   25.00   .2006E-06   .9952E-07   .7278E+00   .0000E+00   .0000E+00   .0000E+00
  33   -32.00        .000  .5000    .1000E+01   .0000E+00  -.1000E+01   .0000E+00      -1   -.100E+01   25.00   .2007E-06   .9953E-07   .7206E+00   .0000E+00   .0000E+00   .0000E+00
  34   -33.00        .000  .5000    .1000E+01   .0000E+00  -.1000E+01   .0000E+00      -1   -.100E+01   25.00   .2007E-06   .9954E-07   .7134E+00   .0000E+00   .0000E+00   .0000E+00
  35   -34.00        .000  .5000    .1000E+01   .0000E+00  -.1000E+01   .0000E+00      -1   -.100E+01   25.00   .2007E-06   .9954E-07   .7062E+00   .0000E+00   .0000E+00   .0000E+00
  36   -35.00        .000  .5000    .1000E+01   .0000E+00  -.1000E+01   .0000E+00      -1   -.100E+01   25.00   .2007E-06   .9955E-07   .6991E+00   .0000E+00   .0000E+00   .0000E+00
  37   -36.00        .000  .5000    .1000E+01   .0000E+00  -.1000E+01   .0000E+00      -1   -.100E+01   25.00   .2007E-06   .9955E-07   .6920E+00   .0000E+00   .0000E+00   .0000E+00
  38   -37.00        .000  .5000    .1000E+01   .0000E+00  -.1000E+01   .0000E+00      -1   -.100E+01   25.00   .2007E-06   .9956E-07   .6848E+00   .0000E+00   .0000E+00   .0000E+00
  39   -38.00        .000  .5000    .1000E+01   .0000E+00  -.1000E+01   .0000E+00      -1   -.100E+01   25.00   .2007E-06   .9957E-07   .6777E+00   .0000E+00   .0000E+00   .0000E+00
  40   -39.00        .000  .5000    .1000E+01   .0000E+00  -.1000E+01   .0000E+00      -1   -.100E+01   25.00   .2007E-06   .9957E-07   .6704E+00   .0000E+00   .0000E+00   .0000E+00
  41   -40.00        .000  .5000    .1000E+01   .0000E+00  -.1000E+01   .0000E+00      -1   -.100E+01   25.00   .2008E-06   .9958E-07   .6631E+00   .0000E+00   .0000E+00   .0000E+00
  42   -41.00        .000  .5000    .1000E+01   .0000E+00  -.1000E+01   .0000E+00      -1   -.100E+01   25.00   .2008E-06   .9959E-07   .6555E+00   .0000E+00   .0000E+00   .0000E+00
  43   -42.00        .000  .5000    .1000E+01   .0000E+00  -.1000E+01   .0000E+00      -1   -.100E+01   25.00   .2008E-06   .9959E-07   .6477E+00   .0000E+00   .0000E+00   .0000E+00
  44   -43.00        .000  .5000    .1000E+01   .0000E+00  -.1000E+01   .0000E+00      -1   -.100E+01   25.00   .2008E-06   .9960E-07   .6397E+00   .0000E+00   .0000E+00   .0000E+00
  45   -44.00        .000  .5000    .1000E+01   .0000E+00  -.1000E+01   .0000E+00      -1   -.100E+01   25.00   .2008E-06   .9961E-07   .6312E+00   .0000E+00   .0000E+00   .0000E+00
  46   -45.00        .000  .5000    .1000E+01   .0000E+00  -.1000E+01   .0000E+00      -1   -.100E+01   25.00   .2008E-06   .9961E-07   .6222E+00   .0000E+00   .0000E+00   .0000E+00
  47   -46.00        .000  .5000    .1000E+01   .0000E+00  -.1000E+01   .0000E+00      -1   -.100E+01   25.00   .2008E-06   .9962E-07   .6125E+00   .0000E+00   .0000E+00   .0000E+00
  48   -47.00        .000  .5000    .1000E+01   .0000E+00  -.1000E+01   .0000E+00      -1   -.100E+01   25.00   .2009E-06   .9963E-07   .6019E+00   .0000E+00   .0000E+00   .0000E+00
  49   -48.00        .000  .5000    .1000E+01   .0000E+00  -.1000E+01   .0000E+00      -1   -.100E+01   25.00   .2009E-06   .9964E-07   .5904E+00   .0000E+00   .0000E+00   .0000E+00
  50   -49.00        .000  .5000    .1000E+01   .0000E+00  -.1000E+01   .0000E+00      -1   -.100E+01   25.00   .2009E-06   .9965E-07   .5776E+00   .0000E+00   .0000E+00   .0000E+00
  51   -50.00        .000  .5000    .1000E+01   .0000E+00  -.1000E+01   .0000E+00      -1   -.100E+01   25.00   .2009E-06   .9966E-07   .5633E+00   .0000E+00   .0000E+00   .0000E+00
  52   -51.00        .000  .5000    .1000E+01   .0000E+00  -.1000E+01   .0000E+00      -1   -.100E+01   25.00   .2010E-06   .9968E-07   .5472E+00   .0000E+00   .0000E+00   .0000E+00
  53   -52.00        .000  .5000    .1000E+01   .0000E+00  -.1000E+01   .0000E+00      -1   -.100E+01   25.00   .2010E-06   .9969E-07   .5290E+00   .0000E+00   .0000E+00   .0000E+00
  54   -53.00        .000  .5000    .1000E+01   .0000E+00  -.1000E+01   .0000E+00      -1   -.100E+01   25.00   .2010E-06   .9971E-07   .5084E+00   .0000E+00   .0000E+00   .0000E+00
  55   -54.00        .000  .5000    .1000E+01   .0000E+00  -.1000E+01   .0000E+00      -1   -.100E+01   25.00   .2011E-06   .9973E-07   .4850E+00   .0000E+00   .0000E+00   .0000E+00
  56   -55.00        .000  .5000    .1000E+01   .0000E+00  -.1000E+01   .0000E+00      -1   -.100E+01   25.00   .2011E-06   .9975E-07   .4586E+00   .0000E+00   .0000E+00   .0000E+00
  57   -56.00        .000  .5000    .1000E+01   .0000E+00  -.1000E+01   .0000E+00      -1   -.100E+01   25.00   .2012E-06   .9978E-07   .4288E+00   .0000E+00   .0000E+00   .0000E+00
  58   -57.00        .000  .5000    .1000E+01   .0000E+00  -.1000E+01   .0000E+00      -1   -.100E+01   25.00   .2012E-06   .9981E-07   .3956E+00   .0000E+00   .0000E+00   .0000E+00
  59   -58.00        .000  .5000    .1000E+01   .0000E+00  -.1000E+01   .0000E+00      -1   -.100E+01   25.00   .2013E-06   .9984E-07   .3588E+00   .0000E+00   .0000E+00   .0000E+00
  60   -59.00        .000  .5000    .1000E+01   .0000E+00  -.1000E+01   .0000E+00      -1   -.100E+01   25.00   .2013E-06   .9987E-07   .3189E+00   .0000E+00   .0000E+00   .0000E+00
  61   -60.00        .000  .5000    .1000E+01   .0000E+00  -.1000E+01   .0000E+00      -1   -.100E+01   25.00   .2014E-06   .9991E-07   .2762E+00   .0000E+00   .0000E+00   .0000E+00
  62   -61.00        .000  .5000    .1000E+01   .0000E+00  -.1000E+01   .0000E+00      -1   -.100E+01   25.00   .2015E-06   .9995E-07   .2318E+00   .0000E+00   .0000E+00   .0000E+00
  63   -62.00        .000  .5000    .1000E+01   .0000E+00  -.1000E+01   .0000E+00      -1   -.100E+01   25.00   .2016E-06   .9999E-07   .1870E+00   .0000E+00   .0000E+00   .0000E+00
  64   -63.00        .000  .5000    .1000E+01   .0000E+00  -.1000E+01   .0000E+00      -1   -.100E+01   25.00   .2016E-06   .1000E-06   .1436E+00   .0000E+00   .0000E+00   .0000E+00
  65   -64.00        .000  .5000    .1000E+01   .0000E+00  -.1000E+01   .0000E+00      -1   -.100E+01   25.00   .2017E-06   .1001E-06   .1035E+00   .0000E+00   .0000E+00   .0000E+00
  66   -65.00        .000  .5000    .1000E+01   .0000E+00  -.1000E+01   .0000E+00      -1   -.100E+01   25.00   .2018E-06   .1001E-06   .6897E-01   .0000E+00   .0000E+00   .0000E+00
  67   -66.00        .000  .5000    .1000E+01   .0000E+00  -.1000E+01   .0000E+00      -1   -.100E+01   25.00   .2018E-06   .1001E-06   .4154E-01   .0000E+00   .0000E+00   .0000E+00
  68   -67.00        .000  .5000    .1000E+01   .0000E+00  -.1000E+01   .0000E+00      -1   -.100E+01   25.00   .2018E-06   .1001E-06   .2202E-01   .0000E+00   .0000E+00   .0000E+00
  69   -68.00        .000  .5000    .1000E+01   .0000E+00  -.1000E+01   .0000E+00      -1   -.100E+01   25.00   .2019E-06   .1001E-06   .9930E-02   .0000E+00   .0000E+00   .0000E+00
  70   -69.00        .000  .5000    .1000E+01   .0000E+00  -.1000E+01   .0000E+00      -1   -.100E+01   25.00   .2019E-06   .1001E-06   .3673E-02   .0000E+00   .0000E+00   .0000E+00
  71   -70.00        .000  .5000    .1000E+01   .0000E+00  -.1000E+01   .0000E+00      -1   -.100E+01   25.00   .2019E-06   .1001E-06   .1074E-02   .0000E+00   .0000E+00   .0000E+00
  72   -71.00        .000  .5000    .1000E+01   .0000E+00  -.1000E+01   .0000E+00      -1   -.100E+01   25.00   .2019E-06   .1001E-06   .2422E-03   .0000E+00   .0000E+00   .0000E+00
  73   -72.00        .000  .5000    .1000E+01   .0000E+00  -.1000E+01   .0000E+00      -1   -.100E+01   25.00   .2019E-06   .1001E-06   .4186E-04   .0000E+00   .0000E+00   .0000E+00
  74   -73.00        .000  .5000    .1000E+01   .0000E+00  -.1000E+01   .0000E+00      -1   -.100E+01   25.00   .2019E-06   .1001E-06   .5655E-05   .0000E+00   .0000E+00   .0000E+00
  75   -74.00        .000  .5000    .1000E+01   .0000E+00  -.1000E+01   .0000E+00      -1   -.100E+01   25.00   .2019E-06   .1001E-06   .6224E-06   .0000E+00   .0000E+00   .0000E+00
  76   -75.00        .000  .5000    .1000E+01   .0000E+00  -.1000E+01   .0000E+00      -1   -.100E+01   25.00   .2019E-06   .1001E-06   .5867E-07   .0000E+00   .0000E+00   .0000E+00
  77   -76.00        .000  .5000    .1000E+01   .0000E+00  -.1000E+01   .0000E+00      -1   -.100E+01   25.00   .2019E-06   .1001E-06   .4964E-08   .0000E+00   .0000E+00   .0000E+00
  78   -77.00        .000  .5000    .1000E+01   .0000E+00  -.1000E+01   .0000E+00      -1   -.100E+01   25.00   .2019E-06   .1001E-06   .3914E-09   .0000E+00   .0000E+00   .0000E+00
  79   -78.00        .000  .5000    .1000E+01   .0000E+00  -.1000E+01   .0000E+00      -1   -.100E+01   25.00   .2019E-06   .1001E-06   .2952E-10   .0000E+00   .0000E+00   .0000E+00
  80   -79.00        .000  .5000    .1000E+01   .0000E+00  -.1000E+01   .0000E+00      -1   -.100E+01   25.00   .2019E-06   .1001E-06   .2168E-11   .0000E+00   .0000E+00   .0000E+00
  81   -80.00        .000  .5000    .1000E+01   .0000E+00  -.1000E+01   .0000E+00      -1   -.100E+01   25.00   .2019E-06   .1001E-06   .1567E-12   .0000E+00   .0000E+00   .0000E+00
  82   -81.00        .000  .5000    .1000E+01   .0000E+00  -.1000E+01   .0000E+00      -1   -.100E+01   25.00   .2019E-06   .1001E-06   .1122E-13   .0000E+00   .0000E+00   .0000E+00
  83   -82.00        .000  .5000    .1000E+01   .0000E+00  -.1000E+01   .0000E+00      -1   -.100E+01   25.00   .2019E-06   .1001E-06   .7994E-15   .0000E+00   .0000E+00   .0000E+00
  84   -83.00        .000  .5000    .1000E+01   .0000E+00  -.1000E+01   .0000E+00      -1   -.100E+01   25.00   .2019E-06   .1001E-06   .5677E-16   .0000E+00   .0000E+00   .0000E+00
  85   -84.00        .000  .5000    .1000E+01   .0000E+00  -.1000E+01   .0000E+00      -1   -.100E+01   25.00   .2019E-06   .1001E-06   .4025E-17   .0000E+00   .0000E+00   .0000E+00
  86   -85.00        .000  .5000    .1000E+01   .0000E+00  -.1000E+01   .0000E+00      -1   -.100E+01   25.00   .2019E-06   .1001E-06   .2851E-18   .0000E+00   .0000E+00   .0000E+00
  87   -86.00        .000  .5000    .1000E+01   .0000E+00  -.1000E+01   .0000E+00      -1   -.100E+01   25.00   .2019E-06   .1001E-06   .2018E-19   .0000E+00   .0000E+00   .0000E+00
  88   -87.00        .000  .5000    .1000E+01   .0000E+00  -.1000E+01   .0000E+00      -1   -.100E+01   25.00   .2019E-06   .1001E-06   .1430E-20   .0000E+00   .0000E+00   .0000E+00
  89   -88.00        .000  .5000    .1000E+01   .0000E+00  -.1000E+01   .0000E+00      -1   -.100E+01   25.00   .2019E-06   .1001E-06   .1020E-21   .0000E+00   .0000E+00   .0000E+00
  90   -89.00        .000  .5000    .1000E+01   .0000E+00  -.1000E+01   .0000E+00      -1   -.100E+01   25.00   .2019E-06   .1001E-06   .7668E-23   .0000E+00   .0000E+00   .0000E+00
  91   -90.00        .000  .5000    .1000E+01   .0000E+00  -.1000E+01   .0000E+00      -1   -.100E+01   25.00   .2019E-06   .1001E-06   .8233E-24   .0000E+00   .0000E+00   .0000E+00
  92   -91.00        .000  .5000    .1000E+01   .0000E+00  -.1000E+01   .0000E+00      -1   -.100E+01   25.00   .2019E-06   .1001E-06   .2650E-24   .0000E+00   .0000E+00   .0000E+00
  93   -92.00        .000  .5000    .1000E+01   .0000E+00  -.1000E+01   .0000E+00      -1   -.100E+01   25.00   .2019E-06   .1001E-06   .2076E-24   .0000E+00   .0000E+00   .0000E+00
  94   -93.00        .000  .5000    .1000E+01   .0000E+00  -.1000E+01   .0000E+00      -1   -.100E+01   25.00   .2019E-06   .1001E-06   .2009E-24   .0000E+00   .0000E+00   .0000E+00
  95   -94.00        .000  .5000    .1000E+01   .0000E+00  -.1000E+01   .0000E+00      -1   -.100E+01   25.00   .2019E-06   .1001E-06   .2001E-24   .0000E+00   .0000E+00   .0000E+00
  96   -95.00        .000  .5000    .1000E+01   .0000E+00  -.1000E+01   .0000E+00      -1   -.100E+01   25.00   .2019E-06   .1001E-06   .2000E-24   .0000E+00   .0000E+00   .0000E+00
  97   -96.00        .000  .5000    .1000E+01   .0000E+00  -.1000E+01   .0000E+00      -1   -.100E+01   25.00   .2019E-06   .1001E-06   .3064E-24   .0000E+00   .0000E+00   .0000E+00
  98   -97.00        .000  .5000    .1000E+01   .0000E+00  -.1000E+01   .0000E+00      -1   -.100E+01   25.00   .2019E-06   .1001E-06   .3395E-24   .0000E+00   .0000E+00   .0000E+00
  99   -98.00        .000  .5000    .1000E+01   .0000E+00  -.1000E+01   .0000E+00      -1   -.100E+01   25.00   .2019E-06   .1001E-06   .3442E-24   .0000E+00   .0000E+00   .0000E+00
 100   -99.00        .000  .5000    .1000E+01   .0000E+00  -.1000E+01   .0000E+00      -1   -.100E+01   25.00   .2019E-06   .1001E-06   .3462E-24   .0000E+00   .0000E+00   .0000E+00
 101  -100.00        .000  .5000    .1000E+01   .0000E+00  -.1000E+01   .0000E+00      -1   -.100E+01   25.00   .2019E-06   .1001E-06   .3462E-24   .0000E+00   .0000E+00   .0000E+00
end


 Time:      750.0000


 Node    Depth      Head Moisture       K          C         Flux        Sink         Kappa   v/KsTop   Temp
         [L]       [L]     [-]        [L/T]      [1/L]      [L/T]        [1/T]         [-]      [-]      [C]

   1      .00        .000  .5000    .1000E+01   .0000E+00  -.1000E+01   .0000E+00      -1   -.100E+01   25.00   .2002E-06   .9930E-07   .9892E+00   .0000E+00   .0000E+00   .0000E+00
   2    -1.00        .000  .5000    .1000E+01   .0000E+00  -.1000E+01   .0000E+00      -1   -.100E+01   25.00   .2002E-06   .9931E-07   .9795E+00   .0000E+00   .0000E+00   .0000E+00
   3    -2.00        .000  .5000    .1000E+01   .0000E+00  -.1000E+01   .0000E+00      -1   -.100E+01   25.00   .2002E-06   .9932E-07   .9698E+00   .0000E+00   .0000E+00   .0000E+00
   4    -3.00        .000  .5000    .1000E+01   .0000E+00  -.1000E+01   .0000E+00      -1   -.100E+01   25.00   .2002E-06   .9932E-07   .9603E+00   .0000E+00   .0000E+00   .0000E+00
   5    -4.00        .000  .5000    .1000E+01   .0000E+00  -.1000E+01   .0000E+00      -1   -.100E+01   25.00   .2003E-06   .9933E-07   .9508E+00   .0000E+00   .0000E+00   .0000E+00
   6    -5.00        .000  .5000    .1000E+01   .0000E+00  -.1000E+01   .0000E+00      -1   -.100E+01   25.00   .2003E-06   .9934E-07   .9415E+00   .0000E+00   .0000E+00   .0000E+00
   7    -6.00        .000  .5000    .1000E+01   .0000E+00  -.1000E+01   .0000E+00      -1   -.100E+01   25.00   .2003E-06   .9935E-07   .9322E+00   .0000E+00   .0000E+00   .0000E+00
   8    -7.00        .000  .5000    .1000E+01   .0000E+00  -.1000E+01   .0000E+00      -1   -.100E+01   25.00   .2003E-06   .9936E-07   .9230E+00   .0000E+00   .0000E+00   .0000E+00
   9    -8.00        .000  .5000    .1000E+01   .0000E+00  -.1000E+01   .0000E+00      -1   -.100E+01   25.00   .2003E-06   .9936E-07   .9140E+00   .0000E+00   .0000E+00   .0000E+00
  10    -9.00        .000  .5000    .1000E+01   .0000E+00  -.1000E+01   .0000E+00      -1   -.100E+01   25.00   .2003E-06   .9937E-07   .9050E+00   .0000E+00   .0000E+00   .0000E+00
  11   -10.00        .000  .5000    .1000E+01   .0000E+00  -.1000E+01   .0000E+00      -1   -.100E+01   25.00   .2004E-06   .9938E-07   .8960E+00   .0000E+00   .0000E+00   .0000E+00
  12   -11.00        .000  .5000    .1000E+01   .0000E+00  -.1000E+01   .0000E+00      -1   -.100E+01   25.00   .2004E-06   .9939E-07   .8872E+00   .0000E+00   .0000E+00   .0000E+00
  13   -12.00        .000  .5000    .1000E+01   .0000E+00  -.1000E+01   .0000E+00      -1   -.100E+01   25.00   .2004E-06   .9939E-07   .8785E+00   .0000E+00   .0000E+00   .0000E+00
  14   -13.00        .000  .5000    .1000E+01   .0000E+00  -.1000E+01   .0000E+00      -1   -.100E+01   25.00   .2004E-06   .9940E-07   .8698E+00   .0000E+00   .0000E+00   .0000E+00
  15   -14.00        .000  .5000    .1000E+01   .0000E+00  -.1000E+01   .0000E+00      -1   -.100E+01   25.00   .2004E-06   .9941E-07   .8613E+00   .0000E+00   .0000E+00   .0000E+00
  16   -15.00        .000  .5000    .1000E+01   .0000E+00  -.1000E+01   .0000E+00      -1   -.100E+01   25.00   .2004E-06   .9942E-07   .8528E+00   .0000E+00   .0000E+00   .0000E+00
  17   -16.00        .000  .5000    .1000E+01   .0000E+00  -.1000E+01   .0000E+00      -1   -.100E+01   25.00   .2004E-06   .9942E-07   .8444E+00   .0000E+00   .0000E+00   .0000E+00
  18   -17.00        .000  .5000    .1000E+01   .0000E+00  -.1000E+01   .0000E+00      -1   -.100E+01   25.00   .2005E-06   .9943E-07   .8361E+00   .0000E+00   .0000E+00   .0000E+00
  19   -18.00        .000  .5000    .1000E+01   .0000E+00  -.1000E+01   .0000E+00      -1   -.100E+01   25.00   .2005E-06   .9944E-07   .8279E+00   .0000E+00   .0000E+00   .0000E+00
  20   -19.00        .000  .5000    .1000E+01   .0000E+00  -.1000E+01   .0000E+00      -1   -.100E+01   25.00   .2005E-06   .9945E-07   .8197E+00   .0000E+00   .0000E+00   .0000E+00
  21   -20.00        .000  .5000    .1000E+01   .0000E+00  -.1000E+01   .0000E+00      -1   -.100E+01   25.00   .2005E-06   .9945E-07   .8116E+00   .0000E+00   .0000E+00   .0000E+00
  22   -21.00        .000  .5000    .1000E+01   .0000E+00  -.1000E+01   .0000E+00      -1   -.100E+01   25.00   .2005E-06   .9946E-07   .8037E+00   .0000E+00   .0000E+00   .0000E+00
  23   -22.00        .000  .5000    .1000E+01   .0000E+00  -.1000E+01   .0000E+00      -1   -.100E+01   25.00   .2005E-06   .9947E-07   .7957E+00   .0000E+00   .0000E+00   .0000E+00
  24   -23.00        .000  .5000    .1000E+01   .0000E+00  -.1000E+01   .0000E+00      -1   -.100E+01   25.00   .2005E-06   .9947E-07   .7879E+00   .0000E+00   .0000E+00   .0000E+00
  25   -24.00        .000  .5000    .1000E+01   .0000E+00  -.1000E+01   .0000E+00      -1   -.100E+01   25.00   .2006E-06   .9948E-07   .7802E+00   .0000E+00   .0000E+00   .0000E+00
  26   -25.00        .000  .5000    .1000E+01   .0000E+00  -.1000E+01   .0000E+00      -1   -.100E+01   25.00   .2006E-06   .9949E-07   .7725E+00   .0000E+00   .0000E+00   .0000E+00
  27   -26.00        .000  .5000    .1000E+01   .0000E+00  -.1000E+01   .0000E+00      -1   -.100E+01   25.00   .2006E-06   .9949E-07   .7649E+00   .0000E+00   .0000E+00   .0000E+00
  28   -27.00        .000  .5000    .1000E+01   .0000E+00  -.1000E+01   .0000E+00      -1   -.100E+01   25.00   .2006E-06   .9950E-07   .7573E+00   .0000E+00   .0000E+00   .0000E+00
  29   -28.00        .000  .5000    .1000E+01   .0000E+00  -.1000E+01   .0000E+00      -1   -.100E+01   25.00   .2006E-06   .9951E-07   .7499E+00   .0000E+00   .0000E+00   .0000E+00
  30   -29.00        .000  .5000    .1000E+01   .0000E+00  -.1000E+01   .0000E+00      -1   -.100E+01   25.00   .2006E-06   .9951E-07   .7425E+00   .0000E+00   .0000E+00   .0000E+00
  31   -30.00        .000  .5000    .1000E+01   .0000E+00  -.1000E+01   .0000E+00      -1   -.100E+01   25.00   .2006E-06   .9952E-07   .7352E+00   .0000E+00   .0000E+00   .0000E+00
  32   -31.00        .000  .5000    .1000E+01   .0000E+00  -.1000E+01   .0000E+00      -1   -.100E+01   25.00   .2006E-06   .9952E-07   .7280E+00   .0000E+00   .0000E+00   .0000E+00
  33   -32.00        .000  .5000    .1000E+01   .0000E+00  -.1000E+01   .0000E+00      -1   -.100E+01   25.00   .2007E-06   .9953E-07   .7208E+00   .0000E+00   .0000E+00   .0000E+00
  34   -33.00        .000  .5000    .1000E+01   .0000E+00  -.1000E+01   .0000E+00      -1   -.100E+01   25.00   .2007E-06   .9954E-07   .7137E+00   .0000E+00   .0000E+00   .0000E+00
  35   -34.00        .000  .5000    .1000E+01   .0000E+00  -.1000E+01   .0000E+00      -1   -.100E+01   25.00   .2007E-06   .9954E-07   .7067E+00   .0000E+00   .0000E+00   .0000E+00
  36   -35.00        .000  .5000    .1000E+01   .0000E+00  -.1000E+01   .0000E+00      -1   -.100E+01   25.00   .2007E-06   .9955E-07   .6997E+00   .0000E+00   .0000E+00   .0000E+00
  37   -36.00        .000  .5000    .1000E+01   .0000E+00  -.1000E+01   .0000E+00      -1   -.100E+01   25.00   .2007E-06   .9955E-07   .6928E+00   .0000E+00   .0000E+00   .0000E+00
  38   -37.00        .000  .5000    .1000E+01   .0000E+00  -.1000E+01   .0000E+00      -1   -.100E+01   25.00   .2007E-06   .9956E-07   .6860E+00   .0000E+00   .0000E+00   .0000E+00
  39   -38.00        .000  .5000    .1000E+01   .0000E+00  -.1000E+01   .0000E+00      -1   -.100E+01   25.00   .2007E-06   .9957E-07   .6792E+00   .0000E+00   .0000E+00   .0000E+00
  40   -39.00        .000  .5000    .1000E+01   .0000E+00  -.1000E+01   .0000E+00      -1   -.100E+01   25.00   .2007E-06   .9957E-07   .6726E+00   .0000E+00   .0000E+00   .0000E+00
  41   -40.00        .000  .5000    .1000E+01   .0000E+00  -.1000E+01   .0000E+00      -1   -.100E+01   25.00   .2007E-06   .9958E-07   .6659E+00   .0000E+00   .0000E+00   .0000E+00
  42   -41.00        .000  .5000    .1000E+01   .0000E+00  -.1000E+01   .0000E+00      -1   -.100E+01   25.00   .2008E-06   .9958E-07   .6594E+00   .0000E+00   .0000E+00   .0000E+00
  43   -42.00        .000  .5000    .1000E+01   .0000E+00  -.1000E+01   .0000E+00      -1   -.100E+01   25.00   .2008E-06   .9959E-07   .6529E+00   .0000E+00   .0000E+00   .0000E+00
  44   -43.00        .000  .5000    .1000E+01   .0000E+00  -.1000E+01   .0000E+00      -1   -.100E+01   25.00   .2008E-06   .9959E-07   .6465E+00   .0000E+00   .0000E+00   .0000E+00
  45   -44.00        .000  .5000    .1000E+01   .0000E+00  -.1000E+01   .0000E+00      -1   -.100E+01   25.00   .2008E-06   .9960E-07   .6401E+00   .0000E+00   .0000E+00   .0000E+00
  46   -45.00        .000  .5000    .1000E+01   .0000E+00  -.1000E+01   .0000E+00      -1   -.100E+01   25.00   .2008E-06   .9960E-07   .6338E+00   .0000E+00   .0000E+00   .0000E+00
  47   -46.00        .000  .5000    .1000E+01   .0000E+00  -.1000E+01   .0000E+00      -1   -.100E+01   25.00   .2008E-06   .9961E-07   .6276E+00   .0000E+00   .0000E+00   .0000E+00
  48   -47.00        .000  .5000    .1000E+01   .0000E+00  -.1000E+01   .0000E+00      -1   -.100E+01   25.00   .2008E-06   .9962E-07   .6214E+00   .0000E+00   .0000E+00   .0000E+00
  49   -48.00        .000  .5000    .1000E+01   .0000E+00  -.1000E+01   .0000E+00      -1   -.100E+01   25.00   .2008E-06   .9962E-07   .6153E+00   .0000E+00   .0000E+00   .0000E+00
  50   -49.00        .000  .5000    .1000E+01   .0000E+00  -.1000E+01   .0000E+00      -1   -.100E+01   25.00   .2008E-06   .9963E-07   .6092E+00   .0000E+00   .0000E+00   .0000E+00
  51   -50.00        .000  .5000    .1000E+01   .0000E+00  -.1000E+01   .0000E+00      -1   -.100E+01   25.00   .2009E-06   .9963E-07   .6032E+00   .0000E+00   .0000E+00   .0000E+00
  52   -51.00        .000  .5000    .1000E+01   .0000E+00  -.1000E+01   .0000E+00      -1   -.100E+01   25.00   .2009E-06   .9964E-07   .5972E+00   .0000E+00   .0000E+00   .0000E+00
  53   -52.00        .000  .5000    .1000E+01   .0000E+00  -.1000E+01   .0000E+00      -1   -.100E+01   25.00   .2009E-06   .9964E-07   .5914E+00   .0000E+00   .0000E+00   .0000E+00
  54   -53.00        .000  .5000    .1000E+01   .0000E+00  -.1000E+01   .0000E+00      -1   -.100E+01   25.00   .2009E-06   .9965E-07   .5855E+00   .0000E+00   .0000E+00   .0000E+00
  55   -54.00        .000  .5000    .1000E+01   .0000E+00  -.1000E+01   .0000E+00      -1   -.100E+01   25.00   .2009E-06   .9965E-07   .5797E+00   .0000E+00   .0000E+00   .0000E+00
  56   -55.00        .000  .5000    .1000E+01   .0000E+00  -.1000E+01   .0000E+00      -1   -.100E+01   25.00   .2009E-06   .9966E-07   .5740E+00   .0000E+00   .0000E+00   .0000E+00
  57   -56.00        .000  .5000    .1000E+01   .0000E+00  -.1000E+01   .0000E+00      -1   -.100E+01   25.00   .2009E-06   .9966E-07   .5683E+00   .0000E+00   .0000E+00   .0000E+00
  58   -57.00        .000  .5000    .1000E+01   .0000E+00  -.1000E+01   .0000E+00      -1   -.100E+01   25.00   .2009E-06   .9967E-07   .5627E+00   .0000E+00   .0000E+00   .0000E+00
  59   -58.00        .000  .5000    .1000E+01   .0000E+00  -.1000E+01   .0000E+00      -1   -.100E+01   25.00   .2009E-06   .9967E-07   .5571E+00   .0000E+00   .0000E+00   .0000E+00
  60   -59.00        .000  .5000    .1000E+01   .0000E+00  -.1000E+01   .0000E+00      -1   -.100E+01   25.00   .2009E-06   .9967E-07   .5515E+00   .0000E+00   .0000E+00   .0000E+00
  61   -60.00        .000  .5000    .1000E+01   .0000E+00  -.1000E+01   .0000E+00      -1   -.100E+01   25.00   .2010E-06   .9968E-07   .5460E+00   .0000E+00   .0000E+00   .0000E+00
  62   -61.00        .000  .5000    .1000E+01   .0000E+00  -.1000E+01   .0000E+00      -1   -.100E+01   25.00   .2010E-06   .9968E-07   .5405E+00   .0000E+00   .0000E+00   .0000E+00
  63   -62.00        .000  .5000    .1000E+01   .0000E+00  -.1000E+01   .0000E+00      -1   -.100E+01   25.00   .2010E-06   .9969E-07   .5349E+00   .0000E+00   .0000E+00   .0000E+00
  64   -63.00        .000  .5000    .1000E+01   .0000E+00  -.1000E+01   .0000E+00      -1   -.100E+01   25.00   .2010E-06   .9969E-07   .5294E+00   .0000E+00   .0000E+00   .0000E+00
  65   -64.00        .000  .5000    .1000E+01   .0000E+00  -.1000E+01   .0000E+00      -1   -.100E+01   25.00   .2010E-06   .9970E-07   .5239E+00   .0000E+00   .0000E+00   .0000E+00
  66   -65.00        .000  .5000    .1000E+01   .0000E+00  -.1000E+01   .0000E+00      -1   -.100E+01   25.00   .2010E-06   .9970E-07   .5183E+00   .0000E+00   .0000E+00   .0000E+00
  67   -66.00        .000  .5000    .1000E+01   .0000E+00  -.1000E+01   .0000E+00      -1   -.100E+01   25.00   .2010E-06   .9971E-07   .5127E+00   .0000E+00   .0000E+00   .0000E+00
  68   -67.00        .000  .5000    .1000E+01   .0000E+00  -.1000E+01   .0000E+00      -1   -.100E+01   25.00   .2010E-06   .9971E-07   .5070E+00   .0000E+00   .0000E+00   .0000E+00
  69   -68.00        .000  .5000    .1000E+01   .0000E+00  -.1000E+01   .0000E+00      -1   -.100E+01   25.00   .2010E-06   .9972E-07   .5012E+00   .0000E+00   .0000E+00   .0000E+00
  70   -69.00        .000  .5000    .1000E+01   .0000E+00  -.1000E+01   .0000E+00      -1   -.100E+01   25.00   .2010E-06   .9972E-07   .4952E+00   .0000E+00   .0000E+00   .0000E+00
  71   -70.00        .000  .5000    .1000E+01   .0000E+00  -.1000E+01   .0000E+00      -1   -.100E+01   25.00   .2011E-06   .9973E-07   .4890E+00   .0000E+00   .0000E+00   .0000E+00
  72   -71.00        .000  .5000    .1000E+01   .0000E+00  -.1000E+01   .0000E+00      -1   -.100E+01   25.00   .2011E-06   .9973E-07   .4825E+00   .0000E+00   .0000E+00   .0000E+00
  73   -72.00        .000  .5000    .1000E+01   .0000E+00  -.1000E+01   .0000E+00      -1   -.100E+01   25.00   .2011E-06   .9974E-07   .4757E+00   .0000E+00   .0000E+00   .0000E+00
  74   -73.00        .000  .5000    .1000E+01   .0000E+00  -.1000E+01   .0000E+00      -1   -.100E+01   25.00   .2011E-06   .9975E-07   .4684E+00   .0000E+00   .0000E+00   .0000E+00
  75   -74.00        .000  .5000    .1000E+01   .0000E+00  -.1000E+01   .0000E+00      -1   -.100E+01   25.00   .2011E-06   .9975E-07   .4606E+00   .0000E+00   .0000E+00   .0000E+00
  76   -75.00        .000  .5000    .1000E+01   .0000E+00  -.1000E+01   .0000E+00      -1   -.100E+01   25.00   .2011E-06   .9976E-07   .4522E+00   .0000E+00   .0000E+00   .0000E+00
  77   -76.00        .000  .5000    .1000E+01   .0000E+00  -.1000E+01   .0000E+00      -1   -.100E+01   25.00   .2011E-06   .9977E-07   .4430E+00   .0000E+00   .0000E+00   .0000E+00
  78   -77.00        .000  .5000    .1000E+01   .0000E+00  -.1000E+01   .0000E+00      -1   -.100E+01   25.00   .2011E-06   .9978E-07   .4328E+00   .0000E+00   .0000E+00   .0000E+00
  79   -78.00        .000  .5000    .1000E+01   .0000E+00  -.1000E+01   .0000E+00      -1   -.100E+01   25.00   .2012E-06   .9979E-07   .4214E+00   .0000E+00   .0000E+00   .0000E+00
  80   -79.00        .000  .5000    .1000E+01   .0000E+00  -.1000E+01   .0000E+00      -1   -.100E+01   25.00   .2012E-06   .9980E-07   .4088E+00   .0000E+00   .0000E+00   .0000E+00
  81   -80.00        .000  .5000    .1000E+01   .0000E+00  -.1000E+01   .0000E+00      -1   -.100E+01   25.00   .2012E-06   .9981E-07   .3946E+00   .0000E+00   .0000E+00   .0000E+00
  82   -81.00        .000  .5000    .1000E+01   .0000E+00  -.1000E+01   .0000E+00      -1   -.100E+01   25.00   .2012E-06   .9982E-07   .3786E+00   .0000E+00   .0000E+00   .0000E+00
  83   -82.00        .000  .5000    .1000E+01   .0000E+00  -.1000E+01   .0000E+00      -1   -.100E+01   25.00   .2013E-06   .9984E-07   .3606E+00   .0000E+00   .0000E+00   .0000E+00
  84   -83.00        .000  .5000    .1000E+01   .0000E+00  -.1000E+01   .0000E+00      -1   -.100E+01   25.00   .2013E-06   .9986E-07   .3404E+00   .0000E+00   .0000E+00   .0000E+00
  85   -84.00        .000  .5000    .1000E+01   .0000E+00  -.1000E+01   .0000E+00      -1   -.100E+01   25.00   .2013E-06   .9987E-07   .3178E+00   .0000E+00   .0000E+00   .0000E+00
  86   -85.00        .000  .5000    .1000E+01   .0000E+00  -.1000E+01   .0000E+00      -1   -.100E+01   25.00   .2014E-06   .9990E-07   .2927E+00   .0000E+00   .0000E+00   .0000E+00
  87   -86.00        .000  .5000    .1000E+01   .0000E+00  -.1000E+01   .0000E+00      -1   -.100E+01   25.00   .2014E-06   .9992E-07   .2652E+00   .0000E+00   .0000E+00   .0000E+00
  88   -87.00        .000  .5000    .1000E+01   .0000E+00  -.1000E+01   .0000E+00      -1   -.100E+01   25.00   .2015E-06   .9994E-07   .2353E+00   .0000E+00   .0000E+00   .0000E+00
  89   -88.00        .000  .5000    .1000E+01   .0000E+00  -.1000E+01   .0000E+00      -1   -.100E+01   25.00   .2015E-06   .9997E-07   .2036E+00   .0000E+00   .0000E+00   .0000E+00
  90   -89.00        .000  .5000    .1000E+01   .0000E+00  -.1000E+01   .0000E+00      -1   -.100E+01   25.00   .2016E-06   .1000E-06   .1707E+00   .0000E+00   .0000E+00   .0000E+00
  91   -90.00        .000  .5000    .1000E+01   .0000E+00  -.1000E+01   .0000E+00      -1   -.100E+01   25.00   .2016E-06   .1000E-06   .1376E+00   .0000E+00   .0000E+00   .0000E+00
  92   -91.00        .000  .5000    .1000E+01   .0000E+00  -.1000E+01   .0000E+00      -1   -.100E+01   25.00   .2017E-06   .1001E-06   .1055E+00   .0000E+00   .0000E+00   .0000E+00
  93   -92.00        .000  .5000    .1000E+01   .0000E+00  -.1000E+01   .0000E+00      -1   -.100E+01   25.00   .2018E-06   .1001E-06   .7607E-01   .0000E+00   .0000E+00   .0000E+00
  94   -93.00        .000  .5000    .1000E+01   .0000E+00  -.1000E+01   .0000E+00      -1   -.100E+01   25.00   .2018E-06   .1001E-06   .5066E-01   .0000E+00   .0000E+00   .0000E+00
  95   -94.00        .000  .5000    .1000E+01   .0000E+00  -.1000E+01   .0000E+00      -1   -.100E+01   25.00   .2018E-06   .1001E-06   .3050E-01   .0000E+00   .0000E+00   .0000E+00
  96   -95.00        .000  .5000    .1000E+01   .0000E+00  -.1000E+01   .0000E+00      -1   -.100E+01   25.00   .2019E-06   .1001E-06   .1616E-01   .0000E+00   .0000E+00   .0000E+00
  97   -96.00        .000  .5000    .1000E+01   .0000E+00  -.1000E+01   .0000E+00      -1   -.100E+01   25.00   .2019E-06   .1001E-06   .7287E-02   .0000E+00   .0000E+00   .0000E+00
  98   -97.00        .000  .5000    .1000E+01   .0000E+00  -.1000E+01   .0000E+00      -1   -.100E+01   25.00   .2019E-06   .1001E-06   .2694E-02   .0000E+00   .0000E+00   .0000E+00
  99   -98.00        .000  .5000    .1000E+01   .0000E+00  -.1000E+01   .0000E+00      -1   -.100E+01   25.00   .2019E-06   .1001E-06   .7892E-03   .0000E+00   .0000E+00   .0000E+00
 100   -99.00        .000  .5000    .1000E+01   .0000E+00  -.1000E+01   .0000E+00      -1   -.100E+01   25.00   .2019E-06   .1001E-06   .1919E-03   .0000E+00   .0000E+00   .0000E+00
 101  -100.00        .000  .5000    .1000E+01   .0000E+00  -.1000E+01   .0000E+00      -1   -.100E+01   25.00   .2019E-06   .1001E-06   .1919E-03   .0000E+00   .0000E+00   .0000E+00
end


 Time:     1000.0000


 Node    Depth      Head Moisture       K          C         Flux        Sink         Kappa   v/KsTop   Temp
         [L]       [L]     [-]        [L/T]      [1/L]      [L/T]        [1/T]         [-]      [-]      [C]

   1      .00        .000  .5000    .1000E+01   .0000E+00  -.1000E+01   .0000E+00      -1   -.100E+01   25.00   .2002E-06   .9930E-07   .9892E+00   .0000E+00   .0000E+00   .0000E+00
   2    -1.00        .000  .5000    .1000E+01   .0000E+00  -.1000E+01   .0000E+00      -1   -.100E+01   25.00   .2002E-06   .9931E-07   .9795E+00   .0000E+00   .0000E+00   .0000E+00
   3    -2.00        .000  .5000    .1000E+01   .0000E+00  -.1000E+01   .0000E+00      -1   -.100E+01   25.00   .2002E-06   .9932E-07   .9698E+00   .0000E+00   .0000E+00   .0000E+00
   4    -3.00        .000  .5000    .1000E+01   .0000E+00  -.1000E+01   .0000E+00      -1   -.100E+01   25.00   .2002E-06   .9932E-07   .9603E+00   .0000E+00   .0000E+00   .0000E+00
   5    -4.00        .000  .5000    .1000E+01   .0000E+00  -.1000E+01   .0000E+00      -1   -.100E+01   25.00   .2003E-06   .9933E-07   .9508E+00   .0000E+00   .0000E+00   .0000E+00
   6    -5.00        .000  .5000    .1000E+01   .0000E+00  -.1000E+01   .0000E+00      -1   -.100E+01   25.00   .2003E-06   .9934E-07   .9415E+00   .0000E+00   .0000E+00   .0000E+00
   7    -6.00        .000  .5000    .1000E+01   .0000E+00  -.1000E+01   .0000E+00      -1   -.100E+01   25.00   .2003E-06   .9935E-07   .9322E+00   .0000E+00   .0000E+00   .0000E+00
   8    -7.00        .000  .5000    .1000E+01   .0000E+00  -.1000E+01   .0000E+00      -1   -.100E+01   25.00   .2003E-06   .9936E-07   .9230E+00   .0000E+00   .0000E+00   .0000E+00
   9    -8.00        .000  .5000    .1000E+01   .0000E+00  -.1000E+01   .0000E+00      -1   -.100E+01   25.00   .2003E-06   .9936E-07   .9140E+00   .0000E+00   .0000E+00   .0000E+00
  10    -9.00        .000  .5000    .1000E+01   .0000E+00  -.1000E+01   .0000E+00      -1   -.100E+01   25.00   .2003E-06   .9937E-07   .9050E+00   .0000E+00   .0000E+00   .0000E+00
  11   -10.00        .000  .5000    .1000E+01   .0000E+00  -.1000E+01   .0000E+00      -1   -.100E+01   25.00   .2004E-06   .9938E-07   .8960E+00   .0000E+00   .0000E+00   .0000E+00
  12   -11.00        .000  .5000    .1000E+01   .0000E+00  -.1000E+01   .0000E+00      -1   -.100E+01   25.00   .2004E-06   .9939E-07   .8872E+00   .0000E+00   .0000E+00   .0000E+00
  13   -12.00        .000  .5000    .1000E+01   .0000E+00  -.1000E+01   .0000E+00      -1   -.100E+01   25.00   .2004E-06   .9939E-07   .8785E+00   .0000E+00   .0000E+00   .0000E+00
  14   -13.00        .000  .5000    .1000E+01   .0000E+00  -.1000E+01   .0000E+00      -1   -.100E+01   25.00   .2004E-06   .9940E-07   .8698E+00   .0000E+00   .0000E+00   .0000E+00
  15   -14.00        .000  .5000    .1000E+01   .0000E+00  -.1000E+01   .0000E+00      -1   -.100E+01   25.00   .2004E-06   .9941E-07   .8613E+00   .0000E+00   .0000E+00   .0000E+00
  16   -15.00        .000  .5000    .1000E+01   .0000E+00  -.1000E+01   .0000E+00      -1   -.100E+01   25.00   .2004E-06   .9942E-07   .8528E+00   .0000E+00   .0000E+00   .0000E+00
  17   -16.00        .000  .5000    .1000E+01   .0000E+00  -.1000E+01   .0000E+00      -1   -.100E+01   25.00   .2004E-06   .9942E-07   .8444E+00   .0000E+00   .0000E+00   .0000E+00
  18   -17.00        .000  .5000    .1000E+01   .0000E+00  -.1000E+01   .0000E+00      -1   -.100E+01   25.00   .2005E-06   .9943E-07   .8361E+00   .0000E+00   .0000E+00   .0000E+00
  19   -18.00        .000  .5000    .1000E+01   .0000E+00  -.1000E+01   .0000E+00      -1   -.100E+01   25.00   .2005E-06   .9944E-07   .8279E+00   .0000E+00   .0000E+00   .0000E+00
  20   -19.00        .000  .5000    .1000E+01   .0000E+00  -.1000E+01   .0000E+00      -1   -.100E+01   25.00   .2005E-06   .9945E-07   .8197E+00   .0000E+00   .0000E+00   .0000E+00
  21   -20.00        .000  .5000    .1000E+01   .0000E+00  -.1000E+01   .0000E+00      -1   -.100E+01   25.00   .2005E-06   .9945E-07   .8116E+00   .0000E+00   .0000E+00   .0000E+00
  22   -21.00        .000  .5000    .1000E+01   .0000E+00  -.1000E+01   .0000E+00      -1   -.100E+01   25.00   .2005E-06   .9946E-07   .8037E+00   .0000E+00   .0000E+00   .0000E+00
  23   -22.00        .000  .5000    .1000E+01   .0000E+00  -.1000E+01   .0000E+00      -1   -.100E+01   25.00   .2005E-06   .9947E-07   .7957E+00   .0000E+00   .0000E+00   .0000E+00
  24   -23.00        .000  .5000    .1000E+01   .0000E+00  -.1000E+01   .0000E+00      -1   -.100E+01   25.00   .2005E-06   .9947E-07   .7879E+00   .0000E+00   .0000E+00   .0000E+00
  25   -24.00        .000  .5000    .1000E+01   .0000E+00  -.1000E+01   .0000E+00      -1   -.100E+01   25.00   .2006E-06   .9948E-07   .7802E+00   .0000E+00   .0000E+00   .0000E+00
  26   -25.00        .000  .5000    .1000E+01   .0000E+00  -.1000E+01   .0000E+00      -1   -.100E+01   25.00   .2006E-06   .9949E-07   .7725E+00   .0000E+00   .0000E+00   .0000E+00
  27   -26.00        .000  .5000    .1000E+01   .0000E+00  -.1000E+01   .0000E+00      -1   -.100E+01   25.00   .2006E-06   .9949E-07   .7649E+00   .0000E+00   .0000E+00   .0000E+00
  28   -27.00        .000  .5000    .1000E+01   .0000E+00  -.1000E+01   .0000E+00      -1   -.100E+01   25.00   .2006E-06   .9950E-07   .7573E+00   .0000E+00   .0000E+00   .0000E+00
  29   -28.00        .000  .5000    .1000E+01   .0000E+00  -.1000E+01   .0000E+00      -1   -.100E+01   25.00   .2006E-06   .9951E-07   .7499E+00   .0000E+00   .0000E+00   .0000E+00
  30   -29.00        .000  .5000    .1000E+01   .0000E+00  -.1000E+01   .0000E+00      -1   -.100E+01   25.00   .2006E-06   .9951E-07   .7425E+00   .0000E+00   .0000E+00   .0000E+00
  31   -30.00        .000  .5000    .1000E+01   .0000E+00  -.1000E+01   .0000E+00      -1   -.100E+01   25.00   .2006E-06   .9952E-07   .7352E+00   .0000E+00   .0000E+00   .0000E+00
  32   -31.00        .000  .5000    .1000E+01   .0000E+00  -.1000E+01   .0000E+00      -1   -.100E+01   25.00   .2006E-06   .9952E-07   .7280E+00   .0000E+00   .0000E+00   .0000E+00
  33   -32.00        .000  .5000    .1000E+01   .0000E+00  -.1000E+01   .0000E+00      -1   -.100E+01   25.00   .2007E-06   .9953E-07   .7208E+00   .0000E+00   .0000E+00   .0000E+00
  34   -33.00        .000  .5000    .1000E+01   .0000E+00  -.1000E+01   .0000E+00      -1   -.100E+01   25.00   .2007E-06   .9954E-07   .7137E+00   .0000E+00   .0000E+00   .0000E+00
  35   -34.00        .000  .5000    .1000E+01   .0000E+00  -.1000E+01   .0000E+00      -1   -.100E+01   25.00   .2007E-06   .9954E-07   .7067E+00   .0000E+00   .0000E+00   .0000E+00
  36   -35.00        .000  .5000    .1000E+01   .0000E+00  -.1000E+01   .0000E+00      -1   -.100E+01   25.00   .2007E-06   .9955E-07   .6997E+00   .0000E+00   .0000E+00   .0000E+00
  37   -36.00        .000  .5000    .1000E+01   .0000E+00  -.1000E+01   .0000E+00      -1   -.100E+01   25.00   .2007E-06   .9955E-07   .6928E+00   .0000E+00   .0000E+00   .0000E+00
  38   -37.00        .000  .5000    .1000E+01   .0000E+00  -.1000E+01   .0000E+00      -1   -.100E+01   25.00   .2007E-06   .9956E-07   .6860E+00   .0000E+00   .0000E+00   .0000E+00
  39   -38.00        .000  .5000    .1000E+01   .0000E+00  -.1000E+01   .0000E+00      -1   -.100E+01   25.00   .2007E-06   .9957E-07   .6792E+00   .0000E+00   .0000E+00   .0000E+00
  40   -39.00        .000  .5000    .1000E+01   .0000E+00  -.1000E+01   .0000E+00      -1   -.100E+01   25.00   .2007E-06   .9957E-07   .6726E+00   .0000E+00   .0000E+00   .0000E+00
  41   -40.00        .000  .5000    .1000E+01   .0000E+00  -.1000E+01   .0000E+00      -1   -.100E+01   25.00   .2007E-06   .9958E-07   .6659E+00   .0000E+00   .0000E+00   .0000E+00
  42   -41.00        .000  .5000    .1000E+01   .0000E+00  -.1000E+01   .0000E+00      -1   -.100E+01   25.00   .2008E-06   .9958E-07   .6594E+00   .0000E+00   .0000E+00   .0000E+00
  43   -42.00        .000  .5000    .1000E+01   .0000E+00  -.1000E+01   .0000E+00      -1   -.100E+01   25.00   .2008E-06   .9959E-07   .6529E+00   .0000E+00   .0000E+00   .0000E+00
  44   -43.00        .000  .5000    .1000E+01   .0000E+00  -.1000E+01   .0000E+00      -1   -.100E+01   25.00   .2008E-06   .9959E-07   .6465E+00   .0000E+00   .0000E+00   .0000E+00
  45   -44.00        .000  .5000    .1000E+01   .0000E+00  -.1000E+01   .0000E+00      -1   -.100E+01   25.00   .2008E-06   .9960E-07   .6401E+00   .0000E+00   .0000E+00   .0000E+00
  46   -45.00        .000  .5000    .1000E+01   .0000E+00  -.1000E+01   .0000E+00      -1   -.100E+01   25.00   .2008E-06   .9960E-07   .6338E+00   .0000E+00   .0000E+00   .0000E+00
  47   -46.00        .000  .5000    .1000E+01   .0000E+00  -.1000E+01   .0000E+00      -1   -.100E+01   25.00   .2008E-06   .9961E-07   .6276E+00   .0000E+00   .0000E+00   .0000E+00
  48   -47.00        .000  .5000    .1000E+01   .0000E+00  -.1000E+01   .0000E+00      -1   -.100E+01   25.00   .2008E-06   .9962E-07   .6214E+00   .0000E+00   .0000E+00   .0000E+00
  49   -48.00        .000  .5000    .1000E+01   .0000E+00  -.1000E+01   .0000E+00      -1   -.100E+01   25.00   .2008E-06   .9962E-07   .6153E+00   .0000E+00   .0000E+00   .0000E+00
  50   -49.00        .000  .5000    .1000E+01   .0000E+00  -.1000E+01   .0000E+00      -1   -.100E+01   25.00   .2008E-06   .9963E-07   .6092E+00   .0000E+00   .0000E+00   .0000E+00
  51   -50.00        .000  .5000    .1000E+01   .0000E+00  -.1000E+01   .0000E+00      -1   -.100E+01   25.00   .2009E-06   .9963E-07   .6032E+00   .0000E+00   .0000E+00   .0000E+00
  52   -51.00        .000  .5000    .1000E+01   .0000E+00  -.1000E+01   .0000E+00      -1   -.100E+01   25.00   .2009E-06   .9964E-07   .5973E+00   .0000E+00   .0000E+00   .0000E+00
  53   -52.00        .000  .5000    .1000E+01   .0000E+00  -.1000E+01   .0000E+00      -1   -.100E+01   25.00   .2009E-06   .9964E-07   .5914E+00   .0000E+00   .0000E+00   .0000E+00
  54   -53.00        .000  .5000    .1000E+01   .0000E+00  -.1000E+01   .0000E+00      -1   -.100E+01   25.00   .2009E-06   .9965E-07   .5856E+00   .0000E+00   .0000E+00   .0000E+00
  55   -54.00        .000  .5000    .1000E+01   .0000E+00  -.1000E+01   .0000E+00      -1   -.100E+01   25.00   .2009E-06   .9965E-07   .5798E+00   .0000E+00   .0000E+00   .0000E+00
  56   -55.00        .000  .5000    .1000E+01   .0000E+00  -.1000E+01   .0000E+00      -1   -.100E+01   25.00   .2009E-06   .9966E-07   .5741E+00   .0000E+00   .0000E+00   .0000E+00
  57   -56.00        .000  .5000    .1000E+01   .0000E+00  -.1000E+01   .0000E+00      -1   -.100E+01   25.00   .2009E-06   .9966E-07   .5684E+00   .0000E+00   .0000E+00   .0000E+00
  58   -57.00        .000  .5000    .1000E+01   .0000E+00  -.1000E+01   .0000E+00      -1   -.100E+01   25.00   .2009E-06   .9967E-07   .5629E+00   .0000E+00   .0000E+00   .0000E+00
  59   -58.00        .000  .5000    .1000E+01   .0000E+00  -.1000E+01   .0000E+00      -1   -.100E+01   25.00   .2009E-06   .9967E-07   .5573E+00   .0000E+00   .0000E+00   .0000E+00
  60   -59.00        .000  .5000    .1000E+01   .0000E+00  -.1000E+01   .0000E+00      -1   -.100E+01   25.00   .2009E-06   .9967E-07   .5518E+00   .0000E+00   .0000E+00   .0000E+00
  61   -60.00        .000  .5000    .1000E+01   .0000E+00  -.1000E+01   .0000E+00      -1   -.100E+01   25.00   .2010E-06   .9968E-07   .5464E+00   .0000E+00   .0000E+00   .0000E+00
  62   -61.00        .000  .5000    .1000E+01   .0000E+00  -.1000E+01   .0000E+00      -1   -.100E+01   25.00   .2010E-06   .9968E-07   .5410E+00   .0000E+00   .0000E+00   .0000E+00
  63   -62.00        .000  .5000    .1000E+01   .0000E+00  -.1000E+01   .0000E+00      -1   -.100E+01   25.00   .2010E-06   .9969E-07   .5357E+00   .0000E+00   .0000E+00   .0000E+00
  64   -63.00        .000  .5000    .1000E+01   .0000E+00  -.1000E+01   .0000E+00      -1   -.100E+01   25.00   .2010E-06   .9969E-07   .5304E+00   .0000E+00   .0000E+00   .0000E+00
  65   -64.00        .000  .5000    .1000E+01   .0000E+00  -.1000E+01   .0000E+00      -1   -.100E+01   25.00   .2010E-06   .9970E-07   .5252E+00   .0000E+00   .0000E+00   .0000E+00
  66   -65.00        .000  .5000    .1000E+01   .0000E+00  -.1000E+01   .0000E+00      -1   -.100E+01   25.00   .2010E-06   .9970E-07   .5200E+00   .0000E+00   .0000E+00   .0000E+00
  67   -66.00        .000  .5000    .1000E+01   .0000E+00  -.1000E+01   .0000E+00      -1   -.100E+01   25.00   .2010E-06   .9971E-07   .5149E+00   .0000E+00   .0000E+00   .0000E+00
  68   -67.00        .000  .5000    .1000E+01   .0000E+00  -.1000E+01   .0000E+00      -1   -.100E+01   25.00   .2010E-06   .9971E-07   .5098E+00   .0000E+00   .0000E+00   .0000E+00
  69   -68.00        .000  .5000    .1000E+01   .0000E+00  -.1000E+01   .0000E+00      -1   -.100E+01   25.00   .2010E-06   .9971E-07   .5048E+00   .0000E+00   .0000E+00   .0000E+00
  70   -69.00        .000  .5000    .1000E+01   .0000E+00  -.1000E+01   .0000E+00      -1   -.100E+01   25.00   .2010E-06   .9972E-07   .4998E+00   .0000E+00   .0000E+00   .0000E+00
  71   -70.00        .000  .5000    .1000E+01   .0000E+00  -.1000E+01   .0000E+00      -1   -.100E+01   25.00   .2010E-06   .9972E-07   .4949E+00   .0000E+00   .0000E+00   .0000E+00
  72   -71.00        .000  .5000    .1000E+01   .0000E+00  -.1000E+01   .0000E+00      -1   -.100E+01   25.00   .2010E-06   .9973E-07   .4900E+00   .0000E+00   .0000E+00   .0000E+00
  73   -72.00        .000  .5000    .1000E+01   .0000E+00  -.1000E+01   .0000E+00      -1   -.100E+01   25.00   .2011E-06   .9973E-07   .4852E+00   .0000E+00   .0000E+00   .0000E+00
  74   -73.00        .000  .5000    .1000E+01   .0000E+00  -.1000E+01   .0000E+00      -1   -.100E+01   25.00   .2011E-06   .9974E-07   .4804E+00   .0000E+00   .0000E+00   .0000E+00
  75   -74.00        .000  .5000    .1000E+01   .0000E+00  -.1000E+01   .0000E+00      -1   -.100E+01   25.00   .2011E-06   .9974E-07   .4757E+00   .0000E+00   .0000E+00   .0000E+00
  76   -75.00        .000  .5000    .1000E+01   .0000E+00  -.1000E+01   .0000E+00      -1   -.100E+01   25.00   .2011E-06   .9974E-07   .4710E+00   .0000E+00   .0000E+00   .0000E+00
  77   -76.00        .000  .5000    .1000E+01   .0000E+00  -.1000E+01   .0000E+00      -1   -.100E+01   25.00   .2011E-06   .9975E-07   .4664E+00   .0000E+00   .0000E+00   .0000E+00
  78   -77.00        .000  .5000    .1000E+01   .0000E+00  -.1000E+01   .0000E+00      -1   -.100E+01   25.00   .2011E-06   .9975E-07   .4618E+00   .0000E+00   .0000E+00   .0000E+00
  79   -78.00        .000  .5000    .1000E+01   .0000E+00  -.1000E+01   .0000E+00      -1   -.100E+01   25.00   .2011E-06   .9976E-07   .4572E+00   .0000E+00   .0000E+00   .0000E+00
  80   -79.00        .000  .5000    .1000E+01   .0000E+00  -.1000E+01   .0000E+00      -1   -.100E+01   25.00   .2011E-06   .9976E-07   .4527E+00   .0000E+00   .0000E+00   .0000E+00
  81   -80.00        .000  .5000    .1000E+01   .0000E+00  -.1000E+01   .0000E+00      -1   -.100E+01   25.00   .2011E-06   .9976E-07   .4482E+00   .0000E+00   .0000E+00   .0000E+00
  82   -81.00        .000  .5000    .1000E+01   .0000E+00  -.1000E+01   .0000E+00      -1   -.100E+01   25.00   .2011E-06   .9977E-07   .4438E+00   .0000E+00   .0000E+00   .0000E+00
  83   -82.00        .000  .5000    .1000E+01   .0000E+00  -.1000E+01   .0000E+00      -1   -.100E+01   25.00   .2011E-06   .9977E-07   .4394E+00   .0000E+00   .0000E+00   .0000E+00
  84   -83.00        .000  .5000    .1000E+01   .0000E+00  -.1000E+01   .0000E+00      -1   -.100E+01   25.00   .2011E-06   .9977E-07   .4350E+00   .0000E+00   .0000E+00   .0000E+00
  85   -84.00        .000  .5000    .1000E+01   .0000E+00  -.1000E+01   .0000E+00      -1   -.100E+01   25.00   .2011E-06   .9978E-07   .4307E+00   .0000E+00   .0000E+00   .0000E+00
  86   -85.00        .000  .5000    .1000E+01   .0000E+00  -.1000E+01   .0000E+00      -1   -.100E+01   25.00   .2012E-06   .9978E-07   .4263E+00   .0000E+00   .0000E+00   .0000E+00
  87   -86.00        .000  .5000    .1000E+01   .0000E+00  -.1000E+01   .0000E+00      -1   -.100E+01   25.00   .2012E-06   .9979E-07   .4221E+00   .0000E+00   .0000E+00   .0000E+00
  88   -87.00        .000  .5000    .1000E+01   .0000E+00  -.1000E+01   .0000E+00      -1   -.100E+01   25.00   .2012E-06   .9979E-07   .4178E+00   .0000E+00   .0000E+00   .0000E+00
  89   -88.00        .000  .5000    .1000E+01   .0000E+00  -.1000E+01   .0000E+00      -1   -.100E+01   25.00   .2012E-06   .9979E-07   .4135E+00   .0000E+00   .0000E+00   .0000E+00
  90   -89.00        .000  .5000    .1000E+01   .0000E+00  -.1000E+01   .0000E+00      -1   -.100E+01   25.00   .2012E-06   .9980E-07   .4092E+00   .0000E+00   .0000E+00   .0000E+00
  91   -90.00        .000  .5000    .1000E+01   .0000E+00  -.1000E+01   .0000E+00      -1   -.100E+01   25.00   .2012E-06   .9980E-07   .4049E+00   .0000E+00   .0000E+00   .0000E+00
  92   -91.00        .000  .5000    .1000E+01   .0000E+00  -.1000E+01   .0000E+00      -1   -.100E+01   25.00   .2012E-06   .9980E-07   .4006E+00   .0000E+00   .0000E+00   .0000E+00
  93   -92.00        .000  .5000    .1000E+01   .0000E+00  -.1000E+01   .0000E+00      -1   -.100E+01   25.00   .2012E-06   .9981E-07   .3962E+00   .0000E+00   .0000E+00   .0000E+00
  94   -93.00        .000  .5000    .1000E+01   .0000E+00  -.1000E+01   .0000E+00      -1   -.100E+01   25.00   .2012E-06   .9981E-07   .3918E+00   .0000E+00   .0000E+00   .0000E+00
  95   -94.00        .000  .5000    .1000E+01   .0000E+00  -.1000E+01   .0000E+00      -1   -.100E+01   25.00   .2012E-06   .9982E-07   .3873E+00   .0000E+00   .0000E+00   .0000E+00
  96   -95.00        .000  .5000    .1000E+01   .0000E+00  -.1000E+01   .0000E+00      -1   -.100E+01   25.00   .2012E-06   .9982E-07   .3827E+00   .0000E+00   .0000E+00   .0000E+00
  97   -96.00        .000  .5000    .1000E+01   .0000E+00  -.1000E+01   .0000E+00      -1   -.100E+01   25.00   .2012E-06   .9982E-07   .3780E+00   .0000E+00   .0000E+00   .0000E+00
  98   -97.00        .000  .5000    .1000E+01   .0000E+00  -.1000E+01   .0000E+00      -1   -.100E+01   25.00   .2012E-06   .9983E-07   .3733E+00   .0000E+00   .0000E+00   .0000E+00
  99   -98.00        .000  .5000    .1000E+01   .0000E+00  -.1000E+01   .0000E+00      -1   -.100E+01   25.00   .2013E-06   .9983E-07   .3689E+00   .0000E+00   .0000E+00   .0000E+00
 100   -99.00        .000  .5000    .1000E+01   .0000E+00  -.1000E+01   .0000E+00      -1   -.100E+01   25.00   .2013E-06   .9983E-07   .3655E+00   .0000E+00   .0000E+00   .0000E+00
 101  -100.00        .000  .5000    .1000E+01   .0000E+00  -.1000E+01   .0000E+00      -1   -.100E+01   25.00   .2013E-06   .9983E-07   .3655E+00   .0000E+00   .0000E+00   .0000E+00
end
