 ******* Program HYDRUS
 ******* steady state transport of a nonlinearly adsorbing and decaying contamin
 a
 Date:  30.10.    Time:   9:42:26
 Units: L = cm   , T = days , M = mmol 



                             Node( 51)                                 Node(101)

       time         h        theta     Flux    Conc           h        theta     Flux    Conc     
        10.000        .000   .5000  -.100E+01   .200E-06   .100E-06   .144E-20          .000   .5000  -.100E+01   .200E-06   .100E-06   .673E-35
        20.000        .000   .5000  -.100E+01   .200E-06   .100E-06   .779E-21          .000   .5000  -.100E+01   .200E-06   .100E-06   .594E-24
        30.000        .000   .5000  -.100E+01   .201E-06   .100E-06   .475E-23          .000   .5000  -.100E+01   .200E-06   .100E-06   .603E-21
        40.000        .000   .5000  -.100E+01   .201E-06   .100E-06   .213E-24          .000   .5000  -.100E+01   .200E-06   .100E-06   .158E-20
        50.000        .000   .5000  -.100E+01   .201E-06   .100E-06   .200E-24          .000   .5000  -.100E+01   .201E-06   .100E-06   .296E-21
        60.000        .000   .5000  -.100E+01   .201E-06   .100E-06   .200E-24          .000   .5000  -.100E+01   .201E-06   .100E-06   .137E-22
        70.000        .000   .5000  -.100E+01   .201E-06   .100E-06   .204E-24          .000   .5000  -.100E+01   .201E-06   .100E-06   .471E-24
        80.000        .000   .5000  -.100E+01   .202E-06   .100E-06   .292E-24          .000   .5000  -.100E+01   .201E-06   .100E-06   .203E-24
        90.000        .000   .5000  -.100E+01   .202E-06   .100E-06   .232E-23          .000   .5000  -.100E+01   .201E-06   .100E-06   .202E-24
       100.000        .000   .5000  -.100E+01   .202E-06   .100E-06   .123E-23          .000   .5000  -.100E+01   .202E-06   .100E-06   .260E-24
       110.000        .000   .5000  -.100E+01   .202E-06   .100E-06   .276E-23          .000   .5000  -.100E+01   .202E-06   .100E-06   .107E-23
       120.000        .000   .5000  -.100E+01   .202E-06   .100E-06   .143E-23          .000   .5000  -.100E+01   .202E-06   .100E-06   .110E-23
       130.000        .000   .5000  -.100E+01   .202E-06   .100E-06   .261E-23          .000   .5000  -.100E+01   .202E-06   .100E-06   .255E-24
       140.000        .000   .5000  -.100E+01   .202E-06   .100E-06   .200E-24          .000   .5000  -.100E+01   .202E-06   .100E-06   .201E-24
       150.000        .000   .5000  -.100E+01   .202E-06   .100E-06   .201E-24          .000   .5000  -.100E+01   .202E-06   .100E-06   .200E-24
       160.000        .000   .5000  -.100E+01   .202E-06   .100E-06   .218E-24          .000   .5000  -.100E+01   .202E-06   .100E-06   .200E-24
       170.000        .000   .5000  -.100E+01   .202E-06   .100E-06   .532E-24          .000   .5000  -.100E+01   .202E-06   .100E-06   .200E-24
       180.000        .000   .5000  -.100E+01   .202E-06   .100E-06   .875E-23          .000   .5000  -.100E+01   .202E-06   .100E-06   .200E-24
       190.000        .000   .5000  -.100E+01   .202E-06   .100E-06   .266E-21          .000   .5000  -.100E+01   .202E-06   .100E-06   .200E-24
       200.000        .000   .5000  -.100E+01   .202E-06   .100E-06   .833E-20          .000   .5000  -.100E+01   .202E-06   .100E-06   .200E-24
       210.000        .000   .5000  -.100E+01   .202E-06   .100E-06   .255E-18          .000   .5000  -.100E+01   .202E-06   .100E-06   .200E-24
       220.000        .000   .5000  -.100E+01   .202E-06   .100E-06   .765E-17          .000   .5000  -.100E+01   .202E-06   .100E-06   .200E-24
       230.000        .000   .5000  -.100E+01   .202E-06   .100E-06   .224E-15          .000   .5000  -.100E+01   .202E-06   .100E-06   .200E-24
       240.000        .000   .5000  -.100E+01   .202E-06   .100E-06   .642E-14          .000   .5000  -.100E+01   .202E-06   .100E-06   .202E-24
       250.000        .000   .5000  -.100E+01   .202E-06   .100E-06   .179E-12          .000   .5000  -.100E+01   .202E-06   .100E-06   .228E-24
       260.000        .000   .5000  -.100E+01   .202E-06   .100E-06   .485E-11          .000   .5000  -.100E+01   .202E-06   .100E-06   .600E-24
       270.000        .000   .5000  -.100E+01   .202E-06   .100E-06   .125E-09          .000   .5000  -.100E+01   .202E-06   .100E-06   .288E-23
       280.000        .000   .5000  -.100E+01   .202E-06   .100E-06   .303E-08          .000   .5000  -.100E+01   .202E-06   .100E-06   .906E-24
       290.000        .000   .5000  -.100E+01   .202E-06   .100E-06   .658E-07          .000   .5000  -.100E+01   .202E-06   .100E-06   .754E-24
       300.000        .000   .5000  -.100E+01   .202E-06   .100E-06   .120E-05          .000   .5000  -.100E+01   .202E-06   .100E-06   .798E-24
       310.000        .000   .5000  -.100E+01   .202E-06   .100E-06   .168E-04          .000   .5000  -.100E+01   .202E-06   .100E-06   .217E-24
       320.000        .000   .5000  -.100E+01   .202E-06   .100E-06   .167E-03          .000   .5000  -.100E+01   .202E-06   .100E-06   .200E-24
       330.000        .000   .5000  -.100E+01   .202E-06   .100E-06   .112E-02          .000   .5000  -.100E+01   .202E-06   .100E-06   .200E-24
       340.000        .000   .5000  -.100E+01   .202E-06   .100E-06   .499E-02          .000   .5000  -.100E+01   .202E-06   .100E-06   .200E-24
       350.000        .000   .5000  -.100E+01   .202E-06   .100E-06   .158E-01          .000   .5000  -.100E+01   .202E-06   .100E-06   .200E-24
       360.000        .000   .5000  -.100E+01   .202E-06   .100E-06   .376E-01          .000   .5000  -.100E+01   .202E-06   .100E-06   .200E-24
       370.000        .000   .5000  -.100E+01   .202E-06   .100E-06   .723E-01          .000   .5000  -.100E+01   .202E-06   .100E-06   .200E-24
       380.000        .000   .5000  -.100E+01   .202E-06   .100E-06   .119E+00          .000   .5000  -.100E+01   .202E-06   .100E-06   .200E-24
       390.000        .000   .5000  -.100E+01   .202E-06   .100E-06   .173E+00          .000   .5000  -.100E+01   .202E-06   .100E-06   .200E-24
       400.000        .000   .5000  -.100E+01   .201E-06   .999E-07   .230E+00          .000   .5000  -.100E+01   .202E-06   .100E-06   .200E-24
       410.000        .000   .5000  -.100E+01   .201E-06   .999E-07   .287E+00          .000   .5000  -.100E+01   .202E-06   .100E-06   .200E-24
       420.000        .000   .5000  -.100E+01   .201E-06   .999E-07   .340E+00          .000   .5000  -.100E+01   .202E-06   .100E-06   .203E-24
       430.000        .000   .5000  -.100E+01   .201E-06   .998E-07   .388E+00          .000   .5000  -.100E+01   .202E-06   .100E-06   .236E-24
       440.000        .000   .5000  -.100E+01   .201E-06   .998E-07   .429E+00          .000   .5000  -.100E+01   .202E-06   .100E-06   .627E-24
       450.000        .000   .5000  -.100E+01   .201E-06   .997E-07   .464E+00          .000   .5000  -.100E+01   .202E-06   .100E-06   .402E-23
       460.000        .000   .5000  -.100E+01   .201E-06   .997E-07   .493E+00          .000   .5000  -.100E+01   .202E-06   .100E-06   .386E-24
       470.000        .000   .5000  -.100E+01   .201E-06   .997E-07   .517E+00          .000   .5000  -.100E+01   .202E-06   .100E-06   .448E-24
       480.000        .000   .5000  -.100E+01   .201E-06   .997E-07   .536E+00          .000   .5000  -.100E+01   .202E-06   .100E-06   .560E-24
       490.000        .000   .5000  -.100E+01   .201E-06   .997E-07   .551E+00          .000   .5000  -.100E+01   .202E-06   .100E-06   .521E-24
       500.000        .000   .5000  -.100E+01   .201E-06   .997E-07   .563E+00          .000   .5000  -.100E+01   .202E-06   .100E-06   .346E-24
       510.000        .000   .5000  -.100E+01   .201E-06   .997E-07   .573E+00          .000   .5000  -.100E+01   .202E-06   .100E-06   .376E-24
       520.000        .000   .5000  -.100E+01   .201E-06   .997E-07   .580E+00          .000   .5000  -.100E+01   .202E-06   .100E-06   .448E-24
       530.000        .000   .5000  -.100E+01   .201E-06   .996E-07   .586E+00          .000   .5000  -.100E+01   .202E-06   .100E-06   .464E-24
       540.000        .000   .5000  -.100E+01   .201E-06   .996E-07   .590E+00          .000   .5000  -.100E+01   .202E-06   .100E-06   .200E-24
       550.000        .000   .5000  -.100E+01   .201E-06   .996E-07   .593E+00          .000   .5000  -.100E+01   .202E-06   .100E-06   .201E-24
       560.000        .000   .5000  -.100E+01   .201E-06   .996E-07   .596E+00          .000   .5000  -.100E+01   .202E-06   .100E-06   .206E-24
       570.000        .000   .5000  -.100E+01   .201E-06   .996E-07   .598E+00          .000   .5000  -.100E+01   .202E-06   .100E-06   .265E-24
       580.000        .000   .5000  -.100E+01   .201E-06   .996E-07   .599E+00          .000   .5000  -.100E+01   .202E-06   .100E-06   .104E-23
       590.000        .000   .5000  -.100E+01   .201E-06   .996E-07   .600E+00          .000   .5000  -.100E+01   .202E-06   .100E-06   .145E-22
       600.000        .000   .5000  -.100E+01   .201E-06   .996E-07   .601E+00          .000   .5000  -.100E+01   .202E-06   .100E-06   .273E-21
       610.000        .000   .5000  -.100E+01   .201E-06   .996E-07   .602E+00          .000   .5000  -.100E+01   .202E-06   .100E-06   .527E-20
       620.000        .000   .5000  -.100E+01   .201E-06   .996E-07   .602E+00          .000   .5000  -.100E+01   .202E-06   .100E-06   .102E-18
       630.000        .000   .5000  -.100E+01   .201E-06   .996E-07   .602E+00          .000   .5000  -.100E+01   .202E-06   .100E-06   .194E-17
       640.000        .000   .5000  -.100E+01   .201E-06   .996E-07   .603E+00          .000   .5000  -.100E+01   .202E-06   .100E-06   .369E-16
       650.000        .000   .5000  -.100E+01   .201E-06   .996E-07   .603E+00          .000   .5000  -.100E+01   .202E-06   .100E-06   .693E-15
       660.000        .000   .5000  -.100E+01   .201E-06   .996E-07   .603E+00          .000   .5000  -.100E+01   .202E-06   .100E-06   .129E-13
       670.000        .000   .5000  -.100E+01   .201E-06   .996E-07   .603E+00          .000   .5000  -.100E+01   .202E-06   .100E-06   .237E-12
       680.000        .000   .5000  -.100E+01   .201E-06   .996E-07   .603E+00          .000   .5000  -.100E+01   .202E-06   .100E-06   .426E-11
       690.000        .000   .5000  -.100E+01   .201E-06   .996E-07   .603E+00          .000   .5000  -.100E+01   .202E-06   .100E-06   .743E-10
       700.000        .000   .5000  -.100E+01   .201E-06   .996E-07   .603E+00          .000   .5000  -.100E+01   .202E-06   .100E-06   .124E-08
       710.000        .000   .5000  -.100E+01   .201E-06   .996E-07   .603E+00          .000   .5000  -.100E+01   .202E-06   .100E-06   .192E-07
       720.000        .000   .5000  -.100E+01   .201E-06   .996E-07   .603E+00          .000   .5000  -.100E+01   .202E-06   .100E-06   .264E-06
       730.000        .000   .5000  -.100E+01   .201E-06   .996E-07   .603E+00          .000   .5000  -.100E+01   .202E-06   .100E-06   .306E-05
       740.000        .000   .5000  -.100E+01   .201E-06   .996E-07   .603E+00          .000   .5000  -.100E+01   .202E-06   .100E-06   .280E-04
       750.000        .000   .5000  -.100E+01   .201E-06   .996E-07   .603E+00          .000   .5000  -.100E+01   .202E-06   .100E-06   .192E-03
       760.000        .000   .5000  -.100E+01   .201E-06   .996E-07   .603E+00          .000   .5000  -.100E+01   .202E-06   .100E-06   .959E-03
       770.000        .000   .5000  -.100E+01   .201E-06   .996E-07   .603E+00          .000   .5000  -.100E+01   .202E-06   .100E-06   .352E-02
       780.000        .000   .5000  -.100E+01   .201E-06   .996E-07   .603E+00          .000   .5000  -.100E+01   .202E-06   .100E-06   .984E-02
       790.000        .000   .5000  -.100E+01   .201E-06   .996E-07   .603E+00          .000   .5000  -.100E+01   .202E-06   .100E-06   .219E-01
       800.000        .000   .5000  -.100E+01   .201E-06   .996E-07   .603E+00          .000   .5000  -.100E+01   .202E-06   .100E-06   .406E-01
       810.000        .000   .5000  -.100E+01   .201E-06   .996E-07   .603E+00          .000   .5000  -.100E+01   .202E-06   .100E-06   .655E-01
       820.000        .000   .5000  -.100E+01   .201E-06   .996E-07   .603E+00          .000   .5000  -.100E+01   .202E-06   .100E-06   .949E-01
       830.000        .000   .5000  -.100E+01   .201E-06   .996E-07   .603E+00          .000   .5000  -.100E+01   .202E-06   .100E-06   .127E+00
       840.000        .000   .5000  -.100E+01   .201E-06   .996E-07   .603E+00          .000   .5000  -.100E+01   .202E-06   .100E-06   .159E+00
       850.000        .000   .5000  -.100E+01   .201E-06   .996E-07   .603E+00          .000   .5000  -.100E+01   .202E-06   .100E-06   .189E+00
       860.000        .000   .5000  -.100E+01   .201E-06   .996E-07   .603E+00          .000   .5000  -.100E+01   .202E-06   .100E-06   .218E+00
       870.000        .000   .5000  -.100E+01   .201E-06   .996E-07   .603E+00          .000   .5000  -.100E+01   .201E-06   .999E-07   .243E+00
       880.000        .000   .5000  -.100E+01   .201E-06   .996E-07   .603E+00          .000   .5000  -.100E+01   .201E-06   .999E-07   .265E+00
       890.000        .000   .5000  -.100E+01   .201E-06   .996E-07   .603E+00          .000   .5000  -.100E+01   .201E-06   .999E-07   .284E+00
       900.000        .000   .5000  -.100E+01   .201E-06   .996E-07   .603E+00          .000   .5000  -.100E+01   .201E-06   .999E-07   .301E+00
       910.000        .000   .5000  -.100E+01   .201E-06   .996E-07   .603E+00          .000   .5000  -.100E+01   .201E-06   .999E-07   .314E+00
       920.000        .000   .5000  -.100E+01   .201E-06   .996E-07   .603E+00          .000   .5000  -.100E+01   .201E-06   .999E-07   .325E+00
       930.000        .000   .5000  -.100E+01   .201E-06   .996E-07   .603E+00          .000   .5000  -.100E+01   .201E-06   .999E-07   .335E+00
       940.000        .000   .5000  -.100E+01   .201E-06   .996E-07   .603E+00          .000   .5000  -.100E+01   .201E-06   .999E-07   .342E+00
       950.000        .000   .5000  -.100E+01   .201E-06   .996E-07   .603E+00          .000   .5000  -.100E+01   .201E-06   .998E-07   .349E+00
       960.000        .000   .5000  -.100E+01   .201E-06   .996E-07   .603E+00          .000   .5000  -.100E+01   .201E-06   .998E-07   .354E+00
       970.000        .000   .5000  -.100E+01   .201E-06   .996E-07   .603E+00          .000   .5000  -.100E+01   .201E-06   .998E-07   .358E+00
       980.000        .000   .5000  -.100E+01   .201E-06   .996E-07   .603E+00          .000   .5000  -.100E+01   .201E-06   .998E-07   .361E+00
       990.000        .000   .5000  -.100E+01   .201E-06   .996E-07   .603E+00          .000   .5000  -.100E+01   .201E-06   .998E-07   .363E+00
      1000.000        .000   .5000  -.100E+01   .201E-06   .996E-07   .603E+00          .000   .5000  -.100E+01   .201E-06   .998E-07   .365E+00
end
