 ******* Program HYDRUS
 ******* steady state transport of a nonlinearly adsorbing and decaying contamin
 a
 Date:  30.10.    Time:   9:42:26
 Units: L = cm   , T = days , M = mmol 


  TLevel   Time         dt     ItrW ItrC  ItCum  KodT  KodB Converg Peclet   Courant

       118  .10000E+02  .72036E-01      1      1       118     1     1     F     1.025      .144
       222  .20000E+02  .64117E-01      1      1       222     1     1     F     1.022      .128
       326  .30000E+02  .63989E-01      1      1       326     1     1     F     1.022      .128
       430  .40000E+02  .63987E-01      1      1       430     1     1     F     1.022      .128
       534  .50000E+02  .63987E-01      1      1       534     1     1     F     1.022      .128
       638  .60000E+02  .63987E-01      1      1       638     1     1     F     1.022      .128
       742  .70000E+02  .63987E-01      1      1       742     1     1     F     1.022      .128
       846  .80000E+02  .63987E-01      1      1       846     1     1     F     1.022      .128
       950  .90000E+02  .63987E-01      1      1       950     1     1     F     1.022      .128
      1054  .10000E+03  .63987E-01      1      1      1054     1     1     F     1.022      .128
      1158  .11000E+03  .63987E-01      1      1      1158     1     1     F     1.022      .128
      1262  .12000E+03  .63987E-01      1      1      1262     1     1     F     1.022      .128
      1366  .13000E+03  .63987E-01      1      1      1366     1     1     F     1.022      .128
      1470  .14000E+03  .63987E-01      1      1      1470     1     1     F     1.022      .128
      1574  .15000E+03  .63987E-01      1      1      1574     1     1     F     1.022      .128
      1678  .16000E+03  .63987E-01      1      1      1678     1     1     F     1.022      .128
      1782  .17000E+03  .63987E-01      1      1      1782     1     1     F     1.022      .128
      1886  .18000E+03  .63987E-01      1      1      1886     1     1     F     1.022      .128
      1990  .19000E+03  .63987E-01      1      1      1990     1     1     F     1.022      .128
      2094  .20000E+03  .63987E-01      1      1      2094     1     1     F     1.022      .128
      2198  .21000E+03  .63987E-01      1      1      2198     1     1     F     1.022      .128
      2302  .22000E+03  .63987E-01      1      1      2302     1     1     F     1.022      .128
      2406  .23000E+03  .63987E-01      1      1      2406     1     1     F     1.022      .128
      2510  .24000E+03  .63987E-01      1      1      2510     1     1     F     1.022      .128
      2614  .25000E+03  .63987E-01      1      1      2614     1     1     F     1.022      .128
      2718  .26000E+03  .63987E-01      1      1      2718     1     1     F     1.022      .128
      2822  .27000E+03  .63987E-01      1      1      2822     1     1     F     1.022      .128
      2926  .28000E+03  .63987E-01      1      1      2926     1     1     F     1.022      .128
      3030  .29000E+03  .63987E-01      1      1      3030     1     1     F     1.022      .128
      3134  .30000E+03  .63987E-01      1      1      3134     1     1     F     1.022      .128
      3238  .31000E+03  .63987E-01      1      1      3238     1     1     F     1.022      .128
      3342  .32000E+03  .63987E-01      1      1      3342     1     1     F     1.022      .128
      3446  .33000E+03  .63987E-01      1      1      3446     1     1     F     1.022      .128
      3550  .34000E+03  .63987E-01      1      1      3550     1     1     F     1.022      .128
      3654  .35000E+03  .63987E-01      1      1      3654     1     1     F     1.022      .128
      3758  .36000E+03  .63987E-01      1      1      3758     1     1     F     1.022      .128
      3862  .37000E+03  .63987E-01      1      1      3862     1     1     F     1.022      .128
      3966  .38000E+03  .63987E-01      1      1      3966     1     1     F     1.022      .128
      4070  .39000E+03  .63987E-01      1      1      4070     1     1     F     1.022      .128
      4174  .40000E+03  .63987E-01      1      1      4174     1     1     F     1.022      .128
      4278  .41000E+03  .63987E-01      1      1      4278     1     1     F     1.022      .128
      4382  .42000E+03  .63987E-01      1      1      4382     1     1     F     1.022      .128
      4486  .43000E+03  .63987E-01      1      1      4486     1     1     F     1.022      .128
      4590  .44000E+03  .63987E-01      1      1      4590     1     1     F     1.022      .128
      4694  .45000E+03  .63987E-01      1      1      4694     1     1     F     1.022      .128
      4798  .46000E+03  .63987E-01      1      1      4798     1     1     F     1.022      .128
      4902  .47000E+03  .63987E-01      1      1      4902     1     1     F     1.022      .128
      5006  .48000E+03  .63987E-01      1      1      5006     1     1     F     1.022      .128
      5110  .49000E+03  .63987E-01      1      1      5110     1     1     F     1.022      .128
      5214  .50000E+03  .63987E-01      1      1      5214     1     1     F     1.022      .128
      5318  .51000E+03  .63987E-01      1      1      5318     1     1     F     1.022      .128
      5422  .52000E+03  .63987E-01      1      1      5422     1     1     F     1.022      .128
      5526  .53000E+03  .63987E-01      1      1      5526     1     1     F     1.022      .128
      5630  .54000E+03  .63987E-01      1      1      5630     1     1     F     1.022      .128
      5734  .55000E+03  .63987E-01      1      1      5734     1     1     F     1.022      .128
      5838  .56000E+03  .63987E-01      1      1      5838     1     1     F     1.022      .128
      5942  .57000E+03  .63987E-01      1      1      5942     1     1     F     1.022      .128
      6046  .58000E+03  .63987E-01      1      1      6046     1     1     F     1.022      .128
      6150  .59000E+03  .63987E-01      1      1      6150     1     1     F     1.022      .128
      6254  .60000E+03  .63987E-01      1      1      6254     1     1     F     1.022      .128
      6358  .61000E+03  .63987E-01      1      1      6358     1     1     F     1.022      .128
      6462  .62000E+03  .63987E-01      1      1      6462     1     1     F     1.022      .128
      6566  .63000E+03  .63987E-01      1      1      6566     1     1     F     1.022      .128
      6670  .64000E+03  .63987E-01      1      1      6670     1     1     F     1.022      .128
      6774  .65000E+03  .63987E-01      1      1      6774     1     1     F     1.022      .128
      6878  .66000E+03  .63987E-01      1      1      6878     1     1     F     1.022      .128
      6982  .67000E+03  .63987E-01      1      1      6982     1     1     F     1.022      .128
      7086  .68000E+03  .63987E-01      1      1      7086     1     1     F     1.022      .128
      7190  .69000E+03  .63987E-01      1      1      7190     1     1     F     1.022      .128
      7294  .70000E+03  .63987E-01      1      1      7294     1     1     F     1.022      .128
      7398  .71000E+03  .63987E-01      1      1      7398     1     1     F     1.022      .128
      7502  .72000E+03  .63987E-01      1      1      7502     1     1     F     1.022      .128
      7606  .73000E+03  .63987E-01      1      1      7606     1     1     F     1.022      .128
      7710  .74000E+03  .63987E-01      1      1      7710     1     1     F     1.022      .128
      7814  .75000E+03  .63987E-01      1      1      7814     1     1     F     1.022      .128
      7918  .76000E+03  .63987E-01      1      1      7918     1     1     F     1.022      .128
      8022  .77000E+03  .63987E-01      1      1      8022     1     1     F     1.022      .128
      8126  .78000E+03  .63987E-01      1      1      8126     1     1     F     1.022      .128
      8230  .79000E+03  .63987E-01      1      1      8230     1     1     F     1.022      .128
      8334  .80000E+03  .63987E-01      1      1      8334     1     1     F     1.022      .128
      8438  .81000E+03  .63987E-01      1      1      8438     1     1     F     1.022      .128
      8542  .82000E+03  .63987E-01      1      1      8542     1     1     F     1.022      .128
      8646  .83000E+03  .63987E-01      1      1      8646     1     1     F     1.022      .128
      8750  .84000E+03  .63987E-01      1      1      8750     1     1     F     1.022      .128
      8854  .85000E+03  .63987E-01      1      1      8854     1     1     F     1.022      .128
      8958  .86000E+03  .63987E-01      1      1      8958     1     1     F     1.022      .128
      9062  .87000E+03  .63987E-01      1      1      9062     1     1     F     1.022      .128
      9166  .88000E+03  .63987E-01      1      1      9166     1     1     F     1.022      .128
      9270  .89000E+03  .63987E-01      1      1      9270     1     1     F     1.022      .128
      9374  .90000E+03  .63987E-01      1      1      9374     1     1     F     1.022      .128
      9478  .91000E+03  .63987E-01      1      1      9478     1     1     F     1.022      .128
      9582  .92000E+03  .63987E-01      1      1      9582     1     1     F     1.022      .128
      9686  .93000E+03  .63987E-01      1      1      9686     1     1     F     1.022      .128
      9790  .94000E+03  .63987E-01      1      1      9790     1     1     F     1.022      .128
      9894  .95000E+03  .63987E-01      1      1      9894     1     1     F     1.022      .128
      9998  .96000E+03  .63987E-01      1      1      9998     1     1     F     1.022      .128
     10102  .97000E+03  .63987E-01      1      1     10102     1     1     F     1.022      .128
     10206  .98000E+03  .63987E-01      1      1     10206     1     1     F     1.022      .128
     10310  .99000E+03  .63987E-01      1      1     10310     1     1     F     1.022      .128
     10414  .10000E+04  .63987E-01      1      1     10414     1     1     F     1.022      .128
end
 
 Real time [sec]     925.000000000000000
