 All solute fluxes and cumulative solute fluxes are positive into the region

       Time       cvTop      cvBot    Sum(cvTop) Sum(cvBot)   cvCh0      cvCh1       cTop      cRoot       cBot      cvRoot   Sum(cvRoot) Sum(cvNEql) TLevel   PhrExch
        [T]      [M/L2/T]   [M/L2/T]    [M/L2]     [M/L2]     [M/L2]     [M/L2]      [M/L3]    [M/L3]      [M/L3]   [M/L2/T]    [M/L2]      [M/L2]              [M/L2]
      10.00000   .198E-06  -.200E-06   .198E-05  -.200E-05   .000E+00   .000E+00   .201E-06   .000E+00   .200E-06   .000E+00   .000E+00   .000E+00     118   .3321E-07
      20.00000   .198E-06  -.200E-06   .397E-05  -.400E-05   .000E+00   .000E+00   .200E-06   .000E+00   .200E-06   .000E+00   .000E+00   .000E+00     222   .6572E-07
      30.00000   .198E-06  -.200E-06   .595E-05  -.601E-05   .000E+00   .000E+00   .200E-06   .000E+00   .200E-06   .000E+00   .000E+00   .000E+00     326   .9208E-07
      40.00000   .198E-06  -.200E-06   .794E-05  -.801E-05   .000E+00   .000E+00   .200E-06   .000E+00   .200E-06   .000E+00   .000E+00   .000E+00     430   .1173E-06
      50.00000   .198E-06  -.201E-06   .992E-05  -.100E-04   .000E+00   .000E+00   .200E-06   .000E+00   .201E-06   .000E+00   .000E+00   .000E+00     534   .1425E-06
      60.00000   .198E-06  -.201E-06   .119E-04  -.120E-04   .000E+00   .000E+00   .200E-06   .000E+00   .201E-06   .000E+00   .000E+00   .000E+00     638   .1679E-06
      70.00000   .198E-06  -.201E-06   .139E-04  -.140E-04   .000E+00   .000E+00   .200E-06   .000E+00   .201E-06   .000E+00   .000E+00   .000E+00     742   .1961E-06
      80.00000   .198E-06  -.201E-06   .159E-04  -.160E-04   .000E+00   .000E+00   .200E-06   .000E+00   .201E-06   .000E+00   .000E+00   .000E+00     846   .2286E-06
      90.00000   .198E-06  -.201E-06   .179E-04  -.181E-04   .000E+00   .000E+00   .200E-06   .000E+00   .201E-06   .000E+00   .000E+00   .000E+00     950   .2615E-06
     100.00000   .198E-06  -.202E-06   .198E-04  -.201E-04   .000E+00   .000E+00   .200E-06   .000E+00   .202E-06   .000E+00   .000E+00   .000E+00    1054   .2947E-06
     110.00000   .198E-06  -.202E-06   .218E-04  -.221E-04   .000E+00   .000E+00   .200E-06   .000E+00   .202E-06   .000E+00   .000E+00   .000E+00    1158   .3280E-06
     120.00000   .198E-06  -.202E-06   .238E-04  -.241E-04   .000E+00   .000E+00   .200E-06   .000E+00   .202E-06   .000E+00   .000E+00   .000E+00    1262   .3612E-06
     130.00000   .198E-06  -.202E-06   .258E-04  -.261E-04   .000E+00   .000E+00   .200E-06   .000E+00   .202E-06   .000E+00   .000E+00   .000E+00    1366   .3945E-06
     140.00000   .198E-06  -.202E-06   .278E-04  -.281E-04   .000E+00   .000E+00   .200E-06   .000E+00   .202E-06   .000E+00   .000E+00   .000E+00    1470   .4279E-06
     150.00000   .198E-06  -.202E-06   .298E-04  -.302E-04   .000E+00   .000E+00   .200E-06   .000E+00   .202E-06   .000E+00   .000E+00   .000E+00    1574   .4612E-06
     160.00000   .198E-06  -.202E-06   .318E-04  -.322E-04   .000E+00   .000E+00   .200E-06   .000E+00   .202E-06   .000E+00   .000E+00   .000E+00    1678   .4946E-06
     170.00000   .198E-06  -.202E-06   .337E-04  -.342E-04   .000E+00   .000E+00   .200E-06   .000E+00   .202E-06   .000E+00   .000E+00   .000E+00    1782   .5280E-06
     180.00000   .198E-06  -.202E-06   .357E-04  -.362E-04   .000E+00   .000E+00   .200E-06   .000E+00   .202E-06   .000E+00   .000E+00   .000E+00    1886   .5614E-06
     190.00000   .198E-06  -.202E-06   .377E-04  -.382E-04   .000E+00   .000E+00   .200E-06   .000E+00   .202E-06   .000E+00   .000E+00   .000E+00    1990   .5949E-06
     200.00000   .198E-06  -.202E-06   .397E-04  -.403E-04   .000E+00   .000E+00   .200E-06   .000E+00   .202E-06   .000E+00   .000E+00   .000E+00    2094   .6283E-06
     210.00000   .198E-06  -.202E-06   .417E-04  -.423E-04   .000E+00   .000E+00   .200E-06   .000E+00   .202E-06   .000E+00   .000E+00   .000E+00    2198   .6618E-06
     220.00000   .198E-06  -.202E-06   .437E-04  -.443E-04   .000E+00   .000E+00   .200E-06   .000E+00   .202E-06   .000E+00   .000E+00   .000E+00    2302   .6954E-06
     230.00000   .198E-06  -.202E-06   .457E-04  -.463E-04   .000E+00   .000E+00   .200E-06   .000E+00   .202E-06   .000E+00   .000E+00   .000E+00    2406   .7289E-06
     240.00000   .198E-06  -.202E-06   .476E-04  -.483E-04   .000E+00   .000E+00   .200E-06   .000E+00   .202E-06   .000E+00   .000E+00   .000E+00    2510   .7623E-06
     250.00000   .198E-06  -.202E-06   .496E-04  -.504E-04   .000E+00   .000E+00   .200E-06   .000E+00   .202E-06   .000E+00   .000E+00   .000E+00    2614   .7956E-06
     260.00000   .198E-06  -.202E-06   .516E-04  -.524E-04   .000E+00   .000E+00   .200E-06   .000E+00   .202E-06   .000E+00   .000E+00   .000E+00    2718   .8290E-06
     270.00000   .198E-06  -.202E-06   .536E-04  -.544E-04   .000E+00   .000E+00   .200E-06   .000E+00   .202E-06   .000E+00   .000E+00   .000E+00    2822   .8624E-06
     280.00000   .198E-06  -.202E-06   .556E-04  -.564E-04   .000E+00   .000E+00   .200E-06   .000E+00   .202E-06   .000E+00   .000E+00   .000E+00    2926   .8958E-06
     290.00000   .198E-06  -.202E-06   .576E-04  -.584E-04   .000E+00   .000E+00   .200E-06   .000E+00   .202E-06   .000E+00   .000E+00   .000E+00    3030   .9293E-06
     300.00000   .198E-06  -.202E-06   .595E-04  -.604E-04   .000E+00   .000E+00   .200E-06   .000E+00   .202E-06   .000E+00   .000E+00   .000E+00    3134   .9627E-06
     310.00000   .198E-06  -.202E-06   .615E-04  -.625E-04   .000E+00   .000E+00   .200E-06   .000E+00   .202E-06   .000E+00   .000E+00   .000E+00    3238   .9961E-06
     320.00000   .198E-06  -.202E-06   .635E-04  -.645E-04   .000E+00   .000E+00   .200E-06   .000E+00   .202E-06   .000E+00   .000E+00   .000E+00    3342   .1030E-05
     330.00000   .198E-06  -.202E-06   .655E-04  -.665E-04   .000E+00   .000E+00   .200E-06   .000E+00   .202E-06   .000E+00   .000E+00   .000E+00    3446   .1063E-05
     340.00000   .198E-06  -.202E-06   .675E-04  -.685E-04   .000E+00   .000E+00   .200E-06   .000E+00   .202E-06   .000E+00   .000E+00   .000E+00    3550   .1097E-05
     350.00000   .198E-06  -.202E-06   .695E-04  -.705E-04   .000E+00   .000E+00   .200E-06   .000E+00   .202E-06   .000E+00   .000E+00   .000E+00    3654   .1130E-05
     360.00000   .198E-06  -.202E-06   .715E-04  -.726E-04   .000E+00   .000E+00   .200E-06   .000E+00   .202E-06   .000E+00   .000E+00   .000E+00    3758   .1164E-05
     370.00000   .198E-06  -.202E-06   .734E-04  -.746E-04   .000E+00   .000E+00   .200E-06   .000E+00   .202E-06   .000E+00   .000E+00   .000E+00    3862   .1197E-05
     380.00000   .198E-06  -.202E-06   .754E-04  -.766E-04   .000E+00   .000E+00   .200E-06   .000E+00   .202E-06   .000E+00   .000E+00   .000E+00    3966   .1231E-05
     390.00000   .198E-06  -.202E-06   .774E-04  -.786E-04   .000E+00   .000E+00   .200E-06   .000E+00   .202E-06   .000E+00   .000E+00   .000E+00    4070   .1264E-05
     400.00000   .198E-06  -.202E-06   .794E-04  -.806E-04   .000E+00   .000E+00   .200E-06   .000E+00   .202E-06   .000E+00   .000E+00   .000E+00    4174   .1298E-05
     410.00000   .198E-06  -.202E-06   .814E-04  -.827E-04   .000E+00   .000E+00   .200E-06   .000E+00   .202E-06   .000E+00   .000E+00   .000E+00    4278   .1332E-05
     420.00000   .198E-06  -.202E-06   .834E-04  -.847E-04   .000E+00   .000E+00   .200E-06   .000E+00   .202E-06   .000E+00   .000E+00   .000E+00    4382   .1365E-05
     430.00000   .198E-06  -.202E-06   .853E-04  -.867E-04   .000E+00   .000E+00   .200E-06   .000E+00   .202E-06   .000E+00   .000E+00   .000E+00    4486   .1399E-05
     440.00000   .198E-06  -.202E-06   .873E-04  -.887E-04   .000E+00   .000E+00   .200E-06   .000E+00   .202E-06   .000E+00   .000E+00   .000E+00    4590   .1432E-05
     450.00000   .198E-06  -.202E-06   .893E-04  -.907E-04   .000E+00   .000E+00   .200E-06   .000E+00   .202E-06   .000E+00   .000E+00   .000E+00    4694   .1466E-05
     460.00000   .198E-06  -.202E-06   .913E-04  -.928E-04   .000E+00   .000E+00   .200E-06   .000E+00   .202E-06   .000E+00   .000E+00   .000E+00    4798   .1499E-05
     470.00000   .198E-06  -.202E-06   .933E-04  -.948E-04   .000E+00   .000E+00   .200E-06   .000E+00   .202E-06   .000E+00   .000E+00   .000E+00    4902   .1533E-05
     480.00000   .198E-06  -.202E-06   .953E-04  -.968E-04   .000E+00   .000E+00   .200E-06   .000E+00   .202E-06   .000E+00   .000E+00   .000E+00    5006   .1567E-05
     490.00000   .198E-06  -.202E-06   .973E-04  -.988E-04   .000E+00   .000E+00   .200E-06   .000E+00   .202E-06   .000E+00   .000E+00   .000E+00    5110   .1600E-05
     500.00000   .198E-06  -.202E-06   .992E-04  -.101E-03   .000E+00   .000E+00   .200E-06   .000E+00   .202E-06   .000E+00   .000E+00   .000E+00    5214   .1634E-05
     510.00000   .198E-06  -.202E-06   .101E-03  -.103E-03   .000E+00   .000E+00   .200E-06   .000E+00   .202E-06   .000E+00   .000E+00   .000E+00    5318   .1667E-05
     520.00000   .198E-06  -.202E-06   .103E-03  -.105E-03   .000E+00   .000E+00   .200E-06   .000E+00   .202E-06   .000E+00   .000E+00   .000E+00    5422   .1701E-05
     530.00000   .198E-06  -.202E-06   .105E-03  -.107E-03   .000E+00   .000E+00   .200E-06   .000E+00   .202E-06   .000E+00   .000E+00   .000E+00    5526   .1734E-05
     540.00000   .198E-06  -.202E-06   .107E-03  -.109E-03   .000E+00   .000E+00   .200E-06   .000E+00   .202E-06   .000E+00   .000E+00   .000E+00    5630   .1768E-05
     550.00000   .198E-06  -.202E-06   .109E-03  -.111E-03   .000E+00   .000E+00   .200E-06   .000E+00   .202E-06   .000E+00   .000E+00   .000E+00    5734   .1801E-05
     560.00000   .198E-06  -.202E-06   .111E-03  -.113E-03   .000E+00   .000E+00   .200E-06   .000E+00   .202E-06   .000E+00   .000E+00   .000E+00    5838   .1835E-05
     570.00000   .198E-06  -.202E-06   .113E-03  -.115E-03   .000E+00   .000E+00   .200E-06   .000E+00   .202E-06   .000E+00   .000E+00   .000E+00    5942   .1869E-05
     580.00000   .198E-06  -.202E-06   .115E-03  -.117E-03   .000E+00   .000E+00   .200E-06   .000E+00   .202E-06   .000E+00   .000E+00   .000E+00    6046   .1902E-05
     590.00000   .198E-06  -.202E-06   .117E-03  -.119E-03   .000E+00   .000E+00   .200E-06   .000E+00   .202E-06   .000E+00   .000E+00   .000E+00    6150   .1936E-05
     600.00000   .198E-06  -.202E-06   .119E-03  -.121E-03   .000E+00   .000E+00   .200E-06   .000E+00   .202E-06   .000E+00   .000E+00   .000E+00    6254   .1969E-05
     610.00000   .198E-06  -.202E-06   .121E-03  -.123E-03   .000E+00   .000E+00   .200E-06   .000E+00   .202E-06   .000E+00   .000E+00   .000E+00    6358   .2003E-05
     620.00000   .198E-06  -.202E-06   .123E-03  -.125E-03   .000E+00   .000E+00   .200E-06   .000E+00   .202E-06   .000E+00   .000E+00   .000E+00    6462   .2037E-05
     630.00000   .198E-06  -.202E-06   .125E-03  -.127E-03   .000E+00   .000E+00   .200E-06   .000E+00   .202E-06   .000E+00   .000E+00   .000E+00    6566   .2070E-05
     640.00000   .198E-06  -.202E-06   .127E-03  -.129E-03   .000E+00   .000E+00   .200E-06   .000E+00   .202E-06   .000E+00   .000E+00   .000E+00    6670   .2104E-05
     650.00000   .198E-06  -.202E-06   .129E-03  -.131E-03   .000E+00   .000E+00   .200E-06   .000E+00   .202E-06   .000E+00   .000E+00   .000E+00    6774   .2137E-05
     660.00000   .198E-06  -.202E-06   .131E-03  -.133E-03   .000E+00   .000E+00   .200E-06   .000E+00   .202E-06   .000E+00   .000E+00   .000E+00    6878   .2171E-05
     670.00000   .198E-06  -.202E-06   .133E-03  -.135E-03   .000E+00   .000E+00   .200E-06   .000E+00   .202E-06   .000E+00   .000E+00   .000E+00    6982   .2205E-05
     680.00000   .198E-06  -.202E-06   .135E-03  -.137E-03   .000E+00   .000E+00   .200E-06   .000E+00   .202E-06   .000E+00   .000E+00   .000E+00    7086   .2238E-05
     690.00000   .198E-06  -.202E-06   .137E-03  -.139E-03   .000E+00   .000E+00   .200E-06   .000E+00   .202E-06   .000E+00   .000E+00   .000E+00    7190   .2272E-05
     700.00000   .198E-06  -.202E-06   .139E-03  -.141E-03   .000E+00   .000E+00   .200E-06   .000E+00   .202E-06   .000E+00   .000E+00   .000E+00    7294   .2306E-05
     710.00000   .198E-06  -.202E-06   .141E-03  -.143E-03   .000E+00   .000E+00   .200E-06   .000E+00   .202E-06   .000E+00   .000E+00   .000E+00    7398   .2339E-05
     720.00000   .198E-06  -.202E-06   .143E-03  -.145E-03   .000E+00   .000E+00   .200E-06   .000E+00   .202E-06   .000E+00   .000E+00   .000E+00    7502   .2373E-05
     730.00000   .198E-06  -.202E-06   .145E-03  -.147E-03   .000E+00   .000E+00   .200E-06   .000E+00   .202E-06   .000E+00   .000E+00   .000E+00    7606   .2407E-05
     740.00000   .198E-06  -.202E-06   .147E-03  -.149E-03   .000E+00   .000E+00   .200E-06   .000E+00   .202E-06   .000E+00   .000E+00   .000E+00    7710   .2440E-05
     750.00000   .198E-06  -.202E-06   .149E-03  -.151E-03   .000E+00   .000E+00   .200E-06   .000E+00   .202E-06   .000E+00   .000E+00   .000E+00    7814   .2474E-05
     760.00000   .198E-06  -.202E-06   .151E-03  -.153E-03   .000E+00   .000E+00   .200E-06   .000E+00   .202E-06   .000E+00   .000E+00   .000E+00    7918   .2508E-05
     770.00000   .198E-06  -.202E-06   .153E-03  -.155E-03   .000E+00   .000E+00   .200E-06   .000E+00   .202E-06   .000E+00   .000E+00   .000E+00    8022   .2541E-05
     780.00000   .198E-06  -.202E-06   .155E-03  -.157E-03   .000E+00   .000E+00   .200E-06   .000E+00   .202E-06   .000E+00   .000E+00   .000E+00    8126   .2575E-05
     790.00000   .198E-06  -.202E-06   .157E-03  -.159E-03   .000E+00   .000E+00   .200E-06   .000E+00   .202E-06   .000E+00   .000E+00   .000E+00    8230   .2608E-05
     800.00000   .198E-06  -.202E-06   .159E-03  -.161E-03   .000E+00   .000E+00   .200E-06   .000E+00   .202E-06   .000E+00   .000E+00   .000E+00    8334   .2642E-05
     810.00000   .198E-06  -.202E-06   .161E-03  -.163E-03   .000E+00   .000E+00   .200E-06   .000E+00   .202E-06   .000E+00   .000E+00   .000E+00    8438   .2675E-05
     820.00000   .198E-06  -.202E-06   .163E-03  -.165E-03   .000E+00   .000E+00   .200E-06   .000E+00   .202E-06   .000E+00   .000E+00   .000E+00    8542   .2707E-05
     830.00000   .198E-06  -.202E-06   .165E-03  -.167E-03   .000E+00   .000E+00   .200E-06   .000E+00   .202E-06   .000E+00   .000E+00   .000E+00    8646   .2739E-05
     840.00000   .198E-06  -.202E-06   .167E-03  -.169E-03   .000E+00   .000E+00   .200E-06   .000E+00   .202E-06   .000E+00   .000E+00   .000E+00    8750   .2771E-05
     850.00000   .198E-06  -.202E-06   .169E-03  -.171E-03   .000E+00   .000E+00   .200E-06   .000E+00   .202E-06   .000E+00   .000E+00   .000E+00    8854   .2802E-05
     860.00000   .198E-06  -.202E-06   .171E-03  -.173E-03   .000E+00   .000E+00   .200E-06   .000E+00   .202E-06   .000E+00   .000E+00   .000E+00    8958   .2833E-05
     870.00000   .198E-06  -.201E-06   .173E-03  -.176E-03   .000E+00   .000E+00   .200E-06   .000E+00   .201E-06   .000E+00   .000E+00   .000E+00    9062   .2863E-05
     880.00000   .198E-06  -.201E-06   .175E-03  -.178E-03   .000E+00   .000E+00   .200E-06   .000E+00   .201E-06   .000E+00   .000E+00   .000E+00    9166   .2892E-05
     890.00000   .198E-06  -.201E-06   .177E-03  -.180E-03   .000E+00   .000E+00   .200E-06   .000E+00   .201E-06   .000E+00   .000E+00   .000E+00    9270   .2922E-05
     900.00000   .198E-06  -.201E-06   .179E-03  -.182E-03   .000E+00   .000E+00   .200E-06   .000E+00   .201E-06   .000E+00   .000E+00   .000E+00    9374   .2951E-05
     910.00000   .198E-06  -.201E-06   .181E-03  -.184E-03   .000E+00   .000E+00   .200E-06   .000E+00   .201E-06   .000E+00   .000E+00   .000E+00    9478   .2980E-05
     920.00000   .198E-06  -.201E-06   .183E-03  -.186E-03   .000E+00   .000E+00   .200E-06   .000E+00   .201E-06   .000E+00   .000E+00   .000E+00    9582   .3008E-05
     930.00000   .198E-06  -.201E-06   .185E-03  -.188E-03   .000E+00   .000E+00   .200E-06   .000E+00   .201E-06   .000E+00   .000E+00   .000E+00    9686   .3037E-05
     940.00000   .198E-06  -.201E-06   .187E-03  -.190E-03   .000E+00   .000E+00   .200E-06   .000E+00   .201E-06   .000E+00   .000E+00   .000E+00    9790   .3065E-05
     950.00000   .198E-06  -.201E-06   .189E-03  -.192E-03   .000E+00   .000E+00   .200E-06   .000E+00   .201E-06   .000E+00   .000E+00   .000E+00    9894   .3093E-05
     960.00000   .198E-06  -.201E-06   .191E-03  -.194E-03   .000E+00   .000E+00   .200E-06   .000E+00   .201E-06   .000E+00   .000E+00   .000E+00    9998   .3121E-05
     970.00000   .198E-06  -.201E-06   .193E-03  -.196E-03   .000E+00   .000E+00   .200E-06   .000E+00   .201E-06   .000E+00   .000E+00   .000E+00   10102   .3149E-05
     980.00000   .198E-06  -.201E-06   .195E-03  -.198E-03   .000E+00   .000E+00   .200E-06   .000E+00   .201E-06   .000E+00   .000E+00   .000E+00   10206   .3177E-05
     990.00000   .198E-06  -.201E-06   .196E-03  -.200E-03   .000E+00   .000E+00   .200E-06   .000E+00   .201E-06   .000E+00   .000E+00   .000E+00   10310   .3205E-05
    1000.00000   .198E-06  -.201E-06   .198E-03  -.202E-03   .000E+00   .000E+00   .200E-06   .000E+00   .201E-06   .000E+00   .000E+00   .000E+00   10414   .3233E-05
end
