phreeqc.out 0 2017284677 -1
CATEXCH.hse 1 0 -1
obs_nod_chem11.out 2 11 0
obs_nod_chem21.out 2 21 0
obs_nod_chem31.out 2 31 0
obs_nod_chem41.out 2 41 0
nod_inf_chem.out 3 0 0
ts_pH.plt 4 0 -1
pd_pH.plt 5 0 -1
ts_pe.plt 4 0 -1
pd_pe.plt 5 0 -1
ts_tot_Cl.plt 4 1 -1
pd_tot_Cl.plt 5 1 -1
ts_tot_Ca.plt 4 1 -1
pd_tot_Ca.plt 5 1 -1
ts_tot_Mg.plt 4 1 -1
pd_tot_Mg.plt 5 1 -1
ts_tot_Na.plt 4 1 -1
pd_tot_Na.plt 5 1 -1
ts_tot_K.plt 4 1 -1
pd_tot_K.plt 5 1 -1
ts_tot_Al.plt 4 1 -1
pd_tot_Al.plt 5 1 -1
ts_tot_Br.plt 4 1 -1
pd_tot_Br.plt 5 1 -1
ts_tot_Cd.plt 4 1 -1
pd_tot_Cd.plt 5 1 -1
ts_tot_Zn.plt 4 1 -1
pd_tot_Zn.plt 5 1 -1
ts_tot_Pb.plt 4 1 -1
pd_tot_Pb.plt 5 1 -1
ts_tot_C.plt 4 1 -1
pd_tot_C.plt 5 1 -1
ts_mol_CaX2.plt 4 2 -1
pd_mol_CaX2.plt 5 2 -1
ts_mol_MgX2.plt 4 2 -1
pd_mol_MgX2.plt 5 2 -1
ts_mol_NaX.plt 4 2 -1
pd_mol_NaX.plt 5 2 -1
ts_mol_KX.plt 4 2 -1
pd_mol_KX.plt 5 2 -1
ts_mol_AlX3.plt 4 2 -1
pd_mol_AlX3.plt 5 2 -1
ts_mol_CdX2.plt 4 2 -1
pd_mol_CdX2.plt 5 2 -1
ts_mol_ZnX2.plt 4 2 -1
pd_mol_ZnX2.plt 5 2 -1
ts_mol_PbX2.plt 4 2 -1
pd_mol_PbX2.plt 5 2 -1
