 ******* Program HYDRUS
 ******* Transport with multiple cation exchange (verification problem 6)       
  
 Date:  30.10.    Time:   9:21:12
 Units: L = cm   , T = days , M = mmol 


  TLevel   Time         dt     ItrW ItrC  ItCum  KodT  KodB Converg Peclet   Courant

        13  .10000E+00  .21153E-01      1      1        13     1     1     F      .100      .212
        17  .20000E+00  .25000E-01      1      1        17     1     1     F      .100      .250
        21  .30000E+00  .20000E-01      1      1        21     1     1     F      .100      .200
        25  .40000E+00  .20000E-01      1      1        25     1     1     F      .100      .200
        29  .50000E+00  .20000E-01      1      1        29     1     1     F      .100      .200
        33  .60000E+00  .20000E-01      1      1        33     1     1     F      .100      .200
        37  .70000E+00  .20000E-01      1      1        37     1     1     F      .100      .200
        41  .80000E+00  .20000E-01      1      1        41     1     1     F      .100      .200
        45  .90000E+00  .20000E-01      1      1        45     1     1     F      .100      .200
        49  .10000E+01  .20000E-01      1      1        49     1     1     F      .100      .200
        53  .11000E+01  .20000E-01      1      1        53     1     1     F      .100      .200
        57  .12000E+01  .20000E-01      1      1        57     1     1     F      .100      .200
        61  .13000E+01  .20000E-01      1      1        61     1     1     F      .100      .200
        65  .14000E+01  .20000E-01      1      1        65     1     1     F      .100      .200
        69  .15000E+01  .20000E-01      1      1        69     1     1     F      .100      .200
        73  .16000E+01  .20000E-01      1      1        73     1     1     F      .100      .200
        77  .17000E+01  .20000E-01      1      1        77     1     1     F      .100      .200
        81  .18000E+01  .20000E-01      1      1        81     1     1     F      .100      .200
        85  .19000E+01  .20000E-01      1      1        85     1     1     F      .100      .200
        89  .20000E+01  .20000E-01      1      1        89     1     1     F      .100      .200
        93  .21000E+01  .20000E-01      1      1        93     1     1     F      .100      .200
        97  .22000E+01  .20000E-01      1      1        97     1     1     F      .100      .200
       101  .23000E+01  .20000E-01      1      1       101     1     1     F      .100      .200
       105  .24000E+01  .20000E-01      1      1       105     1     1     F      .100      .200
       109  .25000E+01  .20000E-01      1      1       109     1     1     F      .100      .200
       113  .26000E+01  .20000E-01      1      1       113     1     1     F      .100      .200
       117  .27000E+01  .20000E-01      1      1       117     1     1     F      .100      .200
       121  .28000E+01  .20000E-01      1      1       121     1     1     F      .100      .200
       125  .29000E+01  .20000E-01      1      1       125     1     1     F      .100      .200
       129  .30000E+01  .20000E-01      1      1       129     1     1     F      .100      .200
       133  .31000E+01  .20000E-01      1      1       133     1     1     F      .100      .200
       137  .32000E+01  .20000E-01      1      1       137     1     1     F      .100      .200
       141  .33000E+01  .20000E-01      1      1       141     1     1     F      .100      .200
       145  .34000E+01  .20000E-01      1      1       145     1     1     F      .100      .200
       149  .35000E+01  .20000E-01      1      1       149     1     1     F      .100      .200
       153  .36000E+01  .20000E-01      1      1       153     1     1     F      .100      .200
       157  .37000E+01  .20000E-01      1      1       157     1     1     F      .100      .200
       161  .38000E+01  .20000E-01      1      1       161     1     1     F      .100      .200
       165  .39000E+01  .20000E-01      1      1       165     1     1     F      .100      .200
       169  .40000E+01  .20000E-01      1      1       169     1     1     F      .100      .200
       173  .41000E+01  .20000E-01      1      1       173     1     1     F      .100      .200
       177  .42000E+01  .20000E-01      1      1       177     1     1     F      .100      .200
       181  .43000E+01  .20000E-01      1      1       181     1     1     F      .100      .200
       185  .44000E+01  .20000E-01      1      1       185     1     1     F      .100      .200
       189  .45000E+01  .20000E-01      1      1       189     1     1     F      .100      .200
       193  .46000E+01  .20000E-01      1      1       193     1     1     F      .100      .200
       197  .47000E+01  .20000E-01      1      1       197     1     1     F      .100      .200
       201  .48000E+01  .20000E-01      1      1       201     1     1     F      .100      .200
       205  .49000E+01  .20000E-01      1      1       205     1     1     F      .100      .200
       209  .50000E+01  .20000E-01      1      1       209     1     1     F      .100      .200
       213  .51000E+01  .20000E-01      1      1       213     1     1     F      .100      .200
       217  .52000E+01  .20000E-01      1      1       217     1     1     F      .100      .200
       221  .53000E+01  .20000E-01      1      1       221     1     1     F      .100      .200
       225  .54000E+01  .20000E-01      1      1       225     1     1     F      .100      .200
       229  .55000E+01  .20000E-01      1      1       229     1     1     F      .100      .200
       233  .56000E+01  .20000E-01      1      1       233     1     1     F      .100      .200
       237  .57000E+01  .20000E-01      1      1       237     1     1     F      .100      .200
       241  .58000E+01  .20000E-01      1      1       241     1     1     F      .100      .200
       245  .59000E+01  .20000E-01      1      1       245     1     1     F      .100      .200
       249  .60000E+01  .20000E-01      1      1       249     1     1     F      .100      .200
       253  .61000E+01  .20000E-01      1      1       253     1     1     F      .100      .200
       257  .62000E+01  .20000E-01      1      1       257     1     1     F      .100      .200
       261  .63000E+01  .20000E-01      1      1       261     1     1     F      .100      .200
       265  .64000E+01  .20000E-01      1      1       265     1     1     F      .100      .200
       269  .65000E+01  .20000E-01      1      1       269     1     1     F      .100      .200
       273  .66000E+01  .20000E-01      1      1       273     1     1     F      .100      .200
       277  .67000E+01  .20000E-01      1      1       277     1     1     F      .100      .200
       281  .68000E+01  .20000E-01      1      1       281     1     1     F      .100      .200
       285  .69000E+01  .20000E-01      1      1       285     1     1     F      .100      .200
       289  .70000E+01  .20000E-01      1      1       289     1     1     F      .100      .200
       293  .71000E+01  .20000E-01      1      1       293     1     1     F      .100      .200
       297  .72000E+01  .20000E-01      1      1       297     1     1     F      .100      .200
       301  .73000E+01  .20000E-01      1      1       301     1     1     F      .100      .200
       305  .74000E+01  .20000E-01      1      1       305     1     1     F      .100      .200
       309  .75000E+01  .20000E-01      1      1       309     1     1     F      .100      .200
       313  .76000E+01  .20000E-01      1      1       313     1     1     F      .100      .200
       317  .77000E+01  .20000E-01      1      1       317     1     1     F      .100      .200
       321  .78000E+01  .20000E-01      1      1       321     1     1     F      .100      .200
       325  .79000E+01  .20000E-01      1      1       325     1     1     F      .100      .200
       329  .80000E+01  .20000E-01      1      1       329     1     1     F      .100      .200
       333  .81000E+01  .20000E-01      1      1       333     1     1     F      .100      .200
       337  .82000E+01  .20000E-01      1      1       337     1     1     F      .100      .200
       341  .83000E+01  .20000E-01      1      1       341     1     1     F      .100      .200
       345  .84000E+01  .20000E-01      1      1       345     1     1     F      .100      .200
       349  .85000E+01  .20000E-01      1      1       349     1     1     F      .100      .200
       353  .86000E+01  .20000E-01      1      1       353     1     1     F      .100      .200
       357  .87000E+01  .20000E-01      1      1       357     1     1     F      .100      .200
       361  .88000E+01  .20000E-01      1      1       361     1     1     F      .100      .200
       365  .89000E+01  .20000E-01      1      1       365     1     1     F      .100      .200
       369  .90000E+01  .20000E-01      1      1       369     1     1     F      .100      .200
       373  .91000E+01  .20000E-01      1      1       373     1     1     F      .100      .200
       377  .92000E+01  .20000E-01      1      1       377     1     1     F      .100      .200
       381  .93000E+01  .20000E-01      1      1       381     1     1     F      .100      .200
       385  .94000E+01  .20000E-01      1      1       385     1     1     F      .100      .200
       389  .95000E+01  .20000E-01      1      1       389     1     1     F      .100      .200
       393  .96000E+01  .20000E-01      1      1       393     1     1     F      .100      .200
       397  .97000E+01  .20000E-01      1      1       397     1     1     F      .100      .200
       401  .98000E+01  .20000E-01      1      1       401     1     1     F      .100      .200
       405  .99000E+01  .20000E-01      1      1       405     1     1     F      .100      .200
       409  .10000E+02  .20000E-01      1      1       409     1     1     F      .100      .200
       413  .10100E+02  .20000E-01      1      1       413     1     1     F      .100      .200
       417  .10200E+02  .20000E-01      1      1       417     1     1     F      .100      .200
       421  .10300E+02  .20000E-01      1      1       421     1     1     F      .100      .200
       425  .10400E+02  .20000E-01      1      1       425     1     1     F      .100      .200
       429  .10500E+02  .20000E-01      1      1       429     1     1     F      .100      .200
       433  .10600E+02  .20000E-01      1      1       433     1     1     F      .100      .200
       437  .10700E+02  .20000E-01      1      1       437     1     1     F      .100      .200
       441  .10800E+02  .20000E-01      1      1       441     1     1     F      .100      .200
       445  .10900E+02  .20000E-01      1      1       445     1     1     F      .100      .200
       449  .11000E+02  .20000E-01      1      1       449     1     1     F      .100      .200
       453  .11100E+02  .20000E-01      1      1       453     1     1     F      .100      .200
       457  .11200E+02  .20000E-01      1      1       457     1     1     F      .100      .200
       461  .11300E+02  .20000E-01      1      1       461     1     1     F      .100      .200
       465  .11400E+02  .20000E-01      1      1       465     1     1     F      .100      .200
       469  .11500E+02  .20000E-01      1      1       469     1     1     F      .100      .200
       473  .11600E+02  .20000E-01      1      1       473     1     1     F      .100      .200
       477  .11700E+02  .20000E-01      1      1       477     1     1     F      .100      .200
       481  .11800E+02  .20000E-01      1      1       481     1     1     F      .100      .200
       485  .11900E+02  .20000E-01      1      1       485     1     1     F      .100      .200
       489  .12000E+02  .20000E-01      1      1       489     1     1     F      .100      .200
       493  .12100E+02  .20000E-01      1      1       493     1     1     F      .100      .200
       497  .12200E+02  .20000E-01      1      1       497     1     1     F      .100      .200
       501  .12300E+02  .20000E-01      1      1       501     1     1     F      .100      .200
       505  .12400E+02  .20000E-01      1      1       505     1     1     F      .100      .200
       509  .12500E+02  .20000E-01      1      1       509     1     1     F      .100      .200
       513  .12600E+02  .20000E-01      1      1       513     1     1     F      .100      .200
       517  .12700E+02  .20000E-01      1      1       517     1     1     F      .100      .200
       521  .12800E+02  .20000E-01      1      1       521     1     1     F      .100      .200
       525  .12900E+02  .20000E-01      1      1       525     1     1     F      .100      .200
       529  .13000E+02  .20000E-01      1      1       529     1     1     F      .100      .200
       533  .13100E+02  .20000E-01      1      1       533     1     1     F      .100      .200
       537  .13200E+02  .20000E-01      1      1       537     1     1     F      .100      .200
       541  .13300E+02  .20000E-01      1      1       541     1     1     F      .100      .200
       545  .13400E+02  .20000E-01      1      1       545     1     1     F      .100      .200
       549  .13500E+02  .20000E-01      1      1       549     1     1     F      .100      .200
       553  .13600E+02  .20000E-01      1      1       553     1     1     F      .100      .200
       557  .13700E+02  .20000E-01      1      1       557     1     1     F      .100      .200
       561  .13800E+02  .20000E-01      1      1       561     1     1     F      .100      .200
       565  .13900E+02  .20000E-01      1      1       565     1     1     F      .100      .200
       569  .14000E+02  .20000E-01      1      1       569     1     1     F      .100      .200
       573  .14100E+02  .20000E-01      1      1       573     1     1     F      .100      .200
       577  .14200E+02  .20000E-01      1      1       577     1     1     F      .100      .200
       581  .14300E+02  .20000E-01      1      1       581     1     1     F      .100      .200
       585  .14400E+02  .20000E-01      1      1       585     1     1     F      .100      .200
       589  .14500E+02  .20000E-01      1      1       589     1     1     F      .100      .200
       593  .14600E+02  .20000E-01      1      1       593     1     1     F      .100      .200
       597  .14700E+02  .20000E-01      1      1       597     1     1     F      .100      .200
       601  .14800E+02  .20000E-01      1      1       601     1     1     F      .100      .200
       605  .14900E+02  .20000E-01      1      1       605     1     1     F      .100      .200
       609  .15000E+02  .20000E-01      1      1       609     1     1     F      .100      .200
end
 
 Real time [sec]      19.000000000000000
