 All solute fluxes and cumulative solute fluxes are positive into the region

       Time       cvTop      cvBot    Sum(cvTop) Sum(cvBot)   cvCh0      cvCh1       cTop      cRoot       cBot      cvRoot   Sum(cvRoot) Sum(cvNEql) TLevel   PhrExch
        [T]      [M/L2/T]   [M/L2/T]    [M/L2]     [M/L2]     [M/L2]     [M/L2]      [M/L3]    [M/L3]      [M/L3]   [M/L2/T]    [M/L2]      [M/L2]              [M/L2]
        .10000   .485E-06  -.732E-03   .485E-07  -.732E-04   .000E+00   .000E+00   .731E-03   .000E+00   .732E-03   .000E+00   .000E+00   .000E+00      13   .1229E-03
        .20000   .485E-06  -.732E-03   .970E-07  -.146E-03   .000E+00   .000E+00   .719E-03   .000E+00   .732E-03   .000E+00   .000E+00   .000E+00      17   .2494E-03
        .30000   .485E-06  -.732E-03   .146E-06  -.219E-03   .000E+00   .000E+00   .702E-03   .000E+00   .732E-03   .000E+00   .000E+00   .000E+00      21   .3779E-03
        .40000   .485E-06  -.732E-03   .194E-06  -.293E-03   .000E+00   .000E+00   .675E-03   .000E+00   .732E-03   .000E+00   .000E+00   .000E+00      25   .5063E-03
        .50000   .485E-06  -.732E-03   .243E-06  -.366E-03   .000E+00   .000E+00   .650E-03   .000E+00   .732E-03   .000E+00   .000E+00   .000E+00      29   .6334E-03
        .60000   .485E-06  -.733E-03   .291E-06  -.439E-03   .000E+00   .000E+00   .623E-03   .000E+00   .733E-03   .000E+00   .000E+00   .000E+00      33   .7579E-03
        .70000   .485E-06  -.735E-03   .340E-06  -.512E-03   .000E+00   .000E+00   .596E-03   .000E+00   .736E-03   .000E+00   .000E+00   .000E+00      37   .8799E-03
        .80000   .485E-06  -.740E-03   .388E-06  -.586E-03   .000E+00   .000E+00   .569E-03   .000E+00   .741E-03   .000E+00   .000E+00   .000E+00      41   .9995E-03
        .90000   .485E-06  -.748E-03   .437E-06  -.661E-03   .000E+00   .000E+00   .544E-03   .000E+00   .749E-03   .000E+00   .000E+00   .000E+00      45   .1117E-02
       1.00000   .485E-06  -.759E-03   .485E-06  -.736E-03   .000E+00   .000E+00   .519E-03   .000E+00   .760E-03   .000E+00   .000E+00   .000E+00      49   .1233E-02
       1.10000   .485E-06  -.774E-03   .534E-06  -.813E-03   .000E+00   .000E+00   .496E-03   .000E+00   .776E-03   .000E+00   .000E+00   .000E+00      53   .1347E-02
       1.20000   .485E-06  -.792E-03   .582E-06  -.891E-03   .000E+00   .000E+00   .474E-03   .000E+00   .795E-03   .000E+00   .000E+00   .000E+00      57   .1459E-02
       1.30000   .485E-06  -.814E-03   .631E-06  -.972E-03   .000E+00   .000E+00   .453E-03   .000E+00   .817E-03   .000E+00   .000E+00   .000E+00      61   .1570E-02
       1.40000   .485E-06  -.839E-03   .679E-06  -.105E-02   .000E+00   .000E+00   .433E-03   .000E+00   .841E-03   .000E+00   .000E+00   .000E+00      65   .1679E-02
       1.50000   .485E-06  -.865E-03   .728E-06  -.114E-02   .000E+00   .000E+00   .414E-03   .000E+00   .868E-03   .000E+00   .000E+00   .000E+00      69   .1788E-02
       1.60000   .485E-06  -.894E-03   .776E-06  -.123E-02   .000E+00   .000E+00   .397E-03   .000E+00   .897E-03   .000E+00   .000E+00   .000E+00      73   .1895E-02
       1.70000   .485E-06  -.923E-03   .825E-06  -.132E-02   .000E+00   .000E+00   .380E-03   .000E+00   .927E-03   .000E+00   .000E+00   .000E+00      77   .2000E-02
       1.80000   .485E-06  -.953E-03   .873E-06  -.141E-02   .000E+00   .000E+00   .364E-03   .000E+00   .957E-03   .000E+00   .000E+00   .000E+00      81   .2105E-02
       1.90000   .485E-06  -.984E-03   .922E-06  -.151E-02   .000E+00   .000E+00   .349E-03   .000E+00   .987E-03   .000E+00   .000E+00   .000E+00      85   .2208E-02
       2.00000   .485E-06  -.101E-02   .970E-06  -.161E-02   .000E+00   .000E+00   .334E-03   .000E+00   .102E-02   .000E+00   .000E+00   .000E+00      89   .2311E-02
       2.10000   .485E-06  -.104E-02   .102E-05  -.171E-02   .000E+00   .000E+00   .321E-03   .000E+00   .105E-02   .000E+00   .000E+00   .000E+00      93   .2412E-02
       2.20000   .485E-06  -.107E-02   .107E-05  -.182E-02   .000E+00   .000E+00   .308E-03   .000E+00   .108E-02   .000E+00   .000E+00   .000E+00      97   .2511E-02
       2.30000   .485E-06  -.110E-02   .112E-05  -.193E-02   .000E+00   .000E+00   .295E-03   .000E+00   .110E-02   .000E+00   .000E+00   .000E+00     101   .2610E-02
       2.40000   .485E-06  -.112E-02   .116E-05  -.204E-02   .000E+00   .000E+00   .284E-03   .000E+00   .113E-02   .000E+00   .000E+00   .000E+00     105   .2707E-02
       2.50000   .485E-06  -.115E-02   .121E-05  -.215E-02   .000E+00   .000E+00   .273E-03   .000E+00   .115E-02   .000E+00   .000E+00   .000E+00     109   .2803E-02
       2.60000   .485E-06  -.117E-02   .126E-05  -.227E-02   .000E+00   .000E+00   .262E-03   .000E+00   .117E-02   .000E+00   .000E+00   .000E+00     113   .2897E-02
       2.70000   .485E-06  -.119E-02   .131E-05  -.239E-02   .000E+00   .000E+00   .252E-03   .000E+00   .119E-02   .000E+00   .000E+00   .000E+00     117   .2990E-02
       2.80000   .485E-06  -.121E-02   .136E-05  -.251E-02   .000E+00   .000E+00   .242E-03   .000E+00   .121E-02   .000E+00   .000E+00   .000E+00     121   .3082E-02
       2.90000   .485E-06  -.122E-02   .141E-05  -.263E-02   .000E+00   .000E+00   .233E-03   .000E+00   .123E-02   .000E+00   .000E+00   .000E+00     125   .3172E-02
       3.00000   .485E-06  -.124E-02   .146E-05  -.275E-02   .000E+00   .000E+00   .224E-03   .000E+00   .124E-02   .000E+00   .000E+00   .000E+00     129   .3260E-02
       3.10000   .485E-06  -.125E-02   .150E-05  -.288E-02   .000E+00   .000E+00   .216E-03   .000E+00   .125E-02   .000E+00   .000E+00   .000E+00     133   .3347E-02
       3.20000   .485E-06  -.126E-02   .155E-05  -.300E-02   .000E+00   .000E+00   .208E-03   .000E+00   .126E-02   .000E+00   .000E+00   .000E+00     137   .3433E-02
       3.30000   .485E-06  -.127E-02   .160E-05  -.313E-02   .000E+00   .000E+00   .200E-03   .000E+00   .127E-02   .000E+00   .000E+00   .000E+00     141   .3517E-02
       3.40000   .485E-06  -.128E-02   .165E-05  -.326E-02   .000E+00   .000E+00   .193E-03   .000E+00   .128E-02   .000E+00   .000E+00   .000E+00     145   .3600E-02
       3.50000   .485E-06  -.128E-02   .170E-05  -.338E-02   .000E+00   .000E+00   .186E-03   .000E+00   .129E-02   .000E+00   .000E+00   .000E+00     149   .3681E-02
       3.60000   .485E-06  -.129E-02   .175E-05  -.351E-02   .000E+00   .000E+00   .179E-03   .000E+00   .129E-02   .000E+00   .000E+00   .000E+00     153   .3760E-02
       3.70000   .485E-06  -.129E-02   .180E-05  -.364E-02   .000E+00   .000E+00   .172E-03   .000E+00   .129E-02   .000E+00   .000E+00   .000E+00     157   .3838E-02
       3.80000   .485E-06  -.129E-02   .184E-05  -.377E-02   .000E+00   .000E+00   .166E-03   .000E+00   .129E-02   .000E+00   .000E+00   .000E+00     161   .3914E-02
       3.90000   .485E-06  -.129E-02   .189E-05  -.390E-02   .000E+00   .000E+00   .160E-03   .000E+00   .129E-02   .000E+00   .000E+00   .000E+00     165   .3989E-02
       4.00000   .485E-06  -.128E-02   .194E-05  -.403E-02   .000E+00   .000E+00   .155E-03   .000E+00   .129E-02   .000E+00   .000E+00   .000E+00     169   .4062E-02
       4.10000   .485E-06  -.128E-02   .199E-05  -.415E-02   .000E+00   .000E+00   .149E-03   .000E+00   .128E-02   .000E+00   .000E+00   .000E+00     173   .4133E-02
       4.20000   .485E-06  -.127E-02   .204E-05  -.428E-02   .000E+00   .000E+00   .144E-03   .000E+00   .127E-02   .000E+00   .000E+00   .000E+00     177   .4202E-02
       4.30000   .485E-06  -.126E-02   .209E-05  -.441E-02   .000E+00   .000E+00   .139E-03   .000E+00   .127E-02   .000E+00   .000E+00   .000E+00     181   .4270E-02
       4.40000   .485E-06  -.126E-02   .214E-05  -.453E-02   .000E+00   .000E+00   .134E-03   .000E+00   .126E-02   .000E+00   .000E+00   .000E+00     185   .4335E-02
       4.50000   .485E-06  -.124E-02   .218E-05  -.466E-02   .000E+00   .000E+00   .130E-03   .000E+00   .125E-02   .000E+00   .000E+00   .000E+00     189   .4399E-02
       4.60000   .485E-06  -.123E-02   .223E-05  -.478E-02   .000E+00   .000E+00   .125E-03   .000E+00   .124E-02   .000E+00   .000E+00   .000E+00     193   .4460E-02
       4.70000   .485E-06  -.122E-02   .228E-05  -.491E-02   .000E+00   .000E+00   .121E-03   .000E+00   .122E-02   .000E+00   .000E+00   .000E+00     197   .4519E-02
       4.80000   .485E-06  -.120E-02   .233E-05  -.503E-02   .000E+00   .000E+00   .117E-03   .000E+00   .121E-02   .000E+00   .000E+00   .000E+00     201   .4576E-02
       4.90000   .485E-06  -.119E-02   .238E-05  -.515E-02   .000E+00   .000E+00   .113E-03   .000E+00   .119E-02   .000E+00   .000E+00   .000E+00     205   .4630E-02
       5.00000   .485E-06  -.117E-02   .243E-05  -.526E-02   .000E+00   .000E+00   .109E-03   .000E+00   .117E-02   .000E+00   .000E+00   .000E+00     209   .4680E-02
       5.10000   .485E-06  -.114E-02   .247E-05  -.538E-02   .000E+00   .000E+00   .105E-03   .000E+00   .114E-02   .000E+00   .000E+00   .000E+00     213   .4727E-02
       5.20000   .485E-06  -.111E-02   .252E-05  -.549E-02   .000E+00   .000E+00   .102E-03   .000E+00   .112E-02   .000E+00   .000E+00   .000E+00     217   .4769E-02
       5.30000   .485E-06  -.108E-02   .257E-05  -.560E-02   .000E+00   .000E+00   .982E-04   .000E+00   .108E-02   .000E+00   .000E+00   .000E+00     221   .4804E-02
       5.40000   .485E-06  -.103E-02   .262E-05  -.570E-02   .000E+00   .000E+00   .949E-04   .000E+00   .103E-02   .000E+00   .000E+00   .000E+00     225   .4832E-02
       5.50000   .485E-06  -.974E-03   .267E-05  -.580E-02   .000E+00   .000E+00   .917E-04   .000E+00   .970E-03   .000E+00   .000E+00   .000E+00     229   .4850E-02
       5.60000   .485E-06  -.916E-03   .272E-05  -.590E-02   .000E+00   .000E+00   .886E-04   .000E+00   .912E-03   .000E+00   .000E+00   .000E+00     233   .4862E-02
       5.70000   .485E-06  -.862E-03   .277E-05  -.599E-02   .000E+00   .000E+00   .856E-04   .000E+00   .857E-03   .000E+00   .000E+00   .000E+00     237   .4870E-02
       5.80000   .485E-06  -.812E-03   .281E-05  -.607E-02   .000E+00   .000E+00   .827E-04   .000E+00   .808E-03   .000E+00   .000E+00   .000E+00     241   .4876E-02
       5.90000   .485E-06  -.766E-03   .286E-05  -.615E-02   .000E+00   .000E+00   .799E-04   .000E+00   .762E-03   .000E+00   .000E+00   .000E+00     245   .4881E-02
       6.00000   .485E-06  -.724E-03   .291E-05  -.622E-02   .000E+00   .000E+00   .772E-04   .000E+00   .720E-03   .000E+00   .000E+00   .000E+00     249   .4885E-02
       6.10000   .485E-06  -.685E-03   .296E-05  -.629E-02   .000E+00   .000E+00   .745E-04   .000E+00   .682E-03   .000E+00   .000E+00   .000E+00     253   .4887E-02
       6.20000   .485E-06  -.650E-03   .301E-05  -.636E-02   .000E+00   .000E+00   .720E-04   .000E+00   .646E-03   .000E+00   .000E+00   .000E+00     257   .4890E-02
       6.30000   .485E-06  -.616E-03   .306E-05  -.642E-02   .000E+00   .000E+00   .695E-04   .000E+00   .613E-03   .000E+00   .000E+00   .000E+00     261   .4892E-02
       6.40000   .485E-06  -.585E-03   .311E-05  -.648E-02   .000E+00   .000E+00   .670E-04   .000E+00   .582E-03   .000E+00   .000E+00   .000E+00     265   .4894E-02
       6.50000   .485E-06  -.556E-03   .315E-05  -.654E-02   .000E+00   .000E+00   .647E-04   .000E+00   .554E-03   .000E+00   .000E+00   .000E+00     269   .4896E-02
       6.60000   .485E-06  -.529E-03   .320E-05  -.659E-02   .000E+00   .000E+00   .624E-04   .000E+00   .527E-03   .000E+00   .000E+00   .000E+00     273   .4897E-02
       6.70000   .485E-06  -.504E-03   .325E-05  -.664E-02   .000E+00   .000E+00   .601E-04   .000E+00   .501E-03   .000E+00   .000E+00   .000E+00     277   .4899E-02
       6.80000   .485E-06  -.479E-03   .330E-05  -.669E-02   .000E+00   .000E+00   .579E-04   .000E+00   .477E-03   .000E+00   .000E+00   .000E+00     281   .4900E-02
       6.90000   .485E-06  -.457E-03   .335E-05  -.674E-02   .000E+00   .000E+00   .558E-04   .000E+00   .455E-03   .000E+00   .000E+00   .000E+00     285   .4901E-02
       7.00000   .485E-06  -.435E-03   .340E-05  -.678E-02   .000E+00   .000E+00   .537E-04   .000E+00   .433E-03   .000E+00   .000E+00   .000E+00     289   .4902E-02
       7.10000   .485E-06  -.415E-03   .345E-05  -.682E-02   .000E+00   .000E+00   .517E-04   .000E+00   .413E-03   .000E+00   .000E+00   .000E+00     293   .4903E-02
       7.20000   .485E-06  -.396E-03   .349E-05  -.686E-02   .000E+00   .000E+00   .498E-04   .000E+00   .394E-03   .000E+00   .000E+00   .000E+00     297   .4904E-02
       7.30000   .485E-06  -.378E-03   .354E-05  -.690E-02   .000E+00   .000E+00   .479E-04   .000E+00   .376E-03   .000E+00   .000E+00   .000E+00     301   .4905E-02
       7.40000   .485E-06  -.361E-03   .359E-05  -.694E-02   .000E+00   .000E+00   .461E-04   .000E+00   .359E-03   .000E+00   .000E+00   .000E+00     305   .4905E-02
       7.50000   .485E-06  -.344E-03   .364E-05  -.697E-02   .000E+00   .000E+00   .443E-04   .000E+00   .343E-03   .000E+00   .000E+00   .000E+00     309   .4906E-02
       7.60000   .485E-06  -.329E-03   .369E-05  -.701E-02   .000E+00   .000E+00   .426E-04   .000E+00   .327E-03   .000E+00   .000E+00   .000E+00     313   .4907E-02
       7.70000   .485E-06  -.314E-03   .374E-05  -.704E-02   .000E+00   .000E+00   .409E-04   .000E+00   .313E-03   .000E+00   .000E+00   .000E+00     317   .4907E-02
       7.80000   .485E-06  -.300E-03   .378E-05  -.707E-02   .000E+00   .000E+00   .393E-04   .000E+00   .299E-03   .000E+00   .000E+00   .000E+00     321   .4908E-02
       7.90000   .485E-06  -.287E-03   .383E-05  -.710E-02   .000E+00   .000E+00   .378E-04   .000E+00   .286E-03   .000E+00   .000E+00   .000E+00     325   .4908E-02
       8.00000   .485E-06  -.274E-03   .388E-05  -.713E-02   .000E+00   .000E+00   .363E-04   .000E+00   .273E-03   .000E+00   .000E+00   .000E+00     329   .4909E-02
       8.10000   .485E-06  -.262E-03   .393E-05  -.715E-02   .000E+00   .000E+00   .348E-04   .000E+00   .261E-03   .000E+00   .000E+00   .000E+00     333   .4910E-02
       8.20000   .485E-06  -.251E-03   .398E-05  -.718E-02   .000E+00   .000E+00   .335E-04   .000E+00   .250E-03   .000E+00   .000E+00   .000E+00     337   .4910E-02
       8.30000   .485E-06  -.240E-03   .403E-05  -.720E-02   .000E+00   .000E+00   .321E-04   .000E+00   .239E-03   .000E+00   .000E+00   .000E+00     341   .4911E-02
       8.40000   .485E-06  -.229E-03   .408E-05  -.723E-02   .000E+00   .000E+00   .308E-04   .000E+00   .228E-03   .000E+00   .000E+00   .000E+00     345   .4911E-02
       8.50000   .485E-06  -.219E-03   .412E-05  -.725E-02   .000E+00   .000E+00   .296E-04   .000E+00   .218E-03   .000E+00   .000E+00   .000E+00     349   .4911E-02
       8.60000   .485E-06  -.210E-03   .417E-05  -.727E-02   .000E+00   .000E+00   .284E-04   .000E+00   .209E-03   .000E+00   .000E+00   .000E+00     353   .4912E-02
       8.70000   .485E-06  -.201E-03   .422E-05  -.729E-02   .000E+00   .000E+00   .273E-04   .000E+00   .200E-03   .000E+00   .000E+00   .000E+00     357   .4912E-02
       8.80000   .485E-06  -.192E-03   .427E-05  -.731E-02   .000E+00   .000E+00   .262E-04   .000E+00   .191E-03   .000E+00   .000E+00   .000E+00     361   .4913E-02
       8.90000   .485E-06  -.184E-03   .432E-05  -.733E-02   .000E+00   .000E+00   .251E-04   .000E+00   .183E-03   .000E+00   .000E+00   .000E+00     365   .4913E-02
       9.00000   .485E-06  -.176E-03   .437E-05  -.735E-02   .000E+00   .000E+00   .241E-04   .000E+00   .175E-03   .000E+00   .000E+00   .000E+00     369   .4913E-02
       9.10000   .485E-06  -.168E-03   .442E-05  -.737E-02   .000E+00   .000E+00   .231E-04   .000E+00   .168E-03   .000E+00   .000E+00   .000E+00     373   .4914E-02
       9.20000   .485E-06  -.161E-03   .446E-05  -.738E-02   .000E+00   .000E+00   .222E-04   .000E+00   .161E-03   .000E+00   .000E+00   .000E+00     377   .4914E-02
       9.30000   .485E-06  -.154E-03   .451E-05  -.740E-02   .000E+00   .000E+00   .213E-04   .000E+00   .154E-03   .000E+00   .000E+00   .000E+00     381   .4914E-02
       9.40000   .485E-06  -.148E-03   .456E-05  -.741E-02   .000E+00   .000E+00   .205E-04   .000E+00   .147E-03   .000E+00   .000E+00   .000E+00     385   .4915E-02
       9.50000   .485E-06  -.142E-03   .461E-05  -.743E-02   .000E+00   .000E+00   .196E-04   .000E+00   .141E-03   .000E+00   .000E+00   .000E+00     389   .4915E-02
       9.60000   .485E-06  -.136E-03   .466E-05  -.744E-02   .000E+00   .000E+00   .188E-04   .000E+00   .135E-03   .000E+00   .000E+00   .000E+00     393   .4915E-02
       9.70000   .485E-06  -.130E-03   .471E-05  -.745E-02   .000E+00   .000E+00   .181E-04   .000E+00   .129E-03   .000E+00   .000E+00   .000E+00     397   .4916E-02
       9.80000   .485E-06  -.124E-03   .476E-05  -.747E-02   .000E+00   .000E+00   .174E-04   .000E+00   .124E-03   .000E+00   .000E+00   .000E+00     401   .4916E-02
       9.90000   .485E-06  -.119E-03   .480E-05  -.748E-02   .000E+00   .000E+00   .167E-04   .000E+00   .119E-03   .000E+00   .000E+00   .000E+00     405   .4916E-02
      10.00000   .485E-06  -.114E-03   .485E-05  -.749E-02   .000E+00   .000E+00   .160E-04   .000E+00   .114E-03   .000E+00   .000E+00   .000E+00     409   .4916E-02
      10.10000   .485E-06  -.109E-03   .490E-05  -.750E-02   .000E+00   .000E+00   .153E-04   .000E+00   .109E-03   .000E+00   .000E+00   .000E+00     413   .4917E-02
      10.20000   .485E-06  -.105E-03   .495E-05  -.751E-02   .000E+00   .000E+00   .147E-04   .000E+00   .104E-03   .000E+00   .000E+00   .000E+00     417   .4917E-02
      10.30000   .485E-06  -.100E-03   .500E-05  -.752E-02   .000E+00   .000E+00   .141E-04   .000E+00   .998E-04   .000E+00   .000E+00   .000E+00     421   .4917E-02
      10.40000   .485E-06  -.960E-04   .505E-05  -.753E-02   .000E+00   .000E+00   .136E-04   .000E+00   .956E-04   .000E+00   .000E+00   .000E+00     425   .4917E-02
      10.50000   .485E-06  -.920E-04   .509E-05  -.754E-02   .000E+00   .000E+00   .130E-04   .000E+00   .916E-04   .000E+00   .000E+00   .000E+00     429   .4918E-02
      10.60000   .485E-06  -.882E-04   .514E-05  -.755E-02   .000E+00   .000E+00   .125E-04   .000E+00   .878E-04   .000E+00   .000E+00   .000E+00     433   .4918E-02
      10.70000   .485E-06  -.845E-04   .519E-05  -.756E-02   .000E+00   .000E+00   .120E-04   .000E+00   .841E-04   .000E+00   .000E+00   .000E+00     437   .4918E-02
      10.80000   .485E-06  -.810E-04   .524E-05  -.757E-02   .000E+00   .000E+00   .115E-04   .000E+00   .806E-04   .000E+00   .000E+00   .000E+00     441   .4918E-02
      10.90000   .485E-06  -.776E-04   .529E-05  -.758E-02   .000E+00   .000E+00   .111E-04   .000E+00   .773E-04   .000E+00   .000E+00   .000E+00     445   .4919E-02
      11.00000   .485E-06  -.744E-04   .534E-05  -.758E-02   .000E+00   .000E+00   .106E-04   .000E+00   .741E-04   .000E+00   .000E+00   .000E+00     449   .4919E-02
      11.10000   .485E-06  -.713E-04   .539E-05  -.759E-02   .000E+00   .000E+00   .102E-04   .000E+00   .710E-04   .000E+00   .000E+00   .000E+00     453   .4919E-02
      11.20000   .485E-06  -.683E-04   .543E-05  -.760E-02   .000E+00   .000E+00   .980E-05   .000E+00   .680E-04   .000E+00   .000E+00   .000E+00     457   .4919E-02
      11.30000   .485E-06  -.655E-04   .548E-05  -.760E-02   .000E+00   .000E+00   .942E-05   .000E+00   .652E-04   .000E+00   .000E+00   .000E+00     461   .4919E-02
      11.40000   .485E-06  -.628E-04   .553E-05  -.761E-02   .000E+00   .000E+00   .905E-05   .000E+00   .625E-04   .000E+00   .000E+00   .000E+00     465   .4920E-02
      11.50000   .485E-06  -.602E-04   .558E-05  -.762E-02   .000E+00   .000E+00   .869E-05   .000E+00   .599E-04   .000E+00   .000E+00   .000E+00     469   .4920E-02
      11.60000   .485E-06  -.577E-04   .563E-05  -.762E-02   .000E+00   .000E+00   .835E-05   .000E+00   .575E-04   .000E+00   .000E+00   .000E+00     473   .4920E-02
      11.70000   .485E-06  -.553E-04   .568E-05  -.763E-02   .000E+00   .000E+00   .803E-05   .000E+00   .551E-04   .000E+00   .000E+00   .000E+00     477   .4920E-02
      11.80000   .485E-06  -.530E-04   .573E-05  -.763E-02   .000E+00   .000E+00   .772E-05   .000E+00   .528E-04   .000E+00   .000E+00   .000E+00     481   .4920E-02
      11.90000   .485E-06  -.508E-04   .577E-05  -.764E-02   .000E+00   .000E+00   .742E-05   .000E+00   .506E-04   .000E+00   .000E+00   .000E+00     485   .4921E-02
      12.00000   .485E-06  -.488E-04   .582E-05  -.764E-02   .000E+00   .000E+00   .713E-05   .000E+00   .486E-04   .000E+00   .000E+00   .000E+00     489   .4921E-02
      12.10000   .485E-06  -.468E-04   .587E-05  -.765E-02   .000E+00   .000E+00   .686E-05   .000E+00   .466E-04   .000E+00   .000E+00   .000E+00     493   .4921E-02
      12.20000   .485E-06  -.448E-04   .592E-05  -.765E-02   .000E+00   .000E+00   .659E-05   .000E+00   .447E-04   .000E+00   .000E+00   .000E+00     497   .4921E-02
      12.30000   .485E-06  -.430E-04   .597E-05  -.766E-02   .000E+00   .000E+00   .634E-05   .000E+00   .428E-04   .000E+00   .000E+00   .000E+00     501   .4921E-02
      12.40000   .485E-06  -.413E-04   .602E-05  -.766E-02   .000E+00   .000E+00   .610E-05   .000E+00   .411E-04   .000E+00   .000E+00   .000E+00     505   .4921E-02
      12.50000   .485E-06  -.396E-04   .607E-05  -.767E-02   .000E+00   .000E+00   .587E-05   .000E+00   .394E-04   .000E+00   .000E+00   .000E+00     509   .4922E-02
      12.60000   .485E-06  -.380E-04   .611E-05  -.767E-02   .000E+00   .000E+00   .565E-05   .000E+00   .378E-04   .000E+00   .000E+00   .000E+00     513   .4922E-02
      12.70000   .485E-06  -.364E-04   .616E-05  -.767E-02   .000E+00   .000E+00   .544E-05   .000E+00   .363E-04   .000E+00   .000E+00   .000E+00     517   .4922E-02
      12.80000   .485E-06  -.349E-04   .621E-05  -.768E-02   .000E+00   .000E+00   .524E-05   .000E+00   .348E-04   .000E+00   .000E+00   .000E+00     521   .4922E-02
      12.90000   .485E-06  -.335E-04   .626E-05  -.768E-02   .000E+00   .000E+00   .504E-05   .000E+00   .334E-04   .000E+00   .000E+00   .000E+00     525   .4922E-02
      13.00000   .485E-06  -.322E-04   .631E-05  -.768E-02   .000E+00   .000E+00   .485E-05   .000E+00   .321E-04   .000E+00   .000E+00   .000E+00     529   .4922E-02
      13.10000   .485E-06  -.309E-04   .636E-05  -.769E-02   .000E+00   .000E+00   .468E-05   .000E+00   .308E-04   .000E+00   .000E+00   .000E+00     533   .4923E-02
      13.20000   .485E-06  -.296E-04   .641E-05  -.769E-02   .000E+00   .000E+00   .451E-05   .000E+00   .295E-04   .000E+00   .000E+00   .000E+00     537   .4923E-02
      13.30000   .485E-06  -.284E-04   .645E-05  -.769E-02   .000E+00   .000E+00   .434E-05   .000E+00   .283E-04   .000E+00   .000E+00   .000E+00     541   .4923E-02
      13.40000   .485E-06  -.273E-04   .650E-05  -.769E-02   .000E+00   .000E+00   .418E-05   .000E+00   .272E-04   .000E+00   .000E+00   .000E+00     545   .4923E-02
      13.50000   .485E-06  -.262E-04   .655E-05  -.770E-02   .000E+00   .000E+00   .403E-05   .000E+00   .261E-04   .000E+00   .000E+00   .000E+00     549   .4923E-02
      13.60000   .485E-06  -.252E-04   .660E-05  -.770E-02   .000E+00   .000E+00   .389E-05   .000E+00   .251E-04   .000E+00   .000E+00   .000E+00     553   .4923E-02
      13.70000   .485E-06  -.242E-04   .665E-05  -.770E-02   .000E+00   .000E+00   .375E-05   .000E+00   .241E-04   .000E+00   .000E+00   .000E+00     557   .4923E-02
      13.80000   .485E-06  -.232E-04   .670E-05  -.770E-02   .000E+00   .000E+00   .362E-05   .000E+00   .231E-04   .000E+00   .000E+00   .000E+00     561   .4924E-02
      13.90000   .485E-06  -.223E-04   .674E-05  -.771E-02   .000E+00   .000E+00   .349E-05   .000E+00   .222E-04   .000E+00   .000E+00   .000E+00     565   .4924E-02
      14.00000   .485E-06  -.214E-04   .679E-05  -.771E-02   .000E+00   .000E+00   .337E-05   .000E+00   .213E-04   .000E+00   .000E+00   .000E+00     569   .4924E-02
      14.10000   .485E-06  -.206E-04   .684E-05  -.771E-02   .000E+00   .000E+00   .326E-05   .000E+00   .205E-04   .000E+00   .000E+00   .000E+00     573   .4924E-02
      14.20000   .485E-06  -.198E-04   .689E-05  -.771E-02   .000E+00   .000E+00   .314E-05   .000E+00   .197E-04   .000E+00   .000E+00   .000E+00     577   .4924E-02
      14.30000   .485E-06  -.190E-04   .694E-05  -.772E-02   .000E+00   .000E+00   .304E-05   .000E+00   .189E-04   .000E+00   .000E+00   .000E+00     581   .4924E-02
      14.40000   .485E-06  -.182E-04   .699E-05  -.772E-02   .000E+00   .000E+00   .294E-05   .000E+00   .182E-04   .000E+00   .000E+00   .000E+00     585   .4924E-02
      14.50000   .485E-06  -.175E-04   .704E-05  -.772E-02   .000E+00   .000E+00   .284E-05   .000E+00   .175E-04   .000E+00   .000E+00   .000E+00     589   .4924E-02
      14.60000   .485E-06  -.169E-04   .708E-05  -.772E-02   .000E+00   .000E+00   .274E-05   .000E+00   .168E-04   .000E+00   .000E+00   .000E+00     593   .4925E-02
      14.70000   .485E-06  -.162E-04   .713E-05  -.772E-02   .000E+00   .000E+00   .265E-05   .000E+00   .161E-04   .000E+00   .000E+00   .000E+00     597   .4925E-02
      14.80000   .485E-06  -.156E-04   .718E-05  -.772E-02   .000E+00   .000E+00   .257E-05   .000E+00   .155E-04   .000E+00   .000E+00   .000E+00     601   .4925E-02
      14.90000   .485E-06  -.150E-04   .723E-05  -.773E-02   .000E+00   .000E+00   .249E-05   .000E+00   .149E-04   .000E+00   .000E+00   .000E+00     605   .4925E-02
      15.00000   .485E-06  -.144E-04   .728E-05  -.773E-02   .000E+00   .000E+00   .241E-05   .000E+00   .143E-04   .000E+00   .000E+00   .000E+00     609   .4925E-02
end
