 All solute fluxes and cumulative solute fluxes are positive into the region

       Time       cvTop      cvBot    Sum(cvTop) Sum(cvBot)   cvCh0      cvCh1       cTop      cRoot       cBot      cvRoot   Sum(cvRoot) Sum(cvNEql) TLevel   PhrExch
        [T]      [M/L2/T]   [M/L2/T]    [M/L2]     [M/L2]     [M/L2]     [M/L2]      [M/L3]    [M/L3]      [M/L3]   [M/L2/T]    [M/L2]      [M/L2]              [M/L2]
        .10000   .100E-01  -.100E-06   .100E-02  -.100E-07   .000E+00   .000E+00   .309E-02   .000E+00   .100E-06   .000E+00   .000E+00   .000E+00      13   .4942E-12
        .20000   .100E-01  -.100E-06   .200E-02  -.200E-07   .000E+00   .000E+00   .413E-02   .000E+00   .100E-06   .000E+00   .000E+00   .000E+00      17   .7480E-12
        .30000   .100E-01  -.111E-06   .300E-02  -.304E-07   .000E+00   .000E+00   .483E-02   .000E+00   .115E-06   .000E+00   .000E+00   .000E+00      21   .8919E-12
        .40000   .100E-01  -.334E-06   .400E-02  -.509E-07   .000E+00   .000E+00   .537E-02   .000E+00   .391E-06   .000E+00   .000E+00   .000E+00      25   .1948E-11
        .50000   .100E-01  -.195E-05   .500E-02  -.161E-06   .000E+00   .000E+00   .581E-02   .000E+00   .226E-05   .000E+00   .000E+00   .000E+00      29   .2625E-11
        .60000   .100E-01  -.804E-05   .600E-02  -.670E-06   .000E+00   .000E+00   .617E-02   .000E+00   .902E-05   .000E+00   .000E+00   .000E+00      33   .3557E-11
        .70000   .100E-01  -.234E-04   .700E-02  -.230E-05   .000E+00   .000E+00   .648E-02   .000E+00   .256E-04   .000E+00   .000E+00   .000E+00      37   .4971E-11
        .80000   .100E-01  -.532E-04   .800E-02  -.630E-05   .000E+00   .000E+00   .675E-02   .000E+00   .571E-04   .000E+00   .000E+00   .000E+00      41   .5877E-11
        .90000   .100E-01  -.102E-03   .900E-02  -.144E-04   .000E+00   .000E+00   .699E-02   .000E+00   .108E-03   .000E+00   .000E+00   .000E+00      45   .5933E-11
       1.00000   .100E-01  -.172E-03   .100E-01  -.286E-04   .000E+00   .000E+00   .720E-02   .000E+00   .181E-03   .000E+00   .000E+00   .000E+00      49   .6225E-11
       1.10000   .100E-01  -.266E-03   .110E-01  -.513E-04   .000E+00   .000E+00   .739E-02   .000E+00   .277E-03   .000E+00   .000E+00   .000E+00      53   .5666E-11
       1.20000   .100E-01  -.383E-03   .120E-01  -.847E-04   .000E+00   .000E+00   .756E-02   .000E+00   .396E-03   .000E+00   .000E+00   .000E+00      57   .4460E-11
       1.30000   .100E-01  -.522E-03   .130E-01  -.131E-03   .000E+00   .000E+00   .772E-02   .000E+00   .537E-03   .000E+00   .000E+00   .000E+00      61   .2646E-11
       1.40000   .100E-01  -.681E-03   .140E-01  -.193E-03   .000E+00   .000E+00   .786E-02   .000E+00   .698E-03   .000E+00   .000E+00   .000E+00      65   .8993E-13
       1.50000   .100E-01  -.859E-03   .150E-01  -.271E-03   .000E+00   .000E+00   .799E-02   .000E+00   .877E-03   .000E+00   .000E+00   .000E+00      69  -.1239E-11
       1.60000   .100E-01  -.105E-02   .160E-01  -.369E-03   .000E+00   .000E+00   .811E-02   .000E+00   .107E-02   .000E+00   .000E+00   .000E+00      73  -.3092E-11
       1.70000   .100E-01  -.126E-02   .170E-01  -.486E-03   .000E+00   .000E+00   .821E-02   .000E+00   .128E-02   .000E+00   .000E+00   .000E+00      77  -.6516E-11
       1.80000   .100E-01  -.148E-02   .180E-01  -.625E-03   .000E+00   .000E+00   .831E-02   .000E+00   .150E-02   .000E+00   .000E+00   .000E+00      81  -.1113E-10
       1.90000   .100E-01  -.170E-02   .190E-01  -.786E-03   .000E+00   .000E+00   .841E-02   .000E+00   .172E-02   .000E+00   .000E+00   .000E+00      85  -.1414E-10
       2.00000   .100E-01  -.193E-02   .200E-01  -.970E-03   .000E+00   .000E+00   .849E-02   .000E+00   .196E-02   .000E+00   .000E+00   .000E+00      89  -.1810E-10
       2.10000   .100E-01  -.217E-02   .210E-01  -.118E-02   .000E+00   .000E+00   .857E-02   .000E+00   .219E-02   .000E+00   .000E+00   .000E+00      93  -.2325E-10
       2.20000   .100E-01  -.241E-02   .220E-01  -.141E-02   .000E+00   .000E+00   .865E-02   .000E+00   .243E-02   .000E+00   .000E+00   .000E+00      97  -.2798E-10
       2.30000   .100E-01  -.265E-02   .230E-01  -.166E-02   .000E+00   .000E+00   .872E-02   .000E+00   .267E-02   .000E+00   .000E+00   .000E+00     101  -.3187E-10
       2.40000   .100E-01  -.289E-02   .240E-01  -.194E-02   .000E+00   .000E+00   .879E-02   .000E+00   .291E-02   .000E+00   .000E+00   .000E+00     105  -.3681E-10
       2.50000   .100E-01  -.313E-02   .250E-01  -.225E-02   .000E+00   .000E+00   .885E-02   .000E+00   .315E-02   .000E+00   .000E+00   .000E+00     109  -.4306E-10
       2.60000   .100E-01  -.336E-02   .260E-01  -.257E-02   .000E+00   .000E+00   .890E-02   .000E+00   .339E-02   .000E+00   .000E+00   .000E+00     113  -.4775E-10
       2.70000   .100E-01  -.360E-02   .270E-01  -.292E-02   .000E+00   .000E+00   .896E-02   .000E+00   .362E-02   .000E+00   .000E+00   .000E+00     117  -.5249E-10
       2.80000   .100E-01  -.383E-02   .280E-01  -.330E-02   .000E+00   .000E+00   .901E-02   .000E+00   .385E-02   .000E+00   .000E+00   .000E+00     121  -.5843E-10
       2.90000   .100E-01  -.405E-02   .290E-01  -.369E-02   .000E+00   .000E+00   .906E-02   .000E+00   .407E-02   .000E+00   .000E+00   .000E+00     125  -.6395E-10
       3.00000   .100E-01  -.427E-02   .300E-01  -.411E-02   .000E+00   .000E+00   .910E-02   .000E+00   .429E-02   .000E+00   .000E+00   .000E+00     129  -.6957E-10
       3.10000   .100E-01  -.449E-02   .310E-01  -.455E-02   .000E+00   .000E+00   .915E-02   .000E+00   .451E-02   .000E+00   .000E+00   .000E+00     133  -.7524E-10
       3.20000   .100E-01  -.469E-02   .320E-01  -.501E-02   .000E+00   .000E+00   .919E-02   .000E+00   .472E-02   .000E+00   .000E+00   .000E+00     137  -.8139E-10
       3.30000   .100E-01  -.490E-02   .330E-01  -.549E-02   .000E+00   .000E+00   .922E-02   .000E+00   .492E-02   .000E+00   .000E+00   .000E+00     141  -.8682E-10
       3.40000   .100E-01  -.510E-02   .340E-01  -.600E-02   .000E+00   .000E+00   .926E-02   .000E+00   .512E-02   .000E+00   .000E+00   .000E+00     145  -.9228E-10
       3.50000   .100E-01  -.529E-02   .350E-01  -.652E-02   .000E+00   .000E+00   .929E-02   .000E+00   .531E-02   .000E+00   .000E+00   .000E+00     149  -.9901E-10
       3.60000   .100E-01  -.547E-02   .360E-01  -.706E-02   .000E+00   .000E+00   .933E-02   .000E+00   .549E-02   .000E+00   .000E+00   .000E+00     153  -.1043E-09
       3.70000   .100E-01  -.565E-02   .370E-01  -.762E-02   .000E+00   .000E+00   .936E-02   .000E+00   .567E-02   .000E+00   .000E+00   .000E+00     157  -.1096E-09
       3.80000   .100E-01  -.583E-02   .380E-01  -.819E-02   .000E+00   .000E+00   .939E-02   .000E+00   .585E-02   .000E+00   .000E+00   .000E+00     161  -.1158E-09
       3.90000   .100E-01  -.600E-02   .390E-01  -.878E-02   .000E+00   .000E+00   .941E-02   .000E+00   .601E-02   .000E+00   .000E+00   .000E+00     165  -.1207E-09
       4.00000   .100E-01  -.616E-02   .400E-01  -.939E-02   .000E+00   .000E+00   .944E-02   .000E+00   .617E-02   .000E+00   .000E+00   .000E+00     169  -.1258E-09
       4.10000   .100E-01  -.631E-02   .410E-01  -.100E-01   .000E+00   .000E+00   .947E-02   .000E+00   .633E-02   .000E+00   .000E+00   .000E+00     173  -.1320E-09
       4.20000   .100E-01  -.646E-02   .420E-01  -.107E-01   .000E+00   .000E+00   .949E-02   .000E+00   .648E-02   .000E+00   .000E+00   .000E+00     177  -.1368E-09
       4.30000   .100E-01  -.661E-02   .430E-01  -.113E-01   .000E+00   .000E+00   .951E-02   .000E+00   .662E-02   .000E+00   .000E+00   .000E+00     181  -.1414E-09
       4.40000   .100E-01  -.675E-02   .440E-01  -.120E-01   .000E+00   .000E+00   .953E-02   .000E+00   .676E-02   .000E+00   .000E+00   .000E+00     185  -.1471E-09
       4.50000   .100E-01  -.688E-02   .450E-01  -.127E-01   .000E+00   .000E+00   .955E-02   .000E+00   .690E-02   .000E+00   .000E+00   .000E+00     189  -.1525E-09
       4.60000   .100E-01  -.701E-02   .460E-01  -.134E-01   .000E+00   .000E+00   .957E-02   .000E+00   .703E-02   .000E+00   .000E+00   .000E+00     193  -.1571E-09
       4.70000   .100E-01  -.714E-02   .470E-01  -.141E-01   .000E+00   .000E+00   .959E-02   .000E+00   .715E-02   .000E+00   .000E+00   .000E+00     197  -.1625E-09
       4.80000   .100E-01  -.726E-02   .480E-01  -.148E-01   .000E+00   .000E+00   .961E-02   .000E+00   .727E-02   .000E+00   .000E+00   .000E+00     201  -.1689E-09
       4.90000   .100E-01  -.737E-02   .490E-01  -.155E-01   .000E+00   .000E+00   .963E-02   .000E+00   .738E-02   .000E+00   .000E+00   .000E+00     205  -.1745E-09
       5.00000   .100E-01  -.748E-02   .500E-01  -.163E-01   .000E+00   .000E+00   .964E-02   .000E+00   .749E-02   .000E+00   .000E+00   .000E+00     209  -.1794E-09
       5.10000   .100E-01  -.759E-02   .510E-01  -.170E-01   .000E+00   .000E+00   .966E-02   .000E+00   .760E-02   .000E+00   .000E+00   .000E+00     213  -.1848E-09
       5.20000   .100E-01  -.769E-02   .520E-01  -.178E-01   .000E+00   .000E+00   .968E-02   .000E+00   .770E-02   .000E+00   .000E+00   .000E+00     217  -.1910E-09
       5.30000   .100E-01  -.779E-02   .530E-01  -.186E-01   .000E+00   .000E+00   .969E-02   .000E+00   .780E-02   .000E+00   .000E+00   .000E+00     221  -.1969E-09
       5.40000   .100E-01  -.788E-02   .540E-01  -.193E-01   .000E+00   .000E+00   .970E-02   .000E+00   .789E-02   .000E+00   .000E+00   .000E+00     225  -.2021E-09
       5.50000   .100E-01  -.797E-02   .550E-01  -.201E-01   .000E+00   .000E+00   .972E-02   .000E+00   .798E-02   .000E+00   .000E+00   .000E+00     229  -.2077E-09
       5.60000   .100E-01  -.805E-02   .560E-01  -.209E-01   .000E+00   .000E+00   .973E-02   .000E+00   .806E-02   .000E+00   .000E+00   .000E+00     233  -.2140E-09
       5.70000   .100E-01  -.814E-02   .570E-01  -.218E-01   .000E+00   .000E+00   .974E-02   .000E+00   .814E-02   .000E+00   .000E+00   .000E+00     237  -.2217E-09
       5.80000   .100E-01  -.822E-02   .580E-01  -.226E-01   .000E+00   .000E+00   .975E-02   .000E+00   .822E-02   .000E+00   .000E+00   .000E+00     241  -.2289E-09
       5.90000   .100E-01  -.829E-02   .590E-01  -.234E-01   .000E+00   .000E+00   .976E-02   .000E+00   .830E-02   .000E+00   .000E+00   .000E+00     245  -.2358E-09
       6.00000   .100E-01  -.836E-02   .600E-01  -.242E-01   .000E+00   .000E+00   .977E-02   .000E+00   .837E-02   .000E+00   .000E+00   .000E+00     249  -.2397E-09
       6.10000   .100E-01  -.843E-02   .610E-01  -.251E-01   .000E+00   .000E+00   .978E-02   .000E+00   .844E-02   .000E+00   .000E+00   .000E+00     253  -.2420E-09
       6.20000   .100E-01  -.850E-02   .620E-01  -.259E-01   .000E+00   .000E+00   .979E-02   .000E+00   .851E-02   .000E+00   .000E+00   .000E+00     257  -.2433E-09
       6.30000   .100E-01  -.856E-02   .630E-01  -.268E-01   .000E+00   .000E+00   .980E-02   .000E+00   .857E-02   .000E+00   .000E+00   .000E+00     261  -.2440E-09
       6.40000   .100E-01  -.862E-02   .640E-01  -.276E-01   .000E+00   .000E+00   .981E-02   .000E+00   .863E-02   .000E+00   .000E+00   .000E+00     265  -.2444E-09
       6.50000   .100E-01  -.868E-02   .650E-01  -.285E-01   .000E+00   .000E+00   .982E-02   .000E+00   .869E-02   .000E+00   .000E+00   .000E+00     269  -.2446E-09
       6.60000   .100E-01  -.874E-02   .660E-01  -.294E-01   .000E+00   .000E+00   .983E-02   .000E+00   .875E-02   .000E+00   .000E+00   .000E+00     273  -.2447E-09
       6.70000   .100E-01  -.879E-02   .670E-01  -.302E-01   .000E+00   .000E+00   .983E-02   .000E+00   .880E-02   .000E+00   .000E+00   .000E+00     277  -.2447E-09
       6.80000   .100E-01  -.884E-02   .680E-01  -.311E-01   .000E+00   .000E+00   .984E-02   .000E+00   .885E-02   .000E+00   .000E+00   .000E+00     281  -.2446E-09
       6.90000   .100E-01  -.889E-02   .690E-01  -.320E-01   .000E+00   .000E+00   .985E-02   .000E+00   .890E-02   .000E+00   .000E+00   .000E+00     285  -.2445E-09
       7.00000   .100E-01  -.894E-02   .700E-01  -.329E-01   .000E+00   .000E+00   .985E-02   .000E+00   .895E-02   .000E+00   .000E+00   .000E+00     289  -.2444E-09
       7.10000   .100E-01  -.899E-02   .710E-01  -.338E-01   .000E+00   .000E+00   .986E-02   .000E+00   .899E-02   .000E+00   .000E+00   .000E+00     293  -.2443E-09
       7.20000   .100E-01  -.903E-02   .720E-01  -.347E-01   .000E+00   .000E+00   .987E-02   .000E+00   .903E-02   .000E+00   .000E+00   .000E+00     297  -.2442E-09
       7.30000   .100E-01  -.907E-02   .730E-01  -.356E-01   .000E+00   .000E+00   .987E-02   .000E+00   .908E-02   .000E+00   .000E+00   .000E+00     301  -.2441E-09
       7.40000   .100E-01  -.911E-02   .740E-01  -.365E-01   .000E+00   .000E+00   .988E-02   .000E+00   .911E-02   .000E+00   .000E+00   .000E+00     305  -.2440E-09
       7.50000   .100E-01  -.915E-02   .750E-01  -.374E-01   .000E+00   .000E+00   .988E-02   .000E+00   .915E-02   .000E+00   .000E+00   .000E+00     309  -.2439E-09
       7.60000   .100E-01  -.919E-02   .760E-01  -.384E-01   .000E+00   .000E+00   .989E-02   .000E+00   .919E-02   .000E+00   .000E+00   .000E+00     313  -.2438E-09
       7.70000   .100E-01  -.922E-02   .770E-01  -.393E-01   .000E+00   .000E+00   .989E-02   .000E+00   .922E-02   .000E+00   .000E+00   .000E+00     317  -.2437E-09
       7.80000   .100E-01  -.925E-02   .780E-01  -.402E-01   .000E+00   .000E+00   .990E-02   .000E+00   .926E-02   .000E+00   .000E+00   .000E+00     321  -.2437E-09
       7.90000   .100E-01  -.929E-02   .790E-01  -.411E-01   .000E+00   .000E+00   .990E-02   .000E+00   .929E-02   .000E+00   .000E+00   .000E+00     325  -.2436E-09
       8.00000   .100E-01  -.932E-02   .800E-01  -.421E-01   .000E+00   .000E+00   .991E-02   .000E+00   .932E-02   .000E+00   .000E+00   .000E+00     329  -.2435E-09
       8.10000   .100E-01  -.935E-02   .810E-01  -.430E-01   .000E+00   .000E+00   .991E-02   .000E+00   .935E-02   .000E+00   .000E+00   .000E+00     333  -.2434E-09
       8.20000   .100E-01  -.937E-02   .820E-01  -.439E-01   .000E+00   .000E+00   .991E-02   .000E+00   .938E-02   .000E+00   .000E+00   .000E+00     337  -.2434E-09
       8.30000   .100E-01  -.940E-02   .830E-01  -.449E-01   .000E+00   .000E+00   .992E-02   .000E+00   .940E-02   .000E+00   .000E+00   .000E+00     341  -.2433E-09
       8.40000   .100E-01  -.943E-02   .840E-01  -.458E-01   .000E+00   .000E+00   .992E-02   .000E+00   .943E-02   .000E+00   .000E+00   .000E+00     345  -.2432E-09
       8.50000   .100E-01  -.945E-02   .850E-01  -.468E-01   .000E+00   .000E+00   .992E-02   .000E+00   .945E-02   .000E+00   .000E+00   .000E+00     349  -.2432E-09
       8.60000   .100E-01  -.947E-02   .860E-01  -.477E-01   .000E+00   .000E+00   .993E-02   .000E+00   .948E-02   .000E+00   .000E+00   .000E+00     353  -.2431E-09
       8.70000   .100E-01  -.950E-02   .870E-01  -.486E-01   .000E+00   .000E+00   .993E-02   .000E+00   .950E-02   .000E+00   .000E+00   .000E+00     357  -.2430E-09
       8.80000   .100E-01  -.952E-02   .880E-01  -.496E-01   .000E+00   .000E+00   .993E-02   .000E+00   .952E-02   .000E+00   .000E+00   .000E+00     361  -.2430E-09
       8.90000   .100E-01  -.954E-02   .890E-01  -.505E-01   .000E+00   .000E+00   .994E-02   .000E+00   .954E-02   .000E+00   .000E+00   .000E+00     365  -.2429E-09
       9.00000   .100E-01  -.956E-02   .900E-01  -.515E-01   .000E+00   .000E+00   .994E-02   .000E+00   .956E-02   .000E+00   .000E+00   .000E+00     369  -.2429E-09
       9.10000   .100E-01  -.958E-02   .910E-01  -.525E-01   .000E+00   .000E+00   .994E-02   .000E+00   .958E-02   .000E+00   .000E+00   .000E+00     373  -.2428E-09
       9.20000   .100E-01  -.960E-02   .920E-01  -.534E-01   .000E+00   .000E+00   .994E-02   .000E+00   .960E-02   .000E+00   .000E+00   .000E+00     377  -.2427E-09
       9.30000   .100E-01  -.961E-02   .930E-01  -.544E-01   .000E+00   .000E+00   .995E-02   .000E+00   .961E-02   .000E+00   .000E+00   .000E+00     381  -.2427E-09
       9.40000   .100E-01  -.963E-02   .940E-01  -.553E-01   .000E+00   .000E+00   .995E-02   .000E+00   .963E-02   .000E+00   .000E+00   .000E+00     385  -.2426E-09
       9.50000   .100E-01  -.965E-02   .950E-01  -.563E-01   .000E+00   .000E+00   .995E-02   .000E+00   .965E-02   .000E+00   .000E+00   .000E+00     389  -.2425E-09
       9.60000   .100E-01  -.966E-02   .960E-01  -.573E-01   .000E+00   .000E+00   .995E-02   .000E+00   .966E-02   .000E+00   .000E+00   .000E+00     393  -.2425E-09
       9.70000   .100E-01  -.967E-02   .970E-01  -.582E-01   .000E+00   .000E+00   .996E-02   .000E+00   .968E-02   .000E+00   .000E+00   .000E+00     397  -.2424E-09
       9.80000   .100E-01  -.969E-02   .980E-01  -.592E-01   .000E+00   .000E+00   .996E-02   .000E+00   .969E-02   .000E+00   .000E+00   .000E+00     401  -.2424E-09
       9.90000   .100E-01  -.970E-02   .990E-01  -.602E-01   .000E+00   .000E+00   .996E-02   .000E+00   .970E-02   .000E+00   .000E+00   .000E+00     405  -.2423E-09
      10.00000   .100E-01  -.971E-02   .100E+00  -.611E-01   .000E+00   .000E+00   .996E-02   .000E+00   .972E-02   .000E+00   .000E+00   .000E+00     409  -.2422E-09
      10.10000   .100E-01  -.973E-02   .101E+00  -.621E-01   .000E+00   .000E+00   .996E-02   .000E+00   .973E-02   .000E+00   .000E+00   .000E+00     413  -.2422E-09
      10.20000   .100E-01  -.974E-02   .102E+00  -.631E-01   .000E+00   .000E+00   .996E-02   .000E+00   .974E-02   .000E+00   .000E+00   .000E+00     417  -.2421E-09
      10.30000   .100E-01  -.975E-02   .103E+00  -.641E-01   .000E+00   .000E+00   .997E-02   .000E+00   .975E-02   .000E+00   .000E+00   .000E+00     421  -.2421E-09
      10.40000   .100E-01  -.976E-02   .104E+00  -.650E-01   .000E+00   .000E+00   .997E-02   .000E+00   .976E-02   .000E+00   .000E+00   .000E+00     425  -.2420E-09
      10.50000   .100E-01  -.977E-02   .105E+00  -.660E-01   .000E+00   .000E+00   .997E-02   .000E+00   .977E-02   .000E+00   .000E+00   .000E+00     429  -.2419E-09
      10.60000   .100E-01  -.978E-02   .106E+00  -.670E-01   .000E+00   .000E+00   .997E-02   .000E+00   .978E-02   .000E+00   .000E+00   .000E+00     433  -.2419E-09
      10.70000   .100E-01  -.979E-02   .107E+00  -.680E-01   .000E+00   .000E+00   .997E-02   .000E+00   .979E-02   .000E+00   .000E+00   .000E+00     437  -.2418E-09
      10.80000   .100E-01  -.980E-02   .108E+00  -.690E-01   .000E+00   .000E+00   .997E-02   .000E+00   .980E-02   .000E+00   .000E+00   .000E+00     441  -.2418E-09
      10.90000   .100E-01  -.981E-02   .109E+00  -.699E-01   .000E+00   .000E+00   .997E-02   .000E+00   .981E-02   .000E+00   .000E+00   .000E+00     445  -.2417E-09
      11.00000   .100E-01  -.982E-02   .110E+00  -.709E-01   .000E+00   .000E+00   .997E-02   .000E+00   .982E-02   .000E+00   .000E+00   .000E+00     449  -.2417E-09
      11.10000   .100E-01  -.982E-02   .111E+00  -.719E-01   .000E+00   .000E+00   .998E-02   .000E+00   .982E-02   .000E+00   .000E+00   .000E+00     453  -.2416E-09
      11.20000   .100E-01  -.983E-02   .112E+00  -.729E-01   .000E+00   .000E+00   .998E-02   .000E+00   .983E-02   .000E+00   .000E+00   .000E+00     457  -.2415E-09
      11.30000   .100E-01  -.984E-02   .113E+00  -.739E-01   .000E+00   .000E+00   .998E-02   .000E+00   .984E-02   .000E+00   .000E+00   .000E+00     461  -.2415E-09
      11.40000   .100E-01  -.985E-02   .114E+00  -.749E-01   .000E+00   .000E+00   .998E-02   .000E+00   .985E-02   .000E+00   .000E+00   .000E+00     465  -.2414E-09
      11.50000   .100E-01  -.985E-02   .115E+00  -.758E-01   .000E+00   .000E+00   .998E-02   .000E+00   .985E-02   .000E+00   .000E+00   .000E+00     469  -.2414E-09
      11.60000   .100E-01  -.986E-02   .116E+00  -.768E-01   .000E+00   .000E+00   .998E-02   .000E+00   .986E-02   .000E+00   .000E+00   .000E+00     473  -.2413E-09
      11.70000   .100E-01  -.986E-02   .117E+00  -.778E-01   .000E+00   .000E+00   .998E-02   .000E+00   .987E-02   .000E+00   .000E+00   .000E+00     477  -.2413E-09
      11.80000   .100E-01  -.987E-02   .118E+00  -.788E-01   .000E+00   .000E+00   .998E-02   .000E+00   .987E-02   .000E+00   .000E+00   .000E+00     481  -.2412E-09
      11.90000   .100E-01  -.988E-02   .119E+00  -.798E-01   .000E+00   .000E+00   .998E-02   .000E+00   .988E-02   .000E+00   .000E+00   .000E+00     485  -.2412E-09
      12.00000   .100E-01  -.988E-02   .120E+00  -.808E-01   .000E+00   .000E+00   .998E-02   .000E+00   .988E-02   .000E+00   .000E+00   .000E+00     489  -.2411E-09
      12.10000   .100E-01  -.989E-02   .121E+00  -.818E-01   .000E+00   .000E+00   .998E-02   .000E+00   .989E-02   .000E+00   .000E+00   .000E+00     493  -.2411E-09
      12.20000   .100E-01  -.989E-02   .122E+00  -.827E-01   .000E+00   .000E+00   .999E-02   .000E+00   .989E-02   .000E+00   .000E+00   .000E+00     497  -.2410E-09
      12.30000   .100E-01  -.990E-02   .123E+00  -.837E-01   .000E+00   .000E+00   .999E-02   .000E+00   .990E-02   .000E+00   .000E+00   .000E+00     501  -.2410E-09
      12.40000   .100E-01  -.990E-02   .124E+00  -.847E-01   .000E+00   .000E+00   .999E-02   .000E+00   .990E-02   .000E+00   .000E+00   .000E+00     505  -.2409E-09
      12.50000   .100E-01  -.990E-02   .125E+00  -.857E-01   .000E+00   .000E+00   .999E-02   .000E+00   .991E-02   .000E+00   .000E+00   .000E+00     509  -.2409E-09
      12.60000   .100E-01  -.991E-02   .126E+00  -.867E-01   .000E+00   .000E+00   .999E-02   .000E+00   .991E-02   .000E+00   .000E+00   .000E+00     513  -.2408E-09
      12.70000   .100E-01  -.991E-02   .127E+00  -.877E-01   .000E+00   .000E+00   .999E-02   .000E+00   .991E-02   .000E+00   .000E+00   .000E+00     517  -.2408E-09
      12.80000   .100E-01  -.992E-02   .128E+00  -.887E-01   .000E+00   .000E+00   .999E-02   .000E+00   .992E-02   .000E+00   .000E+00   .000E+00     521  -.2407E-09
      12.90000   .100E-01  -.992E-02   .129E+00  -.897E-01   .000E+00   .000E+00   .999E-02   .000E+00   .992E-02   .000E+00   .000E+00   .000E+00     525  -.2407E-09
      13.00000   .100E-01  -.992E-02   .130E+00  -.907E-01   .000E+00   .000E+00   .999E-02   .000E+00   .992E-02   .000E+00   .000E+00   .000E+00     529  -.2407E-09
      13.10000   .100E-01  -.993E-02   .131E+00  -.917E-01   .000E+00   .000E+00   .999E-02   .000E+00   .993E-02   .000E+00   .000E+00   .000E+00     533  -.2406E-09
      13.20000   .100E-01  -.993E-02   .132E+00  -.927E-01   .000E+00   .000E+00   .999E-02   .000E+00   .993E-02   .000E+00   .000E+00   .000E+00     537  -.2406E-09
      13.30000   .100E-01  -.993E-02   .133E+00  -.937E-01   .000E+00   .000E+00   .999E-02   .000E+00   .993E-02   .000E+00   .000E+00   .000E+00     541  -.2405E-09
      13.40000   .100E-01  -.994E-02   .134E+00  -.946E-01   .000E+00   .000E+00   .999E-02   .000E+00   .994E-02   .000E+00   .000E+00   .000E+00     545  -.2405E-09
      13.50000   .100E-01  -.994E-02   .135E+00  -.956E-01   .000E+00   .000E+00   .999E-02   .000E+00   .994E-02   .000E+00   .000E+00   .000E+00     549  -.2405E-09
      13.60000   .100E-01  -.994E-02   .136E+00  -.966E-01   .000E+00   .000E+00   .999E-02   .000E+00   .994E-02   .000E+00   .000E+00   .000E+00     553  -.2404E-09
      13.70000   .100E-01  -.994E-02   .137E+00  -.976E-01   .000E+00   .000E+00   .999E-02   .000E+00   .994E-02   .000E+00   .000E+00   .000E+00     557  -.2404E-09
      13.80000   .100E-01  -.995E-02   .138E+00  -.986E-01   .000E+00   .000E+00   .999E-02   .000E+00   .995E-02   .000E+00   .000E+00   .000E+00     561  -.2403E-09
      13.90000   .100E-01  -.995E-02   .139E+00  -.996E-01   .000E+00   .000E+00   .999E-02   .000E+00   .995E-02   .000E+00   .000E+00   .000E+00     565  -.2403E-09
      14.00000   .100E-01  -.995E-02   .140E+00  -.101E+00   .000E+00   .000E+00   .999E-02   .000E+00   .995E-02   .000E+00   .000E+00   .000E+00     569  -.2403E-09
      14.10000   .100E-01  -.995E-02   .141E+00  -.102E+00   .000E+00   .000E+00   .999E-02   .000E+00   .995E-02   .000E+00   .000E+00   .000E+00     573  -.2402E-09
      14.20000   .100E-01  -.995E-02   .142E+00  -.103E+00   .000E+00   .000E+00   .999E-02   .000E+00   .995E-02   .000E+00   .000E+00   .000E+00     577  -.2402E-09
      14.30000   .100E-01  -.996E-02   .143E+00  -.104E+00   .000E+00   .000E+00   .999E-02   .000E+00   .996E-02   .000E+00   .000E+00   .000E+00     581  -.2402E-09
      14.40000   .100E-01  -.996E-02   .144E+00  -.105E+00   .000E+00   .000E+00   .999E-02   .000E+00   .996E-02   .000E+00   .000E+00   .000E+00     585  -.2401E-09
      14.50000   .100E-01  -.996E-02   .145E+00  -.106E+00   .000E+00   .000E+00   .999E-02   .000E+00   .996E-02   .000E+00   .000E+00   .000E+00     589  -.2401E-09
      14.60000   .100E-01  -.996E-02   .146E+00  -.107E+00   .000E+00   .000E+00   .999E-02   .000E+00   .996E-02   .000E+00   .000E+00   .000E+00     593  -.2401E-09
      14.70000   .100E-01  -.996E-02   .147E+00  -.108E+00   .000E+00   .000E+00   .999E-02   .000E+00   .996E-02   .000E+00   .000E+00   .000E+00     597  -.2401E-09
      14.80000   .100E-01  -.997E-02   .148E+00  -.109E+00   .000E+00   .000E+00   .100E-01   .000E+00   .997E-02   .000E+00   .000E+00   .000E+00     601  -.2400E-09
      14.90000   .100E-01  -.997E-02   .149E+00  -.110E+00   .000E+00   .000E+00   .100E-01   .000E+00   .997E-02   .000E+00   .000E+00   .000E+00     605  -.2400E-09
      15.00000   .100E-01  -.997E-02   .150E+00  -.111E+00   .000E+00   .000E+00   .100E-01   .000E+00   .997E-02   .000E+00   .000E+00   .000E+00     609  -.2400E-09
end
