 ******* Program HYDRUS
 ******* Welcome to HYDRUS-1D                                                   
  
 Date:   6.11.    Time:  10: 4:25
 Units: L = cm   , T = days , M = mmol 

----------------------------------------------------------
 Time       [T]      328.0000
----------------------------------------------------------
 Sub-region num.                     1
----------------------------------------------------------
 Area     [L]         .50000E+02   .50000E+02
 W-volume [L]         .65337E+01   .65337E+01
 In-flow  [L/T]      -.22724E+00  -.22724E+00
 h Mean   [L]        -.10800E+04  -.10800E+04
 HeatVol  [M/T2]      .17456E+19   .17456E+19
 tMean    [K]             17.000       17.000
 Top Flux [L/T]      -.11504E-03
 Bot Flux [L/T]      -.11504E-03
----------------------------------------------------------

----------------------------------------------------------
 Time       [T]      328.5000
----------------------------------------------------------
 Sub-region num.                     1
----------------------------------------------------------
 Area     [L]         .50000E+02   .50000E+02
 W-volume [L]         .64699E+01   .64699E+01
 In-flow  [L/T]      -.22053E+00  -.22053E+00
 h Mean   [L]        -.16139E+04  -.16139E+04
 HeatVol  [M/T2]      .17468E+19   .17468E+19
 tMean    [K]             18.209       18.209
 Top Flux [L/T]       .22019E+00
 Bot Flux [L/T]      -.97699E-04
 WatBalT  [L]         .93815E-03
 WatBalR  [%]              1.379
----------------------------------------------------------

----------------------------------------------------------
 Time       [T]      329.0000
----------------------------------------------------------
 Sub-region num.                     1
----------------------------------------------------------
 Area     [L]         .50000E+02   .50000E+02
 W-volume [L]         .64332E+01   .64332E+01
 In-flow  [L/T]      -.30892E-01  -.30892E-01
 h Mean   [L]        -.14647E+04  -.14647E+04
 HeatVol  [M/T2]      .17372E+19   .17372E+19
 tMean    [K]             17.100       17.100
 Top Flux [L/T]       .41620E-01
 Bot Flux [L/T]      -.13188E-03
 WatBalT  [L]         .64917E-03
 WatBalR  [%]               .642
----------------------------------------------------------

----------------------------------------------------------
 Time       [T]      329.5000
----------------------------------------------------------
 Sub-region num.                     1
----------------------------------------------------------
 Area     [L]         .50000E+02   .50000E+02
 W-volume [L]         .64142E+01   .64142E+01
 In-flow  [L/T]      -.37213E-01  -.37213E-01
 h Mean   [L]        -.16840E+04  -.16840E+04
 HeatVol  [M/T2]      .17462E+19   .17462E+19
 tMean    [K]             18.994       18.994
 Top Flux [L/T]       .37017E-01
 Bot Flux [L/T]      -.11047E-03
 WatBalT  [L]         .63251E-03
 WatBalR  [%]               .527
----------------------------------------------------------

----------------------------------------------------------
 Time       [T]      330.0000
----------------------------------------------------------
 Sub-region num.                     1
----------------------------------------------------------
 Area     [L]         .50000E+02   .50000E+02
 W-volume [L]         .64008E+01   .64008E+01
 In-flow  [L/T]      -.21421E-01  -.21421E-01
 h Mean   [L]        -.17071E+04  -.17071E+04
 HeatVol  [M/T2]      .17380E+19   .17380E+19
 tMean    [K]             17.729       17.729
 Top Flux [L/T]       .21337E-01
 Bot Flux [L/T]      -.12078E-03
 WatBalT  [L]         .63191E-03
 WatBalR  [%]               .473
----------------------------------------------------------

----------------------------------------------------------
 Time       [T]      330.5000
----------------------------------------------------------
 Sub-region num.                     1
----------------------------------------------------------
 Area     [L]         .50000E+02   .50000E+02
 W-volume [L]         .63901E+01   .63901E+01
 In-flow  [L/T]      -.25015E-01  -.25015E-01
 h Mean   [L]        -.17155E+04  -.17155E+04
 HeatVol  [M/T2]      .17402E+19   .17402E+19
 tMean    [K]             18.337       18.337
 Top Flux [L/T]       .24942E-01
 Bot Flux [L/T]      -.11354E-03
 WatBalT  [L]         .63097E-03
 WatBalR  [%]               .438
----------------------------------------------------------

----------------------------------------------------------
 Time       [T]      331.0000
----------------------------------------------------------
 Sub-region num.                     1
----------------------------------------------------------
 Area     [L]         .50000E+02   .50000E+02
 W-volume [L]         .63802E+01   .63802E+01
 In-flow  [L/T]      -.16055E-01  -.16055E-01
 h Mean   [L]        -.17341E+04  -.17341E+04
 HeatVol  [M/T2]      .17306E+19   .17306E+19
 tMean    [K]             16.798       16.798
 Top Flux [L/T]       .15967E-01
 Bot Flux [L/T]      -.11860E-03
 WatBalT  [L]         .62989E-03
 WatBalR  [%]               .409
----------------------------------------------------------

----------------------------------------------------------
 Time       [T]      331.5000
----------------------------------------------------------
 Sub-region num.                     1
----------------------------------------------------------
 Area     [L]         .50000E+02   .50000E+02
 W-volume [L]         .63721E+01   .63721E+01
 In-flow  [L/T]      -.19085E-01  -.19085E-01
 h Mean   [L]        -.17396E+04  -.17396E+04
 HeatVol  [M/T2]      .17313E+19   .17313E+19
 tMean    [K]             17.114       17.114
 Top Flux [L/T]       .18898E-01
 Bot Flux [L/T]      -.11055E-03
 WatBalT  [L]         .62990E-03
 WatBalR  [%]               .388
----------------------------------------------------------

----------------------------------------------------------
 Time       [T]      332.0000
----------------------------------------------------------
 Sub-region num.                     1
----------------------------------------------------------
 Area     [L]         .50000E+02   .50000E+02
 W-volume [L]         .63646E+01   .63646E+01
 In-flow  [L/T]      -.12180E-01  -.12180E-01
 h Mean   [L]        -.17569E+04  -.17569E+04
 HeatVol  [M/T2]      .17178E+19   .17178E+19
 tMean    [K]             14.871       14.871
 Top Flux [L/T]       .12122E-01
 Bot Flux [L/T]      -.11426E-03
 WatBalT  [L]         .62998E-03
 WatBalR  [%]               .371
----------------------------------------------------------

----------------------------------------------------------
 Time       [T]      332.5000
----------------------------------------------------------
 Sub-region num.                     1
----------------------------------------------------------
 Area     [L]         .50000E+02   .50000E+02
 W-volume [L]         .63580E+01   .63580E+01
 In-flow  [L/T]      -.17563E-01  -.17563E-01
 h Mean   [L]        -.17565E+04  -.17565E+04
 HeatVol  [M/T2]      .17224E+19   .17224E+19
 tMean    [K]             15.856       15.856
 Top Flux [L/T]       .17205E-01
 Bot Flux [L/T]      -.10535E-03
 WatBalT  [L]         .63165E-03
 WatBalR  [%]               .358
----------------------------------------------------------

----------------------------------------------------------
 Time       [T]      333.0000
----------------------------------------------------------
 Sub-region num.                     1
----------------------------------------------------------
 Area     [L]         .50000E+02   .50000E+02
 W-volume [L]         .63507E+01   .63507E+01
 In-flow  [L/T]      -.12049E-01  -.12049E-01
 h Mean   [L]        -.17688E+04  -.17688E+04
 HeatVol  [M/T2]      .17200E+19   .17200E+19
 tMean    [K]             15.471       15.471
 Top Flux [L/T]       .11992E-01
 Bot Flux [L/T]      -.11380E-03
 WatBalT  [L]         .63127E-03
 WatBalR  [%]               .344
----------------------------------------------------------

----------------------------------------------------------
 Time       [T]      333.5000
----------------------------------------------------------
 Sub-region num.                     1
----------------------------------------------------------
 Area     [L]         .50000E+02   .50000E+02
 W-volume [L]         .63446E+01   .63446E+01
 In-flow  [L/T]      -.16865E-01  -.16865E-01
 h Mean   [L]        -.17679E+04  -.17679E+04
 HeatVol  [M/T2]      .17244E+19   .17244E+19
 tMean    [K]             16.422       16.422
 Top Flux [L/T]       .16696E-01
 Bot Flux [L/T]      -.10590E-03
 WatBalT  [L]         .63224E-03
 WatBalR  [%]               .333
----------------------------------------------------------

----------------------------------------------------------
 Time       [T]      334.0000
----------------------------------------------------------
 Sub-region num.                     1
----------------------------------------------------------
 Area     [L]         .50000E+02   .50000E+02
 W-volume [L]         .63380E+01   .63380E+01
 In-flow  [L/T]      -.10456E-01  -.10456E-01
 h Mean   [L]        -.17838E+04  -.17838E+04
 HeatVol  [M/T2]      .17177E+19   .17177E+19
 tMean    [K]             15.260       15.260
 Top Flux [L/T]       .10433E-01
 Bot Flux [L/T]      -.11474E-03
 WatBalT  [L]         .63087E-03
 WatBalR  [%]               .321
----------------------------------------------------------

----------------------------------------------------------
 Time       [T]      334.5000
----------------------------------------------------------
 Sub-region num.                     1
----------------------------------------------------------
 Area     [L]         .50000E+02   .50000E+02
 W-volume [L]         .63323E+01   .63323E+01
 In-flow  [L/T]      -.15588E-01  -.15588E-01
 h Mean   [L]        -.17809E+04  -.17809E+04
 HeatVol  [M/T2]      .17244E+19   .17244E+19
 tMean    [K]             16.609       16.609
 Top Flux [L/T]       .15341E-01
 Bot Flux [L/T]      -.10639E-03
 WatBalT  [L]         .63208E-03
 WatBalR  [%]               .313
----------------------------------------------------------

----------------------------------------------------------
 Time       [T]      335.0000
----------------------------------------------------------
 Sub-region num.                     1
----------------------------------------------------------
 Area     [L]         .50000E+02   .50000E+02
 W-volume [L]         .67938E+01   .67938E+01
 In-flow  [L/T]      -.30583E-01  -.30583E-01
 h Mean   [L]        -.10191E+04  -.10191E+04
 HeatVol  [M/T2]      .17517E+19   .17517E+19
 tMean    [K]             14.202       14.202
 Top Flux [L/T]       .22754E-01
 Bot Flux [L/T]      -.11376E-03
 WatBalT  [L]         .14654E-03
 WatBalR  [%]               .018
----------------------------------------------------------

----------------------------------------------------------
 Time       [T]      335.5000
----------------------------------------------------------
 Sub-region num.                     1
----------------------------------------------------------
 Area     [L]         .50000E+02   .50000E+02
 W-volume [L]         .69313E+01   .69313E+01
 In-flow  [L/T]      -.63708E+00  -.63708E+00
 h Mean   [L]        -.99585E+03  -.99585E+03
 HeatVol  [M/T2]      .17682E+19   .17682E+19
 tMean    [K]             14.714       14.714
 Top Flux [L/T]       .46946E+00
 Bot Flux [L/T]      -.84971E-04
 WatBalT  [L]         .12816E-02
 WatBalR  [%]               .123
----------------------------------------------------------

----------------------------------------------------------
 Time       [T]      336.0000
----------------------------------------------------------
 Sub-region num.                     1
----------------------------------------------------------
 Area     [L]         .50000E+02   .50000E+02
 W-volume [L]         .68362E+01   .68362E+01
 In-flow  [L/T]      -.58749E-01  -.58749E-01
 h Mean   [L]        -.99712E+03  -.99712E+03
 HeatVol  [M/T2]      .17499E+19   .17499E+19
 tMean    [K]             13.287       13.287
 Top Flux [L/T]       .51509E-01
 Bot Flux [L/T]      -.11058E-03
 WatBalT  [L]         .11023E-02
 WatBalR  [%]               .097
----------------------------------------------------------

----------------------------------------------------------
 Time       [T]      336.5000
----------------------------------------------------------
 Sub-region num.                     1
----------------------------------------------------------
 Area     [L]         .50000E+02   .50000E+02
 W-volume [L]         .67812E+01   .67812E+01
 In-flow  [L/T]      -.39578E+00  -.39578E+00
 h Mean   [L]        -.10127E+04  -.10127E+04
 HeatVol  [M/T2]      .17445E+19   .17445E+19
 tMean    [K]             13.103       13.103
 Top Flux [L/T]       .29498E+00
 Bot Flux [L/T]      -.81111E-04
 WatBalT  [L]         .14799E-02
 WatBalR  [%]               .124
----------------------------------------------------------

----------------------------------------------------------
 Time       [T]      337.0000
----------------------------------------------------------
 Sub-region num.                     1
----------------------------------------------------------
 Area     [L]         .50000E+02   .50000E+02
 W-volume [L]         .67232E+01   .67232E+01
 In-flow  [L/T]      -.20658E-01  -.20658E-01
 h Mean   [L]        -.10250E+04  -.10250E+04
 HeatVol  [M/T2]      .17313E+19   .17313E+19
 tMean    [K]             11.859       11.859
 Top Flux [L/T]       .36711E-01
 Bot Flux [L/T]      -.10524E-03
 WatBalT  [L]         .10528E-02
 WatBalR  [%]               .084
----------------------------------------------------------

----------------------------------------------------------
 Time       [T]      337.5000
----------------------------------------------------------
 Sub-region num.                     1
----------------------------------------------------------
 Area     [L]         .50000E+02   .50000E+02
 W-volume [L]         .66840E+01   .66840E+01
 In-flow  [L/T]      -.26573E+00  -.26573E+00
 h Mean   [L]        -.10795E+04  -.10795E+04
 HeatVol  [M/T2]      .17315E+19   .17315E+19
 tMean    [K]             12.411       12.411
 Top Flux [L/T]       .19098E+00
 Bot Flux [L/T]      -.81352E-04
 WatBalT  [L]         .14569E-02
 WatBalR  [%]               .113
----------------------------------------------------------

----------------------------------------------------------
 Time       [T]      338.0000
----------------------------------------------------------
 Sub-region num.                     1
----------------------------------------------------------
 Area     [L]         .50000E+02   .50000E+02
 W-volume [L]         .66400E+01   .66400E+01
 In-flow  [L/T]      -.22655E-01  -.22655E-01
 h Mean   [L]        -.10934E+04  -.10934E+04
 HeatVol  [M/T2]      .17226E+19   .17226E+19
 tMean    [K]             11.618       11.618
 Top Flux [L/T]       .37000E-01
 Bot Flux [L/T]      -.10845E-03
 WatBalT  [L]         .86322E-03
 WatBalR  [%]               .065
----------------------------------------------------------

----------------------------------------------------------
 Time       [T]      338.5000
----------------------------------------------------------
 Sub-region num.                     1
----------------------------------------------------------
 Area     [L]         .50000E+02   .50000E+02
 W-volume [L]         .66125E+01   .66125E+01
 In-flow  [L/T]      -.16531E+00  -.16531E+00
 h Mean   [L]        -.14161E+04  -.14161E+04
 HeatVol  [M/T2]      .17291E+19   .17291E+19
 tMean    [K]             13.102       13.102
 Top Flux [L/T]       .12889E+00
 Bot Flux [L/T]      -.85379E-04
 WatBalT  [L]         .14706E-02
 WatBalR  [%]               .108
----------------------------------------------------------

----------------------------------------------------------
 Time       [T]      339.0000
----------------------------------------------------------
 Sub-region num.                     1
----------------------------------------------------------
 Area     [L]         .50000E+02   .50000E+02
 W-volume [L]         .65815E+01   .65815E+01
 In-flow  [L/T]      -.20946E-01  -.20946E-01
 h Mean   [L]        -.12395E+04  -.12395E+04
 HeatVol  [M/T2]      .17250E+19   .17250E+19
 tMean    [K]             12.877       12.877
 Top Flux [L/T]       .34821E-01
 Bot Flux [L/T]      -.11661E-03
 WatBalT  [L]         .12924E-02
 WatBalR  [%]               .093
----------------------------------------------------------

----------------------------------------------------------
 Time       [T]      339.5000
----------------------------------------------------------
 Sub-region num.                     1
----------------------------------------------------------
 Area     [L]         .50000E+02   .50000E+02
 W-volume [L]         .65585E+01   .65585E+01
 In-flow  [L/T]      -.60889E-01  -.60889E-01
 h Mean   [L]        -.16109E+04  -.16109E+04
 HeatVol  [M/T2]      .17376E+19   .17376E+19
 tMean    [K]             15.346       15.346
 Top Flux [L/T]       .60554E-01
 Bot Flux [L/T]      -.10126E-03
 WatBalT  [L]         .14973E-02
 WatBalR  [%]               .106
----------------------------------------------------------

----------------------------------------------------------
 Time       [T]      340.0000
----------------------------------------------------------
 Sub-region num.                     1
----------------------------------------------------------
 Area     [L]         .50000E+02   .50000E+02
 W-volume [L]         .65377E+01   .65377E+01
 In-flow  [L/T]      -.32103E-01  -.32103E-01
 h Mean   [L]        -.16316E+04  -.16316E+04
 HeatVol  [M/T2]      .17391E+19   .17391E+19
 tMean    [K]             15.865       15.865
 Top Flux [L/T]       .31979E-01
 Bot Flux [L/T]      -.11255E-03
 WatBalT  [L]         .14982E-02
 WatBalR  [%]               .104
----------------------------------------------------------
