 ******* Program HYDRUS
 ******* Welcome to HYDRUS-1D                                                   
  
 Date:   6.11.    Time:  10: 4:25
 Units: L = cm   , T = days , M = mmol 
 
 CosAlf,MaxIt,TolTh,  TolH
 1.000   10    .001 1.00000
 
 TopInF,BotInF,AtmBC,SinkF,WLayer,qGWLF,FreeD,SeepF,lWat,lChem,lTemp,lRoot,lWDep
 
     T     F     T     F     T     F     T     F     T     F     T     F     T

Nodal point information

node      x         hOld    MatN LayN  Beta      Ah       AK      ATh     Temp    Conc(1...NS)         Sorb(1...NS)

   1       .000       .130    1    1    .000    1.000    1.000    1.000   17.00
   2      -.500       .130    1    1    .000    1.000    1.000    1.000   17.00
   3     -1.000       .130    1    1    .000    1.000    1.000    1.000   17.00
   4     -1.500       .130    1    1    .000    1.000    1.000    1.000   17.00
   5     -2.000       .130    1    1    .000    1.000    1.000    1.000   17.00
   6     -2.500       .130    1    1    .000    1.000    1.000    1.000   17.00
   7     -3.000       .130    1    1    .000    1.000    1.000    1.000   17.00
   8     -3.500       .130    1    1    .000    1.000    1.000    1.000   17.00
   9     -4.000       .130    1    1    .000    1.000    1.000    1.000   17.00
  10     -4.500       .130    1    1    .000    1.000    1.000    1.000   17.00
  11     -5.000       .130    1    1    .000    1.000    1.000    1.000   17.00
  12     -5.500       .130    1    1    .000    1.000    1.000    1.000   17.00
  13     -6.000       .130    1    1    .000    1.000    1.000    1.000   17.00
  14     -6.500       .130    1    1    .000    1.000    1.000    1.000   17.00
  15     -7.000       .130    1    1    .000    1.000    1.000    1.000   17.00
  16     -7.500       .130    1    1    .000    1.000    1.000    1.000   17.00
  17     -8.000       .130    1    1    .000    1.000    1.000    1.000   17.00
  18     -8.500       .130    1    1    .000    1.000    1.000    1.000   17.00
  19     -9.000       .130    1    1    .000    1.000    1.000    1.000   17.00
  20     -9.500       .130    1    1    .000    1.000    1.000    1.000   17.00
  21    -10.000       .130    1    1    .000    1.000    1.000    1.000   17.00
  22    -10.500       .130    1    1    .000    1.000    1.000    1.000   17.00
  23    -11.000       .130    1    1    .000    1.000    1.000    1.000   17.00
  24    -11.500       .130    1    1    .000    1.000    1.000    1.000   17.00
  25    -12.000       .130    1    1    .000    1.000    1.000    1.000   17.00
  26    -12.500       .130    1    1    .000    1.000    1.000    1.000   17.00
  27    -13.000       .130    1    1    .000    1.000    1.000    1.000   17.00
  28    -13.500       .130    1    1    .000    1.000    1.000    1.000   17.00
  29    -14.000       .130    1    1    .000    1.000    1.000    1.000   17.00
  30    -14.500       .130    1    1    .000    1.000    1.000    1.000   17.00
  31    -15.000       .130    1    1    .000    1.000    1.000    1.000   17.00
  32    -15.500       .130    1    1    .000    1.000    1.000    1.000   17.00
  33    -16.000       .130    1    1    .000    1.000    1.000    1.000   17.00
  34    -16.500       .130    1    1    .000    1.000    1.000    1.000   17.00
  35    -17.000       .130    1    1    .000    1.000    1.000    1.000   17.00
  36    -17.500       .130    1    1    .000    1.000    1.000    1.000   17.00
  37    -18.000       .130    1    1    .000    1.000    1.000    1.000   17.00
  38    -18.500       .130    1    1    .000    1.000    1.000    1.000   17.00
  39    -19.000       .130    1    1    .000    1.000    1.000    1.000   17.00
  40    -19.500       .130    1    1    .000    1.000    1.000    1.000   17.00
  41    -20.000       .130    1    1    .000    1.000    1.000    1.000   17.00
  42    -20.500       .130    1    1    .000    1.000    1.000    1.000   17.00
  43    -21.000       .130    1    1    .000    1.000    1.000    1.000   17.00
  44    -21.500       .130    1    1    .000    1.000    1.000    1.000   17.00
  45    -22.000       .130    1    1    .000    1.000    1.000    1.000   17.00
  46    -22.500       .130    1    1    .000    1.000    1.000    1.000   17.00
  47    -23.000       .130    1    1    .000    1.000    1.000    1.000   17.00
  48    -23.500       .130    1    1    .000    1.000    1.000    1.000   17.00
  49    -24.000       .130    1    1    .000    1.000    1.000    1.000   17.00
  50    -24.500       .130    1    1    .000    1.000    1.000    1.000   17.00
  51    -25.000       .130    1    1    .000    1.000    1.000    1.000   17.00
  52    -25.500       .130    1    1    .000    1.000    1.000    1.000   17.00
  53    -26.000       .130    1    1    .000    1.000    1.000    1.000   17.00
  54    -26.500       .130    1    1    .000    1.000    1.000    1.000   17.00
  55    -27.000       .130    1    1    .000    1.000    1.000    1.000   17.00
  56    -27.500       .130    1    1    .000    1.000    1.000    1.000   17.00
  57    -28.000       .130    1    1    .000    1.000    1.000    1.000   17.00
  58    -28.500       .130    1    1    .000    1.000    1.000    1.000   17.00
  59    -29.000       .130    1    1    .000    1.000    1.000    1.000   17.00
  60    -29.500       .130    1    1    .000    1.000    1.000    1.000   17.00
  61    -30.000       .130    1    1    .000    1.000    1.000    1.000   17.00
  62    -30.500       .130    1    1    .000    1.000    1.000    1.000   17.00
  63    -31.000       .130    1    1    .000    1.000    1.000    1.000   17.00
  64    -31.500       .130    1    1    .000    1.000    1.000    1.000   17.00
  65    -32.000       .130    1    1    .000    1.000    1.000    1.000   17.00
  66    -32.500       .130    1    1    .000    1.000    1.000    1.000   17.00
  67    -33.000       .130    1    1    .000    1.000    1.000    1.000   17.00
  68    -33.500       .130    1    1    .000    1.000    1.000    1.000   17.00
  69    -34.000       .130    1    1    .000    1.000    1.000    1.000   17.00
  70    -34.500       .130    1    1    .000    1.000    1.000    1.000   17.00
  71    -35.000       .130    1    1    .000    1.000    1.000    1.000   17.00
  72    -35.500       .130    1    1    .000    1.000    1.000    1.000   17.00
  73    -36.000       .130    1    1    .000    1.000    1.000    1.000   17.00
  74    -36.500       .130    1    1    .000    1.000    1.000    1.000   17.00
  75    -37.000       .130    1    1    .000    1.000    1.000    1.000   17.00
  76    -37.500       .130    1    1    .000    1.000    1.000    1.000   17.00
  77    -38.000       .130    1    1    .000    1.000    1.000    1.000   17.00
  78    -38.500       .130    1    1    .000    1.000    1.000    1.000   17.00
  79    -39.000       .130    1    1    .000    1.000    1.000    1.000   17.00
  80    -39.500       .130    1    1    .000    1.000    1.000    1.000   17.00
  81    -40.000       .130    1    1    .000    1.000    1.000    1.000   17.00
  82    -40.500       .130    1    1    .000    1.000    1.000    1.000   17.00
  83    -41.000       .130    1    1    .000    1.000    1.000    1.000   17.00
  84    -41.500       .130    1    1    .000    1.000    1.000    1.000   17.00
  85    -42.000       .130    1    1    .000    1.000    1.000    1.000   17.00
  86    -42.500       .130    1    1    .000    1.000    1.000    1.000   17.00
  87    -43.000       .130    1    1    .000    1.000    1.000    1.000   17.00
  88    -43.500       .130    1    1    .000    1.000    1.000    1.000   17.00
  89    -44.000       .130    1    1    .000    1.000    1.000    1.000   17.00
  90    -44.500       .130    1    1    .000    1.000    1.000    1.000   17.00
  91    -45.000       .130    1    1    .000    1.000    1.000    1.000   17.00
  92    -45.500       .130    1    1    .000    1.000    1.000    1.000   17.00
  93    -46.000       .130    1    1    .000    1.000    1.000    1.000   17.00
  94    -46.500       .130    1    1    .000    1.000    1.000    1.000   17.00
  95    -47.000       .130    1    1    .000    1.000    1.000    1.000   17.00
  96    -47.500       .130    1    1    .000    1.000    1.000    1.000   17.00
  97    -48.000       .130    1    1    .000    1.000    1.000    1.000   17.00
  98    -48.500       .130    1    1    .000    1.000    1.000    1.000   17.00
  99    -49.000       .130    1    1    .000    1.000    1.000    1.000   17.00
 100    -49.500       .130    1    1    .000    1.000    1.000    1.000   17.00
 101    -50.000       .130    1    1    .000    1.000    1.000    1.000   17.00
end

 Number of species in the chain :   0


MatNum, Param. array:

   Mat     Qr     Qs        Alfa         n          Ks      l

    1     .011   .445    .277E-01    .138E+01    .342E+02   .500

       Table of Hydraulic Properties which are interpolated in simulation
       =================================================================

  theta         h        log h        C             K        log K          S          Kv
 
   .4450   -.100E-05  -.6000E+01   .6136E-05   .3411E+02   .1533E+01    1.0000   .0000E+00
   .4450   -.126E-05  -.5899E+01   .6703E-05   .3410E+02   .1533E+01    1.0000   .0000E+00
   .4450   -.159E-05  -.5798E+01   .7323E-05   .3409E+02   .1533E+01    1.0000   .0000E+00
   .4450   -.201E-05  -.5697E+01   .7999E-05   .3408E+02   .1533E+01    1.0000   .0000E+00
   .4450   -.254E-05  -.5596E+01   .8738E-05   .3407E+02   .1532E+01    1.0000   .0000E+00
   .4450   -.320E-05  -.5495E+01   .9546E-05   .3406E+02   .1532E+01    1.0000   .0000E+00
   .4450   -.404E-05  -.5394E+01   .1043E-04   .3404E+02   .1532E+01    1.0000   .0000E+00
   .4450   -.509E-05  -.5293E+01   .1139E-04   .3403E+02   .1532E+01    1.0000   .0000E+00
   .4450   -.643E-05  -.5192E+01   .1244E-04   .3401E+02   .1532E+01    1.0000   .0000E+00
   .4450   -.811E-05  -.5091E+01   .1359E-04   .3400E+02   .1531E+01    1.0000   .0000E+00
   .4450   -.102E-04  -.4990E+01   .1485E-04   .3398E+02   .1531E+01    1.0000   .0000E+00
   .4450   -.129E-04  -.4889E+01   .1622E-04   .3396E+02   .1531E+01    1.0000   .0000E+00
   .4450   -.163E-04  -.4788E+01   .1772E-04   .3394E+02   .1531E+01    1.0000   .0000E+00
   .4450   -.206E-04  -.4687E+01   .1936E-04   .3391E+02   .1530E+01    1.0000   .0000E+00
   .4450   -.260E-04  -.4586E+01   .2115E-04   .3388E+02   .1530E+01    1.0000   .0000E+00
   .4450   -.327E-04  -.4485E+01   .2310E-04   .3385E+02   .1530E+01    1.0000   .0000E+00
   .4450   -.413E-04  -.4384E+01   .2524E-04   .3382E+02   .1529E+01    1.0000   .0000E+00
   .4450   -.521E-04  -.4283E+01   .2757E-04   .3379E+02   .1529E+01    1.0000   .0000E+00
   .4450   -.658E-04  -.4182E+01   .3012E-04   .3375E+02   .1528E+01    1.0000   .0000E+00
   .4450   -.830E-04  -.4081E+01   .3290E-04   .3371E+02   .1528E+01    1.0000   .0000E+00
   .4450   -.105E-03  -.3980E+01   .3594E-04   .3366E+02   .1527E+01    1.0000   .0000E+00
   .4450   -.132E-03  -.3879E+01   .3926E-04   .3361E+02   .1527E+01    1.0000   .0000E+00
   .4450   -.167E-03  -.3778E+01   .4289E-04   .3356E+02   .1526E+01    1.0000   .0000E+00
   .4450   -.210E-03  -.3677E+01   .4685E-04   .3350E+02   .1525E+01    1.0000   .0000E+00
   .4450   -.266E-03  -.3576E+01   .5118E-04   .3344E+02   .1524E+01    1.0000   .0000E+00
   .4450   -.335E-03  -.3475E+01   .5591E-04   .3337E+02   .1523E+01    1.0000   .0000E+00
   .4450   -.423E-03  -.3374E+01   .6108E-04   .3329E+02   .1522E+01    1.0000   .1098E-30
   .4450   -.534E-03  -.3273E+01   .6672E-04   .3321E+02   .1521E+01    1.0000   .1098E-30
   .4450   -.673E-03  -.3172E+01   .7289E-04   .3312E+02   .1520E+01    1.0000   .1098E-30
   .4450   -.850E-03  -.3071E+01   .7962E-04   .3302E+02   .1519E+01    1.0000   .1107E-29
   .4450   -.107E-02  -.2970E+01   .8698E-04   .3291E+02   .1517E+01    1.0000   .1107E-29
   .4450   -.135E-02  -.2869E+01   .9502E-04   .3279E+02   .1516E+01    1.0000   .4275E-29
   .4450   -.171E-02  -.2768E+01   .1038E-03   .3266E+02   .1514E+01    1.0000   .1115E-28
   .4450   -.215E-02  -.2667E+01   .1134E-03   .3252E+02   .1512E+01    1.0000   .4309E-28
   .4450   -.272E-02  -.2566E+01   .1239E-03   .3237E+02   .1510E+01    1.0000   .1124E-27
   .4450   -.343E-02  -.2465E+01   .1353E-03   .3220E+02   .1508E+01    1.0000   .3250E-27
   .4450   -.433E-02  -.2364E+01   .1478E-03   .3202E+02   .1505E+01    1.0000   .1133E-26
   .4450   -.546E-02  -.2263E+01   .1615E-03   .3183E+02   .1503E+01    1.0000   .2805E-26
   .4450   -.689E-02  -.2162E+01   .1764E-03   .3161E+02   .1500E+01    1.0000   .9210E-26
   .4450   -.870E-02  -.2061E+01   .1927E-03   .3138E+02   .1497E+01    1.0000   .2609E-25
   .4450   -.110E-01  -.1960E+01   .2105E-03   .3112E+02   .1493E+01    1.0000   .7376E-25
   .4450   -.138E-01  -.1859E+01   .2299E-03   .3084E+02   .1489E+01    1.0000   .2132E-24
   .4450   -.175E-01  -.1758E+01   .2512E-03   .3054E+02   .1485E+01    1.0000   .6385E-24
   .4450   -.221E-01  -.1657E+01   .2744E-03   .3021E+02   .1480E+01    1.0000   .1840E-23
   .4450   -.278E-01  -.1556E+01   .2997E-03   .2986E+02   .1475E+01    1.0000   .5397E-23
   .4450   -.351E-01  -.1455E+01   .3274E-03   .2947E+02   .1469E+01    1.0000   .1577E-22
   .4450   -.443E-01  -.1354E+01   .3577E-03   .2905E+02   .1463E+01    1.0000   .4558E-22
   .4450   -.559E-01  -.1253E+01   .3907E-03   .2860E+02   .1456E+01    1.0000   .1331E-21
   .4450   -.705E-01  -.1152E+01   .4268E-03   .2811E+02   .1449E+01     .9999   .3881E-21
   .4450   -.890E-01  -.1051E+01   .4662E-03   .2757E+02   .1440E+01     .9999   .1131E-20
   .4450   -.112E+00  -.9495E+00   .5092E-03   .2700E+02   .1431E+01     .9999   .3298E-20
   .4449   -.142E+00  -.8485E+00   .5562E-03   .2637E+02   .1421E+01     .9999   .9608E-20
   .4449   -.179E+00  -.7475E+00   .6074E-03   .2570E+02   .1410E+01     .9998   .2802E-19
   .4449   -.226E+00  -.6465E+00   .6633E-03   .2498E+02   .1398E+01     .9997   .8160E-19
   .4449   -.285E+00  -.5455E+00   .7243E-03   .2420E+02   .1384E+01     .9997   .2378E-18
   .4448   -.359E+00  -.4444E+00   .7908E-03   .2336E+02   .1369E+01     .9995   .6926E-18
   .4447   -.453E+00  -.3434E+00   .8631E-03   .2247E+02   .1352E+01     .9993   .2016E-17
   .4446   -.572E+00  -.2424E+00   .9418E-03   .2151E+02   .1333E+01     .9991   .5864E-17
   .4445   -.722E+00  -.1414E+00   .1027E-02   .2048E+02   .1311E+01     .9988   .1705E-16
   .4443   -.911E+00  -.4040E-01   .1120E-02   .1939E+02   .1288E+01     .9983   .4953E-16
   .4440   -.115E+01   .6061E-01   .1220E-02   .1824E+02   .1261E+01     .9976   .1436E-15
   .4436   -.145E+01   .1616E+00   .1327E-02   .1703E+02   .1231E+01     .9968   .4159E-15
   .4431   -.183E+01   .2626E+00   .1441E-02   .1575E+02   .1197E+01     .9955   .1201E-14
   .4423   -.231E+01   .3636E+00   .1562E-02   .1442E+02   .1159E+01     .9939   .3456E-14
   .4414   -.292E+01   .4646E+00   .1689E-02   .1304E+02   .1115E+01     .9916   .9898E-14
   .4400   -.368E+01   .5657E+00   .1818E-02   .1164E+02   .1066E+01     .9885   .2816E-13
   .4382   -.464E+01   .6667E+00   .1948E-02   .1021E+02   .1009E+01     .9843   .7944E-13
   .4358   -.586E+01   .7677E+00   .2072E-02   .8788E+01   .9439E+00     .9787   .2214E-12
   .4325   -.739E+01   .8687E+00   .2184E-02   .7396E+01   .8690E+00     .9712   .6077E-12
   .4282   -.933E+01   .9697E+00   .2274E-02   .6065E+01   .7828E+00     .9612   .1634E-11
   .4225   -.118E+02   .1071E+01   .2333E-02   .4826E+01   .6836E+00     .9482   .4280E-11
   .4153   -.148E+02   .1172E+01   .2348E-02   .3711E+01   .5695E+00     .9316   .1084E-10
   .4062   -.187E+02   .1273E+01   .2309E-02   .2748E+01   .4390E+00     .9107   .2636E-10
   .3951   -.236E+02   .1374E+01   .2210E-02   .1953E+01   .2907E+00     .8851   .6103E-10
   .3819   -.298E+02   .1475E+01   .2053E-02   .1329E+01   .1236E+00     .8547   .1336E-09
   .3667   -.376E+02   .1576E+01   .1847E-02   .8659E+00  -.6252E-01     .8196   .2747E-09
   .3497   -.475E+02   .1677E+01   .1608E-02   .5407E+00  -.2671E+00     .7804   .5290E-09
   .3313   -.599E+02   .1778E+01   .1357E-02   .3245E+00  -.4888E+00     .7380   .9523E-09
   .3120   -.756E+02   .1879E+01   .1112E-02   .1880E+00  -.7259E+00     .6936   .1605E-08
   .2924   -.955E+02   .1980E+01   .8880E-03   .1056E+00  -.9762E+00     .6483   .2543E-08
   .2727   -.120E+03   .2081E+01   .6941E-03   .5789E-01  -.1237E+01     .6031   .3804E-08
   .2536   -.152E+03   .2182E+01   .5331E-03   .3108E-01  -.1507E+01     .5589   .5407E-08
   .2351   -.192E+03   .2283E+01   .4038E-03   .1642E-01  -.1784E+01     .5164   .7348E-08
   .2176   -.242E+03   .2384E+01   .3025E-03   .8573E-02  -.2067E+01     .4760   .9600E-08
   .2011   -.305E+03   .2485E+01   .2247E-03   .4433E-02  -.2353E+01     .4380   .1212E-07
   .1857   -.385E+03   .2586E+01   .1659E-03   .2276E-02  -.2643E+01     .4025   .1487E-07
   .1714   -.486E+03   .2687E+01   .1219E-03   .1163E-02  -.2934E+01     .3695   .1779E-07
   .1581   -.614E+03   .2788E+01   .8930E-04   .5917E-03  -.3228E+01     .3389   .2083E-07
   .1458   -.774E+03   .2889E+01   .6523E-04   .3002E-03  -.3523E+01     .3107   .2394E-07
   .1346   -.977E+03   .2990E+01   .4756E-04   .1520E-03  -.3818E+01     .2847   .2708E-07
   .1242   -.123E+04   .3091E+01   .3463E-04   .7685E-04  -.4114E+01     .2609   .3020E-07
   .1147   -.156E+04   .3192E+01   .2519E-04   .3881E-04  -.4411E+01     .2389   .3329E-07
   .1060   -.196E+04   .3293E+01   .1831E-04   .1958E-04  -.4708E+01     .2188   .3630E-07
   .0980   -.248E+04   .3394E+01   .1330E-04   .9877E-05  -.5005E+01     .2004   .3922E-07
   .0906   -.313E+04   .3495E+01   .9659E-05   .4979E-05  -.5303E+01     .1835   .4204E-07
   .0839   -.394E+04   .3596E+01   .7012E-05   .2509E-05  -.5601E+01     .1680   .4473E-07
   .0777   -.498E+04   .3697E+01   .5090E-05   .1264E-05  -.5898E+01     .1538   .4729E-07
   .0721   -.628E+04   .3798E+01   .3694E-05   .6368E-06  -.6196E+01     .1408   .4970E-07
   .0669   -.792E+04   .3899E+01   .2680E-05   .3207E-06  -.6494E+01     .1289   .5197E-07
   .0622   -.100E+05   .4000E+01   .1945E-05   .1615E-06  -.6792E+01     .1180   .5409E-07
end


 Heat transport information
 ==========================

 ample =       .000

   Beta    Qn     Qo        B1         B2         B3         Cn         Co         Cw
   .555   .000  5.000   .147E+17  -.155E+18   .317E+18   .143E+15   .187E+15   .312E+15
