 ******* Program HYDRUS
 ******* Welcome to HYDRUS-1D                                                   
  
 Date:  30.10.    Time:  10: 1: 0
 Units: L = cm   , T = days , M = mmol 

-----------------------------------------------------
 Time       [T]         .0000
-----------------------------------------------------
 Sub-region num.                   1
-----------------------------------------------------
 Area     [L]         .100E+03   .100E+03
 W-volume [L]         .286E+02   .286E+02
 In-flow  [L/T]       .000E+00   .000E+00
 h Mean   [L]        -.600E+02  -.600E+02
 ConcVol  [M/L2] 1    .573E-05   .573E-05
 cMean    [M/L3] 1    .200E-06   .200E-06
 ConcVol  [M/L2] 2    .287E-05   .287E-05
 cMean    [M/L3] 2    .100E-06   .100E-06
 ConcVol  [M/L2] 3    .000E+00   .000E+00
 cMean    [M/L3] 3    .000E+00   .000E+00
 ConcVol  [M/L2] 4    .000E+00   .000E+00
 cMean    [M/L3] 4    .000E+00   .000E+00
 ConcVol  [M/L2] 5    .000E+00   .000E+00
 cMean    [M/L3] 5    .000E+00   .000E+00
 Top Flux [L/T]      -.156E+00
 Bot Flux [L/T]      -.156E+00
-----------------------------------------------------

-----------------------------------------------------
 Time       [T]      250.0000
-----------------------------------------------------
 Sub-region num.                   1
-----------------------------------------------------
 Area     [L]         .100E+03   .100E+03
 W-volume [L]         .292E+02   .292E+02
 In-flow  [L/T]      -.321E+00  -.321E+00
 h Mean   [L]        -.570E+02  -.570E+02
 ConcVol  [M/L2] 1    .588E-05   .588E-05
 cMean    [M/L3] 1    .201E-06   .201E-06
 ConcVol  [M/L2] 2    .292E-05   .292E-05
 cMean    [M/L3] 2    .997E-07   .997E-07
 ConcVol  [M/L2] 3    .130E+02   .130E+02
 cMean    [M/L3] 3    .461E+00   .461E+00
 ConcVol  [M/L2] 4    .521E+00   .521E+00
 cMean    [M/L3] 4    .191E-01   .191E-01
 ConcVol  [M/L2] 5    .423E-01   .423E-01
 cMean    [M/L3] 5    .158E-02   .158E-02
 Top Flux [L/T]      -.120E-02
 Bot Flux [L/T]      -.319E+00
 WatBalT  [L]         .608E-13
 WatBalR  [%]             .000
 CncBalT  [M]    1    .154E-08
 CncBalR  [%]    1        .007
 CncBalT  [M]    2    .560E-09
 CncBalR  [%]    2        .005
 CncBalT  [M]    3    .841E-04
 CncBalR  [%]    3        .000
 CncBalT  [M]    4    .680E-05
 CncBalR  [%]    4        .000
 CncBalT  [M]    5    .360E-12
 CncBalR  [%]    5        .000
-----------------------------------------------------

-----------------------------------------------------
 Time       [T]      500.0000
-----------------------------------------------------
 Sub-region num.                   1
-----------------------------------------------------
 Area     [L]         .100E+03   .100E+03
 W-volume [L]         .287E+02   .287E+02
 In-flow  [L/T]       .230E+00   .230E+00
 h Mean   [L]        -.601E+02  -.601E+02
 ConcVol  [M/L2] 1    .575E-05   .575E-05
 cMean    [M/L3] 1    .201E-06   .201E-06
 ConcVol  [M/L2] 2    .285E-05   .285E-05
 cMean    [M/L3] 2    .995E-07   .995E-07
 ConcVol  [M/L2] 3    .206E+02   .206E+02
 cMean    [M/L3] 3    .722E+00   .722E+00
 ConcVol  [M/L2] 4    .123E+01   .123E+01
 cMean    [M/L3] 4    .433E-01   .433E-01
 ConcVol  [M/L2] 5    .256E+00   .256E+00
 cMean    [M/L3] 5    .902E-02   .902E-02
 Top Flux [L/T]      -.434E+00
 Bot Flux [L/T]      -.209E+00
 WatBalT  [L]         .513E-13
 WatBalR  [%]             .000
 CncBalT  [M]    1    .168E-09
 CncBalR  [%]    1        .000
 CncBalT  [M]    2   -.119E-09
 CncBalR  [%]    2        .001
 CncBalT  [M]    3    .191E+00
 CncBalR  [%]    3        .170
 CncBalT  [M]    4    .234E-02
 CncBalR  [%]    4        .022
 CncBalT  [M]    5    .263E-04
 CncBalR  [%]    5       9.650
-----------------------------------------------------

-----------------------------------------------------
 Time       [T]     1000.0000
-----------------------------------------------------
 Sub-region num.                   1
-----------------------------------------------------
 Area     [L]         .100E+03   .100E+03
 W-volume [L]         .263E+02   .263E+02
 In-flow  [L/T]       .236E+00   .236E+00
 h Mean   [L]        -.783E+02  -.783E+02
 ConcVol  [M/L2] 1    .528E-05   .528E-05
 cMean    [M/L3] 1    .201E-06   .201E-06
 ConcVol  [M/L2] 2    .262E-05   .262E-05
 cMean    [M/L3] 2    .995E-07   .995E-07
 ConcVol  [M/L2] 3    .184E+02   .184E+02
 cMean    [M/L3] 3    .698E+00   .698E+00
 ConcVol  [M/L2] 4    .167E+01   .167E+01
 cMean    [M/L3] 4    .633E-01   .633E-01
 ConcVol  [M/L2] 5    .106E+01   .106E+01
 cMean    [M/L3] 5    .405E-01   .405E-01
 Top Flux [L/T]      -.315E+00
 Bot Flux [L/T]      -.838E-01
 WatBalT  [L]         .339E-12
 WatBalR  [%]             .000
 CncBalT  [M]    1   -.206E-08
 CncBalR  [%]    1        .003
 CncBalT  [M]    2   -.122E-08
 CncBalR  [%]    2        .003
 CncBalT  [M]    3    .444E+00
 CncBalR  [%]    3        .173
 CncBalT  [M]    4    .274E-01
 CncBalR  [%]    4        .120
 CncBalT  [M]    5    .702E-02
 CncBalR  [%]    5       1.806
-----------------------------------------------------

-----------------------------------------------------
 Time       [T]     1095.0000
-----------------------------------------------------
 Sub-region num.                   1
-----------------------------------------------------
 Area     [L]         .100E+03   .100E+03
 W-volume [L]         .263E+02   .263E+02
 In-flow  [L/T]      -.104E+00  -.104E+00
 h Mean   [L]        -.785E+02  -.785E+02
 ConcVol  [M/L2] 1    .529E-05   .529E-05
 cMean    [M/L3] 1    .201E-06   .201E-06
 ConcVol  [M/L2] 2    .262E-05   .262E-05
 cMean    [M/L3] 2    .995E-07   .995E-07
 ConcVol  [M/L2] 3    .177E+02   .177E+02
 cMean    [M/L3] 3    .677E+00   .677E+00
 ConcVol  [M/L2] 4    .164E+01   .164E+01
 cMean    [M/L3] 4    .629E-01   .629E-01
 ConcVol  [M/L2] 5    .122E+01   .122E+01
 cMean    [M/L3] 5    .469E-01   .469E-01
 Top Flux [L/T]      -.810E-03
 Bot Flux [L/T]      -.104E+00
 WatBalT  [L]         .305E-12
 WatBalR  [%]             .000
 CncBalT  [M]    1   -.186E-08
 CncBalR  [%]    1        .002
 CncBalT  [M]    2   -.112E-08
 CncBalR  [%]    2        .003
 CncBalT  [M]    3    .464E+00
 CncBalR  [%]    3        .169
 CncBalT  [M]    4    .299E-01
 CncBalR  [%]    4        .122
 CncBalT  [M]    5    .929E-02
 CncBalR  [%]    5       1.624
-----------------------------------------------------
