phreeqc.out 0 2017284677 -1
SEASONCHAIN.hse 1 0 -1
obs_nod_chem51.out 2 51 0
obs_nod_chem101.out 2 101 0
nod_inf_chem.out 3 0 0
ts_pH.plt 4 0 -1
pd_pH.plt 5 0 -1
ts_pe.plt 4 0 -1
pd_pe.plt 5 0 -1
ts_tot_Conta.plt 4 1 -1
pd_tot_Conta.plt 5 1 -1
ts_tot_Contb.plt 4 1 -1
pd_tot_Contb.plt 5 1 -1
ts_tot_Contc.plt 4 1 -1
pd_tot_Contc.plt 5 1 -1
ts_mol_Conta.plt 4 2 -1
pd_mol_Conta.plt 5 2 -1
ts_mol_Contb.plt 4 2 -1
pd_mol_Contb.plt 5 2 -1
ts_mol_Contc.plt 4 2 -1
pd_mol_Contc.plt 5 2 -1
ts_mol_SoraConta.plt 4 2 -1
pd_mol_SoraConta.plt 5 2 -1
ts_mol_SorbContb.plt 4 2 -1
pd_mol_SorbContb.plt 5 2 -1
ts_mol_SorcContc.plt 4 2 -1
pd_mol_SorcContc.plt 5 2 -1
