 ******* Program HYDRUS
 ******* Welcome to HYDRUS-1D                                                   
  
 Date:  30.10.    Time:  10: 1: 0
 Units: L = cm   , T = days , M = mmol 


  TLevel   Time         dt     ItrW ItrC  ItCum  KodT  KodB Converg Peclet   Courant

        52  .50000E+01  .50000E+00      2      1       105    -4    -5     T     1.047      .271
       102  .10000E+02  .19570E+00      2      1       205    -4    -5     T     1.022      .127
       212  .15000E+02  .19570E+00      2      1       426    -4    -5     T     1.038      .222
       322  .20000E+02  .19570E+00      2      1       646    -4    -5     T     1.019      .111
       376  .25000E+02  .37500E+00      2      1       756    -4    -5     T     1.031      .181
       466  .30000E+02  .19570E+00      2      1       938    -4    -5     T     1.016      .096
       557  .35000E+02  .37500E+00      2      1      1121    -4    -5     T     1.043      .249
       667  .40000E+02  .19570E+00      3      1      1343    -4    -5     T     1.090      .493
       739  .45000E+02  .50000E+00      2      1      1490    -4    -5     T     1.114      .613
       851  .50000E+02  .19570E+00      2      1      1727    -4    -5     T     1.057      .324
       924  .55000E+02  .19570E+00      2      1      1875    -4    -5     T     1.041      .236
       976  .60000E+02  .50000E+00      2      1      1979    -4    -5     T     1.075      .417
      1006  .65000E+02  .10000E+01      2      1      2039    -4    -5     T     1.117      .630
      1053  .70000E+02  .19570E+00      3      1      2140    -4    -5     T     1.082      .457
      1163  .75000E+02  .19570E+00      2      1      2367    -4    -5     T     1.032      .188
      1214  .80000E+02  .50000E+00      2      1      2469    -4    -5     T     1.064      .359
      1284  .85000E+02  .37500E+00      2      1      2609    -4    -5     T     1.041      .234
      1394  .90000E+02  .19570E+00      3      1      2834    -4    -5     T     1.096      .523
      1445  .95000E+02  .50000E+00      2      1      2936    -4    -5     T     1.048      .273
      1471  .10000E+03  .19570E+00      2      1      2988    -4    -5     T     1.017      .098
      1562  .10500E+03  .37500E+00      3      1      3176    -4    -5     T     1.162      .839
      1672  .11000E+03  .19570E+00      2      1      3396    -4    -5     T     1.030      .173
      1765  .11500E+03  .25000E+00      2      1      3593    -4    -5     T     1.049      .280
      1817  .12000E+03  .19570E+00      2      1      3702    -4    -5     T     1.033      .190
      1908  .12500E+03  .37500E+00      2      1      3885    -4    -5     T     1.054      .306
      1999  .13000E+03  .19570E+00      2      1      4075    -4    -5     T     1.033      .193
      2090  .13500E+03  .19570E+00      2      1      4265    -4    -5     T     1.041      .238
      2182  .14000E+03  .25000E+00      2      1      4453    -4    -5     T     1.067      .377
      2253  .14500E+03  .19570E+00      2      1      4595    -4    -5     T     1.035      .205
      2363  .15000E+03  .19570E+00      3      1      4820    -4    -5     T     1.100      .543
      2454  .15500E+03  .19570E+00      2      1      5004    -4    -5     T     1.057      .323
      2505  .16000E+03  .50000E+00      2      1      5106    -4    -5     T     1.106      .576
      2554  .16500E+03  .19570E+00      2      1      5204    -4    -5     T     1.028      .163
      2645  .17000E+03  .19570E+00      2      1      5387    -4    -5     T     1.020      .120
      2755  .17500E+03  .19570E+00      2      1      5612    -4    -5     T     1.047      .268
      2808  .18000E+03  .50000E+00      2      1      5720    -4    -5     T     1.062      .351
      2814  .18500E+03  .10000E+01      2      1      5732    -4    -5     T     1.110      .597
      2906  .19000E+03  .19570E+00      2      1      5936    -4    -5     T     1.075      .418
      2959  .19500E+03  .50000E+00      2      1      6044    -4    -5     T     1.125      .665
      3014  .20000E+03  .50000E+00      2      1      6185    -4    -5     T     1.145      .759
      3065  .20500E+03  .19570E+00      2      1      6287    -4    -5     T     1.036      .209
      3095  .21000E+03  .10000E+01      2      1      6347    -4    -5     T     1.148      .775
      3165  .21500E+03  .37500E+00      2      1      6487    -4    -5     T     1.037      .212
      3172  .22000E+03  .10000E+01      2      1      6501    -4    -5     T     1.086      .474
      3201  .22500E+03  .25000E+00      2      1      6568    -4    -5     T     1.021      .123
      3311  .23000E+03  .19570E+00      2      1      6795    -4    -5     T     1.058      .327
      3402  .23500E+03  .37500E+00      3      1      6981    -4    -5     T     1.172      .882
      3493  .24000E+03  .19570E+00      3      1      7172    -4    -5     T     1.183      .930
      3545  .24500E+03  .50000E+00      2      1      7276    -4    -5     T     1.171      .875
      3555  .25000E+03  .50000E+00      2      1      7296    -4    -5     T     1.094      .514
      3606  .25500E+03  .50000E+00      2      1      7398    -4    -5     T     1.065      .365
      3696  .26000E+03  .19570E+00      2      1      7578    -4    -5     T     1.039      .227
      3748  .26500E+03  .19570E+00      2      1      7684    -4    -5     T     1.021      .126
      3820  .27000E+03  .19570E+00      2      1      7828    -4    -5     T     1.017      .101
      3871  .27500E+03  .19570E+00      2      1      7933    -4    -5     T     1.013      .074
      3901  .28000E+03  .10000E+01      2      1      7993    -4    -5     T     1.062      .350
      3930  .28500E+03  .50000E+00      2      1      8051    -4    -5     T     1.028      .161
      3961  .29000E+03  .50000E+00      2      1      8113    -4    -5     T     1.025      .146
      4010  .29500E+03  .19570E+00      2      1      8211    -4    -5     T     1.035      .205
      4081  .30000E+03  .50000E+00      2      1      8353    -4    -5     T     1.026      .153
      4133  .30500E+03  .37500E+00      2      1      8457    -4    -5     T     1.015      .090
      4185  .31000E+03  .37500E+00      2      1      8574    -4    -5     T     1.031      .181
      4276  .31500E+03  .19570E+00      2      1      8762    -4    -5     T     1.048      .272
      4347  .32000E+03  .19570E+00      2      1      8906    -4    -5     T     1.049      .278
      4438  .32500E+03  .19570E+00      2      1      9092    -4    -5     T     1.027      .157
      4492  .33000E+03  .37500E+00      2      1      9202    -4    -5     T     1.046      .266
      4586  .33500E+03  .37500E+00      2      1      9409    -4    -5     T     1.066      .371
      4677  .34000E+03  .37500E+00      2      1      9591    -4    -5     T     1.057      .325
      4728  .34500E+03  .50000E+00      2      1      9693    -4    -5     T     1.071      .395
      4817  .35000E+03  .19570E+00      2      1      9883    -4    -5     T     1.049      .279
      4849  .35500E+03  .50000E+00      2      1      9947    -4    -5     T     1.067      .375
      4940  .36000E+03  .19570E+00      2      1     10129    -4    -5     T     1.022      .128
      4972  .36500E+03  .37500E+00      2      1     10193    -4    -5     T     1.035      .203
      5064  .37000E+03  .19570E+00      2      1     10387    -4    -5     T     1.022      .132
      5155  .37500E+03  .19570E+00      2      1     10569    -4    -5     T     1.023      .134
      5226  .38000E+03  .19570E+00      2      1     10711    -4    -5     T     1.026      .155
      5258  .38500E+03  .50000E+00      2      1     10775    -4    -5     T     1.043      .250
      5368  .39000E+03  .19570E+00      2      1     10999    -4    -5     T     1.052      .297
      5439  .39500E+03  .19570E+00      2      1     11141    -4    -5     T     1.021      .122
      5532  .40000E+03  .19570E+00      2      1     11343    -4    -5     T     1.037      .212
      5623  .40500E+03  .19570E+00      2      1     11530    -4    -5     T     1.038      .219
      5698  .41000E+03  .33333E+00      2      1     11697    -4    -5     T     1.087      .478
      5808  .41500E+03  .19570E+00      3      1     11921    -4    -5     T     1.092      .506
      5919  .42000E+03  .19570E+00      2      1     12152    -4    -5     T     1.069      .388
      6010  .42500E+03  .19570E+00      3      1     12341    -4    -5     T     1.107      .581
      6081  .43000E+03  .19570E+00      2      1     12483    -4    -5     T     1.057      .324
      6111  .43500E+03  .19570E+00      2      1     12552    -4    -5     T     1.030      .174
      6182  .44000E+03  .19570E+00      2      1     12695    -4    -5     T     1.027      .155
      6292  .44500E+03  .19570E+00      2      1     12917    -4    -5     T     1.023      .133
      6403  .45000E+03  .19570E+00      2      1     13151    -4    -5     T     1.053      .300
      6475  .45500E+03  .37500E+00      3      1     13297    -4    -5     T     1.102      .556
      6546  .46000E+03  .19570E+00      2      1     13440    -4    -5     T     1.036      .210
      6618  .46500E+03  .19570E+00      2      1     13586    -4    -5     T     1.032      .184
      6709  .47000E+03  .19570E+00      2      1     13773    -4    -5     T     1.036      .210
      6781  .47500E+03  .19570E+00      2      1     13917    -4    -5     T     1.038      .221
      6891  .48000E+03  .19570E+00      2      1     14137    -4    -5     T     1.112      .604
      6982  .48500E+03  .19570E+00      2      1     14319    -4    -5     T     1.048      .274
      7034  .49000E+03  .50000E+00      2      1     14425    -4    -5     T     1.113      .610
      7124  .49500E+03  .19570E+00      2      1     14605    -4    -5     T     1.030      .175
      7195  .50000E+03  .19570E+00      2      1     14748    -4    -5     T     1.050      .285
      7247  .50500E+03  .37500E+00      2      1     14852    -4    -5     T     1.036      .210
      7300  .51000E+03  .50000E+00      2      1     14975    -4    -5     T     1.056      .316
      7371  .51500E+03  .19570E+00      2      1     15117    -4    -5     T     1.018      .105
      7380  .52000E+03  .10000E+01      2      1     15135    -4    -5     T     1.091      .501
      7385  .52500E+03  .10000E+01      2      1     15145    -4    -5     T     1.080      .446
      7416  .53000E+03  .10000E+01      2      1     15209    -4    -5     T     1.068      .383
      7445  .53500E+03  .50000E+00      2      1     15267    -4    -5     T     1.028      .164
      7516  .54000E+03  .19570E+00      2      1     15409    -4    -5     T     1.027      .159
      7609  .54500E+03  .14314E+00      3      1     15620    -4    -5     T     1.108      .585
      7721  .55000E+03  .19570E+00      2      1     15864    -4    -5     T     1.078      .434
      7792  .55500E+03  .19570E+00      2      1     16006    -4    -5     T     1.043      .250
      7850  .56000E+03  .88374E-01      3      1     16155    -4    -5     T     1.109      .590
      7942  .56500E+03  .19570E+00      3      1     16352    -4    -5     T     1.093      .510
      7996  .57000E+03  .16775E+00      4      1     16476    -4    -5     T     1.138      .728
      8069  .57500E+03  .37500E+00      2      1     16624    -4    -5     T     1.092      .505
      8079  .58000E+03  .50000E+00      2      1     16644    -4    -5     T     1.088      .486
      8171  .58500E+03  .19570E+00      2      1     16850    -4    -5     T     1.060      .341
      8262  .59000E+03  .19570E+00      2      1     17032    -4    -5     T     1.033      .191
      8354  .59500E+03  .19570E+00      2      1     17218    -4    -5     T     1.028      .165
      8445  .60000E+03  .19570E+00      2      1     17400    -4    -5     T     1.026      .154
      8475  .60500E+03  .10000E+01      2      1     17460    -4    -5     T     1.126      .672
      8501  .61000E+03  .19570E+00      2      1     17512    -4    -5     T     1.018      .105
      8553  .61500E+03  .19570E+00      2      1     17618    -4    -5     T     1.015      .091
      8663  .62000E+03  .19570E+00      4      1     17847    -4    -5     T     1.141      .740
      8737  .62500E+03  .37500E+00      3      1     18003    -4    -5     T     1.124      .660
      8768  .63000E+03  .37500E+00      2      1     18067    -4    -5     T     1.072      .401
      8775  .63500E+03  .10000E+01      2      1     18081    -4    -5     T     1.152      .791
      8845  .64000E+03  .19570E+00      4      1     18235    -4    -5     T     1.140      .738
      8955  .64500E+03  .19570E+00      2      1     18457    -4    -5     T     1.046      .261
      8966  .65000E+03  .50000E+00      2      1     18479    -4    -5     T     1.088      .485
      9017  .65500E+03  .50000E+00      2      1     18581    -4    -5     T     1.068      .381
      9107  .66000E+03  .19570E+00      2      1     18780    -4    -5     T     1.046      .266
      9217  .66500E+03  .19570E+00      2      1     19000    -4    -5     T     1.029      .168
      9269  .67000E+03  .37500E+00      2      1     19105    -4    -5     T     1.052      .296
      9362  .67500E+03  .37500E+00      2      1     19305    -4    -5     T     1.063      .357
      9452  .68000E+03  .19570E+00      2      1     19487    -4    -5     T     1.027      .160
      9544  .68500E+03  .19570E+00      2      1     19674    -4    -5     T     1.055      .312
      9654  .69000E+03  .19570E+00      3      1     19896    -4    -5     T     1.085      .470
      9687  .69500E+03  .50000E+00      2      1     19965    -4    -5     T     1.080      .444
      9738  .70000E+03  .37500E+00      2      1     20067    -4    -5     T     1.049      .278
      9848  .70500E+03  .19570E+00      2      1     20298    -4    -5     T     1.039      .224
      9878  .71000E+03  .10000E+01      2      1     20358    -4    -5     T     1.169      .869
      9930  .71500E+03  .50000E+00      2      1     20462    -4    -5     T     1.065      .364
     10022  .72000E+03  .19570E+00      2      1     20648    -4    -5     T     1.018      .106
     10054  .72500E+03  .50000E+00      2      1     20712    -4    -5     T     1.042      .239
     10125  .73000E+03  .19570E+00      2      1     20856    -4    -5     T     1.014      .082
     10235  .73500E+03  .19570E+00      2      1     21076    -4    -5     T     1.012      .071
     10267  .74000E+03  .50000E+00      2      1     21140    -4    -5     T     1.028      .161
     10294  .74500E+03  .19570E+00      2      1     21194    -4    -5     T     1.010      .057
     10385  .75000E+03  .19570E+00      2      1     21376    -4    -5     T     1.016      .097
     10495  .75500E+03  .19570E+00      2      1     21604    -4    -5     T     1.038      .218
     10587  .76000E+03  .19570E+00      2      1     21792    -4    -5     T     1.035      .201
     10678  .76500E+03  .19570E+00      2      1     21974    -4    -5     T     1.023      .135
     10730  .77000E+03  .50000E+00      2      1     22078    -4    -5     T     1.055      .313
     10799  .77500E+03  .19570E+00      2      1     22216    -4    -5     T     1.018      .105
     10909  .78000E+03  .19570E+00      2      1     22438    -4    -5     T     1.024      .139
     10981  .78500E+03  .19570E+00      2      1     22582    -4    -5     T     1.021      .122
     11013  .79000E+03  .50000E+00      2      1     22646    -4    -5     T     1.045      .260
     11105  .79500E+03  .25000E+00      2      1     22839    -4    -5     T     1.023      .136
     11195  .80000E+03  .19570E+00      2      1     23019    -4    -5     T     1.042      .242
     11267  .80500E+03  .19570E+00      2      1     23165    -4    -5     T     1.046      .262
     11358  .81000E+03  .19570E+00      2      1     23350    -4    -5     T     1.019      .110
     11449  .81500E+03  .19570E+00      2      1     23532    -4    -5     T     1.021      .122
     11479  .82000E+03  .10000E+01      2      1     23592    -4    -5     T     1.089      .488
     11509  .82500E+03  .50000E+00      2      1     23652    -4    -5     T     1.040      .232
     11514  .83000E+03  .10000E+01      2      1     23662    -4    -5     T     1.074      .411
     11519  .83500E+03  .10000E+01      2      1     23672    -4    -5     T     1.062      .350
     11549  .84000E+03  .50000E+00      2      1     23732    -4    -5     T     1.025      .147
     11641  .84500E+03  .25000E+00      2      1     23926    -4    -5     T     1.033      .192
     11692  .85000E+03  .50000E+00      2      1     24033    -4    -5     T     1.047      .272
     11697  .85500E+03  .10000E+01      2      1     24043    -4    -5     T     1.069      .388
     11725  .86000E+03  .37500E+00      2      1     24099    -4    -5     T     1.021      .125
     11778  .86500E+03  .14314E+00      3      1     24220    -4    -5     T     1.081      .449
     11837  .87000E+03  .50000E+00      4      1     24385    -4    -5     T     1.157      .813
     11928  .87500E+03  .19570E+00      2      1     24567    -4    -5     T     1.062      .348
     11981  .88000E+03  .50000E+00      2      1     24675    -4    -5     T     1.127      .678
     12031  .88500E+03  .19570E+00      2      1     24775    -4    -5     T     1.032      .187
     12063  .89000E+03  .37500E+00      2      1     24839    -4    -5     T     1.047      .272
     12135  .89500E+03  .19570E+00      4      1     25000    -4    -5     T     1.118      .635
     12245  .90000E+03  .19570E+00      2      1     25231    -4    -5     T     1.093      .511
     12316  .90500E+03  .50000E+00      2      1     25373    -4    -5     T     1.147      .767
     12427  .91000E+03  .19570E+00      2      1     25610    -4    -5     T     1.107      .582
     12459  .91500E+03  .50000E+00      2      1     25674    -4    -5     T     1.149      .778
     12469  .92000E+03  .50000E+00      2      1     25694    -4    -5     T     1.084      .466
     12474  .92500E+03  .10000E+01      2      1     25704    -4    -5     T     1.128      .680
     12504  .93000E+03  .10000E+01      2      1     25764    -4    -5     T     1.093      .511
     12595  .93500E+03  .19570E+00      2      1     25953    -4    -5     T     1.031      .178
     12669  .94000E+03  .19570E+00      2      1     26113    -4    -5     T     1.047      .267
     12721  .94500E+03  .19570E+00      3      1     26223    -4    -5     T     1.089      .491
     12812  .95000E+03  .37500E+00      2      1     26405    -4    -5     T     1.046      .264
     12903  .95500E+03  .19570E+00      2      1     26587    -4    -5     T     1.021      .124
     12974  .96000E+03  .19570E+00      4      1     26736    -4    -5     T     1.092      .506
     13027  .96500E+03  .25000E+00      2      1     26844    -4    -5     T     1.023      .135
     13078  .97000E+03  .37500E+00      2      1     26953    -4    -5     T     1.045      .260
     13169  .97500E+03  .37500E+00      2      1     27141    -4    -5     T     1.046      .262
     13176  .98000E+03  .10000E+01      2      1     27155    -4    -5     T     1.105      .569
     13181  .98500E+03  .10000E+01      2      1     27165    -4    -5     T     1.094      .515
     13211  .99000E+03  .50000E+00      2      1     27225    -4    -5     T     1.039      .225
     13237  .99500E+03  .19570E+00      2      1     27277    -4    -5     T     1.013      .074
     13309  .10000E+04  .19570E+00      2      1     27422    -4    -5     T     1.038      .218
     13339  .10050E+04  .10000E+01      2      1     27482    -4    -5     T     1.050      .285
     13391  .10100E+04  .50000E+00      2      1     27592    -4    -5     T     1.037      .216
     13421  .10150E+04  .10000E+01      2      1     27652    -4    -5     T     1.056      .318
     13493  .10200E+04  .19570E+00      2      1     27806    -4    -5     T     1.016      .093
     13584  .10250E+04  .37500E+00      2      1     27988    -4    -5     T     1.027      .157
     13591  .10300E+04  .10000E+01      2      1     28002    -4    -5     T     1.065      .368
     13620  .10350E+04  .50000E+00      2      1     28060    -4    -5     T     1.030      .174
     13668  .10400E+04  .19570E+00      2      1     28160    -4    -5     T     1.014      .084
     13740  .10450E+04  .50000E+00      2      1     28314    -4    -5     T     1.050      .283
     13850  .10500E+04  .19570E+00      2      1     28534    -4    -5     T     1.015      .086
     13962  .10550E+04  .19570E+00      2      1     28783    -4    -5     T     1.056      .319
     14053  .10600E+04  .19570E+00      2      1     28965    -4    -5     T     1.037      .212
     14145  .10650E+04  .25000E+00      2      1     29152    -4    -5     T     1.041      .234
     14173  .10700E+04  .19570E+00      2      1     29208    -4    -5     T     1.028      .162
     14264  .10750E+04  .19570E+00      2      1     29390    -4    -5     T     1.021      .124
     14294  .10800E+04  .10000E+01      2      1     29450    -4    -5     T     1.094      .517
     14383  .10850E+04  .19570E+00      2      1     29630    -4    -5     T     1.015      .089
     14434  .10900E+04  .19570E+00      2      1     29732    -4    -5     T     1.014      .081
     14443  .10950E+04  .10000E+01      2      1     29750    -4    -5     T     1.068      .381
end
 
 Real time [sec]    1715.000000000000000
