 All solute fluxes and cumulative solute fluxes are positive into the region

       Time       cvTop      cvBot    Sum(cvTop) Sum(cvBot)   cvCh0      cvCh1       cTop      cRoot       cBot      cvRoot   Sum(cvRoot) Sum(cvNEql) TLevel   PhrExch
        [T]      [M/L2/T]   [M/L2/T]    [M/L2]     [M/L2]     [M/L2]     [M/L2]      [M/L3]    [M/L3]      [M/L3]   [M/L2/T]    [M/L2]      [M/L2]              [M/L2]
       5.00000   .000E+00   .000E+00   .177E-01   .000E+00   .000E+00   .000E+00   .497E-02   .000E+00   .476E-82   .000E+00   .000E+00   .000E+00      52  -.1705E-01
      10.00000   .180E-01   .000E+00   .363E-01   .000E+00   .000E+00   .000E+00   .104E-01   .000E+00   .176E-67   .000E+00   .000E+00   .000E+00     102  -.3470E-01
      15.00000   .340E-01   .000E+00   .137E+00   .000E+00   .000E+00   .000E+00   .334E-01   .000E+00   .130E-63   .000E+00   .000E+00   .000E+00     212  -.1301E+00
      20.00000   .500E-03   .000E+00   .204E+00   .000E+00   .000E+00   .000E+00   .446E-01   .000E+00   .234E-60   .000E+00   .000E+00   .000E+00     322  -.1941E+00
      25.00000   .500E-03   .000E+00   .253E+00   .000E+00   .000E+00   .000E+00   .511E-01   .000E+00   .701E-57   .000E+00   .000E+00   .000E+00     376  -.2402E+00
      30.00000   .200E-02   .000E+00   .320E+00   .000E+00   .000E+00   .000E+00   .582E-01   .000E+00   .173E-52   .000E+00   .000E+00   .000E+00     466  -.3025E+00
      35.00000   .000E+00   .000E+00   .429E+00   .000E+00   .000E+00   .000E+00   .666E-01   .000E+00   .415E-48   .000E+00   .000E+00   .000E+00     557  -.4051E+00
      40.00000   .840E-01   .000E+00   .620E+00   .000E+00   .000E+00   .000E+00   .758E-01   .000E+00   .293E-44   .000E+00   .000E+00   .000E+00     667  -.5780E+00
      45.00000   .476E-16   .000E+00   .801E+00   .000E+00   .000E+00   .000E+00   .812E-01   .000E+00   .706E-40   .000E+00   .000E+00   .000E+00     739  -.7529E+00
      50.00000   .320E-01   .000E+00   .113E+01   .000E+00   .000E+00   .000E+00   .872E-01   .000E+00   .181E-33   .000E+00   .000E+00   .000E+00     851  -.1053E+01
      55.00000   .500E-03  -.489E-29   .114E+01  -.349E-29   .000E+00   .000E+00   .873E-01   .000E+00   .144E-28   .000E+00   .000E+00   .000E+00     924  -.1073E+01
      60.00000   .000E+00  -.208E-27   .117E+01  -.380E-27   .000E+00   .000E+00   .877E-01   .000E+00   .935E-27   .000E+00   .000E+00   .000E+00     976  -.1104E+01
      65.00000   .166E-16  -.117E-26   .118E+01  -.386E-26   .000E+00   .000E+00   .876E-01   .000E+00   .721E-26   .000E+00   .000E+00   .000E+00    1006  -.1106E+01
      70.00000   .740E-01  -.320E-26   .126E+01  -.148E-25   .000E+00   .000E+00   .890E-01   .000E+00   .228E-25   .000E+00   .000E+00   .000E+00    1053  -.1170E+01
      75.00000   .500E-03  -.672E-26   .148E+01  -.382E-25   .000E+00   .000E+00   .912E-01   .000E+00   .497E-25   .000E+00   .000E+00   .000E+00    1163  -.1377E+01
      80.00000   .297E-16  -.227E-25   .152E+01  -.108E-24   .000E+00   .000E+00   .914E-01   .000E+00   .116E-24   .000E+00   .000E+00   .000E+00    1214  -.1416E+01
      85.00000   .550E-16  -.418E-25   .155E+01  -.277E-24   .000E+00   .000E+00   .916E-01   .000E+00   .234E-24   .000E+00   .000E+00   .000E+00    1284  -.1445E+01
      90.00000   .880E-01  -.519E-25   .168E+01  -.513E-24   .000E+00   .000E+00   .929E-01   .000E+00   .350E-24   .000E+00   .000E+00   .000E+00    1394  -.1546E+01
      95.00000   .000E+00  -.631E-25   .170E+01  -.799E-24   .000E+00   .000E+00   .928E-01   .000E+00   .450E-24   .000E+00   .000E+00   .000E+00    1445  -.1579E+01
     100.00000   .500E-03  -.747E-25   .170E+01  -.115E-23   .000E+00   .000E+00   .926E-01   .000E+00   .530E-24   .000E+00   .000E+00   .000E+00    1471  -.1581E+01
     105.00000   .740E-01  -.761E-25   .195E+01  -.153E-23   .000E+00   .000E+00   .945E-01   .000E+00   .595E-24   .000E+00   .000E+00   .000E+00    1562  -.1783E+01
     110.00000   .800E-02  -.101E-24   .203E+01  -.195E-23   .000E+00   .000E+00   .947E-01   .000E+00   .637E-24   .000E+00   .000E+00   .000E+00    1672  -.1876E+01
     115.00000   .593E-16  -.160E-24   .225E+01  -.261E-23   .000E+00   .000E+00   .957E-01   .000E+00   .592E-24   .000E+00   .000E+00   .000E+00    1765  -.2073E+01
     120.00000   .500E-03  -.173E-24   .235E+01  -.351E-23   .000E+00   .000E+00   .960E-01   .000E+00   .579E-24   .000E+00   .000E+00   .000E+00    1817  -.2167E+01
     125.00000   .220E-01  -.112E-23   .242E+01  -.560E-23   .000E+00   .000E+00   .962E-01   .000E+00   .391E-23   .000E+00   .000E+00   .000E+00    1908  -.2223E+01
     130.00000   .600E-02  -.784E-23   .254E+01  -.235E-22   .000E+00   .000E+00   .965E-01   .000E+00   .382E-22   .000E+00   .000E+00   .000E+00    1999  -.2329E+01
     135.00000   .300E-01  -.468E-22   .267E+01  -.135E-21   .000E+00   .000E+00   .969E-01   .000E+00   .233E-21   .000E+00   .000E+00   .000E+00    2090  -.2438E+01
     140.00000   .763E-17  -.383E-21   .294E+01  -.880E-21   .000E+00   .000E+00   .976E-01   .000E+00   .130E-20   .000E+00   .000E+00   .000E+00    2182  -.2689E+01
     145.00000   .700E-02  -.671E-20   .298E+01  -.135E-19   .000E+00   .000E+00   .974E-01   .000E+00   .190E-19   .000E+00   .000E+00   .000E+00    2253  -.2737E+01
     150.00000   .930E-01  -.598E-19   .316E+01  -.139E-18   .000E+00   .000E+00   .978E-01   .000E+00   .219E-18   .000E+00   .000E+00   .000E+00    2363  -.2867E+01
     155.00000   .340E-01  -.477E-18   .342E+01  -.114E-17   .000E+00   .000E+00   .981E-01   .000E+00   .161E-17   .000E+00   .000E+00   .000E+00    2454  -.3103E+01
     160.00000   .331E-16  -.898E-17   .343E+01  -.183E-16   .000E+00   .000E+00   .978E-01   .000E+00   .197E-16   .000E+00   .000E+00   .000E+00    2505  -.3147E+01
     165.00000   .150E-01  -.604E-16   .345E+01  -.180E-15   .000E+00   .000E+00   .976E-01   .000E+00   .230E-15   .000E+00   .000E+00   .000E+00    2554  -.3161E+01
     170.00000   .500E-03  -.197E-15   .350E+01  -.795E-15   .000E+00   .000E+00   .976E-01   .000E+00   .108E-14   .000E+00   .000E+00   .000E+00    2645  -.3209E+01
     175.00000   .420E-01  -.496E-15   .369E+01  -.242E-14   .000E+00   .000E+00   .981E-01   .000E+00   .328E-14   .000E+00   .000E+00   .000E+00    2755  -.3339E+01
     180.00000   .614E-17  -.155E-14   .372E+01  -.697E-14   .000E+00   .000E+00   .979E-01   .000E+00   .827E-14   .000E+00   .000E+00   .000E+00    2808  -.3400E+01
     185.00000   .283E-16  -.470E-14   .372E+01  -.236E-13   .000E+00   .000E+00   .976E-01   .000E+00   .226E-13   .000E+00   .000E+00   .000E+00    2814  -.3410E+01
     190.00000   .580E-01  -.849E-14   .411E+01  -.544E-13   .000E+00   .000E+00   .985E-01   .000E+00   .557E-13   .000E+00   .000E+00   .000E+00    2906  -.3689E+01
     195.00000   .000E+00  -.754E-13   .424E+01  -.211E-12   .000E+00   .000E+00   .984E-01   .000E+00   .151E-12   .000E+00   .000E+00   .000E+00    2959  -.3850E+01
     200.00000   .657E-16  -.430E-12   .449E+01  -.113E-11   .000E+00   .000E+00   .985E-01   .000E+00   .780E-12   .000E+00   .000E+00   .000E+00    3014  -.4073E+01
     205.00000   .170E-01  -.181E-11   .452E+01  -.656E-11   .000E+00   .000E+00   .983E-01   .000E+00   .523E-11   .000E+00   .000E+00   .000E+00    3065  -.4107E+01
     210.00000   .582E-17  -.576E-11   .452E+01  -.246E-10   .000E+00   .000E+00   .980E-01   .000E+00   .217E-10   .000E+00   .000E+00   .000E+00    3095  -.4125E+01
     215.00000   .278E-16  -.995E-11   .453E+01  -.634E-10   .000E+00   .000E+00   .978E-01   .000E+00   .595E-10   .000E+00   .000E+00   .000E+00    3165  -.4137E+01
     220.00000   .000E+00  -.181E-10   .453E+01  -.136E-09   .000E+00   .000E+00   .975E-01   .000E+00   .127E-09   .000E+00   .000E+00   .000E+00    3172  -.4143E+01
     225.00000   .551E-16  -.258E-10   .460E+01  -.249E-09   .000E+00   .000E+00   .978E-01   .000E+00   .233E-09   .000E+00   .000E+00   .000E+00    3201  -.4178E+01
     230.00000   .530E-01  -.346E-10   .479E+01  -.399E-09   .000E+00   .000E+00   .983E-01   .000E+00   .378E-09   .000E+00   .000E+00   .000E+00    3311  -.4298E+01
     235.00000   .790E-01  -.665E-10   .505E+01  -.631E-09   .000E+00   .000E+00   .987E-01   .000E+00   .574E-09   .000E+00   .000E+00   .000E+00    3402  -.4493E+01
     240.00000   .174E+00  -.367E-09   .547E+01  -.147E-08   .000E+00   .000E+00   .991E-01   .000E+00   .916E-09   .000E+00   .000E+00   .000E+00    3493  -.4830E+01
     245.00000   .000E+00  -.187E-08   .556E+01  -.708E-08   .000E+00   .000E+00   .987E-01   .000E+00   .261E-08   .000E+00   .000E+00   .000E+00    3545  -.5010E+01
     250.00000   .534E-16  -.346E-08   .556E+01  -.206E-07   .000E+00   .000E+00   .984E-01   .000E+00   .101E-07   .000E+00   .000E+00   .000E+00    3555  -.5037E+01
     255.00000   .736E-16  -.587E-08   .558E+01  -.436E-07   .000E+00   .000E+00   .982E-01   .000E+00   .262E-07   .000E+00   .000E+00   .000E+00    3606  -.5061E+01
     260.00000   .340E-01  -.799E-08   .563E+01  -.782E-07   .000E+00   .000E+00   .982E-01   .000E+00   .518E-07   .000E+00   .000E+00   .000E+00    3696  -.5086E+01
     265.00000   .180E-01  -.116E-07   .567E+01  -.128E-06   .000E+00   .000E+00   .982E-01   .000E+00   .878E-07   .000E+00   .000E+00   .000E+00    3748  -.5121E+01
     270.00000   .140E-01  -.157E-07   .568E+01  -.196E-06   .000E+00   .000E+00   .980E-01   .000E+00   .135E-06   .000E+00   .000E+00   .000E+00    3820  -.5144E+01
     275.00000   .300E-02  -.202E-07   .574E+01  -.287E-06   .000E+00   .000E+00   .981E-01   .000E+00   .195E-06   .000E+00   .000E+00   .000E+00    3871  -.5183E+01
     280.00000   .000E+00  -.261E-07   .574E+01  -.403E-06   .000E+00   .000E+00   .978E-01   .000E+00   .269E-06   .000E+00   .000E+00   .000E+00    3901  -.5201E+01
     285.00000   .131E-16  -.314E-07   .574E+01  -.549E-06   .000E+00   .000E+00   .976E-01   .000E+00   .359E-06   .000E+00   .000E+00   .000E+00    3930  -.5208E+01
     290.00000   .156E-17  -.364E-07   .574E+01  -.718E-06   .000E+00   .000E+00   .973E-01   .000E+00   .464E-06   .000E+00   .000E+00   .000E+00    3961  -.5213E+01
     295.00000   .290E-01  -.422E-07   .577E+01  -.917E-06   .000E+00   .000E+00   .973E-01   .000E+00   .586E-06   .000E+00   .000E+00   .000E+00    4010  -.5220E+01
     300.00000   .558E-16  -.478E-07   .583E+01  -.114E-05   .000E+00   .000E+00   .975E-01   .000E+00   .723E-06   .000E+00   .000E+00   .000E+00    4081  -.5258E+01
     305.00000   .000E+00  -.543E-07   .584E+01  -.140E-05   .000E+00   .000E+00   .972E-01   .000E+00   .877E-06   .000E+00   .000E+00   .000E+00    4133  -.5273E+01
     310.00000   .863E-17  -.634E-07   .593E+01  -.169E-05   .000E+00   .000E+00   .975E-01   .000E+00   .105E-05   .000E+00   .000E+00   .000E+00    4185  -.5317E+01
     315.00000   .440E-01  -.753E-07   .619E+01  -.203E-05   .000E+00   .000E+00   .983E-01   .000E+00   .124E-05   .000E+00   .000E+00   .000E+00    4276  -.5470E+01
     320.00000   .440E-01  -.162E-06   .631E+01  -.256E-05   .000E+00   .000E+00   .985E-01   .000E+00   .146E-05   .000E+00   .000E+00   .000E+00    4347  -.5595E+01
     325.00000   .110E-01  -.350E-06   .641E+01  -.382E-05   .000E+00   .000E+00   .984E-01   .000E+00   .178E-05   .000E+00   .000E+00   .000E+00    4438  -.5697E+01
     330.00000   .000E+00  -.485E-06   .646E+01  -.596E-05   .000E+00   .000E+00   .983E-01   .000E+00   .224E-05   .000E+00   .000E+00   .000E+00    4492  -.5762E+01
     335.00000   .500E-03  -.591E-06   .666E+01  -.852E-05   .000E+00   .000E+00   .985E-01   .000E+00   .288E-05   .000E+00   .000E+00   .000E+00    4586  -.5906E+01
     340.00000   .000E+00  -.964E-06   .677E+01  -.124E-04   .000E+00   .000E+00   .985E-01   .000E+00   .379E-05   .000E+00   .000E+00   .000E+00    4677  -.6012E+01
     345.00000   .859E-17  -.128E-05   .681E+01  -.181E-04   .000E+00   .000E+00   .983E-01   .000E+00   .515E-05   .000E+00   .000E+00   .000E+00    4728  -.6069E+01
     350.00000   .500E-03  -.132E-05   .701E+01  -.247E-04   .000E+00   .000E+00   .986E-01   .000E+00   .699E-05   .000E+00   .000E+00   .000E+00    4817  -.6184E+01
     355.00000   .000E+00  -.210E-05   .702E+01  -.330E-04   .000E+00   .000E+00   .983E-01   .000E+00   .941E-05   .000E+00   .000E+00   .000E+00    4849  -.6247E+01
     360.00000   .200E-02  -.244E-05   .707E+01  -.445E-04   .000E+00   .000E+00   .982E-01   .000E+00   .126E-04   .000E+00   .000E+00   .000E+00    4940  -.6298E+01
     365.00000   .200E-02  -.263E-05   .708E+01  -.573E-04   .000E+00   .000E+00   .979E-01   .000E+00   .167E-04   .000E+00   .000E+00   .000E+00    4972  -.6325E+01
     370.00000   .110E-01  -.294E-05   .722E+01  -.712E-04   .000E+00   .000E+00   .984E-01   .000E+00   .215E-04   .000E+00   .000E+00   .000E+00    5064  -.6406E+01
     375.00000   .180E-01  -.365E-05   .731E+01  -.874E-04   .000E+00   .000E+00   .985E-01   .000E+00   .271E-04   .000E+00   .000E+00   .000E+00    5155  -.6476E+01
     380.00000   .230E-01  -.478E-05   .737E+01  -.109E-03   .000E+00   .000E+00   .984E-01   .000E+00   .337E-04   .000E+00   .000E+00   .000E+00    5226  -.6530E+01
     385.00000   .366E-17  -.597E-05   .739E+01  -.136E-03   .000E+00   .000E+00   .981E-01   .000E+00   .416E-04   .000E+00   .000E+00   .000E+00    5258  -.6579E+01
     390.00000   .480E-01  -.700E-05   .758E+01  -.168E-03   .000E+00   .000E+00   .986E-01   .000E+00   .509E-04   .000E+00   .000E+00   .000E+00    5368  -.6670E+01
     395.00000   .140E-01  -.948E-05   .762E+01  -.208E-03   .000E+00   .000E+00   .984E-01   .000E+00   .618E-04   .000E+00   .000E+00   .000E+00    5439  -.6743E+01
     400.00000   .800E-02  -.127E-04   .783E+01  -.264E-03   .000E+00   .000E+00   .988E-01   .000E+00   .750E-04   .000E+00   .000E+00   .000E+00    5532  -.6884E+01
     405.00000   .270E-01  -.248E-04   .804E+01  -.355E-03   .000E+00   .000E+00   .989E-01   .000E+00   .919E-04   .000E+00   .000E+00   .000E+00    5623  -.7050E+01
     410.00000   .347E-16  -.411E-04   .826E+01  -.515E-03   .000E+00   .000E+00   .990E-01   .000E+00   .116E-03   .000E+00   .000E+00   .000E+00    5698  -.7246E+01
     415.00000   .870E-01  -.539E-04   .847E+01  -.767E-03   .000E+00   .000E+00   .991E-01   .000E+00   .150E-03   .000E+00   .000E+00   .000E+00    5808  -.7398E+01
     420.00000   .280E-01  -.129E-03   .879E+01  -.114E-02   .000E+00   .000E+00   .991E-01   .000E+00   .199E-03   .000E+00   .000E+00   .000E+00    5919  -.7693E+01
     425.00000   .100E+00  -.117E-03   .890E+01  -.178E-02   .000E+00   .000E+00   .991E-01   .000E+00   .275E-03   .000E+00   .000E+00   .000E+00    6010  -.7810E+01
     430.00000   .520E-01  -.108E-03   .898E+01  -.233E-02   .000E+00   .000E+00   .990E-01   .000E+00   .365E-03   .000E+00   .000E+00   .000E+00    6081  -.7916E+01
     435.00000   .200E-02  -.128E-03   .909E+01  -.292E-02   .000E+00   .000E+00   .989E-01   .000E+00   .469E-03   .000E+00   .000E+00   .000E+00    6111  -.8037E+01
     440.00000   .500E-03  -.141E-03   .911E+01  -.361E-02   .000E+00   .000E+00   .987E-01   .000E+00   .589E-03   .000E+00   .000E+00   .000E+00    6182  -.8093E+01
     445.00000   .500E-03  -.135E-03   .924E+01  -.429E-02   .000E+00   .000E+00   .988E-01   .000E+00   .720E-03   .000E+00   .000E+00   .000E+00    6292  -.8176E+01
     450.00000   .300E-02  -.176E-03   .952E+01  -.503E-02   .000E+00   .000E+00   .990E-01   .000E+00   .861E-03   .000E+00   .000E+00   .000E+00    6403  -.8352E+01
     455.00000   .470E-01  -.335E-03   .966E+01  -.641E-02   .000E+00   .000E+00   .990E-01   .000E+00   .104E-02   .000E+00   .000E+00   .000E+00    6475  -.8478E+01
     460.00000   .330E-01  -.392E-03   .980E+01  -.818E-02   .000E+00   .000E+00   .989E-01   .000E+00   .124E-02   .000E+00   .000E+00   .000E+00    6546  -.8610E+01
     465.00000   .170E-01  -.429E-03   .988E+01  -.102E-01   .000E+00   .000E+00   .988E-01   .000E+00   .148E-02   .000E+00   .000E+00   .000E+00    6618  -.8711E+01
     470.00000   .330E-01  -.441E-03   .100E+02  -.124E-01   .000E+00   .000E+00   .989E-01   .000E+00   .174E-02   .000E+00   .000E+00   .000E+00    6709  -.8823E+01
     475.00000   .340E-01  -.527E-03   .101E+02  -.148E-01   .000E+00   .000E+00   .988E-01   .000E+00   .201E-02   .000E+00   .000E+00   .000E+00    6781  -.8916E+01
     480.00000   .107E+00  -.576E-03   .104E+02  -.176E-01   .000E+00   .000E+00   .991E-01   .000E+00   .231E-02   .000E+00   .000E+00   .000E+00    6891  -.9073E+01
     485.00000   .130E-01  -.106E-02   .106E+02  -.215E-01   .000E+00   .000E+00   .990E-01   .000E+00   .266E-02   .000E+00   .000E+00   .000E+00    6982  -.9260E+01
     490.00000   .000E+00  -.122E-02   .107E+02  -.275E-01   .000E+00   .000E+00   .989E-01   .000E+00   .308E-02   .000E+00   .000E+00   .000E+00    7034  -.9399E+01
     495.00000   .170E-01  -.958E-03   .107E+02  -.328E-01   .000E+00   .000E+00   .988E-01   .000E+00   .351E-02   .000E+00   .000E+00   .000E+00    7124  -.9470E+01
     500.00000   .440E-01  -.825E-03   .108E+02  -.372E-01   .000E+00   .000E+00   .987E-01   .000E+00   .393E-02   .000E+00   .000E+00   .000E+00    7195  -.9523E+01
     505.00000   .500E-03  -.703E-03   .108E+02  -.410E-01   .000E+00   .000E+00   .984E-01   .000E+00   .434E-02   .000E+00   .000E+00   .000E+00    7247  -.9564E+01
     510.00000   .513E-16  -.701E-03   .109E+02  -.445E-01   .000E+00   .000E+00   .985E-01   .000E+00   .474E-02   .000E+00   .000E+00   .000E+00    7300  -.9647E+01
     515.00000   .500E-03  -.788E-03   .110E+02  -.482E-01   .000E+00   .000E+00   .984E-01   .000E+00   .515E-02   .000E+00   .000E+00   .000E+00    7371  -.9692E+01
     520.00000   .122E-16  -.799E-03   .110E+02  -.522E-01   .000E+00   .000E+00   .981E-01   .000E+00   .557E-02   .000E+00   .000E+00   .000E+00    7380  -.9723E+01
     525.00000   .367E-16  -.755E-03   .110E+02  -.561E-01   .000E+00   .000E+00   .978E-01   .000E+00   .599E-02   .000E+00   .000E+00   .000E+00    7385  -.9744E+01
     530.00000   .365E-16  -.680E-03   .110E+02  -.596E-01   .000E+00   .000E+00   .978E-01   .000E+00   .640E-02   .000E+00   .000E+00   .000E+00    7416  -.9770E+01
     535.00000   .000E+00  -.601E-03   .110E+02  -.628E-01   .000E+00   .000E+00   .975E-01   .000E+00   .679E-02   .000E+00   .000E+00   .000E+00    7445  -.9785E+01
     540.00000   .220E-01  -.551E-03   .110E+02  -.656E-01   .000E+00   .000E+00   .975E-01   .000E+00   .718E-02   .000E+00   .000E+00   .000E+00    7516  -.9798E+01
     545.00000   .143E+00  -.533E-03   .113E+02  -.683E-01   .000E+00   .000E+00   .984E-01   .000E+00   .756E-02   .000E+00   .000E+00   .000E+00    7609  -.9853E+01
     550.00000   .600E-02  -.140E-02   .117E+02  -.716E-01   .000E+00   .000E+00   .989E-01   .000E+00   .792E-02   .000E+00   .000E+00   .000E+00    7721  -.1015E+02
     555.00000   .300E-02  -.349E-02   .118E+02  -.883E-01   .000E+00   .000E+00   .986E-01   .000E+00   .852E-02   .000E+00   .000E+00   .000E+00    7792  -.1027E+02
     560.00000   .250E+00  -.237E-02   .120E+02  -.102E+00   .000E+00   .000E+00   .990E-01   .000E+00   .911E-02   .000E+00   .000E+00   .000E+00    7850  -.1036E+02
     565.00000   .880E-01  -.516E-02   .123E+02  -.120E+00   .000E+00   .000E+00   .991E-01   .000E+00   .971E-02   .000E+00   .000E+00   .000E+00    7942  -.1062E+02
     570.00000   .154E+00  -.420E-02   .125E+02  -.144E+00   .000E+00   .000E+00   .992E-01   .000E+00   .104E-01   .000E+00   .000E+00   .000E+00    7996  -.1077E+02
     575.00000   .110E-01  -.480E-02   .126E+02  -.164E+00   .000E+00   .000E+00   .991E-01   .000E+00   .111E-01   .000E+00   .000E+00   .000E+00    8069  -.1094E+02
     580.00000   .527E-17  -.363E-02   .126E+02  -.186E+00   .000E+00   .000E+00   .988E-01   .000E+00   .118E-01   .000E+00   .000E+00   .000E+00    8079  -.1102E+02
     585.00000   .290E-01  -.272E-02   .129E+02  -.202E+00   .000E+00   .000E+00   .990E-01   .000E+00   .124E-01   .000E+00   .000E+00   .000E+00    8171  -.1111E+02
     590.00000   .900E-02  -.342E-02   .130E+02  -.216E+00   .000E+00   .000E+00   .988E-01   .000E+00   .130E-01   .000E+00   .000E+00   .000E+00    8262  -.1122E+02
     595.00000   .240E-01  -.346E-02   .131E+02  -.234E+00   .000E+00   .000E+00   .989E-01   .000E+00   .136E-01   .000E+00   .000E+00   .000E+00    8354  -.1131E+02
     600.00000   .230E-01  -.324E-02   .131E+02  -.250E+00   .000E+00   .000E+00   .988E-01   .000E+00   .142E-01   .000E+00   .000E+00   .000E+00    8445  -.1138E+02
     605.00000   .203E-16  -.298E-02   .131E+02  -.266E+00   .000E+00   .000E+00   .985E-01   .000E+00   .147E-01   .000E+00   .000E+00   .000E+00    8475  -.1143E+02
     610.00000   .500E-03  -.235E-02   .131E+02  -.279E+00   .000E+00   .000E+00   .982E-01   .000E+00   .153E-01   .000E+00   .000E+00   .000E+00    8501  -.1146E+02
     615.00000   .500E-03  -.206E-02   .132E+02  -.290E+00   .000E+00   .000E+00   .982E-01   .000E+00   .158E-01   .000E+00   .000E+00   .000E+00    8553  -.1149E+02
     620.00000   .131E+00  -.180E-02   .134E+02  -.300E+00   .000E+00   .000E+00   .987E-01   .000E+00   .163E-01   .000E+00   .000E+00   .000E+00    8663  -.1154E+02
     625.00000   .137E-15  -.300E-02   .137E+02  -.310E+00   .000E+00   .000E+00   .989E-01   .000E+00   .167E-01   .000E+00   .000E+00   .000E+00    8737  -.1174E+02
     630.00000   .267E-16  -.586E-02   .137E+02  -.337E+00   .000E+00   .000E+00   .986E-01   .000E+00   .173E-01   .000E+00   .000E+00   .000E+00    8768  -.1183E+02
     635.00000   .000E+00  -.441E-02   .137E+02  -.362E+00   .000E+00   .000E+00   .983E-01   .000E+00   .179E-01   .000E+00   .000E+00   .000E+00    8775  -.1187E+02
     640.00000   .132E+00  -.307E-02   .140E+02  -.380E+00   .000E+00   .000E+00   .989E-01   .000E+00   .184E-01   .000E+00   .000E+00   .000E+00    8845  -.1195E+02
     645.00000   .500E-03  -.493E-02   .142E+02  -.398E+00   .000E+00   .000E+00   .989E-01   .000E+00   .189E-01   .000E+00   .000E+00   .000E+00    8955  -.1210E+02
     650.00000   .539E-16  -.594E-02   .142E+02  -.427E+00   .000E+00   .000E+00   .985E-01   .000E+00   .195E-01   .000E+00   .000E+00   .000E+00    8966  -.1218E+02
     655.00000   .329E-16  -.464E-02   .142E+02  -.454E+00   .000E+00   .000E+00   .983E-01   .000E+00   .201E-01   .000E+00   .000E+00   .000E+00    9017  -.1222E+02
     660.00000   .130E-01  -.348E-02   .145E+02  -.473E+00   .000E+00   .000E+00   .988E-01   .000E+00   .206E-01   .000E+00   .000E+00   .000E+00    9107  -.1233E+02
     665.00000   .130E-01  -.541E-02   .146E+02  -.496E+00   .000E+00   .000E+00   .987E-01   .000E+00   .211E-01   .000E+00   .000E+00   .000E+00    9217  -.1242E+02
     670.00000   .000E+00  -.513E-02   .146E+02  -.523E+00   .000E+00   .000E+00   .986E-01   .000E+00   .216E-01   .000E+00   .000E+00   .000E+00    9269  -.1248E+02
     675.00000   .800E-02  -.492E-02   .148E+02  -.547E+00   .000E+00   .000E+00   .988E-01   .000E+00   .221E-01   .000E+00   .000E+00   .000E+00    9362  -.1259E+02
     680.00000   .500E-03  -.546E-02   .149E+02  -.574E+00   .000E+00   .000E+00   .987E-01   .000E+00   .226E-01   .000E+00   .000E+00   .000E+00    9452  -.1267E+02
     685.00000   .500E-01  -.544E-02   .150E+02  -.601E+00   .000E+00   .000E+00   .989E-01   .000E+00   .231E-01   .000E+00   .000E+00   .000E+00    9544  -.1275E+02
     690.00000   .800E-01  -.573E-02   .153E+02  -.628E+00   .000E+00   .000E+00   .990E-01   .000E+00   .236E-01   .000E+00   .000E+00   .000E+00    9654  -.1286E+02
     695.00000   .486E-16  -.653E-02   .153E+02  -.659E+00   .000E+00   .000E+00   .988E-01   .000E+00   .241E-01   .000E+00   .000E+00   .000E+00    9687  -.1294E+02
     700.00000   .200E-01  -.548E-02   .153E+02  -.690E+00   .000E+00   .000E+00   .987E-01   .000E+00   .246E-01   .000E+00   .000E+00   .000E+00    9738  -.1299E+02
     705.00000   .330E-01  -.514E-02   .156E+02  -.714E+00   .000E+00   .000E+00   .990E-01   .000E+00   .251E-01   .000E+00   .000E+00   .000E+00    9848  -.1310E+02
     710.00000   .000E+00  -.677E-02   .156E+02  -.746E+00   .000E+00   .000E+00   .986E-01   .000E+00   .256E-01   .000E+00   .000E+00   .000E+00    9878  -.1318E+02
     715.00000   .527E-17  -.569E-02   .156E+02  -.777E+00   .000E+00   .000E+00   .984E-01   .000E+00   .260E-01   .000E+00   .000E+00   .000E+00    9930  -.1322E+02
     720.00000   .600E-02  -.412E-02   .157E+02  -.801E+00   .000E+00   .000E+00   .984E-01   .000E+00   .265E-01   .000E+00   .000E+00   .000E+00   10022  -.1326E+02
     725.00000   .500E-03  -.364E-02   .157E+02  -.820E+00   .000E+00   .000E+00   .981E-01   .000E+00   .269E-01   .000E+00   .000E+00   .000E+00   10054  -.1329E+02
     730.00000   .500E-03  -.316E-02   .157E+02  -.837E+00   .000E+00   .000E+00   .981E-01   .000E+00   .272E-01   .000E+00   .000E+00   .000E+00   10125  -.1331E+02
     735.00000   .500E-03  -.272E-02   .157E+02  -.852E+00   .000E+00   .000E+00   .980E-01   .000E+00   .276E-01   .000E+00   .000E+00   .000E+00   10235  -.1334E+02
     740.00000   .000E+00  -.242E-02   .157E+02  -.865E+00   .000E+00   .000E+00   .977E-01   .000E+00   .279E-01   .000E+00   .000E+00   .000E+00   10267  -.1335E+02
     745.00000   .700E-02  -.219E-02   .157E+02  -.876E+00   .000E+00   .000E+00   .975E-01   .000E+00   .282E-01   .000E+00   .000E+00   .000E+00   10294  -.1337E+02
     750.00000   .130E-01  -.205E-02   .158E+02  -.887E+00   .000E+00   .000E+00   .975E-01   .000E+00   .285E-01   .000E+00   .000E+00   .000E+00   10385  -.1338E+02
     755.00000   .340E-01  -.191E-02   .160E+02  -.897E+00   .000E+00   .000E+00   .982E-01   .000E+00   .288E-01   .000E+00   .000E+00   .000E+00   10495  -.1343E+02
     760.00000   .180E-01  -.220E-02   .162E+02  -.906E+00   .000E+00   .000E+00   .985E-01   .000E+00   .291E-01   .000E+00   .000E+00   .000E+00   10587  -.1353E+02
     765.00000   .170E-01  -.464E-02   .162E+02  -.924E+00   .000E+00   .000E+00   .984E-01   .000E+00   .293E-01   .000E+00   .000E+00   .000E+00   10678  -.1359E+02
     770.00000   .000E+00  -.542E-02   .162E+02  -.950E+00   .000E+00   .000E+00   .981E-01   .000E+00   .296E-01   .000E+00   .000E+00   .000E+00   10730  -.1364E+02
     775.00000   .300E-02  -.461E-02   .163E+02  -.975E+00   .000E+00   .000E+00   .979E-01   .000E+00   .300E-01   .000E+00   .000E+00   .000E+00   10799  -.1367E+02
     780.00000   .500E-03  -.407E-02   .164E+02  -.997E+00   .000E+00   .000E+00   .983E-01   .000E+00   .303E-01   .000E+00   .000E+00   .000E+00   10909  -.1372E+02
     785.00000   .500E-03  -.422E-02   .165E+02  -.102E+01   .000E+00   .000E+00   .982E-01   .000E+00   .306E-01   .000E+00   .000E+00   .000E+00   10981  -.1378E+02
     790.00000   .500E-03  -.457E-02   .165E+02  -.104E+01   .000E+00   .000E+00   .980E-01   .000E+00   .309E-01   .000E+00   .000E+00   .000E+00   11013  -.1381E+02
     795.00000   .000E+00  -.433E-02   .166E+02  -.106E+01   .000E+00   .000E+00   .983E-01   .000E+00   .312E-01   .000E+00   .000E+00   .000E+00   11105  -.1387E+02
     800.00000   .370E-01  -.426E-02   .167E+02  -.108E+01   .000E+00   .000E+00   .983E-01   .000E+00   .315E-01   .000E+00   .000E+00   .000E+00   11195  -.1391E+02
     805.00000   .400E-01  -.414E-02   .167E+02  -.110E+01   .000E+00   .000E+00   .983E-01   .000E+00   .317E-01   .000E+00   .000E+00   .000E+00   11267  -.1395E+02
     810.00000   .130E-01  -.407E-02   .168E+02  -.112E+01   .000E+00   .000E+00   .983E-01   .000E+00   .320E-01   .000E+00   .000E+00   .000E+00   11358  -.1400E+02
     815.00000   .180E-01  -.433E-02   .169E+02  -.115E+01   .000E+00   .000E+00   .983E-01   .000E+00   .322E-01   .000E+00   .000E+00   .000E+00   11449  -.1405E+02
     820.00000   .186E-16  -.447E-02   .169E+02  -.117E+01   .000E+00   .000E+00   .980E-01   .000E+00   .325E-01   .000E+00   .000E+00   .000E+00   11479  -.1408E+02
     825.00000   .480E-16  -.427E-02   .169E+02  -.119E+01   .000E+00   .000E+00   .977E-01   .000E+00   .327E-01   .000E+00   .000E+00   .000E+00   11509  -.1411E+02
     830.00000   .160E-16  -.380E-02   .169E+02  -.121E+01   .000E+00   .000E+00   .975E-01   .000E+00   .330E-01   .000E+00   .000E+00   .000E+00   11514  -.1412E+02
     835.00000   .321E-16  -.320E-02   .169E+02  -.123E+01   .000E+00   .000E+00   .972E-01   .000E+00   .332E-01   .000E+00   .000E+00   .000E+00   11519  -.1414E+02
     840.00000   .000E+00  -.263E-02   .169E+02  -.124E+01   .000E+00   .000E+00   .971E-01   .000E+00   .334E-01   .000E+00   .000E+00   .000E+00   11549  -.1415E+02
     845.00000   .000E+00  -.239E-02   .171E+02  -.125E+01   .000E+00   .000E+00   .978E-01   .000E+00   .336E-01   .000E+00   .000E+00   .000E+00   11641  -.1420E+02
     850.00000   .252E-16  -.231E-02   .171E+02  -.127E+01   .000E+00   .000E+00   .978E-01   .000E+00   .338E-01   .000E+00   .000E+00   .000E+00   11692  -.1424E+02
     855.00000   .889E-18  -.269E-02   .171E+02  -.128E+01   .000E+00   .000E+00   .975E-01   .000E+00   .339E-01   .000E+00   .000E+00   .000E+00   11697  -.1427E+02
     860.00000   .000E+00  -.304E-02   .171E+02  -.129E+01   .000E+00   .000E+00   .973E-01   .000E+00   .341E-01   .000E+00   .000E+00   .000E+00   11725  -.1429E+02
     865.00000   .103E+00  -.284E-02   .173E+02  -.131E+01   .000E+00   .000E+00   .979E-01   .000E+00   .342E-01   .000E+00   .000E+00   .000E+00   11778  -.1432E+02
     870.00000   .117E-15  -.667E-02   .177E+02  -.133E+01   .000E+00   .000E+00   .986E-01   .000E+00   .343E-01   .000E+00   .000E+00   .000E+00   11837  -.1454E+02
     875.00000   .800E-02  -.139E-01   .180E+02  -.139E+01   .000E+00   .000E+00   .989E-01   .000E+00   .346E-01   .000E+00   .000E+00   .000E+00   11928  -.1468E+02
     880.00000   .000E+00  -.153E-01   .181E+02  -.146E+01   .000E+00   .000E+00   .988E-01   .000E+00   .350E-01   .000E+00   .000E+00   .000E+00   11981  -.1480E+02
     885.00000   .300E-02  -.104E-01   .181E+02  -.153E+01   .000E+00   .000E+00   .985E-01   .000E+00   .353E-01   .000E+00   .000E+00   .000E+00   12031  -.1486E+02
     890.00000   .500E-03  -.772E-02   .181E+02  -.157E+01   .000E+00   .000E+00   .983E-01   .000E+00   .356E-01   .000E+00   .000E+00   .000E+00   12063  -.1489E+02
     895.00000   .110E+00  -.547E-02   .183E+02  -.160E+01   .000E+00   .000E+00   .988E-01   .000E+00   .358E-01   .000E+00   .000E+00   .000E+00   12135  -.1495E+02
     900.00000   .830E-01  -.942E-02   .188E+02  -.163E+01   .000E+00   .000E+00   .992E-01   .000E+00   .359E-01   .000E+00   .000E+00   .000E+00   12245  -.1514E+02
     905.00000   .543E-16  -.185E-01   .189E+02  -.172E+01   .000E+00   .000E+00   .988E-01   .000E+00   .362E-01   .000E+00   .000E+00   .000E+00   12316  -.1526E+02
     910.00000   .570E-01  -.156E-01   .194E+02  -.180E+01   .000E+00   .000E+00   .993E-01   .000E+00   .366E-01   .000E+00   .000E+00   .000E+00   12427  -.1545E+02
     915.00000   .211E-16  -.193E-01   .194E+02  -.191E+01   .000E+00   .000E+00   .989E-01   .000E+00   .370E-01   .000E+00   .000E+00   .000E+00   12459  -.1556E+02
     920.00000   .176E-16  -.109E-01   .194E+02  -.198E+01   .000E+00   .000E+00   .986E-01   .000E+00   .373E-01   .000E+00   .000E+00   .000E+00   12469  -.1561E+02
     925.00000   .568E-16  -.780E-02   .194E+02  -.203E+01   .000E+00   .000E+00   .983E-01   .000E+00   .376E-01   .000E+00   .000E+00   .000E+00   12474  -.1563E+02
     930.00000   .378E-16  -.559E-02   .194E+02  -.206E+01   .000E+00   .000E+00   .980E-01   .000E+00   .377E-01   .000E+00   .000E+00   .000E+00   12504  -.1565E+02
     935.00000   .230E-01  -.449E-02   .195E+02  -.209E+01   .000E+00   .000E+00   .984E-01   .000E+00   .379E-01   .000E+00   .000E+00   .000E+00   12595  -.1569E+02
     940.00000   .500E-03  -.410E-02   .197E+02  -.211E+01   .000E+00   .000E+00   .987E-01   .000E+00   .380E-01   .000E+00   .000E+00   .000E+00   12669  -.1577E+02
     945.00000   .820E-01  -.644E-02   .198E+02  -.213E+01   .000E+00   .000E+00   .987E-01   .000E+00   .381E-01   .000E+00   .000E+00   .000E+00   12721  -.1583E+02
     950.00000   .000E+00  -.753E-02   .198E+02  -.217E+01   .000E+00   .000E+00   .985E-01   .000E+00   .382E-01   .000E+00   .000E+00   .000E+00   12812  -.1589E+02
     955.00000   .500E-03  -.710E-02   .199E+02  -.221E+01   .000E+00   .000E+00   .983E-01   .000E+00   .384E-01   .000E+00   .000E+00   .000E+00   12903  -.1592E+02
     960.00000   .840E-01  -.581E-02   .200E+02  -.224E+01   .000E+00   .000E+00   .985E-01   .000E+00   .386E-01   .000E+00   .000E+00   .000E+00   12974  -.1597E+02
     965.00000   .000E+00  -.549E-02   .200E+02  -.227E+01   .000E+00   .000E+00   .985E-01   .000E+00   .387E-01   .000E+00   .000E+00   .000E+00   13027  -.1601E+02
     970.00000   .464E-16  -.549E-02   .201E+02  -.229E+01   .000E+00   .000E+00   .985E-01   .000E+00   .388E-01   .000E+00   .000E+00   .000E+00   13078  -.1606E+02
     975.00000   .755E-16  -.583E-02   .202E+02  -.232E+01   .000E+00   .000E+00   .985E-01   .000E+00   .389E-01   .000E+00   .000E+00   .000E+00   13169  -.1612E+02
     980.00000   .511E-16  -.642E-02   .202E+02  -.235E+01   .000E+00   .000E+00   .982E-01   .000E+00   .390E-01   .000E+00   .000E+00   .000E+00   13176  -.1616E+02
     985.00000   .662E-16  -.581E-02   .202E+02  -.238E+01   .000E+00   .000E+00   .979E-01   .000E+00   .391E-01   .000E+00   .000E+00   .000E+00   13181  -.1618E+02
     990.00000   .180E-16  -.495E-02   .202E+02  -.241E+01   .000E+00   .000E+00   .976E-01   .000E+00   .392E-01   .000E+00   .000E+00   .000E+00   13211  -.1620E+02
     995.00000   .500E-03  -.407E-02   .202E+02  -.243E+01   .000E+00   .000E+00   .974E-01   .000E+00   .393E-01   .000E+00   .000E+00   .000E+00   13237  -.1621E+02
    1000.00000   .320E-01  -.330E-02   .203E+02  -.245E+01   .000E+00   .000E+00   .977E-01   .000E+00   .394E-01   .000E+00   .000E+00   .000E+00   13309  -.1624E+02
    1005.00000   .553E-17  -.298E-02   .203E+02  -.246E+01   .000E+00   .000E+00   .974E-01   .000E+00   .395E-01   .000E+00   .000E+00   .000E+00   13339  -.1626E+02
    1010.00000   .242E-16  -.287E-02   .204E+02  -.248E+01   .000E+00   .000E+00   .978E-01   .000E+00   .395E-01   .000E+00   .000E+00   .000E+00   13391  -.1630E+02
    1015.00000   .000E+00  -.296E-02   .204E+02  -.249E+01   .000E+00   .000E+00   .976E-01   .000E+00   .396E-01   .000E+00   .000E+00   .000E+00   13421  -.1632E+02
    1020.00000   .500E-02  -.308E-02   .206E+02  -.251E+01   .000E+00   .000E+00   .979E-01   .000E+00   .396E-01   .000E+00   .000E+00   .000E+00   13493  -.1636E+02
    1025.00000   .441E-16  -.353E-02   .206E+02  -.253E+01   .000E+00   .000E+00   .978E-01   .000E+00   .397E-01   .000E+00   .000E+00   .000E+00   13584  -.1639E+02
    1030.00000   .000E+00  -.388E-02   .206E+02  -.254E+01   .000E+00   .000E+00   .975E-01   .000E+00   .397E-01   .000E+00   .000E+00   .000E+00   13591  -.1642E+02
    1035.00000   .204E-16  -.375E-02   .206E+02  -.256E+01   .000E+00   .000E+00   .973E-01   .000E+00   .397E-01   .000E+00   .000E+00   .000E+00   13620  -.1643E+02
    1040.00000   .500E-03  -.330E-02   .207E+02  -.258E+01   .000E+00   .000E+00   .974E-01   .000E+00   .398E-01   .000E+00   .000E+00   .000E+00   13668  -.1646E+02
    1045.00000   .768E-17  -.307E-02   .208E+02  -.260E+01   .000E+00   .000E+00   .977E-01   .000E+00   .398E-01   .000E+00   .000E+00   .000E+00   13740  -.1651E+02
    1050.00000   .800E-02  -.371E-02   .208E+02  -.261E+01   .000E+00   .000E+00   .977E-01   .000E+00   .398E-01   .000E+00   .000E+00   .000E+00   13850  -.1654E+02
    1055.00000   .470E-01  -.524E-02   .213E+02  -.263E+01   .000E+00   .000E+00   .986E-01   .000E+00   .398E-01   .000E+00   .000E+00   .000E+00   13962  -.1668E+02
    1060.00000   .270E-01  -.135E-01   .214E+02  -.269E+01   .000E+00   .000E+00   .985E-01   .000E+00   .398E-01   .000E+00   .000E+00   .000E+00   14053  -.1677E+02
    1065.00000   .000E+00  -.115E-01   .215E+02  -.275E+01   .000E+00   .000E+00   .986E-01   .000E+00   .400E-01   .000E+00   .000E+00   .000E+00   14145  -.1685E+02
    1070.00000   .500E-03  -.100E-01   .215E+02  -.280E+01   .000E+00   .000E+00   .982E-01   .000E+00   .401E-01   .000E+00   .000E+00   .000E+00   14173  -.1689E+02
    1075.00000   .500E-03  -.743E-02   .215E+02  -.284E+01   .000E+00   .000E+00   .982E-01   .000E+00   .402E-01   .000E+00   .000E+00   .000E+00   14264  -.1692E+02
    1080.00000   .000E+00  -.600E-02   .215E+02  -.288E+01   .000E+00   .000E+00   .979E-01   .000E+00   .403E-01   .000E+00   .000E+00   .000E+00   14294  -.1695E+02
    1085.00000   .700E-02  -.516E-02   .216E+02  -.290E+01   .000E+00   .000E+00   .980E-01   .000E+00   .404E-01   .000E+00   .000E+00   .000E+00   14383  -.1698E+02
    1090.00000   .500E-03  -.459E-02   .216E+02  -.293E+01   .000E+00   .000E+00   .978E-01   .000E+00   .404E-01   .000E+00   .000E+00   .000E+00   14434  -.1701E+02
    1095.00000   .250E-03  -.424E-02   .216E+02  -.295E+01   .000E+00   .000E+00   .975E-01   .000E+00   .404E-01   .000E+00   .000E+00   .000E+00   14443  -.1703E+02
end
