 All solute fluxes and cumulative solute fluxes are positive into the region

       Time       cvTop      cvBot    Sum(cvTop) Sum(cvBot)   cvCh0      cvCh1       cTop      cRoot       cBot      cvRoot   Sum(cvRoot) Sum(cvNEql) TLevel   PhrExch
        [T]      [M/L2/T]   [M/L2/T]    [M/L2]     [M/L2]     [M/L2]     [M/L2]      [M/L3]    [M/L3]      [M/L3]   [M/L2/T]    [M/L2]      [M/L2]              [M/L2]
       5.00000   .000E+00   .000E+00   .177E+00   .000E+00   .000E+00   .000E+00   .259E+00   .000E+00   .493E-79   .000E+00   .000E+00   .000E+00      52  -.1321E+00
      10.00000   .180E+00   .000E+00   .363E+00   .000E+00   .000E+00   .000E+00   .433E+00   .000E+00   .153E-64   .000E+00   .000E+00   .000E+00     102  -.2674E+00
      15.00000   .340E+00   .000E+00   .137E+01   .000E+00   .000E+00   .000E+00   .773E+00   .000E+00   .113E-60   .000E+00   .000E+00   .000E+00     212  -.9853E+00
      20.00000   .500E-02   .000E+00   .204E+01   .000E+00   .000E+00   .000E+00   .844E+00   .000E+00   .203E-57   .000E+00   .000E+00   .000E+00     322  -.1505E+01
      25.00000   .500E-02   .000E+00   .253E+01   .000E+00   .000E+00   .000E+00   .880E+00   .000E+00   .607E-54   .000E+00   .000E+00   .000E+00     376  -.1881E+01
      30.00000   .200E-01   .000E+00   .320E+01   .000E+00   .000E+00   .000E+00   .912E+00   .000E+00   .124E-49   .000E+00   .000E+00   .000E+00     466  -.2360E+01
      35.00000   .000E+00   .000E+00   .429E+01   .000E+00   .000E+00   .000E+00   .944E+00   .000E+00   .163E-45   .000E+00   .000E+00   .000E+00     557  -.3149E+01
      40.00000   .840E+00   .000E+00   .620E+01   .000E+00   .000E+00   .000E+00   .975E+00   .000E+00   .593E-42   .000E+00   .000E+00   .000E+00     667  -.4345E+01
      45.00000   .476E-15   .000E+00   .801E+01   .000E+00   .000E+00   .000E+00   .982E+00   .000E+00   .638E-38   .000E+00   .000E+00   .000E+00     739  -.5821E+01
      50.00000   .320E+00   .000E+00   .113E+02   .000E+00   .000E+00   .000E+00   .991E+00   .000E+00   .274E-31   .000E+00   .000E+00   .000E+00     851  -.8032E+01
      55.00000   .500E-02  -.714E-27   .114E+02  -.685E-27   .000E+00   .000E+00   .987E+00   .000E+00   .205E-26   .000E+00   .000E+00   .000E+00     924  -.8437E+01
      60.00000   .000E+00  -.915E-26   .117E+02  -.223E-25   .000E+00   .000E+00   .984E+00   .000E+00   .394E-25   .000E+00   .000E+00   .000E+00     976  -.8757E+01
      65.00000   .166E-15  -.238E-25   .118E+02  -.111E-24   .000E+00   .000E+00   .978E+00   .000E+00   .138E-24   .000E+00   .000E+00   .000E+00    1006  -.8882E+01
      70.00000   .740E+00  -.368E-25   .126E+02  -.266E-24   .000E+00   .000E+00   .989E+00   .000E+00   .260E-24   .000E+00   .000E+00   .000E+00    1053  -.9188E+01
      75.00000   .500E-02  -.515E-25   .148E+02  -.480E-24   .000E+00   .000E+00   .989E+00   .000E+00   .378E-24   .000E+00   .000E+00   .000E+00    1163  -.1085E+02
      80.00000   .297E-15  -.976E-25   .152E+02  -.862E-24   .000E+00   .000E+00   .985E+00   .000E+00   .486E-24   .000E+00   .000E+00   .000E+00    1214  -.1132E+02
      85.00000   .550E-15  -.995E-25   .155E+02  -.132E-23   .000E+00   .000E+00   .984E+00   .000E+00   .571E-24   .000E+00   .000E+00   .000E+00    1284  -.1164E+02
      90.00000   .880E+00  -.167E-24   .168E+02  -.185E-23   .000E+00   .000E+00   .994E+00   .000E+00   .108E-23   .000E+00   .000E+00   .000E+00    1394  -.1216E+02
      95.00000   .000E+00  -.678E-24   .170E+02  -.369E-23   .000E+00   .000E+00   .984E+00   .000E+00   .428E-23   .000E+00   .000E+00   .000E+00    1445  -.1275E+02
     100.00000   .500E-02  -.399E-23   .170E+02  -.164E-22   .000E+00   .000E+00   .977E+00   .000E+00   .270E-22   .000E+00   .000E+00   .000E+00    1471  -.1293E+02
     105.00000   .740E+00  -.134E-22   .195E+02  -.556E-22   .000E+00   .000E+00   .995E+00   .000E+00   .971E-22   .000E+00   .000E+00   .000E+00    1562  -.1403E+02
     110.00000   .800E-01  -.571E-22   .203E+02  -.194E-21   .000E+00   .000E+00   .990E+00   .000E+00   .344E-21   .000E+00   .000E+00   .000E+00    1672  -.1506E+02
     115.00000   .593E-15  -.847E-21   .225E+02  -.157E-20   .000E+00   .000E+00   .993E+00   .000E+00   .285E-20   .000E+00   .000E+00   .000E+00    1765  -.1658E+02
     120.00000   .500E-02  -.257E-19   .235E+02  -.457E-19   .000E+00   .000E+00   .993E+00   .000E+00   .798E-19   .000E+00   .000E+00   .000E+00    1817  -.1751E+02
     125.00000   .220E+00  -.271E-18   .242E+02  -.598E-18   .000E+00   .000E+00   .993E+00   .000E+00   .979E-18   .000E+00   .000E+00   .000E+00    1908  -.1798E+02
     130.00000   .600E-01  -.121E-17   .254E+02  -.383E-17   .000E+00   .000E+00   .994E+00   .000E+00   .592E-17   .000E+00   .000E+00   .000E+00    1999  -.1876E+02
     135.00000   .300E+00  -.519E-17   .267E+02  -.175E-16   .000E+00   .000E+00   .995E+00   .000E+00   .262E-16   .000E+00   .000E+00   .000E+00    2090  -.1958E+02
     140.00000   .763E-16  -.375E-16   .294E+02  -.912E-16   .000E+00   .000E+00   .999E+00   .000E+00   .133E-15   .000E+00   .000E+00   .000E+00    2182  -.2148E+02
     145.00000   .700E-01  -.738E-15   .298E+02  -.152E-14   .000E+00   .000E+00   .994E+00   .000E+00   .212E-14   .000E+00   .000E+00   .000E+00    2253  -.2224E+02
     150.00000   .930E+00  -.405E-14   .316E+02  -.115E-13   .000E+00   .000E+00   .998E+00   .000E+00   .150E-13   .000E+00   .000E+00   .000E+00    2363  -.2310E+02
     155.00000   .340E+00  -.236E-13   .342E+02  -.655E-13   .000E+00   .000E+00   .996E+00   .000E+00   .811E-13   .000E+00   .000E+00   .000E+00    2454  -.2481E+02
     160.00000   .331E-15  -.436E-12   .343E+02  -.905E-12   .000E+00   .000E+00   .987E+00   .000E+00   .103E-11   .000E+00   .000E+00   .000E+00    2505  -.2575E+02
     165.00000   .150E+00  -.180E-11   .345E+02  -.665E-11   .000E+00   .000E+00   .985E+00   .000E+00   .685E-11   .000E+00   .000E+00   .000E+00    2554  -.2615E+02
     170.00000   .500E-02  -.365E-11   .350E+02  -.204E-10   .000E+00   .000E+00   .987E+00   .000E+00   .200E-10   .000E+00   .000E+00   .000E+00    2645  -.2661E+02
     175.00000   .420E+00  -.637E-11   .369E+02  -.444E-10   .000E+00   .000E+00   .995E+00   .000E+00   .420E-10   .000E+00   .000E+00   .000E+00    2755  -.2733E+02
     180.00000   .614E-16  -.159E-10   .372E+02  -.948E-10   .000E+00   .000E+00   .990E+00   .000E+00   .872E-10   .000E+00   .000E+00   .000E+00    2808  -.2819E+02
     185.00000   .283E-15  -.449E-10   .372E+02  -.256E-09   .000E+00   .000E+00   .982E+00   .000E+00   .226E-09   .000E+00   .000E+00   .000E+00    2814  -.2858E+02
     190.00000   .580E+00  -.694E-10   .411E+02  -.531E-09   .000E+00   .000E+00   .996E+00   .000E+00   .456E-09   .000E+00   .000E+00   .000E+00    2906  -.2994E+02
     195.00000   .000E+00  -.691E-09   .424E+02  -.185E-08   .000E+00   .000E+00   .990E+00   .000E+00   .156E-08   .000E+00   .000E+00   .000E+00    2959  -.3169E+02
     200.00000   .657E-15  -.467E-08   .449E+02  -.119E-07   .000E+00   .000E+00   .987E+00   .000E+00   .932E-08   .000E+00   .000E+00   .000E+00    3014  -.3342E+02
     205.00000   .170E+00  -.170E-07   .452E+02  -.689E-07   .000E+00   .000E+00   .986E+00   .000E+00   .493E-07   .000E+00   .000E+00   .000E+00    3065  -.3420E+02
     210.00000   .582E-16  -.347E-07   .452E+02  -.196E-06   .000E+00   .000E+00   .979E+00   .000E+00   .130E-06   .000E+00   .000E+00   .000E+00    3095  -.3469E+02
     215.00000   .278E-15  -.413E-07   .453E+02  -.384E-06   .000E+00   .000E+00   .977E+00   .000E+00   .244E-06   .000E+00   .000E+00   .000E+00    3165  -.3504E+02
     220.00000   .000E+00  -.557E-07   .453E+02  -.631E-06   .000E+00   .000E+00   .970E+00   .000E+00   .386E-06   .000E+00   .000E+00   .000E+00    3172  -.3532E+02
     225.00000   .551E-15  -.616E-07   .460E+02  -.933E-06   .000E+00   .000E+00   .990E+00   .000E+00   .553E-06   .000E+00   .000E+00   .000E+00    3201  -.3565E+02
     230.00000   .530E+00  -.668E-07   .479E+02  -.125E-05   .000E+00   .000E+00   .995E+00   .000E+00   .727E-06   .000E+00   .000E+00   .000E+00    3311  -.3626E+02
     235.00000   .790E+00  -.109E-06   .505E+02  -.166E-05   .000E+00   .000E+00   .997E+00   .000E+00   .944E-06   .000E+00   .000E+00   .000E+00    3402  -.3745E+02
     240.00000   .174E+01  -.677E-06   .547E+02  -.308E-05   .000E+00   .000E+00   .999E+00   .000E+00   .174E-05   .000E+00   .000E+00   .000E+00    3493  -.3967E+02
     245.00000   .000E+00  -.657E-05   .556E+02  -.194E-04   .000E+00   .000E+00   .987E+00   .000E+00   .100E-04   .000E+00   .000E+00   .000E+00    3545  -.4185E+02
     250.00000   .534E-15  -.104E-04   .556E+02  -.651E-04   .000E+00   .000E+00   .980E+00   .000E+00   .303E-04   .000E+00   .000E+00   .000E+00    3555  -.4263E+02
     255.00000   .736E-15  -.120E-04   .558E+02  -.120E-03   .000E+00   .000E+00   .980E+00   .000E+00   .529E-04   .000E+00   .000E+00   .000E+00    3606  -.4315E+02
     260.00000   .340E+00  -.118E-04   .563E+02  -.179E-03   .000E+00   .000E+00   .987E+00   .000E+00   .760E-04   .000E+00   .000E+00   .000E+00    3696  -.4358E+02
     265.00000   .180E+00  -.132E-04   .567E+02  -.243E-03   .000E+00   .000E+00   .988E+00   .000E+00   .997E-04   .000E+00   .000E+00   .000E+00    3748  -.4403E+02
     270.00000   .140E+00  -.146E-04   .568E+02  -.312E-03   .000E+00   .000E+00   .985E+00   .000E+00   .125E-03   .000E+00   .000E+00   .000E+00    3820  -.4444E+02
     275.00000   .300E-01  -.159E-04   .574E+02  -.390E-03   .000E+00   .000E+00   .989E+00   .000E+00   .153E-03   .000E+00   .000E+00   .000E+00    3871  -.4485E+02
     280.00000   .000E+00  -.178E-04   .574E+02  -.474E-03   .000E+00   .000E+00   .983E+00   .000E+00   .182E-03   .000E+00   .000E+00   .000E+00    3901  -.4521E+02
     285.00000   .131E-15  -.187E-04   .574E+02  -.565E-03   .000E+00   .000E+00   .977E+00   .000E+00   .213E-03   .000E+00   .000E+00   .000E+00    3930  -.4550E+02
     290.00000   .156E-16  -.193E-04   .574E+02  -.660E-03   .000E+00   .000E+00   .971E+00   .000E+00   .245E-03   .000E+00   .000E+00   .000E+00    3961  -.4574E+02
     295.00000   .290E+00  -.200E-04   .577E+02  -.759E-03   .000E+00   .000E+00   .977E+00   .000E+00   .277E-03   .000E+00   .000E+00   .000E+00    4010  -.4598E+02
     300.00000   .558E-15  -.206E-04   .583E+02  -.860E-03   .000E+00   .000E+00   .982E+00   .000E+00   .310E-03   .000E+00   .000E+00   .000E+00    4081  -.4629E+02
     305.00000   .000E+00  -.213E-04   .584E+02  -.964E-03   .000E+00   .000E+00   .977E+00   .000E+00   .343E-03   .000E+00   .000E+00   .000E+00    4133  -.4656E+02
     310.00000   .863E-16  -.228E-04   .593E+02  -.107E-02   .000E+00   .000E+00   .983E+00   .000E+00   .377E-03   .000E+00   .000E+00   .000E+00    4185  -.4691E+02
     315.00000   .440E+00  -.251E-04   .619E+02  -.119E-02   .000E+00   .000E+00   .994E+00   .000E+00   .414E-03   .000E+00   .000E+00   .000E+00    4276  -.4767E+02
     320.00000   .440E+00  -.512E-04   .631E+02  -.136E-02   .000E+00   .000E+00   .996E+00   .000E+00   .464E-03   .000E+00   .000E+00   .000E+00    4347  -.4875E+02
     325.00000   .110E+00  -.117E-03   .641E+02  -.177E-02   .000E+00   .000E+00   .992E+00   .000E+00   .597E-03   .000E+00   .000E+00   .000E+00    4438  -.4971E+02
     330.00000   .000E+00  -.178E-03   .646E+02  -.253E-02   .000E+00   .000E+00   .992E+00   .000E+00   .837E-03   .000E+00   .000E+00   .000E+00    4492  -.5050E+02
     335.00000   .500E-02  -.229E-03   .666E+02  -.351E-02   .000E+00   .000E+00   .989E+00   .000E+00   .113E-02   .000E+00   .000E+00   .000E+00    4586  -.5151E+02
     340.00000   .000E+00  -.395E-03   .677E+02  -.508E-02   .000E+00   .000E+00   .990E+00   .000E+00   .158E-02   .000E+00   .000E+00   .000E+00    4677  -.5253E+02
     345.00000   .859E-16  -.546E-03   .681E+02  -.747E-02   .000E+00   .000E+00   .986E+00   .000E+00   .224E-02   .000E+00   .000E+00   .000E+00    4728  -.5333E+02
     350.00000   .500E-02  -.562E-03   .701E+02  -.103E-01   .000E+00   .000E+00   .992E+00   .000E+00   .298E-02   .000E+00   .000E+00   .000E+00    4817  -.5414E+02
     355.00000   .000E+00  -.840E-03   .702E+02  -.137E-01   .000E+00   .000E+00   .983E+00   .000E+00   .382E-02   .000E+00   .000E+00   .000E+00    4849  -.5499E+02
     360.00000   .200E-01  -.946E-03   .707E+02  -.183E-01   .000E+00   .000E+00   .986E+00   .000E+00   .492E-02   .000E+00   .000E+00   .000E+00    4940  -.5565E+02
     365.00000   .200E-01  -.948E-03   .708E+02  -.230E-01   .000E+00   .000E+00   .981E+00   .000E+00   .602E-02   .000E+00   .000E+00   .000E+00    4972  -.5616E+02
     370.00000   .110E+00  -.967E-03   .722E+02  -.278E-01   .000E+00   .000E+00   .996E+00   .000E+00   .707E-02   .000E+00   .000E+00   .000E+00    5064  -.5683E+02
     375.00000   .180E+00  -.110E-02   .731E+02  -.329E-01   .000E+00   .000E+00   .994E+00   .000E+00   .814E-02   .000E+00   .000E+00   .000E+00    5155  -.5749E+02
     380.00000   .230E+00  -.133E-02   .737E+02  -.390E-01   .000E+00   .000E+00   .992E+00   .000E+00   .940E-02   .000E+00   .000E+00   .000E+00    5226  -.5810E+02
     385.00000   .366E-16  -.155E-02   .739E+02  -.463E-01   .000E+00   .000E+00   .985E+00   .000E+00   .109E-01   .000E+00   .000E+00   .000E+00    5258  -.5868E+02
     390.00000   .480E+00  -.171E-02   .758E+02  -.544E-01   .000E+00   .000E+00   .995E+00   .000E+00   .125E-01   .000E+00   .000E+00   .000E+00    5368  -.5937E+02
     395.00000   .140E+00  -.219E-02   .762E+02  -.640E-01   .000E+00   .000E+00   .991E+00   .000E+00   .143E-01   .000E+00   .000E+00   .000E+00    5439  -.6010E+02
     400.00000   .800E-01  -.282E-02   .783E+02  -.766E-01   .000E+00   .000E+00   .998E+00   .000E+00   .166E-01   .000E+00   .000E+00   .000E+00    5532  -.6113E+02
     405.00000   .270E+00  -.544E-02   .804E+02  -.965E-01   .000E+00   .000E+00   .996E+00   .000E+00   .203E-01   .000E+00   .000E+00   .000E+00    5623  -.6239E+02
     410.00000   .347E-15  -.925E-02   .826E+02  -.132E+00   .000E+00   .000E+00   .998E+00   .000E+00   .265E-01   .000E+00   .000E+00   .000E+00    5698  -.6392E+02
     415.00000   .870E+00  -.129E-01   .847E+02  -.191E+00   .000E+00   .000E+00   .999E+00   .000E+00   .362E-01   .000E+00   .000E+00   .000E+00    5808  -.6528E+02
     420.00000   .280E+00  -.316E-01   .879E+02  -.282E+00   .000E+00   .000E+00   .995E+00   .000E+00   .496E-01   .000E+00   .000E+00   .000E+00    5919  -.6736E+02
     425.00000   .100E+01  -.302E-01   .890E+02  -.445E+00   .000E+00   .000E+00   .997E+00   .000E+00   .716E-01   .000E+00   .000E+00   .000E+00    6010  -.6878E+02
     430.00000   .520E+00  -.258E-01   .898E+02  -.581E+00   .000E+00   .000E+00   .995E+00   .000E+00   .873E-01   .000E+00   .000E+00   .000E+00    6081  -.6984E+02
     435.00000   .200E-01  -.276E-01   .909E+02  -.714E+00   .000E+00   .000E+00   .993E+00   .000E+00   .102E+00   .000E+00   .000E+00   .000E+00    6111  -.7091E+02
     440.00000   .500E-02  -.277E-01   .911E+02  -.856E+00   .000E+00   .000E+00   .989E+00   .000E+00   .116E+00   .000E+00   .000E+00   .000E+00    6182  -.7168E+02
     445.00000   .500E-02  -.239E-01   .924E+02  -.983E+00   .000E+00   .000E+00   .991E+00   .000E+00   .128E+00   .000E+00   .000E+00   .000E+00    6292  -.7240E+02
     450.00000   .300E-01  -.282E-01   .952E+02  -.111E+01   .000E+00   .000E+00   .992E+00   .000E+00   .139E+00   .000E+00   .000E+00   .000E+00    6403  -.7346E+02
     455.00000   .470E+00  -.504E-01   .966E+02  -.132E+01   .000E+00   .000E+00   .996E+00   .000E+00   .157E+00   .000E+00   .000E+00   .000E+00    6475  -.7456E+02
     460.00000   .330E+00  -.558E-01   .980E+02  -.158E+01   .000E+00   .000E+00   .994E+00   .000E+00   .178E+00   .000E+00   .000E+00   .000E+00    6546  -.7563E+02
     465.00000   .170E+00  -.575E-01   .988E+02  -.186E+01   .000E+00   .000E+00   .992E+00   .000E+00   .199E+00   .000E+00   .000E+00   .000E+00    6618  -.7655E+02
     470.00000   .330E+00  -.552E-01   .100E+03  -.214E+01   .000E+00   .000E+00   .994E+00   .000E+00   .218E+00   .000E+00   .000E+00   .000E+00    6709  -.7742E+02
     475.00000   .340E+00  -.615E-01   .101E+03  -.244E+01   .000E+00   .000E+00   .993E+00   .000E+00   .236E+00   .000E+00   .000E+00   .000E+00    6781  -.7825E+02
     480.00000   .107E+01  -.629E-01   .104E+03  -.274E+01   .000E+00   .000E+00   .998E+00   .000E+00   .253E+00   .000E+00   .000E+00   .000E+00    6891  -.7922E+02
     485.00000   .130E+00  -.109E+00   .106E+03  -.316E+01   .000E+00   .000E+00   .994E+00   .000E+00   .275E+00   .000E+00   .000E+00   .000E+00    6982  -.8045E+02
     490.00000   .000E+00  -.119E+00   .107E+03  -.376E+01   .000E+00   .000E+00   .992E+00   .000E+00   .305E+00   .000E+00   .000E+00   .000E+00    7034  -.8154E+02
     495.00000   .170E+00  -.894E-01   .107E+03  -.427E+01   .000E+00   .000E+00   .992E+00   .000E+00   .328E+00   .000E+00   .000E+00   .000E+00    7124  -.8224E+02
     500.00000   .440E+00  -.720E-01   .108E+03  -.467E+01   .000E+00   .000E+00   .992E+00   .000E+00   .343E+00   .000E+00   .000E+00   .000E+00    7195  -.8278E+02
     505.00000   .500E-02  -.573E-01   .108E+03  -.499E+01   .000E+00   .000E+00   .983E+00   .000E+00   .354E+00   .000E+00   .000E+00   .000E+00    7247  -.8322E+02
     510.00000   .513E-15  -.535E-01   .109E+03  -.526E+01   .000E+00   .000E+00   .988E+00   .000E+00   .361E+00   .000E+00   .000E+00   .000E+00    7300  -.8380E+02
     515.00000   .500E-02  -.564E-01   .110E+03  -.554E+01   .000E+00   .000E+00   .987E+00   .000E+00   .369E+00   .000E+00   .000E+00   .000E+00    7371  -.8424E+02
     520.00000   .122E-15  -.540E-01   .110E+03  -.581E+01   .000E+00   .000E+00   .980E+00   .000E+00   .376E+00   .000E+00   .000E+00   .000E+00    7380  -.8461E+02
     525.00000   .367E-15  -.483E-01   .110E+03  -.607E+01   .000E+00   .000E+00   .973E+00   .000E+00   .383E+00   .000E+00   .000E+00   .000E+00    7385  -.8491E+02
     530.00000   .365E-15  -.413E-01   .110E+03  -.629E+01   .000E+00   .000E+00   .979E+00   .000E+00   .388E+00   .000E+00   .000E+00   .000E+00    7416  -.8523E+02
     535.00000   .000E+00  -.347E-01   .110E+03  -.648E+01   .000E+00   .000E+00   .973E+00   .000E+00   .391E+00   .000E+00   .000E+00   .000E+00    7445  -.8548E+02
     540.00000   .220E+00  -.302E-01   .110E+03  -.664E+01   .000E+00   .000E+00   .977E+00   .000E+00   .394E+00   .000E+00   .000E+00   .000E+00    7516  -.8571E+02
     545.00000   .143E+01  -.279E-01   .113E+03  -.678E+01   .000E+00   .000E+00   .995E+00   .000E+00   .395E+00   .000E+00   .000E+00   .000E+00    7609  -.8613E+02
     550.00000   .600E-01  -.692E-01   .117E+03  -.695E+01   .000E+00   .000E+00   .993E+00   .000E+00   .393E+00   .000E+00   .000E+00   .000E+00    7721  -.8751E+02
     555.00000   .300E-01  -.170E+00   .118E+03  -.776E+01   .000E+00   .000E+00   .987E+00   .000E+00   .417E+00   .000E+00   .000E+00   .000E+00    7792  -.8839E+02
     560.00000   .250E+01  -.112E+00   .120E+03  -.844E+01   .000E+00   .000E+00   .998E+00   .000E+00   .432E+00   .000E+00   .000E+00   .000E+00    7850  -.8903E+02
     565.00000   .880E+00  -.235E+00   .123E+03  -.923E+01   .000E+00   .000E+00   .996E+00   .000E+00   .444E+00   .000E+00   .000E+00   .000E+00    7942  -.9040E+02
     570.00000   .154E+01  -.186E+00   .125E+03  -.103E+02   .000E+00   .000E+00   .999E+00   .000E+00   .464E+00   .000E+00   .000E+00   .000E+00    7996  -.9133E+02
     575.00000   .110E+00  -.204E+00   .126E+03  -.112E+02   .000E+00   .000E+00   .995E+00   .000E+00   .475E+00   .000E+00   .000E+00   .000E+00    8069  -.9233E+02
     580.00000   .527E-16  -.149E+00   .126E+03  -.121E+02   .000E+00   .000E+00   .988E+00   .000E+00   .487E+00   .000E+00   .000E+00   .000E+00    8079  -.9290E+02
     585.00000   .290E+00  -.108E+00   .129E+03  -.127E+02   .000E+00   .000E+00   .995E+00   .000E+00   .493E+00   .000E+00   .000E+00   .000E+00    8171  -.9349E+02
     590.00000   .900E-01  -.130E+00   .130E+03  -.133E+02   .000E+00   .000E+00   .991E+00   .000E+00   .495E+00   .000E+00   .000E+00   .000E+00    8262  -.9416E+02
     595.00000   .240E+00  -.127E+00   .131E+03  -.140E+02   .000E+00   .000E+00   .996E+00   .000E+00   .501E+00   .000E+00   .000E+00   .000E+00    8354  -.9475E+02
     600.00000   .230E+00  -.115E+00   .131E+03  -.146E+02   .000E+00   .000E+00   .993E+00   .000E+00   .504E+00   .000E+00   .000E+00   .000E+00    8445  -.9527E+02
     605.00000   .203E-15  -.102E+00   .131E+03  -.151E+02   .000E+00   .000E+00   .985E+00   .000E+00   .507E+00   .000E+00   .000E+00   .000E+00    8475  -.9566E+02
     610.00000   .500E-02  -.782E-01   .131E+03  -.156E+02   .000E+00   .000E+00   .979E+00   .000E+00   .509E+00   .000E+00   .000E+00   .000E+00    8501  -.9596E+02
     615.00000   .500E-02  -.666E-01   .132E+03  -.159E+02   .000E+00   .000E+00   .984E+00   .000E+00   .510E+00   .000E+00   .000E+00   .000E+00    8553  -.9627E+02
     620.00000   .131E+01  -.564E-01   .134E+03  -.162E+02   .000E+00   .000E+00   .997E+00   .000E+00   .510E+00   .000E+00   .000E+00   .000E+00    8663  -.9665E+02
     625.00000   .137E-14  -.907E-01   .137E+03  -.165E+02   .000E+00   .000E+00   .992E+00   .000E+00   .505E+00   .000E+00   .000E+00   .000E+00    8737  -.9770E+02
     630.00000   .267E-15  -.173E+00   .137E+03  -.173E+02   .000E+00   .000E+00   .983E+00   .000E+00   .512E+00   .000E+00   .000E+00   .000E+00    8768  -.9830E+02
     635.00000   .000E+00  -.127E+00   .137E+03  -.181E+02   .000E+00   .000E+00   .976E+00   .000E+00   .517E+00   .000E+00   .000E+00   .000E+00    8775  -.9867E+02
     640.00000   .132E+01  -.863E-01   .140E+03  -.186E+02   .000E+00   .000E+00   .997E+00   .000E+00   .519E+00   .000E+00   .000E+00   .000E+00    8845  -.9919E+02
     645.00000   .500E-02  -.134E+00   .142E+03  -.191E+02   .000E+00   .000E+00   .993E+00   .000E+00   .516E+00   .000E+00   .000E+00   .000E+00    8955  -.1000E+03
     650.00000   .539E-15  -.158E+00   .142E+03  -.199E+02   .000E+00   .000E+00   .984E+00   .000E+00   .521E+00   .000E+00   .000E+00   .000E+00    8966  -.1006E+03
     655.00000   .329E-15  -.121E+00   .142E+03  -.206E+02   .000E+00   .000E+00   .980E+00   .000E+00   .525E+00   .000E+00   .000E+00   .000E+00    9017  -.1009E+03
     660.00000   .130E+00  -.888E-01   .145E+03  -.211E+02   .000E+00   .000E+00   .992E+00   .000E+00   .526E+00   .000E+00   .000E+00   .000E+00    9107  -.1016E+03
     665.00000   .130E+00  -.135E+00   .146E+03  -.216E+02   .000E+00   .000E+00   .992E+00   .000E+00   .525E+00   .000E+00   .000E+00   .000E+00    9217  -.1022E+03
     670.00000   .000E+00  -.125E+00   .146E+03  -.223E+02   .000E+00   .000E+00   .991E+00   .000E+00   .528E+00   .000E+00   .000E+00   .000E+00    9269  -.1026E+03
     675.00000   .800E-01  -.117E+00   .148E+03  -.229E+02   .000E+00   .000E+00   .992E+00   .000E+00   .529E+00   .000E+00   .000E+00   .000E+00    9362  -.1033E+03
     680.00000   .500E-02  -.128E+00   .149E+03  -.235E+02   .000E+00   .000E+00   .992E+00   .000E+00   .530E+00   .000E+00   .000E+00   .000E+00    9452  -.1038E+03
     685.00000   .500E+00  -.125E+00   .150E+03  -.241E+02   .000E+00   .000E+00   .997E+00   .000E+00   .532E+00   .000E+00   .000E+00   .000E+00    9544  -.1044E+03
     690.00000   .800E+00  -.129E+00   .153E+03  -.248E+02   .000E+00   .000E+00   .997E+00   .000E+00   .533E+00   .000E+00   .000E+00   .000E+00    9654  -.1051E+03
     695.00000   .486E-15  -.144E+00   .153E+03  -.255E+02   .000E+00   .000E+00   .993E+00   .000E+00   .534E+00   .000E+00   .000E+00   .000E+00    9687  -.1057E+03
     700.00000   .200E+00  -.119E+00   .153E+03  -.261E+02   .000E+00   .000E+00   .993E+00   .000E+00   .537E+00   .000E+00   .000E+00   .000E+00    9738  -.1061E+03
     705.00000   .330E+00  -.110E+00   .156E+03  -.267E+02   .000E+00   .000E+00   .995E+00   .000E+00   .537E+00   .000E+00   .000E+00   .000E+00    9848  -.1068E+03
     710.00000   .000E+00  -.142E+00   .156E+03  -.273E+02   .000E+00   .000E+00   .987E+00   .000E+00   .538E+00   .000E+00   .000E+00   .000E+00    9878  -.1073E+03
     715.00000   .527E-16  -.118E+00   .156E+03  -.280E+02   .000E+00   .000E+00   .981E+00   .000E+00   .541E+00   .000E+00   .000E+00   .000E+00    9930  -.1077E+03
     720.00000   .600E-01  -.842E-01   .157E+03  -.285E+02   .000E+00   .000E+00   .989E+00   .000E+00   .542E+00   .000E+00   .000E+00   .000E+00   10022  -.1080E+03
     725.00000   .500E-02  -.733E-01   .157E+03  -.289E+02   .000E+00   .000E+00   .983E+00   .000E+00   .541E+00   .000E+00   .000E+00   .000E+00   10054  -.1083E+03
     730.00000   .500E-02  -.626E-01   .157E+03  -.292E+02   .000E+00   .000E+00   .986E+00   .000E+00   .540E+00   .000E+00   .000E+00   .000E+00   10125  -.1086E+03
     735.00000   .500E-02  -.531E-01   .157E+03  -.295E+02   .000E+00   .000E+00   .984E+00   .000E+00   .539E+00   .000E+00   .000E+00   .000E+00   10235  -.1088E+03
     740.00000   .000E+00  -.466E-01   .157E+03  -.297E+02   .000E+00   .000E+00   .977E+00   .000E+00   .537E+00   .000E+00   .000E+00   .000E+00   10267  -.1090E+03
     745.00000   .700E-01  -.416E-01   .157E+03  -.300E+02   .000E+00   .000E+00   .974E+00   .000E+00   .536E+00   .000E+00   .000E+00   .000E+00   10294  -.1092E+03
     750.00000   .130E+00  -.384E-01   .158E+03  -.302E+02   .000E+00   .000E+00   .978E+00   .000E+00   .534E+00   .000E+00   .000E+00   .000E+00   10385  -.1094E+03
     755.00000   .340E+00  -.352E-01   .160E+03  -.303E+02   .000E+00   .000E+00   .991E+00   .000E+00   .532E+00   .000E+00   .000E+00   .000E+00   10495  -.1098E+03
     760.00000   .180E+00  -.400E-01   .162E+03  -.305E+02   .000E+00   .000E+00   .992E+00   .000E+00   .528E+00   .000E+00   .000E+00   .000E+00   10587  -.1105E+03
     765.00000   .170E+00  -.829E-01   .162E+03  -.308E+02   .000E+00   .000E+00   .992E+00   .000E+00   .523E+00   .000E+00   .000E+00   .000E+00   10678  -.1109E+03
     770.00000   .000E+00  -.959E-01   .162E+03  -.313E+02   .000E+00   .000E+00   .985E+00   .000E+00   .525E+00   .000E+00   .000E+00   .000E+00   10730  -.1113E+03
     775.00000   .300E-01  -.809E-01   .163E+03  -.317E+02   .000E+00   .000E+00   .982E+00   .000E+00   .526E+00   .000E+00   .000E+00   .000E+00   10799  -.1116E+03
     780.00000   .500E-02  -.707E-01   .164E+03  -.321E+02   .000E+00   .000E+00   .990E+00   .000E+00   .526E+00   .000E+00   .000E+00   .000E+00   10909  -.1120E+03
     785.00000   .500E-02  -.723E-01   .165E+03  -.325E+02   .000E+00   .000E+00   .989E+00   .000E+00   .524E+00   .000E+00   .000E+00   .000E+00   10981  -.1125E+03
     790.00000   .500E-02  -.774E-01   .165E+03  -.329E+02   .000E+00   .000E+00   .982E+00   .000E+00   .523E+00   .000E+00   .000E+00   .000E+00   11013  -.1128E+03
     795.00000   .000E+00  -.726E-01   .166E+03  -.332E+02   .000E+00   .000E+00   .994E+00   .000E+00   .523E+00   .000E+00   .000E+00   .000E+00   11105  -.1132E+03
     800.00000   .370E+00  -.707E-01   .167E+03  -.336E+02   .000E+00   .000E+00   .993E+00   .000E+00   .522E+00   .000E+00   .000E+00   .000E+00   11195  -.1135E+03
     805.00000   .400E+00  -.680E-01   .167E+03  -.339E+02   .000E+00   .000E+00   .993E+00   .000E+00   .521E+00   .000E+00   .000E+00   .000E+00   11267  -.1139E+03
     810.00000   .130E+00  -.661E-01   .168E+03  -.343E+02   .000E+00   .000E+00   .991E+00   .000E+00   .519E+00   .000E+00   .000E+00   .000E+00   11358  -.1143E+03
     815.00000   .180E+00  -.696E-01   .169E+03  -.346E+02   .000E+00   .000E+00   .992E+00   .000E+00   .518E+00   .000E+00   .000E+00   .000E+00   11449  -.1147E+03
     820.00000   .186E-15  -.711E-01   .169E+03  -.350E+02   .000E+00   .000E+00   .984E+00   .000E+00   .517E+00   .000E+00   .000E+00   .000E+00   11479  -.1150E+03
     825.00000   .480E-15  -.674E-01   .169E+03  -.353E+02   .000E+00   .000E+00   .978E+00   .000E+00   .516E+00   .000E+00   .000E+00   .000E+00   11509  -.1153E+03
     830.00000   .160E-15  -.593E-01   .169E+03  -.356E+02   .000E+00   .000E+00   .971E+00   .000E+00   .515E+00   .000E+00   .000E+00   .000E+00   11514  -.1155E+03
     835.00000   .321E-15  -.495E-01   .169E+03  -.359E+02   .000E+00   .000E+00   .966E+00   .000E+00   .514E+00   .000E+00   .000E+00   .000E+00   11519  -.1157E+03
     840.00000   .000E+00  -.403E-01   .169E+03  -.361E+02   .000E+00   .000E+00   .968E+00   .000E+00   .512E+00   .000E+00   .000E+00   .000E+00   11549  -.1159E+03
     845.00000   .000E+00  -.363E-01   .171E+03  -.363E+02   .000E+00   .000E+00   .992E+00   .000E+00   .510E+00   .000E+00   .000E+00   .000E+00   11641  -.1162E+03
     850.00000   .252E-15  -.348E-01   .171E+03  -.365E+02   .000E+00   .000E+00   .986E+00   .000E+00   .508E+00   .000E+00   .000E+00   .000E+00   11692  -.1166E+03
     855.00000   .889E-17  -.400E-01   .171E+03  -.367E+02   .000E+00   .000E+00   .978E+00   .000E+00   .504E+00   .000E+00   .000E+00   .000E+00   11697  -.1169E+03
     860.00000   .000E+00  -.448E-01   .171E+03  -.369E+02   .000E+00   .000E+00   .976E+00   .000E+00   .502E+00   .000E+00   .000E+00   .000E+00   11725  -.1171E+03
     865.00000   .103E+01  -.416E-01   .173E+03  -.371E+02   .000E+00   .000E+00   .993E+00   .000E+00   .501E+00   .000E+00   .000E+00   .000E+00   11778  -.1174E+03
     870.00000   .117E-14  -.960E-01   .177E+03  -.374E+02   .000E+00   .000E+00   .992E+00   .000E+00   .493E+00   .000E+00   .000E+00   .000E+00   11837  -.1189E+03
     875.00000   .800E-01  -.199E+00   .180E+03  -.382E+02   .000E+00   .000E+00   .994E+00   .000E+00   .498E+00   .000E+00   .000E+00   .000E+00   11928  -.1199E+03
     880.00000   .000E+00  -.219E+00   .181E+03  -.393E+02   .000E+00   .000E+00   .994E+00   .000E+00   .502E+00   .000E+00   .000E+00   .000E+00   11981  -.1208E+03
     885.00000   .300E-01  -.149E+00   .181E+03  -.403E+02   .000E+00   .000E+00   .988E+00   .000E+00   .506E+00   .000E+00   .000E+00   .000E+00   12031  -.1212E+03
     890.00000   .500E-02  -.110E+00   .181E+03  -.409E+02   .000E+00   .000E+00   .982E+00   .000E+00   .506E+00   .000E+00   .000E+00   .000E+00   12063  -.1215E+03
     895.00000   .110E+01  -.772E-01   .183E+03  -.413E+02   .000E+00   .000E+00   .999E+00   .000E+00   .506E+00   .000E+00   .000E+00   .000E+00   12135  -.1220E+03
     900.00000   .830E+00  -.131E+00   .188E+03  -.418E+02   .000E+00   .000E+00   .998E+00   .000E+00   .500E+00   .000E+00   .000E+00   .000E+00   12245  -.1233E+03
     905.00000   .543E-15  -.257E+00   .189E+03  -.430E+02   .000E+00   .000E+00   .989E+00   .000E+00   .505E+00   .000E+00   .000E+00   .000E+00   12316  -.1242E+03
     910.00000   .570E+00  -.217E+00   .194E+03  -.440E+02   .000E+00   .000E+00   .996E+00   .000E+00   .507E+00   .000E+00   .000E+00   .000E+00   12427  -.1254E+03
     915.00000   .211E-15  -.267E+00   .194E+03  -.456E+02   .000E+00   .000E+00   .986E+00   .000E+00   .514E+00   .000E+00   .000E+00   .000E+00   12459  -.1263E+03
     920.00000   .176E-15  -.150E+00   .194E+03  -.466E+02   .000E+00   .000E+00   .978E+00   .000E+00   .517E+00   .000E+00   .000E+00   .000E+00   12469  -.1267E+03
     925.00000   .568E-15  -.107E+00   .194E+03  -.472E+02   .000E+00   .000E+00   .972E+00   .000E+00   .517E+00   .000E+00   .000E+00   .000E+00   12474  -.1270E+03
     930.00000   .378E-15  -.763E-01   .194E+03  -.477E+02   .000E+00   .000E+00   .966E+00   .000E+00   .516E+00   .000E+00   .000E+00   .000E+00   12504  -.1272E+03
     935.00000   .230E+00  -.609E-01   .195E+03  -.480E+02   .000E+00   .000E+00   .989E+00   .000E+00   .514E+00   .000E+00   .000E+00   .000E+00   12595  -.1275E+03
     940.00000   .500E-02  -.551E-01   .197E+03  -.483E+02   .000E+00   .000E+00   .993E+00   .000E+00   .511E+00   .000E+00   .000E+00   .000E+00   12669  -.1282E+03
     945.00000   .820E+00  -.857E-01   .198E+03  -.486E+02   .000E+00   .000E+00   .995E+00   .000E+00   .507E+00   .000E+00   .000E+00   .000E+00   12721  -.1287E+03
     950.00000   .000E+00  -.997E-01   .198E+03  -.491E+02   .000E+00   .000E+00   .989E+00   .000E+00   .506E+00   .000E+00   .000E+00   .000E+00   12812  -.1291E+03
     955.00000   .500E-02  -.936E-01   .199E+03  -.496E+02   .000E+00   .000E+00   .985E+00   .000E+00   .506E+00   .000E+00   .000E+00   .000E+00   12903  -.1295E+03
     960.00000   .840E+00  -.763E-01   .200E+03  -.500E+02   .000E+00   .000E+00   .994E+00   .000E+00   .506E+00   .000E+00   .000E+00   .000E+00   12974  -.1299E+03
     965.00000   .000E+00  -.717E-01   .200E+03  -.504E+02   .000E+00   .000E+00   .994E+00   .000E+00   .505E+00   .000E+00   .000E+00   .000E+00   13027  -.1303E+03
     970.00000   .464E-15  -.712E-01   .201E+03  -.507E+02   .000E+00   .000E+00   .991E+00   .000E+00   .503E+00   .000E+00   .000E+00   .000E+00   13078  -.1308E+03
     975.00000   .755E-15  -.751E-01   .202E+03  -.511E+02   .000E+00   .000E+00   .992E+00   .000E+00   .501E+00   .000E+00   .000E+00   .000E+00   13169  -.1313E+03
     980.00000   .511E-15  -.822E-01   .202E+03  -.515E+02   .000E+00   .000E+00   .983E+00   .000E+00   .500E+00   .000E+00   .000E+00   .000E+00   13176  -.1316E+03
     985.00000   .662E-15  -.741E-01   .202E+03  -.519E+02   .000E+00   .000E+00   .977E+00   .000E+00   .499E+00   .000E+00   .000E+00   .000E+00   13181  -.1319E+03
     990.00000   .180E-15  -.629E-01   .202E+03  -.522E+02   .000E+00   .000E+00   .971E+00   .000E+00   .499E+00   .000E+00   .000E+00   .000E+00   13211  -.1321E+03
     995.00000   .500E-02  -.515E-01   .202E+03  -.525E+02   .000E+00   .000E+00   .965E+00   .000E+00   .498E+00   .000E+00   .000E+00   .000E+00   13237  -.1323E+03
    1000.00000   .320E+00  -.415E-01   .203E+03  -.527E+02   .000E+00   .000E+00   .985E+00   .000E+00   .496E+00   .000E+00   .000E+00   .000E+00   13309  -.1326E+03
    1005.00000   .553E-16  -.373E-01   .203E+03  -.529E+02   .000E+00   .000E+00   .977E+00   .000E+00   .494E+00   .000E+00   .000E+00   .000E+00   13339  -.1328E+03
    1010.00000   .242E-15  -.357E-01   .204E+03  -.531E+02   .000E+00   .000E+00   .987E+00   .000E+00   .491E+00   .000E+00   .000E+00   .000E+00   13391  -.1332E+03
    1015.00000   .000E+00  -.366E-01   .204E+03  -.533E+02   .000E+00   .000E+00   .981E+00   .000E+00   .489E+00   .000E+00   .000E+00   .000E+00   13421  -.1334E+03
    1020.00000   .500E-01  -.378E-01   .206E+03  -.535E+02   .000E+00   .000E+00   .986E+00   .000E+00   .486E+00   .000E+00   .000E+00   .000E+00   13493  -.1338E+03
    1025.00000   .441E-15  -.431E-01   .206E+03  -.537E+02   .000E+00   .000E+00   .985E+00   .000E+00   .483E+00   .000E+00   .000E+00   .000E+00   13584  -.1341E+03
    1030.00000   .000E+00  -.471E-01   .206E+03  -.539E+02   .000E+00   .000E+00   .978E+00   .000E+00   .482E+00   .000E+00   .000E+00   .000E+00   13591  -.1344E+03
    1035.00000   .204E-15  -.453E-01   .206E+03  -.541E+02   .000E+00   .000E+00   .975E+00   .000E+00   .480E+00   .000E+00   .000E+00   .000E+00   13620  -.1346E+03
    1040.00000   .500E-02  -.397E-01   .207E+03  -.544E+02   .000E+00   .000E+00   .982E+00   .000E+00   .479E+00   .000E+00   .000E+00   .000E+00   13668  -.1348E+03
    1045.00000   .768E-16  -.367E-01   .208E+03  -.545E+02   .000E+00   .000E+00   .984E+00   .000E+00   .477E+00   .000E+00   .000E+00   .000E+00   13740  -.1353E+03
    1050.00000   .800E-01  -.442E-01   .208E+03  -.547E+02   .000E+00   .000E+00   .986E+00   .000E+00   .474E+00   .000E+00   .000E+00   .000E+00   13850  -.1356E+03
    1055.00000   .470E+00  -.620E-01   .213E+03  -.550E+02   .000E+00   .000E+00   .995E+00   .000E+00   .471E+00   .000E+00   .000E+00   .000E+00   13962  -.1367E+03
    1060.00000   .270E+00  -.159E+00   .214E+03  -.556E+02   .000E+00   .000E+00   .993E+00   .000E+00   .470E+00   .000E+00   .000E+00   .000E+00   14053  -.1374E+03
    1065.00000   .000E+00  -.136E+00   .215E+03  -.563E+02   .000E+00   .000E+00   .994E+00   .000E+00   .474E+00   .000E+00   .000E+00   .000E+00   14145  -.1381E+03
    1070.00000   .500E-02  -.119E+00   .215E+03  -.570E+02   .000E+00   .000E+00   .985E+00   .000E+00   .475E+00   .000E+00   .000E+00   .000E+00   14173  -.1385E+03
    1075.00000   .500E-02  -.879E-01   .215E+03  -.575E+02   .000E+00   .000E+00   .987E+00   .000E+00   .476E+00   .000E+00   .000E+00   .000E+00   14264  -.1388E+03
    1080.00000   .000E+00  -.707E-01   .215E+03  -.579E+02   .000E+00   .000E+00   .981E+00   .000E+00   .475E+00   .000E+00   .000E+00   .000E+00   14294  -.1391E+03
    1085.00000   .700E-01  -.606E-01   .216E+03  -.582E+02   .000E+00   .000E+00   .987E+00   .000E+00   .474E+00   .000E+00   .000E+00   .000E+00   14383  -.1394E+03
    1090.00000   .500E-02  -.537E-01   .216E+03  -.585E+02   .000E+00   .000E+00   .981E+00   .000E+00   .472E+00   .000E+00   .000E+00   .000E+00   14434  -.1397E+03
    1095.00000   .250E-02  -.494E-01   .216E+03  -.587E+02   .000E+00   .000E+00   .975E+00   .000E+00   .471E+00   .000E+00   .000E+00   .000E+00   14443  -.1399E+03
end
