 All solute fluxes and cumulative solute fluxes are positive into the region

       Time       cvTop      cvBot    Sum(cvTop) Sum(cvBot)   cvCh0      cvCh1       cTop      cRoot       cBot      cvRoot   Sum(cvRoot) Sum(cvNEql) TLevel   PhrExch
        [T]      [M/L2/T]   [M/L2/T]    [M/L2]     [M/L2]     [M/L2]     [M/L2]      [M/L3]    [M/L3]      [M/L3]   [M/L2/T]    [M/L2]      [M/L2]              [M/L2]
       5.00000   .000E+00  -.310E-07   .352E-07  -.156E-06   .000E+00   .000E+00   .201E-06   .000E+00   .200E-06   .000E+00   .000E+00   .000E+00      52  -.2833E-08
      10.00000   .357E-07  -.289E-07   .720E-07  -.306E-06   .000E+00   .000E+00   .201E-06   .000E+00   .200E-06   .000E+00   .000E+00   .000E+00     102  -.2264E-08
      15.00000   .674E-07  -.253E-07   .272E-06  -.442E-06   .000E+00   .000E+00   .201E-06   .000E+00   .200E-06   .000E+00   .000E+00   .000E+00     212   .5105E-09
      20.00000   .992E-09  -.231E-07   .405E-06  -.561E-06   .000E+00   .000E+00   .201E-06   .000E+00   .200E-06   .000E+00   .000E+00   .000E+00     322   .2419E-08
      25.00000   .992E-09  -.247E-07   .502E-06  -.680E-06   .000E+00   .000E+00   .200E-06   .000E+00   .200E-06   .000E+00   .000E+00   .000E+00     376  -.6286E-08
      30.00000   .397E-08  -.252E-07   .634E-06  -.806E-06   .000E+00   .000E+00   .200E-06   .000E+00   .200E-06   .000E+00   .000E+00   .000E+00     466  -.4348E-08
      35.00000   .000E+00  -.247E-07   .851E-06  -.930E-06   .000E+00   .000E+00   .200E-06   .000E+00   .200E-06   .000E+00   .000E+00   .000E+00     557  -.3897E-08
      40.00000   .167E-06  -.267E-07   .123E-05  -.106E-05   .000E+00   .000E+00   .200E-06   .000E+00   .200E-06   .000E+00   .000E+00   .000E+00     667   .2214E-08
      45.00000   .944E-22  -.428E-07   .159E-05  -.122E-05   .000E+00   .000E+00   .200E-06   .000E+00   .200E-06   .000E+00   .000E+00   .000E+00     739  -.3140E-08
      50.00000   .635E-07  -.935E-07   .223E-05  -.153E-05   .000E+00   .000E+00   .200E-06   .000E+00   .200E-06   .000E+00   .000E+00   .000E+00     851   .7744E-08
      55.00000   .992E-09  -.766E-07   .226E-05  -.199E-05   .000E+00   .000E+00   .200E-06   .000E+00   .200E-06   .000E+00   .000E+00   .000E+00     924   .1082E-08
      60.00000   .000E+00  -.509E-07   .233E-05  -.229E-05   .000E+00   .000E+00   .200E-06   .000E+00   .200E-06   .000E+00   .000E+00   .000E+00     976   .3725E-08
      65.00000   .328E-22  -.379E-07   .233E-05  -.250E-05   .000E+00   .000E+00   .200E-06   .000E+00   .200E-06   .000E+00   .000E+00   .000E+00    1006   .5681E-08
      70.00000   .147E-06  -.286E-07   .250E-05  -.266E-05   .000E+00   .000E+00   .200E-06   .000E+00   .200E-06   .000E+00   .000E+00   .000E+00    1053   .1011E-07
      75.00000   .992E-09  -.274E-07   .293E-05  -.280E-05   .000E+00   .000E+00   .200E-06   .000E+00   .200E-06   .000E+00   .000E+00   .000E+00    1163   .1686E-07
      80.00000   .589E-22  -.408E-07   .301E-05  -.297E-05   .000E+00   .000E+00   .200E-06   .000E+00   .200E-06   .000E+00   .000E+00   .000E+00    1214   .1809E-07
      85.00000   .109E-21  -.365E-07   .307E-05  -.317E-05   .000E+00   .000E+00   .200E-06   .000E+00   .200E-06   .000E+00   .000E+00   .000E+00    1284   .1884E-07
      90.00000   .175E-06  -.299E-07   .334E-05  -.333E-05   .000E+00   .000E+00   .200E-06   .000E+00   .200E-06   .000E+00   .000E+00   .000E+00    1394   .2197E-07
      95.00000   .000E+00  -.283E-07   .337E-05  -.347E-05   .000E+00   .000E+00   .200E-06   .000E+00   .200E-06   .000E+00   .000E+00   .000E+00    1445   .2290E-07
     100.00000   .992E-09  -.283E-07   .337E-05  -.362E-05   .000E+00   .000E+00   .200E-06   .000E+00   .200E-06   .000E+00   .000E+00   .000E+00    1471   .2318E-07
     105.00000   .147E-06  -.257E-07   .387E-05  -.375E-05   .000E+00   .000E+00   .200E-06   .000E+00   .200E-06   .000E+00   .000E+00   .000E+00    1562   .3268E-07
     110.00000   .159E-07  -.317E-07   .403E-05  -.389E-05   .000E+00   .000E+00   .200E-06   .000E+00   .200E-06   .000E+00   .000E+00   .000E+00    1672   .3673E-07
     115.00000   .118E-21  -.538E-07   .446E-05  -.410E-05   .000E+00   .000E+00   .200E-06   .000E+00   .200E-06   .000E+00   .000E+00   .000E+00    1765   .3921E-07
     120.00000   .992E-09  -.598E-07   .465E-05  -.440E-05   .000E+00   .000E+00   .200E-06   .000E+00   .200E-06   .000E+00   .000E+00   .000E+00    1817   .2123E-07
     125.00000   .436E-07  -.494E-07   .480E-05  -.467E-05   .000E+00   .000E+00   .200E-06   .000E+00   .200E-06   .000E+00   .000E+00   .000E+00    1908   .2442E-07
     130.00000   .119E-07  -.390E-07   .504E-05  -.489E-05   .000E+00   .000E+00   .200E-06   .000E+00   .200E-06   .000E+00   .000E+00   .000E+00    1999   .2374E-07
     135.00000   .595E-07  -.381E-07   .530E-05  -.508E-05   .000E+00   .000E+00   .200E-06   .000E+00   .201E-06   .000E+00   .000E+00   .000E+00    2090   .2762E-07
     140.00000   .151E-22  -.522E-07   .584E-05  -.529E-05   .000E+00   .000E+00   .200E-06   .000E+00   .201E-06   .000E+00   .000E+00   .000E+00    2182   .1560E-07
     145.00000   .139E-07  -.656E-07   .592E-05  -.562E-05   .000E+00   .000E+00   .200E-06   .000E+00   .201E-06   .000E+00   .000E+00   .000E+00    2253   .1608E-07
     150.00000   .184E-06  -.518E-07   .627E-05  -.590E-05   .000E+00   .000E+00   .200E-06   .000E+00   .201E-06   .000E+00   .000E+00   .000E+00    2363   .2075E-07
     155.00000   .674E-07  -.558E-07   .678E-05  -.616E-05   .000E+00   .000E+00   .200E-06   .000E+00   .202E-06   .000E+00   .000E+00   .000E+00    2454   .2659E-07
     160.00000   .656E-22  -.739E-07   .680E-05  -.652E-05   .000E+00   .000E+00   .200E-06   .000E+00   .202E-06   .000E+00   .000E+00   .000E+00    2505   .2879E-07
     165.00000   .297E-07  -.510E-07   .683E-05  -.682E-05   .000E+00   .000E+00   .200E-06   .000E+00   .202E-06   .000E+00   .000E+00   .000E+00    2554   .3362E-07
     170.00000   .992E-09  -.360E-07   .694E-05  -.703E-05   .000E+00   .000E+00   .200E-06   .000E+00   .202E-06   .000E+00   .000E+00   .000E+00    2645   .3153E-07
     175.00000   .833E-07  -.300E-07   .732E-05  -.719E-05   .000E+00   .000E+00   .200E-06   .000E+00   .202E-06   .000E+00   .000E+00   .000E+00    2755   .3600E-07
     180.00000   .122E-22  -.345E-07   .738E-05  -.735E-05   .000E+00   .000E+00   .200E-06   .000E+00   .202E-06   .000E+00   .000E+00   .000E+00    2808   .3105E-07
     185.00000   .561E-22  -.354E-07   .738E-05  -.753E-05   .000E+00   .000E+00   .200E-06   .000E+00   .202E-06   .000E+00   .000E+00   .000E+00    2814   .3234E-07
     190.00000   .115E-06  -.301E-07   .816E-05  -.769E-05   .000E+00   .000E+00   .200E-06   .000E+00   .202E-06   .000E+00   .000E+00   .000E+00    2906   .4239E-07
     195.00000   .000E+00  -.789E-07   .841E-05  -.795E-05   .000E+00   .000E+00   .200E-06   .000E+00   .202E-06   .000E+00   .000E+00   .000E+00    2959   .4460E-07
     200.00000   .130E-21  -.893E-07   .891E-05  -.835E-05   .000E+00   .000E+00   .200E-06   .000E+00   .202E-06   .000E+00   .000E+00   .000E+00    3014   .4963E-07
     205.00000   .337E-07  -.677E-07   .896E-05  -.877E-05   .000E+00   .000E+00   .200E-06   .000E+00   .202E-06   .000E+00   .000E+00   .000E+00    3065   .5381E-07
     210.00000   .115E-22  -.482E-07   .896E-05  -.905E-05   .000E+00   .000E+00   .200E-06   .000E+00   .202E-06   .000E+00   .000E+00   .000E+00    3095   .5716E-07
     215.00000   .551E-22  -.332E-07   .898E-05  -.924E-05   .000E+00   .000E+00   .200E-06   .000E+00   .202E-06   .000E+00   .000E+00   .000E+00    3165   .5836E-07
     220.00000   .000E+00  -.274E-07   .898E-05  -.939E-05   .000E+00   .000E+00   .200E-06   .000E+00   .202E-06   .000E+00   .000E+00   .000E+00    3172   .6026E-07
     225.00000   .109E-21  -.222E-07   .912E-05  -.951E-05   .000E+00   .000E+00   .200E-06   .000E+00   .202E-06   .000E+00   .000E+00   .000E+00    3201   .4774E-07
     230.00000   .105E-06  -.184E-07   .950E-05  -.961E-05   .000E+00   .000E+00   .200E-06   .000E+00   .202E-06   .000E+00   .000E+00   .000E+00    3311   .5199E-07
     235.00000   .157E-06  -.228E-07   .100E-04  -.971E-05   .000E+00   .000E+00   .200E-06   .000E+00   .202E-06   .000E+00   .000E+00   .000E+00    3402   .6296E-07
     240.00000   .345E-06  -.762E-07   .109E-04  -.992E-05   .000E+00   .000E+00   .200E-06   .000E+00   .202E-06   .000E+00   .000E+00   .000E+00    3493   .7592E-07
     245.00000   .000E+00  -.121E-06   .110E-04  -.105E-04   .000E+00   .000E+00   .200E-06   .000E+00   .202E-06   .000E+00   .000E+00   .000E+00    3545   .8340E-07
     250.00000   .106E-21  -.663E-07   .110E-04  -.110E-04   .000E+00   .000E+00   .200E-06   .000E+00   .202E-06   .000E+00   .000E+00   .000E+00    3555   .9566E-07
     255.00000   .146E-21  -.445E-07   .111E-04  -.112E-04   .000E+00   .000E+00   .200E-06   .000E+00   .202E-06   .000E+00   .000E+00   .000E+00    3606   .9796E-07
     260.00000   .674E-07  -.310E-07   .112E-04  -.114E-04   .000E+00   .000E+00   .200E-06   .000E+00   .202E-06   .000E+00   .000E+00   .000E+00    3696   .9978E-07
     265.00000   .357E-07  -.265E-07   .112E-04  -.116E-04   .000E+00   .000E+00   .200E-06   .000E+00   .202E-06   .000E+00   .000E+00   .000E+00    3748   .9264E-07
     270.00000   .278E-07  -.235E-07   .113E-04  -.117E-04   .000E+00   .000E+00   .200E-06   .000E+00   .202E-06   .000E+00   .000E+00   .000E+00    3820   .8887E-07
     275.00000   .595E-08  -.209E-07   .114E-04  -.118E-04   .000E+00   .000E+00   .200E-06   .000E+00   .202E-06   .000E+00   .000E+00   .000E+00    3871   .8279E-07
     280.00000   .000E+00  -.192E-07   .114E-04  -.119E-04   .000E+00   .000E+00   .200E-06   .000E+00   .202E-06   .000E+00   .000E+00   .000E+00    3901   .8217E-07
     285.00000   .259E-22  -.175E-07   .114E-04  -.120E-04   .000E+00   .000E+00   .200E-06   .000E+00   .202E-06   .000E+00   .000E+00   .000E+00    3930   .8279E-07
     290.00000   .309E-23  -.157E-07   .114E-04  -.121E-04   .000E+00   .000E+00   .200E-06   .000E+00   .202E-06   .000E+00   .000E+00   .000E+00    3961   .8310E-07
     295.00000   .575E-07  -.145E-07   .115E-04  -.121E-04   .000E+00   .000E+00   .200E-06   .000E+00   .202E-06   .000E+00   .000E+00   .000E+00    4010   .8400E-07
     300.00000   .111E-21  -.133E-07   .116E-04  -.122E-04   .000E+00   .000E+00   .200E-06   .000E+00   .202E-06   .000E+00   .000E+00   .000E+00    4081   .8034E-07
     305.00000   .000E+00  -.124E-07   .116E-04  -.123E-04   .000E+00   .000E+00   .200E-06   .000E+00   .202E-06   .000E+00   .000E+00   .000E+00    4133   .7967E-07
     310.00000   .171E-22  -.122E-07   .118E-04  -.123E-04   .000E+00   .000E+00   .200E-06   .000E+00   .202E-06   .000E+00   .000E+00   .000E+00    4185   .8166E-07
     315.00000   .873E-07  -.122E-07   .123E-04  -.124E-04   .000E+00   .000E+00   .200E-06   .000E+00   .202E-06   .000E+00   .000E+00   .000E+00    4276   .8772E-07
     320.00000   .873E-07  -.221E-07   .125E-04  -.125E-04   .000E+00   .000E+00   .200E-06   .000E+00   .202E-06   .000E+00   .000E+00   .000E+00    4347   .7641E-07
     325.00000   .218E-07  -.391E-07   .127E-04  -.126E-04   .000E+00   .000E+00   .200E-06   .000E+00   .202E-06   .000E+00   .000E+00   .000E+00    4438   .8339E-07
     330.00000   .000E+00  -.422E-07   .128E-04  -.128E-04   .000E+00   .000E+00   .200E-06   .000E+00   .202E-06   .000E+00   .000E+00   .000E+00    4492   .7714E-07
     335.00000   .992E-09  -.402E-07   .132E-04  -.130E-04   .000E+00   .000E+00   .200E-06   .000E+00   .202E-06   .000E+00   .000E+00   .000E+00    4586   .8236E-07
     340.00000   .000E+00  -.494E-07   .134E-04  -.133E-04   .000E+00   .000E+00   .200E-06   .000E+00   .202E-06   .000E+00   .000E+00   .000E+00    4677   .8620E-07
     345.00000   .170E-22  -.480E-07   .135E-04  -.135E-04   .000E+00   .000E+00   .200E-06   .000E+00   .202E-06   .000E+00   .000E+00   .000E+00    4728   .8871E-07
     350.00000   .992E-09  -.378E-07   .139E-04  -.137E-04   .000E+00   .000E+00   .200E-06   .000E+00   .202E-06   .000E+00   .000E+00   .000E+00    4817   .9434E-07
     355.00000   .000E+00  -.434E-07   .139E-04  -.139E-04   .000E+00   .000E+00   .200E-06   .000E+00   .202E-06   .000E+00   .000E+00   .000E+00    4849   .9494E-07
     360.00000   .397E-08  -.386E-07   .140E-04  -.141E-04   .000E+00   .000E+00   .200E-06   .000E+00   .202E-06   .000E+00   .000E+00   .000E+00    4940   .9812E-07
     365.00000   .397E-08  -.315E-07   .140E-04  -.143E-04   .000E+00   .000E+00   .200E-06   .000E+00   .202E-06   .000E+00   .000E+00   .000E+00    4972   .9926E-07
     370.00000   .218E-07  -.275E-07   .143E-04  -.145E-04   .000E+00   .000E+00   .200E-06   .000E+00   .202E-06   .000E+00   .000E+00   .000E+00    5064   .7983E-07
     375.00000   .357E-07  -.271E-07   .145E-04  -.146E-04   .000E+00   .000E+00   .200E-06   .000E+00   .202E-06   .000E+00   .000E+00   .000E+00    5155   .7767E-07
     380.00000   .456E-07  -.285E-07   .146E-04  -.147E-04   .000E+00   .000E+00   .200E-06   .000E+00   .202E-06   .000E+00   .000E+00   .000E+00    5226   .7942E-07
     385.00000   .727E-23  -.285E-07   .147E-04  -.149E-04   .000E+00   .000E+00   .200E-06   .000E+00   .202E-06   .000E+00   .000E+00   .000E+00    5258   .8100E-07
     390.00000   .952E-07  -.276E-07   .150E-04  -.150E-04   .000E+00   .000E+00   .200E-06   .000E+00   .202E-06   .000E+00   .000E+00   .000E+00    5368   .8565E-07
     395.00000   .278E-07  -.308E-07   .151E-04  -.152E-04   .000E+00   .000E+00   .200E-06   .000E+00   .202E-06   .000E+00   .000E+00   .000E+00    5439   .8727E-07
     400.00000   .159E-07  -.341E-07   .155E-04  -.153E-04   .000E+00   .000E+00   .200E-06   .000E+00   .202E-06   .000E+00   .000E+00   .000E+00    5532   .5798E-07
     405.00000   .535E-07  -.538E-07   .159E-04  -.155E-04   .000E+00   .000E+00   .200E-06   .000E+00   .202E-06   .000E+00   .000E+00   .000E+00    5623   .6406E-07
     410.00000   .687E-22  -.694E-07   .164E-04  -.158E-04   .000E+00   .000E+00   .200E-06   .000E+00   .202E-06   .000E+00   .000E+00   .000E+00    5698   .3820E-07
     415.00000   .173E-06  -.713E-07   .168E-04  -.162E-04   .000E+00   .000E+00   .200E-06   .000E+00   .202E-06   .000E+00   .000E+00   .000E+00    5808   .4484E-07
     420.00000   .555E-07  -.127E-06   .174E-04  -.166E-04   .000E+00   .000E+00   .200E-06   .000E+00   .202E-06   .000E+00   .000E+00   .000E+00    5919   .5404E-07
     425.00000   .198E-06  -.848E-07   .176E-04  -.172E-04   .000E+00   .000E+00   .200E-06   .000E+00   .202E-06   .000E+00   .000E+00   .000E+00    6010   .6065E-07
     430.00000   .103E-06  -.594E-07   .178E-04  -.175E-04   .000E+00   .000E+00   .200E-06   .000E+00   .202E-06   .000E+00   .000E+00   .000E+00    6081   .5920E-07
     435.00000   .397E-08  -.545E-07   .180E-04  -.178E-04   .000E+00   .000E+00   .200E-06   .000E+00   .202E-06   .000E+00   .000E+00   .000E+00    6111   .3941E-07
     440.00000   .992E-09  -.480E-07   .181E-04  -.181E-04   .000E+00   .000E+00   .200E-06   .000E+00   .202E-06   .000E+00   .000E+00   .000E+00    6182   .3848E-07
     445.00000   .992E-09  -.376E-07   .183E-04  -.183E-04   .000E+00   .000E+00   .200E-06   .000E+00   .202E-06   .000E+00   .000E+00   .000E+00    6292   .4172E-07
     450.00000   .595E-08  -.410E-07   .189E-04  -.185E-04   .000E+00   .000E+00   .200E-06   .000E+00   .202E-06   .000E+00   .000E+00   .000E+00    6403   .4893E-07
     455.00000   .932E-07  -.643E-07   .192E-04  -.188E-04   .000E+00   .000E+00   .200E-06   .000E+00   .202E-06   .000E+00   .000E+00   .000E+00    6475   .5388E-07
     460.00000   .654E-07  -.631E-07   .194E-04  -.191E-04   .000E+00   .000E+00   .200E-06   .000E+00   .202E-06   .000E+00   .000E+00   .000E+00    6546   .5688E-07
     465.00000   .337E-07  -.582E-07   .196E-04  -.194E-04   .000E+00   .000E+00   .200E-06   .000E+00   .202E-06   .000E+00   .000E+00   .000E+00    6618   .6206E-07
     470.00000   .654E-07  -.510E-07   .199E-04  -.196E-04   .000E+00   .000E+00   .200E-06   .000E+00   .202E-06   .000E+00   .000E+00   .000E+00    6709   .6869E-07
     475.00000   .674E-07  -.525E-07   .201E-04  -.199E-04   .000E+00   .000E+00   .200E-06   .000E+00   .202E-06   .000E+00   .000E+00   .000E+00    6781   .7064E-07
     480.00000   .212E-06  -.500E-07   .207E-04  -.202E-04   .000E+00   .000E+00   .200E-06   .000E+00   .202E-06   .000E+00   .000E+00   .000E+00    6891   .7807E-07
     485.00000   .258E-07  -.797E-07   .210E-04  -.205E-04   .000E+00   .000E+00   .200E-06   .000E+00   .202E-06   .000E+00   .000E+00   .000E+00    6982   .8321E-07
     490.00000   .000E+00  -.784E-07   .212E-04  -.209E-04   .000E+00   .000E+00   .200E-06   .000E+00   .202E-06   .000E+00   .000E+00   .000E+00    7034   .7605E-07
     495.00000   .337E-07  -.548E-07   .213E-04  -.212E-04   .000E+00   .000E+00   .200E-06   .000E+00   .202E-06   .000E+00   .000E+00   .000E+00    7124   .7927E-07
     500.00000   .873E-07  -.423E-07   .214E-04  -.214E-04   .000E+00   .000E+00   .200E-06   .000E+00   .202E-06   .000E+00   .000E+00   .000E+00    7195   .8076E-07
     505.00000   .992E-09  -.326E-07   .214E-04  -.216E-04   .000E+00   .000E+00   .200E-06   .000E+00   .201E-06   .000E+00   .000E+00   .000E+00    7247   .8193E-07
     510.00000   .102E-21  -.297E-07   .217E-04  -.218E-04   .000E+00   .000E+00   .200E-06   .000E+00   .201E-06   .000E+00   .000E+00   .000E+00    7300   .7975E-07
     515.00000   .992E-09  -.308E-07   .218E-04  -.219E-04   .000E+00   .000E+00   .200E-06   .000E+00   .201E-06   .000E+00   .000E+00   .000E+00    7371   .8072E-07
     520.00000   .241E-22  -.288E-07   .218E-04  -.221E-04   .000E+00   .000E+00   .200E-06   .000E+00   .201E-06   .000E+00   .000E+00   .000E+00    7380   .8170E-07
     525.00000   .728E-22  -.253E-07   .218E-04  -.222E-04   .000E+00   .000E+00   .200E-06   .000E+00   .201E-06   .000E+00   .000E+00   .000E+00    7385   .8352E-07
     530.00000   .724E-22  -.214E-07   .218E-04  -.223E-04   .000E+00   .000E+00   .200E-06   .000E+00   .201E-06   .000E+00   .000E+00   .000E+00    7416   .7795E-07
     535.00000   .000E+00  -.178E-07   .218E-04  -.224E-04   .000E+00   .000E+00   .200E-06   .000E+00   .201E-06   .000E+00   .000E+00   .000E+00    7445   .7874E-07
     540.00000   .436E-07  -.155E-07   .219E-04  -.225E-04   .000E+00   .000E+00   .200E-06   .000E+00   .201E-06   .000E+00   .000E+00   .000E+00    7516   .7943E-07
     545.00000   .284E-06  -.142E-07   .223E-04  -.226E-04   .000E+00   .000E+00   .200E-06   .000E+00   .201E-06   .000E+00   .000E+00   .000E+00    7609   .8403E-07
     550.00000   .119E-07  -.354E-07   .233E-04  -.227E-04   .000E+00   .000E+00   .200E-06   .000E+00   .201E-06   .000E+00   .000E+00   .000E+00    7721   .9739E-07
     555.00000   .595E-08  -.822E-07   .233E-04  -.231E-04   .000E+00   .000E+00   .200E-06   .000E+00   .201E-06   .000E+00   .000E+00   .000E+00    7792   .9544E-07
     560.00000   .496E-06  -.522E-07   .238E-04  -.234E-04   .000E+00   .000E+00   .200E-06   .000E+00   .201E-06   .000E+00   .000E+00   .000E+00    7850   .1037E-06
     565.00000   .175E-06  -.106E-06   .244E-04  -.238E-04   .000E+00   .000E+00   .200E-06   .000E+00   .201E-06   .000E+00   .000E+00   .000E+00    7942   .1073E-06
     570.00000   .305E-06  -.807E-07   .248E-04  -.242E-04   .000E+00   .000E+00   .200E-06   .000E+00   .201E-06   .000E+00   .000E+00   .000E+00    7996   .9234E-07
     575.00000   .218E-07  -.863E-07   .251E-04  -.246E-04   .000E+00   .000E+00   .200E-06   .000E+00   .201E-06   .000E+00   .000E+00   .000E+00    8069   .8535E-07
     580.00000   .104E-22  -.616E-07   .251E-04  -.250E-04   .000E+00   .000E+00   .200E-06   .000E+00   .201E-06   .000E+00   .000E+00   .000E+00    8079   .8644E-07
     585.00000   .575E-07  -.440E-07   .255E-04  -.253E-04   .000E+00   .000E+00   .200E-06   .000E+00   .201E-06   .000E+00   .000E+00   .000E+00    8171   .9276E-07
     590.00000   .178E-07  -.529E-07   .257E-04  -.255E-04   .000E+00   .000E+00   .200E-06   .000E+00   .201E-06   .000E+00   .000E+00   .000E+00    8262   .9543E-07
     595.00000   .476E-07  -.511E-07   .259E-04  -.258E-04   .000E+00   .000E+00   .200E-06   .000E+00   .201E-06   .000E+00   .000E+00   .000E+00    8354   .8623E-07
     600.00000   .456E-07  -.459E-07   .260E-04  -.260E-04   .000E+00   .000E+00   .200E-06   .000E+00   .201E-06   .000E+00   .000E+00   .000E+00    8445   .8813E-07
     605.00000   .402E-22  -.404E-07   .260E-04  -.262E-04   .000E+00   .000E+00   .200E-06   .000E+00   .201E-06   .000E+00   .000E+00   .000E+00    8475   .8974E-07
     610.00000   .992E-09  -.309E-07   .260E-04  -.264E-04   .000E+00   .000E+00   .200E-06   .000E+00   .201E-06   .000E+00   .000E+00   .000E+00    8501   .9331E-07
     615.00000   .992E-09  -.263E-07   .261E-04  -.265E-04   .000E+00   .000E+00   .200E-06   .000E+00   .201E-06   .000E+00   .000E+00   .000E+00    8553   .8694E-07
     620.00000   .260E-06  -.222E-07   .265E-04  -.267E-04   .000E+00   .000E+00   .200E-06   .000E+00   .201E-06   .000E+00   .000E+00   .000E+00    8663   .9088E-07
     625.00000   .271E-21  -.360E-07   .272E-04  -.268E-04   .000E+00   .000E+00   .200E-06   .000E+00   .201E-06   .000E+00   .000E+00   .000E+00    8737   .9665E-07
     630.00000   .529E-22  -.678E-07   .272E-04  -.271E-04   .000E+00   .000E+00   .200E-06   .000E+00   .201E-06   .000E+00   .000E+00   .000E+00    8768   .9288E-07
     635.00000   .000E+00  -.492E-07   .272E-04  -.274E-04   .000E+00   .000E+00   .200E-06   .000E+00   .201E-06   .000E+00   .000E+00   .000E+00    8775   .9963E-07
     640.00000   .262E-06  -.335E-07   .278E-04  -.276E-04   .000E+00   .000E+00   .200E-06   .000E+00   .201E-06   .000E+00   .000E+00   .000E+00    8845   .1058E-06
     645.00000   .992E-09  -.523E-07   .281E-04  -.278E-04   .000E+00   .000E+00   .200E-06   .000E+00   .201E-06   .000E+00   .000E+00   .000E+00    8955   .1116E-06
     650.00000   .107E-21  -.609E-07   .281E-04  -.281E-04   .000E+00   .000E+00   .200E-06   .000E+00   .201E-06   .000E+00   .000E+00   .000E+00    8966   .1120E-06
     655.00000   .652E-22  -.463E-07   .282E-04  -.283E-04   .000E+00   .000E+00   .200E-06   .000E+00   .201E-06   .000E+00   .000E+00   .000E+00    9017   .1133E-06
     660.00000   .258E-07  -.339E-07   .287E-04  -.285E-04   .000E+00   .000E+00   .200E-06   .000E+00   .201E-06   .000E+00   .000E+00   .000E+00    9107   .1205E-06
     665.00000   .258E-07  -.515E-07   .289E-04  -.288E-04   .000E+00   .000E+00   .200E-06   .000E+00   .201E-06   .000E+00   .000E+00   .000E+00    9217   .1239E-06
     670.00000   .000E+00  -.476E-07   .290E-04  -.290E-04   .000E+00   .000E+00   .200E-06   .000E+00   .201E-06   .000E+00   .000E+00   .000E+00    9269   .1157E-06
     675.00000   .159E-07  -.446E-07   .294E-04  -.292E-04   .000E+00   .000E+00   .200E-06   .000E+00   .201E-06   .000E+00   .000E+00   .000E+00    9362   .1206E-06
     680.00000   .992E-09  -.484E-07   .296E-04  -.295E-04   .000E+00   .000E+00   .200E-06   .000E+00   .201E-06   .000E+00   .000E+00   .000E+00    9452   .1192E-06
     685.00000   .992E-07  -.472E-07   .298E-04  -.297E-04   .000E+00   .000E+00   .200E-06   .000E+00   .201E-06   .000E+00   .000E+00   .000E+00    9544   .1095E-06
     690.00000   .159E-06  -.487E-07   .303E-04  -.299E-04   .000E+00   .000E+00   .200E-06   .000E+00   .201E-06   .000E+00   .000E+00   .000E+00    9654   .1147E-06
     695.00000   .963E-22  -.542E-07   .303E-04  -.302E-04   .000E+00   .000E+00   .200E-06   .000E+00   .201E-06   .000E+00   .000E+00   .000E+00    9687   .9598E-07
     700.00000   .397E-07  -.446E-07   .304E-04  -.304E-04   .000E+00   .000E+00   .200E-06   .000E+00   .201E-06   .000E+00   .000E+00   .000E+00    9738   .9844E-07
     705.00000   .654E-07  -.412E-07   .309E-04  -.306E-04   .000E+00   .000E+00   .200E-06   .000E+00   .201E-06   .000E+00   .000E+00   .000E+00    9848   .1043E-06
     710.00000   .000E+00  -.530E-07   .310E-04  -.309E-04   .000E+00   .000E+00   .200E-06   .000E+00   .201E-06   .000E+00   .000E+00   .000E+00    9878   .1021E-06
     715.00000   .104E-22  -.439E-07   .310E-04  -.311E-04   .000E+00   .000E+00   .200E-06   .000E+00   .201E-06   .000E+00   .000E+00   .000E+00    9930   .1028E-06
     720.00000   .119E-07  -.312E-07   .311E-04  -.313E-04   .000E+00   .000E+00   .200E-06   .000E+00   .201E-06   .000E+00   .000E+00   .000E+00   10022   .9728E-07
     725.00000   .992E-09  -.272E-07   .311E-04  -.315E-04   .000E+00   .000E+00   .200E-06   .000E+00   .201E-06   .000E+00   .000E+00   .000E+00   10054   .9641E-07
     730.00000   .992E-09  -.233E-07   .311E-04  -.316E-04   .000E+00   .000E+00   .200E-06   .000E+00   .201E-06   .000E+00   .000E+00   .000E+00   10125   .9303E-07
     735.00000   .992E-09  -.198E-07   .312E-04  -.317E-04   .000E+00   .000E+00   .200E-06   .000E+00   .201E-06   .000E+00   .000E+00   .000E+00   10235   .9349E-07
     740.00000   .000E+00  -.174E-07   .312E-04  -.318E-04   .000E+00   .000E+00   .200E-06   .000E+00   .201E-06   .000E+00   .000E+00   .000E+00   10267   .9368E-07
     745.00000   .139E-07  -.156E-07   .312E-04  -.319E-04   .000E+00   .000E+00   .200E-06   .000E+00   .201E-06   .000E+00   .000E+00   .000E+00   10294   .9451E-07
     750.00000   .258E-07  -.145E-07   .313E-04  -.320E-04   .000E+00   .000E+00   .200E-06   .000E+00   .201E-06   .000E+00   .000E+00   .000E+00   10385   .9497E-07
     755.00000   .674E-07  -.133E-07   .317E-04  -.320E-04   .000E+00   .000E+00   .200E-06   .000E+00   .201E-06   .000E+00   .000E+00   .000E+00   10495   .9893E-07
     760.00000   .357E-07  -.152E-07   .321E-04  -.321E-04   .000E+00   .000E+00   .200E-06   .000E+00   .201E-06   .000E+00   .000E+00   .000E+00   10587   .1015E-06
     765.00000   .337E-07  -.318E-07   .322E-04  -.322E-04   .000E+00   .000E+00   .200E-06   .000E+00   .201E-06   .000E+00   .000E+00   .000E+00   10678   .1054E-06
     770.00000   .000E+00  -.367E-07   .322E-04  -.324E-04   .000E+00   .000E+00   .200E-06   .000E+00   .201E-06   .000E+00   .000E+00   .000E+00   10730   .1057E-06
     775.00000   .595E-08  -.309E-07   .323E-04  -.326E-04   .000E+00   .000E+00   .200E-06   .000E+00   .201E-06   .000E+00   .000E+00   .000E+00   10799   .1070E-06
     780.00000   .992E-09  -.270E-07   .325E-04  -.327E-04   .000E+00   .000E+00   .200E-06   .000E+00   .201E-06   .000E+00   .000E+00   .000E+00   10909   .1098E-06
     785.00000   .992E-09  -.277E-07   .327E-04  -.328E-04   .000E+00   .000E+00   .200E-06   .000E+00   .201E-06   .000E+00   .000E+00   .000E+00   10981   .1085E-06
     790.00000   .992E-09  -.297E-07   .327E-04  -.330E-04   .000E+00   .000E+00   .200E-06   .000E+00   .201E-06   .000E+00   .000E+00   .000E+00   11013   .1090E-06
     795.00000   .000E+00  -.279E-07   .329E-04  -.331E-04   .000E+00   .000E+00   .200E-06   .000E+00   .201E-06   .000E+00   .000E+00   .000E+00   11105   .1022E-06
     800.00000   .734E-07  -.272E-07   .331E-04  -.333E-04   .000E+00   .000E+00   .200E-06   .000E+00   .201E-06   .000E+00   .000E+00   .000E+00   11195   .1040E-06
     805.00000   .793E-07  -.262E-07   .332E-04  -.334E-04   .000E+00   .000E+00   .200E-06   .000E+00   .201E-06   .000E+00   .000E+00   .000E+00   11267   .9638E-07
     810.00000   .258E-07  -.256E-07   .333E-04  -.335E-04   .000E+00   .000E+00   .200E-06   .000E+00   .201E-06   .000E+00   .000E+00   .000E+00   11358   .1000E-06
     815.00000   .357E-07  -.270E-07   .335E-04  -.337E-04   .000E+00   .000E+00   .200E-06   .000E+00   .201E-06   .000E+00   .000E+00   .000E+00   11449   .1018E-06
     820.00000   .368E-22  -.276E-07   .335E-04  -.338E-04   .000E+00   .000E+00   .200E-06   .000E+00   .201E-06   .000E+00   .000E+00   .000E+00   11479   .1016E-06
     825.00000   .952E-22  -.262E-07   .335E-04  -.339E-04   .000E+00   .000E+00   .200E-06   .000E+00   .201E-06   .000E+00   .000E+00   .000E+00   11509   .1020E-06
     830.00000   .317E-22  -.231E-07   .335E-04  -.341E-04   .000E+00   .000E+00   .200E-06   .000E+00   .201E-06   .000E+00   .000E+00   .000E+00   11514   .1036E-06
     835.00000   .636E-22  -.194E-07   .335E-04  -.342E-04   .000E+00   .000E+00   .200E-06   .000E+00   .201E-06   .000E+00   .000E+00   .000E+00   11519   .1052E-06
     840.00000   .000E+00  -.158E-07   .335E-04  -.342E-04   .000E+00   .000E+00   .200E-06   .000E+00   .201E-06   .000E+00   .000E+00   .000E+00   11549   .1031E-06
     845.00000   .000E+00  -.143E-07   .338E-04  -.343E-04   .000E+00   .000E+00   .200E-06   .000E+00   .201E-06   .000E+00   .000E+00   .000E+00   11641   .9158E-07
     850.00000   .499E-22  -.138E-07   .340E-04  -.344E-04   .000E+00   .000E+00   .200E-06   .000E+00   .201E-06   .000E+00   .000E+00   .000E+00   11692   .9294E-07
     855.00000   .176E-23  -.159E-07   .340E-04  -.345E-04   .000E+00   .000E+00   .200E-06   .000E+00   .201E-06   .000E+00   .000E+00   .000E+00   11697   .9303E-07
     860.00000   .000E+00  -.179E-07   .340E-04  -.345E-04   .000E+00   .000E+00   .200E-06   .000E+00   .201E-06   .000E+00   .000E+00   .000E+00   11725   .9145E-07
     865.00000   .204E-06  -.167E-07   .342E-04  -.346E-04   .000E+00   .000E+00   .200E-06   .000E+00   .201E-06   .000E+00   .000E+00   .000E+00   11778   .9081E-07
     870.00000   .232E-21  -.390E-07   .352E-04  -.347E-04   .000E+00   .000E+00   .200E-06   .000E+00   .201E-06   .000E+00   .000E+00   .000E+00   11837   .6372E-07
     875.00000   .159E-07  -.804E-07   .357E-04  -.351E-04   .000E+00   .000E+00   .200E-06   .000E+00   .201E-06   .000E+00   .000E+00   .000E+00   11928   .7245E-07
     880.00000   .000E+00  -.877E-07   .360E-04  -.355E-04   .000E+00   .000E+00   .200E-06   .000E+00   .201E-06   .000E+00   .000E+00   .000E+00   11981   .6425E-07
     885.00000   .595E-08  -.593E-07   .360E-04  -.359E-04   .000E+00   .000E+00   .200E-06   .000E+00   .201E-06   .000E+00   .000E+00   .000E+00   12031   .6866E-07
     890.00000   .992E-09  -.436E-07   .360E-04  -.362E-04   .000E+00   .000E+00   .200E-06   .000E+00   .201E-06   .000E+00   .000E+00   .000E+00   12063   .7005E-07
     895.00000   .218E-06  -.307E-07   .364E-04  -.363E-04   .000E+00   .000E+00   .200E-06   .000E+00   .201E-06   .000E+00   .000E+00   .000E+00   12135   .5668E-07
     900.00000   .165E-06  -.527E-07   .373E-04  -.365E-04   .000E+00   .000E+00   .200E-06   .000E+00   .201E-06   .000E+00   .000E+00   .000E+00   12245   .6820E-07
     905.00000   .108E-21  -.102E-06   .374E-04  -.370E-04   .000E+00   .000E+00   .200E-06   .000E+00   .201E-06   .000E+00   .000E+00   .000E+00   12316   .7295E-07
     910.00000   .113E-06  -.858E-07   .384E-04  -.374E-04   .000E+00   .000E+00   .200E-06   .000E+00   .201E-06   .000E+00   .000E+00   .000E+00   12427   .8350E-07
     915.00000   .419E-22  -.104E-06   .384E-04  -.380E-04   .000E+00   .000E+00   .200E-06   .000E+00   .201E-06   .000E+00   .000E+00   .000E+00   12459   .9171E-07
     920.00000   .349E-22  -.585E-07   .384E-04  -.384E-04   .000E+00   .000E+00   .200E-06   .000E+00   .201E-06   .000E+00   .000E+00   .000E+00   12469   .1016E-06
     925.00000   .113E-21  -.416E-07   .384E-04  -.387E-04   .000E+00   .000E+00   .200E-06   .000E+00   .201E-06   .000E+00   .000E+00   .000E+00   12474   .1095E-06
     930.00000   .750E-22  -.297E-07   .384E-04  -.388E-04   .000E+00   .000E+00   .200E-06   .000E+00   .201E-06   .000E+00   .000E+00   .000E+00   12504   .1109E-06
     935.00000   .456E-07  -.238E-07   .387E-04  -.390E-04   .000E+00   .000E+00   .200E-06   .000E+00   .201E-06   .000E+00   .000E+00   .000E+00   12595   .1146E-06
     940.00000   .992E-09  -.217E-07   .391E-04  -.391E-04   .000E+00   .000E+00   .200E-06   .000E+00   .201E-06   .000E+00   .000E+00   .000E+00   12669   .1096E-06
     945.00000   .163E-06  -.340E-07   .393E-04  -.392E-04   .000E+00   .000E+00   .200E-06   .000E+00   .201E-06   .000E+00   .000E+00   .000E+00   12721   .1119E-06
     950.00000   .000E+00  -.396E-07   .394E-04  -.394E-04   .000E+00   .000E+00   .200E-06   .000E+00   .201E-06   .000E+00   .000E+00   .000E+00   12812   .1133E-06
     955.00000   .992E-09  -.371E-07   .394E-04  -.396E-04   .000E+00   .000E+00   .200E-06   .000E+00   .201E-06   .000E+00   .000E+00   .000E+00   12903   .1143E-06
     960.00000   .167E-06  -.303E-07   .396E-04  -.398E-04   .000E+00   .000E+00   .200E-06   .000E+00   .201E-06   .000E+00   .000E+00   .000E+00   12974   .1154E-06
     965.00000   .000E+00  -.286E-07   .397E-04  -.399E-04   .000E+00   .000E+00   .200E-06   .000E+00   .201E-06   .000E+00   .000E+00   .000E+00   13027   .1065E-06
     970.00000   .919E-22  -.285E-07   .399E-04  -.401E-04   .000E+00   .000E+00   .200E-06   .000E+00   .201E-06   .000E+00   .000E+00   .000E+00   13078   .1075E-06
     975.00000   .150E-21  -.301E-07   .401E-04  -.402E-04   .000E+00   .000E+00   .200E-06   .000E+00   .201E-06   .000E+00   .000E+00   .000E+00   13169   .1065E-06
     980.00000   .101E-21  -.330E-07   .401E-04  -.404E-04   .000E+00   .000E+00   .200E-06   .000E+00   .201E-06   .000E+00   .000E+00   .000E+00   13176   .1067E-06
     985.00000   .131E-21  -.298E-07   .401E-04  -.405E-04   .000E+00   .000E+00   .200E-06   .000E+00   .201E-06   .000E+00   .000E+00   .000E+00   13181   .1086E-06
     990.00000   .357E-22  -.254E-07   .401E-04  -.407E-04   .000E+00   .000E+00   .200E-06   .000E+00   .201E-06   .000E+00   .000E+00   .000E+00   13211   .1093E-06
     995.00000   .992E-09  -.208E-07   .401E-04  -.408E-04   .000E+00   .000E+00   .200E-06   .000E+00   .201E-06   .000E+00   .000E+00   .000E+00   13237   .1108E-06
    1000.00000   .635E-07  -.168E-07   .403E-04  -.409E-04   .000E+00   .000E+00   .200E-06   .000E+00   .201E-06   .000E+00   .000E+00   .000E+00   13309   .1097E-06
    1005.00000   .110E-22  -.152E-07   .403E-04  -.409E-04   .000E+00   .000E+00   .200E-06   .000E+00   .201E-06   .000E+00   .000E+00   .000E+00   13339   .1099E-06
    1010.00000   .479E-22  -.146E-07   .405E-04  -.410E-04   .000E+00   .000E+00   .200E-06   .000E+00   .201E-06   .000E+00   .000E+00   .000E+00   13391   .1016E-06
    1015.00000   .000E+00  -.150E-07   .405E-04  -.411E-04   .000E+00   .000E+00   .200E-06   .000E+00   .201E-06   .000E+00   .000E+00   .000E+00   13421   .1014E-06
    1020.00000   .992E-08  -.156E-07   .408E-04  -.412E-04   .000E+00   .000E+00   .200E-06   .000E+00   .201E-06   .000E+00   .000E+00   .000E+00   13493   .9987E-07
    1025.00000   .874E-22  -.179E-07   .409E-04  -.412E-04   .000E+00   .000E+00   .200E-06   .000E+00   .201E-06   .000E+00   .000E+00   .000E+00   13584   .1011E-06
    1030.00000   .000E+00  -.196E-07   .409E-04  -.413E-04   .000E+00   .000E+00   .200E-06   .000E+00   .201E-06   .000E+00   .000E+00   .000E+00   13591   .1013E-06
    1035.00000   .404E-22  -.190E-07   .409E-04  -.414E-04   .000E+00   .000E+00   .200E-06   .000E+00   .201E-06   .000E+00   .000E+00   .000E+00   13620   .1005E-06
    1040.00000   .992E-09  -.167E-07   .410E-04  -.415E-04   .000E+00   .000E+00   .200E-06   .000E+00   .201E-06   .000E+00   .000E+00   .000E+00   13668   .1021E-06
    1045.00000   .152E-22  -.155E-07   .412E-04  -.416E-04   .000E+00   .000E+00   .200E-06   .000E+00   .201E-06   .000E+00   .000E+00   .000E+00   13740   .1049E-06
    1050.00000   .159E-07  -.187E-07   .413E-04  -.417E-04   .000E+00   .000E+00   .200E-06   .000E+00   .201E-06   .000E+00   .000E+00   .000E+00   13850   .1069E-06
    1055.00000   .932E-07  -.264E-07   .422E-04  -.418E-04   .000E+00   .000E+00   .200E-06   .000E+00   .201E-06   .000E+00   .000E+00   .000E+00   13962   .1170E-06
    1060.00000   .535E-07  -.679E-07   .424E-04  -.421E-04   .000E+00   .000E+00   .200E-06   .000E+00   .201E-06   .000E+00   .000E+00   .000E+00   14053   .1211E-06
    1065.00000   .000E+00  -.577E-07   .426E-04  -.424E-04   .000E+00   .000E+00   .200E-06   .000E+00   .201E-06   .000E+00   .000E+00   .000E+00   14145   .1185E-06
    1070.00000   .992E-09  -.502E-07   .426E-04  -.426E-04   .000E+00   .000E+00   .200E-06   .000E+00   .201E-06   .000E+00   .000E+00   .000E+00   14173   .1212E-06
    1075.00000   .992E-09  -.371E-07   .426E-04  -.429E-04   .000E+00   .000E+00   .200E-06   .000E+00   .201E-06   .000E+00   .000E+00   .000E+00   14264   .1224E-06
    1080.00000   .000E+00  -.299E-07   .427E-04  -.430E-04   .000E+00   .000E+00   .200E-06   .000E+00   .201E-06   .000E+00   .000E+00   .000E+00   14294   .1229E-06
    1085.00000   .139E-07  -.257E-07   .428E-04  -.432E-04   .000E+00   .000E+00   .200E-06   .000E+00   .201E-06   .000E+00   .000E+00   .000E+00   14383   .1247E-06
    1090.00000   .992E-09  -.229E-07   .428E-04  -.433E-04   .000E+00   .000E+00   .200E-06   .000E+00   .201E-06   .000E+00   .000E+00   .000E+00   14434   .1245E-06
    1095.00000   .496E-09  -.211E-07   .428E-04  -.434E-04   .000E+00   .000E+00   .200E-06   .000E+00   .201E-06   .000E+00   .000E+00   .000E+00   14443   .1249E-06
end
