 All solute fluxes and cumulative solute fluxes are positive into the region

       Time       cvTop      cvBot    Sum(cvTop) Sum(cvBot)   cvCh0      cvCh1       cTop      cRoot       cBot      cvRoot   Sum(cvRoot) Sum(cvNEql) TLevel   PhrExch
        [T]      [M/L2/T]   [M/L2/T]    [M/L2]     [M/L2]     [M/L2]     [M/L2]      [M/L3]    [M/L3]      [M/L3]   [M/L2/T]    [M/L2]      [M/L2]              [M/L2]
       5.00000   .000E+00  -.155E-07   .174E-07  -.779E-07   .000E+00   .000E+00   .999E-07   .000E+00   .100E-06   .000E+00   .000E+00   .000E+00      52  -.1418E-08
      10.00000   .177E-07  -.145E-07   .357E-07  -.153E-06   .000E+00   .000E+00   .998E-07   .000E+00   .100E-06   .000E+00   .000E+00   .000E+00     102  -.1135E-08
      15.00000   .334E-07  -.126E-07   .135E-06  -.221E-06   .000E+00   .000E+00   .995E-07   .000E+00   .100E-06   .000E+00   .000E+00   .000E+00     212   .2518E-09
      20.00000   .491E-09  -.116E-07   .201E-06  -.281E-06   .000E+00   .000E+00   .994E-07   .000E+00   .100E-06   .000E+00   .000E+00   .000E+00     322   .1205E-08
      25.00000   .491E-09  -.123E-07   .249E-06  -.340E-06   .000E+00   .000E+00   .994E-07   .000E+00   .100E-06   .000E+00   .000E+00   .000E+00     376  -.3147E-08
      30.00000   .197E-08  -.126E-07   .314E-06  -.403E-06   .000E+00   .000E+00   .993E-07   .000E+00   .100E-06   .000E+00   .000E+00   .000E+00     466  -.2178E-08
      35.00000   .000E+00  -.123E-07   .422E-06  -.465E-06   .000E+00   .000E+00   .993E-07   .000E+00   .100E-06   .000E+00   .000E+00   .000E+00     557  -.1953E-08
      40.00000   .825E-07  -.134E-07   .609E-06  -.529E-06   .000E+00   .000E+00   .992E-07   .000E+00   .100E-06   .000E+00   .000E+00   .000E+00     667   .1320E-08
      45.00000   .468E-22  -.218E-07   .787E-06  -.608E-06   .000E+00   .000E+00   .992E-07   .000E+00   .102E-06   .000E+00   .000E+00   .000E+00     739   .1695E-07
      50.00000   .314E-07  -.480E-07   .111E-05  -.770E-06   .000E+00   .000E+00   .992E-07   .000E+00   .103E-06   .000E+00   .000E+00   .000E+00     851   .2244E-07
      55.00000   .491E-09  -.389E-07   .112E-05  -.100E-05   .000E+00   .000E+00   .992E-07   .000E+00   .102E-06   .000E+00   .000E+00   .000E+00     924   .1920E-07
      60.00000   .000E+00  -.258E-07   .115E-05  -.116E-05   .000E+00   .000E+00   .992E-07   .000E+00   .101E-06   .000E+00   .000E+00   .000E+00     976   .2053E-07
      65.00000   .163E-22  -.191E-07   .116E-05  -.126E-05   .000E+00   .000E+00   .992E-07   .000E+00   .101E-06   .000E+00   .000E+00   .000E+00    1006   .2151E-07
      70.00000   .727E-07  -.145E-07   .124E-05  -.134E-05   .000E+00   .000E+00   .992E-07   .000E+00   .101E-06   .000E+00   .000E+00   .000E+00    1053   .2372E-07
      75.00000   .491E-09  -.138E-07   .145E-05  -.141E-05   .000E+00   .000E+00   .992E-07   .000E+00   .101E-06   .000E+00   .000E+00   .000E+00    1163   .2710E-07
      80.00000   .292E-22  -.206E-07   .149E-05  -.150E-05   .000E+00   .000E+00   .992E-07   .000E+00   .101E-06   .000E+00   .000E+00   .000E+00    1214   .2771E-07
      85.00000   .540E-22  -.184E-07   .152E-05  -.160E-05   .000E+00   .000E+00   .992E-07   .000E+00   .101E-06   .000E+00   .000E+00   .000E+00    1284   .2808E-07
      90.00000   .865E-07  -.151E-07   .165E-05  -.168E-05   .000E+00   .000E+00   .992E-07   .000E+00   .101E-06   .000E+00   .000E+00   .000E+00    1394   .2965E-07
      95.00000   .000E+00  -.143E-07   .167E-05  -.175E-05   .000E+00   .000E+00   .992E-07   .000E+00   .101E-06   .000E+00   .000E+00   .000E+00    1445   .3012E-07
     100.00000   .491E-09  -.142E-07   .167E-05  -.183E-05   .000E+00   .000E+00   .992E-07   .000E+00   .101E-06   .000E+00   .000E+00   .000E+00    1471   .3026E-07
     105.00000   .727E-07  -.129E-07   .192E-05  -.189E-05   .000E+00   .000E+00   .992E-07   .000E+00   .101E-06   .000E+00   .000E+00   .000E+00    1562   .3501E-07
     110.00000   .786E-08  -.159E-07   .200E-05  -.196E-05   .000E+00   .000E+00   .992E-07   .000E+00   .101E-06   .000E+00   .000E+00   .000E+00    1672   .3703E-07
     115.00000   .583E-22  -.270E-07   .221E-05  -.207E-05   .000E+00   .000E+00   .992E-07   .000E+00   .100E-06   .000E+00   .000E+00   .000E+00    1765   .3827E-07
     120.00000   .491E-09  -.299E-07   .230E-05  -.222E-05   .000E+00   .000E+00   .992E-07   .000E+00   .100E-06   .000E+00   .000E+00   .000E+00    1817   .2928E-07
     125.00000   .216E-07  -.247E-07   .238E-05  -.236E-05   .000E+00   .000E+00   .992E-07   .000E+00   .100E-06   .000E+00   .000E+00   .000E+00    1908   .3087E-07
     130.00000   .590E-08  -.195E-07   .250E-05  -.246E-05   .000E+00   .000E+00   .992E-07   .000E+00   .100E-06   .000E+00   .000E+00   .000E+00    1999   .3052E-07
     135.00000   .295E-07  -.190E-07   .263E-05  -.256E-05   .000E+00   .000E+00   .992E-07   .000E+00   .100E-06   .000E+00   .000E+00   .000E+00    2090   .3247E-07
     140.00000   .750E-23  -.260E-07   .289E-05  -.266E-05   .000E+00   .000E+00   .992E-07   .000E+00   .100E-06   .000E+00   .000E+00   .000E+00    2182   .2645E-07
     145.00000   .688E-08  -.327E-07   .293E-05  -.283E-05   .000E+00   .000E+00   .992E-07   .000E+00   .100E-06   .000E+00   .000E+00   .000E+00    2253   .2670E-07
     150.00000   .914E-07  -.258E-07   .311E-05  -.297E-05   .000E+00   .000E+00   .992E-07   .000E+00   .100E-06   .000E+00   .000E+00   .000E+00    2363   .2903E-07
     155.00000   .334E-07  -.277E-07   .336E-05  -.310E-05   .000E+00   .000E+00   .992E-07   .000E+00   .100E-06   .000E+00   .000E+00   .000E+00    2454   .3195E-07
     160.00000   .325E-22  -.367E-07   .337E-05  -.328E-05   .000E+00   .000E+00   .992E-07   .000E+00   .100E-06   .000E+00   .000E+00   .000E+00    2505   .3305E-07
     165.00000   .147E-07  -.253E-07   .339E-05  -.342E-05   .000E+00   .000E+00   .992E-07   .000E+00   .100E-06   .000E+00   .000E+00   .000E+00    2554   .3546E-07
     170.00000   .491E-09  -.178E-07   .344E-05  -.353E-05   .000E+00   .000E+00   .992E-07   .000E+00   .100E-06   .000E+00   .000E+00   .000E+00    2645   .3442E-07
     175.00000   .413E-07  -.149E-07   .363E-05  -.361E-05   .000E+00   .000E+00   .992E-07   .000E+00   .100E-06   .000E+00   .000E+00   .000E+00    2755   .3665E-07
     180.00000   .603E-23  -.171E-07   .366E-05  -.369E-05   .000E+00   .000E+00   .992E-07   .000E+00   .100E-06   .000E+00   .000E+00   .000E+00    2808   .3418E-07
     185.00000   .278E-22  -.175E-07   .366E-05  -.378E-05   .000E+00   .000E+00   .992E-07   .000E+00   .100E-06   .000E+00   .000E+00   .000E+00    2814   .3482E-07
     190.00000   .570E-07  -.149E-07   .404E-05  -.386E-05   .000E+00   .000E+00   .992E-07   .000E+00   .100E-06   .000E+00   .000E+00   .000E+00    2906   .3985E-07
     195.00000   .000E+00  -.391E-07   .417E-05  -.399E-05   .000E+00   .000E+00   .992E-07   .000E+00   .100E-06   .000E+00   .000E+00   .000E+00    2959   .4095E-07
     200.00000   .646E-22  -.443E-07   .442E-05  -.418E-05   .000E+00   .000E+00   .992E-07   .000E+00   .100E-06   .000E+00   .000E+00   .000E+00    3014   .4347E-07
     205.00000   .167E-07  -.336E-07   .444E-05  -.439E-05   .000E+00   .000E+00   .992E-07   .000E+00   .100E-06   .000E+00   .000E+00   .000E+00    3065   .4556E-07
     210.00000   .572E-23  -.239E-07   .444E-05  -.453E-05   .000E+00   .000E+00   .992E-07   .000E+00   .100E-06   .000E+00   .000E+00   .000E+00    3095   .4723E-07
     215.00000   .273E-22  -.165E-07   .445E-05  -.463E-05   .000E+00   .000E+00   .992E-07   .000E+00   .100E-06   .000E+00   .000E+00   .000E+00    3165   .4783E-07
     220.00000   .000E+00  -.136E-07   .445E-05  -.470E-05   .000E+00   .000E+00   .992E-07   .000E+00   .100E-06   .000E+00   .000E+00   .000E+00    3172   .4878E-07
     225.00000   .541E-22  -.110E-07   .452E-05  -.476E-05   .000E+00   .000E+00   .992E-07   .000E+00   .100E-06   .000E+00   .000E+00   .000E+00    3201   .4252E-07
     230.00000   .521E-07  -.913E-08   .471E-05  -.481E-05   .000E+00   .000E+00   .992E-07   .000E+00   .100E-06   .000E+00   .000E+00   .000E+00    3311   .4465E-07
     235.00000   .776E-07  -.113E-07   .496E-05  -.486E-05   .000E+00   .000E+00   .992E-07   .000E+00   .100E-06   .000E+00   .000E+00   .000E+00    3402   .5013E-07
     240.00000   .171E-06  -.378E-07   .538E-05  -.496E-05   .000E+00   .000E+00   .992E-07   .000E+00   .100E-06   .000E+00   .000E+00   .000E+00    3493   .5662E-07
     245.00000   .000E+00  -.600E-07   .546E-05  -.526E-05   .000E+00   .000E+00   .992E-07   .000E+00   .100E-06   .000E+00   .000E+00   .000E+00    3545   .6035E-07
     250.00000   .525E-22  -.329E-07   .546E-05  -.548E-05   .000E+00   .000E+00   .992E-07   .000E+00   .100E-06   .000E+00   .000E+00   .000E+00    3555   .6648E-07
     255.00000   .723E-22  -.220E-07   .548E-05  -.561E-05   .000E+00   .000E+00   .992E-07   .000E+00   .100E-06   .000E+00   .000E+00   .000E+00    3606   .6763E-07
     260.00000   .334E-07  -.154E-07   .554E-05  -.570E-05   .000E+00   .000E+00   .992E-07   .000E+00   .100E-06   .000E+00   .000E+00   .000E+00    3696   .6854E-07
     265.00000   .177E-07  -.132E-07   .557E-05  -.577E-05   .000E+00   .000E+00   .992E-07   .000E+00   .100E-06   .000E+00   .000E+00   .000E+00    3748   .6497E-07
     270.00000   .138E-07  -.116E-07   .559E-05  -.583E-05   .000E+00   .000E+00   .992E-07   .000E+00   .100E-06   .000E+00   .000E+00   .000E+00    3820   .6309E-07
     275.00000   .295E-08  -.103E-07   .564E-05  -.589E-05   .000E+00   .000E+00   .992E-07   .000E+00   .100E-06   .000E+00   .000E+00   .000E+00    3871   .6005E-07
     280.00000   .000E+00  -.952E-08   .564E-05  -.594E-05   .000E+00   .000E+00   .992E-07   .000E+00   .100E-06   .000E+00   .000E+00   .000E+00    3901   .5974E-07
     285.00000   .129E-22  -.867E-08   .564E-05  -.598E-05   .000E+00   .000E+00   .992E-07   .000E+00   .100E-06   .000E+00   .000E+00   .000E+00    3930   .6005E-07
     290.00000   .153E-23  -.779E-08   .564E-05  -.602E-05   .000E+00   .000E+00   .992E-07   .000E+00   .100E-06   .000E+00   .000E+00   .000E+00    3961   .6020E-07
     295.00000   .285E-07  -.719E-08   .567E-05  -.606E-05   .000E+00   .000E+00   .992E-07   .000E+00   .100E-06   .000E+00   .000E+00   .000E+00    4010   .6065E-07
     300.00000   .549E-22  -.658E-08   .573E-05  -.609E-05   .000E+00   .000E+00   .992E-07   .000E+00   .100E-06   .000E+00   .000E+00   .000E+00    4081   .5882E-07
     305.00000   .000E+00  -.617E-08   .574E-05  -.613E-05   .000E+00   .000E+00   .992E-07   .000E+00   .100E-06   .000E+00   .000E+00   .000E+00    4133   .5849E-07
     310.00000   .848E-23  -.602E-08   .583E-05  -.616E-05   .000E+00   .000E+00   .992E-07   .000E+00   .100E-06   .000E+00   .000E+00   .000E+00    4185   .5949E-07
     315.00000   .432E-07  -.606E-08   .609E-05  -.619E-05   .000E+00   .000E+00   .992E-07   .000E+00   .100E-06   .000E+00   .000E+00   .000E+00    4276   .6252E-07
     320.00000   .432E-07  -.110E-07   .621E-05  -.622E-05   .000E+00   .000E+00   .992E-07   .000E+00   .100E-06   .000E+00   .000E+00   .000E+00    4347   .5686E-07
     325.00000   .108E-07  -.194E-07   .630E-05  -.630E-05   .000E+00   .000E+00   .992E-07   .000E+00   .100E-06   .000E+00   .000E+00   .000E+00    4438   .6035E-07
     330.00000   .000E+00  -.209E-07   .635E-05  -.641E-05   .000E+00   .000E+00   .992E-07   .000E+00   .100E-06   .000E+00   .000E+00   .000E+00    4492   .5723E-07
     335.00000   .491E-09  -.199E-07   .654E-05  -.650E-05   .000E+00   .000E+00   .992E-07   .000E+00   .100E-06   .000E+00   .000E+00   .000E+00    4586   .5983E-07
     340.00000   .000E+00  -.245E-07   .665E-05  -.662E-05   .000E+00   .000E+00   .992E-07   .000E+00   .100E-06   .000E+00   .000E+00   .000E+00    4677   .6175E-07
     345.00000   .844E-23  -.238E-07   .669E-05  -.674E-05   .000E+00   .000E+00   .992E-07   .000E+00   .100E-06   .000E+00   .000E+00   .000E+00    4728   .6301E-07
     350.00000   .491E-09  -.188E-07   .689E-05  -.685E-05   .000E+00   .000E+00   .992E-07   .000E+00   .100E-06   .000E+00   .000E+00   .000E+00    4817   .6583E-07
     355.00000   .000E+00  -.215E-07   .689E-05  -.695E-05   .000E+00   .000E+00   .992E-07   .000E+00   .100E-06   .000E+00   .000E+00   .000E+00    4849   .6612E-07
     360.00000   .197E-08  -.191E-07   .695E-05  -.705E-05   .000E+00   .000E+00   .992E-07   .000E+00   .100E-06   .000E+00   .000E+00   .000E+00    4940   .6772E-07
     365.00000   .197E-08  -.156E-07   .695E-05  -.714E-05   .000E+00   .000E+00   .992E-07   .000E+00   .100E-06   .000E+00   .000E+00   .000E+00    4972   .6829E-07
     370.00000   .108E-07  -.136E-07   .710E-05  -.721E-05   .000E+00   .000E+00   .992E-07   .000E+00   .100E-06   .000E+00   .000E+00   .000E+00    5064   .5857E-07
     375.00000   .177E-07  -.135E-07   .718E-05  -.728E-05   .000E+00   .000E+00   .992E-07   .000E+00   .100E-06   .000E+00   .000E+00   .000E+00    5155   .5749E-07
     380.00000   .226E-07  -.141E-07   .724E-05  -.735E-05   .000E+00   .000E+00   .992E-07   .000E+00   .100E-06   .000E+00   .000E+00   .000E+00    5226   .5837E-07
     385.00000   .360E-23  -.141E-07   .726E-05  -.742E-05   .000E+00   .000E+00   .992E-07   .000E+00   .100E-06   .000E+00   .000E+00   .000E+00    5258   .5915E-07
     390.00000   .472E-07  -.137E-07   .745E-05  -.749E-05   .000E+00   .000E+00   .992E-07   .000E+00   .100E-06   .000E+00   .000E+00   .000E+00    5368   .6148E-07
     395.00000   .138E-07  -.153E-07   .749E-05  -.756E-05   .000E+00   .000E+00   .992E-07   .000E+00   .100E-06   .000E+00   .000E+00   .000E+00    5439   .6229E-07
     400.00000   .786E-08  -.169E-07   .769E-05  -.764E-05   .000E+00   .000E+00   .992E-07   .000E+00   .100E-06   .000E+00   .000E+00   .000E+00    5532   .4764E-07
     405.00000   .265E-07  -.267E-07   .790E-05  -.775E-05   .000E+00   .000E+00   .992E-07   .000E+00   .100E-06   .000E+00   .000E+00   .000E+00    5623   .5069E-07
     410.00000   .341E-22  -.344E-07   .811E-05  -.790E-05   .000E+00   .000E+00   .992E-07   .000E+00   .100E-06   .000E+00   .000E+00   .000E+00    5698   .3776E-07
     415.00000   .855E-07  -.353E-07   .832E-05  -.809E-05   .000E+00   .000E+00   .992E-07   .000E+00   .100E-06   .000E+00   .000E+00   .000E+00    5808   .4108E-07
     420.00000   .275E-07  -.630E-07   .864E-05  -.830E-05   .000E+00   .000E+00   .992E-07   .000E+00   .100E-06   .000E+00   .000E+00   .000E+00    5919   .4568E-07
     425.00000   .983E-07  -.420E-07   .875E-05  -.856E-05   .000E+00   .000E+00   .992E-07   .000E+00   .100E-06   .000E+00   .000E+00   .000E+00    6010   .4898E-07
     430.00000   .511E-07  -.295E-07   .883E-05  -.873E-05   .000E+00   .000E+00   .992E-07   .000E+00   .100E-06   .000E+00   .000E+00   .000E+00    6081   .4826E-07
     435.00000   .197E-08  -.270E-07   .893E-05  -.887E-05   .000E+00   .000E+00   .992E-07   .000E+00   .100E-06   .000E+00   .000E+00   .000E+00    6111   .3836E-07
     440.00000   .491E-09  -.238E-07   .895E-05  -.900E-05   .000E+00   .000E+00   .992E-07   .000E+00   .100E-06   .000E+00   .000E+00   .000E+00    6182   .3789E-07
     445.00000   .491E-09  -.186E-07   .908E-05  -.911E-05   .000E+00   .000E+00   .992E-07   .000E+00   .100E-06   .000E+00   .000E+00   .000E+00    6292   .3952E-07
     450.00000   .295E-08  -.203E-07   .936E-05  -.920E-05   .000E+00   .000E+00   .992E-07   .000E+00   .100E-06   .000E+00   .000E+00   .000E+00    6403   .4312E-07
     455.00000   .462E-07  -.319E-07   .950E-05  -.934E-05   .000E+00   .000E+00   .992E-07   .000E+00   .100E-06   .000E+00   .000E+00   .000E+00    6475   .4559E-07
     460.00000   .324E-07  -.313E-07   .963E-05  -.950E-05   .000E+00   .000E+00   .992E-07   .000E+00   .100E-06   .000E+00   .000E+00   .000E+00    6546   .4709E-07
     465.00000   .167E-07  -.288E-07   .971E-05  -.965E-05   .000E+00   .000E+00   .992E-07   .000E+00   .100E-06   .000E+00   .000E+00   .000E+00    6618   .4968E-07
     470.00000   .324E-07  -.253E-07   .987E-05  -.978E-05   .000E+00   .000E+00   .992E-07   .000E+00   .100E-06   .000E+00   .000E+00   .000E+00    6709   .5300E-07
     475.00000   .334E-07  -.260E-07   .994E-05  -.991E-05   .000E+00   .000E+00   .992E-07   .000E+00   .999E-07   .000E+00   .000E+00   .000E+00    6781   .5397E-07
     480.00000   .105E-06  -.248E-07   .103E-04  -.100E-04   .000E+00   .000E+00   .992E-07   .000E+00   .999E-07   .000E+00   .000E+00   .000E+00    6891   .5769E-07
     485.00000   .128E-07  -.395E-07   .104E-04  -.102E-04   .000E+00   .000E+00   .992E-07   .000E+00   .999E-07   .000E+00   .000E+00   .000E+00    6982   .6026E-07
     490.00000   .000E+00  -.388E-07   .105E-04  -.104E-04   .000E+00   .000E+00   .992E-07   .000E+00   .999E-07   .000E+00   .000E+00   .000E+00    7034   .5668E-07
     495.00000   .167E-07  -.272E-07   .106E-04  -.106E-04   .000E+00   .000E+00   .992E-07   .000E+00   .999E-07   .000E+00   .000E+00   .000E+00    7124   .5829E-07
     500.00000   .432E-07  -.209E-07   .106E-04  -.107E-04   .000E+00   .000E+00   .992E-07   .000E+00   .998E-07   .000E+00   .000E+00   .000E+00    7195   .5903E-07
     505.00000   .491E-09  -.162E-07   .106E-04  -.108E-04   .000E+00   .000E+00   .992E-07   .000E+00   .998E-07   .000E+00   .000E+00   .000E+00    7247   .5962E-07
     510.00000   .505E-22  -.147E-07   .107E-04  -.108E-04   .000E+00   .000E+00   .992E-07   .000E+00   .998E-07   .000E+00   .000E+00   .000E+00    7300   .5853E-07
     515.00000   .491E-09  -.153E-07   .108E-04  -.109E-04   .000E+00   .000E+00   .992E-07   .000E+00   .998E-07   .000E+00   .000E+00   .000E+00    7371   .5902E-07
     520.00000   .120E-22  -.143E-07   .108E-04  -.110E-04   .000E+00   .000E+00   .992E-07   .000E+00   .998E-07   .000E+00   .000E+00   .000E+00    7380   .5950E-07
     525.00000   .361E-22  -.126E-07   .108E-04  -.111E-04   .000E+00   .000E+00   .992E-07   .000E+00   .998E-07   .000E+00   .000E+00   .000E+00    7385   .6042E-07
     530.00000   .359E-22  -.106E-07   .108E-04  -.111E-04   .000E+00   .000E+00   .992E-07   .000E+00   .998E-07   .000E+00   .000E+00   .000E+00    7416   .5763E-07
     535.00000   .000E+00  -.884E-08   .108E-04  -.112E-04   .000E+00   .000E+00   .992E-07   .000E+00   .998E-07   .000E+00   .000E+00   .000E+00    7445   .5802E-07
     540.00000   .216E-07  -.767E-08   .108E-04  -.112E-04   .000E+00   .000E+00   .992E-07   .000E+00   .998E-07   .000E+00   .000E+00   .000E+00    7516   .5837E-07
     545.00000   .141E-06  -.704E-08   .111E-04  -.112E-04   .000E+00   .000E+00   .992E-07   .000E+00   .998E-07   .000E+00   .000E+00   .000E+00    7609   .6067E-07
     550.00000   .590E-08  -.175E-07   .115E-04  -.113E-04   .000E+00   .000E+00   .992E-07   .000E+00   .998E-07   .000E+00   .000E+00   .000E+00    7721   .6735E-07
     555.00000   .295E-08  -.407E-07   .116E-04  -.115E-04   .000E+00   .000E+00   .992E-07   .000E+00   .998E-07   .000E+00   .000E+00   .000E+00    7792   .6637E-07
     560.00000   .246E-06  -.259E-07   .118E-04  -.116E-04   .000E+00   .000E+00   .992E-07   .000E+00   .998E-07   .000E+00   .000E+00   .000E+00    7850   .7050E-07
     565.00000   .865E-07  -.527E-07   .121E-04  -.118E-04   .000E+00   .000E+00   .992E-07   .000E+00   .998E-07   .000E+00   .000E+00   .000E+00    7942   .7230E-07
     570.00000   .151E-06  -.400E-07   .123E-04  -.121E-04   .000E+00   .000E+00   .992E-07   .000E+00   .997E-07   .000E+00   .000E+00   .000E+00    7996   .6482E-07
     575.00000   .108E-07  -.428E-07   .124E-04  -.122E-04   .000E+00   .000E+00   .992E-07   .000E+00   .997E-07   .000E+00   .000E+00   .000E+00    8069   .6133E-07
     580.00000   .518E-23  -.305E-07   .124E-04  -.124E-04   .000E+00   .000E+00   .992E-07   .000E+00   .997E-07   .000E+00   .000E+00   .000E+00    8079   .6187E-07
     585.00000   .285E-07  -.218E-07   .127E-04  -.126E-04   .000E+00   .000E+00   .992E-07   .000E+00   .997E-07   .000E+00   .000E+00   .000E+00    8171   .6503E-07
     590.00000   .884E-08  -.262E-07   .127E-04  -.127E-04   .000E+00   .000E+00   .992E-07   .000E+00   .997E-07   .000E+00   .000E+00   .000E+00    8262   .6637E-07
     595.00000   .236E-07  -.253E-07   .128E-04  -.128E-04   .000E+00   .000E+00   .992E-07   .000E+00   .997E-07   .000E+00   .000E+00   .000E+00    8354   .6177E-07
     600.00000   .226E-07  -.227E-07   .129E-04  -.129E-04   .000E+00   .000E+00   .992E-07   .000E+00   .997E-07   .000E+00   .000E+00   .000E+00    8445   .6272E-07
     605.00000   .199E-22  -.200E-07   .129E-04  -.130E-04   .000E+00   .000E+00   .992E-07   .000E+00   .997E-07   .000E+00   .000E+00   .000E+00    8475   .6352E-07
     610.00000   .491E-09  -.153E-07   .129E-04  -.131E-04   .000E+00   .000E+00   .992E-07   .000E+00   .997E-07   .000E+00   .000E+00   .000E+00    8501   .6531E-07
     615.00000   .491E-09  -.130E-07   .129E-04  -.132E-04   .000E+00   .000E+00   .992E-07   .000E+00   .997E-07   .000E+00   .000E+00   .000E+00    8553   .6212E-07
     620.00000   .129E-06  -.110E-07   .131E-04  -.133E-04   .000E+00   .000E+00   .992E-07   .000E+00   .997E-07   .000E+00   .000E+00   .000E+00    8663   .6409E-07
     625.00000   .134E-21  -.178E-07   .135E-04  -.133E-04   .000E+00   .000E+00   .992E-07   .000E+00   .997E-07   .000E+00   .000E+00   .000E+00    8737   .6698E-07
     630.00000   .262E-22  -.336E-07   .135E-04  -.135E-04   .000E+00   .000E+00   .992E-07   .000E+00   .997E-07   .000E+00   .000E+00   .000E+00    8768   .6509E-07
     635.00000   .000E+00  -.244E-07   .135E-04  -.136E-04   .000E+00   .000E+00   .992E-07   .000E+00   .997E-07   .000E+00   .000E+00   .000E+00    8775   .6847E-07
     640.00000   .130E-06  -.166E-07   .138E-04  -.137E-04   .000E+00   .000E+00   .992E-07   .000E+00   .997E-07   .000E+00   .000E+00   .000E+00    8845   .7156E-07
     645.00000   .491E-09  -.259E-07   .139E-04  -.138E-04   .000E+00   .000E+00   .992E-07   .000E+00   .997E-07   .000E+00   .000E+00   .000E+00    8955   .7447E-07
     650.00000   .530E-22  -.302E-07   .139E-04  -.140E-04   .000E+00   .000E+00   .992E-07   .000E+00   .997E-07   .000E+00   .000E+00   .000E+00    8966   .7468E-07
     655.00000   .323E-22  -.229E-07   .140E-04  -.141E-04   .000E+00   .000E+00   .992E-07   .000E+00   .997E-07   .000E+00   .000E+00   .000E+00    9017   .7532E-07
     660.00000   .128E-07  -.168E-07   .142E-04  -.142E-04   .000E+00   .000E+00   .992E-07   .000E+00   .997E-07   .000E+00   .000E+00   .000E+00    9107   .7892E-07
     665.00000   .128E-07  -.255E-07   .143E-04  -.143E-04   .000E+00   .000E+00   .992E-07   .000E+00   .997E-07   .000E+00   .000E+00   .000E+00    9217   .8058E-07
     670.00000   .000E+00  -.236E-07   .143E-04  -.144E-04   .000E+00   .000E+00   .992E-07   .000E+00   .997E-07   .000E+00   .000E+00   .000E+00    9269   .7649E-07
     675.00000   .786E-08  -.221E-07   .146E-04  -.145E-04   .000E+00   .000E+00   .992E-07   .000E+00   .997E-07   .000E+00   .000E+00   .000E+00    9362   .7894E-07
     680.00000   .491E-09  -.240E-07   .147E-04  -.146E-04   .000E+00   .000E+00   .992E-07   .000E+00   .997E-07   .000E+00   .000E+00   .000E+00    9452   .7827E-07
     685.00000   .491E-07  -.234E-07   .148E-04  -.148E-04   .000E+00   .000E+00   .992E-07   .000E+00   .997E-07   .000E+00   .000E+00   .000E+00    9544   .7342E-07
     690.00000   .786E-07  -.241E-07   .150E-04  -.149E-04   .000E+00   .000E+00   .992E-07   .000E+00   .997E-07   .000E+00   .000E+00   .000E+00    9654   .7602E-07
     695.00000   .477E-22  -.269E-07   .150E-04  -.150E-04   .000E+00   .000E+00   .992E-07   .000E+00   .997E-07   .000E+00   .000E+00   .000E+00    9687   .6664E-07
     700.00000   .197E-07  -.221E-07   .151E-04  -.151E-04   .000E+00   .000E+00   .992E-07   .000E+00   .997E-07   .000E+00   .000E+00   .000E+00    9738   .6787E-07
     705.00000   .324E-07  -.204E-07   .153E-04  -.152E-04   .000E+00   .000E+00   .992E-07   .000E+00   .997E-07   .000E+00   .000E+00   .000E+00    9848   .7078E-07
     710.00000   .000E+00  -.263E-07   .153E-04  -.154E-04   .000E+00   .000E+00   .992E-07   .000E+00   .997E-07   .000E+00   .000E+00   .000E+00    9878   .6972E-07
     715.00000   .518E-23  -.217E-07   .153E-04  -.155E-04   .000E+00   .000E+00   .992E-07   .000E+00   .997E-07   .000E+00   .000E+00   .000E+00    9930   .7003E-07
     720.00000   .590E-08  -.155E-07   .154E-04  -.156E-04   .000E+00   .000E+00   .992E-07   .000E+00   .997E-07   .000E+00   .000E+00   .000E+00   10022   .6730E-07
     725.00000   .491E-09  -.135E-07   .154E-04  -.156E-04   .000E+00   .000E+00   .992E-07   .000E+00   .997E-07   .000E+00   .000E+00   .000E+00   10054   .6686E-07
     730.00000   .491E-09  -.115E-07   .154E-04  -.157E-04   .000E+00   .000E+00   .992E-07   .000E+00   .997E-07   .000E+00   .000E+00   .000E+00   10125   .6517E-07
     735.00000   .491E-09  -.981E-08   .155E-04  -.158E-04   .000E+00   .000E+00   .992E-07   .000E+00   .997E-07   .000E+00   .000E+00   .000E+00   10235   .6540E-07
     740.00000   .000E+00  -.864E-08   .155E-04  -.158E-04   .000E+00   .000E+00   .992E-07   .000E+00   .997E-07   .000E+00   .000E+00   .000E+00   10267   .6549E-07
     745.00000   .688E-08  -.773E-08   .155E-04  -.158E-04   .000E+00   .000E+00   .992E-07   .000E+00   .997E-07   .000E+00   .000E+00   .000E+00   10294   .6591E-07
     750.00000   .128E-07  -.717E-08   .155E-04  -.159E-04   .000E+00   .000E+00   .992E-07   .000E+00   .997E-07   .000E+00   .000E+00   .000E+00   10385   .6614E-07
     755.00000   .334E-07  -.660E-08   .157E-04  -.159E-04   .000E+00   .000E+00   .992E-07   .000E+00   .997E-07   .000E+00   .000E+00   .000E+00   10495   .6812E-07
     760.00000   .177E-07  -.754E-08   .159E-04  -.159E-04   .000E+00   .000E+00   .992E-07   .000E+00   .997E-07   .000E+00   .000E+00   .000E+00   10587   .6941E-07
     765.00000   .167E-07  -.158E-07   .160E-04  -.160E-04   .000E+00   .000E+00   .992E-07   .000E+00   .997E-07   .000E+00   .000E+00   .000E+00   10678   .7136E-07
     770.00000   .000E+00  -.182E-07   .160E-04  -.161E-04   .000E+00   .000E+00   .992E-07   .000E+00   .997E-07   .000E+00   .000E+00   .000E+00   10730   .7151E-07
     775.00000   .295E-08  -.153E-07   .160E-04  -.162E-04   .000E+00   .000E+00   .992E-07   .000E+00   .997E-07   .000E+00   .000E+00   .000E+00   10799   .7216E-07
     780.00000   .491E-09  -.134E-07   .161E-04  -.163E-04   .000E+00   .000E+00   .992E-07   .000E+00   .997E-07   .000E+00   .000E+00   .000E+00   10909   .7356E-07
     785.00000   .491E-09  -.137E-07   .162E-04  -.163E-04   .000E+00   .000E+00   .992E-07   .000E+00   .997E-07   .000E+00   .000E+00   .000E+00   10981   .7288E-07
     790.00000   .491E-09  -.147E-07   .162E-04  -.164E-04   .000E+00   .000E+00   .992E-07   .000E+00   .997E-07   .000E+00   .000E+00   .000E+00   11013   .7314E-07
     795.00000   .000E+00  -.138E-07   .163E-04  -.165E-04   .000E+00   .000E+00   .992E-07   .000E+00   .997E-07   .000E+00   .000E+00   .000E+00   11105   .6977E-07
     800.00000   .364E-07  -.135E-07   .164E-04  -.165E-04   .000E+00   .000E+00   .992E-07   .000E+00   .997E-07   .000E+00   .000E+00   .000E+00   11195   .7068E-07
     805.00000   .393E-07  -.130E-07   .164E-04  -.166E-04   .000E+00   .000E+00   .992E-07   .000E+00   .997E-07   .000E+00   .000E+00   .000E+00   11267   .6684E-07
     810.00000   .128E-07  -.127E-07   .165E-04  -.167E-04   .000E+00   .000E+00   .992E-07   .000E+00   .997E-07   .000E+00   .000E+00   .000E+00   11358   .6868E-07
     815.00000   .177E-07  -.134E-07   .166E-04  -.167E-04   .000E+00   .000E+00   .992E-07   .000E+00   .997E-07   .000E+00   .000E+00   .000E+00   11449   .6956E-07
     820.00000   .182E-22  -.137E-07   .166E-04  -.168E-04   .000E+00   .000E+00   .992E-07   .000E+00   .997E-07   .000E+00   .000E+00   .000E+00   11479   .6945E-07
     825.00000   .472E-22  -.130E-07   .166E-04  -.169E-04   .000E+00   .000E+00   .992E-07   .000E+00   .997E-07   .000E+00   .000E+00   .000E+00   11509   .6966E-07
     830.00000   .157E-22  -.115E-07   .166E-04  -.169E-04   .000E+00   .000E+00   .992E-07   .000E+00   .997E-07   .000E+00   .000E+00   .000E+00   11514   .7045E-07
     835.00000   .315E-22  -.960E-08   .166E-04  -.170E-04   .000E+00   .000E+00   .992E-07   .000E+00   .997E-07   .000E+00   .000E+00   .000E+00   11519   .7128E-07
     840.00000   .000E+00  -.783E-08   .166E-04  -.170E-04   .000E+00   .000E+00   .992E-07   .000E+00   .997E-07   .000E+00   .000E+00   .000E+00   11549   .7019E-07
     845.00000   .000E+00  -.709E-08   .168E-04  -.171E-04   .000E+00   .000E+00   .992E-07   .000E+00   .997E-07   .000E+00   .000E+00   .000E+00   11641   .6444E-07
     850.00000   .247E-22  -.682E-08   .168E-04  -.171E-04   .000E+00   .000E+00   .992E-07   .000E+00   .997E-07   .000E+00   .000E+00   .000E+00   11692   .6512E-07
     855.00000   .874E-24  -.789E-08   .168E-04  -.171E-04   .000E+00   .000E+00   .992E-07   .000E+00   .997E-07   .000E+00   .000E+00   .000E+00   11697   .6517E-07
     860.00000   .000E+00  -.889E-08   .169E-04  -.172E-04   .000E+00   .000E+00   .992E-07   .000E+00   .997E-07   .000E+00   .000E+00   .000E+00   11725   .6438E-07
     865.00000   .101E-06  -.828E-08   .170E-04  -.172E-04   .000E+00   .000E+00   .992E-07   .000E+00   .997E-07   .000E+00   .000E+00   .000E+00   11778   .6406E-07
     870.00000   .115E-21  -.193E-07   .174E-04  -.173E-04   .000E+00   .000E+00   .992E-07   .000E+00   .997E-07   .000E+00   .000E+00   .000E+00   11837   .5051E-07
     875.00000   .786E-08  -.398E-07   .177E-04  -.174E-04   .000E+00   .000E+00   .992E-07   .000E+00   .997E-07   .000E+00   .000E+00   .000E+00   11928   .5488E-07
     880.00000   .000E+00  -.435E-07   .178E-04  -.177E-04   .000E+00   .000E+00   .992E-07   .000E+00   .997E-07   .000E+00   .000E+00   .000E+00   11981   .5078E-07
     885.00000   .295E-08  -.294E-07   .178E-04  -.178E-04   .000E+00   .000E+00   .992E-07   .000E+00   .997E-07   .000E+00   .000E+00   .000E+00   12031   .5298E-07
     890.00000   .491E-09  -.216E-07   .178E-04  -.180E-04   .000E+00   .000E+00   .992E-07   .000E+00   .997E-07   .000E+00   .000E+00   .000E+00   12063   .5368E-07
     895.00000   .108E-06  -.152E-07   .180E-04  -.181E-04   .000E+00   .000E+00   .992E-07   .000E+00   .997E-07   .000E+00   .000E+00   .000E+00   12135   .4700E-07
     900.00000   .816E-07  -.261E-07   .185E-04  -.181E-04   .000E+00   .000E+00   .992E-07   .000E+00   .997E-07   .000E+00   .000E+00   .000E+00   12245   .5275E-07
     905.00000   .534E-22  -.507E-07   .185E-04  -.184E-04   .000E+00   .000E+00   .992E-07   .000E+00   .997E-07   .000E+00   .000E+00   .000E+00   12316   .5513E-07
     910.00000   .560E-07  -.425E-07   .190E-04  -.186E-04   .000E+00   .000E+00   .992E-07   .000E+00   .997E-07   .000E+00   .000E+00   .000E+00   12427   .6041E-07
     915.00000   .208E-22  -.518E-07   .190E-04  -.189E-04   .000E+00   .000E+00   .992E-07   .000E+00   .997E-07   .000E+00   .000E+00   .000E+00   12459   .6451E-07
     920.00000   .173E-22  -.290E-07   .190E-04  -.191E-04   .000E+00   .000E+00   .992E-07   .000E+00   .997E-07   .000E+00   .000E+00   .000E+00   12469   .6944E-07
     925.00000   .559E-22  -.206E-07   .190E-04  -.192E-04   .000E+00   .000E+00   .992E-07   .000E+00   .997E-07   .000E+00   .000E+00   .000E+00   12474   .7340E-07
     930.00000   .372E-22  -.147E-07   .190E-04  -.193E-04   .000E+00   .000E+00   .992E-07   .000E+00   .997E-07   .000E+00   .000E+00   .000E+00   12504   .7410E-07
     935.00000   .226E-07  -.118E-07   .192E-04  -.194E-04   .000E+00   .000E+00   .992E-07   .000E+00   .997E-07   .000E+00   .000E+00   .000E+00   12595   .7596E-07
     940.00000   .491E-09  -.107E-07   .194E-04  -.194E-04   .000E+00   .000E+00   .992E-07   .000E+00   .997E-07   .000E+00   .000E+00   .000E+00   12669   .7346E-07
     945.00000   .806E-07  -.168E-07   .195E-04  -.195E-04   .000E+00   .000E+00   .992E-07   .000E+00   .997E-07   .000E+00   .000E+00   .000E+00   12721   .7460E-07
     950.00000   .000E+00  -.196E-07   .195E-04  -.196E-04   .000E+00   .000E+00   .992E-07   .000E+00   .997E-07   .000E+00   .000E+00   .000E+00   12812   .7531E-07
     955.00000   .491E-09  -.184E-07   .195E-04  -.197E-04   .000E+00   .000E+00   .992E-07   .000E+00   .997E-07   .000E+00   .000E+00   .000E+00   12903   .7581E-07
     960.00000   .825E-07  -.150E-07   .196E-04  -.198E-04   .000E+00   .000E+00   .992E-07   .000E+00   .997E-07   .000E+00   .000E+00   .000E+00   12974   .7635E-07
     965.00000   .000E+00  -.142E-07   .197E-04  -.198E-04   .000E+00   .000E+00   .992E-07   .000E+00   .997E-07   .000E+00   .000E+00   .000E+00   13027   .7189E-07
     970.00000   .456E-22  -.141E-07   .198E-04  -.199E-04   .000E+00   .000E+00   .992E-07   .000E+00   .997E-07   .000E+00   .000E+00   .000E+00   13078   .7242E-07
     975.00000   .742E-22  -.149E-07   .199E-04  -.200E-04   .000E+00   .000E+00   .992E-07   .000E+00   .997E-07   .000E+00   .000E+00   .000E+00   13169   .7189E-07
     980.00000   .502E-22  -.164E-07   .199E-04  -.200E-04   .000E+00   .000E+00   .992E-07   .000E+00   .997E-07   .000E+00   .000E+00   .000E+00   13176   .7201E-07
     985.00000   .651E-22  -.148E-07   .199E-04  -.201E-04   .000E+00   .000E+00   .992E-07   .000E+00   .997E-07   .000E+00   .000E+00   .000E+00   13181   .7296E-07
     990.00000   .177E-22  -.126E-07   .199E-04  -.202E-04   .000E+00   .000E+00   .992E-07   .000E+00   .997E-07   .000E+00   .000E+00   .000E+00   13211   .7331E-07
     995.00000   .491E-09  -.103E-07   .199E-04  -.202E-04   .000E+00   .000E+00   .992E-07   .000E+00   .997E-07   .000E+00   .000E+00   .000E+00   13237   .7406E-07
    1000.00000   .314E-07  -.835E-08   .200E-04  -.203E-04   .000E+00   .000E+00   .992E-07   .000E+00   .997E-07   .000E+00   .000E+00   .000E+00   13309   .7352E-07
    1005.00000   .543E-23  -.752E-08   .200E-04  -.203E-04   .000E+00   .000E+00   .992E-07   .000E+00   .997E-07   .000E+00   .000E+00   .000E+00   13339   .7361E-07
    1010.00000   .237E-22  -.723E-08   .201E-04  -.204E-04   .000E+00   .000E+00   .992E-07   .000E+00   .997E-07   .000E+00   .000E+00   .000E+00   13391   .6946E-07
    1015.00000   .000E+00  -.745E-08   .201E-04  -.204E-04   .000E+00   .000E+00   .992E-07   .000E+00   .997E-07   .000E+00   .000E+00   .000E+00   13421   .6937E-07
    1020.00000   .491E-08  -.775E-08   .202E-04  -.204E-04   .000E+00   .000E+00   .992E-07   .000E+00   .997E-07   .000E+00   .000E+00   .000E+00   13493   .6859E-07
    1025.00000   .433E-22  -.888E-08   .202E-04  -.205E-04   .000E+00   .000E+00   .992E-07   .000E+00   .997E-07   .000E+00   .000E+00   .000E+00   13584   .6920E-07
    1030.00000   .000E+00  -.973E-08   .202E-04  -.205E-04   .000E+00   .000E+00   .992E-07   .000E+00   .997E-07   .000E+00   .000E+00   .000E+00   13591   .6933E-07
    1035.00000   .200E-22  -.940E-08   .203E-04  -.206E-04   .000E+00   .000E+00   .992E-07   .000E+00   .997E-07   .000E+00   .000E+00   .000E+00   13620   .6890E-07
    1040.00000   .491E-09  -.827E-08   .203E-04  -.206E-04   .000E+00   .000E+00   .992E-07   .000E+00   .997E-07   .000E+00   .000E+00   .000E+00   13668   .6968E-07
    1045.00000   .754E-23  -.767E-08   .204E-04  -.207E-04   .000E+00   .000E+00   .992E-07   .000E+00   .997E-07   .000E+00   .000E+00   .000E+00   13740   .7108E-07
    1050.00000   .786E-08  -.929E-08   .205E-04  -.207E-04   .000E+00   .000E+00   .992E-07   .000E+00   .997E-07   .000E+00   .000E+00   .000E+00   13850   .7209E-07
    1055.00000   .462E-07  -.131E-07   .209E-04  -.208E-04   .000E+00   .000E+00   .992E-07   .000E+00   .997E-07   .000E+00   .000E+00   .000E+00   13962   .7714E-07
    1060.00000   .265E-07  -.336E-07   .210E-04  -.209E-04   .000E+00   .000E+00   .992E-07   .000E+00   .997E-07   .000E+00   .000E+00   .000E+00   14053   .7922E-07
    1065.00000   .000E+00  -.286E-07   .211E-04  -.210E-04   .000E+00   .000E+00   .992E-07   .000E+00   .997E-07   .000E+00   .000E+00   .000E+00   14145   .7791E-07
    1070.00000   .491E-09  -.249E-07   .211E-04  -.212E-04   .000E+00   .000E+00   .992E-07   .000E+00   .997E-07   .000E+00   .000E+00   .000E+00   14173   .7926E-07
    1075.00000   .491E-09  -.184E-07   .211E-04  -.213E-04   .000E+00   .000E+00   .992E-07   .000E+00   .997E-07   .000E+00   .000E+00   .000E+00   14264   .7986E-07
    1080.00000   .000E+00  -.148E-07   .211E-04  -.214E-04   .000E+00   .000E+00   .992E-07   .000E+00   .997E-07   .000E+00   .000E+00   .000E+00   14294   .8010E-07
    1085.00000   .688E-08  -.127E-07   .212E-04  -.214E-04   .000E+00   .000E+00   .992E-07   .000E+00   .997E-07   .000E+00   .000E+00   .000E+00   14383   .8101E-07
    1090.00000   .491E-09  -.113E-07   .212E-04  -.215E-04   .000E+00   .000E+00   .992E-07   .000E+00   .997E-07   .000E+00   .000E+00   .000E+00   14434   .8092E-07
    1095.00000   .246E-09  -.105E-07   .212E-04  -.215E-04   .000E+00   .000E+00   .992E-07   .000E+00   .997E-07   .000E+00   .000E+00   .000E+00   14443   .8111E-07
end
