 ******* Program HYDRUS
 ******* Welcome to HYDRUS-1D                                                   
  
 Date:  30.10.    Time:  10: 1: 0
 Units: L = cm   , T = days , M = mmol 

       Time          rTop        rRoot        vTop         vRoot        vBot       sum(rTop)   sum(rRoot)    sum(vTop)   sum(vRoot)    sum(vBot)      hTop         hRoot        hBot        RunOff    sum(RunOff)     Volume     sum(Infil)    sum(Evap) TLevel Cum(WTrans)  xDummy
        [T]         [L/T]        [L/T]        [L/T]        [L/T]        [L/T]         [L]          [L]          [L]         [L]           [L]         [L]           [L]         [L]          [L/T]         [L]          [L]          [L]

       5.0000   .00000E+00   .00000E+00   .50329E-15   .00000E+00  -.15488E+00  -.16000E+00   .00000E+00  -.16000E+00   .00000E+00  -.77815E+00  -.81872E+02   .00000E+00  -.60226E+02   .00000E+00   .00000E+00   .00000E+00   .00000E+00   .11146E-14     52   .00000E+00       .000
      10.0000  -.18000E+00   .00000E+00  -.18000E+00   .00000E+00  -.14499E+00  -.34500E+00   .00000E+00  -.34500E+00   .00000E+00  -.15306E+01  -.71675E+02   .00000E+00  -.62308E+02   .00000E+00   .00000E+00   .00000E+00   .00000E+00   .15491E-14    102   .00000E+00       .000
      15.0000  -.34000E+00   .00000E+00  -.34000E+00   .00000E+00  -.12689E+00  -.13550E+01   .00000E+00  -.13550E+01   .00000E+00  -.22106E+01  -.52822E+02   .00000E+00  -.66027E+02   .00000E+00   .00000E+00   .00000E+00   .00000E+00   .15491E-14    212   .00000E+00       .000
      20.0000  -.50000E-02   .00000E+00  -.50000E-02   .00000E+00  -.11557E+00  -.20250E+01   .00000E+00  -.20250E+01   .00000E+00  -.28081E+01  -.72347E+02   .00000E+00  -.68242E+02   .00000E+00   .00000E+00   .00000E+00   .00000E+00   .15491E-14    322   .00000E+00       .000
      25.0000  -.50000E-02   .00000E+00  -.50000E-02   .00000E+00  -.12310E+00  -.24600E+01   .00000E+00  -.24600E+01   .00000E+00  -.34028E+01  -.79161E+02   .00000E+00  -.66661E+02   .00000E+00   .00000E+00   .00000E+00   .00000E+00   .18774E-14    376   .00000E+00       .000
      30.0000  -.20000E-01   .00000E+00  -.20000E-01   .00000E+00  -.12594E+00  -.31250E+01   .00000E+00  -.31250E+01   .00000E+00  -.40308E+01  -.72386E+02   .00000E+00  -.66142E+02   .00000E+00   .00000E+00   .00000E+00   .00000E+00   .20450E-14    466   .00000E+00       .000
      35.0000   .00000E+00   .00000E+00   .65139E-15   .00000E+00  -.12317E+00  -.42050E+01   .00000E+00  -.42050E+01   .00000E+00  -.46512E+01  -.67775E+02   .00000E+00  -.66676E+02   .00000E+00   .00000E+00   .00000E+00   .00000E+00   .26825E-14    557   .00000E+00       .000
      40.0000  -.84000E+00   .00000E+00  -.84000E+00   .00000E+00  -.13312E+00  -.61100E+01   .00000E+00  -.61100E+01   .00000E+00  -.52875E+01  -.35896E+02   .00000E+00  -.64576E+02   .00000E+00   .00000E+00   .00000E+00   .00000E+00   .26825E-14    667   .00000E+00       .000
      45.0000   .00000E+00   .00000E+00   .15049E-14   .00000E+00  -.21849E+00  -.78700E+01   .00000E+00  -.78700E+01   .00000E+00  -.60773E+01  -.61353E+02   .00000E+00  -.54155E+02   .00000E+00   .00000E+00   .00000E+00   .00000E+00   .36050E-14    739   .00000E+00       .000
      50.0000  -.32000E+00   .00000E+00  -.32000E+00   .00000E+00  -.46744E+00  -.11130E+02   .00000E+00  -.11130E+02   .00000E+00  -.76365E+01  -.45816E+02   .00000E+00  -.40330E+02   .00000E+00   .00000E+00   .00000E+00   .00000E+00   .36050E-14    851   .00000E+00       .000
      55.0000  -.50000E-02   .00000E+00  -.50000E-02   .00000E+00  -.38222E+00  -.11235E+02   .00000E+00  -.11235E+02   .00000E+00  -.99135E+01  -.73427E+02   .00000E+00  -.43996E+02   .00000E+00   .00000E+00   .00000E+00   .00000E+00   .39068E-14    924   .00000E+00       .000
      60.0000   .00000E+00   .00000E+00   .25045E-15   .00000E+00  -.25276E+00  -.11565E+02   .00000E+00  -.11565E+02   .00000E+00  -.11415E+02  -.79194E+02   .00000E+00  -.51420E+02   .00000E+00   .00000E+00   .00000E+00   .00000E+00   .55193E-14    976   .00000E+00       .000
      65.0000   .00000E+00   .00000E+00   .54492E-15   .00000E+00  -.18467E+00  -.11575E+02   .00000E+00  -.11575E+02   .00000E+00  -.12486E+02  -.90649E+02   .00000E+00  -.57474E+02   .00000E+00   .00000E+00   .00000E+00   .00000E+00   .62742E-14   1006   .00000E+00       .000
      70.0000  -.74000E+00   .00000E+00  -.74000E+00   .00000E+00  -.14381E+00  -.12435E+02   .00000E+00  -.12435E+02   .00000E+00  -.13273E+02  -.44167E+02   .00000E+00  -.62604E+02   .00000E+00   .00000E+00   .00000E+00   .00000E+00   .65811E-14   1053   .00000E+00       .000
      75.0000  -.50000E-02   .00000E+00  -.50000E-02   .00000E+00  -.13536E+00  -.14590E+02   .00000E+00  -.14590E+02   .00000E+00  -.13942E+02  -.64268E+02   .00000E+00  -.63906E+02   .00000E+00   .00000E+00   .00000E+00   .00000E+00   .65811E-14   1163   .00000E+00       .000
      80.0000   .00000E+00   .00000E+00  -.12360E-15   .00000E+00  -.20395E+00  -.14980E+02   .00000E+00  -.14980E+02   .00000E+00  -.14818E+02  -.77052E+02   .00000E+00  -.55665E+02   .00000E+00   .00000E+00   .00000E+00   .00000E+00   .65811E-14   1214   .00000E+00       .000
      85.0000   .00000E+00   .00000E+00  -.11970E-15   .00000E+00  -.18188E+00  -.15300E+02   .00000E+00  -.15300E+02   .00000E+00  -.15804E+02  -.80630E+02   .00000E+00  -.57704E+02   .00000E+00   .00000E+00   .00000E+00   .00000E+00   .65811E-14   1284   .00000E+00       .000
      90.0000  -.88000E+00   .00000E+00  -.88000E+00   .00000E+00  -.14980E+00  -.16640E+02   .00000E+00  -.16640E+02   .00000E+00  -.16617E+02  -.37849E+02   .00000E+00  -.61339E+02   .00000E+00   .00000E+00   .00000E+00   .00000E+00   .65811E-14   1394   .00000E+00       .000
      95.0000   .00000E+00   .00000E+00   .88362E-15   .00000E+00  -.14161E+00  -.16785E+02   .00000E+00  -.16785E+02   .00000E+00  -.17332E+02  -.78798E+02   .00000E+00  -.62877E+02   .00000E+00   .00000E+00   .00000E+00   .00000E+00   .84921E-14   1445   .00000E+00       .000
     100.0000  -.50000E-02   .00000E+00  -.50000E-02   .00000E+00  -.14158E+00  -.16790E+02   .00000E+00  -.16790E+02   .00000E+00  -.18047E+02  -.90234E+02   .00000E+00  -.62964E+02   .00000E+00   .00000E+00   .00000E+00   .00000E+00   .86472E-14   1471   .00000E+00       .000
     105.0000  -.74000E+00   .00000E+00  -.74000E+00   .00000E+00  -.12865E+00  -.19330E+02   .00000E+00  -.19330E+02   .00000E+00  -.18724E+02  -.36706E+02   .00000E+00  -.65630E+02   .00000E+00   .00000E+00   .00000E+00   .00000E+00   .86472E-14   1562   .00000E+00       .000
     110.0000  -.80000E-01   .00000E+00  -.80000E-01   .00000E+00  -.15649E+00  -.20155E+02   .00000E+00  -.20155E+02   .00000E+00  -.19399E+02  -.62064E+02   .00000E+00  -.59762E+02   .00000E+00   .00000E+00   .00000E+00   .00000E+00   .86472E-14   1672   .00000E+00       .000
     115.0000   .00000E+00   .00000E+00   .12846E-14   .00000E+00  -.26816E+00  -.22285E+02   .00000E+00  -.22285E+02   .00000E+00  -.20454E+02  -.62173E+02   .00000E+00  -.49797E+02   .00000E+00   .00000E+00   .00000E+00   .00000E+00   .94952E-14   1765   .00000E+00       .000
     120.0000  -.50000E-02   .00000E+00  -.50000E-02   .00000E+00  -.29847E+00  -.23150E+02   .00000E+00  -.23150E+02   .00000E+00  -.21929E+02  -.71283E+02   .00000E+00  -.47397E+02   .00000E+00   .00000E+00   .00000E+00   .00000E+00   .10128E-13   1817   .00000E+00       .000
     125.0000  -.22000E+00   .00000E+00  -.22000E+00   .00000E+00  -.24605E+00  -.23885E+02   .00000E+00  -.23885E+02   .00000E+00  -.23304E+02  -.57035E+02   .00000E+00  -.52008E+02   .00000E+00   .00000E+00   .00000E+00   .00000E+00   .10128E-13   1908   .00000E+00       .000
     130.0000  -.60000E-01   .00000E+00  -.60000E-01   .00000E+00  -.19481E+00  -.25090E+02   .00000E+00  -.25090E+02   .00000E+00  -.24387E+02  -.56483E+02   .00000E+00  -.56540E+02   .00000E+00   .00000E+00   .00000E+00   .00000E+00   .10163E-13   1999   .00000E+00       .000
     135.0000  -.30000E+00   .00000E+00  -.30000E+00   .00000E+00  -.18971E+00  -.26400E+02   .00000E+00  -.26400E+02   .00000E+00  -.25329E+02  -.46374E+02   .00000E+00  -.56950E+02   .00000E+00   .00000E+00   .00000E+00   .00000E+00   .10346E-13   2090   .00000E+00       .000
     140.0000   .00000E+00   .00000E+00   .13635E-14   .00000E+00  -.25958E+00  -.29010E+02   .00000E+00  -.29010E+02   .00000E+00  -.26372E+02  -.52524E+02   .00000E+00  -.50490E+02   .00000E+00   .00000E+00   .00000E+00   .00000E+00   .10687E-13   2182   .00000E+00       .000
     145.0000  -.70000E-01   .00000E+00  -.70000E-01   .00000E+00  -.32577E+00  -.29410E+02   .00000E+00  -.29410E+02   .00000E+00  -.28015E+02  -.62575E+02   .00000E+00  -.46300E+02   .00000E+00   .00000E+00   .00000E+00   .00000E+00   .10864E-13   2253   .00000E+00       .000
     150.0000  -.93000E+00   .00000E+00  -.93000E+00   .00000E+00  -.25766E+00  -.31185E+02   .00000E+00  -.31185E+02   .00000E+00  -.29431E+02  -.35492E+02   .00000E+00  -.50927E+02   .00000E+00   .00000E+00   .00000E+00   .00000E+00   .10864E-13   2363   .00000E+00       .000
     155.0000  -.34000E+00   .00000E+00  -.34000E+00   .00000E+00  -.27567E+00  -.33755E+02   .00000E+00  -.33755E+02   .00000E+00  -.30707E+02  -.41998E+02   .00000E+00  -.49105E+02   .00000E+00   .00000E+00   .00000E+00   .00000E+00   .10864E-13   2454   .00000E+00       .000
     160.0000   .00000E+00   .00000E+00   .57376E-15   .00000E+00  -.36197E+00  -.33855E+02   .00000E+00  -.33855E+02   .00000E+00  -.32491E+02  -.72914E+02   .00000E+00  -.44809E+02   .00000E+00   .00000E+00   .00000E+00   .00000E+00   .12151E-13   2505   .00000E+00       .000
     165.0000  -.15000E+00   .00000E+00  -.15000E+00   .00000E+00  -.25356E+00  -.34010E+02   .00000E+00  -.34010E+02   .00000E+00  -.33968E+02  -.69989E+02   .00000E+00  -.51359E+02   .00000E+00   .00000E+00   .00000E+00   .00000E+00   .12910E-13   2554   .00000E+00       .000
     170.0000  -.50000E-02   .00000E+00  -.50000E-02   .00000E+00  -.17867E+00  -.34550E+02   .00000E+00  -.34550E+02   .00000E+00  -.35032E+02  -.77032E+02   .00000E+00  -.58011E+02   .00000E+00   .00000E+00   .00000E+00   .00000E+00   .12910E-13   2645   .00000E+00       .000
     175.0000  -.42000E+00   .00000E+00  -.42000E+00   .00000E+00  -.14868E+00  -.36450E+02   .00000E+00  -.36450E+02   .00000E+00  -.35826E+02  -.43715E+02   .00000E+00  -.61526E+02   .00000E+00   .00000E+00   .00000E+00   .00000E+00   .12910E-13   2755   .00000E+00       .000
     180.0000   .00000E+00   .00000E+00   .88558E-15   .00000E+00  -.17201E+00  -.36720E+02   .00000E+00  -.36720E+02   .00000E+00  -.36596E+02  -.74822E+02   .00000E+00  -.58469E+02   .00000E+00   .00000E+00   .00000E+00   .00000E+00   .13991E-13   2808   .00000E+00       .000
     185.0000   .00000E+00   .00000E+00  -.56552E-15   .00000E+00  -.17305E+00  -.36720E+02   .00000E+00  -.36720E+02   .00000E+00  -.37491E+02  -.87833E+02   .00000E+00  -.58472E+02   .00000E+00   .00000E+00   .00000E+00   .00000E+00   .14017E-13   2814   .00000E+00       .000
     190.0000  -.58000E+00   .00000E+00  -.58000E+00   .00000E+00  -.14884E+00  -.40640E+02   .00000E+00  -.40640E+02   .00000E+00  -.38278E+02  -.35881E+02   .00000E+00  -.61366E+02   .00000E+00   .00000E+00   .00000E+00   .00000E+00   .14017E-13   2906   .00000E+00       .000
     195.0000   .00000E+00   .00000E+00   .93632E-15   .00000E+00  -.39438E+00  -.41920E+02   .00000E+00  -.41920E+02   .00000E+00  -.39579E+02  -.63612E+02   .00000E+00  -.43424E+02   .00000E+00   .00000E+00   .00000E+00   .00000E+00   .15613E-13   2959   .00000E+00       .000
     200.0000   .00000E+00   .00000E+00   .15699E-14   .00000E+00  -.44636E+00  -.44445E+02   .00000E+00  -.44445E+02   .00000E+00  -.41572E+02  -.60721E+02   .00000E+00  -.41304E+02   .00000E+00   .00000E+00   .00000E+00   .00000E+00   .17521E-13   3014   .00000E+00       .000
     205.0000  -.17000E+00   .00000E+00  -.17000E+00   .00000E+00  -.33461E+00  -.44665E+02   .00000E+00  -.44665E+02   .00000E+00  -.43627E+02  -.63716E+02   .00000E+00  -.45958E+02   .00000E+00   .00000E+00   .00000E+00   .00000E+00   .18710E-13   3065   .00000E+00       .000
     210.0000   .00000E+00   .00000E+00  -.11644E-15   .00000E+00  -.23303E+00  -.44675E+02   .00000E+00  -.44675E+02   .00000E+00  -.44982E+02  -.85762E+02   .00000E+00  -.53177E+02   .00000E+00   .00000E+00   .00000E+00   .00000E+00   .18982E-13   3095   .00000E+00       .000
     215.0000   .00000E+00   .00000E+00   .13683E-15   .00000E+00  -.16383E+00  -.44780E+02   .00000E+00  -.44780E+02   .00000E+00  -.45955E+02  -.90162E+02   .00000E+00  -.59337E+02   .00000E+00   .00000E+00   .00000E+00   .00000E+00   .19033E-13   3165   .00000E+00       .000
     220.0000   .00000E+00   .00000E+00   .11644E-15   .00000E+00  -.13413E+00  -.44780E+02   .00000E+00  -.44780E+02   .00000E+00  -.46680E+02  -.99540E+02   .00000E+00  -.64578E+02   .00000E+00   .00000E+00   .00000E+00   .00000E+00   .20420E-13   3172   .00000E+00       .000
     225.0000   .00000E+00   .00000E+00   .45970E-15   .00000E+00  -.11056E+00  -.45390E+02   .00000E+00  -.45390E+02   .00000E+00  -.47282E+02  -.75616E+02   .00000E+00  -.69391E+02   .00000E+00   .00000E+00   .00000E+00   .00000E+00   .21670E-13   3201   .00000E+00       .000
     230.0000  -.53000E+00   .00000E+00  -.53000E+00   .00000E+00  -.91520E-01  -.47340E+02   .00000E+00  -.47340E+02   .00000E+00  -.47782E+02  -.43601E+02   .00000E+00  -.73228E+02   .00000E+00   .00000E+00   .00000E+00   .00000E+00   .21670E-13   3311   .00000E+00       .000
     235.0000  -.79000E+00   .00000E+00  -.79000E+00   .00000E+00  -.11225E+00  -.49920E+02   .00000E+00  -.49920E+02   .00000E+00  -.48260E+02  -.34530E+02   .00000E+00  -.68573E+02   .00000E+00   .00000E+00   .00000E+00   .00000E+00   .21670E-13   3402   .00000E+00       .000
     240.0000  -.17400E+01   .00000E+00  -.17400E+01   .00000E+00  -.37802E+00  -.54170E+02   .00000E+00  -.54170E+02   .00000E+00  -.49310E+02  -.23188E+02   .00000E+00  -.43969E+02   .00000E+00   .00000E+00   .00000E+00   .00000E+00   .21670E-13   3493   .00000E+00       .000
     245.0000   .00000E+00   .00000E+00   .44452E-15   .00000E+00  -.58175E+00  -.55010E+02   .00000E+00  -.55010E+02   .00000E+00  -.52258E+02  -.65850E+02   .00000E+00  -.36707E+02   .00000E+00   .00000E+00   .00000E+00   .00000E+00   .22866E-13   3545   .00000E+00       .000
     250.0000   .00000E+00   .00000E+00   .44843E-15   .00000E+00  -.32124E+00  -.55010E+02   .00000E+00  -.55010E+02   .00000E+00  -.54393E+02  -.80697E+02   .00000E+00  -.46513E+02   .00000E+00   .00000E+00   .00000E+00   .00000E+00   .24963E-13   3555   .00000E+00       .000
     255.0000   .00000E+00   .00000E+00  -.72295E-15   .00000E+00  -.21826E+00  -.55220E+02   .00000E+00  -.55220E+02   .00000E+00  -.55693E+02  -.85030E+02   .00000E+00  -.54504E+02   .00000E+00   .00000E+00   .00000E+00   .00000E+00   .25406E-13   3606   .00000E+00       .000
     260.0000  -.34000E+00   .00000E+00  -.34000E+00   .00000E+00  -.15447E+00  -.55765E+02   .00000E+00  -.55765E+02   .00000E+00  -.56601E+02  -.57858E+02   .00000E+00  -.60425E+02   .00000E+00   .00000E+00   .00000E+00   .00000E+00   .25521E-13   3696   .00000E+00       .000
     265.0000  -.18000E+00   .00000E+00  -.18000E+00   .00000E+00  -.13197E+00  -.56055E+02   .00000E+00  -.56055E+02   .00000E+00  -.57310E+02  -.67769E+02   .00000E+00  -.64987E+02   .00000E+00   .00000E+00   .00000E+00   .00000E+00   .26148E-13   3748   .00000E+00       .000
     270.0000  -.14000E+00   .00000E+00  -.14000E+00   .00000E+00  -.11652E+00  -.56205E+02   .00000E+00  -.56205E+02   .00000E+00  -.57928E+02  -.75437E+02   .00000E+00  -.68122E+02   .00000E+00   .00000E+00   .00000E+00   .00000E+00   .26412E-13   3820   .00000E+00       .000
     275.0000  -.30000E-01   .00000E+00  -.30000E-01   .00000E+00  -.10369E+00  -.56685E+02   .00000E+00  -.56685E+02   .00000E+00  -.58476E+02  -.80225E+02   .00000E+00  -.70739E+02   .00000E+00   .00000E+00   .00000E+00   .00000E+00   .27190E-13   3871   .00000E+00       .000
     280.0000   .00000E+00   .00000E+00   .33524E-15   .00000E+00  -.94658E-01  -.56745E+02   .00000E+00  -.56745E+02   .00000E+00  -.58968E+02  -.94985E+02   .00000E+00  -.72566E+02   .00000E+00   .00000E+00   .00000E+00   .00000E+00   .28095E-13   3901   .00000E+00       .000
     285.0000   .00000E+00   .00000E+00  -.26162E-15   .00000E+00  -.86595E-01  -.56750E+02   .00000E+00  -.56750E+02   .00000E+00  -.59419E+02  -.10358E+03   .00000E+00  -.74225E+02   .00000E+00   .00000E+00   .00000E+00   .00000E+00   .28925E-13   3930   .00000E+00       .000
     290.0000   .00000E+00   .00000E+00   .41671E-15   .00000E+00  -.78000E-01  -.56755E+02   .00000E+00  -.56755E+02   .00000E+00  -.59827E+02  -.11004E+03   .00000E+00  -.76466E+02   .00000E+00   .00000E+00   .00000E+00   .00000E+00   .29356E-13   3961   .00000E+00       .000
     295.0000  -.29000E+00   .00000E+00  -.29000E+00   .00000E+00  -.72229E-01  -.57055E+02   .00000E+00  -.57055E+02   .00000E+00  -.60201E+02  -.71931E+02   .00000E+00  -.79326E+02   .00000E+00   .00000E+00   .00000E+00   .00000E+00   .29439E-13   4010   .00000E+00       .000
     300.0000   .00000E+00   .00000E+00  -.15092E-15   .00000E+00  -.66017E-01  -.57605E+02   .00000E+00  -.57605E+02   .00000E+00  -.60546E+02  -.88563E+02   .00000E+00  -.82378E+02   .00000E+00   .00000E+00   .00000E+00   .00000E+00   .29622E-13   4081   .00000E+00       .000
     305.0000   .00000E+00   .00000E+00   .18464E-15   .00000E+00  -.61738E-01  -.57650E+02   .00000E+00  -.57650E+02   .00000E+00  -.60863E+02  -.10108E+03   .00000E+00  -.84400E+02   .00000E+00   .00000E+00   .00000E+00   .00000E+00   .29935E-13   4133   .00000E+00       .000
     310.0000   .00000E+00   .00000E+00   .10209E-14   .00000E+00  -.60214E-01  -.58560E+02   .00000E+00  -.58560E+02   .00000E+00  -.61168E+02  -.77714E+02   .00000E+00  -.85129E+02   .00000E+00   .00000E+00   .00000E+00   .00000E+00   .30473E-13   4185   .00000E+00       .000
     315.0000  -.44000E+00   .00000E+00  -.44000E+00   .00000E+00  -.60182E-01  -.61220E+02   .00000E+00  -.61220E+02   .00000E+00  -.61467E+02  -.43237E+02   .00000E+00  -.84993E+02   .00000E+00   .00000E+00   .00000E+00   .00000E+00   .30473E-13   4276   .00000E+00       .000
     320.0000  -.44000E+00   .00000E+00  -.44000E+00   .00000E+00  -.10585E+00  -.62345E+02   .00000E+00  -.62345E+02   .00000E+00  -.61835E+02  -.47437E+02   .00000E+00  -.69647E+02   .00000E+00   .00000E+00   .00000E+00   .00000E+00   .30881E-13   4347   .00000E+00       .000
     325.0000  -.11000E+00   .00000E+00  -.11000E+00   .00000E+00  -.19294E+00  -.63305E+02   .00000E+00  -.63305E+02   .00000E+00  -.62589E+02  -.61971E+02   .00000E+00  -.56565E+02   .00000E+00   .00000E+00   .00000E+00   .00000E+00   .30881E-13   4438   .00000E+00       .000
     330.0000   .00000E+00   .00000E+00   .11107E-14   .00000E+00  -.20888E+00  -.63740E+02   .00000E+00  -.63740E+02   .00000E+00  -.63633E+02  -.76351E+02   .00000E+00  -.55262E+02   .00000E+00   .00000E+00   .00000E+00   .00000E+00   .31486E-13   4492   .00000E+00       .000
     335.0000  -.50000E-02   .00000E+00  -.50000E-02   .00000E+00  -.19980E+00  -.65750E+02   .00000E+00  -.65750E+02   .00000E+00  -.64625E+02  -.64791E+02   .00000E+00  -.55952E+02   .00000E+00   .00000E+00   .00000E+00   .00000E+00   .31486E-13   4586   .00000E+00       .000
     340.0000   .00000E+00   .00000E+00   .55424E-15   .00000E+00  -.24491E+00  -.66870E+02   .00000E+00  -.66870E+02   .00000E+00  -.65773E+02  -.67319E+02   .00000E+00  -.51998E+02   .00000E+00   .00000E+00   .00000E+00   .00000E+00   .32624E-13   4677   .00000E+00       .000
     345.0000   .00000E+00   .00000E+00  -.17174E-15   .00000E+00  -.23674E+00  -.67215E+02   .00000E+00  -.67215E+02   .00000E+00  -.67000E+02  -.78474E+02   .00000E+00  -.52802E+02   .00000E+00   .00000E+00   .00000E+00   .00000E+00   .34082E-13   4728   .00000E+00       .000
     350.0000  -.50000E-02   .00000E+00  -.50000E-02   .00000E+00  -.18779E+00  -.69285E+02   .00000E+00  -.69285E+02   .00000E+00  -.68062E+02  -.53017E+02   .00000E+00  -.57184E+02   .00000E+00   .00000E+00   .00000E+00   .00000E+00   .34082E-13   4817   .00000E+00       .000
     355.0000   .00000E+00   .00000E+00   .35930E-15   .00000E+00  -.21527E+00  -.69310E+02   .00000E+00  -.69310E+02   .00000E+00  -.69046E+02  -.77026E+02   .00000E+00  -.54660E+02   .00000E+00   .00000E+00   .00000E+00   .00000E+00   .35113E-13   4849   .00000E+00       .000
     360.0000  -.20000E-01   .00000E+00  -.20000E-01   .00000E+00  -.19127E+00  -.69870E+02   .00000E+00  -.69870E+02   .00000E+00  -.70085E+02  -.75371E+02   .00000E+00  -.56863E+02   .00000E+00   .00000E+00   .00000E+00   .00000E+00   .35113E-13   4940   .00000E+00       .000
     365.0000  -.20000E-01   .00000E+00  -.20000E-01   .00000E+00  -.15588E+00  -.69910E+02   .00000E+00  -.69910E+02   .00000E+00  -.70943E+02  -.86489E+02   .00000E+00  -.60102E+02   .00000E+00   .00000E+00   .00000E+00   .00000E+00   .35446E-13   4972   .00000E+00       .000
     370.0000  -.11000E+00   .00000E+00  -.11000E+00   .00000E+00  -.13671E+00  -.71270E+02   .00000E+00  -.71270E+02   .00000E+00  -.71674E+02  -.61344E+02   .00000E+00  -.64015E+02   .00000E+00   .00000E+00   .00000E+00   .00000E+00   .36052E-13   5064   .00000E+00       .000
     375.0000  -.18000E+00   .00000E+00  -.18000E+00   .00000E+00  -.13409E+00  -.72130E+02   .00000E+00  -.72130E+02   .00000E+00  -.72339E+02  -.57452E+02   .00000E+00  -.64415E+02   .00000E+00   .00000E+00   .00000E+00   .00000E+00   .36163E-13   5155   .00000E+00       .000
     380.0000  -.23000E+00   .00000E+00  -.23000E+00   .00000E+00  -.14073E+00  -.72670E+02   .00000E+00  -.72670E+02   .00000E+00  -.73027E+02  -.57694E+02   .00000E+00  -.63075E+02   .00000E+00   .00000E+00   .00000E+00   .00000E+00   .37013E-13   5226   .00000E+00       .000
     385.0000   .00000E+00   .00000E+00  -.73292E-16   .00000E+00  -.14114E+00  -.72920E+02   .00000E+00  -.72920E+02   .00000E+00  -.73733E+02  -.82221E+02   .00000E+00  -.63013E+02   .00000E+00   .00000E+00   .00000E+00   .00000E+00   .37707E-13   5258   .00000E+00       .000
     390.0000  -.48000E+00   .00000E+00  -.48000E+00   .00000E+00  -.13688E+00  -.74820E+02   .00000E+00  -.74820E+02   .00000E+00  -.74432E+02  -.43766E+02   .00000E+00  -.63915E+02   .00000E+00   .00000E+00   .00000E+00   .00000E+00   .37707E-13   5368   .00000E+00       .000
     395.0000  -.14000E+00   .00000E+00  -.14000E+00   .00000E+00  -.15160E+00  -.75250E+02   .00000E+00  -.75250E+02   .00000E+00  -.75139E+02  -.60430E+02   .00000E+00  -.60740E+02   .00000E+00   .00000E+00   .00000E+00   .00000E+00   .38039E-13   5439   .00000E+00       .000
     400.0000  -.80000E-01   .00000E+00  -.80000E-01   .00000E+00  -.16845E+00  -.77090E+02   .00000E+00  -.77090E+02   .00000E+00  -.75947E+02  -.56500E+02   .00000E+00  -.58795E+02   .00000E+00   .00000E+00   .00000E+00   .00000E+00   .39319E-13   5532   .00000E+00       .000
     405.0000  -.27000E+00   .00000E+00  -.27000E+00   .00000E+00  -.26553E+00  -.79210E+02   .00000E+00  -.79210E+02   .00000E+00  -.77015E+02  -.47592E+02   .00000E+00  -.50058E+02   .00000E+00   .00000E+00   .00000E+00   .00000E+00   .39319E-13   5623   .00000E+00       .000
     410.0000   .00000E+00   .00000E+00  -.71991E-16   .00000E+00  -.34669E+00  -.81230E+02   .00000E+00  -.81230E+02   .00000E+00  -.78528E+02  -.57382E+02   .00000E+00  -.45337E+02   .00000E+00   .00000E+00   .00000E+00   .00000E+00   .41266E-13   5698   .00000E+00       .000
     415.0000  -.87000E+00   .00000E+00  -.87000E+00   .00000E+00  -.35261E+00  -.83340E+02   .00000E+00  -.83340E+02   .00000E+00  -.80403E+02  -.34493E+02   .00000E+00  -.45166E+02   .00000E+00   .00000E+00   .00000E+00   .00000E+00   .41266E-13   5808   .00000E+00       .000
     420.0000  -.28000E+00   .00000E+00  -.28000E+00   .00000E+00  -.63136E+00  -.86575E+02   .00000E+00  -.86575E+02   .00000E+00  -.82512E+02  -.46014E+02   .00000E+00  -.35649E+02   .00000E+00   .00000E+00   .00000E+00   .00000E+00   .41266E-13   5919   .00000E+00       .000
     425.0000  -.10000E+01   .00000E+00  -.10000E+01   .00000E+00  -.41905E+00  -.87670E+02   .00000E+00  -.87670E+02   .00000E+00  -.85183E+02  -.34747E+02   .00000E+00  -.42488E+02   .00000E+00   .00000E+00   .00000E+00   .00000E+00   .41266E-13   6010   .00000E+00       .000
     430.0000  -.52000E+00   .00000E+00  -.52000E+00   .00000E+00  -.29466E+00  -.88455E+02   .00000E+00  -.88455E+02   .00000E+00  -.86863E+02  -.45592E+02   .00000E+00  -.47630E+02   .00000E+00   .00000E+00   .00000E+00   .00000E+00   .41266E-13   6081   .00000E+00       .000
     435.0000  -.20000E-01   .00000E+00  -.20000E-01   .00000E+00  -.27013E+00  -.89405E+02   .00000E+00  -.89405E+02   .00000E+00  -.88251E+02  -.67759E+02   .00000E+00  -.49780E+02   .00000E+00   .00000E+00   .00000E+00   .00000E+00   .42007E-13   6111   .00000E+00       .000
     440.0000  -.50000E-02   .00000E+00  -.50000E-02   .00000E+00  -.23823E+00  -.89610E+02   .00000E+00  -.89610E+02   .00000E+00  -.89540E+02  -.78377E+02   .00000E+00  -.52691E+02   .00000E+00   .00000E+00   .00000E+00   .00000E+00   .42007E-13   6182   .00000E+00       .000
     445.0000  -.50000E-02   .00000E+00  -.50000E-02   .00000E+00  -.18661E+00  -.90895E+02   .00000E+00  -.90895E+02   .00000E+00  -.90587E+02  -.68323E+02   .00000E+00  -.57254E+02   .00000E+00   .00000E+00   .00000E+00   .00000E+00   .42007E-13   6292   .00000E+00       .000
     450.0000  -.30000E-01   .00000E+00  -.30000E-01   .00000E+00  -.20182E+00  -.93725E+02   .00000E+00  -.93725E+02   .00000E+00  -.91515E+02  -.55234E+02   .00000E+00  -.55635E+02   .00000E+00   .00000E+00   .00000E+00   .00000E+00   .42007E-13   6403   .00000E+00       .000
     455.0000  -.47000E+00   .00000E+00  -.47000E+00   .00000E+00  -.31786E+00  -.95145E+02   .00000E+00  -.95145E+02   .00000E+00  -.92945E+02  -.43225E+02   .00000E+00  -.46590E+02   .00000E+00   .00000E+00   .00000E+00   .00000E+00   .42007E-13   6475   .00000E+00       .000
     460.0000  -.33000E+00   .00000E+00  -.33000E+00   .00000E+00  -.31278E+00  -.96485E+02   .00000E+00  -.96485E+02   .00000E+00  -.94483E+02  -.48578E+02   .00000E+00  -.46795E+02   .00000E+00   .00000E+00   .00000E+00   .00000E+00   .42007E-13   6546   .00000E+00       .000
     465.0000  -.17000E+00   .00000E+00  -.17000E+00   .00000E+00  -.28857E+00  -.97305E+02   .00000E+00  -.97305E+02   .00000E+00  -.95981E+02  -.58486E+02   .00000E+00  -.48159E+02   .00000E+00   .00000E+00   .00000E+00   .00000E+00   .42007E-13   6618   .00000E+00       .000
     470.0000  -.33000E+00   .00000E+00  -.33000E+00   .00000E+00  -.25306E+00  -.98985E+02   .00000E+00  -.98985E+02   .00000E+00  -.97329E+02  -.47520E+02   .00000E+00  -.51304E+02   .00000E+00   .00000E+00   .00000E+00   .00000E+00   .42007E-13   6709   .00000E+00       .000
     475.0000  -.34000E+00   .00000E+00  -.34000E+00   .00000E+00  -.26057E+00  -.99695E+02   .00000E+00  -.99695E+02   .00000E+00  -.98616E+02  -.52673E+02   .00000E+00  -.50641E+02   .00000E+00   .00000E+00   .00000E+00   .00000E+00   .42309E-13   6781   .00000E+00       .000
     480.0000  -.10700E+01   .00000E+00  -.10700E+01   .00000E+00  -.24772E+00  -.10282E+03   .00000E+00  -.10282E+03   .00000E+00  -.99866E+02  -.30171E+02   .00000E+00  -.51728E+02   .00000E+00   .00000E+00   .00000E+00   .00000E+00   .42309E-13   6891   .00000E+00       .000
     485.0000  -.13000E+00   .00000E+00  -.13000E+00   .00000E+00  -.39581E+00  -.10446E+03   .00000E+00  -.10446E+03   .00000E+00  -.10145E+03  -.50036E+02   .00000E+00  -.43333E+02   .00000E+00   .00000E+00   .00000E+00   .00000E+00   .42309E-13   6982   .00000E+00       .000
     490.0000   .00000E+00   .00000E+00   .27279E-15   .00000E+00  -.38545E+00  -.10529E+03   .00000E+00  -.10529E+03   .00000E+00  -.10348E+03  -.67954E+02   .00000E+00  -.43838E+02   .00000E+00   .00000E+00   .00000E+00   .00000E+00   .43037E-13   7034   .00000E+00       .000
     495.0000  -.17000E+00   .00000E+00  -.17000E+00   .00000E+00  -.27281E+00  -.10586E+03   .00000E+00  -.10586E+03   .00000E+00  -.10509E+03  -.60479E+02   .00000E+00  -.49629E+02   .00000E+00   .00000E+00   .00000E+00   .00000E+00   .43408E-13   7124   .00000E+00       .000
     500.0000  -.44000E+00   .00000E+00  -.44000E+00   .00000E+00  -.21023E+00  -.10634E+03   .00000E+00  -.10634E+03   .00000E+00  -.10628E+03  -.52721E+02   .00000E+00  -.55192E+02   .00000E+00   .00000E+00   .00000E+00   .00000E+00   .43773E-13   7195   .00000E+00       .000
     505.0000  -.50000E-02   .00000E+00  -.50000E-02   .00000E+00  -.16151E+00  -.10635E+03   .00000E+00  -.10635E+03   .00000E+00  -.10719E+03  -.85567E+02   .00000E+00  -.59514E+02   .00000E+00   .00000E+00   .00000E+00   .00000E+00   .43773E-13   7247   .00000E+00       .000
     510.0000   .00000E+00   .00000E+00  -.38511E-15   .00000E+00  -.14766E+00  -.10780E+03   .00000E+00  -.10780E+03   .00000E+00  -.10795E+03  -.73275E+02   .00000E+00  -.61635E+02   .00000E+00   .00000E+00   .00000E+00   .00000E+00   .44933E-13   7300   .00000E+00       .000
     515.0000  -.50000E-02   .00000E+00  -.50000E-02   .00000E+00  -.15304E+00  -.10810E+03   .00000E+00  -.10810E+03   .00000E+00  -.10871E+03  -.76137E+02   .00000E+00  -.60601E+02   .00000E+00   .00000E+00   .00000E+00   .00000E+00   .46251E-13   7371   .00000E+00       .000
     520.0000   .00000E+00   .00000E+00   .17846E-15   .00000E+00  -.14207E+00  -.10810E+03   .00000E+00  -.10810E+03   .00000E+00  -.10945E+03  -.91439E+02   .00000E+00  -.62910E+02   .00000E+00   .00000E+00   .00000E+00   .00000E+00   .47769E-13   7380   .00000E+00       .000
     525.0000   .00000E+00   .00000E+00  -.13336E-15   .00000E+00  -.12477E+00  -.10810E+03   .00000E+00  -.10810E+03   .00000E+00  -.11011E+03  -.99788E+02   .00000E+00  -.66468E+02   .00000E+00   .00000E+00   .00000E+00   .00000E+00   .47769E-13   7385   .00000E+00       .000
     530.0000   .00000E+00   .00000E+00   .40939E-15   .00000E+00  -.10528E+00  -.10838E+03   .00000E+00  -.10838E+03   .00000E+00  -.11068E+03  -.96811E+02   .00000E+00  -.70446E+02   .00000E+00   .00000E+00   .00000E+00   .00000E+00   .48453E-13   7416   .00000E+00       .000
     535.0000   .00000E+00   .00000E+00   .96928E-16   .00000E+00  -.88579E-01  -.10839E+03   .00000E+00  -.10839E+03   .00000E+00  -.11115E+03  -.10554E+03   .00000E+00  -.73849E+02   .00000E+00   .00000E+00   .00000E+00   .00000E+00   .48937E-13   7445   .00000E+00       .000
     540.0000  -.22000E+00   .00000E+00  -.22000E+00   .00000E+00  -.77306E-01  -.10864E+03   .00000E+00  -.10864E+03   .00000E+00  -.11156E+03  -.76551E+02   .00000E+00  -.76828E+02   .00000E+00   .00000E+00   .00000E+00   .00000E+00   .48958E-13   7516   .00000E+00       .000
     545.0000  -.14300E+01   .00000E+00  -.14300E+01   .00000E+00  -.71001E-01  -.11104E+03   .00000E+00  -.11104E+03   .00000E+00  -.11193E+03  -.29175E+02   .00000E+00  -.79931E+02   .00000E+00   .00000E+00   .00000E+00   .00000E+00   .48998E-13   7609   .00000E+00       .000
     550.0000  -.60000E-01   .00000E+00  -.60000E-01   .00000E+00  -.16472E+00  -.11573E+03   .00000E+00  -.11573E+03   .00000E+00  -.11233E+03  -.49659E+02   .00000E+00  -.58081E+02   .00000E+00   .00000E+00   .00000E+00   .00000E+00   .48998E-13   7721   .00000E+00       .000
     555.0000  -.30000E-01   .00000E+00  -.30000E-01   .00000E+00  -.40736E+00  -.11590E+03   .00000E+00  -.11590E+03   .00000E+00  -.11434E+03  -.70347E+02   .00000E+00  -.42955E+02   .00000E+00   .00000E+00   .00000E+00   .00000E+00   .49794E-13   7792   .00000E+00       .000
     560.0000  -.25000E+01   .00000E+00  -.25000E+01   .00000E+00  -.26123E+00  -.11841E+03   .00000E+00  -.11841E+03   .00000E+00  -.11593E+03  -.20476E+02   .00000E+00  -.50679E+02   .00000E+00   .00000E+00   .00000E+00   .00000E+00   .50404E-13   7850   .00000E+00       .000
     565.0000  -.88000E+00   .00000E+00  -.88000E+00   .00000E+00  -.52790E+00  -.12157E+03   .00000E+00  -.12157E+03   .00000E+00  -.11774E+03  -.34252E+02   .00000E+00  -.37918E+02   .00000E+00   .00000E+00   .00000E+00   .00000E+00   .51121E-13   7942   .00000E+00       .000
     570.0000  -.15400E+01   .00000E+00  -.15400E+01   .00000E+00  -.40100E+00  -.12311E+03   .00000E+00  -.12311E+03   .00000E+00  -.12010E+03  -.27436E+02   .00000E+00  -.43218E+02   .00000E+00   .00000E+00   .00000E+00   .00000E+00   .52031E-13   7996   .00000E+00       .000
     575.0000  -.11000E+00   .00000E+00  -.11000E+00   .00000E+00  -.42885E+00  -.12454E+03   .00000E+00  -.12454E+03   .00000E+00  -.12203E+03  -.56884E+02   .00000E+00  -.42019E+02   .00000E+00   .00000E+00   .00000E+00   .00000E+00   .52472E-13   8069   .00000E+00       .000
     580.0000   .00000E+00   .00000E+00   .31247E-15   .00000E+00  -.30133E+00  -.12454E+03   .00000E+00  -.12454E+03   .00000E+00  -.12387E+03  -.78822E+02   .00000E+00  -.47323E+02   .00000E+00   .00000E+00   .00000E+00   .00000E+00   .53968E-13   8079   .00000E+00       .000
     585.0000  -.29000E+00   .00000E+00  -.29000E+00   .00000E+00  -.21938E+00  -.12693E+03   .00000E+00  -.12693E+03   .00000E+00  -.12516E+03  -.42726E+02   .00000E+00  -.54390E+02   .00000E+00   .00000E+00   .00000E+00   .00000E+00   .53968E-13   8171   .00000E+00       .000
     590.0000  -.90000E-01   .00000E+00  -.90000E-01   .00000E+00  -.26223E+00  -.12774E+03   .00000E+00  -.12774E+03   .00000E+00  -.12630E+03  -.61654E+02   .00000E+00  -.50396E+02   .00000E+00   .00000E+00   .00000E+00   .00000E+00   .54173E-13   8262   .00000E+00       .000
     595.0000  -.24000E+00   .00000E+00  -.24000E+00   .00000E+00  -.25430E+00  -.12862E+03   .00000E+00  -.12862E+03   .00000E+00  -.12763E+03  -.55393E+02   .00000E+00  -.51239E+02   .00000E+00   .00000E+00   .00000E+00   .00000E+00   .54665E-13   8354   .00000E+00       .000
     600.0000  -.23000E+00   .00000E+00  -.23000E+00   .00000E+00  -.22821E+00  -.12943E+03   .00000E+00  -.12943E+03   .00000E+00  -.12882E+03  -.58342E+02   .00000E+00  -.53530E+02   .00000E+00   .00000E+00   .00000E+00   .00000E+00   .55268E-13   8445   .00000E+00       .000
     605.0000   .00000E+00   .00000E+00  -.40506E-15   .00000E+00  -.19767E+00  -.12945E+03   .00000E+00  -.12945E+03   .00000E+00  -.12989E+03  -.84272E+02   .00000E+00  -.56300E+02   .00000E+00   .00000E+00   .00000E+00   .00000E+00   .56167E-13   8475   .00000E+00       .000
     610.0000  -.50000E-02   .00000E+00  -.50000E-02   .00000E+00  -.15437E+00  -.12945E+03   .00000E+00  -.12945E+03   .00000E+00  -.13075E+03  -.93276E+02   .00000E+00  -.60427E+02   .00000E+00   .00000E+00   .00000E+00   .00000E+00   .56687E-13   8501   .00000E+00       .000
     615.0000  -.50000E-02   .00000E+00  -.50000E-02   .00000E+00  -.13127E+00  -.12976E+03   .00000E+00  -.12976E+03   .00000E+00  -.13146E+03  -.91858E+02   .00000E+00  -.65153E+02   .00000E+00   .00000E+00   .00000E+00   .00000E+00   .57155E-13   8553   .00000E+00       .000
     620.0000  -.13100E+01   .00000E+00  -.13100E+01   .00000E+00  -.11116E+00  -.13185E+03   .00000E+00  -.13185E+03   .00000E+00  -.13206E+03  -.30551E+02   .00000E+00  -.69245E+02   .00000E+00   .00000E+00   .00000E+00   .00000E+00   .57155E-13   8663   .00000E+00       .000
     625.0000   .00000E+00   .00000E+00  -.21164E-14   .00000E+00  -.18313E+00  -.13532E+03   .00000E+00  -.13532E+03   .00000E+00  -.13265E+03  -.55335E+02   .00000E+00  -.56867E+02   .00000E+00   .00000E+00   .00000E+00   .00000E+00   .57155E-13   8737   .00000E+00       .000
     630.0000   .00000E+00   .00000E+00  -.53321E-15   .00000E+00  -.33403E+00  -.13532E+03   .00000E+00  -.13532E+03   .00000E+00  -.13428E+03  -.75775E+02   .00000E+00  -.45963E+02   .00000E+00   .00000E+00   .00000E+00   .00000E+00   .59057E-13   8768   .00000E+00       .000
     635.0000   .00000E+00   .00000E+00   .43683E-15   .00000E+00  -.23839E+00  -.13532E+03   .00000E+00  -.13532E+03   .00000E+00  -.13565E+03  -.87352E+02   .00000E+00  -.52706E+02   .00000E+00   .00000E+00   .00000E+00   .00000E+00   .60200E-13   8775   .00000E+00       .000
     640.0000  -.13200E+01   .00000E+00  -.13200E+01   .00000E+00  -.16690E+00  -.13800E+03   .00000E+00  -.13800E+03   .00000E+00  -.13664E+03  -.29079E+02   .00000E+00  -.59051E+02   .00000E+00   .00000E+00   .00000E+00   .00000E+00   .60200E-13   8845   .00000E+00       .000
     645.0000  -.50000E-02   .00000E+00  -.50000E-02   .00000E+00  -.25824E+00  -.13996E+03   .00000E+00  -.13996E+03   .00000E+00  -.13757E+03  -.54968E+02   .00000E+00  -.50603E+02   .00000E+00   .00000E+00   .00000E+00   .00000E+00   .60200E-13   8955   .00000E+00       .000
     650.0000   .00000E+00   .00000E+00  -.10777E-14   .00000E+00  -.29953E+00  -.13996E+03   .00000E+00  -.13996E+03   .00000E+00  -.13911E+03  -.76595E+02   .00000E+00  -.47373E+02   .00000E+00   .00000E+00   .00000E+00   .00000E+00   .62054E-13   8966   .00000E+00       .000
     655.0000   .00000E+00   .00000E+00  -.39769E-15   .00000E+00  -.22831E+00  -.14006E+03   .00000E+00  -.14006E+03   .00000E+00  -.14042E+03  -.86055E+02   .00000E+00  -.53603E+02   .00000E+00   .00000E+00   .00000E+00   .00000E+00   .62638E-13   9017   .00000E+00       .000
     660.0000  -.13000E+00   .00000E+00  -.13000E+00   .00000E+00  -.16873E+00  -.14300E+03   .00000E+00  -.14300E+03   .00000E+00  -.14138E+03  -.51174E+02   .00000E+00  -.58785E+02   .00000E+00   .00000E+00   .00000E+00   .00000E+00   .62638E-13   9107   .00000E+00       .000
     665.0000  -.13000E+00   .00000E+00  -.13000E+00   .00000E+00  -.25593E+00  -.14372E+03   .00000E+00  -.14372E+03   .00000E+00  -.14248E+03  -.57874E+02   .00000E+00  -.51026E+02   .00000E+00   .00000E+00   .00000E+00   .00000E+00   .62638E-13   9217   .00000E+00       .000
     670.0000   .00000E+00   .00000E+00   .27842E-15   .00000E+00  -.23642E+00  -.14400E+03   .00000E+00  -.14400E+03   .00000E+00  -.14373E+03  -.74723E+02   .00000E+00  -.52835E+02   .00000E+00   .00000E+00   .00000E+00   .00000E+00   .63849E-13   9269   .00000E+00       .000
     675.0000  -.80000E-01   .00000E+00  -.80000E-01   .00000E+00  -.22231E+00  -.14614E+03   .00000E+00  -.14614E+03   .00000E+00  -.14483E+03  -.59403E+02   .00000E+00  -.53962E+02   .00000E+00   .00000E+00   .00000E+00   .00000E+00   .63849E-13   9362   .00000E+00       .000
     680.0000  -.50000E-02   .00000E+00  -.50000E-02   .00000E+00  -.24095E+00  -.14709E+03   .00000E+00  -.14709E+03   .00000E+00  -.14603E+03  -.63221E+02   .00000E+00  -.52399E+02   .00000E+00   .00000E+00   .00000E+00   .00000E+00   .63849E-13   9452   .00000E+00       .000
     685.0000  -.50000E+00   .00000E+00  -.50000E+00   .00000E+00  -.23490E+00  -.14832E+03   .00000E+00  -.14832E+03   .00000E+00  -.14721E+03  -.45633E+02   .00000E+00  -.52926E+02   .00000E+00   .00000E+00   .00000E+00   .00000E+00   .63849E-13   9544   .00000E+00       .000
     690.0000  -.80000E+00   .00000E+00  -.80000E+00   .00000E+00  -.24191E+00  -.15046E+03   .00000E+00  -.15046E+03   .00000E+00  -.14837E+03  -.36070E+02   .00000E+00  -.52237E+02   .00000E+00   .00000E+00   .00000E+00   .00000E+00   .63849E-13   9654   .00000E+00       .000
     695.0000   .00000E+00   .00000E+00  -.77195E-16   .00000E+00  -.26933E+00  -.15047E+03   .00000E+00  -.15047E+03   .00000E+00  -.14968E+03  -.74931E+02   .00000E+00  -.49877E+02   .00000E+00   .00000E+00   .00000E+00   .00000E+00   .64572E-13   9687   .00000E+00       .000
     700.0000  -.20000E+00   .00000E+00  -.20000E+00   .00000E+00  -.22132E+00  -.15110E+03   .00000E+00  -.15110E+03   .00000E+00  -.15091E+03  -.59329E+02   .00000E+00  -.54212E+02   .00000E+00   .00000E+00   .00000E+00   .00000E+00   .64572E-13   9738   .00000E+00       .000
     705.0000  -.33000E+00   .00000E+00  -.33000E+00   .00000E+00  -.20386E+00  -.15374E+03   .00000E+00  -.15374E+03   .00000E+00  -.15191E+03  -.46167E+02   .00000E+00  -.55563E+02   .00000E+00   .00000E+00   .00000E+00   .00000E+00   .64572E-13   9848   .00000E+00       .000
     710.0000   .00000E+00   .00000E+00   .62970E-15   .00000E+00  -.26281E+00  -.15386E+03   .00000E+00  -.15386E+03   .00000E+00  -.15314E+03  -.75227E+02   .00000E+00  -.50522E+02   .00000E+00   .00000E+00   .00000E+00   .00000E+00   .66103E-13   9878   .00000E+00       .000
     715.0000   .00000E+00   .00000E+00  -.10538E-15   .00000E+00  -.21676E+00  -.15389E+03   .00000E+00  -.15389E+03   .00000E+00  -.15435E+03  -.86938E+02   .00000E+00  -.54621E+02   .00000E+00   .00000E+00   .00000E+00   .00000E+00   .67096E-13   9930   .00000E+00       .000
     720.0000  -.60000E-01   .00000E+00  -.60000E-01   .00000E+00  -.15614E+00  -.15438E+03   .00000E+00  -.15438E+03   .00000E+00  -.15527E+03  -.75976E+02   .00000E+00  -.60091E+02   .00000E+00   .00000E+00   .00000E+00   .00000E+00   .67467E-13  10022   .00000E+00       .000
     725.0000  -.50000E-02   .00000E+00  -.50000E-02   .00000E+00  -.13529E+00  -.15440E+03   .00000E+00  -.15440E+03   .00000E+00  -.15600E+03  -.92706E+02   .00000E+00  -.64310E+02   .00000E+00   .00000E+00   .00000E+00   .00000E+00   .68305E-13  10054   .00000E+00       .000
     730.0000  -.50000E-02   .00000E+00  -.50000E-02   .00000E+00  -.11644E+00  -.15475E+03   .00000E+00  -.15475E+03   .00000E+00  -.15662E+03  -.85649E+02   .00000E+00  -.68170E+02   .00000E+00   .00000E+00   .00000E+00   .00000E+00   .68374E-13  10125   .00000E+00       .000
     735.0000  -.50000E-02   .00000E+00  -.50000E-02   .00000E+00  -.98973E-01  -.15498E+03   .00000E+00  -.15498E+03   .00000E+00  -.15716E+03  -.91293E+02   .00000E+00  -.71721E+02   .00000E+00   .00000E+00   .00000E+00   .00000E+00   .68374E-13  10235   .00000E+00       .000
     740.0000   .00000E+00   .00000E+00   .39411E-15   .00000E+00  -.86716E-01  -.15498E+03   .00000E+00  -.15498E+03   .00000E+00  -.15762E+03  -.10226E+03   .00000E+00  -.74208E+02   .00000E+00   .00000E+00   .00000E+00   .00000E+00   .68857E-13  10267   .00000E+00       .000
     745.0000  -.70000E-01   .00000E+00  -.70000E-01   .00000E+00  -.77973E-01  -.15505E+03   .00000E+00  -.15505E+03   .00000E+00  -.15802E+03  -.94803E+02   .00000E+00  -.76474E+02   .00000E+00   .00000E+00   .00000E+00   .00000E+00   .69419E-13  10294   .00000E+00       .000
     750.0000  -.13000E+00   .00000E+00  -.13000E+00   .00000E+00  -.72438E-01  -.15533E+03   .00000E+00  -.15533E+03   .00000E+00  -.15840E+03  -.82481E+02   .00000E+00  -.79217E+02   .00000E+00   .00000E+00   .00000E+00   .00000E+00   .69419E-13  10385   .00000E+00       .000
     755.0000  -.34000E+00   .00000E+00  -.34000E+00   .00000E+00  -.66630E-01  -.15738E+03   .00000E+00  -.15738E+03   .00000E+00  -.15875E+03  -.49170E+02   .00000E+00  -.82062E+02   .00000E+00   .00000E+00   .00000E+00   .00000E+00   .69419E-13  10495   .00000E+00       .000
     760.0000  -.18000E+00   .00000E+00  -.18000E+00   .00000E+00  -.72650E-01  -.15943E+03   .00000E+00  -.15943E+03   .00000E+00  -.15908E+03  -.54146E+02   .00000E+00  -.77986E+02   .00000E+00   .00000E+00   .00000E+00   .00000E+00   .69419E-13  10587   .00000E+00       .000
     765.0000  -.17000E+00   .00000E+00  -.17000E+00   .00000E+00  -.15730E+00  -.16014E+03   .00000E+00  -.16014E+03   .00000E+00  -.15968E+03  -.57307E+02   .00000E+00  -.59741E+02   .00000E+00   .00000E+00   .00000E+00   .00000E+00   .69607E-13  10678   .00000E+00       .000
     770.0000   .00000E+00   .00000E+00   .11833E-14   .00000E+00  -.18212E+00  -.16018E+03   .00000E+00  -.16018E+03   .00000E+00  -.16056E+03  -.81953E+02   .00000E+00  -.57647E+02   .00000E+00   .00000E+00   .00000E+00   .00000E+00   .71377E-13  10730   .00000E+00       .000
     775.0000  -.30000E-01   .00000E+00  -.30000E-01   .00000E+00  -.15429E+00  -.16033E+03   .00000E+00  -.16033E+03   .00000E+00  -.16140E+03  -.84391E+02   .00000E+00  -.60424E+02   .00000E+00   .00000E+00   .00000E+00   .00000E+00   .72117E-13  10799   .00000E+00       .000
     780.0000  -.50000E-02   .00000E+00  -.50000E-02   .00000E+00  -.13482E+00  -.16175E+03   .00000E+00  -.16175E+03   .00000E+00  -.16212E+03  -.66038E+02   .00000E+00  -.64384E+02   .00000E+00   .00000E+00   .00000E+00   .00000E+00   .72117E-13  10909   .00000E+00       .000
     785.0000  -.50000E-02   .00000E+00  -.50000E-02   .00000E+00  -.13731E+00  -.16255E+03   .00000E+00  -.16255E+03   .00000E+00  -.16279E+03  -.72809E+02   .00000E+00  -.63701E+02   .00000E+00   .00000E+00   .00000E+00   .00000E+00   .72822E-13  10981   .00000E+00       .000
     790.0000  -.50000E-02   .00000E+00  -.50000E-02   .00000E+00  -.14781E+00  -.16257E+03   .00000E+00  -.16257E+03   .00000E+00  -.16351E+03  -.86603E+02   .00000E+00  -.61666E+02   .00000E+00   .00000E+00   .00000E+00   .00000E+00   .74419E-13  11013   .00000E+00       .000
     795.0000   .00000E+00   .00000E+00   .18475E-15   .00000E+00  -.13894E+00  -.16371E+03   .00000E+00  -.16371E+03   .00000E+00  -.16423E+03  -.69528E+02   .00000E+00  -.63504E+02   .00000E+00   .00000E+00   .00000E+00   .00000E+00   .74733E-13  11105   .00000E+00       .000
     800.0000  -.37000E+00   .00000E+00  -.37000E+00   .00000E+00  -.13555E+00  -.16434E+03   .00000E+00  -.16434E+03   .00000E+00  -.16492E+03  -.53629E+02   .00000E+00  -.64174E+02   .00000E+00   .00000E+00   .00000E+00   .00000E+00   .75698E-13  11195   .00000E+00       .000
     805.0000  -.40000E+00   .00000E+00  -.40000E+00   .00000E+00  -.13064E+00  -.16478E+03   .00000E+00  -.16478E+03   .00000E+00  -.16558E+03  -.54868E+02   .00000E+00  -.65184E+02   .00000E+00   .00000E+00   .00000E+00   .00000E+00   .76297E-13  11267   .00000E+00       .000
     810.0000  -.13000E+00   .00000E+00  -.13000E+00   .00000E+00  -.12702E+00  -.16575E+03   .00000E+00  -.16575E+03   .00000E+00  -.16622E+03  -.63219E+02   .00000E+00  -.65881E+02   .00000E+00   .00000E+00   .00000E+00   .00000E+00   .76297E-13  11358   .00000E+00       .000
     815.0000  -.18000E+00   .00000E+00  -.18000E+00   .00000E+00  -.13425E+00  -.16650E+03   .00000E+00  -.16650E+03   .00000E+00  -.16688E+03  -.59080E+02   .00000E+00  -.64392E+02   .00000E+00   .00000E+00   .00000E+00   .00000E+00   .76297E-13  11449   .00000E+00       .000
     820.0000   .00000E+00   .00000E+00  -.37101E-15   .00000E+00  -.13730E+00  -.16654E+03   .00000E+00  -.16654E+03   .00000E+00  -.16756E+03  -.85244E+02   .00000E+00  -.63823E+02   .00000E+00   .00000E+00   .00000E+00   .00000E+00   .77053E-13  11479   .00000E+00       .000
     825.0000   .00000E+00   .00000E+00  -.17022E-16   .00000E+00  -.13045E+00  -.16655E+03   .00000E+00  -.16655E+03   .00000E+00  -.16823E+03  -.95130E+02   .00000E+00  -.65272E+02   .00000E+00   .00000E+00   .00000E+00   .00000E+00   .77621E-13  11509   .00000E+00       .000
     830.0000   .00000E+00   .00000E+00  -.31984E-15   .00000E+00  -.11398E+00  -.16655E+03   .00000E+00  -.16655E+03   .00000E+00  -.16884E+03  -.10277E+03   .00000E+00  -.68671E+02   .00000E+00   .00000E+00   .00000E+00   .00000E+00   .78076E-13  11514   .00000E+00       .000
     835.0000   .00000E+00   .00000E+00  -.21483E-15   .00000E+00  -.95358E-01  -.16655E+03   .00000E+00  -.16655E+03   .00000E+00  -.16935E+03  -.10896E+03   .00000E+00  -.72479E+02   .00000E+00   .00000E+00   .00000E+00   .00000E+00   .78840E-13  11519   .00000E+00       .000
     840.0000   .00000E+00   .00000E+00   .24904E-15   .00000E+00  -.78961E-01  -.16667E+03   .00000E+00  -.16667E+03   .00000E+00  -.16978E+03  -.10749E+03   .00000E+00  -.76066E+02   .00000E+00   .00000E+00   .00000E+00   .00000E+00   .79526E-13  11549   .00000E+00       .000
     845.0000   .00000E+00   .00000E+00   .47358E-15   .00000E+00  -.71617E-01  -.16802E+03   .00000E+00  -.16802E+03   .00000E+00  -.17015E+03  -.66958E+02   .00000E+00  -.79646E+02   .00000E+00   .00000E+00   .00000E+00   .00000E+00   .80158E-13  11641   .00000E+00       .000
     850.0000   .00000E+00   .00000E+00   .53039E-15   .00000E+00  -.68256E-01  -.16888E+03   .00000E+00  -.16888E+03   .00000E+00  -.17050E+03  -.77794E+02   .00000E+00  -.80989E+02   .00000E+00   .00000E+00   .00000E+00   .00000E+00   .81152E-13  11692   .00000E+00       .000
     855.0000   .00000E+00   .00000E+00  -.17781E-16   .00000E+00  -.79252E-01  -.16888E+03   .00000E+00  -.16888E+03   .00000E+00  -.17087E+03  -.91583E+02   .00000E+00  -.75609E+02   .00000E+00   .00000E+00   .00000E+00   .00000E+00   .82114E-13  11697   .00000E+00       .000
     860.0000   .00000E+00   .00000E+00   .25175E-15   .00000E+00  -.89154E-01  -.16895E+03   .00000E+00  -.16895E+03   .00000E+00  -.17130E+03  -.95633E+02   .00000E+00  -.73649E+02   .00000E+00   .00000E+00   .00000E+00   .00000E+00   .82369E-13  11725   .00000E+00       .000
     865.0000  -.10300E+01   .00000E+00  -.10300E+01   .00000E+00  -.83418E-01  -.17011E+03   .00000E+00  -.17011E+03   .00000E+00  -.17174E+03  -.38305E+02   .00000E+00  -.74876E+02   .00000E+00   .00000E+00   .00000E+00   .00000E+00   .83312E-13  11778   .00000E+00       .000
     870.0000   .00000E+00   .00000E+00  -.23427E-14   .00000E+00  -.20590E+00  -.17466E+03   .00000E+00  -.17466E+03   .00000E+00  -.17226E+03  -.60031E+02   .00000E+00  -.54673E+02   .00000E+00   .00000E+00   .00000E+00   .00000E+00   .84569E-13  11837   .00000E+00       .000
     875.0000  -.80000E-01   .00000E+00  -.80000E-01   .00000E+00  -.40038E+00  -.17753E+03   .00000E+00  -.17753E+03   .00000E+00  -.17400E+03  -.47851E+02   .00000E+00  -.43120E+02   .00000E+00   .00000E+00   .00000E+00   .00000E+00   .84569E-13  11928   .00000E+00       .000
     880.0000   .00000E+00   .00000E+00   .75027E-16   .00000E+00  -.43360E+00  -.17861E+03   .00000E+00  -.17861E+03   .00000E+00  -.17621E+03  -.62835E+02   .00000E+00  -.41847E+02   .00000E+00   .00000E+00   .00000E+00   .00000E+00   .85918E-13  11981   .00000E+00       .000
     885.0000  -.30000E-01   .00000E+00  -.30000E-01   .00000E+00  -.29511E+00  -.17872E+03   .00000E+00  -.17872E+03   .00000E+00  -.17804E+03  -.74110E+02   .00000E+00  -.47656E+02   .00000E+00   .00000E+00   .00000E+00   .00000E+00   .86753E-13  12031   .00000E+00       .000
     890.0000  -.50000E-02   .00000E+00  -.50000E-02   .00000E+00  -.21592E+00  -.17873E+03   .00000E+00  -.17873E+03   .00000E+00  -.17930E+03  -.87747E+02   .00000E+00  -.54709E+02   .00000E+00   .00000E+00   .00000E+00   .00000E+00   .87477E-13  12063   .00000E+00       .000
     895.0000  -.11000E+01   .00000E+00  -.11000E+01   .00000E+00  -.15349E+00  -.18063E+03   .00000E+00  -.18063E+03   .00000E+00  -.18020E+03  -.33588E+02   .00000E+00  -.60626E+02   .00000E+00   .00000E+00   .00000E+00   .00000E+00   .88662E-13  12135   .00000E+00       .000
     900.0000  -.83000E+00   .00000E+00  -.83000E+00   .00000E+00  -.25773E+00  -.18542E+03   .00000E+00  -.18542E+03   .00000E+00  -.18102E+03  -.31147E+02   .00000E+00  -.50257E+02   .00000E+00   .00000E+00   .00000E+00   .00000E+00   .88662E-13  12245   .00000E+00       .000
     905.0000   .00000E+00   .00000E+00  -.17781E-15   .00000E+00  -.50114E+00  -.18576E+03   .00000E+00  -.18576E+03   .00000E+00  -.18347E+03  -.68014E+02   .00000E+00  -.39097E+02   .00000E+00   .00000E+00   .00000E+00   .00000E+00   .88834E-13  12316   .00000E+00       .000
     910.0000  -.57000E+00   .00000E+00  -.57000E+00   .00000E+00  -.43024E+00  -.19074E+03   .00000E+00  -.19074E+03   .00000E+00  -.18550E+03  -.33877E+02   .00000E+00  -.41641E+02   .00000E+00   .00000E+00   .00000E+00   .00000E+00   .88834E-13  12427   .00000E+00       .000
     915.0000   .00000E+00   .00000E+00  -.42241E-15   .00000E+00  -.51052E+00  -.19075E+03   .00000E+00  -.19075E+03   .00000E+00  -.18857E+03  -.70020E+02   .00000E+00  -.38742E+02   .00000E+00   .00000E+00   .00000E+00   .00000E+00   .90820E-13  12459   .00000E+00       .000
     920.0000   .00000E+00   .00000E+00  -.35172E-15   .00000E+00  -.28801E+00  -.19075E+03   .00000E+00  -.19075E+03   .00000E+00  -.19046E+03  -.83261E+02   .00000E+00  -.48323E+02   .00000E+00   .00000E+00   .00000E+00   .00000E+00   .92497E-13  12469   .00000E+00       .000
     925.0000   .00000E+00   .00000E+00   .26823E-15   .00000E+00  -.20135E+00  -.19075E+03   .00000E+00  -.19075E+03   .00000E+00  -.19163E+03  -.92398E+02   .00000E+00  -.56003E+02   .00000E+00   .00000E+00   .00000E+00   .00000E+00   .93719E-13  12474   .00000E+00       .000
     930.0000   .00000E+00   .00000E+00  -.23712E-15   .00000E+00  -.14634E+00  -.19075E+03   .00000E+00  -.19075E+03   .00000E+00  -.19246E+03  -.99534E+02   .00000E+00  -.62099E+02   .00000E+00   .00000E+00   .00000E+00   .00000E+00   .94035E-13  12504   .00000E+00       .000
     935.0000  -.23000E+00   .00000E+00  -.23000E+00   .00000E+00  -.11938E+00  -.19217E+03   .00000E+00  -.19217E+03   .00000E+00  -.19312E+03  -.54415E+02   .00000E+00  -.67600E+02   .00000E+00   .00000E+00   .00000E+00   .00000E+00   .94035E-13  12595   .00000E+00       .000
     940.0000  -.50000E-02   .00000E+00  -.50000E-02   .00000E+00  -.10728E+00  -.19432E+03   .00000E+00  -.19432E+03   .00000E+00  -.19367E+03  -.54381E+02   .00000E+00  -.69861E+02   .00000E+00   .00000E+00   .00000E+00   .00000E+00   .94118E-13  12669   .00000E+00       .000
     945.0000  -.82000E+00   .00000E+00  -.82000E+00   .00000E+00  -.16811E+00  -.19516E+03   .00000E+00  -.19516E+03   .00000E+00  -.19434E+03  -.39237E+02   .00000E+00  -.58759E+02   .00000E+00   .00000E+00   .00000E+00   .00000E+00   .95039E-13  12721   .00000E+00       .000
     950.0000   .00000E+00   .00000E+00   .21944E-15   .00000E+00  -.19691E+00  -.19557E+03   .00000E+00  -.19557E+03   .00000E+00  -.19528E+03  -.73314E+02   .00000E+00  -.56287E+02   .00000E+00   .00000E+00   .00000E+00   .00000E+00   .95739E-13  12812   .00000E+00       .000
     955.0000  -.50000E-02   .00000E+00  -.50000E-02   .00000E+00  -.18503E+00  -.19574E+03   .00000E+00  -.19574E+03   .00000E+00  -.19626E+03  -.80467E+02   .00000E+00  -.57418E+02   .00000E+00   .00000E+00   .00000E+00   .00000E+00   .95739E-13  12903   .00000E+00       .000
     960.0000  -.84000E+00   .00000E+00  -.84000E+00   .00000E+00  -.15119E+00  -.19701E+03   .00000E+00  -.19701E+03   .00000E+00  -.19708E+03  -.40285E+02   .00000E+00  -.61041E+02   .00000E+00   .00000E+00   .00000E+00   .00000E+00   .95809E-13  12974   .00000E+00       .000
     965.0000   .00000E+00   .00000E+00   .63144E-15   .00000E+00  -.14200E+00  -.19743E+03   .00000E+00  -.19743E+03   .00000E+00  -.19780E+03  -.68960E+02   .00000E+00  -.62839E+02   .00000E+00   .00000E+00   .00000E+00   .00000E+00   .96818E-13  13027   .00000E+00       .000
     970.0000   .00000E+00   .00000E+00   .14017E-14   .00000E+00  -.14154E+00  -.19840E+03   .00000E+00  -.19840E+03   .00000E+00  -.19851E+03  -.67322E+02   .00000E+00  -.62926E+02   .00000E+00   .00000E+00   .00000E+00   .00000E+00   .98597E-13  13078   .00000E+00       .000
     975.0000   .00000E+00   .00000E+00   .16463E-14   .00000E+00  -.14960E+00  -.19940E+03   .00000E+00  -.19940E+03   .00000E+00  -.19924E+03  -.68224E+02   .00000E+00  -.61184E+02   .00000E+00   .00000E+00   .00000E+00   .00000E+00   .99540E-13  13169   .00000E+00       .000
     980.0000   .00000E+00   .00000E+00   .35063E-15   .00000E+00  -.16371E+00  -.19940E+03   .00000E+00  -.19940E+03   .00000E+00  -.20004E+03  -.84858E+02   .00000E+00  -.59290E+02   .00000E+00   .00000E+00   .00000E+00   .00000E+00   .10015E-12  13176   .00000E+00       .000
     985.0000   .00000E+00   .00000E+00  -.47271E-15   .00000E+00  -.14712E+00  -.19940E+03   .00000E+00  -.19940E+03   .00000E+00  -.20081E+03  -.94457E+02   .00000E+00  -.61903E+02   .00000E+00   .00000E+00   .00000E+00   .00000E+00   .10046E-12  13181   .00000E+00       .000
     990.0000   .00000E+00   .00000E+00  -.36017E-15   .00000E+00  -.12611E+00  -.19940E+03   .00000E+00  -.19940E+03   .00000E+00  -.20149E+03  -.10171E+03   .00000E+00  -.66210E+02   .00000E+00   .00000E+00   .00000E+00   .00000E+00   .10127E-12  13211   .00000E+00       .000
     995.0000  -.50000E-02   .00000E+00  -.50000E-02   .00000E+00  -.10414E+00  -.19941E+03   .00000E+00  -.19941E+03   .00000E+00  -.20205E+03  -.10681E+03   .00000E+00  -.70699E+02   .00000E+00   .00000E+00   .00000E+00   .00000E+00   .10161E-12  13237   .00000E+00       .000
    1000.0000  -.32000E+00   .00000E+00  -.32000E+00   .00000E+00  -.84321E-01  -.20024E+03   .00000E+00  -.20024E+03   .00000E+00  -.20252E+03  -.61827E+02   .00000E+00  -.74736E+02   .00000E+00   .00000E+00   .00000E+00   .00000E+00   .10184E-12  13309   .00000E+00       .000
    1005.0000   .00000E+00   .00000E+00   .11753E-15   .00000E+00  -.75445E-01  -.20024E+03   .00000E+00  -.20024E+03   .00000E+00  -.20291E+03  -.96023E+02   .00000E+00  -.77679E+02   .00000E+00   .00000E+00   .00000E+00   .00000E+00   .10210E-12  13339   .00000E+00       .000
    1010.0000   .00000E+00   .00000E+00   .13487E-15   .00000E+00  -.72618E-01  -.20125E+03   .00000E+00  -.20125E+03   .00000E+00  -.20328E+03  -.80692E+02   .00000E+00  -.79001E+02   .00000E+00   .00000E+00   .00000E+00   .00000E+00   .10302E-12  13391   .00000E+00       .000
    1015.0000   .00000E+00   .00000E+00   .43346E-15   .00000E+00  -.74769E-01  -.20128E+03   .00000E+00  -.20128E+03   .00000E+00  -.20365E+03  -.94115E+02   .00000E+00  -.77847E+02   .00000E+00   .00000E+00   .00000E+00   .00000E+00   .10411E-12  13421   .00000E+00       .000
    1020.0000  -.50000E-01   .00000E+00  -.50000E-01   .00000E+00  -.77457E-01  -.20244E+03   .00000E+00  -.20244E+03   .00000E+00  -.20403E+03  -.74488E+02   .00000E+00  -.76523E+02   .00000E+00   .00000E+00   .00000E+00   .00000E+00   .10498E-12  13493   .00000E+00       .000
    1025.0000   .00000E+00   .00000E+00  -.62667E-15   .00000E+00  -.88869E-01  -.20289E+03   .00000E+00  -.20289E+03   .00000E+00  -.20444E+03  -.81144E+02   .00000E+00  -.73630E+02   .00000E+00   .00000E+00   .00000E+00   .00000E+00   .10506E-12  13584   .00000E+00       .000
    1030.0000   .00000E+00   .00000E+00   .33860E-15   .00000E+00  -.97774E-01  -.20289E+03   .00000E+00  -.20289E+03   .00000E+00  -.20491E+03  -.94305E+02   .00000E+00  -.71884E+02   .00000E+00   .00000E+00   .00000E+00   .00000E+00   .10746E-12  13591   .00000E+00       .000
    1035.0000   .00000E+00   .00000E+00  -.40766E-15   .00000E+00  -.94330E-01  -.20295E+03   .00000E+00  -.20295E+03   .00000E+00  -.20540E+03  -.99438E+02   .00000E+00  -.72638E+02   .00000E+00   .00000E+00   .00000E+00   .00000E+00   .10795E-12  13620   .00000E+00       .000
    1040.0000  -.50000E-02   .00000E+00  -.50000E-02   .00000E+00  -.83340E-01  -.20348E+03   .00000E+00  -.20348E+03   .00000E+00  -.20584E+03  -.79106E+02   .00000E+00  -.74907E+02   .00000E+00   .00000E+00   .00000E+00   .00000E+00   .10887E-12  13668   .00000E+00       .000
    1045.0000   .00000E+00   .00000E+00   .95150E-15   .00000E+00  -.76926E-01  -.20483E+03   .00000E+00  -.20483E+03   .00000E+00  -.20623E+03  -.75906E+02   .00000E+00  -.76806E+02   .00000E+00   .00000E+00   .00000E+00   .00000E+00   .10978E-12  13740   .00000E+00       .000
    1050.0000  -.80000E-01   .00000E+00  -.80000E-01   .00000E+00  -.92486E-01  -.20532E+03   .00000E+00  -.20532E+03   .00000E+00  -.20665E+03  -.72611E+02   .00000E+00  -.72854E+02   .00000E+00   .00000E+00   .00000E+00   .00000E+00   .10978E-12  13850   .00000E+00       .000
    1055.0000  -.47000E+00   .00000E+00  -.47000E+00   .00000E+00  -.12689E+00  -.20952E+03   .00000E+00  -.20952E+03   .00000E+00  -.20716E+03  -.39472E+02   .00000E+00  -.65103E+02   .00000E+00   .00000E+00   .00000E+00   .00000E+00   .10978E-12  13962   .00000E+00       .000
    1060.0000  -.27000E+00   .00000E+00  -.27000E+00   .00000E+00  -.33718E+00  -.21046E+03   .00000E+00  -.21046E+03   .00000E+00  -.20843E+03  -.50396E+02   .00000E+00  -.45792E+02   .00000E+00   .00000E+00   .00000E+00   .00000E+00   .10978E-12  14053   .00000E+00       .000
    1065.0000   .00000E+00   .00000E+00   .13392E-14   .00000E+00  -.28703E+00  -.21143E+03   .00000E+00  -.21143E+03   .00000E+00  -.20997E+03  -.64351E+02   .00000E+00  -.48286E+02   .00000E+00   .00000E+00   .00000E+00   .00000E+00   .11047E-12  14145   .00000E+00       .000
    1070.0000  -.50000E-02   .00000E+00  -.50000E-02   .00000E+00  -.25004E+00  -.21144E+03   .00000E+00  -.21144E+03   .00000E+00  -.21132E+03  -.81225E+02   .00000E+00  -.51640E+02   .00000E+00   .00000E+00   .00000E+00   .00000E+00   .11227E-12  14173   .00000E+00       .000
    1075.0000  -.50000E-02   .00000E+00  -.50000E-02   .00000E+00  -.18529E+00  -.21192E+03   .00000E+00  -.21192E+03   .00000E+00  -.21241E+03  -.76093E+02   .00000E+00  -.57428E+02   .00000E+00   .00000E+00   .00000E+00   .00000E+00   .11241E-12  14264   .00000E+00       .000
    1080.0000   .00000E+00   .00000E+00   .35258E-15   .00000E+00  -.14770E+00  -.21195E+03   .00000E+00  -.21195E+03   .00000E+00  -.21321E+03  -.90843E+02   .00000E+00  -.61772E+02   .00000E+00   .00000E+00   .00000E+00   .00000E+00   .11357E-12  14294   .00000E+00       .000
    1085.0000  -.70000E-01   .00000E+00  -.70000E-01   .00000E+00  -.12842E+00  -.21271E+03   .00000E+00  -.21271E+03   .00000E+00  -.21390E+03  -.70980E+02   .00000E+00  -.65722E+02   .00000E+00   .00000E+00   .00000E+00   .00000E+00   .11408E-12  14383   .00000E+00       .000
    1090.0000  -.50000E-02   .00000E+00  -.50000E-02   .00000E+00  -.11394E+00  -.21274E+03   .00000E+00  -.21274E+03   .00000E+00  -.21449E+03  -.90654E+02   .00000E+00  -.68628E+02   .00000E+00   .00000E+00   .00000E+00   .00000E+00   .11486E-12  14434   .00000E+00       .000
    1095.0000   .00000E+00   .00000E+00   .59740E-16   .00000E+00  -.10423E+00  -.21276E+03   .00000E+00  -.21276E+03   .00000E+00  -.21504E+03  -.99386E+02   .00000E+00  -.70631E+02   .00000E+00   .00000E+00   .00000E+00   .00000E+00   .11492E-12  14443   .00000E+00       .000
end
