 ******* Program UNSATCHEM-1D
 ******* 
 Missouri Field Experiment - 1982                                        
 Date:  21. 3.    Time:  15:17:45
 Units: L = cm   , T = days , M = mmol 


-----------------------------------------------------
 Time       [T]      0.0000
-----------------------------------------------------
 Sub-region num.                   1          2          3
-----------------------------------------------------
 Area          [L]  0.170E+03  0.270E+02  0.900E+01  0.134E+03
 W-volume      [L]  0.654E+02  0.867E+01  0.325E+01  0.535E+02
 In-flow     [L/T]  0.000E+00  0.000E+00  0.000E+00  0.000E+00
 h Mean        [L] -0.100E+03 -0.100E+03 -0.100E+03 -0.100E+03
 CO2-volume    [L]  0.416E-01  0.612E-02  0.218E-02  0.333E-01
 CO2-Mean  [L3/L3]  0.330E-03  0.330E-03  0.330E-03  0.330E-03
 T Mean        [K]  0.200E+01  0.200E+01  0.200E+01  0.200E+01
 Top Flux    [L/T] -0.484E-01
 Bot Flux    [L/T] -0.319E-01
-----------------------------------------------------


-----------------------------------------------------
 Time       [T]     31.0000
-----------------------------------------------------
 Sub-region num.                   1          2          3
-----------------------------------------------------
 Area          [L]  0.170E+03  0.270E+02  0.900E+01  0.134E+03
 W-volume      [L]  0.688E+02  0.903E+01  0.344E+01  0.563E+02
 In-flow     [L/T]  0.143E+00  0.184E+00 -0.184E-01 -0.231E-01
 h Mean        [L] -0.676E+02 -0.827E+02 -0.714E+02 -0.643E+02
 CO2-volume    [L]  0.461E+00  0.136E+00  0.678E-01  0.257E+00
 CO2-Mean  [L3/L3]  0.412E-02  0.847E-02  0.117E-01  0.273E-02
 T Mean        [K]  0.530E+01  0.702E+01  0.734E+01  0.482E+01
 Top Flux    [L/T] -0.213E+00
 Bot Flux    [L/T] -0.568E-01
 WatBalT       [L]  0.238E-01
 WatBalR       [%]      0.269
 CO2BalT       [L]  0.311E-01
 Crop Yield    [%]     99.541
-----------------------------------------------------


-----------------------------------------------------
 Time       [T]     61.0000
-----------------------------------------------------
 Sub-region num.                   1          2          3
-----------------------------------------------------
 Area          [L]  0.170E+03  0.270E+02  0.900E+01  0.134E+03
 W-volume      [L]  0.663E+02  0.750E+01  0.318E+01  0.556E+02
 In-flow     [L/T] -0.300E+00 -0.169E+00 -0.277E-01 -0.103E+00
 h Mean        [L] -0.945E+02 -0.199E+03 -0.112E+03 -0.723E+02
 CO2-volume    [L]  0.498E+00  0.708E-01  0.450E-01  0.383E+00
 CO2-Mean  [L3/L3]  0.473E-02  0.493E-02  0.851E-02  0.444E-02
 T Mean        [K]  0.866E+01  0.118E+02  0.107E+02  0.790E+01
 Top Flux    [L/T]  0.103E+00
 Bot Flux    [L/T] -0.835E-01
 WatBalT       [L]  0.440E-01
 WatBalR       [%]      0.233
 CO2BalT       [L]  0.137E+00
 Crop Yield    [%]     99.930
-----------------------------------------------------


-----------------------------------------------------
 Time       [T]     92.0000
-----------------------------------------------------
 Sub-region num.                   1          2          3
-----------------------------------------------------
 Area          [L]  0.170E+03  0.270E+02  0.900E+01  0.134E+03
 W-volume      [L]  0.664E+02  0.984E+01  0.322E+01  0.533E+02
 In-flow     [L/T]  0.113E+01  0.111E+01  0.482E-01 -0.347E-01
 h Mean        [L] -0.954E+02 -0.591E+02 -0.107E+03 -0.102E+03
 CO2-volume    [L]  0.172E+01  0.526E+00  0.196E+00  0.100E+01
 CO2-Mean  [L3/L3]  0.195E-01  0.412E-01  0.426E-01  0.136E-01
 T Mean        [K]  0.153E+02  0.188E+02  0.182E+02  0.144E+02
 Top Flux    [L/T] -0.149E+01
 Bot Flux    [L/T] -0.444E-01
 WatBalT       [L]  0.156E-01
 WatBalR       [%]      0.036
 CO2BalT       [L]  0.455E+00
 Crop Yield    [%]     99.482
-----------------------------------------------------


-----------------------------------------------------
 Time       [T]    122.0000
-----------------------------------------------------
 Sub-region num.                   1          2          3
-----------------------------------------------------
 Area          [L]  0.170E+03  0.270E+02  0.900E+01  0.134E+03
 W-volume      [L]  0.726E+02  0.932E+01  0.361E+01  0.596E+02
 In-flow     [L/T] -0.762E+00 -0.353E+00 -0.104E+00 -0.305E+00
 h Mean        [L] -0.430E+02 -0.708E+02 -0.530E+02 -0.368E+02
 CO2-volume    [L]  0.346E+01  0.694E+00  0.441E+00  0.233E+01
 CO2-Mean  [L3/L3]  0.413E-01  0.568E-01  0.101E+00  0.342E-01
 T Mean        [K]  0.189E+02  0.208E+02  0.201E+02  0.184E+02
 Top Flux    [L/T]  0.318E-01
 Bot Flux    [L/T] -0.269E+00
 WatBalT       [L]  0.969E-01
 WatBalR       [%]      0.122
 CO2BalT       [L]  0.782E+00
 Crop Yield    [%]     95.268
-----------------------------------------------------


-----------------------------------------------------
 Time       [T]    153.0000
-----------------------------------------------------
 Sub-region num.                   1          2          3
-----------------------------------------------------
 Area          [L]  0.170E+03  0.270E+02  0.900E+01  0.134E+03
 W-volume      [L]  0.657E+02  0.683E+01  0.307E+01  0.558E+02
 In-flow     [L/T] -0.198E+00 -0.373E-01 -0.138E-01 -0.147E+00
 h Mean        [L] -0.122E+03 -0.366E+03 -0.136E+03 -0.714E+02
 CO2-volume    [L]  0.200E+01  0.685E-01  0.495E-01  0.188E+01
 CO2-Mean  [L3/L3]  0.248E-01  0.585E-02  0.120E-01  0.295E-01
 T Mean        [K]  0.223E+02  0.248E+02  0.240E+02  0.216E+02
 Top Flux    [L/T]  0.774E-01
 Bot Flux    [L/T] -0.119E+00
 WatBalT       [L]  0.603E-01
 WatBalR       [%]      0.059
 CO2BalT       [L]  0.125E+01
 Crop Yield    [%]     93.548
-----------------------------------------------------


-----------------------------------------------------
 Time       [T]    184.0000
-----------------------------------------------------
 Sub-region num.                   1          2          3
-----------------------------------------------------
 Area          [L]  0.170E+03  0.270E+02  0.900E+01  0.134E+03
 W-volume      [L]  0.774E+02  0.999E+01  0.391E+01  0.635E+02
 In-flow     [L/T] -0.190E+01 -0.588E+00 -0.149E+00 -0.116E+01
 h Mean        [L] -0.227E+02 -0.507E+02 -0.295E+02 -0.166E+02
 CO2-volume    [L]  0.271E+01  0.626E+00  0.279E+00  0.180E+01
 CO2-Mean  [L3/L3]  0.358E-01  0.525E-01  0.653E-01  0.304E-01
 T Mean        [K]  0.237E+02  0.213E+02  0.223E+02  0.243E+02
 Top Flux    [L/T]  0.451E+00
 Bot Flux    [L/T] -0.142E+01
 WatBalT       [L]  0.166E+00
 WatBalR       [%]      0.121
 CO2BalT       [L]  0.188E+01
 Crop Yield    [%]     93.548
-----------------------------------------------------


-----------------------------------------------------
 Time       [T]    214.0000
-----------------------------------------------------
 Sub-region num.                   1          2          3
-----------------------------------------------------
 Area          [L]  0.170E+03  0.270E+02  0.900E+01  0.134E+03
 W-volume      [L]  0.665E+02  0.720E+01  0.319E+01  0.561E+02
 In-flow     [L/T] -0.229E+00 -0.773E-01 -0.226E-01 -0.129E+00
 h Mean        [L] -0.106E+03 -0.295E+03 -0.111E+03 -0.671E+02
 CO2-volume    [L]  0.190E+01  0.598E-01  0.452E-01  0.180E+01
 CO2-Mean  [L3/L3]  0.229E-01  0.459E-02  0.989E-02  0.274E-01
 T Mean        [K]  0.190E+02  0.162E+02  0.175E+02  0.197E+02
 Top Flux    [L/T]  0.120E+00
 Bot Flux    [L/T] -0.108E+00
 WatBalT       [L]  0.561E-01
 WatBalR       [%]      0.034
 CO2BalT       [L]  0.230E+01
 Crop Yield    [%]     93.548
-----------------------------------------------------


-----------------------------------------------------
 Time       [T]    245.0000
-----------------------------------------------------
 Sub-region num.                   1          2          3
-----------------------------------------------------
 Area          [L]  0.170E+03  0.270E+02  0.900E+01  0.134E+03
 W-volume      [L]  0.667E+02  0.105E+02  0.299E+01  0.532E+02
 In-flow     [L/T]  0.252E+01  0.223E+01  0.339E+00 -0.480E-01
 h Mean        [L] -0.994E+02 -0.462E+02 -0.161E+03 -0.106E+03
 CO2-volume    [L]  0.158E+01  0.197E+00  0.546E-01  0.132E+01
 CO2-Mean  [L3/L3]  0.173E-01  0.129E-01  0.108E-01  0.186E-01
 T Mean        [K]  0.145E+02  0.110E+02  0.131E+02  0.153E+02
 Top Flux    [L/T] -0.256E+01
 Bot Flux    [L/T] -0.488E-01
 WatBalT       [L]  0.200E-01
 WatBalR       [%]      0.011
 CO2BalT       [L]  0.247E+01
 Crop Yield    [%]     93.548
-----------------------------------------------------
