 ******* Program UNSATCHEM-1D
 ******* 
 Missouri Field Experiment - 1982                                        
 Date:  21. 3.    Time:  15:17:45
 Units: L = cm   , T = days , M = mmol 
 
 CosAlf,MaxIt,TolTh,TolH
 1.000   20   0.000 0.20000
 
 TopInF,BotInF,AtmBC,SinkF,WLayer,qGWLF,FreeD,SeepF,lWat,lChem,lTemp,lRoot,lCO2
     T     F     T     T     F     F     T     F     T     F     T     T     T

Nodal point information

node      x         hOld    MatN LayN  Beta      CO2       Temp nSol nSorb nSolid

   1      0.000   -100.000    1    1   0.000  0.3300E-03   2.000   0.   0.   0.
   2     -1.000   -100.000    1    1   0.000  0.3300E-03   2.000   0.   0.   0.
   3     -2.000   -100.000    1    1   0.000  0.3300E-03   2.000   0.   0.   0.
   4     -3.000   -100.000    1    1   0.000  0.3300E-03   2.000   0.   0.   0.
   5     -4.000   -100.000    1    1   0.000  0.3300E-03   2.000   0.   0.   0.
   6     -5.000   -100.000    1    1   0.000  0.3300E-03   2.000   0.   0.   0.
   7     -6.000   -100.000    1    1   0.000  0.3300E-03   2.000   0.   0.   0.
   8     -7.000   -100.000    1    1   0.000  0.3300E-03   2.000   0.   0.   0.
   9     -8.000   -100.000    1    1   0.000  0.3300E-03   2.000   0.   0.   0.
  10     -9.000   -100.000    1    1   0.000  0.3300E-03   2.000   0.   0.   0.
  11    -10.000   -100.000    1    1   0.000  0.3300E-03   2.000   0.   0.   0.
  12    -11.000   -100.000    1    1   0.000  0.3300E-03   2.000   0.   0.   0.
  13    -12.000   -100.000    1    1   0.000  0.3300E-03   2.000   0.   0.   0.
  14    -13.000   -100.000    1    1   0.000  0.3300E-03   2.000   0.   0.   0.
  15    -14.000   -100.000    1    1   0.000  0.3300E-03   2.000   0.   0.   0.
  16    -15.000   -100.000    1    1   0.000  0.3300E-03   2.000   0.   0.   0.
  17    -16.000   -100.000    1    1   0.000  0.3300E-03   2.000   0.   0.   0.
  18    -17.000   -100.000    1    1   0.000  0.3300E-03   2.000   0.   0.   0.
  19    -18.000   -100.000    1    1   0.000  0.3300E-03   2.000   0.   0.   0.
  20    -19.000   -100.000    1    1   0.000  0.3300E-03   2.000   0.   0.   0.
  21    -20.000   -100.000    1    1   0.000  0.3300E-03   2.000   0.   0.   0.
  22    -21.000   -100.000    1    1   0.000  0.3300E-03   2.000   0.   0.   0.
  23    -22.000   -100.000    1    1   0.000  0.3300E-03   2.000   0.   0.   0.
  24    -23.000   -100.000    1    1   0.000  0.3300E-03   2.000   0.   0.   0.
  25    -24.000   -100.000    1    1   0.000  0.3300E-03   2.000   0.   0.   0.
  26    -25.000   -100.000    1    1   0.000  0.3300E-03   2.000   0.   0.   0.
  27    -26.000   -100.000    1    1   0.000  0.3300E-03   2.000   0.   0.   0.
  28    -27.000   -100.000    1    1   0.000  0.3300E-03   2.000   0.   0.   0.
  29    -28.000   -100.000    2    2   0.000  0.3300E-03   2.000   0.   0.   0.
  30    -29.000   -100.000    2    2   0.000  0.3300E-03   2.000   0.   0.   0.
  31    -30.000   -100.000    2    2   0.000  0.3300E-03   2.000   0.   0.   0.
  32    -31.000   -100.000    2    2   0.000  0.3300E-03   2.000   0.   0.   0.
  33    -32.000   -100.000    2    2   0.000  0.3300E-03   2.000   0.   0.   0.
  34    -33.000   -100.000    2    2   0.000  0.3300E-03   2.000   0.   0.   0.
  35    -34.000   -100.000    2    2   0.000  0.3300E-03   2.000   0.   0.   0.
  36    -35.000   -100.000    2    2   0.000  0.3300E-03   2.000   0.   0.   0.
  37    -36.000   -100.000    2    2   0.000  0.3300E-03   2.000   0.   0.   0.
  38    -37.000   -100.000    3    3   0.000  0.3300E-03   2.000   0.   0.   0.
  39    -38.000   -100.000    3    3   0.000  0.3300E-03   2.000   0.   0.   0.
  40    -39.000   -100.000    3    3   0.000  0.3300E-03   2.000   0.   0.   0.
  41    -40.000   -100.000    3    3   0.000  0.3300E-03   2.000   0.   0.   0.
  42    -41.000   -100.000    3    3   0.000  0.3300E-03   2.000   0.   0.   0.
  43    -42.000   -100.000    3    3   0.000  0.3300E-03   2.000   0.   0.   0.
  44    -43.000   -100.000    3    3   0.000  0.3300E-03   2.000   0.   0.   0.
  45    -44.000   -100.000    3    3   0.000  0.3300E-03   2.000   0.   0.   0.
  46    -45.000   -100.000    3    3   0.000  0.3300E-03   2.000   0.   0.   0.
  47    -46.000   -100.000    3    3   0.000  0.3300E-03   2.000   0.   0.   0.
  48    -47.000   -100.000    3    3   0.000  0.3300E-03   2.000   0.   0.   0.
  49    -48.000   -100.000    3    3   0.000  0.3300E-03   2.000   0.   0.   0.
  50    -49.000   -100.000    3    3   0.000  0.3300E-03   2.000   0.   0.   0.
  51    -50.500   -100.000    3    3   0.000  0.3300E-03   2.000   0.   0.   0.
  52    -52.000   -100.000    3    3   0.000  0.3300E-03   2.000   0.   0.   0.
  53    -54.000   -100.000    3    3   0.000  0.3300E-03   2.000   0.   0.   0.
  54    -56.000   -100.000    3    3   0.000  0.3300E-03   2.000   0.   0.   0.
  55    -58.000   -100.000    3    3   0.000  0.3300E-03   2.000   0.   0.   0.
  56    -60.000   -100.000    3    3   0.000  0.3300E-03   2.000   0.   0.   0.
  57    -62.000   -100.000    3    3   0.000  0.3300E-03   2.000   0.   0.   0.
  58    -64.000   -100.000    3    3   0.000  0.3300E-03   2.000   0.   0.   0.
  59    -66.000   -100.000    3    3   0.000  0.3300E-03   2.000   0.   0.   0.
  60    -68.000   -100.000    3    3   0.000  0.3300E-03   2.000   0.   0.   0.
  61    -70.000   -100.000    3    3   0.000  0.3300E-03   2.000   0.   0.   0.
  62    -72.000   -100.000    3    3   0.000  0.3300E-03   2.000   0.   0.   0.
  63    -74.000   -100.000    3    3   0.000  0.3300E-03   2.000   0.   0.   0.
  64    -76.000   -100.000    3    3   0.000  0.3300E-03   2.000   0.   0.   0.
  65    -78.000   -100.000    3    3   0.000  0.3300E-03   2.000   0.   0.   0.
  66    -80.000   -100.000    3    3   0.000  0.3300E-03   2.000   0.   0.   0.
  67    -82.000   -100.000    3    3   0.000  0.3300E-03   2.000   0.   0.   0.
  68    -84.000   -100.000    3    3   0.000  0.3300E-03   2.000   0.   0.   0.
  69    -86.000   -100.000    3    3   0.000  0.3300E-03   2.000   0.   0.   0.
  70    -88.000   -100.000    3    3   0.000  0.3300E-03   2.000   0.   0.   0.
  71    -90.000   -100.000    3    3   0.000  0.3300E-03   2.000   0.   0.   0.
  72    -92.000   -100.000    3    3   0.000  0.3300E-03   2.000   0.   0.   0.
  73    -94.000   -100.000    3    3   0.000  0.3300E-03   2.000   0.   0.   0.
  74    -96.000   -100.000    3    3   0.000  0.3300E-03   2.000   0.   0.   0.
  75    -98.000   -100.000    3    3   0.000  0.3300E-03   2.000   0.   0.   0.
  76   -101.000   -100.000    3    3   0.000  0.3300E-03   2.000   0.   0.   0.
  77   -103.000   -100.000    3    3   0.000  0.3300E-03   2.000   0.   0.   0.
  78   -106.000   -100.000    3    3   0.000  0.3300E-03   2.000   0.   0.   0.
  79   -109.000   -100.000    3    3   0.000  0.3300E-03   2.000   0.   0.   0.
  80   -112.000   -100.000    3    3   0.000  0.3300E-03   2.000   0.   0.   0.
  81   -115.000   -100.000    3    3   0.000  0.3300E-03   2.000   0.   0.   0.
  82   -118.000   -100.000    3    3   0.000  0.3300E-03   2.000   0.   0.   0.
  83   -121.000   -100.000    3    3   0.000  0.3300E-03   2.000   0.   0.   0.
  84   -124.000   -100.000    3    3   0.000  0.3300E-03   2.000   0.   0.   0.
  85   -127.000   -100.000    3    3   0.000  0.3300E-03   2.000   0.   0.   0.
  86   -130.000   -100.000    3    3   0.000  0.3300E-03   2.000   0.   0.   0.
  87   -134.000   -100.000    3    3   0.000  0.3300E-03   2.000   0.   0.   0.
  88   -138.000   -100.000    3    3   0.000  0.3300E-03   2.000   0.   0.   0.
  89   -142.000   -100.000    3    3   0.000  0.3300E-03   2.000   0.   0.   0.
  90   -146.000   -100.000    3    3   0.000  0.3300E-03   2.000   0.   0.   0.
  91   -150.000   -100.000    3    3   0.000  0.3300E-03   2.000   0.   0.   0.
  92   -154.000   -100.000    3    3   0.000  0.3300E-03   2.000   0.   0.   0.
  93   -158.000   -100.000    3    3   0.000  0.3300E-03   2.000   0.   0.   0.
  94   -162.000   -100.000    3    3   0.000  0.3300E-03   2.000   0.   0.   0.
  95   -166.000   -100.000    3    3   0.000  0.3300E-03   2.000   0.   0.   0.
  96   -170.000   -100.000    3    3   0.000  0.3300E-03   2.000   0.   0.   0.
end


MatNum, Param. array:

   Mat     Qr     Qs        Alfa         n          Ks      l

    1    0.000  0.491   0.512E-01   0.125E+01   0.100E+03  0.500
    2    0.000  0.513   0.508E-01   0.120E+01   0.100E+03  0.500
    3    0.000  0.509   0.488E-01   0.114E+01   0.100E+03  0.500

       Table of Hydraulic Properties which are interpolated in simulation
       =================================================================

  theta         h        log h        C             K        log K          S
  0.4910  -0.100E-04 -0.5000E+01  0.1753E-03  0.9441E+02  0.1975E+01    1.0000
  0.4910  -0.126E-04 -0.4899E+01  0.1856E-03  0.9409E+02  0.1974E+01    1.0000
  0.4910  -0.159E-04 -0.4798E+01  0.1965E-03  0.9374E+02  0.1972E+01    1.0000
  0.4910  -0.201E-04 -0.4697E+01  0.2081E-03  0.9338E+02  0.1970E+01    1.0000
  0.4910  -0.254E-04 -0.4596E+01  0.2204E-03  0.9300E+02  0.1968E+01    1.0000
  0.4910  -0.320E-04 -0.4495E+01  0.2334E-03  0.9260E+02  0.1967E+01    1.0000
  0.4910  -0.404E-04 -0.4394E+01  0.2471E-03  0.9217E+02  0.1965E+01    1.0000
  0.4910  -0.509E-04 -0.4293E+01  0.2616E-03  0.9172E+02  0.1962E+01    1.0000
  0.4910  -0.643E-04 -0.4192E+01  0.2770E-03  0.9124E+02  0.1960E+01    1.0000
  0.4910  -0.811E-04 -0.4091E+01  0.2934E-03  0.9074E+02  0.1958E+01    1.0000
  0.4910  -0.102E-03 -0.3990E+01  0.3106E-03  0.9021E+02  0.1955E+01    1.0000
  0.4910  -0.129E-03 -0.3889E+01  0.3289E-03  0.8965E+02  0.1953E+01    1.0000
  0.4910  -0.163E-03 -0.3788E+01  0.3483E-03  0.8905E+02  0.1950E+01    1.0000
  0.4910  -0.206E-03 -0.3687E+01  0.3688E-03  0.8843E+02  0.1947E+01    1.0000
  0.4910  -0.260E-03 -0.3586E+01  0.3905E-03  0.8777E+02  0.1943E+01    1.0000
  0.4910  -0.327E-03 -0.3485E+01  0.4135E-03  0.8707E+02  0.1940E+01    1.0000
  0.4910  -0.413E-03 -0.3384E+01  0.4379E-03  0.8634E+02  0.1936E+01    1.0000
  0.4910  -0.521E-03 -0.3283E+01  0.4636E-03  0.8557E+02  0.1932E+01    1.0000
  0.4910  -0.658E-03 -0.3182E+01  0.4910E-03  0.8475E+02  0.1928E+01    1.0000
  0.4910  -0.830E-03 -0.3081E+01  0.5199E-03  0.8389E+02  0.1924E+01    1.0000
  0.4910  -0.105E-02 -0.2980E+01  0.5505E-03  0.8299E+02  0.1919E+01    1.0000
  0.4910  -0.132E-02 -0.2879E+01  0.5829E-03  0.8204E+02  0.1914E+01    1.0000
  0.4910  -0.167E-02 -0.2778E+01  0.6172E-03  0.8104E+02  0.1909E+01    1.0000
  0.4910  -0.210E-02 -0.2677E+01  0.6535E-03  0.7998E+02  0.1903E+01    1.0000
  0.4910  -0.266E-02 -0.2576E+01  0.6920E-03  0.7887E+02  0.1897E+01    1.0000
  0.4910  -0.335E-02 -0.2475E+01  0.7328E-03  0.7771E+02  0.1890E+01    1.0000
  0.4910  -0.423E-02 -0.2374E+01  0.7759E-03  0.7648E+02  0.1884E+01    1.0000
  0.4910  -0.534E-02 -0.2273E+01  0.8216E-03  0.7519E+02  0.1876E+01    1.0000
  0.4910  -0.673E-02 -0.2172E+01  0.8700E-03  0.7384E+02  0.1868E+01    1.0000
  0.4910  -0.850E-02 -0.2071E+01  0.9212E-03  0.7243E+02  0.1860E+01    1.0000
  0.4910  -0.107E-01 -0.1970E+01  0.9754E-03  0.7094E+02  0.1851E+01    1.0000
  0.4910  -0.135E-01 -0.1869E+01  0.1033E-02  0.6938E+02  0.1841E+01    1.0000
  0.4910  -0.171E-01 -0.1768E+01  0.1094E-02  0.6776E+02  0.1831E+01    1.0000
  0.4910  -0.215E-01 -0.1667E+01  0.1158E-02  0.6605E+02  0.1820E+01    1.0000
  0.4910  -0.272E-01 -0.1566E+01  0.1226E-02  0.6427E+02  0.1808E+01    0.9999
  0.4910  -0.343E-01 -0.1465E+01  0.1298E-02  0.6241E+02  0.1795E+01    0.9999
  0.4910  -0.433E-01 -0.1364E+01  0.1374E-02  0.6048E+02  0.1782E+01    0.9999
  0.4909  -0.546E-01 -0.1263E+01  0.1455E-02  0.5846E+02  0.1767E+01    0.9999
  0.4909  -0.689E-01 -0.1162E+01  0.1540E-02  0.5636E+02  0.1751E+01    0.9998
  0.4909  -0.870E-01 -0.1061E+01  0.1630E-02  0.5418E+02  0.1734E+01    0.9998
  0.4908  -0.110E+00 -0.9596E+00  0.1725E-02  0.5191E+02  0.1715E+01    0.9997
  0.4908  -0.138E+00 -0.8586E+00  0.1826E-02  0.4957E+02  0.1695E+01    0.9996
  0.4907  -0.175E+00 -0.7576E+00  0.1932E-02  0.4715E+02  0.1673E+01    0.9994
  0.4906  -0.221E+00 -0.6566E+00  0.2043E-02  0.4466E+02  0.1650E+01    0.9993
  0.4905  -0.278E+00 -0.5556E+00  0.2160E-02  0.4209E+02  0.1624E+01    0.9990
  0.4904  -0.351E+00 -0.4545E+00  0.2283E-02  0.3946E+02  0.1596E+01    0.9987
  0.4901  -0.443E+00 -0.3535E+00  0.2411E-02  0.3677E+02  0.1566E+01    0.9982
  0.4899  -0.559E+00 -0.2525E+00  0.2544E-02  0.3404E+02  0.1532E+01    0.9977
  0.4895  -0.705E+00 -0.1515E+00  0.2681E-02  0.3127E+02  0.1495E+01    0.9969
  0.4890  -0.890E+00 -0.5051E-01  0.2821E-02  0.2847E+02  0.1454E+01    0.9958
  0.4883  -0.112E+01  0.5051E-01  0.2962E-02  0.2567E+02  0.1409E+01    0.9945
  0.4874  -0.142E+01  0.1515E+00  0.3102E-02  0.2289E+02  0.1360E+01    0.9927
  0.4862  -0.179E+01  0.2525E+00  0.3237E-02  0.2015E+02  0.1304E+01    0.9903
  0.4847  -0.226E+01  0.3535E+00  0.3362E-02  0.1748E+02  0.1243E+01    0.9871
  0.4826  -0.285E+01  0.4545E+00  0.3470E-02  0.1492E+02  0.1174E+01    0.9830
  0.4800  -0.359E+01  0.5556E+00  0.3555E-02  0.1249E+02  0.1096E+01    0.9776
  0.4766  -0.453E+01  0.6566E+00  0.3607E-02  0.1023E+02  0.1010E+01    0.9708
  0.4724  -0.572E+01  0.7576E+00  0.3615E-02  0.8177E+01  0.9126E+00    0.9620
  0.4670  -0.722E+01  0.8586E+00  0.3571E-02  0.6364E+01  0.8037E+00    0.9511
  0.4603  -0.911E+01  0.9596E+00  0.3466E-02  0.4808E+01  0.6820E+00    0.9375
  0.4522  -0.115E+02  0.1061E+01  0.3296E-02  0.3520E+01  0.5465E+00    0.9210
  0.4427  -0.145E+02  0.1162E+01  0.3066E-02  0.2493E+01  0.3967E+00    0.9015
  0.4316  -0.183E+02  0.1263E+01  0.2783E-02  0.1707E+01  0.2323E+00    0.8789
  0.4190  -0.231E+02  0.1364E+01  0.2463E-02  0.1131E+01  0.5357E-01    0.8534
  0.4051  -0.292E+02  0.1465E+01  0.2127E-02  0.7264E+00 -0.1389E+00    0.8252
  0.3902  -0.368E+02  0.1566E+01  0.1794E-02  0.4531E+00 -0.3438E+00    0.7948
  0.3745  -0.464E+02  0.1667E+01  0.1481E-02  0.2754E+00 -0.5600E+00    0.7628
  0.3584  -0.586E+02  0.1768E+01  0.1200E-02  0.1638E+00 -0.7858E+00    0.7298
  0.3419  -0.739E+02  0.1869E+01  0.9560E-03  0.9556E-01 -0.1020E+01    0.6964
  0.3256  -0.933E+02  0.1970E+01  0.7516E-03  0.5492E-01 -0.1260E+01    0.6631
  0.3094  -0.118E+03  0.2071E+01  0.5844E-03  0.3117E-01 -0.1506E+01    0.6301
  0.2936  -0.148E+03  0.2172E+01  0.4504E-03  0.1752E-01 -0.1756E+01    0.5980
  0.2783  -0.187E+03  0.2273E+01  0.3448E-03  0.9775E-02 -0.2010E+01    0.5668
  0.2636  -0.236E+03  0.2374E+01  0.2625E-03  0.5421E-02 -0.2266E+01    0.5368
  0.2495  -0.298E+03  0.2475E+01  0.1990E-03  0.2993E-02 -0.2524E+01    0.5081
  0.2360  -0.376E+03  0.2576E+01  0.1504E-03  0.1646E-02 -0.2783E+01    0.4806
  0.2231  -0.475E+03  0.2677E+01  0.1134E-03  0.9034E-03 -0.3044E+01    0.4544
  0.2109  -0.599E+03  0.2778E+01  0.8535E-04  0.4947E-03 -0.3306E+01    0.4295
  0.1993  -0.756E+03  0.2879E+01  0.6414E-04  0.2705E-03 -0.3568E+01    0.4059
  0.1883  -0.955E+03  0.2980E+01  0.4815E-04  0.1477E-03 -0.3830E+01    0.3835
  0.1779  -0.120E+04  0.3081E+01  0.3612E-04  0.8063E-04 -0.4094E+01    0.3624
  0.1681  -0.152E+04  0.3182E+01  0.2708E-04  0.4397E-04 -0.4357E+01    0.3423
  0.1588  -0.192E+04  0.3283E+01  0.2030E-04  0.2397E-04 -0.4620E+01    0.3233
  0.1500  -0.242E+04  0.3384E+01  0.1521E-04  0.1306E-04 -0.4884E+01    0.3054
  0.1416  -0.305E+04  0.3485E+01  0.1139E-04  0.7115E-05 -0.5148E+01    0.2885
  0.1338  -0.385E+04  0.3586E+01  0.8528E-05  0.3875E-05 -0.5412E+01    0.2724
  0.1263  -0.486E+04  0.3687E+01  0.6385E-05  0.2110E-05 -0.5676E+01    0.2573
  0.1193  -0.614E+04  0.3788E+01  0.4780E-05  0.1149E-05 -0.5940E+01    0.2430
  0.1127  -0.774E+04  0.3889E+01  0.3578E-05  0.6256E-06 -0.6204E+01    0.2295
  0.1064  -0.977E+04  0.3990E+01  0.2679E-05  0.3406E-06 -0.6468E+01    0.2168
  0.1005  -0.123E+05  0.4091E+01  0.2005E-05  0.1854E-06 -0.6732E+01    0.2047
  0.0949  -0.156E+05  0.4192E+01  0.1501E-05  0.1009E-06 -0.6996E+01    0.1933
  0.0896  -0.196E+05  0.4293E+01  0.1123E-05  0.5495E-07 -0.7260E+01    0.1826
  0.0847  -0.248E+05  0.4394E+01  0.8407E-06  0.2991E-07 -0.7524E+01    0.1724
  0.0800  -0.313E+05  0.4495E+01  0.6292E-06  0.1628E-07 -0.7788E+01    0.1628
  0.0755  -0.394E+05  0.4596E+01  0.4709E-06  0.8864E-08 -0.8052E+01    0.1538
  0.0713  -0.498E+05  0.4697E+01  0.3524E-06  0.4825E-08 -0.8317E+01    0.1452
  0.0673  -0.628E+05  0.4798E+01  0.2638E-06  0.2626E-08 -0.8581E+01    0.1372
  0.0636  -0.792E+05  0.4899E+01  0.1974E-06  0.1430E-08 -0.8845E+01    0.1295
  0.0601  -0.100E+06  0.5000E+01  0.1477E-06  0.7782E-09 -0.9109E+01    0.1223
end
  0.5130  -0.100E-04 -0.5000E+01  0.2899E-03  0.8913E+02  0.1950E+01    1.0000
  0.5130  -0.126E-04 -0.4899E+01  0.3037E-03  0.8863E+02  0.1948E+01    1.0000
  0.5130  -0.159E-04 -0.4798E+01  0.3181E-03  0.8811E+02  0.1945E+01    1.0000
  0.5130  -0.201E-04 -0.4697E+01  0.3331E-03  0.8757E+02  0.1942E+01    1.0000
  0.5130  -0.254E-04 -0.4596E+01  0.3489E-03  0.8700E+02  0.1940E+01    1.0000
  0.5130  -0.320E-04 -0.4495E+01  0.3654E-03  0.8640E+02  0.1937E+01    1.0000
  0.5130  -0.404E-04 -0.4394E+01  0.3827E-03  0.8578E+02  0.1933E+01    1.0000
  0.5130  -0.509E-04 -0.4293E+01  0.4009E-03  0.8514E+02  0.1930E+01    1.0000
  0.5130  -0.643E-04 -0.4192E+01  0.4199E-03  0.8446E+02  0.1927E+01    1.0000
  0.5130  -0.811E-04 -0.4091E+01  0.4398E-03  0.8376E+02  0.1923E+01    1.0000
  0.5130  -0.102E-03 -0.3990E+01  0.4606E-03  0.8303E+02  0.1919E+01    1.0000
  0.5130  -0.129E-03 -0.3889E+01  0.4824E-03  0.8226E+02  0.1915E+01    1.0000
  0.5130  -0.163E-03 -0.3788E+01  0.5053E-03  0.8146E+02  0.1911E+01    1.0000
  0.5130  -0.206E-03 -0.3687E+01  0.5292E-03  0.8063E+02  0.1907E+01    1.0000
  0.5130  -0.260E-03 -0.3586E+01  0.5543E-03  0.7977E+02  0.1902E+01    1.0000
  0.5130  -0.327E-03 -0.3485E+01  0.5805E-03  0.7887E+02  0.1897E+01    1.0000
  0.5130  -0.413E-03 -0.3384E+01  0.6080E-03  0.7793E+02  0.1892E+01    1.0000
  0.5130  -0.521E-03 -0.3283E+01  0.6368E-03  0.7695E+02  0.1886E+01    1.0000
  0.5130  -0.658E-03 -0.3182E+01  0.6670E-03  0.7593E+02  0.1880E+01    1.0000
  0.5130  -0.830E-03 -0.3081E+01  0.6986E-03  0.7487E+02  0.1874E+01    1.0000
  0.5130  -0.105E-02 -0.2980E+01  0.7317E-03  0.7377E+02  0.1868E+01    1.0000
  0.5130  -0.132E-02 -0.2879E+01  0.7663E-03  0.7263E+02  0.1861E+01    1.0000
  0.5130  -0.167E-02 -0.2778E+01  0.8026E-03  0.7144E+02  0.1854E+01    1.0000
  0.5130  -0.210E-02 -0.2677E+01  0.8407E-03  0.7021E+02  0.1846E+01    1.0000
  0.5130  -0.266E-02 -0.2576E+01  0.8805E-03  0.6893E+02  0.1838E+01    1.0000
  0.5130  -0.335E-02 -0.2475E+01  0.9222E-03  0.6760E+02  0.1830E+01    1.0000
  0.5130  -0.423E-02 -0.2374E+01  0.9658E-03  0.6622E+02  0.1821E+01    1.0000
  0.5130  -0.534E-02 -0.2273E+01  0.1012E-02  0.6479E+02  0.1812E+01    1.0000
  0.5130  -0.673E-02 -0.2172E+01  0.1059E-02  0.6331E+02  0.1801E+01    1.0000
  0.5130  -0.850E-02 -0.2071E+01  0.1110E-02  0.6178E+02  0.1791E+01    1.0000
  0.5130  -0.107E-01 -0.1970E+01  0.1162E-02  0.6020E+02  0.1780E+01    1.0000
  0.5130  -0.135E-01 -0.1869E+01  0.1217E-02  0.5856E+02  0.1768E+01    1.0000
  0.5130  -0.171E-01 -0.1768E+01  0.1275E-02  0.5687E+02  0.1755E+01    1.0000
  0.5130  -0.215E-01 -0.1667E+01  0.1335E-02  0.5513E+02  0.1741E+01    1.0000
  0.5130  -0.272E-01 -0.1566E+01  0.1398E-02  0.5333E+02  0.1727E+01    0.9999
  0.5130  -0.343E-01 -0.1465E+01  0.1464E-02  0.5148E+02  0.1712E+01    0.9999
  0.5129  -0.433E-01 -0.1364E+01  0.1533E-02  0.4958E+02  0.1695E+01    0.9999
  0.5129  -0.546E-01 -0.1263E+01  0.1605E-02  0.4763E+02  0.1678E+01    0.9999
  0.5129  -0.689E-01 -0.1162E+01  0.1681E-02  0.4562E+02  0.1659E+01    0.9998
  0.5129  -0.870E-01 -0.1061E+01  0.1760E-02  0.4357E+02  0.1639E+01    0.9998
  0.5128  -0.110E+00 -0.9596E+00  0.1842E-02  0.4148E+02  0.1618E+01    0.9997
  0.5128  -0.138E+00 -0.8586E+00  0.1928E-02  0.3934E+02  0.1595E+01    0.9996
  0.5127  -0.175E+00 -0.7576E+00  0.2017E-02  0.3716E+02  0.1570E+01    0.9994
  0.5126  -0.221E+00 -0.6566E+00  0.2110E-02  0.3494E+02  0.1543E+01    0.9992
  0.5125  -0.278E+00 -0.5556E+00  0.2206E-02  0.3270E+02  0.1515E+01    0.9990
  0.5123  -0.351E+00 -0.4545E+00  0.2306E-02  0.3043E+02  0.1483E+01    0.9987
  0.5121  -0.443E+00 -0.3535E+00  0.2408E-02  0.2815E+02  0.1449E+01    0.9983
  0.5118  -0.559E+00 -0.2525E+00  0.2512E-02  0.2586E+02  0.1413E+01    0.9977
  0.5114  -0.705E+00 -0.1515E+00  0.2617E-02  0.2358E+02  0.1373E+01    0.9970
  0.5109  -0.890E+00 -0.5051E-01  0.2723E-02  0.2131E+02  0.1329E+01    0.9960
  0.5103  -0.112E+01  0.5051E-01  0.2827E-02  0.1908E+02  0.1281E+01    0.9947
  0.5095  -0.142E+01  0.1515E+00  0.2926E-02  0.1689E+02  0.1228E+01    0.9931
  0.5084  -0.179E+01  0.2525E+00  0.3018E-02  0.1477E+02  0.1169E+01    0.9909
  0.5069  -0.226E+01  0.3535E+00  0.3099E-02  0.1273E+02  0.1105E+01    0.9881
  0.5051  -0.285E+01  0.4545E+00  0.3164E-02  0.1080E+02  0.1033E+01    0.9845
  0.5027  -0.359E+01  0.5556E+00  0.3206E-02  0.8995E+01  0.9540E+00    0.9799
  0.4997  -0.453E+01  0.6566E+00  0.3218E-02  0.7342E+01  0.8658E+00    0.9740
  0.4959  -0.572E+01  0.7576E+00  0.3194E-02  0.5858E+01  0.7678E+00    0.9666
  0.4911  -0.722E+01  0.8586E+00  0.3127E-02  0.4559E+01  0.6589E+00    0.9573
  0.4853  -0.911E+01  0.9596E+00  0.3013E-02  0.3454E+01  0.5383E+00    0.9460
  0.4783  -0.115E+02  0.1061E+01  0.2849E-02  0.2542E+01  0.4051E+00    0.9324
  0.4700  -0.145E+02  0.1162E+01  0.2640E-02  0.1815E+01  0.2590E+00    0.9163
  0.4605  -0.183E+02  0.1263E+01  0.2394E-02  0.1258E+01  0.9963E-01    0.8976
  0.4497  -0.231E+02  0.1364E+01  0.2122E-02  0.8460E+00 -0.7264E-01    0.8766
  0.4377  -0.292E+02  0.1465E+01  0.1839E-02  0.5530E+00 -0.2572E+00    0.8533
  0.4248  -0.368E+02  0.1566E+01  0.1561E-02  0.3522E+00 -0.4532E+00    0.8281
  0.4111  -0.464E+02  0.1667E+01  0.1298E-02  0.2191E+00 -0.6594E+00    0.8014
  0.3968  -0.586E+02  0.1768E+01  0.1061E-02  0.1335E+00 -0.8745E+00    0.7736
  0.3823  -0.739E+02  0.1869E+01  0.8544E-03  0.7996E-01 -0.1097E+01    0.7451
  0.3675  -0.933E+02  0.1970E+01  0.6791E-03  0.4721E-01 -0.1326E+01    0.7164
  0.3529  -0.118E+03  0.2071E+01  0.5341E-03  0.2754E-01 -0.1560E+01    0.6878
  0.3383  -0.148E+03  0.2172E+01  0.4165E-03  0.1592E-01 -0.1798E+01    0.6595
  0.3241  -0.187E+03  0.2273E+01  0.3226E-03  0.9134E-02 -0.2039E+01    0.6318
  0.3102  -0.236E+03  0.2374E+01  0.2485E-03  0.5210E-02 -0.2283E+01    0.6048
  0.2968  -0.298E+03  0.2475E+01  0.1906E-03  0.2958E-02 -0.2529E+01    0.5786
  0.2838  -0.376E+03  0.2576E+01  0.1458E-03  0.1674E-02 -0.2776E+01    0.5532
  0.2713  -0.475E+03  0.2677E+01  0.1112E-03  0.9443E-03 -0.3025E+01    0.5288
  0.2592  -0.599E+03  0.2778E+01  0.8464E-04  0.5318E-03 -0.3274E+01    0.5053
  0.2477  -0.756E+03  0.2879E+01  0.6434E-04  0.2990E-03 -0.3524E+01    0.4828
  0.2366  -0.955E+03  0.2980E+01  0.4886E-04  0.1679E-03 -0.3775E+01    0.4612
  0.2260  -0.120E+04  0.3081E+01  0.3707E-04  0.9418E-04 -0.4026E+01    0.4405
  0.2158  -0.152E+04  0.3182E+01  0.2810E-04  0.5280E-04 -0.4277E+01    0.4207
  0.2061  -0.192E+04  0.3283E+01  0.2130E-04  0.2959E-04 -0.4529E+01    0.4017
  0.1968  -0.242E+04  0.3384E+01  0.1613E-04  0.1657E-04 -0.4781E+01    0.3836
  0.1879  -0.305E+04  0.3485E+01  0.1222E-04  0.9279E-05 -0.5033E+01    0.3663
  0.1794  -0.385E+04  0.3586E+01  0.9250E-05  0.5194E-05 -0.5284E+01    0.3498
  0.1713  -0.486E+04  0.3687E+01  0.7003E-05  0.2907E-05 -0.5537E+01    0.3340
  0.1636  -0.614E+04  0.3788E+01  0.5301E-05  0.1627E-05 -0.5789E+01    0.3189
  0.1562  -0.774E+04  0.3889E+01  0.4012E-05  0.9104E-06 -0.6041E+01    0.3045
  0.1491  -0.977E+04  0.3990E+01  0.3036E-05  0.5094E-06 -0.6293E+01    0.2907
  0.1424  -0.123E+05  0.4091E+01  0.2298E-05  0.2850E-06 -0.6545E+01    0.2776
  0.1360  -0.156E+05  0.4192E+01  0.1739E-05  0.1595E-06 -0.6797E+01    0.2650
  0.1298  -0.196E+05  0.4293E+01  0.1316E-05  0.8922E-07 -0.7050E+01    0.2531
  0.1239  -0.248E+05  0.4394E+01  0.9956E-06  0.4991E-07 -0.7302E+01    0.2416
  0.1183  -0.313E+05  0.4495E+01  0.7533E-06  0.2792E-07 -0.7554E+01    0.2307
  0.1130  -0.394E+05  0.4596E+01  0.5700E-06  0.1562E-07 -0.7806E+01    0.2203
  0.1079  -0.498E+05  0.4697E+01  0.4313E-06  0.8739E-08 -0.8059E+01    0.2103
  0.1030  -0.628E+05  0.4798E+01  0.3264E-06  0.4889E-08 -0.8311E+01    0.2008
  0.0983  -0.792E+05  0.4899E+01  0.2469E-06  0.2735E-08 -0.8563E+01    0.1917
  0.0939  -0.100E+06  0.5000E+01  0.1868E-06  0.1530E-08 -0.8815E+01    0.1830
end
  0.5090  -0.100E-04 -0.5000E+01  0.4479E-03  0.7622E+02  0.1882E+01    1.0000
  0.5090  -0.126E-04 -0.4899E+01  0.4629E-03  0.7547E+02  0.1878E+01    1.0000
  0.5090  -0.159E-04 -0.4798E+01  0.4785E-03  0.7471E+02  0.1873E+01    1.0000
  0.5090  -0.201E-04 -0.4697E+01  0.4946E-03  0.7392E+02  0.1869E+01    1.0000
  0.5090  -0.254E-04 -0.4596E+01  0.5112E-03  0.7312E+02  0.1864E+01    1.0000
  0.5090  -0.320E-04 -0.4495E+01  0.5283E-03  0.7229E+02  0.1859E+01    1.0000
  0.5090  -0.404E-04 -0.4394E+01  0.5461E-03  0.7143E+02  0.1854E+01    1.0000
  0.5090  -0.509E-04 -0.4293E+01  0.5644E-03  0.7056E+02  0.1849E+01    1.0000
  0.5090  -0.643E-04 -0.4192E+01  0.5833E-03  0.6966E+02  0.1843E+01    1.0000
  0.5090  -0.811E-04 -0.4091E+01  0.6029E-03  0.6873E+02  0.1837E+01    1.0000
  0.5090  -0.102E-03 -0.3990E+01  0.6232E-03  0.6779E+02  0.1831E+01    1.0000
  0.5090  -0.129E-03 -0.3889E+01  0.6441E-03  0.6681E+02  0.1825E+01    1.0000
  0.5090  -0.163E-03 -0.3788E+01  0.6657E-03  0.6581E+02  0.1818E+01    1.0000
  0.5090  -0.206E-03 -0.3687E+01  0.6881E-03  0.6479E+02  0.1812E+01    1.0000
  0.5090  -0.260E-03 -0.3586E+01  0.7112E-03  0.6374E+02  0.1804E+01    1.0000
  0.5090  -0.327E-03 -0.3485E+01  0.7351E-03  0.6266E+02  0.1797E+01    1.0000
  0.5090  -0.413E-03 -0.3384E+01  0.7598E-03  0.6156E+02  0.1789E+01    1.0000
  0.5090  -0.521E-03 -0.3283E+01  0.7853E-03  0.6043E+02  0.1781E+01    1.0000
  0.5090  -0.658E-03 -0.3182E+01  0.8116E-03  0.5927E+02  0.1773E+01    1.0000
  0.5090  -0.830E-03 -0.3081E+01  0.8389E-03  0.5809E+02  0.1764E+01    1.0000
  0.5090  -0.105E-02 -0.2980E+01  0.8671E-03  0.5688E+02  0.1755E+01    1.0000
  0.5090  -0.132E-02 -0.2879E+01  0.8962E-03  0.5564E+02  0.1745E+01    1.0000
  0.5090  -0.167E-02 -0.2778E+01  0.9262E-03  0.5437E+02  0.1735E+01    1.0000
  0.5090  -0.210E-02 -0.2677E+01  0.9573E-03  0.5308E+02  0.1725E+01    1.0000
  0.5090  -0.266E-02 -0.2576E+01  0.9895E-03  0.5176E+02  0.1714E+01    1.0000
  0.5090  -0.335E-02 -0.2475E+01  0.1023E-02  0.5042E+02  0.1703E+01    1.0000
  0.5090  -0.423E-02 -0.2374E+01  0.1057E-02  0.4904E+02  0.1691E+01    1.0000
  0.5090  -0.534E-02 -0.2273E+01  0.1092E-02  0.4764E+02  0.1678E+01    1.0000
  0.5090  -0.673E-02 -0.2172E+01  0.1129E-02  0.4622E+02  0.1665E+01    1.0000
  0.5090  -0.850E-02 -0.2071E+01  0.1167E-02  0.4477E+02  0.1651E+01    1.0000
  0.5090  -0.107E-01 -0.1970E+01  0.1206E-02  0.4329E+02  0.1636E+01    1.0000
  0.5090  -0.135E-01 -0.1869E+01  0.1247E-02  0.4180E+02  0.1621E+01    1.0000
  0.5090  -0.171E-01 -0.1768E+01  0.1288E-02  0.4028E+02  0.1605E+01    1.0000
  0.5090  -0.215E-01 -0.1667E+01  0.1331E-02  0.3873E+02  0.1588E+01    1.0000
  0.5090  -0.272E-01 -0.1566E+01  0.1376E-02  0.3717E+02  0.1570E+01    0.9999
  0.5090  -0.343E-01 -0.1465E+01  0.1422E-02  0.3559E+02  0.1551E+01    0.9999
  0.5089  -0.433E-01 -0.1364E+01  0.1469E-02  0.3399E+02  0.1531E+01    0.9999
  0.5089  -0.546E-01 -0.1263E+01  0.1518E-02  0.3238E+02  0.1510E+01    0.9999
  0.5089  -0.689E-01 -0.1162E+01  0.1569E-02  0.3076E+02  0.1488E+01    0.9998
  0.5089  -0.870E-01 -0.1061E+01  0.1620E-02  0.2912E+02  0.1464E+01    0.9998
  0.5088  -0.110E+00 -0.9596E+00  0.1674E-02  0.2748E+02  0.1439E+01    0.9997
  0.5088  -0.138E+00 -0.8586E+00  0.1728E-02  0.2584E+02  0.1412E+01    0.9996
  0.5087  -0.175E+00 -0.7576E+00  0.1784E-02  0.2419E+02  0.1384E+01    0.9995
  0.5086  -0.221E+00 -0.6566E+00  0.1842E-02  0.2255E+02  0.1353E+01    0.9993
  0.5085  -0.278E+00 -0.5556E+00  0.1900E-02  0.2091E+02  0.1320E+01    0.9991
  0.5084  -0.351E+00 -0.4545E+00  0.1959E-02  0.1929E+02  0.1285E+01    0.9988
  0.5082  -0.443E+00 -0.3535E+00  0.2018E-02  0.1769E+02  0.1248E+01    0.9985
  0.5080  -0.559E+00 -0.2525E+00  0.2077E-02  0.1611E+02  0.1207E+01    0.9980
  0.5077  -0.705E+00 -0.1515E+00  0.2135E-02  0.1456E+02  0.1163E+01    0.9974
  0.5073  -0.890E+00 -0.5051E-01  0.2191E-02  0.1305E+02  0.1116E+01    0.9966
  0.5067  -0.112E+01  0.5051E-01  0.2244E-02  0.1159E+02  0.1064E+01    0.9956
  0.5061  -0.142E+01  0.1515E+00  0.2291E-02  0.1018E+02  0.1008E+01    0.9943
  0.5052  -0.179E+01  0.2525E+00  0.2332E-02  0.8843E+01  0.9466E+00    0.9926
  0.5041  -0.226E+01  0.3535E+00  0.2364E-02  0.7578E+01  0.8795E+00    0.9904
  0.5027  -0.285E+01  0.4545E+00  0.2382E-02  0.6397E+01  0.8060E+00    0.9877
  0.5009  -0.359E+01  0.5556E+00  0.2384E-02  0.5311E+01  0.7252E+00    0.9842
  0.4987  -0.453E+01  0.6566E+00  0.2367E-02  0.4329E+01  0.6363E+00    0.9798
  0.4959  -0.572E+01  0.7576E+00  0.2325E-02  0.3456E+01  0.5386E+00    0.9743
  0.4925  -0.722E+01  0.8586E+00  0.2257E-02  0.2699E+01  0.4312E+00    0.9675
  0.4883  -0.911E+01  0.9596E+00  0.2160E-02  0.2058E+01  0.3134E+00    0.9593
  0.4833  -0.115E+02  0.1061E+01  0.2034E-02  0.1530E+01  0.1846E+00    0.9495
  0.4774  -0.145E+02  0.1162E+01  0.1882E-02  0.1108E+01  0.4440E-01    0.9379
  0.4706  -0.183E+02  0.1263E+01  0.1708E-02  0.7810E+00 -0.1073E+00    0.9246
  0.4629  -0.231E+02  0.1364E+01  0.1520E-02  0.5365E+00 -0.2704E+00    0.9094
  0.4543  -0.292E+02  0.1465E+01  0.1326E-02  0.3594E+00 -0.4444E+00    0.8925
  0.4449  -0.368E+02  0.1566E+01  0.1135E-02  0.2352E+00 -0.6285E+00    0.8741
  0.4349  -0.464E+02  0.1667E+01  0.9551E-03  0.1508E+00 -0.8217E+00    0.8544
  0.4244  -0.586E+02  0.1768E+01  0.7905E-03  0.9482E-01 -0.1023E+01    0.8337
  0.4134  -0.739E+02  0.1869E+01  0.6452E-03  0.5869E-01 -0.1231E+01    0.8122
  0.4022  -0.933E+02  0.1970E+01  0.5202E-03  0.3584E-01 -0.1446E+01    0.7902
  0.3909  -0.118E+03  0.2071E+01  0.4152E-03  0.2164E-01 -0.1665E+01    0.7679
  0.3795  -0.148E+03  0.2172E+01  0.3287E-03  0.1295E-01 -0.1888E+01    0.7456
  0.3682  -0.187E+03  0.2273E+01  0.2584E-03  0.7690E-02 -0.2114E+01    0.7234
  0.3570  -0.236E+03  0.2374E+01  0.2020E-03  0.4541E-02 -0.2343E+01    0.7014
  0.3460  -0.298E+03  0.2475E+01  0.1573E-03  0.2668E-02 -0.2574E+01    0.6798
  0.3352  -0.376E+03  0.2576E+01  0.1220E-03  0.1563E-02 -0.2806E+01    0.6585
  0.3246  -0.475E+03  0.2677E+01  0.9442E-04  0.9124E-03 -0.3040E+01    0.6378
  0.3143  -0.599E+03  0.2778E+01  0.7291E-04  0.5315E-03 -0.3274E+01    0.6175
  0.3043  -0.756E+03  0.2879E+01  0.5621E-04  0.3091E-03 -0.3510E+01    0.5978
  0.2946  -0.955E+03  0.2980E+01  0.4328E-04  0.1796E-03 -0.3746E+01    0.5787
  0.2851  -0.120E+04  0.3081E+01  0.3329E-04  0.1042E-03 -0.3982E+01    0.5601
  0.2759  -0.152E+04  0.3182E+01  0.2559E-04  0.6041E-04 -0.4219E+01    0.5420
  0.2670  -0.192E+04  0.3283E+01  0.1966E-04  0.3500E-04 -0.4456E+01    0.5245
  0.2584  -0.242E+04  0.3384E+01  0.1509E-04  0.2027E-04 -0.4693E+01    0.5076
  0.2500  -0.305E+04  0.3485E+01  0.1159E-04  0.1174E-04 -0.4930E+01    0.4912
  0.2419  -0.385E+04  0.3586E+01  0.8891E-05  0.6792E-05 -0.5168E+01    0.4752
  0.2341  -0.486E+04  0.3687E+01  0.6822E-05  0.3930E-05 -0.5406E+01    0.4598
  0.2265  -0.614E+04  0.3788E+01  0.5233E-05  0.2274E-05 -0.5643E+01    0.4449
  0.2191  -0.774E+04  0.3889E+01  0.4014E-05  0.1316E-05 -0.5881E+01    0.4305
  0.2120  -0.977E+04  0.3990E+01  0.3079E-05  0.7609E-06 -0.6119E+01    0.4165
  0.2051  -0.123E+05  0.4091E+01  0.2361E-05  0.4401E-06 -0.6356E+01    0.4030
  0.1985  -0.156E+05  0.4192E+01  0.1811E-05  0.2546E-06 -0.6594E+01    0.3899
  0.1920  -0.196E+05  0.4293E+01  0.1388E-05  0.1472E-06 -0.6832E+01    0.3772
  0.1858  -0.248E+05  0.4394E+01  0.1065E-05  0.8514E-07 -0.7070E+01    0.3650
  0.1797  -0.313E+05  0.4495E+01  0.8164E-06  0.4924E-07 -0.7308E+01    0.3531
  0.1739  -0.394E+05  0.4596E+01  0.6260E-06  0.2847E-07 -0.7546E+01    0.3417
  0.1683  -0.498E+05  0.4697E+01  0.4800E-06  0.1647E-07 -0.7783E+01    0.3306
  0.1628  -0.628E+05  0.4798E+01  0.3681E-06  0.9522E-08 -0.8021E+01    0.3198
  0.1575  -0.792E+05  0.4899E+01  0.2822E-06  0.5506E-08 -0.8259E+01    0.3094
  0.1524  -0.100E+06  0.5000E+01  0.2164E-06  0.3184E-08 -0.8497E+01    0.2994
end

 Root growth information
 =======================
 tRMin =      0.000 tRHarv =    130.000
 xRMin =      5.000 xRMax =     70.000
 Root growth rate =   0.417E-01
  0.484  0.025  1.500 -0.127E+17 -0.620E+17  0.163E+18  0.143E+15  0.187E+15  0.312E+15
  0.476  0.011  1.500 -0.127E+17 -0.620E+17  0.163E+18  0.143E+15  0.187E+15  0.312E+15
  0.481  0.010  1.500 -0.127E+17 -0.620E+17  0.163E+18  0.143E+15  0.187E+15  0.312E+15


 Heat transport information
 ==========================

 ample =      5.000

   Beta    Qn     Qo        B1         B2         B3         Cn         Co         Cw


 CO2 transport information
 =========================

kTopCO       CO2Top       kBotCO     CO2Bot
   1       0.330E-03        -1     0.000E+00

      Da         Dw       l
  0.137E+05  0.153E+01   1.500
  0.137E+05  0.153E+01   1.500
  0.137E+05  0.153E+01   1.500


 Production of CO2 information
 =============================

    gamR0       gamS0       PDDMax     kProd
   0.280E+00   0.420E+00  1275.000         0

 alf =      0.105

 B2  =        6014.000  B1  =        6677.000
 cM2 =           0.140  cM1 =           0.190
 HB1 =        -100.000  HB2 =    -100000000.0
 P0c =             3.0  P50c=       0.100E+04



 Profile Information
 ====================

    n      depth     THr       THs       hs       Ks        Ks/KsTop    Beta

    1      0.00     0.000     0.491       0.0   0.100E+03     1.000     0.000
    2      1.00     0.000     0.491       0.0   0.100E+03     1.000     0.400
    3      2.00     0.000     0.491       0.0   0.100E+03     1.000     0.300
    4      3.00     0.000     0.491       0.0   0.100E+03     1.000     0.200
    5      4.00     0.000     0.491       0.0   0.100E+03     1.000     0.100
    6      5.00     0.000     0.491       0.0   0.100E+03     1.000     0.000
    7      6.00     0.000     0.491       0.0   0.100E+03     1.000     0.000
    8      7.00     0.000     0.491       0.0   0.100E+03     1.000     0.000
    9      8.00     0.000     0.491       0.0   0.100E+03     1.000     0.000
   10      9.00     0.000     0.491       0.0   0.100E+03     1.000     0.000
   11     10.00     0.000     0.491       0.0   0.100E+03     1.000     0.000
   12     11.00     0.000     0.491       0.0   0.100E+03     1.000     0.000
   13     12.00     0.000     0.491       0.0   0.100E+03     1.000     0.000
   14     13.00     0.000     0.491       0.0   0.100E+03     1.000     0.000
   15     14.00     0.000     0.491       0.0   0.100E+03     1.000     0.000
   16     15.00     0.000     0.491       0.0   0.100E+03     1.000     0.000
   17     16.00     0.000     0.491       0.0   0.100E+03     1.000     0.000
   18     17.00     0.000     0.491       0.0   0.100E+03     1.000     0.000
   19     18.00     0.000     0.491       0.0   0.100E+03     1.000     0.000
   20     19.00     0.000     0.491       0.0   0.100E+03     1.000     0.000
   21     20.00     0.000     0.491       0.0   0.100E+03     1.000     0.000
   22     21.00     0.000     0.491       0.0   0.100E+03     1.000     0.000
   23     22.00     0.000     0.491       0.0   0.100E+03     1.000     0.000
   24     23.00     0.000     0.491       0.0   0.100E+03     1.000     0.000
   25     24.00     0.000     0.491       0.0   0.100E+03     1.000     0.000
   26     25.00     0.000     0.491       0.0   0.100E+03     1.000     0.000
   27     26.00     0.000     0.491       0.0   0.100E+03     1.000     0.000
   28     27.00     0.000     0.491       0.0   0.100E+03     1.000     0.000
   29     28.00     0.000     0.513       0.0   0.100E+03     1.000     0.000
   30     29.00     0.000     0.513       0.0   0.100E+03     1.000     0.000
   31     30.00     0.000     0.513       0.0   0.100E+03     1.000     0.000
   32     31.00     0.000     0.513       0.0   0.100E+03     1.000     0.000
   33     32.00     0.000     0.513       0.0   0.100E+03     1.000     0.000
   34     33.00     0.000     0.513       0.0   0.100E+03     1.000     0.000
   35     34.00     0.000     0.513       0.0   0.100E+03     1.000     0.000
   36     35.00     0.000     0.513       0.0   0.100E+03     1.000     0.000
   37     36.00     0.000     0.513       0.0   0.100E+03     1.000     0.000
   38     37.00     0.000     0.509       0.0   0.100E+03     1.000     0.000
   39     38.00     0.000     0.509       0.0   0.100E+03     1.000     0.000
   40     39.00     0.000     0.509       0.0   0.100E+03     1.000     0.000
   41     40.00     0.000     0.509       0.0   0.100E+03     1.000     0.000
   42     41.00     0.000     0.509       0.0   0.100E+03     1.000     0.000
   43     42.00     0.000     0.509       0.0   0.100E+03     1.000     0.000
   44     43.00     0.000     0.509       0.0   0.100E+03     1.000     0.000
   45     44.00     0.000     0.509       0.0   0.100E+03     1.000     0.000
   46     45.00     0.000     0.509       0.0   0.100E+03     1.000     0.000
   47     46.00     0.000     0.509       0.0   0.100E+03     1.000     0.000
   48     47.00     0.000     0.509       0.0   0.100E+03     1.000     0.000
   49     48.00     0.000     0.509       0.0   0.100E+03     1.000     0.000
   50     49.00     0.000     0.509       0.0   0.100E+03     1.000     0.000
   51     50.50     0.000     0.509       0.0   0.100E+03     1.000     0.000
   52     52.00     0.000     0.509       0.0   0.100E+03     1.000     0.000
   53     54.00     0.000     0.509       0.0   0.100E+03     1.000     0.000
   54     56.00     0.000     0.509       0.0   0.100E+03     1.000     0.000
   55     58.00     0.000     0.509       0.0   0.100E+03     1.000     0.000
   56     60.00     0.000     0.509       0.0   0.100E+03     1.000     0.000
   57     62.00     0.000     0.509       0.0   0.100E+03     1.000     0.000
   58     64.00     0.000     0.509       0.0   0.100E+03     1.000     0.000
   59     66.00     0.000     0.509       0.0   0.100E+03     1.000     0.000
   60     68.00     0.000     0.509       0.0   0.100E+03     1.000     0.000
   61     70.00     0.000     0.509       0.0   0.100E+03     1.000     0.000
   62     72.00     0.000     0.509       0.0   0.100E+03     1.000     0.000
   63     74.00     0.000     0.509       0.0   0.100E+03     1.000     0.000
   64     76.00     0.000     0.509       0.0   0.100E+03     1.000     0.000
   65     78.00     0.000     0.509       0.0   0.100E+03     1.000     0.000
   66     80.00     0.000     0.509       0.0   0.100E+03     1.000     0.000
   67     82.00     0.000     0.509       0.0   0.100E+03     1.000     0.000
   68     84.00     0.000     0.509       0.0   0.100E+03     1.000     0.000
   69     86.00     0.000     0.509       0.0   0.100E+03     1.000     0.000
   70     88.00     0.000     0.509       0.0   0.100E+03     1.000     0.000
   71     90.00     0.000     0.509       0.0   0.100E+03     1.000     0.000
   72     92.00     0.000     0.509       0.0   0.100E+03     1.000     0.000
   73     94.00     0.000     0.509       0.0   0.100E+03     1.000     0.000
   74     96.00     0.000     0.509       0.0   0.100E+03     1.000     0.000
   75     98.00     0.000     0.509       0.0   0.100E+03     1.000     0.000
   76    101.00     0.000     0.509       0.0   0.100E+03     1.000     0.000
   77    103.00     0.000     0.509       0.0   0.100E+03     1.000     0.000
   78    106.00     0.000     0.509       0.0   0.100E+03     1.000     0.000
   79    109.00     0.000     0.509       0.0   0.100E+03     1.000     0.000
   80    112.00     0.000     0.509       0.0   0.100E+03     1.000     0.000
   81    115.00     0.000     0.509       0.0   0.100E+03     1.000     0.000
   82    118.00     0.000     0.509       0.0   0.100E+03     1.000     0.000
   83    121.00     0.000     0.509       0.0   0.100E+03     1.000     0.000
   84    124.00     0.000     0.509       0.0   0.100E+03     1.000     0.000
   85    127.00     0.000     0.509       0.0   0.100E+03     1.000     0.000
   86    130.00     0.000     0.509       0.0   0.100E+03     1.000     0.000
   87    134.00     0.000     0.509       0.0   0.100E+03     1.000     0.000
   88    138.00     0.000     0.509       0.0   0.100E+03     1.000     0.000
   89    142.00     0.000     0.509       0.0   0.100E+03     1.000     0.000
   90    146.00     0.000     0.509       0.0   0.100E+03     1.000     0.000
   91    150.00     0.000     0.509       0.0   0.100E+03     1.000     0.000
   92    154.00     0.000     0.509       0.0   0.100E+03     1.000     0.000
   93    158.00     0.000     0.509       0.0   0.100E+03     1.000     0.000
   94    162.00     0.000     0.509       0.0   0.100E+03     1.000     0.000
   95    166.00     0.000     0.509       0.0   0.100E+03     1.000     0.000
   96    170.00     0.000     0.509       0.0   0.100E+03     1.000     0.000
end
