

   Time      sum(rTop)  sum(rRoot) sum(vTop)  sum(vRoot) sum(vBot)    hTop       hRoot      hBot      A-level
    [T]        [L]        [L]        [L]        [L]        [L]        [L]         [L]       [L] 

    91.00000   .000E+00   .160E+00  -.260E-06   .160E+00  -.114E+01  -.683E+02  -.529E+02   .149E+03       1
    92.00000  -.700E-01   .340E+00  -.700E-01   .340E+00  -.203E+01  -.782E+02  -.641E+02   .137E+03       2
    93.00000  -.900E-01   .470E+00  -.900E-01   .470E+00  -.276E+01  -.887E+02  -.734E+02   .129E+03       3
    94.00000  -.900E-01   .670E+00  -.900E-01   .670E+00  -.337E+01  -.989E+02  -.826E+02   .122E+03       4
    95.00000  -.900E-01   .950E+00  -.900E-01   .950E+00  -.388E+01  -.109E+03  -.918E+02   .117E+03       5
    96.00000  -.160E+00   .113E+01  -.160E+00   .113E+01  -.432E+01  -.110E+03  -.961E+02   .112E+03       6
    97.00000  -.450E+00   .121E+01  -.450E+00   .121E+01  -.470E+01  -.956E+02  -.912E+02   .108E+03       7
    98.00000  -.890E+00   .135E+01  -.890E+00   .135E+01  -.504E+01  -.865E+02  -.865E+02   .106E+03       8
    99.00000  -.109E+01   .146E+01  -.109E+01   .146E+01  -.536E+01  -.959E+02  -.901E+02   .105E+03       9
   100.00000  -.138E+01   .157E+01  -.138E+01   .157E+01  -.567E+01  -.935E+02  -.903E+02   .103E+03      10
   101.00000  -.170E+01   .168E+01  -.170E+01   .168E+01  -.595E+01  -.919E+02  -.898E+02   .102E+03      11
   102.00000  -.219E+01   .179E+01  -.219E+01   .179E+01  -.623E+01  -.834E+02  -.853E+02   .102E+03      12
   103.00000  -.220E+01   .195E+01  -.220E+01   .195E+01  -.651E+01  -.110E+03  -.971E+02   .101E+03      13
   104.00000  -.220E+01   .212E+01  -.220E+01   .212E+01  -.676E+01  -.122E+03  -.106E+03   .999E+02      14
   105.00000  -.220E+01   .234E+01  -.220E+01   .234E+01  -.699E+01  -.131E+03  -.114E+03   .978E+02      15
   106.00000  -.220E+01   .255E+01  -.220E+01   .255E+01  -.719E+01  -.140E+03  -.121E+03   .956E+02      16
   107.00000  -.220E+01   .278E+01  -.220E+01   .278E+01  -.736E+01  -.147E+03  -.127E+03   .934E+02      17
   108.00000  -.220E+01   .301E+01  -.220E+01   .301E+01  -.751E+01  -.154E+03  -.132E+03   .912E+02      18
   109.00000  -.220E+01   .325E+01  -.220E+01   .325E+01  -.762E+01  -.160E+03  -.138E+03   .892E+02      19
   110.00000  -.220E+01   .343E+01  -.220E+01   .343E+01  -.772E+01  -.165E+03  -.141E+03   .873E+02      20
   111.00000  -.220E+01   .358E+01  -.220E+01   .358E+01  -.779E+01  -.167E+03  -.143E+03   .856E+02      21
   112.00000  -.220E+01   .377E+01  -.220E+01   .377E+01  -.784E+01  -.170E+03  -.146E+03   .842E+02      22
   113.00000  -.221E+01   .392E+01  -.221E+01   .392E+01  -.788E+01  -.170E+03  -.147E+03   .829E+02      23
   114.00000  -.222E+01   .414E+01  -.222E+01   .414E+01  -.791E+01  -.173E+03  -.150E+03   .817E+02      24
   115.00000  -.222E+01   .437E+01  -.222E+01   .437E+01  -.792E+01  -.180E+03  -.155E+03   .805E+02      25
   116.00000  -.224E+01   .457E+01  -.224E+01   .457E+01  -.792E+01  -.181E+03  -.157E+03   .794E+02      26
   117.00000  -.224E+01   .474E+01  -.224E+01   .474E+01  -.792E+01  -.185E+03  -.159E+03   .782E+02      27
   118.00000  -.226E+01   .488E+01  -.226E+01   .488E+01  -.792E+01  -.182E+03  -.158E+03   .770E+02      28
   119.00000  -.252E+01   .501E+01  -.252E+01   .501E+01  -.792E+01  -.142E+03  -.145E+03   .760E+02      29
   120.00000  -.276E+01   .512E+01  -.276E+01   .512E+01  -.792E+01  -.133E+03  -.136E+03   .752E+02      30
   121.00000  -.337E+01   .520E+01  -.337E+01   .520E+01  -.792E+01  -.967E+02  -.113E+03   .748E+02      31
   122.00000  -.337E+01   .541E+01  -.337E+01   .541E+01  -.792E+01  -.133E+03  -.124E+03   .751E+02      32
   123.00000  -.356E+01   .555E+01  -.356E+01   .555E+01  -.792E+01  -.125E+03  -.124E+03   .756E+02      33
   124.00000  -.373E+01   .576E+01  -.373E+01   .576E+01  -.792E+01  -.128E+03  -.126E+03   .760E+02      34
   125.00000  -.451E+01   .583E+01  -.451E+01   .583E+01  -.792E+01  -.843E+02  -.102E+03   .764E+02      35
   126.00000  -.569E+01   .593E+01  -.569E+01   .593E+01  -.792E+01  -.625E+02  -.778E+02   .779E+02      36
   127.00000  -.637E+01   .603E+01  -.637E+01   .603E+01  -.793E+01  -.712E+02  -.781E+02   .821E+02      37
   128.00000  -.637E+01   .619E+01  -.637E+01   .619E+01  -.798E+01  -.106E+03  -.960E+02   .861E+02      38
   129.00000  -.637E+01   .645E+01  -.637E+01   .645E+01  -.807E+01  -.124E+03  -.111E+03   .878E+02      39
   130.00000  -.637E+01   .671E+01  -.637E+01   .671E+01  -.817E+01  -.139E+03  -.123E+03   .878E+02      40
   131.00000  -.637E+01   .696E+01  -.637E+01   .696E+01  -.825E+01  -.151E+03  -.132E+03   .869E+02      41
   132.00000  -.637E+01   .727E+01  -.637E+01   .727E+01  -.832E+01  -.162E+03  -.141E+03   .857E+02      42
   133.00000  -.637E+01   .762E+01  -.637E+01   .762E+01  -.838E+01  -.175E+03  -.150E+03   .842E+02      43
   134.00000  -.637E+01   .803E+01  -.637E+01   .803E+01  -.842E+01  -.189E+03  -.161E+03   .826E+02      44
   135.00000  -.637E+01   .842E+01  -.637E+01   .842E+01  -.843E+01  -.204E+03  -.172E+03   .809E+02      45
   136.00000  -.687E+01   .882E+01  -.687E+01   .882E+01  -.843E+01  -.132E+03  -.154E+03   .792E+02      46
   137.00000  -.706E+01   .899E+01  -.706E+01   .899E+01  -.843E+01  -.144E+03  -.145E+03   .776E+02      47
   138.00000  -.732E+01   .924E+01  -.732E+01   .924E+01  -.843E+01  -.134E+03  -.139E+03   .765E+02      48
   139.00000  -.733E+01   .953E+01  -.733E+01   .953E+01  -.843E+01  -.164E+03  -.148E+03   .757E+02      49
   140.00000  -.753E+01   .968E+01  -.753E+01   .968E+01  -.843E+01  -.143E+03  -.142E+03   .749E+02      50
   141.00000  -.753E+01   .984E+01  -.753E+01   .984E+01  -.843E+01  -.164E+03  -.147E+03   .743E+02      51
   142.00000  -.778E+01   .996E+01  -.778E+01   .996E+01  -.843E+01  -.135E+03  -.138E+03   .737E+02      52
   143.00000  -.798E+01   .102E+02  -.798E+01   .102E+02  -.843E+01  -.136E+03  -.137E+03   .733E+02      53
   144.00000  -.805E+01   .104E+02  -.805E+01   .104E+02  -.843E+01  -.149E+03  -.141E+03   .730E+02      54
   145.00000  -.805E+01   .106E+02  -.805E+01   .106E+02  -.843E+01  -.168E+03  -.150E+03   .726E+02      55
   146.00000  -.805E+01   .111E+02  -.805E+01   .111E+02  -.843E+01  -.186E+03  -.164E+03   .720E+02      56
   147.00000  -.834E+01   .115E+02  -.834E+01   .115E+02  -.843E+01  -.152E+03  -.161E+03   .711E+02      57
   148.00000  -.835E+01   .117E+02  -.835E+01   .117E+02  -.843E+01  -.185E+03  -.166E+03   .699E+02      58
   149.00000  -.835E+01   .120E+02  -.835E+01   .120E+02  -.843E+01  -.201E+03  -.175E+03   .688E+02      59
   150.00000  -.835E+01   .124E+02  -.835E+01   .124E+02  -.843E+01  -.219E+03  -.189E+03   .676E+02      60
   151.00000  -.835E+01   .129E+02  -.835E+01   .129E+02  -.843E+01  -.241E+03  -.204E+03   .663E+02      61
   152.00000  -.885E+01   .133E+02  -.885E+01   .133E+02  -.843E+01  -.148E+03  -.183E+03   .648E+02      62
   153.00000  -.101E+02   .137E+02  -.101E+02   .137E+02  -.843E+01  -.803E+02  -.129E+03   .633E+02      63
   154.00000  -.116E+02   .141E+02  -.116E+02   .141E+02  -.843E+01  -.617E+02  -.900E+02   .623E+02      64
   155.00000  -.116E+02   .144E+02  -.116E+02   .144E+02  -.843E+01  -.117E+03  -.111E+03   .631E+02      65
   156.00000  -.116E+02   .149E+02  -.116E+02   .149E+02  -.843E+01  -.145E+03  -.134E+03   .646E+02      66
   157.00000  -.127E+02   .151E+02  -.127E+02   .151E+02  -.843E+01  -.778E+02  -.105E+03   .656E+02      67
   158.00000  -.127E+02   .155E+02  -.127E+02   .155E+02  -.843E+01  -.131E+03  -.124E+03   .664E+02      68
   159.00000  -.127E+02   .159E+02  -.127E+02   .159E+02  -.843E+01  -.156E+03  -.142E+03   .672E+02      69
   160.00000  -.127E+02   .162E+02  -.127E+02   .162E+02  -.843E+01  -.175E+03  -.156E+03   .674E+02      70
   161.00000  -.127E+02   .165E+02  -.127E+02   .165E+02  -.843E+01  -.192E+03  -.169E+03   .670E+02      71
   162.00000  -.129E+02   .167E+02  -.129E+02   .167E+02  -.843E+01  -.158E+03  -.161E+03   .663E+02      72
   163.00000  -.134E+02   .169E+02  -.134E+02   .169E+02  -.843E+01  -.120E+03  -.143E+03   .655E+02      73
   164.00000  -.139E+02   .171E+02  -.139E+02   .171E+02  -.843E+01  -.110E+03  -.128E+03   .649E+02      74
   165.00000  -.139E+02   .173E+02  -.139E+02   .173E+02  -.843E+01  -.149E+03  -.139E+03   .648E+02      75
   166.00000  -.139E+02   .175E+02  -.139E+02   .175E+02  -.843E+01  -.165E+03  -.149E+03   .648E+02      76
   167.00000  -.147E+02   .176E+02  -.147E+02   .176E+02  -.843E+01  -.920E+02  -.118E+03   .648E+02      77
   168.00000  -.147E+02   .178E+02  -.147E+02   .178E+02  -.843E+01  -.138E+03  -.129E+03   .650E+02      78
   169.00000  -.149E+02   .180E+02  -.149E+02   .180E+02  -.843E+01  -.130E+03  -.131E+03   .655E+02      79
   170.00000  -.157E+02   .181E+02  -.157E+02   .181E+02  -.843E+01  -.863E+02  -.107E+03   .660E+02      80
   171.00000  -.157E+02   .183E+02  -.157E+02   .183E+02  -.843E+01  -.130E+03  -.122E+03   .669E+02      81
   172.00000  -.157E+02   .185E+02  -.157E+02   .185E+02  -.843E+01  -.149E+03  -.135E+03   .679E+02      82
   173.00000  -.173E+02   .187E+02  -.173E+02   .187E+02  -.843E+01  -.605E+02  -.873E+02   .685E+02      83
   174.00000  -.174E+02   .190E+02  -.174E+02   .190E+02  -.843E+01  -.102E+03  -.103E+03   .702E+02      84
   175.00000  -.177E+02   .192E+02  -.177E+02   .192E+02  -.843E+01  -.108E+03  -.109E+03   .726E+02      85
   176.00000  -.177E+02   .195E+02  -.177E+02   .195E+02  -.843E+01  -.136E+03  -.125E+03   .743E+02      86
   177.00000  -.183E+02   .199E+02  -.183E+02   .199E+02  -.843E+01  -.963E+02  -.115E+03   .752E+02      87
   178.00000  -.185E+02   .201E+02  -.185E+02   .201E+02  -.843E+01  -.124E+03  -.121E+03   .757E+02      88
   179.00000  -.193E+02   .203E+02  -.193E+02   .203E+02  -.843E+01  -.830E+02  -.101E+03   .763E+02      89
   180.00000  -.199E+02   .205E+02  -.199E+02   .205E+02  -.843E+01  -.832E+02  -.939E+02   .776E+02      90
   181.00000  -.199E+02   .207E+02  -.199E+02   .207E+02  -.843E+01  -.122E+03  -.112E+03   .798E+02      91
   182.00000  -.199E+02   .210E+02  -.199E+02   .210E+02  -.844E+01  -.135E+03  -.124E+03   .810E+02      92
   183.00000  -.210E+02   .214E+02  -.210E+02   .214E+02  -.846E+01  -.781E+02  -.100E+03   .814E+02      93
   184.00000  -.224E+02   .215E+02  -.224E+02   .215E+02  -.848E+01  -.552E+02  -.705E+02   .827E+02      94
   185.00000  -.224E+02   .217E+02  -.224E+02   .217E+02  -.854E+01  -.102E+03  -.933E+02   .866E+02      95
   186.00000  -.225E+02   .220E+02  -.225E+02   .220E+02  -.864E+01  -.120E+03  -.110E+03   .886E+02      96
   187.00000  -.235E+02   .223E+02  -.235E+02   .223E+02  -.874E+01  -.714E+02  -.870E+02   .890E+02      97
   188.00000  -.255E+02   .226E+02  -.255E+02   .226E+02  -.886E+01  -.440E+02  -.575E+02   .915E+02      98
   189.00000  -.255E+02   .230E+02  -.255E+02   .230E+02  -.905E+01  -.970E+02  -.873E+02   .970E+02      99
   190.00000  -.255E+02   .235E+02  -.255E+02   .235E+02  -.927E+01  -.123E+03  -.109E+03   .975E+02     100
   191.00000  -.260E+02   .238E+02  -.260E+02   .238E+02  -.948E+01  -.964E+02  -.103E+03   .959E+02     101
   192.00000  -.283E+02   .242E+02  -.283E+02   .242E+02  -.967E+01  -.414E+02  -.564E+02   .959E+02     102
   193.00000  -.283E+02   .246E+02  -.283E+02   .246E+02  -.991E+01  -.971E+02  -.871E+02   .101E+03     103
   194.00000  -.283E+02   .251E+02  -.283E+02   .251E+02  -.102E+02  -.122E+03  -.107E+03   .100E+03     104
   195.00000  -.283E+02   .256E+02  -.283E+02   .256E+02  -.104E+02  -.143E+03  -.123E+03   .976E+02     105
   196.00000  -.285E+02   .260E+02  -.285E+02   .260E+02  -.106E+02  -.127E+03  -.123E+03   .947E+02     106
   197.00000  -.285E+02   .263E+02  -.285E+02   .263E+02  -.107E+02  -.151E+03  -.132E+03   .921E+02     107
   198.00000  -.285E+02   .267E+02  -.285E+02   .267E+02  -.109E+02  -.166E+03  -.142E+03   .897E+02     108
   199.00000  -.307E+02   .271E+02  -.307E+02   .271E+02  -.110E+02  -.484E+02  -.738E+02   .878E+02     109
   200.00000  -.307E+02   .274E+02  -.307E+02   .274E+02  -.111E+02  -.104E+03  -.954E+02   .892E+02     110
   201.00000  -.307E+02   .277E+02  -.307E+02   .277E+02  -.112E+02  -.127E+03  -.113E+03   .902E+02     111
   202.00000  -.307E+02   .281E+02  -.307E+02   .281E+02  -.113E+02  -.144E+03  -.127E+03   .894E+02     112
   203.00000  -.307E+02   .283E+02  -.307E+02   .283E+02  -.114E+02  -.157E+03  -.136E+03   .879E+02     113
   204.00000  -.307E+02   .286E+02  -.307E+02   .286E+02  -.115E+02  -.167E+03  -.143E+03   .863E+02     114
   205.00000  -.307E+02   .289E+02  -.307E+02   .289E+02  -.116E+02  -.175E+03  -.149E+03   .847E+02     115
   206.00000  -.307E+02   .291E+02  -.307E+02   .291E+02  -.116E+02  -.181E+03  -.154E+03   .831E+02     116
   207.00000  -.307E+02   .293E+02  -.307E+02   .293E+02  -.116E+02  -.182E+03  -.156E+03   .816E+02     117
   208.00000  -.308E+02   .296E+02  -.308E+02   .296E+02  -.116E+02  -.175E+03  -.157E+03   .803E+02     118
   209.00000  -.309E+02   .299E+02  -.309E+02   .299E+02  -.116E+02  -.182E+03  -.162E+03   .789E+02     119
   210.00000  -.309E+02   .304E+02  -.309E+02   .304E+02  -.116E+02  -.206E+03  -.176E+03   .775E+02     120
   211.00000  -.309E+02   .309E+02  -.309E+02   .309E+02  -.116E+02  -.233E+03  -.196E+03   .757E+02     121
   212.00000  -.309E+02   .316E+02  -.309E+02   .316E+02  -.116E+02  -.269E+03  -.220E+03   .737E+02     122
   213.00000  -.313E+02   .318E+02  -.313E+02   .318E+02  -.116E+02  -.166E+03  -.189E+03   .715E+02     123
   214.00000  -.328E+02   .324E+02  -.328E+02   .324E+02  -.116E+02  -.750E+02  -.126E+03   .695E+02     124
   215.00000  -.343E+02   .330E+02  -.343E+02   .330E+02  -.116E+02  -.625E+02  -.913E+02   .682E+02     125
   216.00000  -.343E+02   .334E+02  -.343E+02   .334E+02  -.116E+02  -.120E+03  -.114E+03   .688E+02     126
   217.00000  -.348E+02   .334E+02  -.348E+02   .334E+02  -.116E+02  -.935E+02  -.105E+03   .704E+02     127
   218.00000  -.348E+02   .337E+02  -.348E+02   .337E+02  -.116E+02  -.131E+03  -.121E+03   .720E+02     128
   219.00000  -.349E+02   .339E+02  -.349E+02   .339E+02  -.116E+02  -.139E+03  -.129E+03   .731E+02     129
   220.00000  -.349E+02   .341E+02  -.349E+02   .341E+02  -.116E+02  -.154E+03  -.139E+03   .736E+02     130
   221.00000  -.351E+02   .342E+02  -.351E+02   .342E+02  -.116E+02  -.135E+03  -.134E+03   .737E+02     131
   222.00000  -.352E+02   .345E+02  -.352E+02   .345E+02  -.116E+02  -.147E+03  -.141E+03   .736E+02     132
   223.00000  -.352E+02   .348E+02  -.352E+02   .348E+02  -.116E+02  -.172E+03  -.154E+03   .732E+02     133
   224.00000  -.352E+02   .352E+02  -.352E+02   .352E+02  -.116E+02  -.189E+03  -.166E+03   .724E+02     134
   225.00000  -.352E+02   .354E+02  -.352E+02   .354E+02  -.116E+02  -.196E+03  -.172E+03   .714E+02     135
   226.00000  -.355E+02   .357E+02  -.355E+02   .357E+02  -.116E+02  -.150E+03  -.161E+03   .702E+02     136
   227.00000  -.364E+02   .358E+02  -.364E+02   .358E+02  -.116E+02  -.866E+02  -.117E+03   .691E+02     137
   228.00000  -.364E+02   .361E+02  -.364E+02   .361E+02  -.116E+02  -.137E+03  -.129E+03   .688E+02     138
   229.00000  -.374E+02   .363E+02  -.374E+02   .363E+02  -.116E+02  -.793E+02  -.103E+03   .691E+02     139
   230.00000  -.382E+02   .366E+02  -.382E+02   .366E+02  -.116E+02  -.778E+02  -.927E+02   .702E+02     140
   231.00000  -.382E+02   .369E+02  -.382E+02   .369E+02  -.116E+02  -.120E+03  -.112E+03   .723E+02     141
   232.00000  -.384E+02   .372E+02  -.384E+02   .372E+02  -.116E+02  -.116E+03  -.119E+03   .741E+02     142
   233.00000  -.385E+02   .374E+02  -.385E+02   .374E+02  -.116E+02  -.135E+03  -.127E+03   .749E+02     143
   234.00000  -.386E+02   .375E+02  -.386E+02   .375E+02  -.116E+02  -.143E+03  -.133E+03   .753E+02     144
   235.00000  -.387E+02   .377E+02  -.387E+02   .377E+02  -.116E+02  -.145E+03  -.135E+03   .754E+02     145
   236.00000  -.389E+02   .379E+02  -.389E+02   .379E+02  -.116E+02  -.136E+03  -.135E+03   .753E+02     146
   237.00000  -.389E+02   .381E+02  -.389E+02   .381E+02  -.116E+02  -.148E+03  -.139E+03   .751E+02     147
   238.00000  -.395E+02   .381E+02  -.395E+02   .381E+02  -.116E+02  -.104E+03  -.118E+03   .749E+02     148
   239.00000  -.397E+02   .383E+02  -.397E+02   .383E+02  -.116E+02  -.118E+03  -.119E+03   .751E+02     149
   240.00000  -.397E+02   .385E+02  -.397E+02   .385E+02  -.116E+02  -.132E+03  -.125E+03   .756E+02     150
   241.00000  -.397E+02   .387E+02  -.397E+02   .387E+02  -.116E+02  -.150E+03  -.135E+03   .760E+02     151
   242.00000  -.397E+02   .390E+02  -.397E+02   .390E+02  -.116E+02  -.164E+03  -.146E+03   .759E+02     152
   243.00000  -.398E+02   .391E+02  -.398E+02   .391E+02  -.116E+02  -.162E+03  -.147E+03   .755E+02     153
   244.00000  -.399E+02   .393E+02  -.399E+02   .393E+02  -.116E+02  -.153E+03  -.145E+03   .749E+02     154
   245.00000  -.401E+02   .395E+02  -.401E+02   .395E+02  -.116E+02  -.147E+03  -.144E+03   .744E+02     155
   246.00000  -.401E+02   .397E+02  -.401E+02   .397E+02  -.116E+02  -.171E+03  -.152E+03   .737E+02     156
   247.00000  -.406E+02   .401E+02  -.406E+02   .401E+02  -.116E+02  -.118E+03  -.138E+03   .730E+02     157
   248.00000  -.416E+02   .402E+02  -.416E+02   .402E+02  -.116E+02  -.780E+02  -.103E+03   .724E+02     158
   249.00000  -.426E+02   .403E+02  -.426E+02   .403E+02  -.116E+02  -.667E+02  -.823E+02   .733E+02     159
   250.00000  -.436E+02   .404E+02  -.436E+02   .404E+02  -.116E+02  -.631E+02  -.739E+02   .770E+02     160
   251.00000  -.456E+02   .406E+02  -.456E+02   .406E+02  -.117E+02  -.420E+02  -.531E+02   .838E+02     161
   252.00000  -.456E+02   .408E+02  -.456E+02   .408E+02  -.118E+02  -.910E+02  -.819E+02   .928E+02     162
   253.00000  -.456E+02   .411E+02  -.456E+02   .411E+02  -.120E+02  -.111E+03  -.988E+02   .956E+02     163
   254.00000  -.456E+02   .412E+02  -.456E+02   .412E+02  -.121E+02  -.125E+03  -.109E+03   .952E+02     164
   255.00000  -.456E+02   .414E+02  -.456E+02   .414E+02  -.123E+02  -.134E+03  -.116E+03   .940E+02     165
   256.00000  -.456E+02   .415E+02  -.456E+02   .415E+02  -.125E+02  -.140E+03  -.121E+03   .924E+02     166
   257.00000  -.456E+02   .416E+02  -.456E+02   .416E+02  -.126E+02  -.144E+03  -.125E+03   .909E+02     167
   258.00000  -.456E+02   .418E+02  -.456E+02   .418E+02  -.127E+02  -.150E+03  -.130E+03   .893E+02     168
   259.00000  -.456E+02   .420E+02  -.456E+02   .420E+02  -.128E+02  -.155E+03  -.134E+03   .878E+02     169
   260.00000  -.456E+02   .422E+02  -.456E+02   .422E+02  -.129E+02  -.159E+03  -.137E+03   .864E+02     170
   261.00000  -.456E+02   .423E+02  -.456E+02   .423E+02  -.130E+02  -.163E+03  -.140E+03   .851E+02     171
   262.00000  -.456E+02   .425E+02  -.456E+02   .425E+02  -.130E+02  -.167E+03  -.144E+03   .838E+02     172
   263.00000  -.460E+02   .427E+02  -.460E+02   .427E+02  -.131E+02  -.126E+03  -.132E+03   .826E+02     173
   264.00000  -.465E+02   .429E+02  -.465E+02   .429E+02  -.131E+02  -.102E+03  -.115E+03   .818E+02     174
   265.00000  -.465E+02   .431E+02  -.465E+02   .431E+02  -.131E+02  -.136E+03  -.124E+03   .816E+02     175
   266.00000  -.465E+02   .433E+02  -.465E+02   .433E+02  -.131E+02  -.149E+03  -.133E+03   .815E+02     176
   267.00000  -.465E+02   .435E+02  -.465E+02   .435E+02  -.131E+02  -.158E+03  -.139E+03   .811E+02     177
   268.00000  -.465E+02   .437E+02  -.465E+02   .437E+02  -.131E+02  -.165E+03  -.144E+03   .805E+02     178
   269.00000  -.470E+02   .438E+02  -.470E+02   .438E+02  -.131E+02  -.107E+03  -.121E+03   .799E+02     179
   270.00000  -.471E+02   .440E+02  -.471E+02   .440E+02  -.131E+02  -.136E+03  -.128E+03   .796E+02     180
   271.00000  -.471E+02   .442E+02  -.471E+02   .442E+02  -.131E+02  -.152E+03  -.135E+03   .795E+02     181
   272.00000  -.471E+02   .444E+02  -.471E+02   .444E+02  -.131E+02  -.161E+03  -.142E+03   .792E+02     182
   273.00000  -.481E+02   .444E+02  -.481E+02   .444E+02  -.131E+02  -.769E+02  -.997E+02   .789E+02     183
end
