 ******* Program HYDRUS
 ******* Example 2 - Grass Field Problem (Hupselse Beek 1982)                   
  
 Date:   1.10.    Time:  14: 5:14
 Units: L = cm   , T = days , M = -    

-----------------------------------------------------
 Time       [T]     90.0000
-----------------------------------------------------
 Sub-region num.                   1          2
-----------------------------------------------------
 Area     [L]         .230E+03   .400E+02   .190E+03
 W-volume [L]         .789E+02   .143E+02   .646E+02
 In-flow  [L/T]       .000E+00   .000E+00   .000E+00
 h Mean   [L]         .600E+02  -.350E+02   .800E+02
 HeatVol  [M/T2]      .674E+20   .117E+20   .557E+20
 tMean    [K]            7.500      5.435      7.935
 ConcVol  [M/L2] 1    .000E+00   .000E+00   .000E+00
 cMean    [M/L3] 1    .000E+00   .000E+00   .000E+00
 Top Flux [L/T]       .000E+00
 Bot Flux [L/T]       .000E+00
-----------------------------------------------------

-----------------------------------------------------
 Time       [T]    120.0000
-----------------------------------------------------
 Sub-region num.                   1          2
-----------------------------------------------------
 Area     [L]         .230E+03   .400E+02   .190E+03
 W-volume [L]         .687E+02   .108E+02   .579E+02
 In-flow  [L/T]       .130E+00   .175E+00  -.452E-01
 h Mean   [L]        -.398E+02  -.133E+03  -.201E+02
 HeatVol  [M/T2]      .668E+20   .115E+20   .553E+20
 tMean    [K]            8.738      8.497      8.788
 ConcVol  [M/L2] 1    .208E+01   .197E+01   .111E+00
 cMean    [M/L3] 1    .337E-01   .183E+00   .230E-02
 Top Flux [L/T]      -.238E+00
 Bot Flux [L/T]       .000E+00
 WatBalT  [L]         .633E-01
 WatBalR  [%]             .401
 CncBalT  [M]    1    .000E+00
 CncBalR  [%]    1        .000
-----------------------------------------------------

-----------------------------------------------------
 Time       [T]    151.0000
-----------------------------------------------------
 Sub-region num.                   1          2
-----------------------------------------------------
 Area     [L]         .230E+03   .400E+02   .190E+03
 W-volume [L]         .663E+02   .966E+01   .567E+02
 In-flow  [L/T]      -.430E+00  -.219E+00  -.211E+00
 h Mean   [L]        -.590E+02  -.197E+03  -.300E+02
 HeatVol  [M/T2]      .672E+20   .116E+20   .557E+20
 tMean    [K]           11.544     12.315     11.381
 ConcVol  [M/L2] 1    .139E+02   .125E+02   .147E+01
 cMean    [M/L3] 1    .256E+00   .132E+01   .321E-01
 Top Flux [L/T]      -.376E-02
 Bot Flux [L/T]       .000E+00
 WatBalT  [L]         .364E+00
 WatBalR  [%]            1.227
 CncBalT  [M]    1   -.572E-05
 CncBalR  [%]    1        .000
-----------------------------------------------------

-----------------------------------------------------
 Time       [T]    181.0000
-----------------------------------------------------
 Sub-region num.                   1          2
-----------------------------------------------------
 Area     [L]         .230E+03   .400E+02   .190E+03
 W-volume [L]         .700E+02   .114E+02   .586E+02
 In-flow  [L/T]      -.280E+00  -.429E+00   .149E+00
 h Mean   [L]        -.313E+02  -.111E+03  -.145E+02
 HeatVol  [M/T2]      .684E+20   .120E+20   .564E+20
 tMean    [K]           14.921     18.547     14.158
 ConcVol  [M/L2] 1    .407E+02   .320E+02   .868E+01
 cMean    [M/L3] 1    .636E+00   .282E+01   .177E+00
 Top Flux [L/T]      -.175E-01
 Bot Flux [L/T]       .000E+00
 WatBalT  [L]         .327E+00
 WatBalR  [%]             .665
 CncBalT  [M]    1    .763E-05
 CncBalR  [%]    1        .000
-----------------------------------------------------

-----------------------------------------------------
 Time       [T]    212.0000
-----------------------------------------------------
 Sub-region num.                   1          2
-----------------------------------------------------
 Area     [L]         .230E+03   .400E+02   .190E+03
 W-volume [L]         .670E+02   .949E+01   .575E+02
 In-flow  [L/T]      -.649E+00  -.352E+00  -.297E+00
 h Mean   [L]        -.554E+02  -.211E+03  -.227E+02
 HeatVol  [M/T2]      .686E+20   .118E+20   .569E+20
 tMean    [K]           17.220     18.018     17.052
 ConcVol  [M/L2] 1    .393E+02   .199E+02   .194E+02
 cMean    [M/L3] 1    .699E+00   .208E+01   .407E+00
 Top Flux [L/T]      -.567E-02
 Bot Flux [L/T]       .000E+00
 WatBalT  [L]         .471E+00
 WatBalR  [%]             .636
 CncBalT  [M]    1    .992E-04
 CncBalR  [%]    1        .000
-----------------------------------------------------

-----------------------------------------------------
 Time       [T]    243.0000
-----------------------------------------------------
 Sub-region num.                   1          2
-----------------------------------------------------
 Area     [L]         .230E+03   .400E+02   .190E+03
 W-volume [L]         .685E+02   .106E+02   .579E+02
 In-flow  [L/T]      -.800E-01  -.878E-02  -.712E-01
 h Mean   [L]        -.413E+02  -.144E+03  -.198E+02
 HeatVol  [M/T2]      .690E+20   .118E+20   .571E+20
 tMean    [K]           18.046     16.970     18.273
 ConcVol  [M/L2] 1    .410E+02   .187E+02   .223E+02
 cMean    [M/L3] 1    .679E+00   .176E+01   .451E+00
 Top Flux [L/T]      -.499E-01
 Bot Flux [L/T]       .000E+00
 WatBalT  [L]         .573E+00
 WatBalR  [%]             .633
 CncBalT  [M]    1    .108E-02
 CncBalR  [%]    1        .001
-----------------------------------------------------

-----------------------------------------------------
 Time       [T]    273.0000
-----------------------------------------------------
 Sub-region num.                   1          2
-----------------------------------------------------
 Area     [L]         .230E+03   .400E+02   .190E+03
 W-volume [L]         .701E+02   .117E+02   .584E+02
 In-flow  [L/T]       .104E+01   .912E+00   .128E+00
 h Mean   [L]        -.306E+02  -.100E+03  -.160E+02
 HeatVol  [M/T2]      .682E+20   .115E+20   .566E+20
 tMean    [K]           14.108      7.535     15.492
 ConcVol  [M/L2] 1    .520E+02   .254E+02   .266E+02
 cMean    [M/L3] 1    .799E+00   .214E+01   .516E+00
 Top Flux [L/T]      -.103E+01
 Bot Flux [L/T]       .000E+00
 WatBalT  [L]         .566E+00
 WatBalR  [%]             .536
 CncBalT  [M]    1    .407E-02
 CncBalR  [%]    1        .004
-----------------------------------------------------
