 ******* Program HYDRUS
 ******* Example 2 - Grass Field Problem (Hupselse Beek 1982)                   
  
 Date:   1.10.    Time:  14: 5:14
 Units: L = cm   , T = days , M = -    


 Time:    90.000000

 Node    Depth      Head Moisture       K          C         Flux        Sink         Kappa   v/KsTop   Temp      Conc(1...NS)
         [L]       [L]     [-]        [L/T]      [1/L]      [L/T]        [1/T]         [-]      [-]      [C]        [M/L*3]

   1      .00     -55.00   .333      .900E+00    .110E-02    .000E+00    .000E+00      -1        .000    5.00    .000E+00    .000E+00
   2    -1.00     -54.00   .334      .932E+00    .111E-02    .000E+00    .000E+00      -1        .000    5.02    .000E+00    .000E+00
   3    -2.00     -53.00   .335      .964E+00    .112E-02    .000E+00    .478E-02      -1        .000    5.04    .000E+00    .000E+00
   4    -4.00     -51.00   .338      .103E+01    .114E-02    .000E+00    .478E-02      -1        .000    5.09    .000E+00    .000E+00
   5    -6.00     -49.00   .340      .109E+01    .116E-02    .000E+00    .478E-02      -1        .000    5.13    .000E+00    .000E+00
   6   -10.00     -45.00   .344      .127E+01    .120E-02    .000E+00    .478E-02      -1        .000    5.22    .000E+00    .000E+00
   7   -15.00     -40.00   .351      .154E+01    .124E-02    .000E+00    .478E-02      -1        .000    5.33    .000E+00    .000E+00
   8   -20.00     -35.00   .357      .190E+01    .128E-02    .000E+00    .478E-02      -1        .000    5.43    .000E+00    .000E+00
   9   -25.00     -30.00   .363      .234E+01    .132E-02    .000E+00    .478E-02      -1        .000    5.54    .000E+00    .000E+00
  10   -30.00     -25.00   .370      .300E+01    .134E-02    .000E+00    .478E-02      -1        .000    5.65    .000E+00    .000E+00
  11   -40.00     -15.00   .383      .515E+01    .131E-02    .000E+00    .000E+00      -1        .000    5.87    .000E+00    .000E+00
  12   -50.00      -5.00   .337      .290E+02    .558E-03    .000E+00    .000E+00      -1        .000    6.09    .000E+00    .000E+00
  13   -60.00       5.00   .339      .453E+02    .000E+00    .000E+00    .000E+00      -1        .000    6.30    .000E+00    .000E+00
  14   -70.00      15.00   .339      .453E+02    .000E+00    .000E+00    .000E+00      -1        .000    6.52    .000E+00    .000E+00
  15   -80.00      25.00   .339      .453E+02    .000E+00    .000E+00    .000E+00      -1        .000    6.74    .000E+00    .000E+00
  16   -90.00      35.00   .339      .453E+02    .000E+00    .000E+00    .000E+00      -1        .000    6.96    .000E+00    .000E+00
  17  -100.00      45.00   .339      .453E+02    .000E+00    .000E+00    .000E+00      -1        .000    7.17    .000E+00    .000E+00
  18  -110.00      55.00   .339      .453E+02    .000E+00    .000E+00    .000E+00      -1        .000    7.39    .000E+00    .000E+00
  19  -120.00      65.00   .339      .453E+02    .000E+00    .000E+00    .000E+00      -1        .000    7.61    .000E+00    .000E+00
  20  -130.00      75.00   .339      .453E+02    .000E+00    .000E+00    .000E+00      -1        .000    7.83    .000E+00    .000E+00
  21  -140.00      85.00   .339      .453E+02    .000E+00    .000E+00    .000E+00      -1        .000    8.04    .000E+00    .000E+00
  22  -150.00      95.00   .339      .453E+02    .000E+00    .000E+00    .000E+00      -1        .000    8.26    .000E+00    .000E+00
  23  -160.00     105.00   .339      .453E+02    .000E+00    .000E+00    .000E+00      -1        .000    8.48    .000E+00    .000E+00
  24  -170.00     115.00   .339      .453E+02    .000E+00    .000E+00    .000E+00      -1        .000    8.70    .000E+00    .000E+00
  25  -180.00     125.00   .339      .453E+02    .000E+00    .000E+00    .000E+00      -1        .000    8.91    .000E+00    .000E+00
  26  -190.00     135.00   .339      .453E+02    .000E+00    .000E+00    .000E+00      -1        .000    9.13    .000E+00    .000E+00
  27  -200.00     145.00   .339      .453E+02    .000E+00    .000E+00    .000E+00      -1        .000    9.35    .000E+00    .000E+00
  28  -210.00     155.00   .339      .453E+02    .000E+00    .000E+00    .000E+00      -1        .000    9.57    .000E+00    .000E+00
  29  -220.00     165.00   .339      .453E+02    .000E+00    .000E+00    .000E+00      -1        .000    9.78    .000E+00    .000E+00
  30  -225.00     170.00   .339      .453E+02    .000E+00    .000E+00    .000E+00      -1        .000    9.89    .000E+00    .000E+00
  31  -228.00     173.00   .339      .453E+02    .000E+00    .000E+00    .000E+00      -1        .000    9.96    .000E+00    .000E+00
  32  -229.00     174.00   .339      .453E+02    .000E+00    .000E+00    .000E+00      -1        .000    9.98    .000E+00    .000E+00
  33  -230.00     175.00   .339      .453E+02    .000E+00    .000E+00    .000E+00      -1        .000   10.00    .000E+00    .000E+00
end


 Time:   120.000000

 Node    Depth      Head Moisture       K          C         Flux        Sink         Kappa   v/KsTop   Temp      Conc(1...NS)
         [L]       [L]     [-]        [L/T]      [1/L]      [L/T]        [1/T]         [-]      [-]      [C]        [M/L*3]

   1      .00    -132.93   .271      .134E+00    .586E-03   -.238E+00    .000E+00      -1       -.008    4.14    .514E+00    .000E+00
   2    -1.00    -133.71   .270      .132E+00    .583E-03   -.235E+00    .000E+00      -1       -.008    4.96    .482E+00    .000E+00
   3    -2.00    -134.48   .270      .131E+00    .580E-03   -.224E+00    .328E-02      -1       -.008    5.38    .450E+00    .000E+00
   4    -4.00    -135.89   .269      .128E+00    .574E-03   -.211E+00    .328E-02      -1       -.007    6.32    .391E+00    .000E+00
   5    -6.00    -137.10   .268      .125E+00    .569E-03   -.185E+00    .328E-02      -1       -.006    7.21    .338E+00    .000E+00
   6   -10.00    -138.82   .267      .121E+00    .562E-03   -.153E+00    .328E-02      -1       -.005    8.31    .257E+00    .000E+00
   7   -15.00    -139.39   .267      .120E+00    .560E-03   -.111E+00    .328E-02      -1       -.004    8.95    .193E+00    .000E+00
   8   -20.00    -138.03   .268      .123E+00    .566E-03   -.669E-01    .328E-02      -1       -.002    9.17    .145E+00    .000E+00
   9   -25.00    -134.83   .270      .130E+00    .578E-03   -.267E-01    .328E-02      -1       -.001    9.22    .105E+00    .000E+00
  10   -30.00    -130.12   .272      .140E+00    .597E-03    .239E-01    .328E-02      -1        .001    9.25    .739E-01    .000E+00
  11   -40.00    -117.60   .280      .175E+00    .652E-03    .452E-01    .000E+00      -1        .002    9.40    .367E-01    .000E+00
  12   -50.00    -106.62   .228      .862E+00    .844E-03    .530E-01    .000E+00      -1        .002    9.59    .162E-01    .000E+00
  13   -60.00     -96.05   .237      .107E+01    .913E-03    .555E-01    .000E+00      -1        .002    9.70    .593E-02    .000E+00
  14   -70.00     -85.61   .247      .148E+01    .990E-03    .547E-01    .000E+00      -1        .002    9.69    .210E-02    .000E+00
  15   -80.00     -75.30   .258      .190E+01    .107E-02    .512E-01    .000E+00      -1        .002    9.59    .736E-03    .000E+00
  16   -90.00     -65.08   .269      .267E+01    .114E-02    .457E-01    .000E+00      -1        .002    9.44    .255E-03    .000E+00
  17  -100.00     -54.95   .281      .370E+01    .121E-02    .389E-01    .000E+00      -1        .001    9.27    .889E-04    .000E+00
  18  -110.00     -44.87   .293      .521E+01    .125E-02    .310E-01    .000E+00      -1        .001    9.09    .312E-04    .000E+00
  19  -120.00     -34.83   .306      .758E+01    .126E-02    .227E-01    .000E+00      -1        .001    8.91    .111E-04    .000E+00
  20  -130.00     -24.81   .318      .113E+02    .118E-02    .143E-01    .000E+00      -1        .000    8.74    .399E-05    .000E+00
  21  -140.00     -14.80   .329      .175E+02    .986E-03    .698E-02    .000E+00      -1        .000    8.60    .146E-05    .000E+00
  22  -150.00      -4.80   .337      .293E+02    .546E-03    .188E-02    .000E+00      -1        .000    8.47    .540E-06    .000E+00
  23  -160.00       5.20   .339      .453E+02    .000E+00    .000E+00    .000E+00      -1        .000    8.36    .197E-06    .000E+00
  24  -170.00      15.20   .339      .453E+02    .000E+00    .000E+00    .000E+00      -1        .000    8.27    .691E-07    .000E+00
  25  -180.00      25.20   .339      .453E+02    .000E+00    .000E+00    .000E+00      -1        .000    8.20    .232E-07    .000E+00
  26  -190.00      35.20   .339      .453E+02    .000E+00    .000E+00    .000E+00      -1        .000    8.14    .746E-08    .000E+00
  27  -200.00      45.20   .339      .453E+02    .000E+00    .000E+00    .000E+00      -1        .000    8.09    .230E-08    .000E+00
  28  -210.00      55.20   .339      .453E+02    .000E+00    .000E+00    .000E+00      -1        .000    8.06    .683E-09    .000E+00
  29  -220.00      65.20   .339      .453E+02    .000E+00    .000E+00    .000E+00      -1        .000    8.04    .218E-09    .000E+00
  30  -225.00      70.20   .339      .453E+02    .000E+00    .000E+00    .000E+00      -1        .000    8.04    .134E-09    .000E+00
  31  -228.00      73.20   .339      .453E+02    .000E+00    .000E+00    .000E+00      -1        .000    8.04    .114E-09    .000E+00
  32  -229.00      74.20   .339      .453E+02    .000E+00    .000E+00    .000E+00      -1        .000    8.04    .112E-09    .000E+00
  33  -230.00      75.20   .339      .453E+02    .000E+00    .000E+00    .000E+00      -1        .000    8.04    .112E-09    .000E+00
end


 Time:   151.000000

 Node    Depth      Head Moisture       K          C         Flux        Sink         Kappa   v/KsTop   Temp      Conc(1...NS)
         [L]       [L]     [-]        [L/T]      [1/L]      [L/T]        [1/T]         [-]      [-]      [C]        [M/L*3]

   1      .00    -240.60   .225      .277E-01    .309E-03   -.376E-02    .000E+00      -1        .000    7.17    .185E+01    .000E+00
   2    -1.00    -239.73   .225      .281E-01    .310E-03   -.752E-02    .000E+00      -1        .000    8.66    .186E+01    .000E+00
   3    -2.00    -239.13   .225      .283E-01    .311E-03   -.601E-02    .128E-01      -1        .000    9.62    .187E+01    .000E+00
   4    -4.00    -237.37   .226      .291E-01    .315E-03    .189E-02    .128E-01      -1        .000   11.11    .188E+01    .000E+00
   5    -6.00    -234.89   .227      .303E-01    .319E-03    .178E-01    .128E-01      -1        .001   11.92    .188E+01    .000E+00
   6   -10.00    -227.98   .229      .335E-01    .332E-03    .374E-01    .128E-01      -1        .001   12.55    .184E+01    .000E+00
   7   -15.00    -216.24   .233      .389E-01    .353E-03    .648E-01    .128E-01      -1        .002   12.68    .168E+01    .000E+00
   8   -20.00    -201.67   .239      .456E-01    .380E-03    .991E-01    .128E-01      -1        .003   12.71    .141E+01    .000E+00
   9   -25.00    -185.23   .245      .570E-01    .416E-03    .136E+00    .128E-01      -1        .005   12.77    .111E+01    .000E+00
  10   -30.00    -168.43   .252      .743E-01    .463E-03    .200E+00    .128E-01      -1        .007   12.84    .830E+00    .000E+00
  11   -40.00    -136.27   .269      .127E+00    .572E-03    .211E+00    .000E+00      -1        .007   12.89    .445E+00    .000E+00
  12   -50.00    -120.69   .217      .589E+00    .753E-03    .188E+00    .000E+00      -1        .006   12.81    .218E+00    .000E+00
  13   -60.00    -108.19   .227      .832E+00    .834E-03    .167E+00    .000E+00      -1        .006   12.66    .932E-01    .000E+00
  14   -70.00     -96.53   .237      .106E+01    .910E-03    .149E+00    .000E+00      -1        .005   12.48    .407E-01    .000E+00
  15   -80.00     -85.42   .248      .148E+01    .992E-03    .132E+00    .000E+00      -1        .004   12.28    .182E-01    .000E+00
  16   -90.00     -74.70   .258      .195E+01    .107E-02    .114E+00    .000E+00      -1        .004   12.07    .836E-02    .000E+00
  17  -100.00     -64.25   .270      .273E+01    .115E-02    .969E-01    .000E+00      -1        .003   11.85    .391E-02    .000E+00
  18  -110.00     -53.98   .282      .383E+01    .121E-02    .795E-01    .000E+00      -1        .003   11.64    .186E-02    .000E+00
  19  -120.00     -43.83   .295      .543E+01    .126E-02    .617E-01    .000E+00      -1        .002   11.44    .895E-03    .000E+00
  20  -130.00     -33.75   .307      .792E+01    .125E-02    .439E-01    .000E+00      -1        .001   11.26    .435E-03    .000E+00
  21  -140.00     -23.71   .320      .118E+02    .117E-02    .271E-01    .000E+00      -1        .001   11.09    .213E-03    .000E+00
  22  -150.00     -13.70   .330      .185E+02    .949E-03    .127E-01    .000E+00      -1        .000   10.95    .105E-03    .000E+00
  23  -160.00      -3.70   .338      .314E+02    .469E-03    .306E-02    .000E+00      -1        .000   10.82    .515E-04    .000E+00
  24  -170.00       6.30   .339      .453E+02    .000E+00    .623E-06    .000E+00      -1        .000   10.71    .248E-04    .000E+00
  25  -180.00      16.30   .339      .453E+02    .000E+00    .108E-05    .000E+00      -1        .000   10.62    .116E-04    .000E+00
  26  -190.00      26.30   .339      .453E+02    .000E+00    .432E-05    .000E+00      -1        .000   10.55    .523E-05    .000E+00
  27  -200.00      36.30   .339      .453E+02    .000E+00    .432E-05    .000E+00      -1        .000   10.49    .230E-05    .000E+00
  28  -210.00      46.30   .339      .453E+02    .000E+00    .000E+00    .000E+00      -1        .000   10.45    .100E-05    .000E+00
  29  -220.00      56.30   .339      .453E+02    .000E+00    .000E+00    .000E+00      -1        .000   10.43    .486E-06    .000E+00
  30  -225.00      61.30   .339      .453E+02    .000E+00    .000E+00    .000E+00      -1        .000   10.42    .377E-06    .000E+00
  31  -228.00      64.30   .339      .453E+02    .000E+00    .000E+00    .000E+00      -1        .000   10.42    .350E-06    .000E+00
  32  -229.00      65.30   .339      .453E+02    .000E+00    .000E+00    .000E+00      -1        .000   10.42    .347E-06    .000E+00
  33  -230.00      66.30   .339      .453E+02    .000E+00    .000E+00    .000E+00      -1        .000   10.42    .347E-06    .000E+00
end


 Time:   181.000000

 Node    Depth      Head Moisture       K          C         Flux        Sink         Kappa   v/KsTop   Temp      Conc(1...NS)
         [L]       [L]     [-]        [L/T]      [1/L]      [L/T]        [1/T]         [-]      [-]      [C]        [M/L*3]

   1      .00    -121.65   .277      .159E+00    .631E-03   -.175E-01    .000E+00      -1       -.001   15.17    .256E+01    .000E+00
   2    -1.00    -120.76   .278      .161E+00    .635E-03   -.252E-01    .000E+00      -1       -.001   15.82    .257E+01    .000E+00
   3    -2.00    -119.96   .278      .164E+00    .638E-03   -.399E-01    .866E-02      -1       -.001   16.32    .261E+01    .000E+00
   4    -4.00    -118.48   .279      .171E+00    .647E-03   -.503E-01    .866E-02      -1       -.002   17.15    .271E+01    .000E+00
   5    -6.00    -117.14   .280      .177E+00    .654E-03   -.708E-01    .866E-02      -1       -.002   17.84    .284E+01    .000E+00
   6   -10.00    -114.84   .282      .188E+00    .667E-03   -.928E-01    .866E-02      -1       -.003   18.86    .312E+01    .000E+00
   7   -15.00    -112.55   .283      .199E+00    .680E-03   -.117E+00    .866E-02      -1       -.004   19.44    .332E+01    .000E+00
   8   -20.00    -110.74   .285      .207E+00    .690E-03   -.137E+00    .866E-02      -1       -.005   19.46    .330E+01    .000E+00
   9   -25.00    -109.15   .286      .215E+00    .699E-03   -.147E+00    .866E-02      -1       -.005   19.17    .305E+01    .000E+00
  10   -30.00    -107.56   .287      .222E+00    .708E-03   -.142E+00    .866E-02      -1       -.005   18.78    .264E+01    .000E+00
  11   -40.00    -103.51   .290      .242E+00    .731E-03   -.149E+00    .000E+00      -1       -.005   18.01    .177E+01    .000E+00
  12   -50.00     -95.95   .237      .107E+01    .914E-03   -.164E+00    .000E+00      -1       -.006   17.34    .113E+01    .000E+00
  13   -60.00     -87.30   .246      .141E+01    .978E-03   -.166E+00    .000E+00      -1       -.006   16.75    .646E+00    .000E+00
  14   -70.00     -78.34   .255      .177E+01    .105E-02   -.160E+00    .000E+00      -1       -.005   16.19    .349E+00    .000E+00
  15   -80.00     -69.09   .265      .237E+01    .111E-02   -.146E+00    .000E+00      -1       -.005   15.67    .179E+00    .000E+00
  16   -90.00     -59.59   .275      .310E+01    .118E-02   -.128E+00    .000E+00      -1       -.004   15.17    .882E-01    .000E+00
  17  -100.00     -49.91   .287      .436E+01    .124E-02   -.106E+00    .000E+00      -1       -.004   14.73    .424E-01    .000E+00
  18  -110.00     -40.09   .299      .621E+01    .126E-02   -.818E-01    .000E+00      -1       -.003   14.34    .201E-01    .000E+00
  19  -120.00     -30.18   .312      .902E+01    .124E-02   -.565E-01    .000E+00      -1       -.002   14.00    .961E-02    .000E+00
  20  -130.00     -20.21   .324      .138E+02    .111E-02   -.319E-01    .000E+00      -1       -.001   13.71    .466E-02    .000E+00
  21  -140.00     -10.23   .334      .219E+02    .823E-03   -.116E-01    .000E+00      -1        .000   13.46    .232E-02    .000E+00
  22  -150.00       -.23   .339      .426E+02    .859E-04   -.143E-02    .000E+00      -1        .000   13.24    .120E-02    .000E+00
  23  -160.00       9.77   .339      .453E+02    .000E+00    .236E-05    .000E+00      -1        .000   13.06    .629E-03    .000E+00
  24  -170.00      19.77   .339      .453E+02    .000E+00    .216E-05    .000E+00      -1        .000   12.91    .335E-03    .000E+00
  25  -180.00      29.77   .339      .453E+02    .000E+00   -.432E-05    .000E+00      -1        .000   12.78    .179E-03    .000E+00
  26  -190.00      39.77   .339      .453E+02    .000E+00   -.432E-05    .000E+00      -1        .000   12.68    .968E-04    .000E+00
  27  -200.00      49.77   .339      .453E+02    .000E+00    .000E+00    .000E+00      -1        .000   12.61    .526E-04    .000E+00
  28  -210.00      59.77   .339      .453E+02    .000E+00    .000E+00    .000E+00      -1        .000   12.56    .295E-04    .000E+00
  29  -220.00      69.77   .339      .453E+02    .000E+00    .000E+00    .000E+00      -1        .000   12.53    .186E-04    .000E+00
  30  -225.00      74.77   .339      .453E+02    .000E+00    .000E+00    .000E+00      -1        .000   12.52    .162E-04    .000E+00
  31  -228.00      77.77   .339      .453E+02    .000E+00    .000E+00    .000E+00      -1        .000   12.52    .156E-04    .000E+00
  32  -229.00      78.77   .339      .453E+02    .000E+00    .000E+00    .000E+00      -1        .000   12.52    .155E-04    .000E+00
  33  -230.00      79.77   .339      .453E+02    .000E+00    .000E+00    .000E+00      -1        .000   12.52    .155E-04    .000E+00
end


 Time:   212.000000

 Node    Depth      Head Moisture       K          C         Flux        Sink         Kappa   v/KsTop   Temp      Conc(1...NS)
         [L]       [L]     [-]        [L/T]      [1/L]      [L/T]        [1/T]         [-]      [-]      [C]        [M/L*3]

   1      .00    -268.66   .217      .216E-01    .275E-03   -.567E-02    .000E+00      -1        .000   14.17    .146E+01    .000E+00
   2    -1.00    -267.92   .218      .218E-01    .275E-03   -.114E-01    .000E+00      -1        .000   15.71    .147E+01    .000E+00
   3    -2.00    -267.70   .218      .218E-01    .276E-03   -.926E-02    .192E-01      -1        .000   16.73    .149E+01    .000E+00
   4    -4.00    -266.19   .218      .221E-01    .278E-03    .235E-02    .192E-01      -1        .000   18.02    .155E+01    .000E+00
   5    -6.00    -263.29   .219      .227E-01    .281E-03    .256E-01    .192E-01      -1        .001   18.76    .164E+01    .000E+00
   6   -10.00    -253.65   .221      .246E-01    .292E-03    .519E-01    .193E-01      -1        .002   19.07    .185E+01    .000E+00
   7   -15.00    -236.33   .226      .295E-01    .316E-03    .865E-01    .193E-01      -1        .003   18.57    .212E+01    .000E+00
   8   -20.00    -215.80   .234      .390E-01    .354E-03    .132E+00    .194E-01      -1        .004   18.11    .232E+01    .000E+00
   9   -25.00    -193.03   .242      .495E-01    .395E-03    .185E+00    .194E-01      -1        .006   17.87    .241E+01    .000E+00
  10   -30.00    -170.58   .251      .719E-01    .457E-03    .279E+00    .194E-01      -1        .009   17.77    .236E+01    .000E+00
  11   -40.00    -130.89   .272      .138E+00    .594E-03    .297E+00    .000E+00      -1        .010   17.72    .212E+01    .000E+00
  12   -50.00    -114.27   .222      .711E+00    .794E-03    .265E+00    .000E+00      -1        .009   17.71    .178E+01    .000E+00
  13   -60.00    -101.31   .233      .967E+00    .878E-03    .235E+00    .000E+00      -1        .008   17.72    .142E+01    .000E+00
  14   -70.00     -89.37   .244      .133E+01    .962E-03    .208E+00    .000E+00      -1        .007   17.72    .108E+01    .000E+00
  15   -80.00     -78.12   .255      .178E+01    .105E-02    .182E+00    .000E+00      -1        .006   17.70    .791E+00    .000E+00
  16   -90.00     -67.33   .267      .250E+01    .113E-02    .156E+00    .000E+00      -1        .005   17.64    .555E+00    .000E+00
  17  -100.00     -56.85   .279      .345E+01    .120E-02    .129E+00    .000E+00      -1        .004   17.56    .376E+00    .000E+00
  18  -110.00     -46.57   .291      .486E+01    .125E-02    .101E+00    .000E+00      -1        .003   17.44    .248E+00    .000E+00
  19  -120.00     -36.43   .304      .709E+01    .126E-02    .739E-01    .000E+00      -1        .002   17.31    .160E+00    .000E+00
  20  -130.00     -26.36   .316      .106E+02    .120E-02    .477E-01    .000E+00      -1        .002   17.17    .102E+00    .000E+00
  21  -140.00     -16.33   .328      .163E+02    .102E-02    .239E-01    .000E+00      -1        .001   17.03    .640E-01    .000E+00
  22  -150.00      -6.33   .336      .268E+02    .637E-03    .644E-02    .000E+00      -1        .000   16.88    .395E-01    .000E+00
  23  -160.00       3.67   .339      .453E+02    .000E+00    .000E+00    .000E+00      -1        .000   16.74    .237E-01    .000E+00
  24  -170.00      13.67   .339      .453E+02    .000E+00    .216E-05    .000E+00      -1        .000   16.62    .137E-01    .000E+00
  25  -180.00      23.67   .339      .453E+02    .000E+00    .216E-05    .000E+00      -1        .000   16.51    .767E-02    .000E+00
  26  -190.00      33.67   .339      .453E+02    .000E+00    .000E+00    .000E+00      -1        .000   16.41    .418E-02    .000E+00
  27  -200.00      43.67   .339      .453E+02    .000E+00    .000E+00    .000E+00      -1        .000   16.33    .224E-02    .000E+00
  28  -210.00      53.67   .339      .453E+02    .000E+00    .000E+00    .000E+00      -1        .000   16.28    .123E-02    .000E+00
  29  -220.00      63.67   .339      .453E+02    .000E+00   -.115E-04    .000E+00      -1        .000   16.25    .751E-03    .000E+00
  30  -225.00      68.67   .339      .453E+02    .000E+00   -.216E-04    .000E+00      -1        .000   16.24    .645E-03    .000E+00
  31  -228.00      71.67   .339      .453E+02    .000E+00    .000E+00    .000E+00      -1        .000   16.24    .618E-03    .000E+00
  32  -229.00      72.67   .339      .453E+02    .000E+00    .000E+00    .000E+00      -1        .000   16.24    .615E-03    .000E+00
  33  -230.00      73.67   .339      .453E+02    .000E+00    .000E+00    .000E+00      -1        .000   16.24    .615E-03    .000E+00
end


 Time:   243.000000

 Node    Depth      Head Moisture       K          C         Flux        Sink         Kappa   v/KsTop   Temp      Conc(1...NS)
         [L]       [L]     [-]        [L/T]      [1/L]      [L/T]        [1/T]         [-]      [-]      [C]        [M/L*3]

   1      .00    -161.74   .255      .812E-01    .482E-03   -.499E-01    .000E+00      -1       -.002   13.10    .143E+01    .000E+00
   2    -1.00    -161.35   .256      .817E-01    .483E-03   -.498E-01    .000E+00      -1       -.002   13.59    .144E+01    .000E+00
   3    -2.00    -160.96   .256      .821E-01    .484E-03   -.455E-01    .388E-02      -1       -.002   14.10    .145E+01    .000E+00
   4    -4.00    -160.01   .256      .830E-01    .486E-03   -.393E-01    .388E-02      -1       -.001   14.94    .148E+01    .000E+00
   5    -6.00    -158.86   .257      .842E-01    .490E-03   -.271E-01    .388E-02      -1       -.001   15.65    .151E+01    .000E+00
   6   -10.00    -155.93   .258      .872E-01    .498E-03   -.132E-01    .388E-02      -1        .000   16.60    .159E+01    .000E+00
   7   -15.00    -151.23   .260      .930E-01    .512E-03    .400E-02    .388E-02      -1        .000   17.23    .172E+01    .000E+00
   8   -20.00    -145.56   .264      .106E+00    .535E-03    .223E-01    .388E-02      -1        .001   17.54    .183E+01    .000E+00
   9   -25.00    -139.17   .267      .120E+00    .561E-03    .400E-01    .388E-02      -1        .001   17.70    .192E+01    .000E+00
  10   -30.00    -132.27   .271      .136E+00    .588E-03    .658E-01    .388E-02      -1        .002   17.81    .195E+01    .000E+00
  11   -40.00    -117.49   .280      .176E+00    .653E-03    .712E-01    .000E+00      -1        .002   18.01    .191E+01    .000E+00
  12   -50.00    -106.19   .229      .871E+00    .847E-03    .644E-01    .000E+00      -1        .002   18.22    .172E+01    .000E+00
  13   -60.00     -95.57   .238      .108E+01    .916E-03    .572E-01    .000E+00      -1        .002   18.37    .144E+01    .000E+00
  14   -70.00     -85.15   .248      .149E+01    .994E-03    .500E-01    .000E+00      -1        .002   18.46    .116E+01    .000E+00
  15   -80.00     -74.88   .258      .193E+01    .107E-02    .429E-01    .000E+00      -1        .001   18.50    .899E+00    .000E+00
  16   -90.00     -64.71   .270      .270E+01    .115E-02    .361E-01    .000E+00      -1        .001   18.51    .676E+00    .000E+00
  17  -100.00     -54.61   .281      .375E+01    .121E-02    .296E-01    .000E+00      -1        .001   18.50    .498E+00    .000E+00
  18  -110.00     -44.55   .294      .528E+01    .125E-02    .230E-01    .000E+00      -1        .001   18.48    .360E+00    .000E+00
  19  -120.00     -34.52   .306      .768E+01    .125E-02    .165E-01    .000E+00      -1        .001   18.45    .257E+00    .000E+00
  20  -130.00     -24.51   .319      .114E+02    .118E-02    .103E-01    .000E+00      -1        .000   18.41    .183E+00    .000E+00
  21  -140.00     -14.50   .330      .177E+02    .975E-03    .487E-02    .000E+00      -1        .000   18.36    .130E+00    .000E+00
  22  -150.00      -4.50   .338      .299E+02    .525E-03    .126E-02    .000E+00      -1        .000   18.30    .918E-01    .000E+00
  23  -160.00       5.50   .339      .453E+02    .000E+00    .000E+00    .000E+00      -1        .000   18.24    .644E-01    .000E+00
  24  -170.00      15.50   .339      .453E+02    .000E+00    .000E+00    .000E+00      -1        .000   18.18    .444E-01    .000E+00
  25  -180.00      25.50   .339      .453E+02    .000E+00    .000E+00    .000E+00      -1        .000   18.12    .301E-01    .000E+00
  26  -190.00      35.50   .339      .453E+02    .000E+00    .000E+00    .000E+00      -1        .000   18.07    .201E-01    .000E+00
  27  -200.00      45.50   .339      .453E+02    .000E+00    .000E+00    .000E+00      -1        .000   18.03    .134E-01    .000E+00
  28  -210.00      55.50   .339      .453E+02    .000E+00    .000E+00    .000E+00      -1        .000   18.00    .916E-02    .000E+00
  29  -220.00      65.50   .339      .453E+02    .000E+00    .000E+00    .000E+00      -1        .000   17.98    .687E-02    .000E+00
  30  -225.00      70.50   .339      .453E+02    .000E+00    .000E+00    .000E+00      -1        .000   17.98    .634E-02    .000E+00
  31  -228.00      73.50   .339      .453E+02    .000E+00    .000E+00    .000E+00      -1        .000   17.98    .620E-02    .000E+00
  32  -229.00      74.50   .339      .453E+02    .000E+00    .000E+00    .000E+00      -1        .000   17.98    .618E-02    .000E+00
  33  -230.00      75.50   .339      .453E+02    .000E+00    .000E+00    .000E+00      -1        .000   17.98    .618E-02    .000E+00
end


 Time:   273.000000

 Node    Depth      Head Moisture       K          C         Flux        Sink         Kappa   v/KsTop   Temp      Conc(1...NS)
         [L]       [L]     [-]        [L/T]      [1/L]      [L/T]        [1/T]         [-]      [-]      [C]        [M/L*3]

   1      .00     -76.91   .311      .453E+00    .911E-03   -.103E+01    .000E+00      -1       -.035    2.10    .594E+01    .000E+00
   2    -1.00     -78.22   .310      .441E+00    .901E-03   -.102E+01    .000E+00      -1       -.034    2.73    .546E+01    .000E+00
   3    -2.00     -79.55   .309      .428E+00    .891E-03   -.989E+00    .000E+00      -1       -.033    3.04    .499E+01    .000E+00
   4    -4.00     -82.26   .306      .402E+00    .871E-03   -.955E+00    .000E+00      -1       -.032    3.82    .406E+01    .000E+00
   5    -6.00     -85.04   .304      .376E+00    .851E-03   -.879E+00    .000E+00      -1       -.030    4.63    .321E+01    .000E+00
   6   -10.00     -90.82   .299      .322E+00    .809E-03   -.779E+00    .000E+00      -1       -.026    5.96    .204E+01    .000E+00
   7   -15.00     -98.06   .294      .267E+00    .761E-03   -.647E+00    .000E+00      -1       -.022    7.22    .153E+01    .000E+00
   8   -20.00    -104.44   .289      .237E+00    .726E-03   -.501E+00    .000E+00      -1       -.017    8.15    .148E+01    .000E+00
   9   -25.00    -108.93   .286      .216E+00    .701E-03   -.368E+00    .000E+00      -1       -.012    8.86    .154E+01    .000E+00
  10   -30.00    -111.18   .284      .206E+00    .688E-03   -.210E+00    .000E+00      -1       -.007    9.46    .160E+01    .000E+00
  11   -40.00    -108.87   .286      .216E+00    .701E-03   -.128E+00    .000E+00      -1       -.004   10.51    .164E+01    .000E+00
  12   -50.00    -100.42   .234      .985E+00    .884E-03   -.731E-01    .000E+00      -1       -.002   11.52    .156E+01    .000E+00
  13   -60.00     -90.89   .242      .127E+01    .951E-03   -.399E-01    .000E+00      -1       -.001   12.49    .141E+01    .000E+00
  14   -70.00     -81.07   .252      .166E+01    .102E-02   -.193E-01    .000E+00      -1       -.001   13.32    .124E+01    .000E+00
  15   -80.00     -71.14   .262      .221E+01    .110E-02   -.776E-02    .000E+00      -1        .000   14.03    .104E+01    .000E+00
  16   -90.00     -61.15   .274      .296E+01    .117E-02   -.149E-02    .000E+00      -1        .000   14.61    .855E+00    .000E+00
  17  -100.00     -51.15   .286      .420E+01    .123E-02    .130E-02    .000E+00      -1        .000   15.10    .683E+00    .000E+00
  18  -110.00     -41.14   .298      .599E+01    .126E-02    .216E-02    .000E+00      -1        .000   15.51    .536E+00    .000E+00
  19  -120.00     -31.14   .311      .872E+01    .124E-02    .194E-02    .000E+00      -1        .000   15.85    .416E+00    .000E+00
  20  -130.00     -21.14   .323      .132E+02    .113E-02    .124E-02    .000E+00      -1        .000   16.14    .320E+00    .000E+00
  21  -140.00     -11.14   .333      .209E+02    .860E-03    .506E-03    .000E+00      -1        .000   16.37    .246E+00    .000E+00
  22  -150.00      -1.14   .339      .382E+02    .233E-03    .889E-04    .000E+00      -1        .000   16.56    .187E+00    .000E+00
  23  -160.00       8.86   .339      .453E+02    .000E+00    .291E-05    .000E+00      -1        .000   16.72    .141E+00    .000E+00
  24  -170.00      18.86   .339      .453E+02    .000E+00    .216E-05    .000E+00      -1        .000   16.85    .104E+00    .000E+00
  25  -180.00      28.86   .339      .453E+02    .000E+00    .000E+00    .000E+00      -1        .000   16.96    .761E-01    .000E+00
  26  -190.00      38.86   .339      .453E+02    .000E+00    .000E+00    .000E+00      -1        .000   17.04    .554E-01    .000E+00
  27  -200.00      48.86   .339      .453E+02    .000E+00    .000E+00    .000E+00      -1        .000   17.10    .408E-01    .000E+00
  28  -210.00      58.86   .339      .453E+02    .000E+00    .865E-05    .000E+00      -1        .000   17.14    .311E-01    .000E+00
  29  -220.00      68.86   .339      .453E+02    .000E+00    .115E-04    .000E+00      -1        .000   17.17    .256E-01    .000E+00
  30  -225.00      73.86   .339      .453E+02    .000E+00    .000E+00    .000E+00      -1        .000   17.17    .243E-01    .000E+00
  31  -228.00      76.86   .339      .453E+02    .000E+00    .000E+00    .000E+00      -1        .000   17.18    .240E-01    .000E+00
  32  -229.00      77.86   .339      .453E+02    .000E+00    .000E+00    .000E+00      -1        .000   17.18    .239E-01    .000E+00
  33  -230.00      78.86   .339      .453E+02    .000E+00    .000E+00    .000E+00      -1        .000   17.18    .239E-01    .000E+00
end
