 ************************************************************************
 *                                                                      *
 *                                                                      *
 *Upward infiltration with bottom tension                               *
 *Parameter Estimation of Soil Hydraulic Properties                     *
 *                                                                      *
 ************************************************************************


 Program parameters
 ==================
 Max. iterations.....................(MIT)............... 50
 No. of observations.................(NOBb)............. 160


 Soil hydraulic properties
 =========================
 Residual moisture content...........(WCR)............      .067
 Saturated moisture content..........(WCS)............      .450
 First coefficient...................(ALPHA)..........      .020
 Second coefficeint..................(N)..............     1.410
 Saturated conductivity..............(CONDS).......... .1250E-03
 Pore conectivity factor.............(L)..............     1.000


 Observed Quantity 
 ==================
    Obs     Time    Quantity     Type  Position   Weight
     1      3.445       .061       0     2       .196821
     2      5.160       .075       0     2       .196821
     3      8.459       .095       0     2       .196821
     4     10.984       .108       0     2       .196821
     5     14.345       .123       0     2       .196821
     6     17.705       .136       0     2       .196821
     7     21.545       .150       0     2       .196821
     8     27.287       .168       0     2       .196821
     9     32.965       .184       0     2       .196821
    10     40.100       .203       0     2       .196821
    11     47.479       .220       0     2       .196821
    12     53.804       .234       0     2       .196821
    13     60.128       .246       0     2       .196821
    14     61.182       .134       2     2      1.615809
    15     69.088       .264       0     2       .196821
    16     73.199   -750.000       1     2       .000485
    17     78.681       .281       0     2       .196821
    18     86.903       .295       0     2       .196821
    19     95.125       .308       0     2       .196821
    20    105.402       .323       0     2       .196821
    21    114.847   -750.000       1     2       .000485
    22    119.484       .344       0     2       .196821
    23    121.802       .134       2     2      1.615809
    24    135.714       .365       0     2       .196821
    25    149.626       .383       0     2       .196821
    26    167.227       .404       0     2       .196821
    27    188.256       .428       0     2       .196821
    28    209.286       .450       0     2       .196821
    29    227.311       .469       0     2       .196821
    30    245.336       .486       0     2       .196821
    31    267.993       .507       0     2       .196821
    32    287.645       .525       0     2       .196821
    33    303.367       .134       2     2      1.615809
    34    307.298       .542       0     2       .196821
    35    317.488   -750.000       1     2       .000485
    36    343.621       .571       0     2       .196821
    37    371.501       .593       0     2       .196821
    38    407.553       .620       0     2       .196821
    39    449.613       .650       0     2       .196821
    40    485.664       .674       0     2       .196821
    41    503.690   -750.000       1     2       .000485
    42    521.716       .698       0     2       .196821
    43    563.776       .724       0     2       .196821
    44    612.513       .753       0     2       .196821
    45    620.191       .134       2     2      1.615809
    46    670.644       .786       0     2       .196821
    47    730.141   -750.000       1     2       .000485
    48    740.282       .824       0     2       .196821
    49    811.268       .860       0     2       .196821
    50    882.254       .895       0     2       .196821
    51    943.099   -750.000       1     2       .000485
    52    953.240       .928       0     2       .196821
    53   1033.170       .964       0     2       .196821
    54   1125.040      1.000       0     2       .196821
    55   1164.410   -750.000       1     2       .000485
    56   1230.030      1.050       0     2       .196821
    57   1308.770       .134       2     2      1.615809
    58   1335.010      1.090       0     2       .196821
    59   1440.000      1.130       0     2       .196821
    60   1474.290   -750.000       1     2       .000485
    61   1577.140      1.170       0     2       .196821
    62   1697.140      1.210       0     2       .196821
    63   1800.000      1.250       0     2       .196821
    64   1834.290   -749.992       1     2       .000485
    65   1885.710       .134       2     2      1.615809
    66   1920.000      1.290       0     2       .196821
    67   1988.570   -749.222       1     2       .000485
    68   2040.000      1.320       0     2       .196821
    69   2142.860   -702.272       1     2       .000485
    70   2160.000      1.360       0     2       .196821
    71   2194.290   -608.790       1     2       .000485
    72   2194.290       .140       2     2      1.615809
    73   2251.030   -466.094       1     2       .000485
    74   2251.030       .150       2     2      1.615809
    75   2318.420      1.400       0     2       .196821
    76   2318.420   -314.614       1     2       .000485
    77   2318.420       .168       2     2      1.615809
    78   2385.810   -223.118       1     2       .000485
    79   2385.810       .187       2     2      1.615809
    80   2453.200   -168.238       1     2       .000485
    81   2453.200       .204       2     2      1.615809
    82   2543.050      1.460       0     2       .196821
    83   2565.520   -116.741       1     2       .000485
    84   2565.520       .230       2     2      1.615809
    85   2632.910    -98.228       1     2       .000485
    86   2632.910       .244       2     2      1.615809
    87   2700.300    -85.968       1     2       .000485
    88   2700.300       .255       2     2      1.615809
    89   2722.760      1.510       0     2       .196821
    90   2767.690    -75.885       1     2       .000485
    91   2767.690       .265       2     2      1.615809
    92   2835.070    -68.886       1     2       .000485
    93   2835.070       .275       2     2      1.615809
    94   2880.000      1.550       0     2       .196821
    95   2902.500    -62.996       1     2       .000485
    96   2902.500       .282       2     2      1.615809
    97   2970.000    -58.270       1     2       .000485
    98   2970.000       .289       2     2      1.615809
    99   3037.500      1.590       0     2       .196821
   100   3082.500    -52.257       1     2       .000485
   101   3082.500       .299       2     2      1.615809
   102   3150.000    -49.132       1     2       .000485
   103   3150.000       .304       2     2      1.615809
   104   3217.500    -46.575       1     2       .000485
   105   3217.500       .309       2     2      1.615809
   106   3262.500      1.640       0     2       .196821
   107   3290.630    -44.427       1     2       .000485
   108   3290.630       .313       2     2      1.615809
   109   3375.000    -42.012       1     2       .000485
   110   3375.000       .319       2     2      1.615809
   111   3431.250      1.680       0     2       .196821
   112   3459.380    -39.780       1     2       .000485
   113   3459.380       .323       2     2      1.615809
   114   3543.750    -38.102       1     2       .000485
   115   3543.750       .327       2     2      1.615809
   116   3600.000      1.710       0     2       .196821
   117   3628.800    -36.595       1     2       .000485
   118   3628.800       .330       2     2      1.615809
   119   3715.200    -35.085       1     2       .000485
   120   3715.200       .334       2     2      1.615809
   121   3801.600    -33.801       1     2       .000485
   122   3801.600       .337       2     2      1.615809
   123   3830.400      1.760       0     2       .196821
   124   3905.720    -32.470       1     2       .000485
   125   3905.720       .340       2     2      1.615809
   126   4094.030      1.810       0     2       .196821
   127   4094.030    -30.313       1     2       .000485
   128   4094.030       .346       2     2      1.615809
   129   4207.020    -29.240       1     2       .000485
   130   4207.020       .349       2     2      1.615809
   131   4320.000      1.860       0     2       .196821
   132   4320.000    -28.233       1     2       .000485
   133   4320.000       .351       2     2      1.615809
   134   4433.680    -27.237       1     2       .000485
   135   4433.680       .354       2     2      1.615809
   136   4547.370    -26.270       1     2       .000485
   137   4547.370       .357       2     2      1.615809
   138   4695.160      1.930       0     2       .196821
   139   4695.160    -24.871       1     2       .000485
   140   4695.160       .361       2     2      1.615809
   141   4902.060    -22.631       1     2       .000485
   142   4902.060       .367       2     2      1.615809
   143   5105.460      2.000       0     2       .196821
   144   5105.460    -20.239       1     2       .000485
   145   5105.460       .375       2     2      1.615809
   146   5356.050    -17.323       1     2       .000485
   147   5356.050       .384       2     2      1.615809
   148   5760.000    -13.431       1     2       .000485
   149   5760.000       .396       2     2      1.615809
   150   5904.000      2.100       0     2       .196821
   151   6192.000    -10.490       1     2       .000485
   152   6192.000       .406       2     2      1.615809
   153   6660.000     -8.590       1     2       .000485
   154   6660.000       .412       2     2      1.615809
   155   6840.000      2.160       0     2       .196821
   156   7200.000      2.170       0     2       .196821
   157   7200.000     -7.527       1     2       .000485
   158   7200.000       .415       2     2      1.615809
   159   -750.000       .134       5     1     32.316180
   160     -4.800       .422       5     1     32.316180



 Parameter estimation with the  1. initial estimate
 ==================================================

 Iteration     SSQ         WCR         WCS         ALPHA       N           CONDS       L     
      0    .6353D+01   .6700E-01   .4500E+00   .2000E-01   .1410E+01   .1250E-03   .1000E+01
      1    .2676D+01   .5618E-01   .4392E+00   .2085E-01   .1454E+01   .1289E-03   .5000E+00
      2    .7012D+00   .3392E-01   .4266E+00   .1841E-01   .1509E+01   .1411E-03   .1773E+01
      3    .1283D+00   .5643E-01   .4262E+00   .2219E-01   .1541E+01   .1741E-03   .1272E+01
      4    .5185D-01   .3801E-01   .4267E+00   .2307E-01   .1484E+01   .2031E-03   .1002E+01
      5    .8987D-02   .4710E-01   .4265E+00   .2320E-01   .1515E+01   .1878E-03   .6651E+00
      6    .6405D-02   .4665E-01   .4263E+00   .2259E-01   .1520E+01   .1783E-03   .5284E+00


 No further reduction in SSQ obtained, optimization stopped


 Mass balance error in FE solution during final run was   .0001 %

 RSQUARE for regression of predicted vs observed = .99721


 Correlation matrix
 ==================
         1          2          3          4          5          6
   1   1.0000
   2   -.4658     1.0000
   3    .2120      .1220     1.0000
   4    .9931     -.4752      .1129     1.0000
   5   -.8763      .5109      .2595     -.9174     1.0000
   6    .1787     -.0103      .4826      .1336      .1780     1.0000

 Non-linear least-squares analysis: final results
 ================================================
                                           95% Confidence limits
 Variable        Value        S.E.Coeff.     Lower         Upper
   WCR       .46653E-01         .00421       .03834       .05496
   WCS       .42630E+00         .00023       .42585       .42675
   ALPHA     .22594E-01         .00017       .02225       .02293
   N         .15198E+01         .01320      1.49371      1.54588
   CONDS     .17834E-03         .00000       .00017       .00019
   L         .52839E+00         .02320       .48255       .57423


 Contributions to the final objective function

 Measurement Set   0:    .2805E-03
 Measurement Set   1:    .4678E-02
 Measurement Set   2:    .1369E-02
 Measurement Set   5:    .8256E-04


------------Observed & Fitted Quantity -----------------------------
                                               Resi-
    No     Time           Obs        Fitted    dual   Type  Position
    1      3.445          .061         .059     .002     0     2
    2      5.160          .075         .072     .002     0     2
    3      8.459          .095         .092     .003     0     2
    4     10.984          .108         .105     .003     0     2
    5     14.345          .123         .119     .004     0     2
    6     17.705          .136         .132     .004     0     2
    7     21.545          .150         .145     .005     0     2
    8     27.287          .168         .163     .005     0     2
    9     32.965          .184         .178     .006     0     2
   10     40.100          .203         .196     .007     0     2
   11     47.479          .220         .213     .007     0     2
   12     53.804          .234         .226     .008     0     2
   13     60.128          .246         .239     .007     0     2
   15     69.088          .264         .256     .008     0     2
   17     78.681          .281         .272     .009     0     2
   18     86.903          .295         .286     .009     0     2
   19     95.125          .308         .299     .009     0     2
   20    105.402          .323         .314     .009     0     2
   22    119.484          .344         .334     .010     0     2
   24    135.714          .365         .355     .010     0     2
   25    149.626          .383         .373     .010     0     2
   26    167.227          .404         .393     .011     0     2
   27    188.256          .428         .417     .011     0     2
   28    209.286          .450         .439     .011     0     2
   29    227.311          .469         .457     .012     0     2
   30    245.336          .486         .474     .012     0     2
   31    267.993          .507         .495     .012     0     2
   32    287.645          .525         .512     .013     0     2
   34    307.298          .542         .529     .013     0     2
   36    343.621          .571         .559     .012     0     2
   37    371.501          .593         .580     .013     0     2
   38    407.553          .620         .607     .013     0     2
   39    449.613          .650         .636     .014     0     2
   40    485.664          .674         .661     .013     0     2
   42    521.716          .698         .684     .014     0     2
   43    563.776          .724         .710     .014     0     2
   44    612.513          .753         .739     .014     0     2
   46    670.644          .786         .772     .014     0     2
   48    740.282          .824         .810     .014     0     2
   49    811.268          .860         .847     .013     0     2
   50    882.254          .895         .882     .013     0     2
   52    953.240          .928         .915     .013     0     2
   53   1033.170          .964         .951     .013     0     2
   54   1125.040         1.000         .991     .009     0     2
   56   1230.030         1.050        1.034     .016     0     2
   58   1335.010         1.090        1.075     .015     0     2
   59   1440.000         1.130        1.115     .015     0     2
   61   1577.140         1.170        1.164     .006     0     2
   62   1697.140         1.210        1.206     .004     0     2
   63   1800.000         1.250        1.240     .010     0     2
   66   1920.000         1.290        1.278     .012     0     2
   68   2040.000         1.320        1.315     .005     0     2
   70   2160.000         1.360        1.352     .008     0     2
   75   2318.420         1.400        1.397     .003     0     2
   82   2543.050         1.460        1.460     .000     0     2
   89   2722.760         1.510        1.507     .003     0     2
   94   2880.000         1.550        1.548     .002     0     2
   99   3037.500         1.590        1.587     .003     0     2
  106   3262.500         1.640        1.641    -.001     0     2
  111   3431.250         1.680        1.680     .000     0     2
  116   3600.000         1.710        1.718    -.008     0     2
  123   3830.400         1.760        1.768    -.008     0     2
  126   4094.030         1.810        1.824    -.014     0     2
  131   4320.000         1.860        1.870    -.010     0     2
  138   4695.160         1.930        1.943    -.013     0     2
  143   5105.460         2.000        2.017    -.017     0     2
  150   5904.000         2.100        2.121    -.021     0     2
  155   6840.000         2.160        2.167    -.007     0     2
  156   7200.000         2.170        2.172    -.002     0     2
   16     73.199      -750.000     -750.000     .000     1     2
   21    114.847      -750.000     -750.000     .000     1     2
   35    317.488      -750.000     -750.000     .000     1     2
   41    503.690      -750.000     -750.000     .000     1     2
   47    730.141      -750.000     -750.000     .000     1     2
   51    943.099      -750.000     -750.000     .000     1     2
   55   1164.410      -750.000     -750.000     .000     1     2
   60   1474.290      -750.000     -750.000     .000     1     2
   64   1834.290      -749.992     -749.915    -.077     1     2
   67   1988.570      -749.222     -746.603   -2.619     1     2
   69   2142.860      -702.272     -674.619  -27.653     1     2
   71   2194.290      -608.790     -592.010  -16.780     1     2
   73   2251.030      -466.094     -476.821   10.727     1     2
   76   2318.420      -314.614     -357.275   42.661     1     2
   78   2385.810      -223.118     -272.154   49.036     1     2
   80   2453.200      -168.238     -216.003   47.765     1     2
   83   2565.520      -116.741     -158.053   41.312     1     2
   85   2632.910       -98.228     -137.152   38.924     1     2
   87   2700.300       -85.968     -120.100   34.132     1     2
   90   2767.690       -75.885     -108.156   32.271     1     2
   92   2835.070       -68.886      -98.347   29.461     1     2
   95   2902.500       -62.996      -90.370   27.374     1     2
   97   2970.000       -58.270      -84.043   25.773     1     2
  100   3082.500       -52.257      -75.008   22.751     1     2
  102   3150.000       -49.132      -71.128   21.996     1     2
  104   3217.500       -46.575      -67.537   20.962     1     2
  107   3290.630       -44.427      -63.838   19.411     1     2
  109   3375.000       -42.012      -60.349   18.337     1     2
  112   3459.380       -39.780      -57.575   17.795     1     2
  114   3543.750       -38.102      -54.885   16.783     1     2
  117   3628.800       -36.595      -52.435   15.840     1     2
  119   3715.200       -35.085      -50.392   15.307     1     2
  121   3801.600       -33.801      -48.497   14.696     1     2
  124   3905.720       -32.470      -46.377   13.907     1     2
  127   4094.030       -30.313      -43.217   12.904     1     2
  129   4207.020       -29.240      -41.488   12.248     1     2
  132   4320.000       -28.233      -39.900   11.667     1     2
  134   4433.680       -27.237      -38.222   10.985     1     2
  136   4547.370       -26.270      -36.495   10.225     1     2
  139   4695.160       -24.871      -33.993    9.122     1     2
  141   4902.060       -22.631      -30.101    7.470     1     2
  144   5105.460       -20.239      -26.118    5.879     1     2
  146   5356.050       -17.323      -21.491    4.168     1     2
  148   5760.000       -13.431      -15.421    1.990     1     2
  151   6192.000       -10.490      -11.123     .633     1     2
  153   6660.000        -8.590       -8.594     .004     1     2
  157   7200.000        -7.527       -7.388    -.139     1     2
   14     61.182          .134         .134     .000     2     2
   23    121.802          .134         .134     .000     2     2
   33    303.367          .134         .134     .000     2     2
   45    620.191          .134         .134     .000     2     2
   57   1308.770          .134         .134     .000     2     2
   65   1885.710          .134         .134     .000     2     2
   72   2194.290          .140         .145    -.005     2     2
   74   2251.030          .150         .156    -.006     2     2
   77   2318.420          .168         .174    -.006     2     2
   79   2385.810          .187         .192    -.005     2     2
   81   2453.200          .204         .209    -.005     2     2
   84   2565.520          .230         .234    -.004     2     2
   86   2632.910          .244         .247    -.003     2     2
   88   2700.300          .255         .258    -.003     2     2
   91   2767.690          .265         .268    -.003     2     2
   93   2835.070          .275         .276    -.002     2     2
   96   2902.500          .282         .284    -.002     2     2
   98   2970.000          .289         .291    -.002     2     2
  101   3082.500          .299         .301    -.002     2     2
  103   3150.000          .304         .306    -.002     2     2
  105   3217.500          .309         .311    -.002     2     2
  108   3290.630          .313         .316    -.002     2     2
  110   3375.000          .319         .320    -.002     2     2
  113   3459.380          .323         .325    -.002     2     2
  115   3543.750          .327         .329    -.002     2     2
  118   3628.800          .330         .333    -.003     2     2
  120   3715.200          .334         .336    -.002     2     2
  122   3801.600          .337         .339    -.002     2     2
  125   3905.720          .340         .343    -.002     2     2
  128   4094.030          .346         .348    -.003     2     2
  130   4207.020          .349         .351    -.003     2     2
  133   4320.000          .351         .354    -.003     2     2
  135   4433.680          .354         .357    -.003     2     2
  137   4547.370          .357         .361    -.004     2     2
  140   4695.160          .361         .365    -.005     2     2
  142   4902.060          .367         .373    -.006     2     2
  145   5105.460          .375         .381    -.006     2     2
  147   5356.050          .384         .391    -.007     2     2
  149   5760.000          .396         .403    -.007     2     2
  152   6192.000          .406         .412    -.006     2     2
  154   6660.000          .412         .416    -.004     2     2
  158   7200.000          .415         .418    -.003     2     2
  159   -750.000          .134         .133     .000     5     1
  160     -4.800          .422         .422     .000     5     1


  Pressure    Log P      WC       Rel K     Log RK      Abs K    Log KA     Diffus     Log D
  .000E+00             .4263     .100E+01             .178E-03
  .141E+01    .150     .4256     .694E+00   -.159     .124E-03  -3.907     .168E+00   -.776
  .168E+01    .225     .4254     .668E+00   -.175     .119E-03  -3.924     .148E+00   -.830
  .200E+01    .300     .4251     .640E+00   -.193     .114E-03  -3.942     .130E+00   -.887
  .237E+01    .375     .4248     .611E+00   -.214     .109E-03  -3.963     .114E+00   -.944
  .282E+01    .450     .4243     .580E+00   -.237     .103E-03  -3.986     .990E-01  -1.004
  .335E+01    .525     .4238     .546E+00   -.263     .974E-04  -4.011     .858E-01  -1.066
  .398E+01    .600     .4230     .511E+00   -.291     .912E-04  -4.040     .740E-01  -1.131
  .473E+01    .675     .4221     .474E+00   -.324     .846E-04  -4.073     .634E-01  -1.198
  .562E+01    .750     .4208     .436E+00   -.360     .778E-04  -4.109     .540E-01  -1.268
  .668E+01    .825     .4192     .397E+00   -.402     .707E-04  -4.151     .456E-01  -1.341
  .794E+01    .900     .4172     .356E+00   -.448     .635E-04  -4.197     .383E-01  -1.417
  .944E+01    .975     .4146     .315E+00   -.501     .562E-04  -4.250     .318E-01  -1.497
  .112E+02   1.050     .4114     .275E+00   -.561     .490E-04  -4.310     .262E-01  -1.581
  .133E+02   1.125     .4073     .235E+00   -.629     .419E-04  -4.378     .214E-01  -1.669
  .158E+02   1.200     .4023     .197E+00   -.706     .351E-04  -4.455     .173E-01  -1.762
  .188E+02   1.275     .3962     .161E+00   -.794     .287E-04  -4.542     .139E-01  -1.858
  .224E+02   1.350     .3888     .128E+00   -.892     .229E-04  -4.641     .110E-01  -1.959
  .266E+02   1.425     .3801     .995E-01  -1.002     .177E-04  -4.751     .863E-02  -2.064
  .316E+02   1.500     .3699     .750E-01  -1.125     .134E-04  -4.874     .671E-02  -2.173
  .376E+02   1.575     .3584     .548E-01  -1.261     .977E-05  -5.010     .517E-02  -2.286
  .447E+02   1.650     .3455     .388E-01  -1.411     .692E-05  -5.160     .395E-02  -2.403
  .531E+02   1.725     .3314     .267E-01  -1.574     .476E-05  -5.322     .300E-02  -2.522
  .631E+02   1.800     .3165     .178E-01  -1.749     .318E-05  -5.497     .227E-02  -2.645
  .750E+02   1.875     .3009     .116E-01  -1.935     .207E-05  -5.684     .170E-02  -2.769
  .891E+02   1.950     .2851     .737E-02  -2.132     .131E-05  -5.881     .127E-02  -2.896
  .106E+03   2.025     .2692     .458E-02  -2.339     .817E-06  -6.088     .947E-03  -3.024
  .126E+03   2.100     .2536     .280E-02  -2.553     .499E-06  -6.302     .704E-03  -3.153
  .150E+03   2.175     .2384     .168E-02  -2.774     .300E-06  -6.523     .521E-03  -3.283
  .178E+03   2.250     .2239     .100E-02  -3.000     .178E-06  -6.749     .386E-03  -3.414
  .211E+03   2.325     .2101     .588E-03  -3.231     .105E-06  -6.980     .285E-03  -3.545
  .251E+03   2.400     .1970     .343E-03  -3.465     .611E-07  -7.214     .210E-03  -3.677
  .299E+03   2.475     .1849     .198E-03  -3.702     .354E-07  -7.451     .155E-03  -3.809
  .355E+03   2.550     .1735     .114E-03  -3.942     .204E-07  -7.691     .114E-03  -3.942
  .422E+03   2.625     .1630     .656E-04  -4.183     .117E-07  -7.932     .842E-04  -4.075
  .501E+03   2.700     .1533     .375E-04  -4.426     .669E-08  -8.174     .620E-04  -4.207
  .596E+03   2.775     .1443     .214E-04  -4.669     .382E-08  -8.418     .457E-04  -4.340
  .708E+03   2.850     .1361     .122E-04  -4.914     .217E-08  -8.663     .336E-04  -4.474
  .841E+03   2.925     .1285     .693E-05  -5.159     .124E-08  -8.908     .247E-04  -4.607
  .100E+04   3.000     .1215     .394E-05  -5.405     .702E-09  -9.154     .182E-04  -4.740
  .119E+04   3.075     .1151     .223E-05  -5.651     .398E-09  -9.400     .134E-04  -4.873
  .141E+04   3.150     .1093     .127E-05  -5.898     .226E-09  -9.646     .984E-05  -5.007
  .168E+04   3.225     .1039     .717E-06  -6.144     .128E-09  -9.893     .724E-05  -5.140
  .200E+04   3.300     .0990     .406E-06  -6.391     .725E-10 -10.140     .533E-05  -5.274
  .237E+04   3.375     .0946     .230E-06  -6.638     .410E-10 -10.387     .392E-05  -5.407
  .282E+04   3.450     .0904     .130E-06  -6.885     .232E-10 -10.634     .288E-05  -5.540
  .335E+04   3.525     .0867     .737E-07  -7.132     .131E-10 -10.881     .212E-05  -5.674
  .398E+04   3.600     .0833     .417E-07  -7.380     .744E-11 -11.128     .156E-05  -5.807
  .473E+04   3.675     .0801     .236E-07  -7.627     .421E-11 -11.376     .115E-05  -5.941
  .562E+04   3.750     .0772     .134E-07  -7.874     .238E-11 -11.623     .843E-06  -6.074
  .668E+04   3.825     .0746     .756E-08  -8.122     .135E-11 -11.870     .620E-06  -6.208
  .794E+04   3.900     .0722     .428E-08  -8.369     .763E-12 -12.118     .456E-06  -6.341
  .944E+04   3.975     .0700     .242E-08  -8.616     .431E-12 -12.365     .335E-06  -6.475
  .112E+05   4.050     .0680     .137E-08  -8.864     .244E-12 -12.613     .246E-06  -6.608
  .133E+05   4.125     .0662     .774E-09  -9.111     .138E-12 -12.860     .181E-06  -6.742
  .158E+05   4.200     .0645     .438E-09  -9.359     .781E-13 -13.107     .133E-06  -6.875
  .188E+05   4.275     .0630     .248E-09  -9.606     .442E-13 -13.355     .980E-07  -7.009
  .224E+05   4.350     .0616     .140E-09  -9.854     .250E-13 -13.602     .721E-07  -7.142
  .266E+05   4.425     .0603     .792E-10 -10.101     .141E-13 -13.850     .530E-07  -7.276
  .316E+05   4.500     .0591     .448E-10 -10.348     .799E-14 -14.097     .390E-07  -7.409
  .376E+05   4.575     .0581     .254E-10 -10.596     .452E-14 -14.345     .287E-07  -7.542
  .447E+05   4.650     .0571     .143E-10 -10.843     .256E-14 -14.592     .211E-07  -7.676
  .531E+05   4.725     .0562     .811E-11 -11.091     .145E-14 -14.840     .155E-07  -7.809
  .631E+05   4.800     .0554     .459E-11 -11.338     .818E-15 -15.087     .114E-07  -7.943
  .750E+05   4.875     .0546     .260E-11 -11.586     .463E-15 -15.334     .839E-08  -8.076
  .891E+05   4.950     .0539     .147E-11 -11.833     .262E-15 -15.582     .617E-08  -8.210
  .106E+06   5.025     .0533     .831E-12 -12.081     .148E-15 -15.829     .454E-08  -8.343
  .126E+06   5.100     .0527     .470E-12 -12.328     .838E-16 -16.077     .334E-08  -8.477
  .150E+06   5.175     .0522     .266E-12 -12.576     .474E-16 -16.324     .245E-08  -8.610
  .178E+06   5.250     .0517     .150E-12 -12.823     .268E-16 -16.572     .180E-08  -8.744
  .211E+06   5.325     .0513     .850E-13 -13.070     .152E-16 -16.819     .133E-08  -8.877
  .251E+06   5.400     .0509     .481E-13 -13.318     .858E-17 -17.067     .976E-09  -9.011
  .298E+06   5.475     .0505     .272E-13 -13.565     .485E-17 -17.314     .718E-09  -9.144
  .355E+06   5.550     .0502     .154E-13 -13.813     .274E-17 -17.562     .528E-09  -9.278
  .422E+06   5.625     .0499     .870E-14 -14.060     .155E-17 -17.809     .388E-09  -9.411
  .501E+06   5.700     .0496     .492E-14 -14.308     .878E-18 -18.057     .285E-09  -9.545
 
 Real time [sec]      74.000000000000000
