 ******* Program HYDRUS
 ******* Upward infiltration with bottom tension                                
  
 Date:  15. 7.    Time:  10:27:29
 Units: L = cm   , T = sec  , M = mmol 
 
 CosAlf,MaxIt,TolTh,  TolH
 1.000   20    .000  .10000
 
 TopInF,BotInF,AtmBC,SinkF,WLayer,qGWLF,FreeD,SeepF,lWat,lChem,lTemp,lRoot,lWDep
 
     F     F     F     F     F     F     F     F     T     F     F     F     F

Nodal point information

node      x         hOld    MatN LayN  Beta      Ah       AK      ATh     Temp    Conc(1...NS)         Sorb(1...NS)

   1       .000   -750.000    1    1    .000    1.000    1.000    1.000
   2      -.246   -750.000    1    1    .000    1.000    1.000    1.000
   3      -.486   -750.000    1    1    .000    1.000    1.000    1.000
   4      -.720   -750.000    1    1    .000    1.000    1.000    1.000
   5      -.948   -750.000    1    1    .000    1.000    1.000    1.000
   6     -1.170   -750.000    1    1    .000    1.000    1.000    1.000
   7     -1.386   -750.000    1    1    .000    1.000    1.000    1.000
   8     -1.596   -750.000    1    1    .000    1.000    1.000    1.000
   9     -1.800   -750.000    1    1    .000    1.000    1.000    1.000
  10     -2.003   -750.000    1    1    .000    1.000    1.000    1.000
  11     -2.202   -750.000    1    1    .000    1.000    1.000    1.000
  12     -2.396   -750.000    1    1    .000    1.000    1.000    1.000
  13     -2.587   -750.000    1    1    .000    1.000    1.000    1.000
  14     -2.773   -750.000    1    1    .000    1.000    1.000    1.000
  15     -2.954   -750.000    1    1    .000    1.000    1.000    1.000
  16     -3.132   -750.000    1    1    .000    1.000    1.000    1.000
  17     -3.305   -750.000    1    1    .000    1.000    1.000    1.000
  18     -3.474   -750.000    1    1    .000    1.000    1.000    1.000
  19     -3.639   -750.000    1    1    .000    1.000    1.000    1.000
  20     -3.800   -750.000    1    1    .000    1.000    1.000    1.000
  21     -3.977   -750.000    1    1    .000    1.000    1.000    1.000
  22     -4.150   -750.000    1    1    .000    1.000    1.000    1.000
  23     -4.319   -750.000    1    1    .000    1.000    1.000    1.000
  24     -4.483   -750.000    1    1    .000    1.000    1.000    1.000
  25     -4.644   -750.000    1    1    .000    1.000    1.000    1.000
  26     -4.800   -750.000    1    1    .000    1.000    1.000    1.000
  27     -4.948   -750.000    1    1    .000    1.000    1.000    1.000
  28     -5.093   -750.000    1    1    .000    1.000    1.000    1.000
  29     -5.236   -750.000    1    1    .000    1.000    1.000    1.000
  30     -5.376   -750.000    1    1    .000    1.000    1.000    1.000
  31     -5.513   -750.000    1    1    .000    1.000    1.000    1.000
  32     -5.647   -750.000    1    1    .000    1.000    1.000    1.000
  33     -5.779   -750.000    1    1    .000    1.000    1.000    1.000
  34     -5.908   -750.000    1    1    .000    1.000    1.000    1.000
  35     -6.034   -750.000    1    1    .000    1.000    1.000    1.000
  36     -6.158   -750.000    1    1    .000    1.000    1.000    1.000
  37     -6.278   -750.000    1    1    .000    1.000    1.000    1.000
  38     -6.396   -750.000    1    1    .000    1.000    1.000    1.000
  39     -6.512   -750.000    1    1    .000    1.000    1.000    1.000
  40     -6.624   -750.000    1    1    .000    1.000    1.000    1.000
  41     -6.734   -750.000    1    1    .000    1.000    1.000    1.000
  42     -6.841   -750.000    1    1    .000    1.000    1.000    1.000
  43     -6.946   -750.000    1    1    .000    1.000    1.000    1.000
  44     -7.047   -750.000    1    1    .000    1.000    1.000    1.000
  45     -7.146   -750.000    1    1    .000    1.000    1.000    1.000
  46     -7.242   -750.000    1    1    .000    1.000    1.000    1.000
  47     -7.336   -750.000    1    1    .000    1.000    1.000    1.000
  48     -7.427   -750.000    1    1    .000    1.000    1.000    1.000
  49     -7.515   -750.000    1    1    .000    1.000    1.000    1.000
  50     -7.600     -1.000    1    1    .000    1.000    1.000    1.000
end

 Number of species in the chain :   0


MatNum, Param. array:

   Mat     Qr     Qs        Alfa         n          Ks      l

    1     .047   .426    .226E-01    .152E+01    .178E-03   .533

       Table of Hydraulic Properties which are interpolated in simulation
       =================================================================

  theta         h        log h        C             K        log K          S
   .4263   -.100E-05  -.6000E+01   .4716E-06   .1783E-03  -.3749E+01    1.0000
   .4263   -.126E-05  -.5899E+01   .5323E-06   .1783E-03  -.3749E+01    1.0000
   .4263   -.159E-05  -.5798E+01   .6007E-06   .1783E-03  -.3749E+01    1.0000
   .4263   -.201E-05  -.5697E+01   .6779E-06   .1783E-03  -.3749E+01    1.0000
   .4263   -.254E-05  -.5596E+01   .7650E-06   .1783E-03  -.3749E+01    1.0000
   .4263   -.320E-05  -.5495E+01   .8634E-06   .1783E-03  -.3749E+01    1.0000
   .4263   -.404E-05  -.5394E+01   .9744E-06   .1783E-03  -.3749E+01    1.0000
   .4263   -.509E-05  -.5293E+01   .1100E-05   .1783E-03  -.3749E+01    1.0000
   .4263   -.643E-05  -.5192E+01   .1241E-05   .1783E-03  -.3749E+01    1.0000
   .4263   -.811E-05  -.5091E+01   .1400E-05   .1783E-03  -.3749E+01    1.0000
   .4263   -.102E-04  -.4990E+01   .1580E-05   .1782E-03  -.3749E+01    1.0000
   .4263   -.129E-04  -.4889E+01   .1784E-05   .1782E-03  -.3749E+01    1.0000
   .4263   -.163E-04  -.4788E+01   .2013E-05   .1782E-03  -.3749E+01    1.0000
   .4263   -.206E-04  -.4687E+01   .2272E-05   .1782E-03  -.3749E+01    1.0000
   .4263   -.260E-04  -.4586E+01   .2564E-05   .1782E-03  -.3749E+01    1.0000
   .4263   -.327E-04  -.4485E+01   .2893E-05   .1781E-03  -.3749E+01    1.0000
   .4263   -.413E-04  -.4384E+01   .3265E-05   .1781E-03  -.3749E+01    1.0000
   .4263   -.521E-04  -.4283E+01   .3685E-05   .1781E-03  -.3749E+01    1.0000
   .4263   -.658E-04  -.4182E+01   .4158E-05   .1780E-03  -.3749E+01    1.0000
   .4263   -.830E-04  -.4081E+01   .4693E-05   .1780E-03  -.3750E+01    1.0000
   .4263   -.105E-03  -.3980E+01   .5296E-05   .1780E-03  -.3750E+01    1.0000
   .4263   -.132E-03  -.3879E+01   .5977E-05   .1779E-03  -.3750E+01    1.0000
   .4263   -.167E-03  -.3778E+01   .6745E-05   .1778E-03  -.3750E+01    1.0000
   .4263   -.210E-03  -.3677E+01   .7612E-05   .1778E-03  -.3750E+01    1.0000
   .4263   -.266E-03  -.3576E+01   .8591E-05   .1777E-03  -.3750E+01    1.0000
   .4263   -.335E-03  -.3475E+01   .9695E-05   .1776E-03  -.3751E+01    1.0000
   .4263   -.423E-03  -.3374E+01   .1094E-04   .1775E-03  -.3751E+01    1.0000
   .4263   -.534E-03  -.3273E+01   .1235E-04   .1774E-03  -.3751E+01    1.0000
   .4263   -.673E-03  -.3172E+01   .1394E-04   .1773E-03  -.3751E+01    1.0000
   .4263   -.850E-03  -.3071E+01   .1573E-04   .1771E-03  -.3752E+01    1.0000
   .4263   -.107E-02  -.2970E+01   .1775E-04   .1770E-03  -.3752E+01    1.0000
   .4263   -.135E-02  -.2869E+01   .2003E-04   .1768E-03  -.3753E+01    1.0000
   .4263   -.171E-02  -.2768E+01   .2260E-04   .1766E-03  -.3753E+01    1.0000
   .4263   -.215E-02  -.2667E+01   .2551E-04   .1763E-03  -.3754E+01    1.0000
   .4263   -.272E-02  -.2566E+01   .2879E-04   .1761E-03  -.3754E+01    1.0000
   .4263   -.343E-02  -.2465E+01   .3249E-04   .1758E-03  -.3755E+01    1.0000
   .4263   -.433E-02  -.2364E+01   .3667E-04   .1755E-03  -.3756E+01    1.0000
   .4263   -.546E-02  -.2263E+01   .4138E-04   .1751E-03  -.3757E+01    1.0000
   .4263   -.689E-02  -.2162E+01   .4670E-04   .1747E-03  -.3758E+01    1.0000
   .4263   -.870E-02  -.2061E+01   .5270E-04   .1742E-03  -.3759E+01    1.0000
   .4263   -.110E-01  -.1960E+01   .5947E-04   .1736E-03  -.3760E+01    1.0000
   .4263   -.138E-01  -.1859E+01   .6712E-04   .1730E-03  -.3762E+01    1.0000
   .4263   -.175E-01  -.1758E+01   .7575E-04   .1724E-03  -.3764E+01    1.0000
   .4263   -.221E-01  -.1657E+01   .8548E-04   .1716E-03  -.3765E+01    1.0000
   .4263   -.278E-01  -.1556E+01   .9647E-04   .1707E-03  -.3768E+01    1.0000
   .4263   -.351E-01  -.1455E+01   .1089E-03   .1698E-03  -.3770E+01    1.0000
   .4263   -.443E-01  -.1354E+01   .1229E-03   .1687E-03  -.3773E+01    1.0000
   .4263   -.559E-01  -.1253E+01   .1387E-03   .1674E-03  -.3776E+01    1.0000
   .4263   -.705E-01  -.1152E+01   .1565E-03   .1661E-03  -.3780E+01    1.0000
   .4263   -.890E-01  -.1051E+01   .1766E-03   .1645E-03  -.3784E+01    1.0000
   .4263   -.112E+00  -.9495E+00   .1993E-03   .1628E-03  -.3788E+01    1.0000
   .4263   -.142E+00  -.8485E+00   .2249E-03   .1608E-03  -.3794E+01     .9999
   .4263   -.179E+00  -.7475E+00   .2538E-03   .1586E-03  -.3800E+01     .9999
   .4263   -.226E+00  -.6465E+00   .2863E-03   .1562E-03  -.3806E+01     .9999
   .4262   -.285E+00  -.5455E+00   .3231E-03   .1534E-03  -.3814E+01     .9998
   .4262   -.359E+00  -.4444E+00   .3645E-03   .1504E-03  -.3823E+01     .9998
   .4262   -.453E+00  -.3434E+00   .4112E-03   .1469E-03  -.3833E+01     .9997
   .4261   -.572E+00  -.2424E+00   .4638E-03   .1431E-03  -.3844E+01     .9995
   .4260   -.722E+00  -.1414E+00   .5230E-03   .1389E-03  -.3857E+01     .9993
   .4259   -.911E+00  -.4040E-01   .5896E-03   .1341E-03  -.3872E+01     .9991
   .4258   -.115E+01   .6061E-01   .6644E-03   .1289E-03  -.3890E+01     .9987
   .4256   -.145E+01   .1616E+00   .7482E-03   .1231E-03  -.3910E+01     .9981
   .4253   -.183E+01   .2626E+00   .8417E-03   .1168E-03  -.3933E+01     .9973
   .4248   -.231E+01   .3636E+00   .9457E-03   .1098E-03  -.3959E+01     .9962
   .4242   -.292E+01   .4646E+00   .1061E-02   .1023E-03  -.3990E+01     .9946
   .4234   -.368E+01   .5657E+00   .1186E-02   .9410E-04  -.4026E+01     .9923
   .4222   -.464E+01   .6667E+00   .1322E-02   .8537E-04  -.4069E+01     .9891
   .4205   -.586E+01   .7677E+00   .1466E-02   .7614E-04  -.4118E+01     .9847
   .4181   -.739E+01   .8687E+00   .1613E-02   .6653E-04  -.4177E+01     .9784
   .4148   -.933E+01   .9697E+00   .1759E-02   .5672E-04  -.4246E+01     .9698
   .4104   -.118E+02   .1071E+01   .1892E-02   .4696E-04  -.4328E+01     .9581
   .4044   -.148E+02   .1172E+01   .2000E-02   .3754E-04  -.4425E+01     .9422
   .3964   -.187E+02   .1273E+01   .2067E-02   .2882E-04  -.4540E+01     .9213
   .3862   -.236E+02   .1374E+01   .2077E-02   .2112E-04  -.4675E+01     .8945
   .3735   -.298E+02   .1475E+01   .2018E-02   .1470E-04  -.4833E+01     .8610
   .3582   -.376E+02   .1576E+01   .1888E-02   .9687E-05  -.5014E+01     .8208
   .3406   -.475E+02   .1677E+01   .1694E-02   .6036E-05  -.5219E+01     .7742
   .3210   -.599E+02   .1778E+01   .1459E-02   .3562E-05  -.5448E+01     .7226
   .3001   -.756E+02   .1879E+01   .1207E-02   .2000E-05  -.5699E+01     .6677
   .2788   -.955E+02   .1980E+01   .9642E-03   .1075E-05  -.5969E+01     .6114
   .2575   -.120E+03   .2081E+01   .7470E-03   .5572E-06  -.6254E+01     .5555
   .2371   -.152E+03   .2182E+01   .5647E-03   .2805E-06  -.6552E+01     .5015
   .2177   -.192E+03   .2283E+01   .4186E-03   .1380E-06  -.6860E+01     .4506
   .1998   -.242E+03   .2384E+01   .3058E-03   .6676E-07  -.7175E+01     .4033
   .1833   -.305E+03   .2485E+01   .2209E-03   .3188E-07  -.7496E+01     .3600
   .1684   -.385E+03   .2586E+01   .1583E-03   .1509E-07  -.7821E+01     .3206
   .1549   -.486E+03   .2687E+01   .1128E-03   .7091E-08  -.8149E+01     .2852
   .1428   -.614E+03   .2788E+01   .8002E-04   .3317E-08  -.8479E+01     .2533
   .1320   -.774E+03   .2889E+01   .5660E-04   .1546E-08  -.8811E+01     .2249
   .1224   -.977E+03   .2990E+01   .3995E-04   .7191E-09  -.9143E+01     .1995
   .1139   -.123E+04   .3091E+01   .2815E-04   .3338E-09  -.9476E+01     .1770
   .1062   -.156E+04   .3192E+01   .1982E-04   .1548E-09  -.9810E+01     .1569
   .0995   -.196E+04   .3293E+01   .1394E-04   .7171E-10  -.1014E+02     .1391
   .0935   -.248E+04   .3394E+01   .9803E-05   .3320E-10  -.1048E+02     .1233
   .0882   -.313E+04   .3495E+01   .6890E-05   .1537E-10  -.1081E+02     .1093
   .0834   -.394E+04   .3596E+01   .4841E-05   .7110E-11  -.1115E+02     .0969
   .0793   -.498E+04   .3697E+01   .3401E-05   .3289E-11  -.1148E+02     .0858
   .0755   -.628E+04   .3798E+01   .2389E-05   .1521E-11  -.1182E+02     .0761
   .0723   -.792E+04   .3899E+01   .1678E-05   .7034E-12  -.1215E+02     .0674
   .0693   -.100E+05   .4000E+01   .1179E-05   .3253E-12  -.1249E+02     .0597
end
