 ******* Program HYDRUS
 ******* Upward infiltration with bottom tension                                
  
 Date:  15. 7.    Time:  10:27:29
 Units: L = cm   , T = sec  , M = mmol 


 Time:      .000000

 Node    Depth      Head Moisture       K          C         Flux        Sink         Kappa   v/KsTop   Temp
         [L]       [L]     [-]        [L/T]      [1/L]      [L/T]        [1/T]         [-]      [-]      [C]

   1      .00    -750.00   .134      .181E-08    .601E-04   -.181E-08    .000E+00      -1        .000     .00
   2     -.25    -750.00   .134      .181E-08    .601E-04   -.181E-08    .000E+00      -1        .000     .00
   3     -.49    -750.00   .134      .181E-08    .601E-04   -.181E-08    .000E+00      -1        .000     .00
   4     -.72    -750.00   .134      .181E-08    .601E-04   -.181E-08    .000E+00      -1        .000     .00
   5     -.95    -750.00   .134      .181E-08    .601E-04   -.181E-08    .000E+00      -1        .000     .00
   6    -1.17    -750.00   .134      .181E-08    .601E-04   -.181E-08    .000E+00      -1        .000     .00
   7    -1.39    -750.00   .134      .181E-08    .601E-04   -.181E-08    .000E+00      -1        .000     .00
   8    -1.60    -750.00   .134      .181E-08    .601E-04   -.181E-08    .000E+00      -1        .000     .00
   9    -1.80    -750.00   .134      .181E-08    .601E-04   -.181E-08    .000E+00      -1        .000     .00
  10    -2.00    -750.00   .134      .181E-08    .601E-04   -.181E-08    .000E+00      -1        .000     .00
  11    -2.20    -750.00   .134      .181E-08    .601E-04   -.181E-08    .000E+00      -1        .000     .00
  12    -2.40    -750.00   .134      .181E-08    .601E-04   -.181E-08    .000E+00      -1        .000     .00
  13    -2.59    -750.00   .134      .181E-08    .601E-04   -.181E-08    .000E+00      -1        .000     .00
  14    -2.77    -750.00   .134      .181E-08    .601E-04   -.181E-08    .000E+00      -1        .000     .00
  15    -2.95    -750.00   .134      .181E-08    .601E-04   -.181E-08    .000E+00      -1        .000     .00
  16    -3.13    -750.00   .134      .181E-08    .601E-04   -.181E-08    .000E+00      -1        .000     .00
  17    -3.31    -750.00   .134      .181E-08    .601E-04   -.181E-08    .000E+00      -1        .000     .00
  18    -3.47    -750.00   .134      .181E-08    .601E-04   -.181E-08    .000E+00      -1        .000     .00
  19    -3.64    -750.00   .134      .181E-08    .601E-04   -.181E-08    .000E+00      -1        .000     .00
  20    -3.80    -750.00   .134      .181E-08    .601E-04   -.181E-08    .000E+00      -1        .000     .00
  21    -3.98    -750.00   .134      .181E-08    .601E-04   -.181E-08    .000E+00      -1        .000     .00
  22    -4.15    -750.00   .134      .181E-08    .601E-04   -.181E-08    .000E+00      -1        .000     .00
  23    -4.32    -750.00   .134      .181E-08    .601E-04   -.181E-08    .000E+00      -1        .000     .00
  24    -4.48    -750.00   .134      .181E-08    .601E-04   -.181E-08    .000E+00      -1        .000     .00
  25    -4.64    -750.00   .134      .181E-08    .601E-04   -.181E-08    .000E+00      -1        .000     .00
  26    -4.80    -750.00   .134      .181E-08    .601E-04   -.181E-08    .000E+00      -1        .000     .00
  27    -4.95    -750.00   .134      .181E-08    .601E-04   -.181E-08    .000E+00      -1        .000     .00
  28    -5.09    -750.00   .134      .181E-08    .601E-04   -.181E-08    .000E+00      -1        .000     .00
  29    -5.24    -750.00   .134      .181E-08    .601E-04   -.181E-08    .000E+00      -1        .000     .00
  30    -5.38    -750.00   .134      .181E-08    .601E-04   -.181E-08    .000E+00      -1        .000     .00
  31    -5.51    -750.00   .134      .181E-08    .601E-04   -.181E-08    .000E+00      -1        .000     .00
  32    -5.65    -750.00   .134      .181E-08    .601E-04   -.181E-08    .000E+00      -1        .000     .00
  33    -5.78    -750.00   .134      .181E-08    .601E-04   -.181E-08    .000E+00      -1        .000     .00
  34    -5.91    -750.00   .134      .181E-08    .601E-04   -.181E-08    .000E+00      -1        .000     .00
  35    -6.03    -750.00   .134      .181E-08    .601E-04   -.181E-08    .000E+00      -1        .000     .00
  36    -6.16    -750.00   .134      .181E-08    .601E-04   -.181E-08    .000E+00      -1        .000     .00
  37    -6.28    -750.00   .134      .181E-08    .601E-04   -.181E-08    .000E+00      -1        .000     .00
  38    -6.40    -750.00   .134      .181E-08    .601E-04   -.181E-08    .000E+00      -1        .000     .00
  39    -6.51    -750.00   .134      .181E-08    .601E-04   -.181E-08    .000E+00      -1        .000     .00
  40    -6.62    -750.00   .134      .181E-08    .601E-04   -.181E-08    .000E+00      -1        .000     .00
  41    -6.73    -750.00   .134      .181E-08    .601E-04   -.181E-08    .000E+00      -1        .000     .00
  42    -6.84    -750.00   .134      .181E-08    .601E-04   -.181E-08    .000E+00      -1        .000     .00
  43    -6.95    -750.00   .134      .181E-08    .601E-04   -.181E-08    .000E+00      -1        .000     .00
  44    -7.05    -750.00   .134      .181E-08    .601E-04   -.181E-08    .000E+00      -1        .000     .00
  45    -7.15    -750.00   .134      .181E-08    .601E-04   -.181E-08    .000E+00      -1        .000     .00
  46    -7.24    -750.00   .134      .181E-08    .601E-04   -.181E-08    .000E+00      -1        .000     .00
  47    -7.34    -750.00   .134      .181E-08    .601E-04   -.181E-08    .000E+00      -1        .000     .00
  48    -7.43    -750.00   .134      .181E-08    .601E-04   -.181E-08    .000E+00      -1        .000     .00
  49    -7.51    -750.00   .134      .181E-08    .601E-04    .286E+00    .000E+00      -1    1600.980     .00
  50    -7.60      -1.00   .426      .132E-03    .617E-03    .580E+00    .000E+00      -1    3253.143     .00
end


 Time:   720.000000

 Node    Depth      Head Moisture       K          C         Flux        Sink         Kappa   v/KsTop   Temp
         [L]       [L]     [-]        [L/T]      [1/L]      [L/T]        [1/T]         [-]      [-]      [C]

   1      .00    -750.12   .134      .181E-08    .601E-04   -.105E-08    .000E+00      -1        .000     .00
   2     -.25    -750.01   .134      .181E-08    .601E-04   -.137E-08    .000E+00      -1        .000     .00
   3     -.49    -750.00   .134      .181E-08    .601E-04   -.176E-08    .000E+00      -1        .000     .00
   4     -.72    -750.00   .134      .181E-08    .601E-04   -.181E-08    .000E+00      -1        .000     .00
   5     -.95    -750.00   .134      .181E-08    .601E-04   -.181E-08    .000E+00      -1        .000     .00
   6    -1.17    -750.00   .134      .181E-08    .601E-04   -.181E-08    .000E+00      -1        .000     .00
   7    -1.39    -750.00   .134      .181E-08    .601E-04   -.181E-08    .000E+00      -1        .000     .00
   8    -1.60    -750.00   .134      .181E-08    .601E-04   -.181E-08    .000E+00      -1        .000     .00
   9    -1.80    -750.00   .134      .181E-08    .601E-04   -.181E-08    .000E+00      -1        .000     .00
  10    -2.00    -750.00   .134      .181E-08    .601E-04   -.181E-08    .000E+00      -1        .000     .00
  11    -2.20    -750.00   .134      .181E-08    .601E-04   -.181E-08    .000E+00      -1        .000     .00
  12    -2.40    -750.00   .134      .181E-08    .601E-04   -.181E-08    .000E+00      -1        .000     .00
  13    -2.59    -750.00   .134      .181E-08    .601E-04   -.181E-08    .000E+00      -1        .000     .00
  14    -2.77    -750.00   .134      .181E-08    .601E-04   -.181E-08    .000E+00      -1        .000     .00
  15    -2.95    -750.00   .134      .181E-08    .601E-04   -.181E-08    .000E+00      -1        .000     .00
  16    -3.13    -750.00   .134      .181E-08    .601E-04   -.181E-08    .000E+00      -1        .000     .00
  17    -3.31    -750.00   .134      .181E-08    .601E-04   -.181E-08    .000E+00      -1        .000     .00
  18    -3.47    -750.00   .134      .181E-08    .601E-04   -.180E-08    .000E+00      -1        .000     .00
  19    -3.64    -750.00   .134      .181E-08    .601E-04   -.123E-08    .000E+00      -1        .000     .00
  20    -3.80    -749.90   .134      .181E-08    .602E-04    .254E-07    .000E+00      -1        .000     .00
  21    -3.98    -745.01   .134      .187E-08    .609E-04    .122E-05    .000E+00      -1        .007     .00
  22    -4.15    -597.15   .144      .380E-08    .842E-04    .313E-04    .000E+00      -1        .175     .00
  23    -4.32    -259.56   .195      .571E-07    .282E-03    .126E-03    .000E+00      -1        .709     .00
  24    -4.48    -132.96   .249      .447E-06    .675E-03    .245E-03    .000E+00      -1       1.373     .00
  25    -4.64     -85.16   .290      .156E-05    .109E-02    .330E-03    .000E+00      -1       1.851     .00
  26    -4.80     -61.90   .318      .337E-05    .143E-02    .385E-03    .000E+00      -1       2.156     .00
  27    -4.95     -48.64   .339      .581E-05    .167E-02    .422E-03    .000E+00      -1       2.366     .00
  28    -5.09     -39.83   .354      .888E-05    .184E-02    .450E-03    .000E+00      -1       2.522     .00
  29    -5.24     -33.49   .366      .124E-04    .196E-02    .471E-03    .000E+00      -1       2.641     .00
  30    -5.38     -28.61   .376      .160E-04    .203E-02    .487E-03    .000E+00      -1       2.730     .00
  31    -5.51     -24.71   .384      .200E-04    .207E-02    .499E-03    .000E+00      -1       2.796     .00
  32    -5.65     -21.53   .391      .244E-04    .207E-02    .508E-03    .000E+00      -1       2.846     .00
  33    -5.78     -18.86   .396      .286E-04    .207E-02    .514E-03    .000E+00      -1       2.884     .00
  34    -5.91     -16.59   .401      .336E-04    .203E-02    .520E-03    .000E+00      -1       2.915     .00
  35    -6.03     -14.63   .405      .382E-04    .199E-02    .524E-03    .000E+00      -1       2.938     .00
  36    -6.16     -12.91   .408      .435E-04    .193E-02    .527E-03    .000E+00      -1       2.957     .00
  37    -6.28     -11.40   .411      .484E-04    .187E-02    .530E-03    .000E+00      -1       2.971     .00
  38    -6.40     -10.06   .414      .538E-04    .180E-02    .532E-03    .000E+00      -1       2.982     .00
  39    -6.51      -8.85   .416      .591E-04    .172E-02    .533E-03    .000E+00      -1       2.990     .00
  40    -6.62      -7.77   .417      .646E-04    .164E-02    .535E-03    .000E+00      -1       2.997     .00
  41    -6.73      -6.79   .419      .703E-04    .156E-02    .536E-03    .000E+00      -1       3.002     .00
  42    -6.84      -5.90   .420      .759E-04    .147E-02    .536E-03    .000E+00      -1       3.006     .00
  43    -6.95      -5.08   .422      .820E-04    .137E-02    .537E-03    .000E+00      -1       3.009     .00
  44    -7.05      -4.34   .423      .881E-04    .128E-02    .537E-03    .000E+00      -1       3.011     .00
  45    -7.15      -3.66   .423      .943E-04    .118E-02    .537E-03    .000E+00      -1       3.012     .00
  46    -7.24      -3.03   .424      .101E-03    .108E-02    .538E-03    .000E+00      -1       3.013     .00
  47    -7.34      -2.46   .425      .108E-03    .974E-03    .538E-03    .000E+00      -1       3.014     .00
  48    -7.43      -1.93   .425      .115E-03    .863E-03    .538E-03    .000E+00      -1       3.014     .00
  49    -7.51      -1.44   .426      .123E-03    .746E-03    .538E-03    .000E+00      -1       3.015     .00
  50    -7.60      -1.00   .426      .132E-03    .617E-03    .538E-03    .000E+00      -1       3.015     .00
end


 Time:  1440.000000

 Node    Depth      Head Moisture       K          C         Flux        Sink         Kappa   v/KsTop   Temp
         [L]       [L]     [-]        [L/T]      [1/L]      [L/T]        [1/T]         [-]      [-]      [C]

   1      .00    -750.19   .134      .181E-08    .601E-04   -.737E-09    .000E+00      -1        .000     .00
   2     -.25    -750.05   .134      .181E-08    .601E-04   -.112E-08    .000E+00      -1        .000     .00
   3     -.49    -750.01   .134      .181E-08    .601E-04   -.163E-08    .000E+00      -1        .000     .00
   4     -.72    -750.00   .134      .181E-08    .601E-04   -.178E-08    .000E+00      -1        .000     .00
   5     -.95    -750.00   .134      .181E-08    .601E-04   -.181E-08    .000E+00      -1        .000     .00
   6    -1.17    -750.00   .134      .181E-08    .601E-04   -.181E-08    .000E+00      -1        .000     .00
   7    -1.39    -750.00   .134      .181E-08    .601E-04   -.181E-08    .000E+00      -1        .000     .00
   8    -1.60    -750.00   .134      .181E-08    .601E-04   -.181E-08    .000E+00      -1        .000     .00
   9    -1.80    -750.00   .134      .181E-08    .601E-04   -.181E-08    .000E+00      -1        .000     .00
  10    -2.00    -750.00   .134      .181E-08    .601E-04   -.181E-08    .000E+00      -1        .000     .00
  11    -2.20    -750.00   .134      .181E-08    .601E-04   -.152E-08    .000E+00      -1        .000     .00
  12    -2.40    -749.94   .134      .181E-08    .601E-04    .855E-08    .000E+00      -1        .000     .00
  13    -2.59    -747.81   .134      .184E-08    .605E-04    .340E-06    .000E+00      -1        .002     .00
  14    -2.77    -689.86   .138      .248E-08    .689E-04    .837E-05    .000E+00      -1        .047     .00
  15    -2.95    -378.38   .170      .165E-07    .164E-03    .515E-04    .000E+00      -1        .289     .00
  16    -3.13    -189.05   .219      .148E-06    .429E-03    .122E-03    .000E+00      -1        .683     .00
  17    -3.31    -117.62   .260      .616E-06    .772E-03    .183E-03    .000E+00      -1       1.026     .00
  18    -3.47     -84.95   .290      .157E-05    .109E-02    .228E-03    .000E+00      -1       1.280     .00
  19    -3.64     -66.55   .312      .291E-05    .135E-02    .260E-03    .000E+00      -1       1.459     .00
  20    -3.80     -54.69   .329      .461E-05    .156E-02    .284E-03    .000E+00      -1       1.595     .00
  21    -3.98     -45.40   .344      .682E-05    .174E-02    .302E-03    .000E+00      -1       1.694     .00
  22    -4.15     -38.59   .357      .934E-05    .187E-02    .316E-03    .000E+00      -1       1.770     .00
  23    -4.32     -33.43   .367      .124E-04    .196E-02    .326E-03    .000E+00      -1       1.829     .00
  24    -4.48     -29.32   .375      .152E-04    .202E-02    .335E-03    .000E+00      -1       1.877     .00
  25    -4.64     -25.96   .381      .187E-04    .206E-02    .342E-03    .000E+00      -1       1.915     .00
  26    -4.80     -23.15   .387      .219E-04    .208E-02    .347E-03    .000E+00      -1       1.945     .00
  27    -4.95     -20.82   .392      .255E-04    .207E-02    .351E-03    .000E+00      -1       1.969     .00
  28    -5.09     -18.79   .396      .287E-04    .207E-02    .355E-03    .000E+00      -1       1.988     .00
  29    -5.24     -16.99   .400      .327E-04    .204E-02    .358E-03    .000E+00      -1       2.004     .00
  30    -5.38     -15.40   .403      .363E-04    .201E-02    .360E-03    .000E+00      -1       2.018     .00
  31    -5.51     -13.97   .406      .402E-04    .197E-02    .362E-03    .000E+00      -1       2.029     .00
  32    -5.65     -12.68   .409      .442E-04    .192E-02    .364E-03    .000E+00      -1       2.038     .00
  33    -5.78     -11.51   .411      .480E-04    .188E-02    .365E-03    .000E+00      -1       2.046     .00
  34    -5.91     -10.44   .413      .523E-04    .182E-02    .366E-03    .000E+00      -1       2.052     .00
  35    -6.03      -9.46   .415      .562E-04    .177E-02    .367E-03    .000E+00      -1       2.057     .00
  36    -6.16      -8.56   .416      .606E-04    .170E-02    .368E-03    .000E+00      -1       2.061     .00
  37    -6.28      -7.73   .418      .648E-04    .164E-02    .368E-03    .000E+00      -1       2.065     .00
  38    -6.40      -6.96   .419      .692E-04    .157E-02    .369E-03    .000E+00      -1       2.067     .00
  39    -6.51      -6.25   .420      .737E-04    .150E-02    .369E-03    .000E+00      -1       2.070     .00
  40    -6.62      -5.59   .421      .782E-04    .143E-02    .369E-03    .000E+00      -1       2.071     .00
  41    -6.73      -4.98   .422      .828E-04    .136E-02    .370E-03    .000E+00      -1       2.073     .00
  42    -6.84      -4.40   .422      .875E-04    .129E-02    .370E-03    .000E+00      -1       2.074     .00
  43    -6.95      -3.87   .423      .924E-04    .121E-02    .370E-03    .000E+00      -1       2.075     .00
  44    -7.05      -3.37   .424      .974E-04    .114E-02    .370E-03    .000E+00      -1       2.075     .00
  45    -7.15      -2.91   .424      .102E-03    .106E-02    .370E-03    .000E+00      -1       2.076     .00
  46    -7.24      -2.47   .425      .108E-03    .976E-03    .370E-03    .000E+00      -1       2.076     .00
  47    -7.34      -2.06   .425      .113E-03    .892E-03    .370E-03    .000E+00      -1       2.076     .00
  48    -7.43      -1.69   .425      .119E-03    .806E-03    .370E-03    .000E+00      -1       2.076     .00
  49    -7.51      -1.33   .426      .125E-03    .715E-03    .370E-03    .000E+00      -1       2.076     .00
  50    -7.60      -1.00   .426      .132E-03    .617E-03    .370E-03    .000E+00      -1       2.076     .00
end


 Time:  2160.000000

 Node    Depth      Head Moisture       K          C         Flux        Sink         Kappa   v/KsTop   Temp
         [L]       [L]     [-]        [L/T]      [1/L]      [L/T]        [1/T]         [-]      [-]      [C]

   1      .00    -750.25   .134      .181E-08    .601E-04   -.578E-09    .000E+00      -1        .000     .00
   2     -.25    -750.08   .134      .181E-08    .601E-04   -.957E-09    .000E+00      -1        .000     .00
   3     -.49    -750.02   .134      .181E-08    .601E-04   -.151E-08    .000E+00      -1        .000     .00
   4     -.72    -750.00   .134      .181E-08    .601E-04   -.173E-08    .000E+00      -1        .000     .00
   5     -.95    -750.00   .134      .181E-08    .601E-04   -.178E-08    .000E+00      -1        .000     .00
   6    -1.17    -750.00   .134      .181E-08    .601E-04   -.118E-08    .000E+00      -1        .000     .00
   7    -1.39    -749.85   .134      .182E-08    .602E-04    .180E-07    .000E+00      -1        .000     .00
   8    -1.60    -745.41   .134      .186E-08    .608E-04    .568E-06    .000E+00      -1        .003     .00
   9    -1.80    -650.04   .140      .292E-08    .747E-04    .109E-04    .000E+00      -1        .061     .00
  10    -2.00    -341.13   .177      .243E-07    .193E-03    .501E-04    .000E+00      -1        .281     .00
  11    -2.20    -181.38   .223      .175E-06    .457E-03    .106E-03    .000E+00      -1        .593     .00
  12    -2.40    -117.17   .260      .626E-06    .776E-03    .150E-03    .000E+00      -1        .843     .00
  13    -2.59     -86.54   .288      .149E-05    .107E-02    .183E-03    .000E+00      -1       1.026     .00
  14    -2.77     -68.79   .309      .268E-05    .132E-02    .207E-03    .000E+00      -1       1.160     .00
  15    -2.95     -57.04   .326      .414E-05    .151E-02    .224E-03    .000E+00      -1       1.257     .00
  16    -3.13     -48.60   .339      .582E-05    .167E-02    .237E-03    .000E+00      -1       1.328     .00
  17    -3.31     -42.33   .350      .795E-05    .180E-02    .247E-03    .000E+00      -1       1.383     .00
  18    -3.47     -37.39   .359      .985E-05    .189E-02    .255E-03    .000E+00      -1       1.429     .00
  19    -3.64     -33.40   .367      .124E-04    .196E-02    .262E-03    .000E+00      -1       1.466     .00
  20    -3.80     -30.08   .373      .145E-04    .201E-02    .267E-03    .000E+00      -1       1.499     .00
  21    -3.98     -26.94   .379      .177E-04    .205E-02    .272E-03    .000E+00      -1       1.526     .00
  22    -4.15     -24.28   .385      .205E-04    .207E-02    .276E-03    .000E+00      -1       1.550     .00
  23    -4.32     -21.99   .390      .237E-04    .207E-02    .280E-03    .000E+00      -1       1.569     .00
  24    -4.48     -19.99   .394      .269E-04    .207E-02    .283E-03    .000E+00      -1       1.586     .00
  25    -4.64     -18.23   .397      .300E-04    .206E-02    .285E-03    .000E+00      -1       1.599     .00
  26    -4.80     -16.66   .401      .335E-04    .203E-02    .287E-03    .000E+00      -1       1.610     .00
  27    -4.95     -15.29   .403      .366E-04    .201E-02    .289E-03    .000E+00      -1       1.619     .00
  28    -5.09     -14.05   .406      .400E-04    .197E-02    .290E-03    .000E+00      -1       1.627     .00
  29    -5.24     -12.91   .408      .435E-04    .193E-02    .291E-03    .000E+00      -1       1.633     .00
  30    -5.38     -11.87   .410      .467E-04    .190E-02    .292E-03    .000E+00      -1       1.638     .00
  31    -5.51     -10.90   .412      .504E-04    .184E-02    .293E-03    .000E+00      -1       1.643     .00
  32    -5.65     -10.01   .414      .540E-04    .180E-02    .294E-03    .000E+00      -1       1.647     .00
  33    -5.78      -9.19   .415      .574E-04    .175E-02    .294E-03    .000E+00      -1       1.650     .00
  34    -5.91      -8.42   .416      .613E-04    .169E-02    .295E-03    .000E+00      -1       1.652     .00
  35    -6.03      -7.70   .418      .650E-04    .164E-02    .295E-03    .000E+00      -1       1.655     .00
  36    -6.16      -7.03   .419      .688E-04    .158E-02    .295E-03    .000E+00      -1       1.656     .00
  37    -6.28      -6.41   .420      .727E-04    .152E-02    .296E-03    .000E+00      -1       1.658     .00
  38    -6.40      -5.82   .421      .764E-04    .146E-02    .296E-03    .000E+00      -1       1.659     .00
  39    -6.51      -5.27   .421      .806E-04    .140E-02    .296E-03    .000E+00      -1       1.660     .00
  40    -6.62      -4.75   .422      .845E-04    .134E-02    .296E-03    .000E+00      -1       1.661     .00
  41    -6.73      -4.27   .423      .888E-04    .127E-02    .296E-03    .000E+00      -1       1.662     .00
  42    -6.84      -3.81   .423      .929E-04    .120E-02    .296E-03    .000E+00      -1       1.662     .00
  43    -6.95      -3.38   .424      .973E-04    .114E-02    .297E-03    .000E+00      -1       1.662     .00
  44    -7.05      -2.98   .424      .102E-03    .107E-02    .297E-03    .000E+00      -1       1.663     .00
  45    -7.15      -2.60   .425      .106E-03    .100E-02    .297E-03    .000E+00      -1       1.663     .00
  46    -7.24      -2.24   .425      .111E-03    .930E-03    .297E-03    .000E+00      -1       1.663     .00
  47    -7.34      -1.90   .425      .116E-03    .856E-03    .297E-03    .000E+00      -1       1.663     .00
  48    -7.43      -1.58   .425      .121E-03    .780E-03    .297E-03    .000E+00      -1       1.663     .00
  49    -7.51      -1.28   .426      .126E-03    .701E-03    .297E-03    .000E+00      -1       1.663     .00
  50    -7.60      -1.00   .426      .132E-03    .617E-03    .297E-03    .000E+00      -1       1.663     .00
end


 Time:  2880.000000

 Node    Depth      Head Moisture       K          C         Flux        Sink         Kappa   v/KsTop   Temp
         [L]       [L]     [-]        [L/T]      [1/L]      [L/T]        [1/T]         [-]      [-]      [C]

   1      .00    -750.30   .134      .181E-08    .601E-04   -.464E-09    .000E+00      -1        .000     .00
   2     -.25    -750.11   .134      .181E-08    .601E-04   -.420E-09    .000E+00      -1        .000     .00
   3     -.49    -749.92   .134      .181E-08    .601E-04    .119E-07    .000E+00      -1        .000     .00
   4     -.72    -746.55   .134      .185E-08    .606E-04    .387E-06    .000E+00      -1        .002     .00
   5     -.95    -670.23   .139      .269E-08    .718E-04    .778E-05    .000E+00      -1        .044     .00
   6    -1.17    -365.69   .172      .192E-07    .174E-03    .381E-04    .000E+00      -1        .214     .00
   7    -1.39    -193.20   .217      .136E-06    .415E-03    .824E-04    .000E+00      -1        .462     .00
   8    -1.60    -125.76   .254      .511E-06    .716E-03    .120E-03    .000E+00      -1        .671     .00
   9    -1.80     -92.91   .282      .119E-05    .995E-03    .149E-03    .000E+00      -1        .834     .00
  10    -2.00     -73.51   .303      .221E-05    .124E-02    .169E-03    .000E+00      -1        .950     .00
  11    -2.20     -60.85   .320      .347E-05    .144E-02    .184E-03    .000E+00      -1       1.033     .00
  12    -2.40     -52.05   .333      .513E-05    .161E-02    .196E-03    .000E+00      -1       1.099     .00
  13    -2.59     -45.43   .344      .681E-05    .173E-02    .206E-03    .000E+00      -1       1.155     .00
  14    -2.77     -40.20   .354      .874E-05    .184E-02    .214E-03    .000E+00      -1       1.199     .00
  15    -2.95     -35.97   .362      .108E-04    .192E-02    .220E-03    .000E+00      -1       1.234     .00
  16    -3.13     -32.46   .368      .130E-04    .197E-02    .225E-03    .000E+00      -1       1.263     .00
  17    -3.31     -29.48   .374      .151E-04    .202E-02    .230E-03    .000E+00      -1       1.287     .00
  18    -3.47     -26.92   .380      .177E-04    .205E-02    .233E-03    .000E+00      -1       1.306     .00
  19    -3.64     -24.71   .384      .200E-04    .207E-02    .236E-03    .000E+00      -1       1.322     .00
  20    -3.80     -22.76   .388      .225E-04    .208E-02    .238E-03    .000E+00      -1       1.336     .00
  21    -3.98     -20.82   .392      .256E-04    .207E-02    .241E-03    .000E+00      -1       1.349     .00
  22    -4.15     -19.09   .396      .283E-04    .207E-02    .242E-03    .000E+00      -1       1.359     .00
  23    -4.32     -17.55   .399      .315E-04    .205E-02    .244E-03    .000E+00      -1       1.369     .00
  24    -4.48     -16.16   .402      .346E-04    .202E-02    .245E-03    .000E+00      -1       1.376     .00
  25    -4.64     -14.91   .404      .374E-04    .200E-02    .247E-03    .000E+00      -1       1.383     .00
  26    -4.80     -13.76   .406      .409E-04    .196E-02    .248E-03    .000E+00      -1       1.388     .00
  27    -4.95     -12.75   .408      .440E-04    .193E-02    .248E-03    .000E+00      -1       1.393     .00
  28    -5.09     -11.81   .410      .468E-04    .189E-02    .249E-03    .000E+00      -1       1.397     .00
  29    -5.24     -10.93   .412      .503E-04    .185E-02    .250E-03    .000E+00      -1       1.400     .00
  30    -5.38     -10.12   .413      .536E-04    .180E-02    .250E-03    .000E+00      -1       1.403     .00
  31    -5.51      -9.36   .415      .566E-04    .176E-02    .251E-03    .000E+00      -1       1.406     .00
  32    -5.65      -8.65   .416      .602E-04    .171E-02    .251E-03    .000E+00      -1       1.408     .00
  33    -5.78      -7.98   .417      .635E-04    .166E-02    .251E-03    .000E+00      -1       1.409     .00
  34    -5.91      -7.35   .418      .668E-04    .161E-02    .252E-03    .000E+00      -1       1.411     .00
  35    -6.03      -6.76   .419      .705E-04    .155E-02    .252E-03    .000E+00      -1       1.412     .00
  36    -6.16      -6.21   .420      .739E-04    .150E-02    .252E-03    .000E+00      -1       1.413     .00
  37    -6.28      -5.69   .421      .774E-04    .145E-02    .252E-03    .000E+00      -1       1.414     .00
  38    -6.40      -5.19   .421      .812E-04    .139E-02    .252E-03    .000E+00      -1       1.415     .00
  39    -6.51      -4.73   .422      .847E-04    .133E-02    .252E-03    .000E+00      -1       1.415     .00
  40    -6.62      -4.29   .423      .886E-04    .127E-02    .253E-03    .000E+00      -1       1.416     .00
  41    -6.73      -3.87   .423      .924E-04    .121E-02    .253E-03    .000E+00      -1       1.416     .00
  42    -6.84      -3.48   .424      .963E-04    .115E-02    .253E-03    .000E+00      -1       1.416     .00
  43    -6.95      -3.10   .424      .100E-03    .109E-02    .253E-03    .000E+00      -1       1.417     .00
  44    -7.05      -2.75   .424      .104E-03    .103E-02    .253E-03    .000E+00      -1       1.417     .00
  45    -7.15      -2.42   .425      .109E-03    .966E-03    .253E-03    .000E+00      -1       1.417     .00
  46    -7.24      -2.10   .425      .113E-03    .900E-03    .253E-03    .000E+00      -1       1.417     .00
  47    -7.34      -1.80   .425      .117E-03    .834E-03    .253E-03    .000E+00      -1       1.417     .00
  48    -7.43      -1.52   .426      .122E-03    .765E-03    .253E-03    .000E+00      -1       1.417     .00
  49    -7.51      -1.25   .426      .127E-03    .693E-03    .253E-03    .000E+00      -1       1.417     .00
  50    -7.60      -1.00   .426      .132E-03    .617E-03    .253E-03    .000E+00      -1       1.417     .00
end


 Time:  3600.000000

 Node    Depth      Head Moisture       K          C         Flux        Sink         Kappa   v/KsTop   Temp
         [L]       [L]     [-]        [L/T]      [1/L]      [L/T]        [1/T]         [-]      [-]      [C]

   1      .00    -737.47   .135      .195E-08    .620E-04    .109E-05    .000E+00      -1        .006     .00
   2     -.25    -631.21   .142      .312E-08    .774E-04    .922E-05    .000E+00      -1        .052     .00
   3     -.49    -335.88   .178      .254E-07    .197E-03    .386E-04    .000E+00      -1        .216     .00
   4     -.72    -185.20   .221      .162E-06    .443E-03    .776E-04    .000E+00      -1        .435     .00
   5     -.95    -122.66   .256      .538E-06    .734E-03    .109E-03    .000E+00      -1        .610     .00
   6    -1.17     -91.90   .283      .124E-05    .101E-02    .132E-03    .000E+00      -1        .743     .00
   7    -1.39     -73.73   .303      .219E-05    .124E-02    .150E-03    .000E+00      -1        .840     .00
   8    -1.60     -61.70   .319      .339E-05    .143E-02    .162E-03    .000E+00      -1        .911     .00
   9    -1.80     -53.23   .332      .490E-05    .159E-02    .173E-03    .000E+00      -1        .968     .00
  10    -2.00     -46.64   .342      .636E-05    .171E-02    .181E-03    .000E+00      -1       1.015     .00
  11    -2.20     -41.43   .351      .829E-05    .181E-02    .188E-03    .000E+00      -1       1.052     .00
  12    -2.40     -37.17   .359      .999E-05    .190E-02    .193E-03    .000E+00      -1       1.082     .00
  13    -2.59     -33.64   .366      .123E-04    .195E-02    .198E-03    .000E+00      -1       1.107     .00
  14    -2.77     -30.65   .372      .142E-04    .200E-02    .201E-03    .000E+00      -1       1.128     .00
  15    -2.95     -28.06   .377      .165E-04    .204E-02    .204E-03    .000E+00      -1       1.146     .00
  16    -3.13     -25.82   .382      .189E-04    .206E-02    .207E-03    .000E+00      -1       1.160     .00
  17    -3.31     -23.83   .386      .209E-04    .208E-02    .209E-03    .000E+00      -1       1.173     .00
  18    -3.47     -22.07   .390      .236E-04    .207E-02    .211E-03    .000E+00      -1       1.184     .00
  19    -3.64     -20.50   .393      .261E-04    .207E-02    .213E-03    .000E+00      -1       1.193     .00
  20    -3.80     -19.07   .396      .283E-04    .207E-02    .214E-03    .000E+00      -1       1.201     .00
  21    -3.98     -17.62   .399      .313E-04    .205E-02    .216E-03    .000E+00      -1       1.208     .00
  22    -4.15     -16.31   .401      .343E-04    .202E-02    .217E-03    .000E+00      -1       1.215     .00
  23    -4.32     -15.11   .404      .370E-04    .200E-02    .218E-03    .000E+00      -1       1.220     .00
  24    -4.48     -14.01   .406      .401E-04    .197E-02    .218E-03    .000E+00      -1       1.225     .00
  25    -4.64     -13.01   .408      .432E-04    .194E-02    .219E-03    .000E+00      -1       1.229     .00
  26    -4.80     -12.08   .410      .460E-04    .190E-02    .220E-03    .000E+00      -1       1.232     .00
  27    -4.95     -11.25   .411      .490E-04    .186E-02    .220E-03    .000E+00      -1       1.235     .00
  28    -5.09     -10.47   .413      .521E-04    .182E-02    .221E-03    .000E+00      -1       1.238     .00
  29    -5.24      -9.74   .414      .551E-04    .178E-02    .221E-03    .000E+00      -1       1.240     .00
  30    -5.38      -9.05   .415      .581E-04    .174E-02    .221E-03    .000E+00      -1       1.241     .00
  31    -5.51      -8.41   .416      .614E-04    .169E-02    .222E-03    .000E+00      -1       1.243     .00
  32    -5.65      -7.80   .417      .645E-04    .164E-02    .222E-03    .000E+00      -1       1.244     .00
  33    -5.78      -7.23   .418      .676E-04    .160E-02    .222E-03    .000E+00      -1       1.245     .00
  34    -5.91      -6.68   .419      .710E-04    .155E-02    .222E-03    .000E+00      -1       1.246     .00
  35    -6.03      -6.17   .420      .742E-04    .150E-02    .222E-03    .000E+00      -1       1.247     .00
  36    -6.16      -5.68   .421      .775E-04    .145E-02    .223E-03    .000E+00      -1       1.248     .00
  37    -6.28      -5.22   .421      .810E-04    .139E-02    .223E-03    .000E+00      -1       1.248     .00
  38    -6.40      -4.79   .422      .843E-04    .134E-02    .223E-03    .000E+00      -1       1.249     .00
  39    -6.51      -4.37   .423      .878E-04    .128E-02    .223E-03    .000E+00      -1       1.249     .00
  40    -6.62      -3.98   .423      .914E-04    .123E-02    .223E-03    .000E+00      -1       1.249     .00
  41    -6.73      -3.61   .423      .949E-04    .117E-02    .223E-03    .000E+00      -1       1.250     .00
  42    -6.84      -3.25   .424      .986E-04    .112E-02    .223E-03    .000E+00      -1       1.250     .00
  43    -6.95      -2.92   .424      .102E-03    .106E-02    .223E-03    .000E+00      -1       1.250     .00
  44    -7.05      -2.60   .425      .106E-03    .100E-02    .223E-03    .000E+00      -1       1.250     .00
  45    -7.15      -2.30   .425      .110E-03    .943E-03    .223E-03    .000E+00      -1       1.250     .00
  46    -7.24      -2.01   .425      .114E-03    .880E-03    .223E-03    .000E+00      -1       1.250     .00
  47    -7.34      -1.74   .425      .118E-03    .818E-03    .223E-03    .000E+00      -1       1.250     .00
  48    -7.43      -1.48   .426      .123E-03    .755E-03    .223E-03    .000E+00      -1       1.250     .00
  49    -7.51      -1.23   .426      .127E-03    .687E-03    .223E-03    .000E+00      -1       1.250     .00
  50    -7.60      -1.00   .426      .132E-03    .617E-03    .223E-03    .000E+00      -1       1.250     .00
end


 Time:  4320.000000

 Node    Depth      Head Moisture       K          C         Flux        Sink         Kappa   v/KsTop   Temp
         [L]       [L]     [-]        [L/T]      [1/L]      [L/T]        [1/T]         [-]      [-]      [C]

   1      .00    -125.32   .254      .514E-06    .719E-03    .291E-04    .000E+00      -1        .163     .00
   2     -.25    -113.32   .264      .704E-06    .808E-03    .520E-04    .000E+00      -1        .292     .00
   3     -.49     -93.62   .281      .116E-05    .986E-03    .899E-04    .000E+00      -1        .504     .00
   4     -.72     -77.46   .298      .191E-05    .118E-02    .115E-03    .000E+00      -1        .642     .00
   5     -.95     -65.64   .313      .300E-05    .137E-02    .133E-03    .000E+00      -1        .743     .00
   6    -1.17     -56.75   .326      .420E-05    .152E-02    .146E-03    .000E+00      -1        .820     .00
   7    -1.39     -49.81   .337      .558E-05    .165E-02    .156E-03    .000E+00      -1        .875     .00
   8    -1.60     -44.34   .346      .721E-05    .176E-02    .163E-03    .000E+00      -1        .917     .00
   9    -1.80     -39.90   .354      .885E-05    .184E-02    .169E-03    .000E+00      -1        .950     .00
  10    -2.00     -36.12   .361      .107E-04    .191E-02    .174E-03    .000E+00      -1        .977     .00
  11    -2.20     -32.92   .367      .127E-04    .197E-02    .178E-03    .000E+00      -1        .999     .00
  12    -2.40     -30.16   .373      .145E-04    .201E-02    .181E-03    .000E+00      -1       1.017     .00
  13    -2.59     -27.75   .378      .169E-04    .204E-02    .184E-03    .000E+00      -1       1.032     .00
  14    -2.77     -25.64   .382      .191E-04    .206E-02    .186E-03    .000E+00      -1       1.045     .00
  15    -2.95     -23.76   .386      .210E-04    .208E-02    .188E-03    .000E+00      -1       1.056     .00
  16    -3.13     -22.07   .390      .236E-04    .207E-02    .190E-03    .000E+00      -1       1.066     .00
  17    -3.31     -20.56   .393      .260E-04    .207E-02    .192E-03    .000E+00      -1       1.074     .00
  18    -3.47     -19.19   .395      .281E-04    .207E-02    .193E-03    .000E+00      -1       1.081     .00
  19    -3.64     -17.94   .398      .306E-04    .205E-02    .194E-03    .000E+00      -1       1.087     .00
  20    -3.80     -16.80   .400      .332E-04    .203E-02    .195E-03    .000E+00      -1       1.093     .00
  21    -3.98     -15.62   .403      .358E-04    .201E-02    .196E-03    .000E+00      -1       1.098     .00
  22    -4.15     -14.53   .405      .385E-04    .199E-02    .197E-03    .000E+00      -1       1.102     .00
  23    -4.32     -13.53   .407      .416E-04    .195E-02    .197E-03    .000E+00      -1       1.106     .00
  24    -4.48     -12.61   .409      .444E-04    .192E-02    .198E-03    .000E+00      -1       1.109     .00
  25    -4.64     -11.76   .410      .470E-04    .189E-02    .198E-03    .000E+00      -1       1.112     .00
  26    -4.80     -10.96   .412      .502E-04    .185E-02    .199E-03    .000E+00      -1       1.114     .00
  27    -4.95     -10.24   .413      .531E-04    .181E-02    .199E-03    .000E+00      -1       1.116     .00
  28    -5.09      -9.57   .414      .558E-04    .177E-02    .199E-03    .000E+00      -1       1.118     .00
  29    -5.24      -8.93   .416      .587E-04    .173E-02    .200E-03    .000E+00      -1       1.119     .00
  30    -5.38      -8.32   .417      .618E-04    .168E-02    .200E-03    .000E+00      -1       1.121     .00
  31    -5.51      -7.75   .417      .647E-04    .164E-02    .200E-03    .000E+00      -1       1.122     .00
  32    -5.65      -7.21   .418      .677E-04    .160E-02    .200E-03    .000E+00      -1       1.123     .00
  33    -5.78      -6.70   .419      .709E-04    .155E-02    .200E-03    .000E+00      -1       1.124     .00
  34    -5.91      -6.21   .420      .739E-04    .150E-02    .201E-03    .000E+00      -1       1.124     .00
  35    -6.03      -5.75   .421      .769E-04    .145E-02    .201E-03    .000E+00      -1       1.125     .00
  36    -6.16      -5.31   .421      .803E-04    .140E-02    .201E-03    .000E+00      -1       1.125     .00
  37    -6.28      -4.89   .422      .834E-04    .135E-02    .201E-03    .000E+00      -1       1.126     .00
  38    -6.40      -4.50   .422      .867E-04    .130E-02    .201E-03    .000E+00      -1       1.126     .00
  39    -6.51      -4.12   .423      .901E-04    .125E-02    .201E-03    .000E+00      -1       1.126     .00
  40    -6.62      -3.76   .423      .933E-04    .120E-02    .201E-03    .000E+00      -1       1.126     .00
  41    -6.73      -3.42   .424      .969E-04    .114E-02    .201E-03    .000E+00      -1       1.127     .00
  42    -6.84      -3.09   .424      .100E-03    .109E-02    .201E-03    .000E+00      -1       1.127     .00
  43    -6.95      -2.78   .424      .104E-03    .104E-02    .201E-03    .000E+00      -1       1.127     .00
  44    -7.05      -2.49   .425      .108E-03    .980E-03    .201E-03    .000E+00      -1       1.127     .00
  45    -7.15      -2.21   .425      .111E-03    .924E-03    .201E-03    .000E+00      -1       1.127     .00
  46    -7.24      -1.94   .425      .115E-03    .866E-03    .201E-03    .000E+00      -1       1.127     .00
  47    -7.34      -1.69   .425      .119E-03    .806E-03    .201E-03    .000E+00      -1       1.127     .00
  48    -7.43      -1.45   .426      .123E-03    .747E-03    .201E-03    .000E+00      -1       1.127     .00
  49    -7.51      -1.22   .426      .128E-03    .683E-03    .201E-03    .000E+00      -1       1.127     .00
  50    -7.60      -1.00   .426      .132E-03    .617E-03    .201E-03    .000E+00      -1       1.127     .00
end


 Time:  5040.000000

 Node    Depth      Head Moisture       K          C         Flux        Sink         Kappa   v/KsTop   Temp
         [L]       [L]     [-]        [L/T]      [1/L]      [L/T]        [1/T]         [-]      [-]      [C]

   1      .00     -38.55   .357      .935E-05    .187E-02    .105E-04    .000E+00      -1        .059     .00
   2     -.25     -38.03   .358      .954E-05    .188E-02    .205E-04    .000E+00      -1        .115     .00
   3     -.49     -37.04   .359      .101E-04    .190E-02    .400E-04    .000E+00      -1        .224     .00
   4     -.72     -35.70   .362      .109E-04    .192E-02    .580E-04    .000E+00      -1        .325     .00
   5     -.95     -34.14   .365      .119E-04    .195E-02    .743E-04    .000E+00      -1        .416     .00
   6    -1.17     -32.46   .368      .130E-04    .197E-02    .883E-04    .000E+00      -1        .495     .00
   7    -1.39     -30.74   .372      .141E-04    .200E-02    .100E-03    .000E+00      -1        .562     .00
   8    -1.60     -29.03   .375      .155E-04    .203E-02    .110E-03    .000E+00      -1        .619     .00
   9    -1.80     -27.39   .379      .172E-04    .204E-02    .119E-03    .000E+00      -1        .669     .00
  10    -2.00     -25.80   .382      .189E-04    .206E-02    .127E-03    .000E+00      -1        .712     .00
  11    -2.20     -24.28   .385      .205E-04    .207E-02    .133E-03    .000E+00      -1        .748     .00
  12    -2.40     -22.85   .388      .224E-04    .208E-02    .139E-03    .000E+00      -1        .779     .00
  13    -2.59     -21.51   .391      .245E-04    .207E-02    .144E-03    .000E+00      -1        .806     .00
  14    -2.77     -20.25   .393      .264E-04    .207E-02    .148E-03    .000E+00      -1        .829     .00
  15    -2.95     -19.08   .396      .283E-04    .207E-02    .151E-03    .000E+00      -1        .849     .00
  16    -3.13     -17.97   .398      .305E-04    .205E-02    .154E-03    .000E+00      -1        .866     .00
  17    -3.31     -16.95   .400      .328E-04    .204E-02    .157E-03    .000E+00      -1        .880     .00
  18    -3.47     -15.99   .402      .350E-04    .202E-02    .159E-03    .000E+00      -1        .893     .00
  19    -3.64     -15.09   .404      .370E-04    .200E-02    .161E-03    .000E+00      -1        .904     .00
  20    -3.80     -14.25   .406      .394E-04    .198E-02    .163E-03    .000E+00      -1        .914     .00
  21    -3.98     -13.36   .407      .421E-04    .195E-02    .165E-03    .000E+00      -1        .923     .00
  22    -4.15     -12.53   .409      .446E-04    .192E-02    .166E-03    .000E+00      -1        .931     .00
  23    -4.32     -11.75   .410      .471E-04    .189E-02    .167E-03    .000E+00      -1        .937     .00
  24    -4.48     -11.01   .412      .500E-04    .185E-02    .168E-03    .000E+00      -1        .943     .00
  25    -4.64     -10.32   .413      .527E-04    .181E-02    .169E-03    .000E+00      -1        .948     .00
  26    -4.80      -9.68   .414      .553E-04    .178E-02    .170E-03    .000E+00      -1        .953     .00
  27    -4.95      -9.08   .415      .580E-04    .174E-02    .171E-03    .000E+00      -1        .956     .00
  28    -5.09      -8.52   .416      .608E-04    .170E-02    .171E-03    .000E+00      -1        .959     .00
  29    -5.24      -7.98   .417      .635E-04    .166E-02    .172E-03    .000E+00      -1        .962     .00
  30    -5.38      -7.47   .418      .661E-04    .162E-02    .172E-03    .000E+00      -1        .965     .00
  31    -5.51      -6.99   .419      .691E-04    .157E-02    .172E-03    .000E+00      -1        .967     .00
  32    -5.65      -6.52   .419      .720E-04    .153E-02    .173E-03    .000E+00      -1        .968     .00
  33    -5.78      -6.08   .420      .747E-04    .149E-02    .173E-03    .000E+00      -1        .970     .00
  34    -5.91      -5.66   .421      .776E-04    .144E-02    .173E-03    .000E+00      -1        .971     .00
  35    -6.03      -5.26   .421      .807E-04    .139E-02    .173E-03    .000E+00      -1        .972     .00
  36    -6.16      -4.87   .422      .836E-04    .135E-02    .174E-03    .000E+00      -1        .973     .00
  37    -6.28      -4.51   .422      .866E-04    .130E-02    .174E-03    .000E+00      -1        .974     .00
  38    -6.40      -4.16   .423      .898E-04    .125E-02    .174E-03    .000E+00      -1        .975     .00
  39    -6.51      -3.82   .423      .928E-04    .121E-02    .174E-03    .000E+00      -1        .975     .00
  40    -6.62      -3.50   .424      .960E-04    .116E-02    .174E-03    .000E+00      -1        .976     .00
  41    -6.73      -3.19   .424      .993E-04    .111E-02    .174E-03    .000E+00      -1        .976     .00
  42    -6.84      -2.90   .424      .102E-03    .106E-02    .174E-03    .000E+00      -1        .976     .00
  43    -6.95      -2.62   .425      .106E-03    .101E-02    .174E-03    .000E+00      -1        .976     .00
  44    -7.05      -2.36   .425      .109E-03    .955E-03    .174E-03    .000E+00      -1        .977     .00
  45    -7.15      -2.10   .425      .113E-03    .901E-03    .174E-03    .000E+00      -1        .977     .00
  46    -7.24      -1.86   .425      .116E-03    .848E-03    .174E-03    .000E+00      -1        .977     .00
  47    -7.34      -1.63   .425      .120E-03    .792E-03    .174E-03    .000E+00      -1        .977     .00
  48    -7.43      -1.41   .426      .124E-03    .737E-03    .174E-03    .000E+00      -1        .977     .00
  49    -7.51      -1.20   .426      .128E-03    .678E-03    .174E-03    .000E+00      -1        .977     .00
  50    -7.60      -1.00   .426      .132E-03    .617E-03    .174E-03    .000E+00      -1        .977     .00
end


 Time:  5760.000000

 Node    Depth      Head Moisture       K          C         Flux        Sink         Kappa   v/KsTop   Temp
         [L]       [L]     [-]        [L/T]      [1/L]      [L/T]        [1/T]         [-]      [-]      [C]

   1      .00     -18.93   .396      .285E-04    .207E-02    .450E-05    .000E+00      -1        .025     .00
   2     -.25     -18.64   .397      .290E-04    .207E-02    .886E-05    .000E+00      -1        .050     .00
   3     -.49     -18.29   .397      .298E-04    .206E-02    .175E-04    .000E+00      -1        .098     .00
   4     -.72     -17.89   .398      .307E-04    .205E-02    .257E-04    .000E+00      -1        .144     .00
   5     -.95     -17.45   .399      .317E-04    .204E-02    .334E-04    .000E+00      -1        .187     .00
   6    -1.17     -16.97   .400      .328E-04    .204E-02    .406E-04    .000E+00      -1        .228     .00
   7    -1.39     -16.47   .401      .339E-04    .203E-02    .473E-04    .000E+00      -1        .265     .00
   8    -1.60     -15.95   .402      .351E-04    .202E-02    .535E-04    .000E+00      -1        .300     .00
   9    -1.80     -15.42   .403      .362E-04    .201E-02    .592E-04    .000E+00      -1        .332     .00
  10    -2.00     -14.88   .404      .375E-04    .200E-02    .645E-04    .000E+00      -1        .362     .00
  11    -2.20     -14.33   .405      .391E-04    .198E-02    .694E-04    .000E+00      -1        .389     .00
  12    -2.40     -13.78   .406      .408E-04    .196E-02    .738E-04    .000E+00      -1        .414     .00
  13    -2.59     -13.25   .407      .424E-04    .194E-02    .778E-04    .000E+00      -1        .436     .00
  14    -2.77     -12.72   .409      .440E-04    .193E-02    .814E-04    .000E+00      -1        .456     .00
  15    -2.95     -12.20   .410      .456E-04    .191E-02    .847E-04    .000E+00      -1        .475     .00
  16    -3.13     -11.69   .411      .472E-04    .189E-02    .877E-04    .000E+00      -1        .492     .00
  17    -3.31     -11.20   .411      .492E-04    .186E-02    .904E-04    .000E+00      -1        .507     .00
  18    -3.47     -10.72   .412      .511E-04    .183E-02    .927E-04    .000E+00      -1        .520     .00
  19    -3.64     -10.26   .413      .530E-04    .181E-02    .948E-04    .000E+00      -1        .532     .00
  20    -3.80      -9.81   .414      .548E-04    .179E-02    .969E-04    .000E+00      -1        .543     .00
  21    -3.98      -9.32   .415      .567E-04    .176E-02    .987E-04    .000E+00      -1        .553     .00
  22    -4.15      -8.85   .416      .591E-04    .172E-02    .100E-03    .000E+00      -1        .563     .00
  23    -4.32      -8.40   .416      .614E-04    .169E-02    .102E-03    .000E+00      -1        .571     .00
  24    -4.48      -7.97   .417      .636E-04    .166E-02    .103E-03    .000E+00      -1        .579     .00
  25    -4.64      -7.55   .418      .657E-04    .163E-02    .104E-03    .000E+00      -1        .585     .00
  26    -4.80      -7.15   .418      .680E-04    .159E-02    .105E-03    .000E+00      -1        .591     .00
  27    -4.95      -6.77   .419      .704E-04    .155E-02    .106E-03    .000E+00      -1        .596     .00
  28    -5.09      -6.41   .420      .727E-04    .152E-02    .107E-03    .000E+00      -1        .600     .00
  29    -5.24      -6.06   .420      .749E-04    .149E-02    .108E-03    .000E+00      -1        .604     .00
  30    -5.38      -5.72   .421      .772E-04    .145E-02    .108E-03    .000E+00      -1        .607     .00
  31    -5.51      -5.39   .421      .796E-04    .141E-02    .109E-03    .000E+00      -1        .610     .00
  32    -5.65      -5.08   .422      .820E-04    .137E-02    .109E-03    .000E+00      -1        .613     .00
  33    -5.78      -4.77   .422      .844E-04    .134E-02    .110E-03    .000E+00      -1        .615     .00
  34    -5.91      -4.48   .422      .868E-04    .130E-02    .110E-03    .000E+00      -1        .617     .00
  35    -6.03      -4.19   .423      .894E-04    .126E-02    .110E-03    .000E+00      -1        .619     .00
  36    -6.16      -3.92   .423      .919E-04    .122E-02    .111E-03    .000E+00      -1        .620     .00
  37    -6.28      -3.66   .423      .943E-04    .118E-02    .111E-03    .000E+00      -1        .621     .00
  38    -6.40      -3.40   .424      .971E-04    .114E-02    .111E-03    .000E+00      -1        .622     .00
  39    -6.51      -3.16   .424      .997E-04    .110E-02    .111E-03    .000E+00      -1        .623     .00
  40    -6.62      -2.92   .424      .102E-03    .106E-02    .111E-03    .000E+00      -1        .624     .00
  41    -6.73      -2.69   .424      .105E-03    .102E-02    .111E-03    .000E+00      -1        .624     .00
  42    -6.84      -2.47   .425      .108E-03    .977E-03    .111E-03    .000E+00      -1        .625     .00
  43    -6.95      -2.26   .425      .111E-03    .935E-03    .112E-03    .000E+00      -1        .625     .00
  44    -7.05      -2.06   .425      .113E-03    .891E-03    .112E-03    .000E+00      -1        .625     .00
  45    -7.15      -1.86   .425      .116E-03    .849E-03    .112E-03    .000E+00      -1        .626     .00
  46    -7.24      -1.68   .425      .119E-03    .804E-03    .112E-03    .000E+00      -1        .626     .00
  47    -7.34      -1.50   .426      .122E-03    .759E-03    .112E-03    .000E+00      -1        .626     .00
  48    -7.43      -1.32   .426      .126E-03    .713E-03    .112E-03    .000E+00      -1        .626     .00
  49    -7.51      -1.16   .426      .129E-03    .667E-03    .112E-03    .000E+00      -1        .626     .00
  50    -7.60      -1.00   .426      .132E-03    .617E-03    .112E-03    .000E+00      -1        .626     .00
end


 Time:  6480.000000

 Node    Depth      Head Moisture       K          C         Flux        Sink         Kappa   v/KsTop   Temp
         [L]       [L]     [-]        [L/T]      [1/L]      [L/T]        [1/T]         [-]      [-]      [C]

   1      .00     -11.49   .411      .480E-04    .188E-02    .153E-05    .000E+00      -1        .009     .00
   2     -.25     -11.24   .411      .490E-04    .186E-02    .299E-05    .000E+00      -1        .017     .00
   3     -.49     -10.98   .412      .501E-04    .185E-02    .587E-05    .000E+00      -1        .033     .00
   4     -.72     -10.71   .412      .511E-04    .183E-02    .861E-05    .000E+00      -1        .048     .00
   5     -.95     -10.44   .413      .522E-04    .182E-02    .112E-04    .000E+00      -1        .063     .00
   6    -1.17     -10.16   .413      .533E-04    .180E-02    .137E-04    .000E+00      -1        .077     .00
   7    -1.39      -9.89   .414      .544E-04    .179E-02    .161E-04    .000E+00      -1        .090     .00
   8    -1.60      -9.61   .414      .555E-04    .177E-02    .183E-04    .000E+00      -1        .103     .00
   9    -1.80      -9.34   .415      .566E-04    .176E-02    .204E-04    .000E+00      -1        .114     .00
  10    -2.00      -9.06   .415      .580E-04    .174E-02    .224E-04    .000E+00      -1        .126     .00
  11    -2.20      -8.78   .416      .594E-04    .172E-02    .242E-04    .000E+00      -1        .136     .00
  12    -2.40      -8.51   .416      .608E-04    .170E-02    .259E-04    .000E+00      -1        .145     .00
  13    -2.59      -8.23   .417      .622E-04    .168E-02    .275E-04    .000E+00      -1        .154     .00
  14    -2.77      -7.96   .417      .636E-04    .166E-02    .289E-04    .000E+00      -1        .162     .00
  15    -2.95      -7.70   .418      .649E-04    .164E-02    .303E-04    .000E+00      -1        .170     .00
  16    -3.13      -7.44   .418      .663E-04    .162E-02    .316E-04    .000E+00      -1        .177     .00
  17    -3.31      -7.18   .418      .678E-04    .159E-02    .327E-04    .000E+00      -1        .183     .00
  18    -3.47      -6.93   .419      .694E-04    .157E-02    .338E-04    .000E+00      -1        .189     .00
  19    -3.64      -6.68   .419      .709E-04    .155E-02    .347E-04    .000E+00      -1        .195     .00
  20    -3.80      -6.44   .420      .724E-04    .152E-02    .356E-04    .000E+00      -1        .200     .00
  21    -3.98      -6.18   .420      .741E-04    .150E-02    .365E-04    .000E+00      -1        .204     .00
  22    -4.15      -5.92   .420      .757E-04    .147E-02    .373E-04    .000E+00      -1        .209     .00
  23    -4.32      -5.67   .421      .775E-04    .144E-02    .380E-04    .000E+00      -1        .213     .00
  24    -4.48      -5.43   .421      .794E-04    .142E-02    .387E-04    .000E+00      -1        .217     .00
  25    -4.64      -5.19   .421      .812E-04    .139E-02    .392E-04    .000E+00      -1        .220     .00
  26    -4.80      -4.96   .422      .829E-04    .136E-02    .397E-04    .000E+00      -1        .223     .00
  27    -4.95      -4.74   .422      .846E-04    .133E-02    .402E-04    .000E+00      -1        .225     .00
  28    -5.09      -4.52   .422      .864E-04    .131E-02    .406E-04    .000E+00      -1        .228     .00
  29    -5.24      -4.31   .423      .883E-04    .128E-02    .410E-04    .000E+00      -1        .230     .00
  30    -5.38      -4.11   .423      .902E-04    .125E-02    .413E-04    .000E+00      -1        .232     .00
  31    -5.51      -3.91   .423      .920E-04    .122E-02    .416E-04    .000E+00      -1        .233     .00
  32    -5.65      -3.71   .423      .937E-04    .119E-02    .418E-04    .000E+00      -1        .235     .00
  33    -5.78      -3.52   .424      .957E-04    .116E-02    .421E-04    .000E+00      -1        .236     .00
  34    -5.91      -3.34   .424      .977E-04    .113E-02    .423E-04    .000E+00      -1        .237     .00
  35    -6.03      -3.16   .424      .996E-04    .110E-02    .424E-04    .000E+00      -1        .238     .00
  36    -6.16      -2.98   .424      .102E-03    .107E-02    .426E-04    .000E+00      -1        .239     .00
  37    -6.28      -2.81   .424      .104E-03    .104E-02    .427E-04    .000E+00      -1        .239     .00
  38    -6.40      -2.65   .425      .106E-03    .101E-02    .428E-04    .000E+00      -1        .240     .00
  39    -6.51      -2.48   .425      .108E-03    .979E-03    .429E-04    .000E+00      -1        .241     .00
  40    -6.62      -2.33   .425      .110E-03    .949E-03    .430E-04    .000E+00      -1        .241     .00
  41    -6.73      -2.18   .425      .112E-03    .917E-03    .431E-04    .000E+00      -1        .241     .00
  42    -6.84      -2.03   .425      .114E-03    .885E-03    .431E-04    .000E+00      -1        .242     .00
  43    -6.95      -1.88   .425      .116E-03    .853E-03    .432E-04    .000E+00      -1        .242     .00
  44    -7.05      -1.74   .425      .118E-03    .821E-03    .432E-04    .000E+00      -1        .242     .00
  45    -7.15      -1.61   .425      .120E-03    .787E-03    .432E-04    .000E+00      -1        .242     .00
  46    -7.24      -1.48   .426      .123E-03    .755E-03    .432E-04    .000E+00      -1        .242     .00
  47    -7.34      -1.35   .426      .125E-03    .721E-03    .432E-04    .000E+00      -1        .242     .00
  48    -7.43      -1.23   .426      .127E-03    .687E-03    .433E-04    .000E+00      -1        .242     .00
  49    -7.51      -1.11   .426      .130E-03    .653E-03    .433E-04    .000E+00      -1        .243     .00
  50    -7.60      -1.00   .426      .132E-03    .617E-03    .433E-04    .000E+00      -1        .243     .00
end


 Time:  7200.000000

 Node    Depth      Head Moisture       K          C         Flux        Sink         Kappa   v/KsTop   Temp
         [L]       [L]     [-]        [L/T]      [1/L]      [L/T]        [1/T]         [-]      [-]      [C]

   1      .00      -9.26   .415      .572E-04    .175E-02    .381E-06    .000E+00      -1        .002     .00
   2     -.25      -9.01   .415      .584E-04    .173E-02    .732E-06    .000E+00      -1        .004     .00
   3     -.49      -8.77   .416      .597E-04    .172E-02    .143E-05    .000E+00      -1        .008     .00
   4     -.72      -8.53   .416      .609E-04    .170E-02    .210E-05    .000E+00      -1        .012     .00
   5     -.95      -8.29   .417      .621E-04    .168E-02    .275E-05    .000E+00      -1        .015     .00
   6    -1.17      -8.06   .417      .633E-04    .166E-02    .337E-05    .000E+00      -1        .019     .00
   7    -1.39      -7.83   .417      .644E-04    .164E-02    .396E-05    .000E+00      -1        .022     .00
   8    -1.60      -7.61   .418      .655E-04    .163E-02    .452E-05    .000E+00      -1        .025     .00
   9    -1.80      -7.39   .418      .667E-04    .161E-02    .506E-05    .000E+00      -1        .028     .00
  10    -2.00      -7.17   .418      .680E-04    .159E-02    .555E-05    .000E+00      -1        .031     .00
  11    -2.20      -6.95   .419      .694E-04    .157E-02    .600E-05    .000E+00      -1        .034     .00
  12    -2.40      -6.74   .419      .707E-04    .155E-02    .643E-05    .000E+00      -1        .036     .00
  13    -2.59      -6.53   .419      .720E-04    .153E-02    .683E-05    .000E+00      -1        .038     .00
  14    -2.77      -6.33   .420      .733E-04    .151E-02    .721E-05    .000E+00      -1        .040     .00
  15    -2.95      -6.13   .420      .745E-04    .149E-02    .756E-05    .000E+00      -1        .042     .00
  16    -3.13      -5.93   .420      .757E-04    .147E-02    .790E-05    .000E+00      -1        .044     .00
  17    -3.31      -5.74   .421      .771E-04    .145E-02    .820E-05    .000E+00      -1        .046     .00
  18    -3.47      -5.56   .421      .785E-04    .143E-02    .847E-05    .000E+00      -1        .048     .00
  19    -3.64      -5.37   .421      .799E-04    .141E-02    .872E-05    .000E+00      -1        .049     .00
  20    -3.80      -5.19   .421      .813E-04    .139E-02    .897E-05    .000E+00      -1        .050     .00
  21    -3.98      -5.00   .422      .828E-04    .136E-02    .920E-05    .000E+00      -1        .052     .00
  22    -4.15      -4.81   .422      .842E-04    .134E-02    .942E-05    .000E+00      -1        .053     .00
  23    -4.32      -4.62   .422      .857E-04    .132E-02    .963E-05    .000E+00      -1        .054     .00
  24    -4.48      -4.43   .422      .873E-04    .129E-02    .981E-05    .000E+00      -1        .055     .00
  25    -4.64      -4.26   .423      .889E-04    .127E-02    .996E-05    .000E+00      -1        .056     .00
  26    -4.80      -4.08   .423      .905E-04    .124E-02    .101E-04    .000E+00      -1        .057     .00
  27    -4.95      -3.92   .423      .920E-04    .122E-02    .102E-04    .000E+00      -1        .057     .00
  28    -5.09      -3.76   .423      .935E-04    .120E-02    .104E-04    .000E+00      -1        .058     .00
  29    -5.24      -3.60   .423      .950E-04    .117E-02    .105E-04    .000E+00      -1        .059     .00
  30    -5.38      -3.44   .424      .967E-04    .115E-02    .106E-04    .000E+00      -1        .059     .00
  31    -5.51      -3.29   .424      .983E-04    .112E-02    .106E-04    .000E+00      -1        .060     .00
  32    -5.65      -3.14   .424      .999E-04    .110E-02    .107E-04    .000E+00      -1        .060     .00
  33    -5.78      -3.00   .424      .101E-03    .107E-02    .108E-04    .000E+00      -1        .060     .00
  34    -5.91      -2.85   .424      .103E-03    .105E-02    .108E-04    .000E+00      -1        .061     .00
  35    -6.03      -2.71   .424      .105E-03    .102E-02    .109E-04    .000E+00      -1        .061     .00
  36    -6.16      -2.58   .425      .107E-03    .996E-03    .109E-04    .000E+00      -1        .061     .00
  37    -6.28      -2.45   .425      .108E-03    .971E-03    .110E-04    .000E+00      -1        .062     .00
  38    -6.40      -2.32   .425      .110E-03    .946E-03    .110E-04    .000E+00      -1        .062     .00
  39    -6.51      -2.19   .425      .112E-03    .919E-03    .110E-04    .000E+00      -1        .062     .00
  40    -6.62      -2.06   .425      .113E-03    .892E-03    .111E-04    .000E+00      -1        .062     .00
  41    -6.73      -1.94   .425      .115E-03    .866E-03    .111E-04    .000E+00      -1        .062     .00
  42    -6.84      -1.83   .425      .117E-03    .840E-03    .111E-04    .000E+00      -1        .062     .00
  43    -6.95      -1.71   .425      .119E-03    .812E-03    .111E-04    .000E+00      -1        .062     .00
  44    -7.05      -1.60   .425      .121E-03    .785E-03    .111E-04    .000E+00      -1        .062     .00
  45    -7.15      -1.49   .426      .122E-03    .758E-03    .111E-04    .000E+00      -1        .062     .00
  46    -7.24      -1.39   .426      .124E-03    .731E-03    .111E-04    .000E+00      -1        .062     .00
  47    -7.34      -1.29   .426      .126E-03    .702E-03    .111E-04    .000E+00      -1        .062     .00
  48    -7.43      -1.19   .426      .128E-03    .675E-03    .111E-04    .000E+00      -1        .062     .00
  49    -7.51      -1.09   .426      .130E-03    .646E-03    .111E-04    .000E+00      -1        .062     .00
  50    -7.60      -1.00   .426      .132E-03    .617E-03    .111E-04    .000E+00      -1        .062     .00
end
