 ******* Program HYDRUS
 ******* Upward infiltration with bottom tension                                
  
 Date:  15. 7.    Time:  10:27:29
 Units: L = cm   , T = sec  , M = mmol 



                             Node(  1)                      Node(  9)                      Node( 20)                      Node( 26)

       time         h        theta    Temp         h        theta    Temp         h        theta    Temp         h        theta    Temp   
         1.000    -750.000   .1337     .000      -750.000   .1337     .000      -750.000   .1337     .000      -750.000   .1337     .000
         1.815    -750.001   .1337     .000      -750.000   .1337     .000      -750.000   .1337     .000      -750.000   .1337     .000
         2.359    -750.000   .1337     .000      -750.000   .1337     .000      -750.000   .1337     .000      -750.000   .1337     .000
         2.721    -750.001   .1337     .000      -750.000   .1337     .000      -750.000   .1337     .000      -750.000   .1337     .000
         2.962    -750.001   .1337     .000      -750.000   .1337     .000      -750.000   .1337     .000      -750.000   .1337     .000
         3.204    -750.001   .1337     .000      -750.000   .1337     .000      -750.000   .1337     .000      -750.000   .1337     .000
         3.445    -750.001   .1337     .000      -750.000   .1337     .000      -750.000   .1337     .000      -750.000   .1337     .000
         3.690    -750.001   .1337     .000      -750.000   .1337     .000      -750.000   .1337     .000      -750.000   .1337     .000
         3.935    -750.001   .1337     .000      -750.000   .1337     .000      -750.000   .1337     .000      -750.000   .1337     .000
         4.180    -750.001   .1337     .000      -750.000   .1337     .000      -750.000   .1337     .000      -750.000   .1337     .000
         4.425    -750.001   .1337     .000      -750.000   .1337     .000      -750.000   .1337     .000      -750.000   .1337     .000
         4.670    -750.001   .1337     .000      -750.000   .1337     .000      -750.000   .1337     .000      -750.000   .1337     .000
         4.915    -750.001   .1337     .000      -750.000   .1337     .000      -750.000   .1337     .000      -750.000   .1337     .000
         5.160    -750.001   .1337     .000      -750.000   .1337     .000      -750.000   .1337     .000      -750.000   .1337     .000
         5.395    -750.001   .1337     .000      -750.000   .1337     .000      -750.000   .1337     .000      -750.000   .1337     .000
         5.631    -750.001   .1337     .000      -750.000   .1337     .000      -750.000   .1337     .000      -750.000   .1337     .000
         5.867    -750.001   .1337     .000      -750.000   .1337     .000      -750.000   .1337     .000      -750.000   .1337     .000
         6.102    -750.001   .1337     .000      -750.000   .1337     .000      -750.000   .1337     .000      -750.000   .1337     .000
         6.338    -750.001   .1337     .000      -750.000   .1337     .000      -750.000   .1337     .000      -750.000   .1337     .000
         6.574    -750.001   .1337     .000      -750.000   .1337     .000      -750.000   .1337     .000      -750.000   .1337     .000
         6.888    -750.001   .1337     .000      -750.000   .1337     .000      -750.000   .1337     .000      -750.000   .1337     .000
         7.202    -750.001   .1337     .000      -750.000   .1337     .000      -750.000   .1337     .000      -750.000   .1337     .000
         7.516    -750.001   .1337     .000      -750.000   .1337     .000      -750.000   .1337     .000      -750.000   .1337     .000
         7.831    -750.001   .1337     .000      -750.000   .1337     .000      -750.000   .1337     .000      -750.000   .1337     .000
         8.145    -750.001   .1337     .000      -750.000   .1337     .000      -750.000   .1337     .000      -750.000   .1337     .000
         8.459    -750.001   .1337     .000      -750.000   .1337     .000      -750.000   .1337     .000      -750.000   .1337     .000
         8.880    -750.001   .1337     .000      -750.000   .1337     .000      -750.000   .1337     .000      -750.000   .1337     .000
         9.301    -750.001   .1337     .000      -750.000   .1337     .000      -750.000   .1337     .000      -750.000   .1337     .000
         9.722    -750.001   .1337     .000      -750.000   .1337     .000      -750.000   .1337     .000      -750.000   .1337     .000
        10.143    -750.001   .1337     .000      -750.000   .1337     .000      -750.000   .1337     .000      -750.000   .1337     .000
        10.564    -750.002   .1337     .000      -750.000   .1337     .000      -750.000   .1337     .000      -750.000   .1337     .000
        10.984    -750.001   .1337     .000      -750.000   .1337     .000      -750.000   .1337     .000      -750.000   .1337     .000
        11.405    -750.002   .1337     .000      -750.000   .1337     .000      -750.000   .1337     .000      -750.000   .1337     .000
        11.825    -750.002   .1337     .000      -750.000   .1337     .000      -750.000   .1337     .000      -750.000   .1337     .000
        12.245    -750.002   .1337     .000      -750.000   .1337     .000      -750.000   .1337     .000      -750.000   .1337     .000
        12.665    -750.002   .1337     .000      -750.000   .1337     .000      -750.000   .1337     .000      -750.000   .1337     .000
        13.085    -750.002   .1337     .000      -750.000   .1337     .000      -750.000   .1337     .000      -750.000   .1337     .000
        13.505    -750.002   .1337     .000      -750.000   .1337     .000      -750.000   .1337     .000      -750.000   .1337     .000
        13.925    -750.002   .1337     .000      -750.000   .1337     .000      -750.000   .1337     .000      -750.000   .1337     .000
        14.345    -750.002   .1337     .000      -750.000   .1337     .000      -750.000   .1337     .000      -750.000   .1337     .000
        14.765    -750.002   .1337     .000      -750.000   .1337     .000      -750.000   .1337     .000      -750.000   .1337     .000
        15.185    -750.003   .1337     .000      -750.000   .1337     .000      -750.000   .1337     .000      -750.000   .1337     .000
        15.605    -750.003   .1337     .000      -750.000   .1337     .000      -750.000   .1337     .000      -750.000   .1337     .000
        16.130    -750.003   .1337     .000      -750.000   .1337     .000      -750.000   .1337     .000      -750.000   .1337     .000
        16.655    -750.003   .1337     .000      -750.000   .1337     .000      -750.000   .1337     .000      -750.000   .1337     .000
        17.180    -750.003   .1337     .000      -750.000   .1337     .000      -750.000   .1337     .000      -750.000   .1337     .000
        17.705    -750.003   .1337     .000      -750.000   .1337     .000      -750.000   .1337     .000      -750.000   .1337     .000
        18.254    -750.004   .1337     .000      -750.000   .1337     .000      -750.000   .1337     .000      -750.000   .1337     .000
        18.802    -750.004   .1337     .000      -750.000   .1337     .000      -750.000   .1337     .000      -750.000   .1337     .000
        19.351    -750.004   .1337     .000      -750.000   .1337     .000      -750.000   .1337     .000      -750.000   .1337     .000
        19.899    -750.004   .1337     .000      -750.000   .1337     .000      -750.000   .1337     .000      -750.000   .1337     .000
        20.448    -750.004   .1337     .000      -750.000   .1337     .000      -750.000   .1337     .000      -750.000   .1337     .000
        20.997    -750.003   .1337     .000      -750.000   .1337     .000      -750.000   .1337     .000      -750.000   .1337     .000
        21.545    -750.004   .1337     .000      -750.000   .1337     .000      -750.000   .1337     .000      -750.000   .1337     .000
        22.263    -750.004   .1337     .000      -750.000   .1337     .000      -750.000   .1337     .000      -750.000   .1337     .000
        22.981    -750.004   .1337     .000      -750.000   .1337     .000      -750.000   .1337     .000      -750.000   .1337     .000
        23.698    -750.005   .1337     .000      -750.000   .1337     .000      -750.000   .1337     .000      -750.000   .1337     .000
        24.416    -750.005   .1337     .000      -750.000   .1337     .000      -750.000   .1337     .000      -750.000   .1337     .000
        25.134    -750.005   .1337     .000      -750.000   .1337     .000      -750.000   .1337     .000      -750.000   .1337     .000
        25.851    -750.005   .1337     .000      -750.000   .1337     .000      -750.000   .1337     .000      -750.000   .1337     .000
        26.569    -750.005   .1337     .000      -750.000   .1337     .000      -750.000   .1337     .000      -750.000   .1337     .000
        27.287    -750.005   .1337     .000      -750.000   .1337     .000      -750.000   .1337     .000      -750.000   .1337     .000
        27.996    -750.006   .1337     .000      -750.000   .1337     .000      -750.000   .1337     .000      -750.000   .1337     .000
        28.706    -750.006   .1337     .000      -750.000   .1337     .000      -750.000   .1337     .000      -750.000   .1337     .000
        29.416    -750.006   .1337     .000      -750.000   .1337     .000      -750.000   .1337     .000      -750.000   .1337     .000
        30.126    -750.007   .1337     .000      -750.000   .1337     .000      -750.000   .1337     .000      -750.000   .1337     .000
        30.835    -750.007   .1337     .000      -750.000   .1337     .000      -750.000   .1337     .000      -750.000   .1337     .000
        31.545    -750.007   .1337     .000      -750.000   .1337     .000      -750.000   .1337     .000      -750.000   .1337     .000
        32.255    -750.007   .1337     .000      -750.000   .1337     .000      -750.000   .1337     .000      -750.000   .1337     .000
        32.965    -750.007   .1337     .000      -750.000   .1337     .000      -750.000   .1337     .000      -750.000   .1337     .000
        33.678    -750.008   .1337     .000      -750.000   .1337     .000      -750.000   .1337     .000      -750.000   .1337     .000
        34.596    -750.008   .1337     .000      -750.000   .1337     .000      -750.000   .1337     .000      -750.000   .1337     .000
        35.513    -750.008   .1337     .000      -750.000   .1337     .000      -750.000   .1337     .000      -750.000   .1337     .000
        36.430    -750.008   .1337     .000      -750.000   .1337     .000      -750.000   .1337     .000      -750.000   .1337     .000
        37.348    -750.008   .1337     .000      -750.000   .1337     .000      -750.000   .1337     .000      -750.000   .1337     .000
        38.265    -750.009   .1337     .000      -750.000   .1337     .000      -750.000   .1337     .000      -750.000   .1337     .000
        39.183    -750.009   .1337     .000      -750.000   .1337     .000      -750.000   .1337     .000      -750.000   .1337     .000
        40.100    -750.009   .1337     .000      -750.000   .1337     .000      -750.000   .1337     .000      -750.000   .1337     .000
        41.023    -750.009   .1337     .000      -750.000   .1337     .000      -750.000   .1337     .000      -750.000   .1337     .000
        41.945    -750.010   .1337     .000      -750.000   .1337     .000      -750.000   .1337     .000      -750.000   .1337     .000
        42.867    -750.010   .1337     .000      -750.000   .1337     .000      -750.000   .1337     .000      -750.000   .1337     .000
        43.790    -750.010   .1337     .000      -750.000   .1337     .000      -750.000   .1337     .000      -750.000   .1337     .000
        44.712    -750.010   .1337     .000      -750.000   .1337     .000      -750.000   .1337     .000      -750.000   .1337     .000
        45.634    -750.010   .1337     .000      -750.000   .1337     .000      -750.000   .1337     .000      -750.000   .1337     .000
        46.557    -750.011   .1337     .000      -750.000   .1337     .000      -750.000   .1337     .000      -750.000   .1337     .000
        47.479    -750.011   .1337     .000      -750.000   .1337     .000      -750.000   .1337     .000      -750.000   .1337     .000
        48.383    -750.011   .1337     .000      -750.000   .1337     .000      -750.000   .1337     .000      -750.000   .1337     .000
        49.467    -750.011   .1337     .000      -750.000   .1337     .000      -750.000   .1337     .000      -750.000   .1337     .000
        50.551    -750.012   .1337     .000      -750.000   .1337     .000      -750.000   .1337     .000      -750.000   .1337     .000
        51.635    -750.012   .1337     .000      -750.000   .1337     .000      -750.000   .1337     .000      -750.000   .1337     .000
        52.719    -750.012   .1337     .000      -750.000   .1337     .000      -750.000   .1337     .000      -750.000   .1337     .000
        53.804    -750.012   .1337     .000      -750.000   .1337     .000      -750.000   .1337     .000      -750.000   .1337     .000
        55.069    -750.013   .1337     .000      -750.000   .1337     .000      -750.000   .1337     .000      -750.000   .1337     .000
        56.334    -750.013   .1337     .000      -750.000   .1337     .000      -750.000   .1337     .000      -750.000   .1337     .000
        57.599    -750.013   .1337     .000      -750.000   .1337     .000      -750.000   .1337     .000      -750.000   .1337     .000
        58.863    -750.013   .1337     .000      -750.000   .1337     .000      -750.000   .1337     .000      -750.000   .1337     .000
        60.128    -750.013   .1337     .000      -750.000   .1337     .000      -750.000   .1337     .000      -750.000   .1337     .000
        61.182    -750.013   .1337     .000      -750.000   .1337     .000      -750.000   .1337     .000      -750.000   .1337     .000
        62.311    -750.014   .1337     .000      -750.000   .1337     .000      -750.000   .1337     .000      -750.000   .1337     .000
        64.006    -750.014   .1337     .000      -750.000   .1337     .000      -750.000   .1337     .000      -750.000   .1337     .000
        65.700    -750.015   .1337     .000      -750.000   .1337     .000      -750.000   .1337     .000      -750.000   .1337     .000
        67.394    -750.015   .1337     .000      -750.000   .1337     .000      -750.000   .1337     .000      -750.000   .1337     .000
        69.088    -750.015   .1337     .000      -750.000   .1337     .000      -750.000   .1337     .000      -750.000   .1337     .000
        70.459    -750.015   .1337     .000      -750.000   .1337     .000      -750.000   .1337     .000      -750.000   .1337     .000
        71.829    -750.016   .1337     .000      -750.000   .1337     .000      -750.000   .1337     .000      -750.000   .1337     .000
        73.199    -750.016   .1337     .000      -750.000   .1337     .000      -750.000   .1337     .000      -750.000   .1337     .000
        74.569    -750.016   .1337     .000      -750.000   .1337     .000      -750.000   .1337     .000      -750.000   .1337     .000
        75.940    -750.016   .1337     .000      -750.000   .1337     .000      -750.000   .1337     .000      -750.000   .1337     .000
        77.310    -750.016   .1337     .000      -750.000   .1337     .000      -750.000   .1337     .000      -750.000   .1337     .000
        78.681    -750.017   .1337     .000      -750.000   .1337     .000      -750.000   .1337     .000      -750.000   .1337     .000
        80.325    -750.017   .1337     .000      -750.000   .1337     .000      -750.000   .1337     .000      -750.000   .1337     .000
        81.970    -750.017   .1337     .000      -750.000   .1337     .000      -750.000   .1337     .000      -750.000   .1337     .000
        83.614    -750.018   .1337     .000      -750.000   .1337     .000      -750.000   .1337     .000      -750.000   .1337     .000
        85.258    -750.018   .1337     .000      -750.000   .1337     .000      -750.000   .1337     .000      -750.000   .1337     .000
        86.903    -750.018   .1337     .000      -750.000   .1337     .000      -750.000   .1337     .000      -750.000   .1337     .000
        88.547    -750.019   .1337     .000      -750.000   .1337     .000      -750.000   .1337     .000      -750.000   .1337     .000
        90.192    -750.019   .1337     .000      -750.000   .1337     .000      -750.000   .1337     .000      -750.000   .1337     .000
        91.836    -750.020   .1337     .000      -750.000   .1337     .000      -750.000   .1337     .000      -750.000   .1337     .000
        93.480    -750.020   .1337     .000      -750.000   .1337     .000      -750.000   .1337     .000      -750.000   .1337     .000
        95.125    -750.020   .1337     .000      -750.000   .1337     .000      -750.000   .1337     .000      -750.000   .1337     .000
        96.593    -750.021   .1337     .000      -750.000   .1337     .000      -750.000   .1337     .000      -750.000   .1337     .000
        98.061    -750.021   .1337     .000      -750.000   .1337     .000      -750.000   .1337     .000      -750.000   .1337     .000
        99.529    -750.021   .1337     .000      -750.000   .1337     .000      -750.000   .1337     .000      -750.000   .1337     .000
       101.487    -750.022   .1337     .000      -750.000   .1337     .000      -750.000   .1337     .000      -750.000   .1337     .000
       103.444    -750.022   .1337     .000      -750.000   .1337     .000      -750.000   .1337     .000      -750.000   .1337     .000
       105.402    -750.022   .1337     .000      -750.000   .1337     .000      -750.000   .1337     .000      -750.000   .1337     .000
       107.291    -750.023   .1337     .000      -750.000   .1337     .000      -750.000   .1337     .000      -750.000   .1337     .000
       109.180    -750.023   .1337     .000      -750.000   .1337     .000      -750.000   .1337     .000      -750.000   .1337     .000
       111.069    -750.024   .1337     .000      -750.000   .1337     .000      -750.000   .1337     .000      -750.000   .1337     .000
       112.958    -750.024   .1337     .000      -750.000   .1337     .000      -750.000   .1337     .000      -750.000   .1337     .000
       114.847    -750.025   .1337     .000      -750.000   .1337     .000      -750.000   .1337     .000      -750.000   .1337     .000
       117.165    -750.025   .1337     .000      -750.000   .1337     .000      -750.000   .1337     .000      -750.000   .1337     .000
       119.484    -750.025   .1337     .000      -750.000   .1337     .000      -750.000   .1337     .000      -750.000   .1337     .000
       121.802    -750.026   .1337     .000      -750.000   .1337     .000      -750.000   .1337     .000      -750.000   .1337     .000
       123.789    -750.026   .1337     .000      -750.000   .1337     .000      -750.000   .1337     .000      -750.000   .1337     .000
       125.777    -750.027   .1337     .000      -750.000   .1337     .000      -750.000   .1337     .000      -750.000   .1337     .000
       128.261    -750.027   .1337     .000      -750.000   .1337     .000      -750.000   .1337     .000      -750.000   .1337     .000
       130.745    -750.028   .1337     .000      -750.000   .1337     .000      -750.000   .1337     .000      -750.000   .1337     .000
       133.230    -750.028   .1337     .000      -750.000   .1337     .000      -750.000   .1337     .000      -750.000   .1337     .000
       135.714    -750.029   .1337     .000      -750.000   .1337     .000      -750.000   .1337     .000      -750.000   .1337     .000
       138.496    -750.029   .1337     .000      -750.000   .1337     .000      -750.000   .1337     .000      -750.000   .1337     .000
       141.279    -750.030   .1337     .000      -750.000   .1337     .000      -750.000   .1337     .000      -750.000   .1337     .000
       144.061    -750.030   .1337     .000      -750.000   .1337     .000      -750.000   .1337     .000      -750.000   .1337     .000
       146.844    -750.031   .1337     .000      -750.000   .1337     .000      -750.000   .1337     .000      -750.000   .1337     .000
       149.626    -750.031   .1337     .000      -750.000   .1337     .000      -750.000   .1337     .000      -750.000   .1337     .000
       152.140    -750.032   .1337     .000      -750.000   .1337     .000      -750.000   .1337     .000      -750.000   .1337     .000
       155.158    -750.032   .1337     .000      -750.000   .1337     .000      -750.000   .1337     .000      -750.000   .1337     .000
       158.175    -750.033   .1337     .000      -750.000   .1337     .000      -750.000   .1337     .000      -750.000   .1337     .000
       161.192    -750.033   .1337     .000      -750.000   .1337     .000      -750.000   .1337     .000      -750.000   .1337     .000
       164.210    -750.034   .1337     .000      -750.000   .1337     .000      -750.000   .1337     .000      -750.000   .1337     .000
       167.227    -750.034   .1337     .000      -750.000   .1337     .000      -750.000   .1337     .000      -750.000   .1337     .000
       170.732    -750.035   .1337     .000      -750.000   .1337     .000      -750.000   .1337     .000      -750.000   .1337     .000
       174.237    -750.036   .1337     .000      -750.000   .1337     .000      -750.000   .1337     .000      -750.000   .1337     .000
       177.742    -750.037   .1337     .000      -750.000   .1337     .000      -750.000   .1337     .000      -750.000   .1337     .000
       181.246    -750.037   .1337     .000      -750.000   .1337     .000      -750.000   .1337     .000      -750.000   .1337     .000
       184.751    -750.038   .1337     .000      -750.000   .1337     .000      -750.000   .1337     .000      -750.000   .1337     .000
       188.256    -750.039   .1337     .000      -750.000   .1337     .000      -750.000   .1337     .000      -750.000   .1337     .000
       191.761    -750.039   .1337     .000      -750.000   .1337     .000      -750.000   .1337     .000      -750.000   .1337     .000
       195.266    -750.040   .1337     .000      -750.000   .1337     .000      -750.000   .1337     .000      -750.000   .1337     .000
       198.771    -750.041   .1337     .000      -750.000   .1337     .000      -750.000   .1337     .000      -750.000   .1337     .000
       202.276    -750.041   .1337     .000      -750.000   .1337     .000      -750.000   .1337     .000      -750.000   .1337     .000
       205.781    -750.042   .1337     .000      -750.000   .1337     .000      -750.000   .1337     .000      -750.000   .1337     .000
       209.286    -750.043   .1337     .000      -750.000   .1337     .000      -750.000   .1337     .000      -750.000   .1337     .000
       212.891    -750.043   .1337     .000      -750.000   .1337     .000      -750.000   .1337     .000      -750.000   .1337     .000
       216.496    -750.044   .1337     .000      -750.000   .1337     .000      -750.000   .1337     .000      -750.000   .1337     .000
       220.101    -750.045   .1337     .000      -750.000   .1337     .000      -750.000   .1337     .000      -750.000   .1337     .000
       223.706    -750.045   .1337     .000      -750.000   .1337     .000      -750.000   .1337     .000      -750.000   .1337     .000
       227.311    -750.046   .1337     .000      -750.000   .1337     .000      -750.000   .1337     .000      -750.000   .1337     .000
       230.916    -750.047   .1337     .000      -750.000   .1337     .000      -750.000   .1337     .000      -750.000   .1337     .000
       234.521    -750.047   .1337     .000      -750.000   .1337     .000      -750.000   .1337     .000      -750.000   .1337     .000
       238.126    -750.048   .1337     .000      -750.000   .1337     .000      -750.000   .1337     .000      -750.000   .1337     .000
       241.731    -750.049   .1337     .000      -750.000   .1337     .000      -750.000   .1337     .000      -750.000   .1337     .000
       245.336    -750.049   .1337     .000      -750.000   .1337     .000      -750.000   .1337     .000      -750.000   .1337     .000
       248.573    -750.050   .1337     .000      -750.000   .1337     .000      -750.000   .1337     .000      -750.000   .1337     .000
       251.809    -750.050   .1337     .000      -750.000   .1337     .000      -750.000   .1337     .000      -750.000   .1337     .000
       255.046    -750.051   .1337     .000      -750.000   .1337     .000      -750.000   .1337     .000      -750.000   .1337     .000
       258.283    -750.051   .1337     .000      -750.000   .1337     .000      -750.000   .1337     .000      -750.000   .1337     .000
       261.520    -750.052   .1337     .000      -750.000   .1337     .000      -750.000   .1337     .000      -750.000   .1337     .000
       264.756    -750.052   .1337     .000      -750.000   .1337     .000      -750.000   .1337     .000      -750.000   .1337     .000
       267.993    -750.053   .1337     .000      -750.000   .1337     .000      -750.000   .1337     .000      -750.000   .1337     .000
       271.923    -750.053   .1337     .000      -750.000   .1337     .000      -750.000   .1337     .000      -750.000   .1337     .000
       275.854    -750.054   .1337     .000      -750.000   .1337     .000      -750.000   .1337     .000      -750.000   .1337     .000
       279.784    -750.055   .1337     .000      -750.000   .1337     .000      -750.000   .1337     .000      -750.000   .1337     .000
       283.715    -750.055   .1337     .000      -750.000   .1337     .000      -750.000   .1337     .000      -750.000   .1337     .000
       287.645    -750.056   .1337     .000      -750.000   .1337     .000      -750.000   .1337     .000      -750.000   .1337     .000
       291.576    -750.057   .1337     .000      -750.000   .1337     .000      -750.000   .1337     .000      -750.000   .1337     .000
       295.506    -750.057   .1337     .000      -750.000   .1337     .000      -750.000   .1337     .000      -750.000   .1337     .000
       299.437    -750.058   .1337     .000      -750.000   .1337     .000      -750.000   .1337     .000      -750.000   .1337     .000
       303.367    -750.059   .1337     .000      -750.000   .1337     .000      -750.000   .1337     .000      -750.000   .1337     .000
       307.298    -750.060   .1337     .000      -750.000   .1337     .000      -750.000   .1337     .000      -750.000   .1337     .000
       312.393    -750.060   .1337     .000      -750.000   .1337     .000      -750.000   .1337     .000      -750.000   .1337     .000
       317.488    -750.061   .1337     .000      -750.000   .1337     .000      -750.000   .1337     .000      -750.000   .1337     .000
       321.844    -750.062   .1337     .000      -750.000   .1337     .000      -750.000   .1337     .000      -749.999   .1337     .000
       326.199    -750.063   .1337     .000      -750.000   .1337     .000      -750.000   .1337     .000      -749.999   .1337     .000
       330.555    -750.063   .1337     .000      -750.000   .1337     .000      -750.000   .1337     .000      -749.998   .1337     .000
       337.088    -750.064   .1337     .000      -750.000   .1337     .000      -750.000   .1337     .000      -749.996   .1337     .000
       343.621    -750.065   .1337     .000      -750.000   .1337     .000      -750.000   .1337     .000      -749.991   .1337     .000
       349.197    -750.066   .1337     .000      -750.000   .1337     .000      -750.000   .1337     .000      -749.984   .1337     .000
       354.773    -750.067   .1337     .000      -750.000   .1337     .000      -750.000   .1337     .000      -749.972   .1337     .000
       360.349    -750.068   .1337     .000      -750.000   .1337     .000      -750.000   .1337     .000      -749.952   .1337     .000
       365.925    -750.069   .1337     .000      -750.000   .1337     .000      -750.000   .1337     .000      -749.920   .1337     .000
       371.501    -750.070   .1337     .000      -750.000   .1337     .000      -750.000   .1337     .000      -749.866   .1337     .000
       377.510    -750.071   .1337     .000      -750.000   .1337     .000      -750.000   .1337     .000      -749.766   .1337     .000
       383.518    -750.072   .1337     .000      -750.000   .1337     .000      -750.000   .1337     .000      -749.597   .1337     .000
       389.527    -750.073   .1337     .000      -750.000   .1337     .000      -750.000   .1337     .000      -749.310   .1337     .000
       395.536    -750.074   .1337     .000      -750.000   .1337     .000      -750.000   .1337     .000      -748.830   .1338     .000
       401.544    -750.074   .1337     .000      -750.000   .1337     .000      -750.000   .1337     .000      -748.031   .1338     .000
       407.553    -750.075   .1337     .000      -750.000   .1337     .000      -750.000   .1337     .000      -746.735   .1339     .000
       412.811    -750.076   .1337     .000      -750.000   .1337     .000      -750.000   .1337     .000      -745.064   .1340     .000
       418.068    -750.077   .1337     .000      -750.000   .1337     .000      -750.000   .1337     .000      -742.544   .1342     .000
       423.326    -750.078   .1337     .000      -750.000   .1337     .000      -750.000   .1337     .000      -738.878   .1344     .000
       429.897    -750.079   .1337     .000      -750.000   .1337     .000      -750.000   .1337     .000      -731.180   .1349     .000
       436.469    -750.080   .1337     .000      -750.000   .1337     .000      -750.000   .1337     .000      -719.335   .1357     .000
       443.041    -750.081   .1337     .000      -750.000   .1337     .000      -750.000   .1337     .000      -700.457   .1370     .000
       449.613    -750.082   .1337     .000      -750.000   .1337     .000      -750.000   .1337     .000      -673.813   .1388     .000
       456.823    -750.083   .1337     .000      -750.000   .1337     .000      -750.000   .1337     .000      -629.998   .1417     .000
       464.033    -750.084   .1337     .000      -750.000   .1337     .000      -750.000   .1337     .000      -585.207   .1455     .000
       471.244    -750.085   .1337     .000      -750.000   .1337     .000      -750.000   .1337     .000      -532.026   .1506     .000
       478.454    -750.086   .1337     .000      -750.000   .1337     .000      -750.000   .1337     .000      -475.393   .1564     .000
       485.664    -750.087   .1337     .000      -750.000   .1337     .000      -750.000   .1337     .000      -424.212   .1632     .000
       494.677    -750.089   .1337     .000      -750.000   .1337     .000      -750.000   .1337     .000      -363.943   .1724     .000
       503.690    -750.090   .1337     .000      -750.000   .1337     .000      -750.000   .1337     .000      -312.534   .1820     .000
       512.703    -750.091   .1337     .000      -750.000   .1337     .000      -750.000   .1337     .000      -272.751   .1918     .000
       521.716    -750.093   .1337     .000      -750.000   .1337     .000      -750.000   .1337     .000      -238.802   .2009     .000
       528.726    -750.093   .1337     .000      -750.000   .1337     .000      -750.000   .1337     .000      -219.063   .2080     .000
       535.736    -750.095   .1337     .000      -750.000   .1337     .000      -750.000   .1337     .000      -199.641   .2149     .000
       542.746    -750.096   .1337     .000      -750.000   .1337     .000      -750.000   .1337     .000      -184.032   .2215     .000
       549.756    -750.097   .1337     .000      -750.000   .1337     .000      -750.000   .1337     .000      -170.952   .2279     .000
       556.766    -750.098   .1337     .000      -750.000   .1337     .000      -750.000   .1337     .000      -158.552   .2339     .000
       563.776    -750.099   .1337     .000      -750.000   .1337     .000      -750.000   .1337     .000      -147.712   .2398     .000
       570.738    -750.100   .1337     .000      -750.000   .1337     .000      -750.000   .1337     .000      -139.020   .2455     .000
       577.701    -750.100   .1337     .000      -750.000   .1337     .000      -750.000   .1337     .000      -130.794   .2508     .000
       584.663    -750.101   .1337     .000      -750.000   .1337     .000      -750.000   .1337     .000      -122.938   .2559     .000
       591.626    -750.102   .1337     .000      -750.000   .1337     .000      -750.000   .1337     .000      -116.854   .2606     .000
       598.588    -750.103   .1337     .000      -750.000   .1337     .000      -750.000   .1337     .000      -111.376   .2652     .000
       605.551    -750.104   .1337     .000      -750.000   .1337     .000      -750.000   .1337     .000      -105.982   .2698     .000
       612.513    -750.105   .1337     .000      -750.000   .1337     .000      -750.000   .1337     .000      -101.023   .2740     .000
       620.191    -750.106   .1337     .000      -750.000   .1337     .000      -750.000   .1337     .000       -95.903   .2784     .000
       627.399    -750.107   .1337     .000      -750.000   .1337     .000      -750.000   .1337     .000       -92.044   .2824     .000
       634.606    -750.108   .1337     .000      -750.000   .1337     .000      -750.000   .1337     .000       -88.704   .2861     .000
       641.814    -750.109   .1337     .000      -750.000   .1337     .000      -749.999   .1337     .000       -85.580   .2894     .000
       649.021    -750.110   .1337     .000      -750.000   .1337     .000      -749.999   .1337     .000       -82.557   .2927     .000
       659.833    -750.111   .1337     .000      -750.000   .1337     .000      -749.997   .1337     .000       -78.109   .2975     .000
       670.644    -750.112   .1337     .000      -750.000   .1337     .000      -749.994   .1337     .000       -74.435   .3018     .000
       680.515    -750.114   .1337     .000      -750.000   .1337     .000      -749.989   .1337     .000       -71.571   .3056     .000
       690.386    -750.115   .1337     .000      -750.000   .1337     .000      -749.980   .1337     .000       -68.775   .3093     .000
       700.258    -750.116   .1337     .000      -750.000   .1337     .000      -749.964   .1337     .000       -66.198   .3127     .000
       710.129    -750.118   .1337     .000      -750.000   .1337     .000      -749.939   .1337     .000       -63.971   .3157     .000
       720.000    -750.119   .1337     .000      -750.000   .1337     .000      -749.895   .1337     .000       -61.898   .3184     .000
       730.141    -750.120   .1337     .000      -750.000   .1337     .000      -749.821   .1337     .000       -59.830   .3212     .000
       740.282    -750.122   .1337     .000      -750.000   .1337     .000      -749.698   .1337     .000       -57.988   .3241     .000
       749.155    -750.123   .1337     .000      -750.000   .1337     .000      -749.534   .1337     .000       -56.456   .3265     .000
       758.028    -750.124   .1337     .000      -750.000   .1337     .000      -749.279   .1337     .000       -55.109   .3286     .000
       766.902    -750.125   .1337     .000      -750.000   .1337     .000      -748.887   .1338     .000       -53.831   .3306     .000
       775.775    -750.126   .1337     .000      -750.000   .1337     .000      -748.283   .1338     .000       -52.563   .3326     .000
       784.648    -750.127   .1337     .000      -750.000   .1337     .000      -747.370   .1339     .000       -51.367   .3345     .000
       793.521    -750.128   .1337     .000      -750.000   .1337     .000      -745.997   .1339     .000       -50.234   .3363     .000
       802.395    -750.129   .1337     .000      -750.000   .1337     .000      -743.978   .1341     .000       -49.142   .3380     .000
       811.268    -750.131   .1337     .000      -750.000   .1337     .000      -741.007   .1343     .000       -48.070   .3397     .000
       820.141    -750.132   .1337     .000      -750.000   .1337     .000      -736.690   .1346     .000       -47.092   .3413     .000
       829.014    -750.133   .1337     .000      -750.000   .1337     .000      -730.385   .1350     .000       -46.236   .3429     .000
       837.888    -750.134   .1337     .000      -750.000   .1337     .000      -721.347   .1356     .000       -45.433   .3443     .000
       846.761    -750.135   .1337     .000      -750.000   .1337     .000      -708.839   .1364     .000       -44.670   .3457     .000
       855.634    -750.136   .1337     .000      -750.000   .1337     .000      -691.084   .1376     .000       -43.926   .3470     .000
       864.508    -750.137   .1337     .000      -750.000   .1337     .000      -667.784   .1392     .000       -43.189   .3483     .000
       882.254    -750.139   .1337     .000      -750.000   .1337     .000      -598.656   .1443     .000       -41.799   .3508     .000
       890.946    -750.140   .1337     .000      -750.000   .1337     .000      -567.697   .1472     .000       -41.133   .3520     .000
       901.377    -750.141   .1337     .000      -750.000   .1337     .000      -522.135   .1515     .000       -40.339   .3534     .000
       911.807    -750.142   .1337     .000      -750.000   .1337     .000      -474.611   .1565     .000       -39.549   .3548     .000
       922.238    -750.144   .1337     .000      -750.000   .1337     .000      -434.349   .1618     .000       -38.854   .3561     .000
       932.668    -750.145   .1337     .000      -750.000   .1337     .000      -390.148   .1678     .000       -38.228   .3572     .000
       943.099    -750.146   .1337     .000      -750.000   .1337     .000      -355.179   .1740     .000       -37.643   .3583     .000
       953.240    -750.147   .1337     .000      -750.000   .1337     .000      -322.964   .1801     .000       -37.120   .3593     .000
       969.226    -750.149   .1337     .000      -750.000   .1337     .000      -280.653   .1897     .000       -36.322   .3608     .000
       985.212    -750.150   .1337     .000      -750.000   .1337     .000      -244.404   .1992     .000       -35.544   .3624     .000
      1001.198    -750.152   .1337     .000      -750.000   .1337     .000      -218.993   .2080     .000       -34.767   .3639     .000
      1017.184    -750.154   .1337     .000      -750.000   .1337     .000      -194.639   .2167     .000       -33.985   .3654     .000
      1033.170    -750.156   .1337     .000      -750.000   .1337     .000      -176.957   .2249     .000       -33.268   .3668     .000
      1048.482    -750.157   .1337     .000      -750.000   .1337     .000      -161.291   .2325     .000       -32.639   .3680     .000
      1063.793    -750.159   .1337     .000      -750.000   .1337     .000      -148.340   .2394     .000       -32.063   .3692     .000
      1079.105    -750.161   .1337     .000      -750.000   .1337     .000      -137.458   .2465     .000       -31.535   .3702     .000
      1094.417    -750.162   .1337     .000      -750.000   .1337     .000      -127.755   .2528     .000       -31.022   .3712     .000
      1109.728    -750.164   .1337     .000      -750.000   .1337     .000      -119.050   .2587     .000       -30.514   .3722     .000
      1125.040    -750.165   .1337     .000      -750.000   .1337     .000      -112.739   .2641     .000       -30.001   .3732     .000
      1138.163    -750.166   .1337     .000      -750.000   .1337     .000      -107.616   .2684     .000       -29.573   .3741     .000
      1151.287    -750.168   .1337     .000      -750.000   .1337     .000      -102.381   .2729     .000       -29.174   .3749     .000
      1164.410    -750.169   .1337     .000      -750.000   .1337     .000       -97.583   .2770     .000       -28.797   .3757     .000
      1177.534    -750.170   .1337     .000      -750.000   .1337     .000       -93.602   .2808     .000       -28.436   .3764     .000
      1190.658    -750.172   .1337     .000      -750.000   .1337     .000       -90.144   .2845     .000       -28.095   .3771     .000
      1203.782    -750.173   .1337     .000      -750.000   .1337     .000       -86.726   .2882     .000       -27.770   .3778     .000
      1230.030    -750.176   .1337     .000      -750.000   .1337     .000       -81.150   .2942     .000       -27.145   .3791     .000
      1243.153    -750.177   .1337     .000      -750.000   .1337     .000       -78.547   .2970     .000       -26.834   .3797     .000
      1256.277    -750.178   .1337     .000      -750.000   .1337     .000       -75.957   .2998     .000       -26.523   .3803     .000
      1269.400    -750.180   .1337     .000      -750.000   .1337     .000       -73.707   .3027     .000       -26.221   .3810     .000
      1282.523    -750.181   .1337     .000      -750.000   .1337     .000       -71.607   .3055     .000       -25.939   .3815     .000
      1295.647    -750.182   .1337     .000      -750.000   .1337     .000       -69.752   .3080     .000       -25.670   .3821     .000
      1308.770    -750.183   .1337     .000      -750.000   .1337     .000       -67.972   .3103     .000       -25.410   .3826     .000
      1321.890    -750.184   .1337     .000      -750.000   .1337     .000       -66.245   .3126     .000       -25.159   .3831     .000
      1335.010    -750.186   .1337     .000      -750.000   .1337     .000       -64.611   .3148     .000       -24.918   .3836     .000
      1352.508    -750.187   .1337     .000      -750.000   .1337     .000       -62.541   .3176     .000       -24.606   .3843     .000
      1370.007    -750.189   .1337     .000      -750.000   .1337     .000       -60.526   .3202     .000       -24.297   .3849     .000
      1387.505    -750.190   .1337     .000      -750.000   .1337     .000       -58.897   .3227     .000       -23.991   .3855     .000
      1405.003    -750.192   .1337     .000      -750.000   .1337     .000       -57.451   .3249     .000       -23.693   .3861     .000
      1422.502    -750.193   .1337     .000      -750.000   .1337     .000       -56.054   .3271     .000       -23.412   .3867     .000
      1440.000    -750.195   .1337     .000      -750.000   .1337     .000       -54.689   .3293     .000       -23.151   .3873     .000
      1457.145    -750.196   .1337     .000      -750.000   .1337     .000       -53.392   .3313     .000       -22.902   .3878     .000
      1474.290    -750.198   .1337     .000      -750.000   .1337     .000       -52.117   .3333     .000       -22.661   .3883     .000
      1491.432    -750.200   .1337     .000      -750.000   .1337     .000       -50.849   .3353     .000       -22.426   .3888     .000
      1508.573    -750.201   .1337     .000      -750.000   .1337     .000       -49.711   .3371     .000       -22.196   .3893     .000
      1525.715    -750.203   .1337     .000      -750.000   .1337     .000       -48.727   .3387     .000       -21.970   .3897     .000
      1542.857    -750.204   .1337     .000      -750.000   .1337     .000       -47.813   .3401     .000       -21.747   .3902     .000
      1559.998    -750.206   .1337     .000      -750.000   .1337     .000       -46.969   .3416     .000       -21.531   .3906     .000
      1577.140    -750.207   .1337     .000      -750.000   .1337     .000       -46.155   .3430     .000       -21.322   .3911     .000
      1594.283    -750.208   .1337     .000      -750.000   .1337     .000       -45.345   .3445     .000       -21.125   .3915     .000
      1614.854    -750.210   .1337     .000      -750.000   .1337     .000       -44.375   .3462     .000       -20.899   .3919     .000
      1635.426    -750.212   .1337     .000      -750.000   .1337     .000       -43.409   .3479     .000       -20.678   .3924     .000
      1655.997    -750.214   .1337     .000      -749.999   .1337     .000       -42.531   .3495     .000       -20.462   .3929     .000
      1676.569    -750.215   .1337     .000      -749.999   .1337     .000       -41.719   .3510     .000       -20.251   .3933     .000
      1697.140    -750.216   .1337     .000      -749.997   .1337     .000       -40.966   .3523     .000       -20.048   .3937     .000
      1717.712    -750.218   .1337     .000      -749.996   .1337     .000       -40.281   .3535     .000       -19.851   .3941     .000
      1738.284    -750.220   .1337     .000      -749.992   .1337     .000       -39.613   .3547     .000       -19.660   .3945     .000
      1758.856    -750.222   .1337     .000      -749.987   .1337     .000       -38.948   .3559     .000       -19.470   .3949     .000
      1779.428    -750.223   .1337     .000      -749.978   .1337     .000       -38.284   .3571     .000       -19.285   .3953     .000
      1800.000    -750.225   .1337     .000      -749.963   .1337     .000       -37.656   .3582     .000       -19.106   .3957     .000
      1817.145    -750.226   .1337     .000      -749.944   .1337     .000       -37.173   .3592     .000       -18.962   .3960     .000
      1834.290    -750.227   .1337     .000      -749.915   .1337     .000       -36.705   .3601     .000       -18.823   .3963     .000
      1860.000    -750.229   .1337     .000      -749.832   .1337     .000       -36.051   .3614     .000       -18.622   .3967     .000
      1885.710    -750.231   .1337     .000      -749.677   .1337     .000       -35.433   .3626     .000       -18.429   .3971     .000
      1902.855    -750.232   .1337     .000      -749.526   .1337     .000       -35.027   .3634     .000       -18.303   .3973     .000
      1920.000    -750.234   .1337     .000      -749.309   .1337     .000       -34.620   .3642     .000       -18.178   .3976     .000
      1942.857    -750.236   .1337     .000      -748.812   .1338     .000       -34.089   .3652     .000       -18.013   .3979     .000
      1965.713    -750.237   .1337     .000      -747.989   .1338     .000       -33.582   .3662     .000       -17.849   .3982     .000
      1988.570    -750.239   .1337     .000      -746.603   .1339     .000       -33.119   .3671     .000       -17.691   .3986     .000
      2014.285    -750.241   .1337     .000      -743.912   .1341     .000       -32.619   .3681     .000       -17.522   .3989     .000
      2040.000    -750.243   .1337     .000      -739.338   .1344     .000       -32.147   .3690     .000       -17.361   .3992     .000
      2060.572    -750.244   .1337     .000      -733.904   .1348     .000       -31.779   .3697     .000       -17.236   .3995     .000
      2081.144    -750.246   .1337     .000      -726.097   .1353     .000       -31.414   .3704     .000       -17.113   .3997     .000
      2101.716    -750.247   .1337     .000      -714.222   .1361     .000       -31.050   .3712     .000       -16.992   .4000     .000
      2122.288    -750.249   .1337     .000      -697.651   .1372     .000       -30.695   .3719     .000       -16.873   .4002     .000
      2142.860    -750.251   .1337     .000      -674.619   .1387     .000       -30.353   .3725     .000       -16.755   .4005     .000
      2160.000    -750.252   .1337     .000      -650.042   .1404     .000       -30.083   .3731     .000       -16.658   .4007     .000
      2177.145    -750.253   .1337     .000      -620.260   .1424     .000       -29.823   .3736     .000       -16.563   .4009     .000
      2194.290    -750.254   .1337     .000      -592.010   .1449     .000       -29.575   .3741     .000       -16.470   .4011     .000
      2213.203    -750.255   .1337     .000      -556.959   .1482     .000       -29.311   .3746     .000       -16.370   .4013     .000
      2232.117    -750.257   .1337     .000      -517.540   .1520     .000       -29.052   .3751     .000       -16.273   .4015     .000
      2251.030    -750.258   .1337     .000      -476.821   .1562     .000       -28.794   .3757     .000       -16.179   .4017     .000
      2273.493    -750.259   .1337     .000      -434.475   .1618     .000       -28.490   .3763     .000       -16.069   .4019     .000
      2295.957    -750.261   .1337     .000      -391.145   .1676     .000       -28.190   .3769     .000       -15.960   .4021     .000
      2318.420    -750.263   .1337     .000      -357.275   .1736     .000       -27.899   .3775     .000       -15.852   .4023     .000
      2340.883    -750.264   .1337     .000      -323.795   .1799     .000       -27.616   .3781     .000       -15.746   .4025     .000
      2363.347    -750.266   .1337     .000      -294.917   .1860     .000       -27.345   .3786     .000       -15.642   .4027     .000
      2385.810    -750.267   .1337     .000      -272.154   .1919     .000       -27.086   .3792     .000       -15.542   .4030     .000
      2408.273    -750.269   .1337     .000      -249.530   .1978     .000       -26.843   .3797     .000       -15.444   .4031     .000
      2430.737    -750.270   .1337     .000      -231.404   .2036     .000       -26.606   .3802     .000       -15.349   .4033     .000
      2453.200    -750.272   .1337     .000      -216.003   .2091     .000       -26.372   .3806     .000       -15.256   .4035     .000
      2475.663    -750.273   .1337     .000      -201.054   .2144     .000       -26.141   .3811     .000       -15.164   .4037     .000
      2498.125    -750.274   .1337     .000      -188.415   .2194     .000       -25.911   .3816     .000       -15.074   .4039     .000
      2520.587    -750.276   .1337     .000      -177.918   .2245     .000       -25.685   .3821     .000       -14.985   .4041     .000
      2543.050    -750.277   .1337     .000      -167.630   .2295     .000       -25.464   .3825     .000       -14.897   .4043     .000
      2565.520    -750.279   .1337     .000      -158.053   .2341     .000       -25.250   .3829     .000       -14.811   .4044     .000
      2587.983    -750.280   .1337     .000      -149.679   .2386     .000       -25.042   .3834     .000       -14.726   .4046     .000
      2610.447    -750.282   .1337     .000      -143.149   .2428     .000       -24.842   .3838     .000       -14.643   .4048     .000
      2632.910    -750.283   .1337     .000      -137.152   .2467     .000       -24.650   .3842     .000       -14.561   .4049     .000
      2655.373    -750.284   .1337     .000      -131.325   .2505     .000       -24.461   .3846     .000       -14.483   .4051     .000
      2677.837    -750.285   .1337     .000      -125.366   .2544     .000       -24.274   .3849     .000       -14.406   .4052     .000
      2700.300    -750.287   .1337     .000      -120.100   .2579     .000       -24.090   .3853     .000       -14.330   .4054     .000
      2722.760    -750.288   .1337     .000      -116.047   .2613     .000       -23.909   .3857     .000       -14.255   .4055     .000
      2745.225    -750.290   .1337     .000      -112.080   .2647     .000       -23.732   .3861     .000       -14.181   .4057     .000
      2767.690    -750.291   .1337     .000      -108.156   .2680     .000       -23.559   .3864     .000       -14.108   .4058     .000
      2790.150    -750.292   .1337     .000      -104.549   .2710     .000       -23.390   .3868     .000       -14.036   .4059     .000
      2812.610    -750.294   .1337     .000      -101.344   .2738     .000       -23.225   .3871     .000       -13.966   .4061     .000
      2835.070    -750.295   .1337     .000       -98.347   .2763     .000       -23.064   .3874     .000       -13.897   .4062     .000
      2857.535    -750.296   .1337     .000       -95.438   .2788     .000       -22.909   .3878     .000       -13.829   .4064     .000
      2880.000    -750.297   .1337     .000       -92.908   .2815     .000       -22.756   .3881     .000       -13.762   .4065     .000
      2902.500    -750.299   .1337     .000       -90.370   .2843     .000       -22.607   .3884     .000       -13.697   .4066     .000
      2925.000    -750.300   .1337     .000       -88.130   .2867     .000       -22.459   .3887     .000       -13.632   .4067     .000
      2947.500    -750.301   .1337     .000       -86.060   .2889     .000       -22.314   .3890     .000       -13.568   .4069     .000
      2970.000    -750.302   .1337     .000       -84.043   .2911     .000       -22.171   .3893     .000       -13.505   .4070     .000
      2992.500    -750.303   .1337     .000       -82.057   .2932     .000       -22.030   .3896     .000       -13.444   .4071     .000
      3015.000    -750.303   .1337     .000       -80.160   .2953     .000       -21.890   .3899     .000       -13.383   .4072     .000
      3037.500    -750.304   .1337     .000       -78.344   .2972     .000       -21.754   .3902     .000       -13.323   .4073     .000
      3060.000    -750.304   .1337     .000       -76.593   .2991     .000       -21.623   .3904     .000       -13.265   .4075     .000
      3082.500    -750.303   .1337     .000       -75.008   .3010     .000       -21.494   .3907     .000       -13.207   .4076     .000
      3105.000    -750.302   .1337     .000       -73.677   .3028     .000       -21.367   .3910     .000       -13.150   .4077     .000
      3127.500    -750.300   .1337     .000       -72.380   .3045     .000       -21.243   .3912     .000       -13.094   .4078     .000
      3150.000    -750.296   .1337     .000       -71.128   .3061     .000       -21.122   .3915     .000       -13.039   .4079     .000
      3172.500    -750.290   .1337     .000       -69.915   .3078     .000       -21.004   .3917     .000       -12.985   .4080     .000
      3195.000    -750.281   .1337     .000       -68.721   .3093     .000       -20.887   .3920     .000       -12.931   .4081     .000
      3217.500    -750.269   .1337     .000       -67.537   .3109     .000       -20.773   .3922     .000       -12.878   .4082     .000
      3240.000    -750.251   .1337     .000       -66.372   .3125     .000       -20.661   .3924     .000       -12.826   .4083     .000
      3262.500    -750.225   .1337     .000       -65.231   .3140     .000       -20.549   .3927     .000       -12.775   .4084     .000
      3290.630    -750.176   .1337     .000       -63.838   .3158     .000       -20.411   .3930     .000       -12.711   .4085     .000
      3318.753    -750.100   .1337     .000       -62.535   .3176     .000       -20.275   .3932     .000       -12.649   .4087     .000
      3346.876    -749.983   .1337     .000       -61.404   .3191     .000       -20.142   .3935     .000       -12.587   .4088     .000
      3375.000    -749.809   .1337     .000       -60.349   .3205     .000       -20.013   .3938     .000       -12.527   .4089     .000
      3403.125    -749.553   .1337     .000       -59.390   .3219     .000       -19.886   .3940     .000       -12.468   .4090     .000
      3431.250    -749.173   .1337     .000       -58.481   .3233     .000       -19.763   .3943     .000       -12.411   .4091     .000
      3459.380    -748.618   .1338     .000       -57.575   .3247     .000       -19.643   .3946     .000       -12.354   .4092     .000
      3487.503    -747.802   .1338     .000       -56.673   .3262     .000       -19.525   .3948     .000       -12.298   .4093     .000
      3515.626    -746.617   .1339     .000       -55.776   .3276     .000       -19.410   .3950     .000       -12.243   .4094     .000
      3543.750    -744.825   .1340     .000       -54.885   .3290     .000       -19.295   .3953     .000       -12.189   .4096     .000
      3600.000    -737.471   .1345     .000       -53.233   .3316     .000       -19.072   .3957     .000       -12.083   .4098     .000
      3628.800    -732.196   .1349     .000       -52.435   .3328     .000       -18.960   .3960     .000       -12.029   .4099     .000
      3672.000    -719.139   .1358     .000       -51.366   .3345     .000       -18.798   .3963     .000       -11.950   .4100     .000
      3715.200    -698.867   .1371     .000       -50.392   .3360     .000       -18.642   .3966     .000       -11.874   .4102     .000
      3758.400    -666.841   .1393     .000       -49.443   .3375     .000       -18.491   .3969     .000       -11.801   .4103     .000
      3801.600    -621.991   .1423     .000       -48.497   .3390     .000       -18.344   .3972     .000       -11.729   .4104     .000
      3830.400    -591.854   .1449     .000       -47.865   .3400     .000       -18.246   .3974     .000       -11.682   .4105     .000
      3868.060    -544.822   .1494     .000       -47.096   .3413     .000       -18.120   .3977     .000       -11.622   .4106     .000
      3905.720    -487.464   .1548     .000       -46.377   .3426     .000       -17.996   .3979     .000       -11.562   .4108     .000
      3943.382    -437.009   .1615     .000       -45.690   .3438     .000       -17.875   .3982     .000       -11.502   .4109     .000
      3981.044    -383.397   .1688     .000       -45.053   .3450     .000       -17.756   .3984     .000       -11.444   .4110     .000
      4018.706    -337.240   .1774     .000       -44.440   .3461     .000       -17.642   .3987     .000       -11.386   .4111     .000
      4056.368    -293.176   .1865     .000       -43.830   .3472     .000       -17.530   .3989     .000       -11.330   .4112     .000
      4094.030    -255.928   .1962     .000       -43.217   .3483     .000       -17.423   .3991     .000       -11.275   .4113     .000
      4131.693    -224.051   .2062     .000       -42.605   .3494     .000       -17.316   .3993     .000       -11.222   .4114     .000
      4169.356    -196.523   .2160     .000       -42.033   .3504     .000       -17.211   .3995     .000       -11.169   .4115     .000
      4207.020    -174.230   .2263     .000       -41.488   .3514     .000       -17.106   .3998     .000       -11.116   .4116     .000
      4244.680    -154.504   .2359     .000       -40.955   .3523     .000       -17.002   .4000     .000       -11.064   .4117     .000
      4282.340    -139.007   .2455     .000       -40.430   .3533     .000       -16.900   .4002     .000       -11.012   .4118     .000
      4320.000    -125.318   .2544     .000       -39.900   .3542     .000       -16.798   .4004     .000       -10.961   .4118     .000
      4376.840    -109.108   .2672     .000       -39.074   .3557     .000       -16.646   .4007     .000       -10.885   .4120     .000
      4433.680     -95.837   .2784     .000       -38.222   .3572     .000       -16.492   .4010     .000       -10.808   .4121     .000
      4490.525     -85.643   .2894     .000       -37.376   .3588     .000       -16.337   .4013     .000       -10.730   .4123     .000
      4547.370     -76.797   .2989     .000       -36.495   .3605     .000       -16.177   .4017     .000       -10.650   .4124     .000
      4596.633     -70.639   .3068     .000       -35.686   .3621     .000       -16.032   .4020     .000       -10.577   .4126     .000
      4645.896     -65.134   .3141     .000       -34.849   .3637     .000       -15.878   .4023     .000       -10.501   .4127     .000
      4695.160     -60.235   .3206     .000       -33.993   .3654     .000       -15.716   .4026     .000       -10.421   .4128     .000
      4746.885     -55.973   .3273     .000       -33.064   .3672     .000       -15.535   .4030     .000       -10.331   .4130     .000
      4798.610     -52.064   .3334     .000       -32.101   .3691     .000       -15.341   .4034     .000       -10.234   .4132     .000
      4850.335     -48.523   .3390     .000       -31.112   .3710     .000       -15.134   .4038     .000       -10.131   .4134     .000
      4902.060     -45.467   .3442     .000       -30.101   .3730     .000       -14.914   .4042     .000       -10.019   .4136     .000
      4971.030     -41.828   .3508     .000       -28.744   .3758     .000       -14.593   .4049     .000        -9.856   .4139     .000
      5040.000     -38.552   .3566     .000       -27.389   .3786     .000       -14.248   .4055     .000        -9.677   .4142     .000
      5105.460     -35.829   .3618     .000       -26.118   .3812     .000       -13.899   .4062     .000        -9.494   .4145     .000
      5168.107     -33.464   .3664     .000       -24.918   .3836     .000       -13.547   .4069     .000        -9.306   .4149     .000
      5262.079     -30.318   .3726     .000       -23.162   .3872     .000       -12.986   .4080     .000        -9.000   .4154     .000
      5356.050     -27.577   .3782     .000       -21.491   .3907     .000       -12.401   .4091     .000        -8.673   .4159     .000
      5436.840     -25.462   .3825     .000       -20.124   .3936     .000       -11.882   .4102     .000        -8.380   .4164     .000
      5544.560     -22.984   .3876     .000       -18.420   .3971     .000       -11.182   .4114     .000        -7.973   .4171     .000
      5652.280     -20.823   .3921     .000       -16.850   .4003     .000       -10.488   .4127     .000        -7.560   .4178     .000
      5760.000     -18.927   .3960     .000       -15.421   .4032     .000        -9.811   .4140     .000        -7.146   .4185     .000
      5904.000     -16.798   .4004     .000       -13.748   .4065     .000        -8.963   .4155     .000        -6.617   .4193     .000
      6048.000     -15.044   .4040     .000       -12.326   .4093     .000        -8.196   .4168     .000        -6.124   .4201     .000
      6192.000     -13.593   .4068     .000       -11.123   .4116     .000        -7.515   .4179     .000        -5.677   .4207     .000
      6336.000     -12.429   .4091     .000       -10.137   .4134     .000        -6.931   .4188     .000        -5.287   .4213     .000
      6480.000     -11.495   .4109     .000        -9.339   .4148     .000        -6.444   .4196     .000        -4.956   .4217     .000
      6660.000     -10.636   .4124     .000        -8.594   .4161     .000        -5.977   .4203     .000        -4.633   .4222     .000
      6840.000     -10.029   .4136     .000        -8.062   .4170     .000        -5.635   .4208     .000        -4.394   .4225     .000
      7020.000      -9.575   .4144     .000        -7.664   .4177     .000        -5.376   .4212     .000        -4.211   .4227     .000
      7200.000      -9.262   .4150     .000        -7.388   .4181     .000        -5.194   .4214     .000        -4.083   .4229     .000
end
