 ******* Program HYDRUS
 ******* Upward infiltration with bottom tension                                
  
 Date:  15. 7.    Time:  10:27:29
 Units: L = cm   , T = sec  , M = mmol 


  TLevel   Time         dt      Iter  ItCum  KodT  KodB  Convergency

     1  .10000E+01  .10000E+01   10    10    -1     1     T
     2  .18152E+01  .81516E+00   10    20    -1     1     T
     3  .23586E+01  .54344E+00   10    30    -1     1     T
     4  .27209E+01  .36229E+00    8    38    -1     1     T
     5  .29624E+01  .24153E+00    6    44    -1     1     T
     6  .32040E+01  .24153E+00    6    50    -1     1     T
     7  .34455E+01  .24153E+00    5    55    -1     1     T
     8  .36904E+01  .24490E+00    5    60    -1     1     T
     9  .39353E+01  .24490E+00    6    66    -1     1     T
    10  .41802E+01  .24490E+00    5    71    -1     1     T
    11  .44251E+01  .24490E+00    5    76    -1     1     T
    12  .46700E+01  .24490E+00    5    81    -1     1     T
    13  .49149E+01  .24490E+00    5    86    -1     1     T
    14  .51598E+01  .24490E+00    5    91    -1     1     T
    15  .53955E+01  .23565E+00    5    96    -1     1     T
    16  .56311E+01  .23565E+00    4   100    -1     1     T
    17  .58668E+01  .23565E+00    5   105    -1     1     T
    18  .61024E+01  .23566E+00    5   110    -1     1     T
    19  .63381E+01  .23566E+00    5   115    -1     1     T
    20  .65737E+01  .23566E+00    3   118    -1     1     T
    21  .68879E+01  .31421E+00    4   122    -1     1     T
    22  .72022E+01  .31421E+00    5   127    -1     1     T
    23  .75164E+01  .31421E+00    5   132    -1     1     T
    24  .78306E+01  .31421E+00    5   137    -1     1     T
    25  .81448E+01  .31421E+00    5   142    -1     1     T
    26  .84590E+01  .31421E+00    3   145    -1     1     T
    27  .88799E+01  .42092E+00    6   151    -1     1     T
    28  .93008E+01  .42092E+00    5   156    -1     1     T
    29  .97217E+01  .42092E+00    5   161    -1     1     T
    30  .10143E+02  .42092E+00    5   166    -1     1     T
    31  .10564E+02  .42092E+00    4   170    -1     1     T
    32  .10984E+02  .42092E+00    5   175    -1     1     T
    33  .11405E+02  .42002E+00    5   180    -1     1     T
    34  .11825E+02  .42003E+00    4   184    -1     1     T
    35  .12245E+02  .42003E+00    5   189    -1     1     T
    36  .12665E+02  .42003E+00    4   193    -1     1     T
    37  .13085E+02  .42003E+00    5   198    -1     1     T
    38  .13505E+02  .42003E+00    5   203    -1     1     T
    39  .13925E+02  .42003E+00    4   207    -1     1     T
    40  .14345E+02  .42002E+00    4   211    -1     1     T
    41  .14765E+02  .42004E+00    5   216    -1     1     T
    42  .15185E+02  .42004E+00    5   221    -1     1     T
    43  .15605E+02  .42004E+00    3   224    -1     1     T
    44  .16130E+02  .52505E+00    5   229    -1     1     T
    45  .16655E+02  .52505E+00    5   234    -1     1     T
    46  .17180E+02  .52505E+00    5   239    -1     1     T
    47  .17705E+02  .52505E+00    4   243    -1     1     T
    48  .18254E+02  .54861E+00    4   247    -1     1     T
    49  .18802E+02  .54861E+00    5   252    -1     1     T
    50  .19351E+02  .54861E+00    4   256    -1     1     T
    51  .19899E+02  .54861E+00    4   260    -1     1     T
    52  .20448E+02  .54861E+00    4   264    -1     1     T
    53  .20997E+02  .54861E+00    5   269    -1     1     T
    54  .21545E+02  .54861E+00    3   272    -1     1     T
    55  .22263E+02  .71766E+00    5   277    -1     1     T
    56  .22981E+02  .71766E+00    5   282    -1     1     T
    57  .23698E+02  .71766E+00    5   287    -1     1     T
    58  .24416E+02  .71766E+00    4   291    -1     1     T
    59  .25134E+02  .71766E+00    5   296    -1     1     T
    60  .25851E+02  .71766E+00    5   301    -1     1     T
    61  .26569E+02  .71766E+00    4   305    -1     1     T
    62  .27287E+02  .71766E+00    4   309    -1     1     T
    63  .27996E+02  .70974E+00    4   313    -1     1     T
    64  .28706E+02  .70974E+00    4   317    -1     1     T
    65  .29416E+02  .70974E+00    5   322    -1     1     T
    66  .30126E+02  .70974E+00    4   326    -1     1     T
    67  .30835E+02  .70974E+00    4   330    -1     1     T
    68  .31545E+02  .70974E+00    4   334    -1     1     T
    69  .32255E+02  .70974E+00    4   338    -1     1     T
    70  .32965E+02  .70974E+00    5   343    -1     1     T
    71  .33678E+02  .71358E+00    3   346    -1     1     T
    72  .34596E+02  .91746E+00    4   350    -1     1     T
    73  .35513E+02  .91746E+00    5   355    -1     1     T
    74  .36430E+02  .91746E+00    5   360    -1     1     T
    75  .37348E+02  .91746E+00    5   365    -1     1     T
    76  .38265E+02  .91746E+00    5   370    -1     1     T
    77  .39183E+02  .91746E+00    3   373    -1     1     T
    78  .40100E+02  .91746E+00    5   378    -1     1     T
    79  .41023E+02  .92235E+00    5   383    -1     1     T
    80  .41945E+02  .92235E+00    4   387    -1     1     T
    81  .42867E+02  .92235E+00    4   391    -1     1     T
    82  .43790E+02  .92235E+00    5   396    -1     1     T
    83  .44712E+02  .92235E+00    5   401    -1     1     T
    84  .45634E+02  .92235E+00    4   405    -1     1     T
    85  .46557E+02  .92235E+00    4   409    -1     1     T
    86  .47479E+02  .92235E+00    5   414    -1     1     T
    87  .48383E+02  .90351E+00    3   417    -1     1     T
    88  .49467E+02  .10842E+01    5   422    -1     1     T
    89  .50551E+02  .10842E+01    5   427    -1     1     T
    90  .51635E+02  .10842E+01    4   431    -1     1     T
    91  .52719E+02  .10842E+01    5   436    -1     1     T
    92  .53804E+02  .10842E+01    5   441    -1     1     T
    93  .55069E+02  .12649E+01    5   446    -1     1     T
    94  .56334E+02  .12649E+01    4   450    -1     1     T
    95  .57599E+02  .12649E+01    5   455    -1     1     T
    96  .58863E+02  .12649E+01    5   460    -1     1     T
    97  .60128E+02  .12649E+01    5   465    -1     1     T
    98  .61182E+02  .10536E+01    5   470    -1     1     T
    99  .62311E+02  .11295E+01    3   473    -1     1     T
   100  .64006E+02  .16942E+01    5   478    -1     1     T
   101  .65700E+02  .16942E+01    5   483    -1     1     T
   102  .67394E+02  .16942E+01    5   488    -1     1     T
   103  .69088E+02  .16942E+01    5   493    -1     1     T
   104  .70459E+02  .13702E+01    5   498    -1     1     T
   105  .71829E+02  .13702E+01    4   502    -1     1     T
   106  .73199E+02  .13702E+01    4   506    -1     1     T
   107  .74569E+02  .13704E+01    4   510    -1     1     T
   108  .75940E+02  .13704E+01    5   515    -1     1     T
   109  .77310E+02  .13704E+01    5   520    -1     1     T
   110  .78681E+02  .13704E+01    4   524    -1     1     T
   111  .80325E+02  .16444E+01    5   529    -1     1     T
   112  .81970E+02  .16444E+01    5   534    -1     1     T
   113  .83614E+02  .16444E+01    5   539    -1     1     T
   114  .85258E+02  .16444E+01    3   542    -1     1     T
   115  .86903E+02  .16444E+01    5   547    -1     1     T
   116  .88547E+02  .16444E+01    5   552    -1     1     T
   117  .90192E+02  .16444E+01    5   557    -1     1     T
   118  .91836E+02  .16444E+01    4   561    -1     1     T
   119  .93480E+02  .16444E+01    4   565    -1     1     T
   120  .95125E+02  .16444E+01    5   570    -1     1     T
   121  .96593E+02  .14682E+01    4   574    -1     1     T
   122  .98061E+02  .14682E+01    4   578    -1     1     T
   123  .99529E+02  .14682E+01    3   581    -1     1     T
   124  .10149E+03  .19576E+01    5   586    -1     1     T
   125  .10344E+03  .19576E+01    5   591    -1     1     T
   126  .10540E+03  .19576E+01    4   595    -1     1     T
   127  .10729E+03  .18890E+01    5   600    -1     1     T
   128  .10918E+03  .18890E+01    4   604    -1     1     T
   129  .11107E+03  .18890E+01    4   608    -1     1     T
   130  .11296E+03  .18890E+01    4   612    -1     1     T
   131  .11485E+03  .18890E+01    4   616    -1     1     T
   132  .11717E+03  .23185E+01    5   621    -1     1     T
   133  .11948E+03  .23185E+01    4   625    -1     1     T
   134  .12180E+03  .23180E+01    4   629    -1     1     T
   135  .12379E+03  .19874E+01    5   634    -1     1     T
   136  .12578E+03  .19874E+01    3   637    -1     1     T
   137  .12826E+03  .24843E+01    4   641    -1     1     T
   138  .13075E+03  .24843E+01    5   646    -1     1     T
   139  .13323E+03  .24843E+01    5   651    -1     1     T
   140  .13571E+03  .24843E+01    5   656    -1     1     T
   141  .13850E+03  .27824E+01    5   661    -1     1     T
   142  .14128E+03  .27824E+01    6   667    -1     1     T
   143  .14406E+03  .27824E+01    5   672    -1     1     T
   144  .14684E+03  .27824E+01    5   677    -1     1     T
   145  .14963E+03  .27824E+01    5   682    -1     1     T
   146  .15214E+03  .25144E+01    2   684    -1     1     T
   147  .15516E+03  .30173E+01    4   688    -1     1     T
   148  .15818E+03  .30173E+01    5   693    -1     1     T
   149  .16119E+03  .30173E+01    5   698    -1     1     T
   150  .16421E+03  .30173E+01    3   701    -1     1     T
   151  .16723E+03  .30173E+01    5   706    -1     1     T
   152  .17073E+03  .35048E+01    5   711    -1     1     T
   153  .17424E+03  .35048E+01    5   716    -1     1     T
   154  .17774E+03  .35048E+01    5   721    -1     1     T
   155  .18125E+03  .35048E+01    5   726    -1     1     T
   156  .18475E+03  .35048E+01    4   730    -1     1     T
   157  .18826E+03  .35048E+01    6   736    -1     1     T
   158  .19176E+03  .35050E+01    5   741    -1     1     T
   159  .19527E+03  .35050E+01    5   746    -1     1     T
   160  .19877E+03  .35050E+01    5   751    -1     1     T
   161  .20228E+03  .35050E+01    5   756    -1     1     T
   162  .20578E+03  .35050E+01    5   761    -1     1     T
   163  .20929E+03  .35050E+01    5   766    -1     1     T
   164  .21289E+03  .36050E+01    5   771    -1     1     T
   165  .21650E+03  .36050E+01    4   775    -1     1     T
   166  .22010E+03  .36050E+01    6   781    -1     1     T
   167  .22371E+03  .36050E+01    4   785    -1     1     T
   168  .22731E+03  .36050E+01    4   789    -1     1     T
   169  .23092E+03  .36050E+01    5   794    -1     1     T
   170  .23452E+03  .36050E+01    4   798    -1     1     T
   171  .23813E+03  .36050E+01    5   803    -1     1     T
   172  .24173E+03  .36050E+01    5   808    -1     1     T
   173  .24534E+03  .36050E+01    5   813    -1     1     T
   174  .24857E+03  .32367E+01    4   817    -1     1     T
   175  .25181E+03  .32367E+01    4   821    -1     1     T
   176  .25505E+03  .32367E+01    5   826    -1     1     T
   177  .25828E+03  .32367E+01    4   830    -1     1     T
   178  .26152E+03  .32367E+01    3   833    -1     1     T
   179  .26476E+03  .32367E+01    5   838    -1     1     T
   180  .26799E+03  .32367E+01    4   842    -1     1     T
   181  .27192E+03  .39304E+01    4   846    -1     1     T
   182  .27585E+03  .39304E+01    4   850    -1     1     T
   183  .27978E+03  .39304E+01    5   855    -1     1     T
   184  .28371E+03  .39304E+01    5   860    -1     1     T
   185  .28764E+03  .39304E+01    4   864    -1     1     T
   186  .29158E+03  .39305E+01    5   869    -1     1     T
   187  .29551E+03  .39305E+01    5   874    -1     1     T
   188  .29944E+03  .39305E+01    4   878    -1     1     T
   189  .30337E+03  .39305E+01    5   883    -1     1     T
   190  .30730E+03  .39310E+01    5   888    -1     1     T
   191  .31239E+03  .50950E+01    4   892    -1     1     T
   192  .31749E+03  .50950E+01    5   897    -1     1     T
   193  .32184E+03  .43555E+01    5   902    -1     1     T
   194  .32620E+03  .43555E+01    4   906    -1     1     T
   195  .33055E+03  .43555E+01    3   909    -1     1     T
   196  .33709E+03  .65332E+01    6   915    -1     1     T
   197  .34362E+03  .65332E+01    5   920    -1     1     T
   198  .34920E+03  .55760E+01    5   925    -1     1     T
   199  .35477E+03  .55760E+01    5   930    -1     1     T
   200  .36035E+03  .55760E+01    5   935    -1     1     T
   201  .36592E+03  .55760E+01    5   940    -1     1     T
   202  .37150E+03  .55760E+01    5   945    -1     1     T
   203  .37751E+03  .60087E+01    5   950    -1     1     T
   204  .38352E+03  .60087E+01    5   955    -1     1     T
   205  .38953E+03  .60087E+01    5   960    -1     1     T
   206  .39554E+03  .60087E+01    5   965    -1     1     T
   207  .40154E+03  .60087E+01    5   970    -1     1     T
   208  .40755E+03  .60087E+01    5   975    -1     1     T
   209  .41281E+03  .52575E+01    4   979    -1     1     T
   210  .41807E+03  .52575E+01    5   984    -1     1     T
   211  .42333E+03  .52575E+01    3   987    -1     1     T
   212  .42990E+03  .65719E+01    5   992    -1     1     T
   213  .43647E+03  .65719E+01    5   997    -1     1     T
   214  .44304E+03  .65719E+01    5  1002    -1     1     T
   215  .44961E+03  .65719E+01    5  1007    -1     1     T
   216  .45682E+03  .72102E+01    5  1012    -1     1     T
   217  .46403E+03  .72102E+01    4  1016    -1     1     T
   218  .47124E+03  .72102E+01    6  1022    -1     1     T
   219  .47845E+03  .72102E+01    5  1027    -1     1     T
   220  .48566E+03  .72102E+01    5  1032    -1     1     T
   221  .49468E+03  .90130E+01    5  1037    -1     1     T
   222  .50369E+03  .90130E+01    6  1043    -1     1     T
   223  .51270E+03  .90130E+01    5  1048    -1     1     T
   224  .52172E+03  .90130E+01    5  1053    -1     1     T
   225  .52873E+03  .70100E+01    5  1058    -1     1     T
   226  .53574E+03  .70100E+01    5  1063    -1     1     T
   227  .54275E+03  .70100E+01    5  1068    -1     1     T
   228  .54976E+03  .70100E+01    4  1072    -1     1     T
   229  .55677E+03  .70100E+01    5  1077    -1     1     T
   230  .56378E+03  .70100E+01    5  1082    -1     1     T
   231  .57074E+03  .69624E+01    5  1087    -1     1     T
   232  .57770E+03  .69624E+01    4  1091    -1     1     T
   233  .58466E+03  .69624E+01    4  1095    -1     1     T
   234  .59163E+03  .69624E+01    5  1100    -1     1     T
   235  .59859E+03  .69624E+01    4  1104    -1     1     T
   236  .60555E+03  .69624E+01    5  1109    -1     1     T
   237  .61251E+03  .69625E+01    4  1113    -1     1     T
   238  .62019E+03  .76780E+01    4  1117    -1     1     T
   239  .62740E+03  .72076E+01    4  1121    -1     1     T
   240  .63461E+03  .72076E+01    5  1126    -1     1     T
   241  .64181E+03  .72076E+01    4  1130    -1     1     T
   242  .64902E+03  .72076E+01    3  1133    -1     1     T
   243  .65983E+03  .10811E+02    6  1139    -1     1     T
   244  .67064E+03  .10811E+02    6  1145    -1     1     T
   245  .68052E+03  .98712E+01    5  1150    -1     1     T
   246  .69039E+03  .98712E+01    5  1155    -1     1     T
   247  .70026E+03  .98712E+01    5  1160    -1     1     T
   248  .71013E+03  .98712E+01    5  1165    -1     1     T
   249  .72000E+03  .98712E+01    5  1170    -1     1     T
   250  .73014E+03  .10141E+02    5  1175    -1     1     T
   251  .74028E+03  .10141E+02    5  1180    -1     1     T
   252  .74916E+03  .88733E+01    4  1184    -1     1     T
   253  .75803E+03  .88733E+01    4  1188    -1     1     T
   254  .76690E+03  .88733E+01    4  1192    -1     1     T
   255  .77577E+03  .88733E+01    4  1196    -1     1     T
   256  .78465E+03  .88733E+01    5  1201    -1     1     T
   257  .79352E+03  .88733E+01    5  1206    -1     1     T
   258  .80239E+03  .88733E+01    3  1209    -1     1     T
   259  .81127E+03  .88732E+01    4  1213    -1     1     T
   260  .82014E+03  .88733E+01    5  1218    -1     1     T
   261  .82901E+03  .88733E+01    4  1222    -1     1     T
   262  .83789E+03  .88733E+01    4  1226    -1     1     T
   263  .84676E+03  .88733E+01    5  1231    -1     1     T
   264  .85563E+03  .88733E+01    4  1235    -1     1     T
   265  .86451E+03  .88733E+01    3  1238    -1     1     T
   266  .88225E+03  .17747E+02    7  1245    -1     1     T
   267  .89095E+03  .86921E+01    3  1248    -1     1     T
   268  .90138E+03  .10431E+02    4  1252    -1     1     T
   269  .91181E+03  .10431E+02    5  1257    -1     1     T
   270  .92224E+03  .10431E+02    4  1261    -1     1     T
   271  .93267E+03  .10431E+02    4  1265    -1     1     T
   272  .94310E+03  .10431E+02    4  1269    -1     1     T
   273  .95324E+03  .10141E+02    3  1272    -1     1     T
   274  .96923E+03  .15986E+02    6  1278    -1     1     T
   275  .98521E+03  .15986E+02    5  1283    -1     1     T
   276  .10012E+04  .15986E+02    6  1289    -1     1     T
   277  .10172E+04  .15986E+02    5  1294    -1     1     T
   278  .10332E+04  .15986E+02    6  1300    -1     1     T
   279  .10485E+04  .15312E+02    4  1304    -1     1     T
   280  .10638E+04  .15312E+02    6  1310    -1     1     T
   281  .10791E+04  .15312E+02    5  1315    -1     1     T
   282  .10944E+04  .15312E+02    6  1321    -1     1     T
   283  .11097E+04  .15312E+02    5  1326    -1     1     T
   284  .11250E+04  .15312E+02    6  1332    -1     1     T
   285  .11382E+04  .13123E+02    4  1336    -1     1     T
   286  .11513E+04  .13123E+02    5  1341    -1     1     T
   287  .11644E+04  .13123E+02    5  1346    -1     1     T
   288  .11775E+04  .13124E+02    5  1351    -1     1     T
   289  .11907E+04  .13124E+02    5  1356    -1     1     T
   290  .12038E+04  .13124E+02    3  1359    -1     1     T
   291  .12300E+04  .26248E+02    7  1366    -1     1     T
   292  .12432E+04  .13123E+02    4  1370    -1     1     T
   293  .12563E+04  .13123E+02    5  1375    -1     1     T
   294  .12694E+04  .13123E+02    5  1380    -1     1     T
   295  .12825E+04  .13123E+02    4  1384    -1     1     T
   296  .12956E+04  .13123E+02    5  1389    -1     1     T
   297  .13088E+04  .13123E+02    3  1392    -1     1     T
   298  .13219E+04  .13120E+02    5  1397    -1     1     T
   299  .13350E+04  .13120E+02    5  1402    -1     1     T
   300  .13525E+04  .17498E+02    4  1406    -1     1     T
   301  .13700E+04  .17498E+02    5  1411    -1     1     T
   302  .13875E+04  .17498E+02    5  1416    -1     1     T
   303  .14050E+04  .17498E+02    5  1421    -1     1     T
   304  .14225E+04  .17498E+02    5  1426    -1     1     T
   305  .14400E+04  .17498E+02    5  1431    -1     1     T
   306  .14571E+04  .17145E+02    5  1436    -1     1     T
   307  .14743E+04  .17145E+02    4  1440    -1     1     T
   308  .14914E+04  .17142E+02    5  1445    -1     1     T
   309  .15086E+04  .17142E+02    5  1450    -1     1     T
   310  .15257E+04  .17142E+02    5  1455    -1     1     T
   311  .15429E+04  .17142E+02    4  1459    -1     1     T
   312  .15600E+04  .17142E+02    4  1463    -1     1     T
   313  .15771E+04  .17142E+02    6  1469    -1     1     T
   314  .15943E+04  .17143E+02    3  1472    -1     1     T
   315  .16149E+04  .20571E+02    5  1477    -1     1     T
   316  .16354E+04  .20571E+02    5  1482    -1     1     T
   317  .16560E+04  .20571E+02    5  1487    -1     1     T
   318  .16766E+04  .20571E+02    4  1491    -1     1     T
   319  .16971E+04  .20571E+02    5  1496    -1     1     T
   320  .17177E+04  .20572E+02    5  1501    -1     1     T
   321  .17383E+04  .20572E+02    5  1506    -1     1     T
   322  .17589E+04  .20572E+02    5  1511    -1     1     T
   323  .17794E+04  .20572E+02    5  1516    -1     1     T
   324  .18000E+04  .20572E+02    5  1521    -1     1     T
   325  .18171E+04  .17145E+02    3  1524    -1     1     T
   326  .18343E+04  .17145E+02    4  1528    -1     1     T
   327  .18600E+04  .25710E+02    6  1534    -1     1     T
   328  .18857E+04  .25710E+02    5  1539    -1     1     T
   329  .19029E+04  .17145E+02    5  1544    -1     1     T
   330  .19200E+04  .17145E+02    4  1548    -1     1     T
   331  .19429E+04  .22857E+02    5  1553    -1     1     T
   332  .19657E+04  .22857E+02    4  1557    -1     1     T
   333  .19886E+04  .22857E+02    5  1562    -1     1     T
   334  .20143E+04  .25715E+02    6  1568    -1     1     T
   335  .20400E+04  .25715E+02    5  1573    -1     1     T
   336  .20606E+04  .20572E+02    5  1578    -1     1     T
   337  .20811E+04  .20572E+02    5  1583    -1     1     T
   338  .21017E+04  .20572E+02    5  1588    -1     1     T
   339  .21223E+04  .20572E+02    4  1592    -1     1     T
   340  .21429E+04  .20572E+02    5  1597    -1     1     T
   341  .21600E+04  .17140E+02    5  1602    -1     1     T
   342  .21771E+04  .17145E+02    3  1605    -1     1     T
   343  .21943E+04  .17145E+02    4  1609    -1     1     T
   344  .22132E+04  .18913E+02    4  1613    -1     1     T
   345  .22321E+04  .18913E+02    4  1617    -1     1     T
   346  .22510E+04  .18913E+02    5  1622    -1     1     T
   347  .22735E+04  .22463E+02    5  1627    -1     1     T
   348  .22960E+04  .22463E+02    4  1631    -1     1     T
   349  .23184E+04  .22463E+02    5  1636    -1     1     T
   350  .23409E+04  .22463E+02    5  1641    -1     1     T
   351  .23633E+04  .22463E+02    4  1645    -1     1     T
   352  .23858E+04  .22463E+02    4  1649    -1     1     T
   353  .24083E+04  .22463E+02    5  1654    -1     1     T
   354  .24307E+04  .22463E+02    5  1659    -1     1     T
   355  .24532E+04  .22463E+02    4  1663    -1     1     T
   356  .24757E+04  .22463E+02    4  1667    -1     1     T
   357  .24981E+04  .22462E+02    5  1672    -1     1     T
   358  .25206E+04  .22463E+02    5  1677    -1     1     T
   359  .25431E+04  .22463E+02    4  1681    -1     1     T
   360  .25655E+04  .22470E+02    4  1685    -1     1     T
   361  .25880E+04  .22463E+02    4  1689    -1     1     T
   362  .26104E+04  .22463E+02    5  1694    -1     1     T
   363  .26329E+04  .22463E+02    4  1698    -1     1     T
   364  .26554E+04  .22463E+02    4  1702    -1     1     T
   365  .26778E+04  .22463E+02    4  1706    -1     1     T
   366  .27003E+04  .22463E+02    5  1711    -1     1     T
   367  .27228E+04  .22460E+02    5  1716    -1     1     T
   368  .27452E+04  .22465E+02    5  1721    -1     1     T
   369  .27677E+04  .22465E+02    4  1725    -1     1     T
   370  .27901E+04  .22460E+02    4  1729    -1     1     T
   371  .28126E+04  .22460E+02    5  1734    -1     1     T
   372  .28351E+04  .22460E+02    4  1738    -1     1     T
   373  .28575E+04  .22465E+02    2  1740    -1     1     T
   374  .28800E+04  .22465E+02    4  1744    -1     1     T
   375  .29025E+04  .22500E+02    5  1749    -1     1     T
   376  .29250E+04  .22500E+02    4  1753    -1     1     T
   377  .29475E+04  .22500E+02    4  1757    -1     1     T
   378  .29700E+04  .22500E+02    4  1761    -1     1     T
   379  .29925E+04  .22500E+02    4  1765    -1     1     T
   380  .30150E+04  .22500E+02    5  1770    -1     1     T
   381  .30375E+04  .22500E+02    5  1775    -1     1     T
   382  .30600E+04  .22500E+02    2  1777    -1     1     T
   383  .30825E+04  .22500E+02    4  1781    -1     1     T
   384  .31050E+04  .22500E+02    5  1786    -1     1     T
   385  .31275E+04  .22500E+02    4  1790    -1     1     T
   386  .31500E+04  .22500E+02    4  1794    -1     1     T
   387  .31725E+04  .22500E+02    4  1798    -1     1     T
   388  .31950E+04  .22500E+02    4  1802    -1     1     T
   389  .32175E+04  .22500E+02    4  1806    -1     1     T
   390  .32400E+04  .22500E+02    4  1810    -1     1     T
   391  .32625E+04  .22500E+02    4  1814    -1     1     T
   392  .32906E+04  .28130E+02    3  1817    -1     1     T
   393  .33188E+04  .28123E+02    4  1821    -1     1     T
   394  .33469E+04  .28123E+02    5  1826    -1     1     T
   395  .33750E+04  .28124E+02    5  1831    -1     1     T
   396  .34031E+04  .28125E+02    4  1835    -1     1     T
   397  .34313E+04  .28125E+02    4  1839    -1     1     T
   398  .34594E+04  .28130E+02    4  1843    -1     1     T
   399  .34875E+04  .28123E+02    5  1848    -1     1     T
   400  .35156E+04  .28123E+02    4  1852    -1     1     T
   401  .35438E+04  .28124E+02    2  1854    -1     1     T
   402  .36000E+04  .56250E+02    5  1859    -1     1     T
   403  .36288E+04  .28800E+02    5  1864    -1     1     T
   404  .36720E+04  .43200E+02    5  1869    -1     1     T
   405  .37152E+04  .43200E+02    5  1874    -1     1     T
   406  .37584E+04  .43200E+02    6  1880    -1     1     T
   407  .38016E+04  .43200E+02    4  1884    -1     1     T
   408  .38304E+04  .28800E+02    4  1888    -1     1     T
   409  .38681E+04  .37660E+02    4  1892    -1     1     T
   410  .39057E+04  .37660E+02    5  1897    -1     1     T
   411  .39434E+04  .37662E+02    4  1901    -1     1     T
   412  .39810E+04  .37662E+02    4  1905    -1     1     T
   413  .40187E+04  .37662E+02    5  1910    -1     1     T
   414  .40564E+04  .37662E+02    3  1913    -1     1     T
   415  .40940E+04  .37662E+02    5  1918    -1     1     T
   416  .41317E+04  .37663E+02    5  1923    -1     1     T
   417  .41694E+04  .37663E+02    4  1927    -1     1     T
   418  .42070E+04  .37664E+02    5  1932    -1     1     T
   419  .42447E+04  .37660E+02    3  1935    -1     1     T
   420  .42823E+04  .37660E+02    5  1940    -1     1     T
   421  .43200E+04  .37660E+02    4  1944    -1     1     T
   422  .43768E+04  .56840E+02    5  1949    -1     1     T
   423  .44337E+04  .56840E+02    5  1954    -1     1     T
   424  .44905E+04  .56845E+02    5  1959    -1     1     T
   425  .45474E+04  .56845E+02    4  1963    -1     1     T
   426  .45966E+04  .49263E+02    4  1967    -1     1     T
   427  .46459E+04  .49263E+02    3  1970    -1     1     T
   428  .46952E+04  .49264E+02    4  1974    -1     1     T
   429  .47469E+04  .51725E+02    4  1978    -1     1     T
   430  .47986E+04  .51725E+02    3  1981    -1     1     T
   431  .48503E+04  .51725E+02    3  1984    -1     1     T
   432  .49021E+04  .51725E+02    4  1988    -1     1     T
   433  .49710E+04  .68970E+02    3  1991    -1     1     T
   434  .50400E+04  .68970E+02    3  1994    -1     1     T
   435  .51055E+04  .65460E+02    4  1998    -1     1     T
   436  .51681E+04  .62647E+02    3  2001    -1     1     T
   437  .52621E+04  .93971E+02    3  2004    -1     1     T
   438  .53560E+04  .93971E+02    4  2008    -1     1     T
   439  .54368E+04  .80790E+02    3  2011    -1     1     T
   440  .55446E+04  .10772E+03    3  2014    -1     1     T
   441  .56523E+04  .10772E+03    3  2017    -1     1     T
   442  .57600E+04  .10772E+03    3  2020    -1     1     T
   443  .59040E+04  .14400E+03    4  2024    -1     1     T
   444  .60480E+04  .14400E+03    3  2027    -1     1     T
   445  .61920E+04  .14400E+03    3  2030    -1     1     T
   446  .63360E+04  .14400E+03    3  2033    -1     1     T
   447  .64800E+04  .14400E+03    3  2036    -1     1     T
   448  .66600E+04  .18000E+03    3  2039    -1     1     T
   449  .68400E+04  .18000E+03    2  2041    -1     1     T
   450  .70200E+04  .18000E+03    2  2043    -1     1     T
   451  .72000E+04  .18000E+03    2  2045    -1     1     T
end
 
 Real time [sec]       2.000000000000000
