 ******* Program HYDRUS
 ******* Transient flow infolving hysteresis with solute transport              
  
 Date:   1.10.    Time:  15: 6:37
 Units: L = cm   , T = hours, M = -    

-----------------------------------------------------
 Time       [T]       .0000
-----------------------------------------------------
 Sub-region num.                   1
-----------------------------------------------------
 Area     [L]         .600E+02   .600E+02
 W-volume [L]         .397E+01   .397E+01
 In-flow  [L/T]       .000E+00   .000E+00
 h Mean   [L]        -.103E+04  -.103E+04
 Top Flux [L/T]       .000E+00
 Bot Flux [L/T]       .000E+00
-----------------------------------------------------

-----------------------------------------------------
 Time       [T]       .1000
-----------------------------------------------------
 Sub-region num.                   1
-----------------------------------------------------
 Area     [L]         .600E+02   .600E+02
 W-volume [L]         .487E+01   .487E+01
 In-flow  [L/T]       .900E+01   .900E+01
 h Mean   [L]        -.955E+03  -.955E+03
 Top Flux [L/T]      -.886E+01
 Bot Flux [L/T]      -.881E-06
 WatBalT  [L]        -.894E-06
 WatBalR  [%]             .000
-----------------------------------------------------

-----------------------------------------------------
 Time       [T]       .5000
-----------------------------------------------------
 Sub-region num.                   1
-----------------------------------------------------
 Area     [L]         .600E+02   .600E+02
 W-volume [L]         .746E+01   .746E+01
 In-flow  [L/T]       .475E+01   .475E+01
 h Mean   [L]        -.812E+03  -.812E+03
 Top Flux [L/T]      -.475E+01
 Bot Flux [L/T]      -.881E-06
 WatBalT  [L]        -.167E-05
 WatBalR  [%]             .000
-----------------------------------------------------

-----------------------------------------------------
 Time       [T]      1.0000
-----------------------------------------------------
 Sub-region num.                   1
-----------------------------------------------------
 Area     [L]         .600E+02   .600E+02
 W-volume [L]         .953E+01   .953E+01
 In-flow  [L/T]       .378E+01   .378E+01
 h Mean   [L]        -.697E+03  -.697E+03
 Top Flux [L/T]      -.378E+01
 Bot Flux [L/T]      -.881E-06
 WatBalT  [L]        -.143E-05
 WatBalR  [%]             .000
-----------------------------------------------------

-----------------------------------------------------
 Time       [T]      2.0000
-----------------------------------------------------
 Sub-region num.                   1
-----------------------------------------------------
 Area     [L]         .600E+02   .600E+02
 W-volume [L]         .953E+01   .953E+01
 In-flow  [L/T]      -.759E-05  -.759E-05
 h Mean   [L]        -.621E+03  -.621E+03
 Top Flux [L/T]      -.136E-01
 Bot Flux [L/T]      -.880E-06
 WatBalT  [L]        -.143E-05
 WatBalR  [%]             .000
-----------------------------------------------------

-----------------------------------------------------
 Time       [T]      4.0000
-----------------------------------------------------
 Sub-region num.                   1
-----------------------------------------------------
 Area     [L]         .600E+02   .600E+02
 W-volume [L]         .953E+01   .953E+01
 In-flow  [L/T]      -.566E-05  -.566E-05
 h Mean   [L]        -.567E+03  -.567E+03
 Top Flux [L/T]      -.453E-02
 Bot Flux [L/T]      -.880E-06
 WatBalT  [L]        -.334E-05
 WatBalR  [%]             .000
-----------------------------------------------------

-----------------------------------------------------
 Time       [T]      6.0000
-----------------------------------------------------
 Sub-region num.                   1
-----------------------------------------------------
 Area     [L]         .600E+02   .600E+02
 W-volume [L]         .953E+01   .953E+01
 In-flow  [L/T]       .148E-05   .148E-05
 h Mean   [L]        -.533E+03  -.533E+03
 Top Flux [L/T]      -.248E-02
 Bot Flux [L/T]      -.880E-06
 WatBalT  [L]        -.525E-05
 WatBalR  [%]             .000
-----------------------------------------------------

-----------------------------------------------------
 Time       [T]      8.0000
-----------------------------------------------------
 Sub-region num.                   1
-----------------------------------------------------
 Area     [L]         .600E+02   .600E+02
 W-volume [L]         .953E+01   .953E+01
 In-flow  [L/T]       .268E-05   .268E-05
 h Mean   [L]        -.508E+03  -.508E+03
 Top Flux [L/T]      -.177E-02
 Bot Flux [L/T]      -.880E-06
 WatBalT  [L]        -.811E-05
 WatBalR  [%]             .000
-----------------------------------------------------

-----------------------------------------------------
 Time       [T]     10.0000
-----------------------------------------------------
 Sub-region num.                   1
-----------------------------------------------------
 Area     [L]         .600E+02   .600E+02
 W-volume [L]         .953E+01   .953E+01
 In-flow  [L/T]      -.208E-05  -.208E-05
 h Mean   [L]        -.488E+03  -.488E+03
 Top Flux [L/T]      -.142E-02
 Bot Flux [L/T]      -.880E-06
 WatBalT  [L]        -.100E-04
 WatBalR  [%]             .000
-----------------------------------------------------

-----------------------------------------------------
 Time       [T]     12.0000
-----------------------------------------------------
 Sub-region num.                   1
-----------------------------------------------------
 Area     [L]         .600E+02   .600E+02
 W-volume [L]         .953E+01   .953E+01
 In-flow  [L/T]       .418E-05   .418E-05
 h Mean   [L]        -.470E+03  -.470E+03
 Top Flux [L/T]      -.122E-02
 Bot Flux [L/T]      -.879E-06
 WatBalT  [L]        -.129E-04
 WatBalR  [%]             .000
-----------------------------------------------------

-----------------------------------------------------
 Time       [T]     12.1000
-----------------------------------------------------
 Sub-region num.                   1
-----------------------------------------------------
 Area     [L]         .600E+02   .600E+02
 W-volume [L]         .973E+01   .973E+01
 In-flow  [L/T]       .200E+01   .200E+01
 h Mean   [L]        -.467E+03  -.467E+03
 Top Flux [L/T]      -.183E+01
 Bot Flux [L/T]      -.879E-06
 WatBalT  [L]        -.105E-04
 WatBalR  [%]             .000
-----------------------------------------------------

-----------------------------------------------------
 Time       [T]     12.5000
-----------------------------------------------------
 Sub-region num.                   1
-----------------------------------------------------
 Area     [L]         .600E+02   .600E+02
 W-volume [L]         .105E+02   .105E+02
 In-flow  [L/T]       .200E+01   .200E+01
 h Mean   [L]        -.458E+03  -.458E+03
 Top Flux [L/T]      -.198E+01
 Bot Flux [L/T]      -.879E-06
 WatBalT  [L]        -.129E-04
 WatBalR  [%]             .000
-----------------------------------------------------

-----------------------------------------------------
 Time       [T]     13.0000
-----------------------------------------------------
 Sub-region num.                   1
-----------------------------------------------------
 Area     [L]         .600E+02   .600E+02
 W-volume [L]         .115E+02   .115E+02
 In-flow  [L/T]       .200E+01   .200E+01
 h Mean   [L]        -.448E+03  -.448E+03
 Top Flux [L/T]      -.199E+01
 Bot Flux [L/T]      -.879E-06
 WatBalT  [L]        -.119E-04
 WatBalR  [%]             .000
-----------------------------------------------------

-----------------------------------------------------
 Time       [T]     14.0000
-----------------------------------------------------
 Sub-region num.                   1
-----------------------------------------------------
 Area     [L]         .600E+02   .600E+02
 W-volume [L]         .115E+02   .115E+02
 In-flow  [L/T]      -.213E-05  -.213E-05
 h Mean   [L]        -.438E+03  -.438E+03
 Top Flux [L/T]      -.117E-01
 Bot Flux [L/T]      -.879E-06
 WatBalT  [L]        -.138E-04
 WatBalR  [%]             .000
-----------------------------------------------------

-----------------------------------------------------
 Time       [T]     16.0000
-----------------------------------------------------
 Sub-region num.                   1
-----------------------------------------------------
 Area     [L]         .600E+02   .600E+02
 W-volume [L]         .115E+02   .115E+02
 In-flow  [L/T]      -.689E-05  -.689E-05
 h Mean   [L]        -.411E+03  -.411E+03
 Top Flux [L/T]      -.413E-02
 Bot Flux [L/T]      -.879E-06
 WatBalT  [L]        -.157E-04
 WatBalR  [%]             .000
-----------------------------------------------------

-----------------------------------------------------
 Time       [T]     20.0000
-----------------------------------------------------
 Sub-region num.                   1
-----------------------------------------------------
 Area     [L]         .600E+02   .600E+02
 W-volume [L]         .115E+02   .115E+02
 In-flow  [L/T]       .237E-05   .237E-05
 h Mean   [L]        -.364E+03  -.364E+03
 Top Flux [L/T]      -.169E-02
 Bot Flux [L/T]      -.879E-06
 WatBalT  [L]        -.186E-04
 WatBalR  [%]             .000
-----------------------------------------------------

-----------------------------------------------------
 Time       [T]     24.0000
-----------------------------------------------------
 Sub-region num.                   1
-----------------------------------------------------
 Area     [L]         .600E+02   .600E+02
 W-volume [L]         .115E+02   .115E+02
 In-flow  [L/T]      -.149E-05  -.149E-05
 h Mean   [L]        -.322E+03  -.322E+03
 Top Flux [L/T]      -.117E-02
 Bot Flux [L/T]      -.878E-06
 WatBalT  [L]        -.243E-04
 WatBalR  [%]             .000
-----------------------------------------------------
