 ******* Program HYDRUS
 ******* Transient flow infolving hysteresis with solute transport              
  
 Date:   1.10.    Time:  15: 6:37
 Units: L = cm   , T = hours, M = -    
 
 CosAlf,MaxIt,TolTh,  TolH
 1.000   20    .001  .10000
 
 TopInF,BotInF,AtmBC,SinkF,WLayer,qGWLF,FreeD,SeepF,lWat,lChem,lTemp,lRoot,lWDep
 
     T     F     T     F     F     F     T     F     T     F     F     F     F

Nodal point information

node      x         hOld    MatN LayN  Beta      Ah       AK      ATh     Temp    Conc(1...NS)         Sorb(1...NS)

   1       .000  -1060.000    1    1    .000    1.000    1.000    1.000
   2     -1.000  -1059.000    1    1    .000    1.000    1.000    1.000
   3     -2.000  -1058.000    1    1    .000    1.000    1.000    1.000
   4     -3.000  -1057.000    1    1    .000    1.000    1.000    1.000
   5     -4.000  -1056.000    1    1    .000    1.000    1.000    1.000
   6     -5.000  -1055.000    1    1    .000    1.000    1.000    1.000
   7     -6.000  -1054.000    1    1    .000    1.000    1.000    1.000
   8     -7.000  -1053.000    1    1    .000    1.000    1.000    1.000
   9     -8.000  -1052.000    1    1    .000    1.000    1.000    1.000
  10     -9.000  -1051.000    1    1    .000    1.000    1.000    1.000
  11    -10.000  -1050.000    1    1    .000    1.000    1.000    1.000
  12    -11.000  -1049.000    1    1    .000    1.000    1.000    1.000
  13    -12.000  -1048.000    1    1    .000    1.000    1.000    1.000
  14    -13.000  -1047.000    1    1    .000    1.000    1.000    1.000
  15    -14.000  -1046.000    1    1    .000    1.000    1.000    1.000
  16    -15.000  -1045.000    1    1    .000    1.000    1.000    1.000
  17    -16.000  -1044.000    1    1    .000    1.000    1.000    1.000
  18    -17.000  -1043.000    1    1    .000    1.000    1.000    1.000
  19    -18.000  -1042.000    1    1    .000    1.000    1.000    1.000
  20    -19.000  -1041.000    1    1    .000    1.000    1.000    1.000
  21    -20.000  -1040.000    1    1    .000    1.000    1.000    1.000
  22    -21.000  -1039.000    1    1    .000    1.000    1.000    1.000
  23    -22.000  -1038.000    1    1    .000    1.000    1.000    1.000
  24    -23.000  -1037.000    1    1    .000    1.000    1.000    1.000
  25    -24.000  -1036.000    1    1    .000    1.000    1.000    1.000
  26    -25.000  -1035.000    1    1    .000    1.000    1.000    1.000
  27    -26.000  -1034.000    1    1    .000    1.000    1.000    1.000
  28    -27.000  -1033.000    1    1    .000    1.000    1.000    1.000
  29    -28.000  -1032.000    1    1    .000    1.000    1.000    1.000
  30    -29.000  -1031.000    1    1    .000    1.000    1.000    1.000
  31    -30.000  -1030.000    1    1    .000    1.000    1.000    1.000
  32    -31.000  -1029.000    1    1    .000    1.000    1.000    1.000
  33    -32.000  -1028.000    1    1    .000    1.000    1.000    1.000
  34    -33.000  -1027.000    1    1    .000    1.000    1.000    1.000
  35    -34.000  -1026.000    1    1    .000    1.000    1.000    1.000
  36    -35.000  -1025.000    1    1    .000    1.000    1.000    1.000
  37    -36.000  -1024.000    1    1    .000    1.000    1.000    1.000
  38    -37.000  -1023.000    1    1    .000    1.000    1.000    1.000
  39    -38.000  -1022.000    1    1    .000    1.000    1.000    1.000
  40    -39.000  -1021.000    1    1    .000    1.000    1.000    1.000
  41    -40.000  -1020.000    1    1    .000    1.000    1.000    1.000
  42    -41.000  -1019.000    1    1    .000    1.000    1.000    1.000
  43    -42.000  -1018.000    1    1    .000    1.000    1.000    1.000
  44    -43.000  -1017.000    1    1    .000    1.000    1.000    1.000
  45    -44.000  -1016.000    1    1    .000    1.000    1.000    1.000
  46    -45.000  -1015.000    1    1    .000    1.000    1.000    1.000
  47    -46.000  -1014.000    1    1    .000    1.000    1.000    1.000
  48    -47.000  -1013.000    1    1    .000    1.000    1.000    1.000
  49    -48.000  -1012.000    1    1    .000    1.000    1.000    1.000
  50    -49.000  -1011.000    1    1    .000    1.000    1.000    1.000
  51    -50.000  -1010.000    1    1    .000    1.000    1.000    1.000
  52    -51.000  -1009.000    1    1    .000    1.000    1.000    1.000
  53    -52.000  -1008.000    1    1    .000    1.000    1.000    1.000
  54    -53.000  -1007.000    1    1    .000    1.000    1.000    1.000
  55    -54.000  -1006.000    1    1    .000    1.000    1.000    1.000
  56    -55.000  -1005.000    1    1    .000    1.000    1.000    1.000
  57    -56.000  -1004.000    1    1    .000    1.000    1.000    1.000
  58    -57.000  -1003.000    1    1    .000    1.000    1.000    1.000
  59    -58.000  -1002.000    1    1    .000    1.000    1.000    1.000
  60    -59.000  -1001.000    1    1    .000    1.000    1.000    1.000
  61    -60.000  -1000.000    1    1    .000    1.000    1.000    1.000
end

 Number of species in the chain :   0


MatNum, Param. array:

   Mat     Qr     Qs        Alfa         n          Ks      l       Qm     QsW  AlfaW      KsW

    1     .050   .450    .229E-01    .202E+01    .500E+01   .500   .450   .400   .043    .300E+01

       Table of Hydraulic Properties which are interpolated in simulation
       =================================================================

  theta         h        log h        C             K        log K          S
   .4500   -.100E-05  -.6000E+01   .0000E+00   .5000E+01   .6990E+00    1.0000
   .4500   -.126E-05  -.5899E+01   .0000E+00   .5000E+01   .6990E+00    1.0000
   .4500   -.159E-05  -.5798E+01   .0000E+00   .5000E+01   .6990E+00    1.0000
   .4500   -.201E-05  -.5697E+01   .0000E+00   .5000E+01   .6990E+00    1.0000
   .4500   -.254E-05  -.5596E+01   .4016E-09   .5000E+01   .6990E+00    1.0000
   .4500   -.320E-05  -.5495E+01   .5089E-09   .5000E+01   .6990E+00    1.0000
   .4500   -.404E-05  -.5394E+01   .6448E-09   .5000E+01   .6990E+00    1.0000
   .4500   -.509E-05  -.5293E+01   .8170E-09   .5000E+01   .6990E+00    1.0000
   .4500   -.643E-05  -.5192E+01   .1035E-08   .5000E+01   .6990E+00    1.0000
   .4500   -.811E-05  -.5091E+01   .1312E-08   .5000E+01   .6990E+00    1.0000
   .4500   -.102E-04  -.4990E+01   .1662E-08   .5000E+01   .6990E+00    1.0000
   .4500   -.129E-04  -.4889E+01   .2106E-08   .5000E+01   .6990E+00    1.0000
   .4500   -.163E-04  -.4788E+01   .2668E-08   .5000E+01   .6990E+00    1.0000
   .4500   -.206E-04  -.4687E+01   .3381E-08   .5000E+01   .6990E+00    1.0000
   .4500   -.260E-04  -.4586E+01   .4284E-08   .5000E+01   .6990E+00    1.0000
   .4500   -.327E-04  -.4485E+01   .5428E-08   .5000E+01   .6990E+00    1.0000
   .4500   -.413E-04  -.4384E+01   .6878E-08   .5000E+01   .6990E+00    1.0000
   .4500   -.521E-04  -.4283E+01   .8715E-08   .5000E+01   .6990E+00    1.0000
   .4500   -.658E-04  -.4182E+01   .1104E-07   .5000E+01   .6990E+00    1.0000
   .4500   -.830E-04  -.4081E+01   .1399E-07   .5000E+01   .6990E+00    1.0000
   .4500   -.105E-03  -.3980E+01   .1773E-07   .5000E+01   .6990E+00    1.0000
   .4500   -.132E-03  -.3879E+01   .2246E-07   .5000E+01   .6990E+00    1.0000
   .4500   -.167E-03  -.3778E+01   .2846E-07   .5000E+01   .6990E+00    1.0000
   .4500   -.210E-03  -.3677E+01   .3606E-07   .5000E+01   .6990E+00    1.0000
   .4500   -.266E-03  -.3576E+01   .4569E-07   .5000E+01   .6990E+00    1.0000
   .4500   -.335E-03  -.3475E+01   .5790E-07   .5000E+01   .6990E+00    1.0000
   .4500   -.423E-03  -.3374E+01   .7336E-07   .5000E+01   .6990E+00    1.0000
   .4500   -.534E-03  -.3273E+01   .9295E-07   .5000E+01   .6990E+00    1.0000
   .4500   -.673E-03  -.3172E+01   .1178E-06   .5000E+01   .6990E+00    1.0000
   .4500   -.850E-03  -.3071E+01   .1492E-06   .5000E+01   .6990E+00    1.0000
   .4500   -.107E-02  -.2970E+01   .1891E-06   .5000E+01   .6990E+00    1.0000
   .4500   -.135E-02  -.2869E+01   .2396E-06   .5000E+01   .6989E+00    1.0000
   .4500   -.171E-02  -.2768E+01   .3036E-06   .5000E+01   .6989E+00    1.0000
   .4500   -.215E-02  -.2667E+01   .3846E-06   .5000E+01   .6989E+00    1.0000
   .4500   -.272E-02  -.2566E+01   .4874E-06   .4999E+01   .6989E+00    1.0000
   .4500   -.343E-02  -.2465E+01   .6175E-06   .4999E+01   .6989E+00    1.0000
   .4500   -.433E-02  -.2364E+01   .7825E-06   .4999E+01   .6989E+00    1.0000
   .4500   -.546E-02  -.2263E+01   .9914E-06   .4999E+01   .6989E+00    1.0000
   .4500   -.689E-02  -.2162E+01   .1256E-05   .4999E+01   .6989E+00    1.0000
   .4500   -.870E-02  -.2061E+01   .1592E-05   .4998E+01   .6988E+00    1.0000
   .4500   -.110E-01  -.1960E+01   .2017E-05   .4998E+01   .6988E+00    1.0000
   .4500   -.138E-01  -.1859E+01   .2555E-05   .4997E+01   .6987E+00    1.0000
   .4500   -.175E-01  -.1758E+01   .3238E-05   .4997E+01   .6987E+00    1.0000
   .4500   -.221E-01  -.1657E+01   .4103E-05   .4996E+01   .6986E+00    1.0000
   .4500   -.278E-01  -.1556E+01   .5199E-05   .4994E+01   .6985E+00    1.0000
   .4500   -.351E-01  -.1455E+01   .6587E-05   .4993E+01   .6984E+00    1.0000
   .4500   -.443E-01  -.1354E+01   .8346E-05   .4991E+01   .6982E+00    1.0000
   .4500   -.559E-01  -.1253E+01   .1058E-04   .4989E+01   .6980E+00    1.0000
   .4500   -.705E-01  -.1152E+01   .1340E-04   .4986E+01   .6977E+00    1.0000
   .4500   -.890E-01  -.1051E+01   .1698E-04   .4982E+01   .6974E+00    1.0000
   .4500   -.112E+00  -.9495E+00   .2151E-04   .4977E+01   .6970E+00    1.0000
   .4500   -.142E+00  -.8485E+00   .2726E-04   .4971E+01   .6964E+00    1.0000
   .4500   -.179E+00  -.7475E+00   .3454E-04   .4963E+01   .6957E+00    1.0000
   .4500   -.226E+00  -.6465E+00   .4376E-04   .4953E+01   .6949E+00    1.0000
   .4500   -.285E+00  -.5455E+00   .5545E-04   .4941E+01   .6938E+00    1.0000
   .4500   -.359E+00  -.4444E+00   .7025E-04   .4925E+01   .6924E+00    1.0000
   .4500   -.453E+00  -.3434E+00   .8901E-04   .4905E+01   .6906E+00     .9999
   .4500   -.572E+00  -.2424E+00   .1128E-03   .4879E+01   .6884E+00     .9999
   .4499   -.722E+00  -.1414E+00   .1429E-03   .4847E+01   .6855E+00     .9999
   .4499   -.911E+00  -.4040E-01   .1810E-03   .4807E+01   .6819E+00     .9998
   .4499   -.115E+01   .6061E-01   .2292E-03   .4756E+01   .6772E+00     .9997
   .4498   -.145E+01   .1616E+00   .2903E-03   .4691E+01   .6713E+00     .9995
   .4497   -.183E+01   .2626E+00   .3675E-03   .4610E+01   .6637E+00     .9992
   .4495   -.231E+01   .3636E+00   .4649E-03   .4509E+01   .6541E+00     .9987
   .4491   -.292E+01   .4646E+00   .5877E-03   .4381E+01   .6416E+00     .9979
   .4486   -.368E+01   .5657E+00   .7418E-03   .4223E+01   .6256E+00     .9966
   .4478   -.464E+01   .6667E+00   .9343E-03   .4026E+01   .6049E+00     .9946
   .4466   -.586E+01   .7677E+00   .1172E-02   .3784E+01   .5780E+00     .9914
   .4445   -.739E+01   .8687E+00   .1463E-02   .3491E+01   .5430E+00     .9863
   .4414   -.933E+01   .9697E+00   .1810E-02   .3141E+01   .4971E+00     .9784
   .4364   -.118E+02   .1071E+01   .2208E-02   .2735E+01   .4370E+00     .9661
   .4290   -.148E+02   .1172E+01   .2639E-02   .2280E+01   .3579E+00     .9474
   .4178   -.187E+02   .1273E+01   .3060E-02   .1795E+01   .2541E+00     .9196
   .4019   -.236E+02   .1374E+01   .3398E-02   .1315E+01   .1189E+00     .8798
   .3802   -.298E+02   .1475E+01   .3561E-02   .8817E+00  -.5467E-01     .8256
   .3526   -.376E+02   .1576E+01   .3476E-02   .5342E+00  -.2723E+00     .7564
   .3199   -.475E+02   .1677E+01   .3132E-02   .2906E+00  -.5368E+00     .6747
   .2842   -.599E+02   .1778E+01   .2600E-02   .1423E+00  -.8469E+00     .5855
   .2482   -.756E+02   .1879E+01   .2004E-02   .6348E-01  -.1197E+01     .4956
   .2144   -.955E+02   .1980E+01   .1452E-02   .2627E-01  -.1581E+01     .4109
   .1841   -.120E+03   .2081E+01   .1004E-02   .1027E-01  -.1988E+01     .3354
   .1582   -.152E+03   .2182E+01   .6705E-03   .3858E-02  -.2414E+01     .2706
   .1367   -.192E+03   .2283E+01   .4377E-03   .1410E-02  -.2851E+01     .2166
   .1190   -.242E+03   .2384E+01   .2814E-03   .5059E-03  -.3296E+01     .1726
   .1048   -.305E+03   .2485E+01   .1791E-03   .1794E-03  -.3746E+01     .1370
   .0934   -.385E+03   .2586E+01   .1132E-03   .6316E-04  -.4200E+01     .1085
   .0843   -.486E+03   .2687E+01   .7131E-04   .2213E-04  -.4655E+01     .0858
   .0771   -.614E+03   .2788E+01   .4479E-04   .7728E-05  -.5112E+01     .0678
   .0714   -.774E+03   .2889E+01   .2809E-04   .2694E-05  -.5570E+01     .0536
   .0669   -.977E+03   .2990E+01   .1760E-04   .9381E-06  -.6028E+01     .0423
   .0634   -.123E+04   .3091E+01   .1102E-04   .3264E-06  -.6486E+01     .0334
   .0606   -.156E+04   .3192E+01   .6897E-05   .1135E-06  -.6945E+01     .0264
   .0583   -.196E+04   .3293E+01   .4315E-05   .3947E-07  -.7404E+01     .0208
   .0566   -.248E+04   .3394E+01   .2700E-05   .1372E-07  -.7863E+01     .0164
   .0552   -.313E+04   .3495E+01   .1689E-05   .4769E-08  -.8322E+01     .0130
   .0541   -.394E+04   .3596E+01   .1056E-05   .1658E-08  -.8781E+01     .0102
   .0532   -.498E+04   .3697E+01   .6608E-06   .5761E-09  -.9240E+01     .0081
   .0526   -.628E+04   .3798E+01   .4133E-06   .2002E-09  -.9699E+01     .0064
   .0520   -.792E+04   .3899E+01   .2585E-06   .6958E-10  -.1016E+02     .0050
   .0516   -.100E+05   .4000E+01   .1617E-06   .2418E-10  -.1062E+02     .0040
end
