 ******* Program HYDRUS
 ******* Transient flow infolving hysteresis with solute transport              
  
 Date:   1.10.    Time:  15: 6:37
 Units: L = cm   , T = hours, M = -    



                             Node(  1)                      Node( 11)                      Node( 21)

       time         h        theta    Temp         h        theta    Temp         h        theta    Temp   
          .000    -948.737   .0676     .000     -1050.000   .0659     .000     -1040.000   .0661     .000
          .000    -713.060   .0694     .000     -1050.000   .0659     .000     -1040.000   .0661     .000
          .000    -593.645   .0717     .000     -1050.000   .0659     .000     -1040.000   .0661     .000
          .001    -478.152   .0748     .000     -1050.000   .0659     .000     -1040.000   .0661     .000
          .001    -385.470   .0787     .000     -1050.000   .0659     .000     -1040.000   .0661     .000
          .001    -311.410   .0834     .000     -1050.000   .0659     .000     -1040.000   .0661     .000
          .001    -248.673   .0897     .000     -1050.000   .0659     .000     -1040.000   .0661     .000
          .002    -179.063   .1023     .000     -1050.000   .0659     .000     -1040.000   .0661     .000
          .003    -148.288   .1110     .000     -1050.000   .0659     .000     -1040.000   .0661     .000
          .003    -120.972   .1222     .000     -1050.000   .0659     .000     -1040.000   .0661     .000
          .004    -104.335   .1317     .000     -1050.000   .0659     .000     -1040.000   .0661     .000
          .005     -82.997   .1495     .000     -1050.000   .0659     .000     -1040.000   .0661     .000
          .006     -72.874   .1620     .000     -1050.000   .0659     .000     -1040.000   .0661     .000
          .007     -63.333   .1751     .000     -1050.000   .0659     .000     -1040.000   .0661     .000
          .008     -57.146   .1871     .000     -1050.000   .0659     .000     -1040.000   .0661     .000
          .008     -52.870   .1954     .000     -1050.000   .0659     .000     -1040.000   .0661     .000
          .009     -49.407   .2033     .000     -1050.000   .0659     .000     -1040.000   .0661     .000
          .010     -45.955   .2127     .000     -1050.000   .0659     .000     -1040.000   .0661     .000
          .011     -42.688   .2217     .000     -1050.000   .0659     .000     -1040.000   .0661     .000
          .012     -39.747   .2303     .000     -1050.000   .0659     .000     -1040.000   .0661     .000
          .013     -36.996   .2404     .000     -1050.000   .0659     .000     -1040.000   .0661     .000
          .014     -34.437   .2498     .000     -1050.000   .0659     .000     -1040.000   .0661     .000
          .017     -30.339   .2664     .000     -1050.000   .0659     .000     -1040.000   .0661     .000
          .019     -28.010   .2770     .000     -1050.000   .0659     .000     -1040.000   .0661     .000
          .020     -25.792   .2872     .000     -1050.000   .0659     .000     -1040.000   .0661     .000
          .022     -24.080   .2958     .000     -1050.000   .0659     .000     -1040.000   .0661     .000
          .024     -22.636   .3036     .000     -1050.000   .0659     .000     -1040.000   .0661     .000
          .027     -20.407   .3154     .000     -1050.000   .0659     .000     -1040.000   .0661     .000
          .030     -18.748   .3248     .000     -1050.000   .0659     .000     -1040.000   .0661     .000
          .033     -17.297   .3329     .000     -1050.000   .0659     .000     -1040.000   .0661     .000
          .036     -15.930   .3407     .000     -1050.000   .0659     .000     -1040.000   .0661     .000
          .039     -14.875   .3466     .000     -1050.000   .0659     .000     -1040.000   .0661     .000
          .042     -13.906   .3520     .000     -1050.000   .0659     .000     -1040.000   .0661     .000
          .045     -13.004   .3571     .000     -1050.000   .0659     .000     -1040.000   .0661     .000
          .048     -12.238   .3612     .000     -1050.000   .0659     .000     -1040.000   .0661     .000
          .051     -11.510   .3650     .000     -1050.000   .0659     .000     -1040.000   .0661     .000
          .054     -10.893   .3682     .000     -1050.000   .0659     .000     -1040.000   .0661     .000
          .057     -10.299   .3712     .000     -1050.000   .0659     .000     -1040.000   .0661     .000
          .060      -9.727   .3740     .000     -1050.000   .0659     .000     -1040.000   .0661     .000
          .064      -9.093   .3770     .000     -1050.000   .0659     .000     -1040.000   .0661     .000
          .068      -8.469   .3798     .000     -1050.000   .0659     .000     -1040.000   .0661     .000
          .073      -7.757   .3830     .000     -1050.000   .0659     .000     -1040.000   .0661     .000
          .079      -7.064   .3857     .000     -1050.000   .0659     .000     -1040.000   .0661     .000
          .084      -6.427   .3881     .000     -1050.000   .0659     .000     -1040.000   .0661     .000
          .089      -5.849   .3901     .000     -1050.000   .0659     .000     -1040.000   .0661     .000
          .095      -5.320   .3918     .000     -1050.000   .0659     .000     -1040.000   .0661     .000
          .100      -4.830   .3933     .000     -1050.000   .0659     .000     -1040.000   .0661     .000
          .105      -4.361   .3945     .000     -1050.000   .0659     .000     -1040.000   .0661     .000
          .110      -3.902   .3957     .000     -1050.000   .0659     .000     -1040.000   .0661     .000
          .116      -3.486   .3966     .000     -1050.000   .0659     .000     -1040.000   .0661     .000
          .121      -3.093   .3974     .000     -1050.000   .0659     .000     -1040.000   .0661     .000
          .126      -2.711   .3980     .000     -1050.000   .0659     .000     -1040.000   .0661     .000
          .131      -2.345   .3986     .000     -1050.000   .0659     .000     -1040.000   .0661     .000
          .136      -1.998   .3991     .000     -1050.000   .0659     .000     -1040.000   .0661     .000
          .142      -1.653   .3994     .000     -1050.000   .0659     .000     -1040.000   .0661     .000
          .147      -1.315   .3997     .000     -1050.000   .0659     .000     -1040.000   .0661     .000
          .152      -1.011   .4000     .000     -1050.000   .0659     .000     -1040.000   .0661     .000
          .157       -.718   .4001     .000     -1050.000   .0659     .000     -1040.000   .0661     .000
          .162       -.419   .4002     .000     -1050.000   .0659     .000     -1040.000   .0661     .000
          .168       -.137   .4003     .000     -1050.000   .0659     .000     -1040.000   .0661     .000
          .173        .000   .4003     .000     -1050.000   .0659     .000     -1040.000   .0661     .000
          .178        .000   .4003     .000     -1050.000   .0659     .000     -1040.000   .0661     .000
          .185        .000   .4003     .000     -1050.000   .0659     .000     -1040.000   .0661     .000
          .191        .000   .4003     .000     -1050.000   .0659     .000     -1040.000   .0661     .000
          .198        .000   .4003     .000     -1050.000   .0659     .000     -1040.000   .0661     .000
          .205        .000   .4003     .000     -1050.000   .0659     .000     -1040.000   .0661     .000
          .211        .000   .4003     .000     -1050.000   .0659     .000     -1040.000   .0661     .000
          .218        .000   .4003     .000     -1050.000   .0659     .000     -1040.000   .0661     .000
          .225        .000   .4003     .000     -1050.000   .0659     .000     -1040.000   .0661     .000
          .232        .000   .4003     .000     -1050.000   .0659     .000     -1040.000   .0661     .000
          .239        .000   .4003     .000     -1050.000   .0659     .000     -1040.000   .0661     .000
          .245        .000   .4003     .000     -1049.999   .0659     .000     -1040.000   .0661     .000
          .252        .000   .4003     .000     -1049.998   .0659     .000     -1040.000   .0661     .000
          .258        .000   .4003     .000     -1049.993   .0659     .000     -1040.000   .0661     .000
          .265        .000   .4003     .000     -1049.975   .0659     .000     -1040.000   .0661     .000
          .272        .000   .4003     .000     -1049.898   .0659     .000     -1040.000   .0661     .000
          .279        .000   .4003     .000     -1049.740   .0659     .000     -1040.000   .0661     .000
          .285        .000   .4003     .000     -1049.460   .0659     .000     -1040.000   .0661     .000
          .292        .000   .4003     .000     -1048.827   .0659     .000     -1040.000   .0661     .000
          .299        .000   .4003     .000     -1046.813   .0660     .000     -1040.000   .0661     .000
          .305        .000   .4003     .000     -1040.604   .0660     .000     -1040.000   .0661     .000
          .314        .000   .4003     .000     -1009.385   .0665     .000     -1040.000   .0661     .000
          .323        .000   .4003     .000      -851.444   .0679     .000     -1040.000   .0661     .000
          .332        .000   .4003     .000      -645.639   .0709     .000     -1040.000   .0661     .000
          .341        .000   .4003     .000      -461.773   .0758     .000     -1040.000   .0661     .000
          .350        .000   .4003     .000      -323.927   .0826     .000     -1040.000   .0661     .000
          .358        .000   .4003     .000      -238.958   .0914     .000     -1040.000   .0661     .000
          .358        .000   .4003     .000      -235.141   .0919     .000     -1040.000   .0661     .000
          .367        .000   .4003     .000      -173.697   .1034     .000     -1040.000   .0661     .000
          .376        .000   .4003     .000      -133.598   .1164     .000     -1040.000   .0661     .000
          .385        .000   .4003     .000      -106.443   .1308     .000     -1040.000   .0661     .000
          .394        .000   .4003     .000       -87.803   .1458     .000     -1040.000   .0661     .000
          .403        .000   .4003     .000       -73.565   .1613     .000     -1040.000   .0661     .000
          .412        .000   .4003     .000       -62.445   .1770     .000     -1040.000   .0661     .000
          .420        .000   .4003     .000       -54.679   .1923     .000     -1040.000   .0661     .000
          .429        .000   .4003     .000       -47.860   .2077     .000     -1040.000   .0661     .000
          .441        .000   .4003     .000       -40.723   .2272     .000     -1040.000   .0661     .000
          .453        .000   .4003     .000       -35.836   .2448     .000     -1040.000   .0661     .000
          .465        .000   .4003     .000       -31.489   .2612     .000     -1040.000   .0661     .000
          .476        .000   .4003     .000       -28.309   .2758     .000     -1040.000   .0661     .000
          .484        .000   .4003     .000       -26.387   .2846     .000     -1040.000   .0661     .000
          .500        .000   .4003     .000       -23.400   .2997     .000     -1040.000   .0661     .000
          .511        .000   .4003     .000       -21.563   .3094     .000     -1040.000   .0661     .000
          .523        .000   .4003     .000       -19.972   .3179     .000     -1040.000   .0661     .000
          .534        .000   .4003     .000       -18.668   .3252     .000     -1040.000   .0661     .000
          .545        .000   .4003     .000       -17.555   .3315     .000     -1040.000   .0661     .000
          .557        .000   .4003     .000       -16.495   .3376     .000     -1040.000   .0661     .000
          .568        .000   .4003     .000       -15.619   .3425     .000     -1040.000   .0661     .000
          .580        .000   .4003     .000       -14.843   .3468     .000     -1040.000   .0661     .000
          .591        .000   .4003     .000       -14.126   .3508     .000     -1040.000   .0661     .000
          .602        .000   .4003     .000       -13.476   .3545     .000     -1040.000   .0661     .000
          .614        .000   .4003     .000       -12.894   .3577     .000     -1040.000   .0661     .000
          .625        .000   .4003     .000       -12.354   .3606     .000     -1040.000   .0661     .000
          .639        .000   .4003     .000       -11.734   .3639     .000     -1040.000   .0661     .000
          .653        .000   .4003     .000       -11.208   .3666     .000     -1040.000   .0661     .000
          .668        .000   .4003     .000       -10.726   .3691     .000     -1040.000   .0661     .000
          .682        .000   .4003     .000       -10.275   .3714     .000     -1040.000   .0661     .000
          .682        .000   .4003     .000       -10.267   .3715     .000     -1040.000   .0661     .000
          .708        .000   .4003     .000        -9.532   .3750     .000     -1040.000   .0661     .000
          .722        .000   .4003     .000        -9.146   .3768     .000     -1040.000   .0661     .000
          .737        .000   .4003     .000        -8.805   .3783     .000     -1040.000   .0661     .000
          .752        .000   .4003     .000        -8.482   .3798     .000     -1040.000   .0661     .000
          .769        .000   .4003     .000        -8.139   .3814     .000     -1040.000   .0661     .000
          .787        .000   .4003     .000        -7.803   .3828     .000     -1040.000   .0661     .000
          .804        .000   .4003     .000        -7.480   .3841     .000     -1040.000   .0661     .000
          .822        .000   .4003     .000        -7.194   .3852     .000     -1040.000   .0661     .000
          .839        .000   .4003     .000        -6.927   .3862     .000     -1040.000   .0661     .000
          .858        .000   .4003     .000        -6.673   .3872     .000     -1040.000   .0661     .000
          .876        .000   .4003     .000        -6.425   .3882     .000     -1039.999   .0661     .000
          .894        .000   .4003     .000        -6.194   .3890     .000     -1039.998   .0661     .000
          .912        .000   .4003     .000        -5.978   .3897     .000     -1039.995   .0661     .000
          .927        .000   .4003     .000        -5.811   .3902     .000     -1039.985   .0661     .000
          .942        .000   .4003     .000        -5.653   .3907     .000     -1039.945   .0661     .000
          .956        .000   .4003     .000        -5.504   .3912     .000     -1039.764   .0661     .000
          .978        .000   .4003     .000        -5.290   .3919     .000     -1038.869   .0661     .000
         1.000        .000   .4003     .000        -5.094   .3925     .000     -1034.041   .0661     .000
         1.001      -3.640   .3992     .000        -5.089   .3925     .000     -1033.672   .0661     .000
         1.002      -4.479   .3984     .000        -5.092   .3925     .000     -1033.407   .0661     .000
         1.003      -5.266   .3978     .000        -5.114   .3925     .000     -1033.022   .0661     .000
         1.005      -5.949   .3971     .000        -5.172   .3923     .000     -1032.462   .0662     .000
         1.014      -8.073   .3945     .000        -5.728   .3905     .000     -1025.894   .0662     .000
         1.018      -9.335   .3927     .000        -7.384   .3899     .000     -1021.663   .0663     .000
         1.025     -10.701   .3902     .000        -8.255   .3886     .000     -1008.246   .0665     .000
         1.044     -13.043   .3857     .000        -9.993   .3860     .000      -818.787   .0682     .000
         1.068     -15.140   .3811     .000       -11.609   .3832     .000      -532.217   .0735     .000
         1.082     -16.117   .3786     .000       -12.345   .3817     .000      -409.244   .0776     .000
         1.100     -17.221   .3759     .000       -13.211   .3799     .000      -300.166   .0848     .000
         1.123     -18.438   .3728     .000       -14.208   .3778     .000      -212.661   .0952     .000
         1.146     -19.493   .3699     .000       -15.055   .3760     .000      -158.867   .1073     .000
         1.169     -20.424   .3673     .000       -15.785   .3742     .000      -127.892   .1186     .000
         1.192     -21.262   .3649     .000       -16.472   .3725     .000      -107.617   .1302     .000
         1.205     -21.707   .3636     .000       -16.843   .3716     .000       -98.429   .1364     .000
         1.215     -22.041   .3627     .000       -17.123   .3709     .000       -92.937   .1412     .000
         1.238     -22.748   .3607     .000       -17.716   .3694     .000       -81.481   .1512     .000
         1.260     -23.376   .3589     .000       -18.240   .3681     .000       -74.835   .1597     .000
         1.282     -23.960   .3572     .000       -18.716   .3669     .000       -68.774   .1677     .000
         1.292     -24.219   .3564     .000       -18.917   .3664     .000       -65.955   .1714     .000
         1.323     -24.951   .3541     .000       -19.499   .3648     .000       -60.348   .1812     .000
         1.354     -25.627   .3521     .000       -20.055   .3632     .000       -55.884   .1898     .000
         1.384     -26.256   .3501     .000       -20.581   .3617     .000       -52.081   .1972     .000
         1.415     -26.846   .3483     .000       -21.080   .3603     .000       -49.480   .2033     .000
         1.419     -26.919   .3481     .000       -21.141   .3602     .000       -49.226   .2040     .000
         1.456     -27.575   .3461     .000       -21.696   .3586     .000       -46.903   .2104     .000
         1.493     -28.190   .3442     .000       -22.216   .3572     .000       -45.040   .2154     .000
         1.523     -28.663   .3428     .000       -22.613   .3560     .000       -43.736   .2191     .000
         1.563     -29.254   .3409     .000       -23.104   .3547     .000       -42.152   .2234     .000
         1.603     -29.812   .3392     .000       -23.561   .3534     .000       -40.990   .2265     .000
         1.643     -30.337   .3376     .000       -23.987   .3521     .000       -40.113   .2292     .000
         1.646     -30.375   .3375     .000       -24.017   .3520     .000       -40.069   .2294     .000
         1.695     -30.970   .3356     .000       -24.506   .3506     .000       -39.259   .2323     .000
         1.743     -31.529   .3339     .000       -24.970   .3492     .000       -38.489   .2351     .000
         1.793     -32.072   .3322     .000       -25.427   .3478     .000       -37.970   .2371     .000
         1.818     -32.335   .3314     .000       -25.650   .3471     .000       -37.732   .2379     .000
         1.843     -32.592   .3306     .000       -25.868   .3465     .000       -37.526   .2387     .000
         1.870     -32.855   .3298     .000       -26.093   .3458     .000       -37.324   .2394     .000
         1.896     -33.111   .3290     .000       -26.313   .3451     .000       -37.130   .2401     .000
         1.934     -33.464   .3279     .000       -26.618   .3442     .000       -36.861   .2411     .000
         1.972     -33.804   .3269     .000       -26.912   .3433     .000       -36.625   .2420     .000
         2.000     -34.054   .3261     .000       -27.128   .3427     .000       -36.470   .2425     .000
         2.050     -34.473   .3248     .000       -27.493   .3416     .000       -36.231   .2434     .000
         2.100     -34.875   .3235     .000       -27.842   .3405     .000       -36.024   .2442     .000
         2.150     -35.261   .3223     .000       -28.178   .3395     .000       -35.831   .2449     .000
         2.200     -35.632   .3212     .000       -28.500   .3385     .000       -35.647   .2455     .000
         2.250     -35.989   .3201     .000       -28.809   .3376     .000       -35.478   .2462     .000
         2.275     -36.165   .3195     .000       -28.960   .3371     .000       -35.404   .2464     .000
         2.300     -36.337   .3190     .000       -29.108   .3367     .000       -35.340   .2467     .000
         2.350     -36.668   .3180     .000       -29.393   .3358     .000       -35.274   .2469     .000
         2.375     -36.832   .3175     .000       -29.533   .3354     .000       -35.253   .2470     .000
         2.400     -36.992   .3170     .000       -29.670   .3350     .000       -35.239   .2470     .000
         2.450     -37.301   .3160     .000       -29.935   .3342     .000       -35.224   .2471     .000
         2.500     -37.600   .3151     .000       -30.191   .3334     .000       -35.223   .2471     .000
         2.550     -37.894   .3142     .000       -30.440   .3326     .000       -35.233   .2471     .000
         2.600     -38.177   .3134     .000       -30.683   .3319     .000       -35.253   .2470     .000
         2.625     -38.316   .3130     .000       -30.803   .3315     .000       -35.264   .2469     .000
         2.650     -38.453   .3126     .000       -30.922   .3312     .000       -35.277   .2469     .000
         2.700     -38.720   .3118     .000       -31.152   .3305     .000       -35.305   .2468     .000
         2.750     -38.982   .3111     .000       -31.378   .3298     .000       -35.333   .2467     .000
         2.800     -39.236   .3103     .000       -31.598   .3291     .000       -35.364   .2466     .000
         2.850     -39.482   .3096     .000       -31.813   .3285     .000       -35.396   .2465     .000
         2.875     -39.604   .3093     .000       -31.919   .3281     .000       -35.412   .2464     .000
         2.900     -39.725   .3089     .000       -32.024   .3278     .000       -35.428   .2463     .000
         2.950     -39.961   .3082     .000       -32.230   .3272     .000       -35.460   .2462     .000
         3.000     -40.190   .3076     .000       -32.432   .3266     .000       -35.491   .2461     .000
         3.050     -40.413   .3069     .000       -32.629   .3260     .000       -35.523   .2460     .000
         3.100     -40.633   .3063     .000       -32.823   .3254     .000       -35.558   .2459     .000
         3.150     -40.847   .3057     .000       -33.012   .3248     .000       -35.596   .2457     .000
         3.200     -41.057   .3050     .000       -33.198   .3242     .000       -35.639   .2456     .000
         3.225     -41.160   .3047     .000       -33.290   .3240     .000       -35.662   .2455     .000
         3.250     -41.262   .3044     .000       -33.381   .3237     .000       -35.685   .2454     .000
         3.300     -41.463   .3039     .000       -33.560   .3231     .000       -35.735   .2452     .000
         3.350     -41.660   .3033     .000       -33.736   .3226     .000       -35.786   .2450     .000
         3.400     -41.852   .3027     .000       -33.909   .3221     .000       -35.839   .2448     .000
         3.450     -42.041   .3022     .000       -34.079   .3215     .000       -35.894   .2446     .000
         3.475     -42.134   .3019     .000       -34.163   .3213     .000       -35.921   .2445     .000
         3.500     -42.227   .3016     .000       -34.246   .3210     .000       -35.949   .2444     .000
         3.550     -42.409   .3011     .000       -34.410   .3205     .000       -36.006   .2442     .000
         3.600     -42.587   .3006     .000       -34.572   .3200     .000       -36.063   .2440     .000
         3.650     -42.763   .3001     .000       -34.730   .3196     .000       -36.120   .2438     .000
         3.700     -42.935   .2996     .000       -34.887   .3191     .000       -36.179   .2436     .000
         3.725     -43.020   .2993     .000       -34.965   .3188     .000       -36.208   .2435     .000
         3.750     -43.105   .2991     .000       -35.042   .3186     .000       -36.237   .2434     .000
         3.800     -43.271   .2986     .000       -35.195   .3181     .000       -36.294   .2432     .000
         3.850     -43.435   .2981     .000       -35.345   .3177     .000       -36.350   .2430     .000
         3.875     -43.516   .2979     .000       -35.420   .3175     .000       -36.378   .2429     .000
         3.900     -43.596   .2977     .000       -35.494   .3172     .000       -36.406   .2428     .000
         3.938     -43.716   .2973     .000       -35.604   .3169     .000       -36.447   .2426     .000
         3.975     -43.834   .2970     .000       -35.713   .3166     .000       -36.487   .2425     .000
         4.000     -43.912   .2968     .000       -35.785   .3163     .000       -36.513   .2424     .000
         4.050     -44.066   .2963     .000       -35.927   .3159     .000       -36.565   .2422     .000
         4.100     -44.217   .2959     .000       -36.067   .3155     .000       -36.616   .2420     .000
         4.150     -44.366   .2954     .000       -36.205   .3151     .000       -36.667   .2418     .000
         4.200     -44.514   .2950     .000       -36.341   .3147     .000       -36.718   .2416     .000
         4.250     -44.659   .2946     .000       -36.474   .3142     .000       -36.769   .2414     .000
         4.300     -44.802   .2942     .000       -36.606   .3138     .000       -36.822   .2412     .000
         4.350     -44.943   .2938     .000       -36.736   .3134     .000       -36.874   .2411     .000
         4.375     -45.013   .2936     .000       -36.800   .3132     .000       -36.901   .2410     .000
         4.400     -45.083   .2934     .000       -36.864   .3131     .000       -36.928   .2409     .000
         4.450     -45.220   .2930     .000       -36.990   .3127     .000       -36.983   .2407     .000
         4.475     -45.288   .2928     .000       -37.053   .3125     .000       -37.011   .2406     .000
         4.500     -45.356   .2926     .000       -37.116   .3123     .000       -37.039   .2405     .000
         4.550     -45.490   .2922     .000       -37.238   .3119     .000       -37.096   .2402     .000
         4.600     -45.622   .2918     .000       -37.359   .3115     .000       -37.153   .2400     .000
         4.650     -45.752   .2914     .000       -37.478   .3112     .000       -37.211   .2398     .000
         4.675     -45.816   .2912     .000       -37.537   .3110     .000       -37.240   .2397     .000
         4.700     -45.881   .2910     .000       -37.596   .3108     .000       -37.270   .2396     .000
         4.750     -46.007   .2907     .000       -37.713   .3105     .000       -37.329   .2394     .000
         4.800     -46.133   .2903     .000       -37.828   .3101     .000       -37.388   .2392     .000
         4.850     -46.256   .2899     .000       -37.942   .3098     .000       -37.447   .2390     .000
         4.900     -46.378   .2896     .000       -38.054   .3095     .000       -37.506   .2387     .000
         4.950     -46.499   .2892     .000       -38.164   .3092     .000       -37.565   .2385     .000
         5.000     -46.618   .2889     .000       -38.273   .3089     .000       -37.624   .2383     .000
         5.025     -46.677   .2887     .000       -38.327   .3087     .000       -37.653   .2382     .000
         5.050     -46.736   .2885     .000       -38.381   .3086     .000       -37.682   .2381     .000
         5.100     -46.852   .2882     .000       -38.489   .3083     .000       -37.741   .2379     .000
         5.150     -46.967   .2879     .000       -38.595   .3080     .000       -37.798   .2377     .000
         5.200     -47.081   .2875     .000       -38.700   .3077     .000       -37.856   .2375     .000
         5.225     -47.137   .2874     .000       -38.752   .3075     .000       -37.884   .2374     .000
         5.250     -47.193   .2872     .000       -38.804   .3074     .000       -37.913   .2373     .000
         5.300     -47.304   .2869     .000       -38.906   .3071     .000       -37.969   .2370     .000
         5.350     -47.414   .2866     .000       -39.007   .3068     .000       -38.025   .2368     .000
         5.400     -47.523   .2863     .000       -39.108   .3065     .000       -38.081   .2366     .000
         5.450     -47.634   .2860     .000       -39.207   .3062     .000       -38.137   .2364     .000
         5.475     -47.689   .2859     .000       -39.257   .3061     .000       -38.165   .2363     .000
         5.500     -47.743   .2857     .000       -39.306   .3059     .000       -38.192   .2362     .000
         5.550     -47.849   .2855     .000       -39.403   .3056     .000       -38.247   .2360     .000
         5.600     -47.954   .2852     .000       -39.500   .3054     .000       -38.302   .2358     .000
         5.650     -48.058   .2849     .000       -39.595   .3051     .000       -38.357   .2356     .000
         5.675     -48.109   .2848     .000       -39.642   .3050     .000       -38.384   .2355     .000
         5.700     -48.160   .2847     .000       -39.690   .3048     .000       -38.412   .2354     .000
         5.725     -48.211   .2845     .000       -39.736   .3047     .000       -38.439   .2353     .000
         5.750     -48.262   .2844     .000       -39.783   .3046     .000       -38.466   .2352     .000
         5.800     -48.362   .2842     .000       -39.876   .3043     .000       -38.521   .2350     .000
         5.850     -48.461   .2839     .000       -39.968   .3040     .000       -38.575   .2348     .000
         5.900     -48.562   .2837     .000       -40.059   .3038     .000       -38.629   .2346     .000
         5.950     -48.663   .2834     .000       -40.149   .3035     .000       -38.683   .2344     .000
         5.975     -48.713   .2833     .000       -40.194   .3034     .000       -38.710   .2343     .000
         6.000     -48.763   .2832     .000       -40.239   .3033     .000       -38.737   .2342     .000
         6.025     -48.812   .2830     .000       -40.283   .3031     .000       -38.764   .2341     .000
         6.050     -48.860   .2829     .000       -40.327   .3030     .000       -38.791   .2340     .000
         6.100     -48.957   .2827     .000       -40.415   .3028     .000       -38.845   .2338     .000
         6.150     -49.052   .2824     .000       -40.502   .3025     .000       -38.898   .2336     .000
         6.200     -49.145   .2822     .000       -40.588   .3023     .000       -38.951   .2335     .000
         6.225     -49.192   .2821     .000       -40.631   .3021     .000       -38.978   .2334     .000
         6.250     -49.238   .2820     .000       -40.674   .3020     .000       -39.004   .2333     .000
         6.300     -49.330   .2817     .000       -40.759   .3018     .000       -39.057   .2331     .000
         6.350     -49.421   .2815     .000       -40.843   .3015     .000       -39.111   .2329     .000
         6.400     -49.512   .2813     .000       -40.926   .3013     .000       -39.167   .2327     .000
         6.450     -49.604   .2810     .000       -41.009   .3011     .000       -39.224   .2325     .000
         6.500     -49.694   .2808     .000       -41.091   .3008     .000       -39.280   .2322     .000
         6.525     -49.739   .2807     .000       -41.132   .3007     .000       -39.309   .2321     .000
         6.550     -49.784   .2806     .000       -41.172   .3006     .000       -39.337   .2320     .000
         6.600     -49.872   .2804     .000       -41.253   .3004     .000       -39.393   .2318     .000
         6.625     -49.916   .2803     .000       -41.293   .3002     .000       -39.421   .2317     .000
         6.650     -49.960   .2802     .000       -41.333   .3001     .000       -39.449   .2316     .000
         6.700     -50.046   .2799     .000       -41.413   .2999     .000       -39.505   .2314     .000
         6.750     -50.131   .2797     .000       -41.492   .2997     .000       -39.560   .2312     .000
         6.800     -50.216   .2795     .000       -41.570   .2995     .000       -39.615   .2310     .000
         6.850     -50.299   .2793     .000       -41.648   .2992     .000       -39.670   .2308     .000
         6.900     -50.382   .2791     .000       -41.725   .2990     .000       -39.725   .2306     .000
         6.950     -50.465   .2789     .000       -41.802   .2988     .000       -39.780   .2304     .000
         6.975     -50.507   .2788     .000       -41.840   .2987     .000       -39.807   .2303     .000
         7.000     -50.549   .2787     .000       -41.878   .2986     .000       -39.834   .2302     .000
         7.050     -50.631   .2785     .000       -41.954   .2984     .000       -39.888   .2300     .000
         7.100     -50.713   .2783     .000       -42.029   .2981     .000       -39.942   .2298     .000
         7.150     -50.793   .2781     .000       -42.104   .2979     .000       -39.996   .2296     .000
         7.200     -50.873   .2779     .000       -42.178   .2977     .000       -40.049   .2294     .000
         7.250     -50.952   .2777     .000       -42.251   .2975     .000       -40.103   .2292     .000
         7.300     -51.031   .2775     .000       -42.324   .2973     .000       -40.156   .2290     .000
         7.350     -51.108   .2773     .000       -42.396   .2971     .000       -40.209   .2289     .000
         7.400     -51.185   .2771     .000       -42.468   .2969     .000       -40.262   .2287     .000
         7.450     -51.261   .2769     .000       -42.539   .2967     .000       -40.315   .2285     .000
         7.475     -51.299   .2768     .000       -42.575   .2966     .000       -40.342   .2284     .000
         7.500     -51.337   .2767     .000       -42.610   .2965     .000       -40.368   .2283     .000
         7.525     -51.375   .2766     .000       -42.645   .2964     .000       -40.396   .2282     .000
         7.550     -51.413   .2765     .000       -42.680   .2963     .000       -40.428   .2281     .000
         7.600     -51.489   .2763     .000       -42.750   .2961     .000       -40.487   .2279     .000
         7.650     -51.564   .2761     .000       -42.820   .2959     .000       -40.544   .2278     .000
         7.700     -51.638   .2759     .000       -42.888   .2957     .000       -40.600   .2276     .000
         7.750     -51.712   .2758     .000       -42.957   .2955     .000       -40.656   .2275     .000
         7.800     -51.785   .2756     .000       -43.025   .2953     .000       -40.711   .2273     .000
         7.850     -51.857   .2754     .000       -43.092   .2951     .000       -40.766   .2272     .000
         7.900     -51.929   .2752     .000       -43.159   .2949     .000       -40.821   .2270     .000
         7.938     -51.982   .2751     .000       -43.209   .2948     .000       -40.862   .2269     .000
         7.975     -52.035   .2749     .000       -43.259   .2946     .000       -40.902   .2268     .000
         8.000     -52.071   .2749     .000       -43.292   .2945     .000       -40.930   .2267     .000
         8.050     -52.141   .2747     .000       -43.357   .2943     .000       -40.983   .2266     .000
         8.100     -52.210   .2745     .000       -43.423   .2942     .000       -41.037   .2264     .000
         8.150     -52.280   .2743     .000       -43.488   .2940     .000       -41.091   .2263     .000
         8.175     -52.314   .2742     .000       -43.520   .2939     .000       -41.117   .2262     .000
         8.200     -52.349   .2742     .000       -43.552   .2938     .000       -41.144   .2261     .000
         8.250     -52.417   .2740     .000       -43.616   .2936     .000       -41.197   .2260     .000
         8.300     -52.485   .2738     .000       -43.680   .2934     .000       -41.250   .2258     .000
         8.350     -52.553   .2736     .000       -43.744   .2932     .000       -41.305   .2257     .000
         8.400     -52.620   .2735     .000       -43.807   .2931     .000       -41.358   .2255     .000
         8.425     -52.654   .2734     .000       -43.838   .2930     .000       -41.385   .2255     .000
         8.450     -52.687   .2733     .000       -43.869   .2929     .000       -41.411   .2254     .000
         8.500     -52.753   .2731     .000       -43.931   .2927     .000       -41.463   .2253     .000
         8.550     -52.819   .2730     .000       -43.993   .2925     .000       -41.514   .2251     .000
         8.575     -52.852   .2729     .000       -44.024   .2924     .000       -41.540   .2250     .000
         8.600     -52.885   .2728     .000       -44.055   .2924     .000       -41.565   .2250     .000
         8.650     -52.949   .2726     .000       -44.116   .2922     .000       -41.615   .2248     .000
         8.700     -53.014   .2725     .000       -44.177   .2920     .000       -41.665   .2247     .000
         8.725     -53.046   .2724     .000       -44.207   .2919     .000       -41.690   .2246     .000
         8.750     -53.078   .2723     .000       -44.237   .2918     .000       -41.714   .2246     .000
         8.800     -53.141   .2722     .000       -44.298   .2917     .000       -41.763   .2244     .000
         8.850     -53.204   .2720     .000       -44.358   .2915     .000       -41.812   .2243     .000
         8.900     -53.268   .2719     .000       -44.418   .2913     .000       -41.861   .2242     .000
         8.950     -53.330   .2717     .000       -44.478   .2911     .000       -41.910   .2240     .000
         8.975     -53.362   .2716     .000       -44.507   .2911     .000       -41.934   .2240     .000
         9.000     -53.393   .2715     .000       -44.537   .2910     .000       -41.958   .2239     .000
         9.050     -53.455   .2714     .000       -44.596   .2908     .000       -42.006   .2238     .000
         9.100     -53.516   .2712     .000       -44.655   .2906     .000       -42.053   .2236     .000
         9.150     -53.578   .2711     .000       -44.714   .2905     .000       -42.100   .2235     .000
         9.200     -53.639   .2709     .000       -44.772   .2903     .000       -42.146   .2234     .000
         9.250     -53.699   .2708     .000       -44.830   .2901     .000       -42.192   .2233     .000
         9.300     -53.759   .2706     .000       -44.888   .2900     .000       -42.238   .2231     .000
         9.350     -53.819   .2705     .000       -44.946   .2898     .000       -42.284   .2230     .000
         9.400     -53.879   .2703     .000       -45.003   .2896     .000       -42.329   .2229     .000
         9.425     -53.908   .2702     .000       -45.032   .2896     .000       -42.351   .2228     .000
         9.450     -53.938   .2702     .000       -45.061   .2895     .000       -42.374   .2228     .000
         9.475     -53.967   .2701     .000       -45.090   .2894     .000       -42.396   .2227     .000
         9.500     -53.997   .2700     .000       -45.119   .2893     .000       -42.419   .2226     .000
         9.525     -54.026   .2699     .000       -45.148   .2892     .000       -42.441   .2226     .000
         9.550     -54.056   .2699     .000       -45.177   .2891     .000       -42.463   .2225     .000
         9.575     -54.085   .2698     .000       -45.206   .2891     .000       -42.485   .2225     .000
         9.600     -54.114   .2697     .000       -45.234   .2890     .000       -42.507   .2224     .000
         9.650     -54.173   .2696     .000       -45.292   .2888     .000       -42.551   .2223     .000
         9.700     -54.231   .2694     .000       -45.349   .2887     .000       -42.594   .2222     .000
         9.750     -54.289   .2693     .000       -45.405   .2885     .000       -42.637   .2221     .000
         9.800     -54.346   .2691     .000       -45.462   .2883     .000       -42.680   .2219     .000
         9.850     -54.404   .2690     .000       -45.518   .2882     .000       -42.722   .2218     .000
         9.900     -54.461   .2689     .000       -45.574   .2880     .000       -42.764   .2217     .000
         9.950     -54.518   .2687     .000       -45.630   .2879     .000       -42.806   .2216     .000
        10.000     -54.575   .2686     .000       -45.685   .2877     .000       -42.848   .2215     .000
        10.050     -54.631   .2684     .000       -45.740   .2875     .000       -42.889   .2214     .000
        10.100     -54.688   .2683     .000       -45.795   .2874     .000       -42.931   .2212     .000
        10.150     -54.744   .2681     .000       -45.850   .2872     .000       -42.972   .2211     .000
        10.200     -54.799   .2680     .000       -45.904   .2871     .000       -43.012   .2210     .000
        10.250     -54.855   .2679     .000       -45.959   .2869     .000       -43.053   .2209     .000
        10.300     -54.910   .2677     .000       -46.013   .2868     .000       -43.094   .2208     .000
        10.350     -54.965   .2676     .000       -46.068   .2866     .000       -43.134   .2207     .000
        10.400     -55.020   .2675     .000       -46.121   .2865     .000       -43.174   .2206     .000
        10.450     -55.075   .2673     .000       -46.175   .2863     .000       -43.214   .2205     .000
        10.500     -55.130   .2672     .000       -46.228   .2861     .000       -43.253   .2204     .000
        10.525     -55.157   .2671     .000       -46.254   .2861     .000       -43.273   .2203     .000
        10.550     -55.184   .2670     .000       -46.281   .2860     .000       -43.293   .2203     .000
        10.575     -55.212   .2670     .000       -46.307   .2859     .000       -43.312   .2202     .000
        10.600     -55.239   .2669     .000       -46.333   .2858     .000       -43.332   .2202     .000
        10.650     -55.293   .2668     .000       -46.386   .2857     .000       -43.371   .2200     .000
        10.700     -55.346   .2666     .000       -46.438   .2855     .000       -43.410   .2199     .000
        10.750     -55.400   .2665     .000       -46.490   .2854     .000       -43.449   .2198     .000
        10.775     -55.427   .2664     .000       -46.515   .2853     .000       -43.468   .2198     .000
        10.800     -55.453   .2664     .000       -46.541   .2853     .000       -43.488   .2197     .000
        10.850     -55.506   .2662     .000       -46.592   .2851     .000       -43.526   .2196     .000
        10.900     -55.559   .2661     .000       -46.643   .2850     .000       -43.564   .2195     .000
        10.950     -55.612   .2660     .000       -46.694   .2848     .000       -43.602   .2194     .000
        11.000     -55.664   .2658     .000       -46.746   .2847     .000       -43.640   .2193     .000
        11.050     -55.716   .2657     .000       -46.797   .2845     .000       -43.678   .2192     .000
        11.100     -55.768   .2656     .000       -46.848   .2844     .000       -43.715   .2191     .000
        11.150     -55.820   .2654     .000       -46.898   .2842     .000       -43.753   .2190     .000
        11.175     -55.846   .2654     .000       -46.923   .2842     .000       -43.771   .2190     .000
        11.200     -55.872   .2653     .000       -46.948   .2841     .000       -43.790   .2189     .000
        11.250     -55.923   .2652     .000       -46.998   .2839     .000       -43.827   .2188     .000
        11.300     -55.975   .2651     .000       -47.048   .2838     .000       -43.864   .2187     .000
        11.325     -56.000   .2650     .000       -47.072   .2837     .000       -43.883   .2186     .000
        11.350     -56.026   .2649     .000       -47.097   .2837     .000       -43.901   .2186     .000
        11.400     -56.077   .2648     .000       -47.146   .2835     .000       -43.938   .2185     .000
        11.450     -56.127   .2647     .000       -47.194   .2834     .000       -43.974   .2184     .000
        11.500     -56.178   .2645     .000       -47.243   .2832     .000       -44.011   .2183     .000
        11.550     -56.228   .2644     .000       -47.291   .2831     .000       -44.047   .2182     .000
        11.600     -56.278   .2643     .000       -47.339   .2830     .000       -44.083   .2181     .000
        11.650     -56.328   .2642     .000       -47.387   .2828     .000       -44.119   .2180     .000
        11.675     -56.353   .2641     .000       -47.411   .2828     .000       -44.137   .2180     .000
        11.700     -56.377   .2640     .000       -47.435   .2827     .000       -44.155   .2179     .000
        11.750     -56.427   .2639     .000       -47.482   .2826     .000       -44.190   .2178     .000
        11.800     -56.476   .2638     .000       -47.530   .2824     .000       -44.226   .2177     .000
        11.850     -56.525   .2637     .000       -47.579   .2823     .000       -44.262   .2176     .000
        11.900     -56.574   .2636     .000       -47.626   .2822     .000       -44.297   .2175     .000
        11.925     -56.598   .2635     .000       -47.650   .2821     .000       -44.315   .2175     .000
        11.950     -56.622   .2634     .000       -47.674   .2821     .000       -44.332   .2174     .000
        11.975     -56.647   .2634     .000       -47.697   .2820     .000       -44.350   .2174     .000
        12.000     -56.671   .2633     .000       -47.720   .2820     .000       -44.367   .2173     .000
        12.000     -56.513   .2637     .000       -47.721   .2820     .000       -44.367   .2173     .000
        12.000     -56.312   .2642     .000       -47.721   .2820     .000       -44.368   .2173     .000
        12.000     -56.075   .2648     .000       -47.721   .2820     .000       -44.368   .2173     .000
        12.001     -55.764   .2656     .000       -47.721   .2820     .000       -44.368   .2173     .000
        12.001     -55.166   .2671     .000       -47.721   .2820     .000       -44.368   .2173     .000
        12.001     -54.276   .2682     .000       -47.722   .2820     .000       -44.368   .2173     .000
        12.002     -52.688   .2703     .000       -47.722   .2820     .000       -44.369   .2173     .000
        12.003     -51.310   .2721     .000       -47.723   .2820     .000       -44.369   .2173     .000
        12.003     -50.059   .2741     .000       -47.724   .2820     .000       -44.370   .2173     .000
        12.005     -48.746   .2765     .000       -47.725   .2820     .000       -44.371   .2173     .000
        12.006     -47.297   .2792     .000       -47.726   .2819     .000       -44.371   .2173     .000
        12.008     -45.632   .2822     .000       -47.728   .2819     .000       -44.373   .2173     .000
        12.010     -43.527   .2861     .000       -47.730   .2819     .000       -44.374   .2173     .000
        12.013     -41.384   .2900     .000       -47.733   .2819     .000       -44.377   .2173     .000
        12.017     -39.303   .2944     .000       -47.736   .2819     .000       -44.379   .2173     .000
        12.021     -37.674   .2984     .000       -47.740   .2819     .000       -44.382   .2173     .000
        12.025     -36.178   .3020     .000       -47.744   .2819     .000       -44.385   .2173     .000
        12.033     -33.460   .3087     .000       -47.751   .2819     .000       -44.391   .2173     .000
        12.044     -30.809   .3158     .000       -47.760   .2819     .000       -44.398   .2172     .000
        12.056     -28.721   .3222     .000       -47.765   .2819     .000       -44.406   .2172     .000
        12.067     -26.820   .3280     .000       -47.763   .2819     .000       -44.415   .2172     .000
        12.079     -25.170   .3331     .000       -47.752   .2819     .000       -44.423   .2172     .000
        12.100     -23.199   .3400     .000       -47.678   .2821     .000       -44.437   .2171     .000
        12.127     -20.938   .3480     .000       -47.451   .2826     .000       -44.457   .2171     .000
        12.155     -19.309   .3539     .000       -47.050   .2838     .000       -44.476   .2170     .000
        12.190     -17.647   .3602     .000       -46.188   .2855     .000       -44.500   .2170     .000
        12.226     -16.262   .3654     .000       -44.991   .2877     .000       -44.523   .2169     .000
        12.265     -15.046   .3699     .000       -43.424   .2904     .000       -44.547   .2168     .000
        12.304     -14.038   .3737     .000       -41.645   .2936     .000       -44.566   .2168     .000
        12.343     -13.210   .3768     .000       -39.726   .2974     .000       -44.578   .2167     .000
        12.393     -12.298   .3801     .000       -37.097   .3036     .000       -44.571   .2168     .000
        12.430     -11.738   .3821     .000       -35.062   .3085     .000       -44.552   .2168     .000
        12.466     -11.236   .3838     .000       -32.932   .3135     .000       -44.514   .2169     .000
        12.500     -10.812   .3853     .000       -30.980   .3188     .000       -44.458   .2171     .000
        12.550     -10.251   .3872     .000       -28.173   .3271     .000       -44.319   .2175     .000
        12.575     -10.005   .3881     .000       -26.791   .3312     .000       -44.235   .2177     .000
        12.600      -9.764   .3888     .000       -25.449   .3352     .000       -44.131   .2180     .000
        12.650      -9.317   .3902     .000       -23.046   .3434     .000       -43.825   .2188     .000
        12.700      -8.930   .3913     .000       -20.916   .3507     .000       -43.394   .2200     .000
        12.725      -8.755   .3919     .000       -19.918   .3542     .000       -43.143   .2207     .000
        12.750      -8.581   .3924     .000       -19.000   .3576     .000       -42.845   .2215     .000
        12.775      -8.414   .3929     .000       -18.137   .3607     .000       -42.501   .2224     .000
        12.800      -8.255   .3934     .000       -17.356   .3636     .000       -42.098   .2235     .000
        12.825      -8.102   .3939     .000       -16.611   .3663     .000       -41.623   .2248     .000
        12.850      -7.957   .3943     .000       -15.926   .3688     .000       -41.064   .2263     .000
        12.900      -7.684   .3950     .000       -14.739   .3731     .000       -39.685   .2308     .000
        12.925      -7.563   .3954     .000       -14.186   .3751     .000       -38.956   .2334     .000
        12.950      -7.442   .3957     .000       -13.680   .3770     .000       -38.100   .2366     .000
        12.975      -7.326   .3960     .000       -13.203   .3787     .000       -37.133   .2401     .000
        13.000      -7.216   .3963     .000       -12.760   .3803     .000       -36.083   .2439     .000
        13.000      -7.356   .3959     .000       -12.758   .3803     .000       -36.080   .2440     .000
        13.000      -7.509   .3955     .000       -12.756   .3803     .000       -36.075   .2440     .000
        13.000      -7.671   .3951     .000       -12.753   .3803     .000       -36.068   .2440     .000
        13.001      -7.853   .3946     .000       -12.750   .3803     .000       -36.059   .2440     .000
        13.001      -8.115   .3939     .000       -12.742   .3804     .000       -36.042   .2441     .000
        13.001      -8.287   .3933     .000       -12.736   .3804     .000       -36.029   .2441     .000
        13.002      -8.504   .3927     .000       -12.728   .3804     .000       -36.008   .2442     .000
        13.002      -8.690   .3921     .000       -12.719   .3805     .000       -35.987   .2443     .000
        13.003      -8.893   .3915     .000       -12.708   .3805     .000       -35.961   .2444     .000
        13.004      -9.114   .3908     .000       -12.695   .3805     .000       -35.929   .2445     .000
        13.005      -9.380   .3900     .000       -12.676   .3806     .000       -35.883   .2447     .000
        13.006      -9.686   .3891     .000       -12.651   .3807     .000       -35.822   .2449     .000
        13.008      -9.959   .3882     .000       -12.627   .3808     .000       -35.760   .2451     .000
        13.009     -10.192   .3874     .000       -12.603   .3809     .000       -35.699   .2454     .000
        13.011     -10.465   .3865     .000       -12.574   .3810     .000       -35.619   .2456     .000
        13.013     -10.719   .3856     .000       -12.548   .3811     .000       -35.539   .2459     .000
        13.015     -11.012   .3846     .000       -12.519   .3812     .000       -35.435   .2463     .000
        13.018     -11.446   .3843     .000       -12.496   .3812     .000       -35.329   .2467     .000
        13.022     -12.035   .3831     .000       -12.474   .3813     .000       -35.144   .2474     .000
        13.027     -12.744   .3817     .000       -12.474   .3813     .000       -34.909   .2482     .000
        13.035     -13.600   .3799     .000       -12.544   .3811     .000       -34.548   .2496     .000
        13.043     -14.341   .3783     .000       -12.700   .3805     .000       -34.180   .2509     .000
        13.050     -14.928   .3770     .000       -12.883   .3799     .000       -33.848   .2521     .000
        13.057     -15.441   .3758     .000       -13.059   .3792     .000       -33.512   .2534     .000
        13.065     -16.033   .3743     .000       -13.277   .3784     .000       -33.074   .2550     .000
        13.074     -16.566   .3730     .000       -13.495   .3776     .000       -32.631   .2566     .000
        13.086     -17.184   .3715     .000       -13.777   .3766     .000       -32.052   .2587     .000
        13.097     -17.748   .3701     .000       -14.186   .3761     .000       -31.557   .2609     .000
        13.112     -18.415   .3684     .000       -14.605   .3752     .000       -30.911   .2639     .000
        13.127     -19.018   .3668     .000       -14.986   .3743     .000       -30.280   .2668     .000
        13.147     -19.730   .3648     .000       -15.416   .3733     .000       -29.504   .2703     .000
        13.167     -20.369   .3631     .000       -15.829   .3723     .000       -28.787   .2736     .000
        13.192     -21.083   .3611     .000       -16.313   .3711     .000       -27.994   .2773     .000
        13.216     -21.736   .3592     .000       -16.780   .3699     .000       -27.357   .2802     .000
        13.265     -22.866   .3561     .000       -17.619   .3679     .000       -26.457   .2843     .000
        13.314     -23.860   .3532     .000       -18.380   .3660     .000       -25.807   .2873     .000
        13.363     -24.741   .3506     .000       -19.048   .3643     .000       -25.351   .2894     .000
        13.412     -25.534   .3482     .000       -19.652   .3626     .000       -25.053   .2909     .000
        13.461     -26.257   .3460     .000       -20.223   .3610     .000       -24.838   .2921     .000
        13.510     -26.922   .3440     .000       -20.760   .3595     .000       -24.683   .2929     .000
        13.510     -26.924   .3440     .000       -20.761   .3595     .000       -24.683   .2929     .000
        13.559     -27.545   .3421     .000       -21.269   .3581     .000       -24.571   .2935     .000
        13.608     -28.121   .3403     .000       -21.741   .3568     .000       -24.516   .2938     .000
        13.657     -28.663   .3387     .000       -22.186   .3556     .000       -24.491   .2939     .000
        13.706     -29.174   .3372     .000       -22.606   .3544     .000       -24.493   .2939     .000
        13.755     -29.656   .3357     .000       -23.001   .3533     .000       -24.514   .2938     .000
        13.804     -30.112   .3343     .000       -23.374   .3523     .000       -24.550   .2936     .000
        13.853     -30.545   .3330     .000       -23.726   .3513     .000       -24.601   .2933     .000
        13.902     -30.958   .3317     .000       -24.061   .3503     .000       -24.664   .2930     .000
        13.951     -31.352   .3305     .000       -24.383   .3493     .000       -24.737   .2926     .000
        14.000     -31.728   .3294     .000       -24.694   .3484     .000       -24.818   .2922     .000
        14.025     -31.916   .3288     .000       -24.849   .3479     .000       -24.861   .2920     .000
        14.050     -32.099   .3282     .000       -25.002   .3474     .000       -24.905   .2917     .000
        14.075     -32.279   .3277     .000       -25.151   .3470     .000       -24.950   .2915     .000
        14.100     -32.455   .3272     .000       -25.299   .3465     .000       -24.997   .2912     .000
        14.150     -32.794   .3261     .000       -25.583   .3457     .000       -25.092   .2907     .000
        14.200     -33.119   .3251     .000       -25.858   .3449     .000       -25.188   .2902     .000
        14.250     -33.433   .3242     .000       -26.124   .3441     .000       -25.285   .2897     .000
        14.300     -33.736   .3232     .000       -26.382   .3433     .000       -25.385   .2892     .000
        14.350     -34.028   .3223     .000       -26.633   .3425     .000       -25.491   .2887     .000
        14.400     -34.311   .3215     .000       -26.876   .3418     .000       -25.597   .2882     .000
        14.450     -34.585   .3206     .000       -27.112   .3411     .000       -25.705   .2877     .000
        14.475     -34.720   .3202     .000       -27.228   .3408     .000       -25.759   .2875     .000
        14.500     -34.853   .3198     .000       -27.343   .3404     .000       -25.813   .2872     .000
        14.525     -34.983   .3194     .000       -27.456   .3401     .000       -25.868   .2870     .000
        14.550     -35.112   .3190     .000       -27.568   .3397     .000       -25.923   .2867     .000
        14.575     -35.239   .3186     .000       -27.678   .3394     .000       -25.978   .2865     .000
        14.600     -35.364   .3183     .000       -27.786   .3391     .000       -26.032   .2862     .000
        14.650     -35.607   .3175     .000       -27.998   .3384     .000       -26.141   .2857     .000
        14.675     -35.727   .3172     .000       -28.102   .3381     .000       -26.196   .2855     .000
        14.700     -35.845   .3168     .000       -28.206   .3378     .000       -26.250   .2852     .000
        14.750     -36.075   .3161     .000       -28.407   .3372     .000       -26.358   .2847     .000
        14.800     -36.299   .3154     .000       -28.605   .3366     .000       -26.466   .2842     .000
        14.850     -36.518   .3147     .000       -28.798   .3360     .000       -26.572   .2838     .000
        14.900     -36.732   .3141     .000       -28.988   .3355     .000       -26.678   .2833     .000
        14.950     -36.940   .3134     .000       -29.173   .3349     .000       -26.783   .2828     .000
        15.000     -37.144   .3128     .000       -29.354   .3344     .000       -26.888   .2823     .000
        15.050     -37.344   .3122     .000       -29.531   .3338     .000       -26.991   .2818     .000
        15.075     -37.442   .3119     .000       -29.619   .3336     .000       -27.043   .2816     .000
        15.100     -37.540   .3116     .000       -29.705   .3333     .000       -27.095   .2814     .000
        15.150     -37.732   .3110     .000       -29.876   .3328     .000       -27.197   .2809     .000
        15.175     -37.828   .3108     .000       -29.960   .3326     .000       -27.248   .2807     .000
        15.200     -37.923   .3105     .000       -30.043   .3323     .000       -27.299   .2804     .000
        15.250     -38.108   .3100     .000       -30.207   .3318     .000       -27.400   .2800     .000
        15.300     -38.289   .3094     .000       -30.368   .3313     .000       -27.500   .2795     .000
        15.350     -38.466   .3089     .000       -30.526   .3308     .000       -27.600   .2790     .000
        15.400     -38.640   .3084     .000       -30.682   .3304     .000       -27.699   .2786     .000
        15.450     -38.814   .3079     .000       -30.836   .3299     .000       -27.797   .2781     .000
        15.500     -38.984   .3075     .000       -30.987   .3294     .000       -27.894   .2777     .000
        15.550     -39.151   .3070     .000       -31.135   .3290     .000       -27.990   .2773     .000
        15.575     -39.233   .3067     .000       -31.209   .3288     .000       -28.038   .2770     .000
        15.600     -39.315   .3065     .000       -31.282   .3285     .000       -28.086   .2768     .000
        15.650     -39.475   .3060     .000       -31.427   .3281     .000       -28.181   .2764     .000
        15.675     -39.554   .3058     .000       -31.498   .3279     .000       -28.228   .2762     .000
        15.700     -39.634   .3056     .000       -31.569   .3277     .000       -28.275   .2760     .000
        15.750     -39.790   .3051     .000       -31.709   .3273     .000       -28.368   .2755     .000
        15.800     -39.944   .3047     .000       -31.847   .3268     .000       -28.460   .2751     .000
        15.850     -40.095   .3043     .000       -31.983   .3264     .000       -28.552   .2747     .000
        15.900     -40.244   .3038     .000       -32.118   .3260     .000       -28.642   .2743     .000
        15.925     -40.317   .3036     .000       -32.184   .3258     .000       -28.687   .2741     .000
        15.950     -40.390   .3034     .000       -32.250   .3256     .000       -28.732   .2739     .000
        15.975     -40.463   .3032     .000       -32.316   .3254     .000       -28.777   .2737     .000
        16.000     -40.535   .3030     .000       -32.381   .3252     .000       -28.821   .2735     .000
        16.050     -40.677   .3026     .000       -32.510   .3248     .000       -28.909   .2730     .000
        16.100     -40.818   .3022     .000       -32.637   .3244     .000       -28.997   .2727     .000
        16.150     -40.956   .3018     .000       -32.763   .3241     .000       -29.083   .2723     .000
        16.175     -41.025   .3016     .000       -32.825   .3239     .000       -29.126   .2721     .000
        16.200     -41.093   .3014     .000       -32.887   .3237     .000       -29.169   .2719     .000
        16.250     -41.227   .3010     .000       -33.009   .3233     .000       -29.253   .2715     .000
        16.300     -41.359   .3007     .000       -33.130   .3229     .000       -29.337   .2711     .000
        16.350     -41.490   .3003     .000       -33.249   .3226     .000       -29.420   .2707     .000
        16.400     -41.619   .2999     .000       -33.367   .3222     .000       -29.503   .2703     .000
        16.425     -41.683   .2997     .000       -33.425   .3220     .000       -29.544   .2701     .000
        16.450     -41.747   .2995     .000       -33.483   .3219     .000       -29.584   .2700     .000
        16.500     -41.872   .2992     .000       -33.598   .3215     .000       -29.665   .2696     .000
        16.550     -41.996   .2988     .000       -33.711   .3212     .000       -29.745   .2692     .000
        16.600     -42.118   .2985     .000       -33.823   .3208     .000       -29.825   .2689     .000
        16.650     -42.239   .2981     .000       -33.934   .3205     .000       -29.903   .2685     .000
        16.700     -42.358   .2978     .000       -34.043   .3202     .000       -29.981   .2681     .000
        16.750     -42.476   .2974     .000       -34.151   .3198     .000       -30.058   .2678     .000
        16.800     -42.593   .2971     .000       -34.258   .3195     .000       -30.135   .2674     .000
        16.850     -42.708   .2968     .000       -34.364   .3192     .000       -30.210   .2671     .000
        16.900     -42.822   .2965     .000       -34.468   .3189     .000       -30.285   .2668     .000
        16.950     -42.934   .2961     .000       -34.571   .3186     .000       -30.359   .2664     .000
        16.975     -42.990   .2960     .000       -34.623   .3184     .000       -30.396   .2662     .000
        17.000     -43.045   .2958     .000       -34.674   .3183     .000       -30.433   .2661     .000
        17.050     -43.155   .2955     .000       -34.775   .3180     .000       -30.506   .2657     .000
        17.075     -43.209   .2954     .000       -34.825   .3178     .000       -30.542   .2656     .000
        17.100     -43.264   .2952     .000       -34.875   .3176     .000       -30.578   .2654     .000
        17.150     -43.371   .2949     .000       -34.974   .3174     .000       -30.650   .2651     .000
        17.175     -43.424   .2947     .000       -35.023   .3172     .000       -30.686   .2649     .000
        17.200     -43.478   .2946     .000       -35.072   .3171     .000       -30.722   .2648     .000
        17.250     -43.582   .2943     .000       -35.168   .3168     .000       -30.793   .2644     .000
        17.300     -43.686   .2940     .000       -35.263   .3165     .000       -30.864   .2641     .000
        17.325     -43.738   .2938     .000       -35.311   .3163     .000       -30.899   .2639     .000
        17.350     -43.789   .2937     .000       -35.358   .3162     .000       -30.934   .2638     .000
        17.400     -43.890   .2934     .000       -35.451   .3159     .000       -31.004   .2635     .000
        17.450     -43.991   .2931     .000       -35.544   .3156     .000       -31.073   .2631     .000
        17.500     -44.090   .2928     .000       -35.635   .3153     .000       -31.142   .2628     .000
        17.550     -44.188   .2925     .000       -35.726   .3151     .000       -31.211   .2625     .000
        17.600     -44.286   .2923     .000       -35.815   .3148     .000       -31.279   .2622     .000
        17.650     -44.382   .2920     .000       -35.904   .3145     .000       -31.348   .2619     .000
        17.700     -44.477   .2917     .000       -35.991   .3143     .000       -31.416   .2616     .000
        17.725     -44.525   .2916     .000       -36.035   .3141     .000       -31.450   .2614     .000
        17.750     -44.572   .2914     .000       -36.078   .3140     .000       -31.484   .2613     .000
        17.800     -44.665   .2912     .000       -36.164   .3137     .000       -31.552   .2609     .000
        17.825     -44.712   .2910     .000       -36.206   .3136     .000       -31.587   .2608     .000
        17.850     -44.758   .2909     .000       -36.249   .3135     .000       -31.621   .2606     .000
        17.900     -44.849   .2907     .000       -36.333   .3132     .000       -31.690   .2603     .000
        17.950     -44.940   .2904     .000       -36.417   .3130     .000       -31.760   .2600     .000
        17.975     -44.985   .2903     .000       -36.458   .3128     .000       -31.794   .2598     .000
        18.000     -45.029   .2901     .000       -36.499   .3127     .000       -31.829   .2597     .000
        18.050     -45.118   .2899     .000       -36.581   .3125     .000       -31.902   .2593     .000
        18.100     -45.206   .2896     .000       -36.662   .3122     .000       -31.975   .2590     .000
        18.125     -45.250   .2895     .000       -36.702   .3121     .000       -32.012   .2588     .000
        18.150     -45.294   .2894     .000       -36.742   .3120     .000       -32.054   .2587     .000
        18.200     -45.380   .2891     .000       -36.821   .3117     .000       -32.132   .2584     .000
        18.250     -45.465   .2889     .000       -36.900   .3115     .000       -32.210   .2581     .000
        18.275     -45.508   .2888     .000       -36.940   .3114     .000       -32.248   .2580     .000
        18.300     -45.550   .2886     .000       -36.979   .3113     .000       -32.287   .2578     .000
        18.350     -45.634   .2884     .000       -37.058   .3110     .000       -32.361   .2576     .000
        18.400     -45.717   .2882     .000       -37.136   .3108     .000       -32.435   .2573     .000
        18.450     -45.799   .2879     .000       -37.214   .3106     .000       -32.507   .2570     .000
        18.475     -45.840   .2878     .000       -37.252   .3104     .000       -32.542   .2569     .000
        18.500     -45.881   .2877     .000       -37.291   .3103     .000       -32.578   .2568     .000
        18.550     -45.962   .2875     .000       -37.368   .3101     .000       -32.648   .2565     .000
        18.600     -46.043   .2872     .000       -37.445   .3099     .000       -32.717   .2563     .000
        18.650     -46.123   .2870     .000       -37.521   .3096     .000       -32.785   .2560     .000
        18.700     -46.202   .2868     .000       -37.597   .3094     .000       -32.853   .2558     .000
        18.750     -46.281   .2866     .000       -37.672   .3092     .000       -32.920   .2555     .000
        18.800     -46.359   .2863     .000       -37.748   .3090     .000       -32.986   .2553     .000
        18.850     -46.437   .2861     .000       -37.823   .3087     .000       -33.052   .2550     .000
        18.875     -46.475   .2860     .000       -37.861   .3086     .000       -33.084   .2549     .000
        18.900     -46.514   .2859     .000       -37.898   .3085     .000       -33.117   .2548     .000
        18.950     -46.591   .2857     .000       -37.972   .3083     .000       -33.181   .2546     .000
        18.975     -46.629   .2856     .000       -38.009   .3082     .000       -33.214   .2544     .000
        19.000     -46.667   .2854     .000       -38.045   .3081     .000       -33.246   .2543     .000
        19.050     -46.743   .2852     .000       -38.118   .3079     .000       -33.309   .2541     .000
        19.075     -46.781   .2851     .000       -38.155   .3078     .000       -33.341   .2540     .000
        19.100     -46.818   .2850     .000       -38.191   .3077     .000       -33.372   .2539     .000
        19.150     -46.893   .2848     .000       -38.263   .3075     .000       -33.435   .2536     .000
        19.200     -46.967   .2846     .000       -38.334   .3073     .000       -33.497   .2534     .000
        19.250     -47.041   .2844     .000       -38.405   .3071     .000       -33.559   .2532     .000
        19.300     -47.115   .2842     .000       -38.477   .3069     .000       -33.620   .2530     .000
        19.350     -47.188   .2840     .000       -38.548   .3067     .000       -33.680   .2527     .000
        19.400     -47.260   .2837     .000       -38.618   .3065     .000       -33.741   .2525     .000
        19.450     -47.332   .2835     .000       -38.688   .3063     .000       -33.800   .2523     .000
        19.500     -47.404   .2833     .000       -38.757   .3061     .000       -33.860   .2521     .000
        19.550     -47.475   .2831     .000       -38.826   .3059     .000       -33.919   .2519     .000
        19.600     -47.548   .2829     .000       -38.894   .3057     .000       -33.977   .2517     .000
        19.650     -47.621   .2828     .000       -38.962   .3055     .000       -34.036   .2514     .000
        19.700     -47.693   .2826     .000       -39.029   .3053     .000       -34.094   .2512     .000
        19.725     -47.728   .2825     .000       -39.063   .3052     .000       -34.122   .2511     .000
        19.750     -47.764   .2824     .000       -39.097   .3051     .000       -34.151   .2510     .000
        19.800     -47.834   .2822     .000       -39.164   .3049     .000       -34.208   .2508     .000
        19.850     -47.904   .2821     .000       -39.230   .3047     .000       -34.265   .2506     .000
        19.900     -47.973   .2819     .000       -39.297   .3046     .000       -34.321   .2504     .000
        19.950     -48.042   .2817     .000       -39.363   .3044     .000       -34.377   .2502     .000
        19.975     -48.076   .2816     .000       -39.396   .3043     .000       -34.405   .2501     .000
        20.000     -48.110   .2815     .000       -39.429   .3042     .000       -34.433   .2500     .000
        20.050     -48.178   .2814     .000       -39.494   .3040     .000       -34.488   .2498     .000
        20.075     -48.212   .2813     .000       -39.526   .3039     .000       -34.516   .2497     .000
        20.100     -48.245   .2812     .000       -39.559   .3038     .000       -34.543   .2496     .000
        20.150     -48.313   .2810     .000       -39.623   .3036     .000       -34.598   .2494     .000
        20.200     -48.379   .2809     .000       -39.687   .3034     .000       -34.652   .2492     .000
        20.250     -48.445   .2807     .000       -39.750   .3033     .000       -34.706   .2490     .000
        20.300     -48.512   .2806     .000       -39.814   .3031     .000       -34.760   .2488     .000
        20.350     -48.581   .2804     .000       -39.877   .3029     .000       -34.813   .2486     .000
        20.400     -48.648   .2802     .000       -39.939   .3027     .000       -34.866   .2484     .000
        20.450     -48.715   .2800     .000       -40.002   .3026     .000       -34.918   .2482     .000
        20.475     -48.749   .2800     .000       -40.033   .3025     .000       -34.945   .2481     .000
        20.500     -48.782   .2799     .000       -40.064   .3024     .000       -34.971   .2480     .000
        20.550     -48.847   .2797     .000       -40.126   .3022     .000       -35.023   .2478     .000
        20.600     -48.912   .2796     .000       -40.187   .3020     .000       -35.075   .2476     .000
        20.650     -48.977   .2794     .000       -40.249   .3018     .000       -35.126   .2475     .000
        20.675     -49.009   .2793     .000       -40.279   .3018     .000       -35.152   .2474     .000
        20.700     -49.041   .2792     .000       -40.309   .3017     .000       -35.177   .2473     .000
        20.750     -49.105   .2791     .000       -40.370   .3015     .000       -35.228   .2471     .000
        20.800     -49.168   .2789     .000       -40.430   .3013     .000       -35.279   .2469     .000
        20.850     -49.231   .2788     .000       -40.490   .3012     .000       -35.329   .2467     .000
        20.900     -49.293   .2786     .000       -40.549   .3010     .000       -35.379   .2465     .000
        20.950     -49.355   .2785     .000       -40.609   .3008     .000       -35.429   .2463     .000
        20.975     -49.386   .2784     .000       -40.638   .3007     .000       -35.454   .2463     .000
        21.000     -49.417   .2783     .000       -40.668   .3007     .000       -35.478   .2462     .000
        21.050     -49.479   .2782     .000       -40.726   .3005     .000       -35.528   .2460     .000
        21.100     -49.541   .2780     .000       -40.785   .3003     .000       -35.577   .2458     .000
        21.150     -49.604   .2779     .000       -40.843   .3002     .000       -35.625   .2456     .000
        21.200     -49.665   .2777     .000       -40.901   .3000     .000       -35.674   .2454     .000
        21.250     -49.727   .2775     .000       -40.958   .2998     .000       -35.722   .2453     .000
        21.300     -49.788   .2774     .000       -41.016   .2997     .000       -35.770   .2451     .000
        21.350     -49.848   .2772     .000       -41.073   .2995     .000       -35.817   .2449     .000
        21.400     -49.908   .2771     .000       -41.129   .2993     .000       -35.865   .2447     .000
        21.425     -49.938   .2770     .000       -41.158   .2993     .000       -35.889   .2447     .000
        21.450     -49.968   .2769     .000       -41.186   .2992     .000       -35.912   .2446     .000
        21.500     -50.027   .2768     .000       -41.242   .2990     .000       -35.959   .2444     .000
        21.550     -50.086   .2767     .000       -41.298   .2989     .000       -36.006   .2442     .000
        21.600     -50.144   .2765     .000       -41.354   .2987     .000       -36.052   .2441     .000
        21.650     -50.202   .2764     .000       -41.409   .2986     .000       -36.098   .2439     .000
        21.700     -50.260   .2762     .000       -41.464   .2984     .000       -36.144   .2437     .000
        21.750     -50.318   .2761     .000       -41.519   .2982     .000       -36.190   .2436     .000
        21.800     -50.375   .2759     .000       -41.573   .2981     .000       -36.236   .2434     .000
        21.850     -50.432   .2758     .000       -41.628   .2979     .000       -36.281   .2432     .000
        21.900     -50.489   .2757     .000       -41.682   .2978     .000       -36.326   .2431     .000
        21.950     -50.547   .2755     .000       -41.736   .2976     .000       -36.371   .2429     .000
        21.975     -50.575   .2754     .000       -41.762   .2975     .000       -36.393   .2428     .000
        22.000     -50.604   .2754     .000       -41.789   .2975     .000       -36.415   .2427     .000
        22.050     -50.661   .2752     .000       -41.842   .2973     .000       -36.460   .2426     .000
        22.100     -50.717   .2751     .000       -41.895   .2972     .000       -36.504   .2424     .000
        22.150     -50.773   .2750     .000       -41.948   .2970     .000       -36.548   .2422     .000
        22.200     -50.828   .2748     .000       -42.001   .2969     .000       -36.591   .2421     .000
        22.225     -50.856   .2748     .000       -42.027   .2968     .000       -36.613   .2420     .000
        22.250     -50.884   .2747     .000       -42.053   .2967     .000       -36.635   .2419     .000
        22.300     -50.939   .2745     .000       -42.105   .2966     .000       -36.678   .2418     .000
        22.350     -50.993   .2744     .000       -42.157   .2964     .000       -36.721   .2416     .000
        22.400     -51.047   .2743     .000       -42.209   .2963     .000       -36.764   .2415     .000
        22.450     -51.101   .2741     .000       -42.260   .2961     .000       -36.807   .2413     .000
        22.475     -51.128   .2741     .000       -42.286   .2961     .000       -36.828   .2412     .000
        22.500     -51.155   .2740     .000       -42.311   .2960     .000       -36.849   .2411     .000
        22.550     -51.208   .2739     .000       -42.362   .2958     .000       -36.891   .2410     .000
        22.600     -51.261   .2737     .000       -42.413   .2957     .000       -36.933   .2408     .000
        22.650     -51.314   .2736     .000       -42.463   .2956     .000       -36.975   .2407     .000
        22.700     -51.367   .2735     .000       -42.513   .2954     .000       -37.017   .2405     .000
        22.750     -51.420   .2734     .000       -42.563   .2953     .000       -37.058   .2404     .000
        22.800     -51.472   .2732     .000       -42.613   .2951     .000       -37.100   .2402     .000
        22.850     -51.525   .2731     .000       -42.662   .2950     .000       -37.141   .2401     .000
        22.900     -51.577   .2730     .000       -42.712   .2948     .000       -37.181   .2399     .000
        22.950     -51.629   .2728     .000       -42.761   .2947     .000       -37.222   .2398     .000
        22.975     -51.655   .2728     .000       -42.785   .2946     .000       -37.242   .2397     .000
        23.000     -51.681   .2727     .000       -42.810   .2946     .000       -37.263   .2396     .000
        23.050     -51.732   .2726     .000       -42.858   .2944     .000       -37.303   .2395     .000
        23.100     -51.783   .2725     .000       -42.907   .2943     .000       -37.343   .2393     .000
        23.150     -51.834   .2723     .000       -42.955   .2942     .000       -37.383   .2392     .000
        23.200     -51.884   .2722     .000       -43.003   .2940     .000       -37.422   .2390     .000
        23.225     -51.910   .2721     .000       -43.027   .2940     .000       -37.442   .2390     .000
        23.250     -51.935   .2721     .000       -43.051   .2939     .000       -37.462   .2389     .000
        23.300     -51.985   .2720     .000       -43.099   .2937     .000       -37.501   .2388     .000
        23.350     -52.034   .2718     .000       -43.146   .2936     .000       -37.540   .2386     .000
        23.400     -52.084   .2717     .000       -43.193   .2935     .000       -37.579   .2385     .000
        23.450     -52.133   .2716     .000       -43.240   .2933     .000       -37.618   .2383     .000
        23.500     -52.182   .2715     .000       -43.287   .2932     .000       -37.657   .2382     .000
        23.550     -52.230   .2713     .000       -43.333   .2931     .000       -37.695   .2381     .000
        23.600     -52.279   .2712     .000       -43.379   .2930     .000       -37.733   .2379     .000
        23.650     -52.328   .2711     .000       -43.425   .2928     .000       -37.771   .2378     .000
        23.700     -52.376   .2710     .000       -43.471   .2927     .000       -37.809   .2376     .000
        23.750     -52.424   .2709     .000       -43.517   .2926     .000       -37.847   .2375     .000
        23.800     -52.472   .2708     .000       -43.563   .2924     .000       -37.884   .2374     .000
        23.850     -52.520   .2706     .000       -43.608   .2923     .000       -37.922   .2372     .000
        23.900     -52.568   .2705     .000       -43.653   .2922     .000       -37.959   .2371     .000
        23.950     -52.615   .2704     .000       -43.698   .2920     .000       -37.996   .2370     .000
        23.975     -52.639   .2703     .000       -43.721   .2920     .000       -38.014   .2369     .000
        24.000     -52.663   .2703     .000       -43.743   .2919     .000       -38.033   .2368     .000
end
