 ******* Program HYDRUS
 ******* Transient flow infolving hysteresis with solute transport              
  
 Date:   1.10.    Time:  15: 6:37
 Units: L = cm   , T = hours, M = -    


  TLevel   Time         dt      Iter  ItCum  KodT  KodB  Convergency

     1  .10000E-03  .10000E-03    3     3    -4    -5     T
     2  .20000E-03  .10000E-03    3     6    -4    -5     T
     3  .33000E-03  .13000E-03    3     9    -4    -5     T
     4  .50000E-03  .17000E-03    3    12    -4    -5     T
     5  .71857E-03  .21857E-03    3    15    -4    -5     T
     6  .98086E-03  .26229E-03    3    18    -4    -5     T
     7  .13306E-02  .34971E-03    3    21    -4    -5     T
     8  .20300E-02  .69943E-03    3    24    -4    -5     T
     9  .25200E-02  .49000E-03    3    27    -4    -5     T
    10  .31600E-02  .64000E-03    4    31    -4    -5     T
    11  .37100E-02  .55000E-03    3    34    -4    -5     T
    12  .48100E-02  .11000E-02    5    39    -4    -5     T
    13  .56400E-02  .83000E-03    4    43    -4    -5     T
    14  .65900E-02  .95000E-03    4    47    -4    -5     T
    15  .75400E-02  .95000E-03    4    51    -4    -5     T
    16  .82400E-02  .70000E-03    3    54    -4    -5     T
    17  .89400E-02  .70000E-03    3    57    -4    -5     T
    18  .98767E-02  .93667E-03    4    61    -4    -5     T
    19  .10813E-01  .93667E-03    3    64    -4    -5     T
    20  .11750E-01  .93667E-03    3    67    -4    -5     T
    21  .13005E-01  .12550E-02    4    71    -4    -5     T
    22  .14260E-01  .12550E-02    3    74    -4    -5     T
    23  .16770E-01  .25100E-02    4    78    -4    -5     T
    24  .18570E-01  .18000E-02    4    82    -4    -5     T
    25  .20383E-01  .18133E-02    3    85    -4    -5     T
    26  .22197E-01  .18133E-02    3    88    -4    -5     T
    27  .24010E-01  .18133E-02    3    91    -4    -5     T
    28  .27050E-01  .30400E-02    4    95    -4    -5     T
    29  .30090E-01  .30400E-02    4    99    -4    -5     T
    30  .33130E-01  .30400E-02    4   103    -4    -5     T
    31  .36170E-01  .30400E-02    4   107    -4    -5     T
    32  .39210E-01  .30400E-02    4   111    -4    -5     T
    33  .42250E-01  .30400E-02    4   115    -4    -5     T
    34  .45290E-01  .30400E-02    4   119    -4    -5     T
    35  .48330E-01  .30400E-02    4   123    -4    -5     T
    36  .51310E-01  .29800E-02    4   127    -4    -5     T
    37  .54290E-01  .29800E-02    4   131    -4    -5     T
    38  .57270E-01  .29800E-02    3   134    -4    -5     T
    39  .60250E-01  .29800E-02    3   137    -4    -5     T
    40  .64225E-01  .39750E-02    4   141    -4    -5     T
    41  .68200E-01  .39750E-02    3   144    -4    -5     T
    42  .73500E-01  .53000E-02    4   148    -4    -5     T
    43  .78800E-01  .53000E-02    5   153    -4    -5     T
    44  .84100E-01  .53000E-02    5   158    -4    -5     T
    45  .89400E-01  .53000E-02    5   163    -4    -5     T
    46  .94700E-01  .53000E-02    5   168    -4    -5     T
    47  .10000E+00  .53000E-02    4   172    -4    -5     T
    48  .10520E+00  .51950E-02    4   176    -4    -5     T
    49  .11039E+00  .51950E-02    5   181    -4    -5     T
    50  .11558E+00  .51933E-02    4   185    -4    -5     T
    51  .12078E+00  .51933E-02    4   189    -4    -5     T
    52  .12597E+00  .51933E-02    4   193    -4    -5     T
    53  .13117E+00  .51960E-02    4   197    -4    -5     T
    54  .13636E+00  .51960E-02    4   201    -4    -5     T
    55  .14156E+00  .51960E-02    4   205    -4    -5     T
    56  .14675E+00  .51960E-02    5   210    -4    -5     T
    57  .15195E+00  .51960E-02    4   214    -4    -5     T
    58  .15714E+00  .51950E-02    4   218    -4    -5     T
    59  .16234E+00  .51950E-02    4   222    -4    -5     T
    60  .16753E+00  .51933E-02    4   226    -4    -5     T
    61  .17273E+00  .51933E-02    4   230     4    -5     T
    62  .17792E+00  .51933E-02    3   233     4    -5     T
    63  .18463E+00  .67100E-02    5   238     4    -5     T
    64  .19134E+00  .67100E-02    5   243     4    -5     T
    65  .19805E+00  .67100E-02    5   248     4    -5     T
    66  .20476E+00  .67100E-02    5   253     4    -5     T
    67  .21147E+00  .67100E-02    5   258     4    -5     T
    68  .21831E+00  .68433E-02    5   263     4    -5     T
    69  .22516E+00  .68433E-02    5   268     4    -5     T
    70  .23200E+00  .68433E-02    4   272     4    -5     T
    71  .23861E+00  .66100E-02    4   276     4    -5     T
    72  .24522E+00  .66100E-02    4   280     4    -5     T
    73  .25183E+00  .66100E-02    5   285     4    -5     T
    74  .25844E+00  .66100E-02    4   289     4    -5     T
    75  .26515E+00  .67100E-02    4   293     4    -5     T
    76  .27186E+00  .67100E-02    5   298     4    -5     T
    77  .27857E+00  .67100E-02    4   302     4    -5     T
    78  .28528E+00  .67100E-02    4   306     4    -5     T
    79  .29199E+00  .67100E-02    4   310     4    -5     T
    80  .29870E+00  .67100E-02    3   313     4    -5     T
    81  .30541E+00  .67100E-02    3   316     4    -5     T
    82  .31426E+00  .88467E-02    4   320     4    -5     T
    83  .32310E+00  .88467E-02    5   325     4    -5     T
    84  .33195E+00  .88467E-02    4   329     4    -5     T
    85  .34079E+00  .88400E-02    4   333     4    -5     T
    86  .34964E+00  .88500E-02    4   337     4    -5     T
    87  .35800E+00  .83600E-02    4   341     4    -5     T
    88  .35848E+00  .48000E-03    3   344     4    -5     T
    89  .36733E+00  .88500E-02    3   347     4    -5     T
    90  .37617E+00  .88400E-02    5   352     4    -5     T
    91  .38502E+00  .88500E-02    4   356     4    -5     T
    92  .39386E+00  .88400E-02    3   359     4    -5     T
    93  .40271E+00  .88500E-02    4   363     4    -5     T
    94  .41155E+00  .88400E-02    4   367     4    -5     T
    95  .42040E+00  .88500E-02    3   370     4    -5     T
    96  .42924E+00  .88400E-02    4   374     4    -5     T
    97  .44103E+00  .11790E-01    5   379     4    -5     T
    98  .45283E+00  .11800E-01    5   384     4    -5     T
    99  .46462E+00  .11790E-01    5   389     4    -5     T
   100  .47641E+00  .11790E-01    5   394     4    -5     T
   101  .48427E+00  .78633E-02    3   397     4    -5     T
   102  .50000E+00  .15727E-01    5   402     4    -5     T
   103  .51136E+00  .11360E-01    5   407     4    -5     T
   104  .52273E+00  .11370E-01    4   411     4    -5     T
   105  .53409E+00  .11360E-01    4   415     4    -5     T
   106  .54545E+00  .11365E-01    4   419     4    -5     T
   107  .55682E+00  .11365E-01    4   423     4    -5     T
   108  .56818E+00  .11365E-01    5   428     4    -5     T
   109  .57955E+00  .11365E-01    4   432     4    -5     T
   110  .59091E+00  .11360E-01    4   436     4    -5     T
   111  .60227E+00  .11360E-01    4   440     4    -5     T
   112  .61364E+00  .11370E-01    4   444     4    -5     T
   113  .62500E+00  .11363E-01    3   447     4    -5     T
   114  .63921E+00  .14204E-01    5   452     4    -5     T
   115  .65341E+00  .14204E-01    5   457     4    -5     T
   116  .66762E+00  .14204E-01    5   462     4    -5     T
   117  .68182E+00  .14204E-01    5   467     4    -5     T
   118  .68200E+00  .18001E-03    3   470     4    -5     T
   119  .70779E+00  .25790E-01    6   476     4    -5     T
   120  .72240E+00  .14610E-01    5   481     4    -5     T
   121  .73701E+00  .14610E-01    5   486     4    -5     T
   122  .75162E+00  .14610E-01    4   490     4    -5     T
   123  .76915E+00  .17534E-01    5   495     4    -5     T
   124  .78669E+00  .17534E-01    5   500     4    -5     T
   125  .80422E+00  .17534E-01    5   505     4    -5     T
   126  .82176E+00  .17534E-01    5   510     4    -5     T
   127  .83929E+00  .17534E-01    5   515     4    -5     T
   128  .85755E+00  .18262E-01    5   520     4    -5     T
   129  .87582E+00  .18262E-01    5   525     4    -5     T
   130  .89408E+00  .18262E-01    5   530     4    -5     T
   131  .91234E+00  .18262E-01    5   535     4    -5     T
   132  .92695E+00  .14610E-01    5   540     4    -5     T
   133  .94156E+00  .14610E-01    4   544     4    -5     T
   134  .95617E+00  .14610E-01    5   549     4    -5     T
   135  .97809E+00  .21915E-01    6   555     4    -5     T
   136  .10000E+01  .21915E-01    6   561     4    -5     T
   137  .10010E+01  .10000E-02    5   566    -4    -5     T
   138  .10020E+01  .99993E-03    3   569    -4    -5     T
   139  .10033E+01  .13000E-02    3   572    -4    -5     T
   140  .10050E+01  .16900E-02    3   575    -4    -5     T
   141  .10137E+01  .87600E-02    3   578    -4    -5     T
   142  .10180E+01  .42500E-02    3   581    -4    -5     T
   143  .10249E+01  .68700E-02    3   584    -4    -5     T
   144  .10436E+01  .18750E-01    5   589    -4    -5     T
   145  .10680E+01  .24340E-01    5   594    -4    -5     T
   146  .10817E+01  .13700E-01    5   599    -4    -5     T
   147  .10997E+01  .18010E-01    4   603    -4    -5     T
   148  .11228E+01  .23090E-01    4   607    -4    -5     T
   149  .11458E+01  .23080E-01    5   612    -4    -5     T
   150  .11689E+01  .23085E-01    4   616    -4    -5     T
   151  .11920E+01  .23085E-01    4   620    -4    -5     T
   152  .12050E+01  .12990E-01    3   623    -4    -5     T
   153  .12151E+01  .10100E-01    3   626    -4    -5     T
   154  .12382E+01  .23080E-01    3   629    -4    -5     T
   155  .12601E+01  .21910E-01    4   633    -4    -5     T
   156  .12820E+01  .21910E-01    3   636    -4    -5     T
   157  .12921E+01  .10050E-01    3   639    -4    -5     T
   158  .13228E+01  .30780E-01    5   644    -4    -5     T
   159  .13536E+01  .30780E-01    4   648    -4    -5     T
   160  .13844E+01  .30780E-01    3   651    -4    -5     T
   161  .14152E+01  .30780E-01    4   655    -4    -5     T
   162  .14190E+01  .38301E-02    3   658    -4    -5     T
   163  .14561E+01  .37075E-01    3   661    -4    -5     T
   164  .14931E+01  .37075E-01    4   665    -4    -5     T
   165  .15231E+01  .30000E-01    3   668    -4    -5     T
   166  .15631E+01  .40000E-01    3   671    -4    -5     T
   167  .16031E+01  .40000E-01    4   675    -4    -5     T
   168  .16431E+01  .40000E-01    3   678    -4    -5     T
   169  .16460E+01  .28501E-02    3   681    -4    -5     T
   170  .16946E+01  .48575E-01    4   685    -4    -5     T
   171  .17431E+01  .48575E-01    3   688    -4    -5     T
   172  .17931E+01  .50000E-01    5   693    -4    -5     T
   173  .18182E+01  .25000E-01    3   696    -4    -5     T
   174  .18432E+01  .25000E-01    3   699    -4    -5     T
   175  .18696E+01  .26425E-01    3   702    -4    -5     T
   176  .18960E+01  .26425E-01    3   705    -4    -5     T
   177  .19338E+01  .37785E-01    3   708    -4    -5     T
   178  .19716E+01  .37785E-01    3   711    -4    -5     T
   179  .20000E+01  .28430E-01    3   714    -4    -5     T
   180  .20500E+01  .50000E-01    3   717    -4    -5     T
   181  .21000E+01  .50000E-01    3   720    -4    -5     T
   182  .21500E+01  .50000E-01    3   723    -4    -5     T
   183  .22000E+01  .50000E-01    3   726    -4    -5     T
   184  .22500E+01  .50000E-01    3   729    -4    -5     T
   185  .22750E+01  .25000E-01    3   732    -4    -5     T
   186  .23000E+01  .25000E-01    3   735    -4    -5     T
   187  .23500E+01  .50000E-01    3   738    -4    -5     T
   188  .23750E+01  .25000E-01    3   741    -4    -5     T
   189  .24000E+01  .25000E-01    3   744    -4    -5     T
   190  .24500E+01  .50000E-01    3   747    -4    -5     T
   191  .25000E+01  .50000E-01    3   750    -4    -5     T
   192  .25500E+01  .50000E-01    3   753    -4    -5     T
   193  .26000E+01  .50000E-01    3   756    -4    -5     T
   194  .26250E+01  .25000E-01    3   759    -4    -5     T
   195  .26500E+01  .25000E-01    3   762    -4    -5     T
   196  .27000E+01  .50000E-01    3   765    -4    -5     T
   197  .27500E+01  .50000E-01    3   768    -4    -5     T
   198  .28000E+01  .50000E-01    3   771    -4    -5     T
   199  .28500E+01  .50000E-01    3   774    -4    -5     T
   200  .28750E+01  .25000E-01    3   777    -4    -5     T
   201  .29000E+01  .25000E-01    3   780    -4    -5     T
   202  .29500E+01  .50000E-01    3   783    -4    -5     T
   203  .30000E+01  .50000E-01    3   786    -4    -5     T
   204  .30500E+01  .50000E-01    3   789    -4    -5     T
   205  .31000E+01  .50000E-01    3   792    -4    -5     T
   206  .31500E+01  .50000E-01    3   795    -4    -5     T
   207  .32000E+01  .50000E-01    3   798    -4    -5     T
   208  .32250E+01  .25000E-01    3   801    -4    -5     T
   209  .32500E+01  .25000E-01    3   804    -4    -5     T
   210  .33000E+01  .50000E-01    3   807    -4    -5     T
   211  .33500E+01  .50000E-01    3   810    -4    -5     T
   212  .34000E+01  .50000E-01    3   813    -4    -5     T
   213  .34500E+01  .50000E-01    3   816    -4    -5     T
   214  .34750E+01  .25000E-01    3   819    -4    -5     T
   215  .35000E+01  .25000E-01    3   822    -4    -5     T
   216  .35500E+01  .50000E-01    3   825    -4    -5     T
   217  .36000E+01  .50000E-01    3   828    -4    -5     T
   218  .36500E+01  .50000E-01    3   831    -4    -5     T
   219  .37000E+01  .50000E-01    3   834    -4    -5     T
   220  .37250E+01  .25000E-01    3   837    -4    -5     T
   221  .37500E+01  .25000E-01    3   840    -4    -5     T
   222  .38000E+01  .50000E-01    3   843    -4    -5     T
   223  .38500E+01  .50000E-01    3   846    -4    -5     T
   224  .38750E+01  .25000E-01    3   849    -4    -5     T
   225  .39000E+01  .25000E-01    3   852    -4    -5     T
   226  .39375E+01  .37500E-01    3   855    -4    -5     T
   227  .39750E+01  .37500E-01    3   858    -4    -5     T
   228  .40000E+01  .25000E-01    3   861    -4    -5     T
   229  .40500E+01  .50000E-01    3   864    -4    -5     T
   230  .41000E+01  .50000E-01    3   867    -4    -5     T
   231  .41500E+01  .50000E-01    3   870    -4    -5     T
   232  .42000E+01  .50000E-01    3   873    -4    -5     T
   233  .42500E+01  .50000E-01    3   876    -4    -5     T
   234  .43000E+01  .50000E-01    3   879    -4    -5     T
   235  .43500E+01  .50000E-01    3   882    -4    -5     T
   236  .43750E+01  .25000E-01    3   885    -4    -5     T
   237  .44000E+01  .25000E-01    3   888    -4    -5     T
   238  .44500E+01  .50000E-01    3   891    -4    -5     T
   239  .44750E+01  .25000E-01    3   894    -4    -5     T
   240  .45000E+01  .25000E-01    3   897    -4    -5     T
   241  .45500E+01  .50000E-01    3   900    -4    -5     T
   242  .46000E+01  .50000E-01    3   903    -4    -5     T
   243  .46500E+01  .50000E-01    3   906    -4    -5     T
   244  .46750E+01  .25000E-01    3   909    -4    -5     T
   245  .47000E+01  .25000E-01    3   912    -4    -5     T
   246  .47500E+01  .50000E-01    3   915    -4    -5     T
   247  .48000E+01  .50000E-01    3   918    -4    -5     T
   248  .48500E+01  .50000E-01    3   921    -4    -5     T
   249  .49000E+01  .50000E-01    3   924    -4    -5     T
   250  .49500E+01  .50000E-01    3   927    -4    -5     T
   251  .50000E+01  .50000E-01    3   930    -4    -5     T
   252  .50250E+01  .25000E-01    3   933    -4    -5     T
   253  .50500E+01  .25000E-01    3   936    -4    -5     T
   254  .51000E+01  .50000E-01    3   939    -4    -5     T
   255  .51500E+01  .50000E-01    3   942    -4    -5     T
   256  .52000E+01  .50000E-01    3   945    -4    -5     T
   257  .52250E+01  .25000E-01    3   948    -4    -5     T
   258  .52500E+01  .25000E-01    3   951    -4    -5     T
   259  .53000E+01  .50000E-01    3   954    -4    -5     T
   260  .53500E+01  .50000E-01    3   957    -4    -5     T
   261  .54000E+01  .50000E-01    3   960    -4    -5     T
   262  .54500E+01  .50000E-01    3   963    -4    -5     T
   263  .54750E+01  .25000E-01    3   966    -4    -5     T
   264  .55000E+01  .25000E-01    3   969    -4    -5     T
   265  .55500E+01  .50000E-01    3   972    -4    -5     T
   266  .56000E+01  .50000E-01    3   975    -4    -5     T
   267  .56500E+01  .50000E-01    3   978    -4    -5     T
   268  .56750E+01  .25000E-01    3   981    -4    -5     T
   269  .57000E+01  .25000E-01    3   984    -4    -5     T
   270  .57250E+01  .25000E-01    3   987    -4    -5     T
   271  .57500E+01  .25000E-01    3   990    -4    -5     T
   272  .58000E+01  .50000E-01    3   993    -4    -5     T
   273  .58500E+01  .50000E-01    3   996    -4    -5     T
   274  .59000E+01  .50000E-01    3   999    -4    -5     T
   275  .59500E+01  .50000E-01    3  1002    -4    -5     T
   276  .59750E+01  .25000E-01    3  1005    -4    -5     T
   277  .60000E+01  .25000E-01    3  1008    -4    -5     T
   278  .60250E+01  .25000E-01    3  1011    -4    -5     T
   279  .60500E+01  .25000E-01    3  1014    -4    -5     T
   280  .61000E+01  .50000E-01    3  1017    -4    -5     T
   281  .61500E+01  .50000E-01    3  1020    -4    -5     T
   282  .62000E+01  .50000E-01    3  1023    -4    -5     T
   283  .62250E+01  .25000E-01    3  1026    -4    -5     T
   284  .62500E+01  .25000E-01    3  1029    -4    -5     T
   285  .63000E+01  .50000E-01    3  1032    -4    -5     T
   286  .63500E+01  .50000E-01    3  1035    -4    -5     T
   287  .64000E+01  .50000E-01    3  1038    -4    -5     T
   288  .64500E+01  .50000E-01    3  1041    -4    -5     T
   289  .65000E+01  .50000E-01    3  1044    -4    -5     T
   290  .65250E+01  .25000E-01    3  1047    -4    -5     T
   291  .65500E+01  .25000E-01    3  1050    -4    -5     T
   292  .66000E+01  .50000E-01    3  1053    -4    -5     T
   293  .66250E+01  .25000E-01    3  1056    -4    -5     T
   294  .66500E+01  .25000E-01    3  1059    -4    -5     T
   295  .67000E+01  .50000E-01    3  1062    -4    -5     T
   296  .67500E+01  .50000E-01    3  1065    -4    -5     T
   297  .68000E+01  .50000E-01    3  1068    -4    -5     T
   298  .68500E+01  .50000E-01    3  1071    -4    -5     T
   299  .69000E+01  .50000E-01    3  1074    -4    -5     T
   300  .69500E+01  .50000E-01    3  1077    -4    -5     T
   301  .69750E+01  .25000E-01    3  1080    -4    -5     T
   302  .70000E+01  .25000E-01    3  1083    -4    -5     T
   303  .70500E+01  .50000E-01    3  1086    -4    -5     T
   304  .71000E+01  .50000E-01    3  1089    -4    -5     T
   305  .71500E+01  .50000E-01    3  1092    -4    -5     T
   306  .72000E+01  .50000E-01    3  1095    -4    -5     T
   307  .72500E+01  .50000E-01    3  1098    -4    -5     T
   308  .73000E+01  .50000E-01    3  1101    -4    -5     T
   309  .73500E+01  .50000E-01    3  1104    -4    -5     T
   310  .74000E+01  .50000E-01    3  1107    -4    -5     T
   311  .74500E+01  .50000E-01    3  1110    -4    -5     T
   312  .74750E+01  .25000E-01    3  1113    -4    -5     T
   313  .75000E+01  .25000E-01    3  1116    -4    -5     T
   314  .75250E+01  .25000E-01    3  1119    -4    -5     T
   315  .75500E+01  .25000E-01    3  1122    -4    -5     T
   316  .76000E+01  .50000E-01    3  1125    -4    -5     T
   317  .76500E+01  .50000E-01    3  1128    -4    -5     T
   318  .77000E+01  .50000E-01    3  1131    -4    -5     T
   319  .77500E+01  .50000E-01    3  1134    -4    -5     T
   320  .78000E+01  .50000E-01    3  1137    -4    -5     T
   321  .78500E+01  .50000E-01    3  1140    -4    -5     T
   322  .79000E+01  .50000E-01    3  1143    -4    -5     T
   323  .79375E+01  .37500E-01    3  1146    -4    -5     T
   324  .79750E+01  .37500E-01    3  1149    -4    -5     T
   325  .80000E+01  .25000E-01    3  1152    -4    -5     T
   326  .80500E+01  .50000E-01    3  1155    -4    -5     T
   327  .81000E+01  .50000E-01    3  1158    -4    -5     T
   328  .81500E+01  .50000E-01    3  1161    -4    -5     T
   329  .81750E+01  .25000E-01    3  1164    -4    -5     T
   330  .82000E+01  .25001E-01    3  1167    -4    -5     T
   331  .82500E+01  .50000E-01    3  1170    -4    -5     T
   332  .83000E+01  .50000E-01    3  1173    -4    -5     T
   333  .83500E+01  .50000E-01    3  1176    -4    -5     T
   334  .84000E+01  .50000E-01    3  1179    -4    -5     T
   335  .84250E+01  .25000E-01    3  1182    -4    -5     T
   336  .84500E+01  .25001E-01    3  1185    -4    -5     T
   337  .85000E+01  .50000E-01    3  1188    -4    -5     T
   338  .85500E+01  .50000E-01    3  1191    -4    -5     T
   339  .85750E+01  .25000E-01    3  1194    -4    -5     T
   340  .86000E+01  .25000E-01    3  1197    -4    -5     T
   341  .86500E+01  .49999E-01    3  1200    -4    -5     T
   342  .87000E+01  .50000E-01    3  1203    -4    -5     T
   343  .87250E+01  .25000E-01    3  1206    -4    -5     T
   344  .87500E+01  .25000E-01    3  1209    -4    -5     T
   345  .88000E+01  .50000E-01    3  1212    -4    -5     T
   346  .88500E+01  .50000E-01    3  1215    -4    -5     T
   347  .89000E+01  .49999E-01    3  1218    -4    -5     T
   348  .89500E+01  .50000E-01    3  1221    -4    -5     T
   349  .89750E+01  .25000E-01    3  1224    -4    -5     T
   350  .90000E+01  .25000E-01    3  1227    -4    -5     T
   351  .90500E+01  .50000E-01    3  1230    -4    -5     T
   352  .91000E+01  .50000E-01    3  1233    -4    -5     T
   353  .91500E+01  .50000E-01    3  1236    -4    -5     T
   354  .92000E+01  .50000E-01    3  1239    -4    -5     T
   355  .92500E+01  .50000E-01    3  1242    -4    -5     T
   356  .93000E+01  .50000E-01    3  1245    -4    -5     T
   357  .93500E+01  .50000E-01    3  1248    -4    -5     T
   358  .94000E+01  .50000E-01    3  1251    -4    -5     T
   359  .94250E+01  .25000E-01    3  1254    -4    -5     T
   360  .94500E+01  .25001E-01    3  1257    -4    -5     T
   361  .94750E+01  .25000E-01    3  1260    -4    -5     T
   362  .95000E+01  .25000E-01    3  1263    -4    -5     T
   363  .95250E+01  .25000E-01    3  1266    -4    -5     T
   364  .95500E+01  .25001E-01    3  1269    -4    -5     T
   365  .95750E+01  .25000E-01    3  1272    -4    -5     T
   366  .96000E+01  .25000E-01    3  1275    -4    -5     T
   367  .96500E+01  .50000E-01    3  1278    -4    -5     T
   368  .97000E+01  .50000E-01    3  1281    -4    -5     T
   369  .97500E+01  .50000E-01    3  1284    -4    -5     T
   370  .98000E+01  .50000E-01    3  1287    -4    -5     T
   371  .98500E+01  .50000E-01    3  1290    -4    -5     T
   372  .99000E+01  .50000E-01    3  1293    -4    -5     T
   373  .99500E+01  .50000E-01    3  1296    -4    -5     T
   374  .10000E+02  .49999E-01    3  1299    -4    -5     T
   375  .10050E+02  .50000E-01    3  1302    -4    -5     T
   376  .10100E+02  .50000E-01    3  1305    -4    -5     T
   377  .10150E+02  .50000E-01    3  1308    -4    -5     T
   378  .10200E+02  .50000E-01    3  1311    -4    -5     T
   379  .10250E+02  .49999E-01    3  1314    -4    -5     T
   380  .10300E+02  .50000E-01    3  1317    -4    -5     T
   381  .10350E+02  .50000E-01    3  1320    -4    -5     T
   382  .10400E+02  .49999E-01    3  1323    -4    -5     T
   383  .10450E+02  .50000E-01    3  1326    -4    -5     T
   384  .10500E+02  .50000E-01    3  1329    -4    -5     T
   385  .10525E+02  .25000E-01    3  1332    -4    -5     T
   386  .10550E+02  .25001E-01    3  1335    -4    -5     T
   387  .10575E+02  .25000E-01    3  1338    -4    -5     T
   388  .10600E+02  .25000E-01    3  1341    -4    -5     T
   389  .10650E+02  .50000E-01    3  1344    -4    -5     T
   390  .10700E+02  .50000E-01    3  1347    -4    -5     T
   391  .10750E+02  .50000E-01    3  1350    -4    -5     T
   392  .10775E+02  .25000E-01    3  1353    -4    -5     T
   393  .10800E+02  .25001E-01    3  1356    -4    -5     T
   394  .10850E+02  .50000E-01    3  1359    -4    -5     T
   395  .10900E+02  .50000E-01    3  1362    -4    -5     T
   396  .10950E+02  .50000E-01    3  1365    -4    -5     T
   397  .11000E+02  .50000E-01    3  1368    -4    -5     T
   398  .11050E+02  .50000E-01    3  1371    -4    -5     T
   399  .11100E+02  .49999E-01    3  1374    -4    -5     T
   400  .11150E+02  .50000E-01    3  1377    -4    -5     T
   401  .11175E+02  .25000E-01    3  1380    -4    -5     T
   402  .11200E+02  .25001E-01    3  1383    -4    -5     T
   403  .11250E+02  .50000E-01    3  1386    -4    -5     T
   404  .11300E+02  .50000E-01    3  1389    -4    -5     T
   405  .11325E+02  .25000E-01    3  1392    -4    -5     T
   406  .11350E+02  .25000E-01    3  1395    -4    -5     T
   407  .11400E+02  .50000E-01    3  1398    -4    -5     T
   408  .11450E+02  .50000E-01    3  1401    -4    -5     T
   409  .11500E+02  .50000E-01    3  1404    -4    -5     T
   410  .11550E+02  .50000E-01    3  1407    -4    -5     T
   411  .11600E+02  .49999E-01    3  1410    -4    -5     T
   412  .11650E+02  .50000E-01    3  1413    -4    -5     T
   413  .11675E+02  .25000E-01    3  1416    -4    -5     T
   414  .11700E+02  .25001E-01    3  1419    -4    -5     T
   415  .11750E+02  .50000E-01    3  1422    -4    -5     T
   416  .11800E+02  .50000E-01    3  1425    -4    -5     T
   417  .11850E+02  .50000E-01    3  1428    -4    -5     T
   418  .11900E+02  .50000E-01    3  1431    -4    -5     T
   419  .11925E+02  .25000E-01    3  1434    -4    -5     T
   420  .11950E+02  .25001E-01    3  1437    -4    -5     T
   421  .11975E+02  .25000E-01    3  1440    -4    -5     T
   422  .12000E+02  .25000E-01    3  1443    -4    -5     T
   423  .12000E+02  .10000E-03    3  1446    -4    -5     T
   424  .12000E+02  .12861E-03    3  1449    -4    -5     T
   425  .12000E+02  .15430E-03    3  1452    -4    -5     T
   426  .12001E+02  .20568E-03    3  1455    -4    -5     T
   427  .12001E+02  .41103E-03    3  1458    -4    -5     T
   428  .12001E+02  .33315E-03    3  1461    -4    -5     T
   429  .12002E+02  .66662E-03    3  1464    -4    -5     T
   430  .12003E+02  .63613E-03    3  1467    -4    -5     T
   431  .12003E+02  .82461E-03    3  1470    -4    -5     T
   432  .12005E+02  .10720E-02    3  1473    -4    -5     T
   433  .12006E+02  .13578E-02    3  1476    -4    -5     T
   434  .12008E+02  .17281E-02    3  1479    -4    -5     T
   435  .12010E+02  .24688E-02    3  1482    -4    -5     T
   436  .12013E+02  .29625E-02    3  1485    -4    -5     T
   437  .12017E+02  .39501E-02    3  1488    -4    -5     T
   438  .12021E+02  .39501E-02    3  1491    -4    -5     T
   439  .12025E+02  .39501E-02    3  1494    -4    -5     T
   440  .12033E+02  .82998E-02    3  1497    -4    -5     T
   441  .12044E+02  .10799E-01    3  1500    -4    -5     T
   442  .12056E+02  .11700E-01    3  1503    -4    -5     T
   443  .12067E+02  .11700E-01    3  1506    -4    -5     T
   444  .12079E+02  .11700E-01    3  1509    -4    -5     T
   445  .12100E+02  .20901E-01    3  1512    -4    -5     T
   446  .12127E+02  .27450E-01    3  1515    -4    -5     T
   447  .12155E+02  .27450E-01    3  1518    -4    -5     T
   448  .12190E+02  .35300E-01    4  1522    -4    -5     T
   449  .12226E+02  .35300E-01    3  1525    -4    -5     T
   450  .12265E+02  .39200E-01    3  1528    -4    -5     T
   451  .12304E+02  .39200E-01    3  1531    -4    -5     T
   452  .12343E+02  .39200E-01    3  1534    -4    -5     T
   453  .12393E+02  .50000E-01    3  1537    -4    -5     T
   454  .12430E+02  .36550E-01    3  1540    -4    -5     T
   455  .12466E+02  .36551E-01    3  1543    -4    -5     T
   456  .12500E+02  .33800E-01    3  1546    -4    -5     T
   457  .12550E+02  .50000E-01    3  1549    -4    -5     T
   458  .12575E+02  .25000E-01    3  1552    -4    -5     T
   459  .12600E+02  .25000E-01    3  1555    -4    -5     T
   460  .12650E+02  .49999E-01    3  1558    -4    -5     T
   461  .12700E+02  .50000E-01    3  1561    -4    -5     T
   462  .12725E+02  .25000E-01    3  1564    -4    -5     T
   463  .12750E+02  .25000E-01    3  1567    -4    -5     T
   464  .12775E+02  .25000E-01    3  1570    -4    -5     T
   465  .12800E+02  .25001E-01    3  1573    -4    -5     T
   466  .12825E+02  .25000E-01    3  1576    -4    -5     T
   467  .12850E+02  .25000E-01    3  1579    -4    -5     T
   468  .12900E+02  .50000E-01    3  1582    -4    -5     T
   469  .12925E+02  .25000E-01    3  1585    -4    -5     T
   470  .12950E+02  .25001E-01    3  1588    -4    -5     T
   471  .12975E+02  .25000E-01    3  1591    -4    -5     T
   472  .13000E+02  .25000E-01    3  1594    -4    -5     T
   473  .13000E+02  .10000E-03    3  1597    -4    -5     T
   474  .13000E+02  .12861E-03    3  1600    -4    -5     T
   475  .13000E+02  .15430E-03    3  1603    -4    -5     T
   476  .13001E+02  .20568E-03    3  1606    -4    -5     T
   477  .13001E+02  .41103E-03    3  1609    -4    -5     T
   478  .13001E+02  .32496E-03    3  1612    -4    -5     T
   479  .13002E+02  .48733E-03    3  1615    -4    -5     T
   480  .13002E+02  .48733E-03    3  1618    -4    -5     T
   481  .13003E+02  .61815E-03    3  1621    -4    -5     T
   482  .13004E+02  .77271E-03    3  1624    -4    -5     T
   483  .13005E+02  .10818E-02    3  1627    -4    -5     T
   484  .13006E+02  .14426E-02    3  1630    -4    -5     T
   485  .13008E+02  .14424E-02    3  1633    -4    -5     T
   486  .13009E+02  .14420E-02    3  1636    -4    -5     T
   487  .13011E+02  .18501E-02    3  1639    -4    -5     T
   488  .13013E+02  .18501E-02    3  1642    -4    -5     T
   489  .13015E+02  .23999E-02    3  1645    -4    -5     T
   490  .13018E+02  .24004E-02    3  1648    -4    -5     T
   491  .13022E+02  .41666E-02    3  1651    -4    -5     T
   492  .13027E+02  .52083E-02    3  1654    -4    -5     T
   493  .13035E+02  .78125E-02    3  1657    -4    -5     T
   494  .13043E+02  .78125E-02    3  1660    -4    -5     T
   495  .13050E+02  .69504E-02    3  1663    -4    -5     T
   496  .13057E+02  .69504E-02    3  1666    -4    -5     T
   497  .13065E+02  .88997E-02    3  1669    -4    -5     T
   498  .13074E+02  .88997E-02    3  1672    -4    -5     T
   499  .13086E+02  .11550E-01    3  1675    -4    -5     T
   500  .13097E+02  .11550E-01    3  1678    -4    -5     T
   501  .13112E+02  .15050E-01    3  1681    -4    -5     T
   502  .13127E+02  .15050E-01    3  1684    -4    -5     T
   503  .13147E+02  .19850E-01    3  1687    -4    -5     T
   504  .13167E+02  .19850E-01    3  1690    -4    -5     T
   505  .13192E+02  .24500E-01    3  1693    -4    -5     T
   506  .13216E+02  .24500E-01    3  1696    -4    -5     T
   507  .13265E+02  .49000E-01    3  1699    -4    -5     T
   508  .13314E+02  .48901E-01    3  1702    -4    -5     T
   509  .13363E+02  .49000E-01    3  1705    -4    -5     T
   510  .13412E+02  .49000E-01    3  1708    -4    -5     T
   511  .13461E+02  .49000E-01    3  1711    -4    -5     T
   512  .13510E+02  .48901E-01    3  1714    -4    -5     T
   513  .13510E+02  .10014E-03    3  1717    -4    -5     T
   514  .13559E+02  .49000E-01    4  1721    -4    -5     T
   515  .13608E+02  .49000E-01    3  1724    -4    -5     T
   516  .13657E+02  .49000E-01    3  1727    -4    -5     T
   517  .13706E+02  .48967E-01    3  1730    -4    -5     T
   518  .13755E+02  .48967E-01    3  1733    -4    -5     T
   519  .13804E+02  .48966E-01    3  1736    -4    -5     T
   520  .13853E+02  .49000E-01    3  1739    -4    -5     T
   521  .13902E+02  .49000E-01    3  1742    -4    -5     T
   522  .13951E+02  .49000E-01    3  1745    -4    -5     T
   523  .14000E+02  .49000E-01    3  1748    -4    -5     T
   524  .14025E+02  .25000E-01    3  1751    -4    -5     T
   525  .14050E+02  .25001E-01    3  1754    -4    -5     T
   526  .14075E+02  .25000E-01    3  1757    -4    -5     T
   527  .14100E+02  .25000E-01    3  1760    -4    -5     T
   528  .14150E+02  .50000E-01    3  1763    -4    -5     T
   529  .14200E+02  .50000E-01    3  1766    -4    -5     T
   530  .14250E+02  .49999E-01    3  1769    -4    -5     T
   531  .14300E+02  .50000E-01    3  1772    -4    -5     T
   532  .14350E+02  .50000E-01    3  1775    -4    -5     T
   533  .14400E+02  .49999E-01    3  1778    -4    -5     T
   534  .14450E+02  .50000E-01    3  1781    -4    -5     T
   535  .14475E+02  .25000E-01    3  1784    -4    -5     T
   536  .14500E+02  .25000E-01    3  1787    -4    -5     T
   537  .14525E+02  .25000E-01    3  1790    -4    -5     T
   538  .14550E+02  .25001E-01    3  1793    -4    -5     T
   539  .14575E+02  .25000E-01    3  1796    -4    -5     T
   540  .14600E+02  .25000E-01    3  1799    -4    -5     T
   541  .14650E+02  .50000E-01    3  1802    -4    -5     T
   542  .14675E+02  .25000E-01    3  1805    -4    -5     T
   543  .14700E+02  .25001E-01    3  1808    -4    -5     T
   544  .14750E+02  .50000E-01    3  1811    -4    -5     T
   545  .14800E+02  .50000E-01    3  1814    -4    -5     T
   546  .14850E+02  .50000E-01    3  1817    -4    -5     T
   547  .14900E+02  .50000E-01    3  1820    -4    -5     T
   548  .14950E+02  .50000E-01    3  1823    -4    -5     T
   549  .15000E+02  .49999E-01    3  1826    -4    -5     T
   550  .15050E+02  .50000E-01    3  1829    -4    -5     T
   551  .15075E+02  .25000E-01    3  1832    -4    -5     T
   552  .15100E+02  .25000E-01    3  1835    -4    -5     T
   553  .15150E+02  .49999E-01    3  1838    -4    -5     T
   554  .15175E+02  .25000E-01    3  1841    -4    -5     T
   555  .15200E+02  .25001E-01    3  1844    -4    -5     T
   556  .15250E+02  .50000E-01    3  1847    -4    -5     T
   557  .15300E+02  .50000E-01    3  1850    -4    -5     T
   558  .15350E+02  .50000E-01    3  1853    -4    -5     T
   559  .15400E+02  .50000E-01    3  1856    -4    -5     T
   560  .15450E+02  .50000E-01    3  1859    -4    -5     T
   561  .15500E+02  .49999E-01    3  1862    -4    -5     T
   562  .15550E+02  .50000E-01    3  1865    -4    -5     T
   563  .15575E+02  .25000E-01    3  1868    -4    -5     T
   564  .15600E+02  .25000E-01    3  1871    -4    -5     T
   565  .15650E+02  .50000E-01    3  1874    -4    -5     T
   566  .15675E+02  .25000E-01    3  1877    -4    -5     T
   567  .15700E+02  .25001E-01    3  1880    -4    -5     T
   568  .15750E+02  .50000E-01    3  1883    -4    -5     T
   569  .15800E+02  .50000E-01    3  1886    -4    -5     T
   570  .15850E+02  .50000E-01    3  1889    -4    -5     T
   571  .15900E+02  .50000E-01    3  1892    -4    -5     T
   572  .15925E+02  .25000E-01    3  1895    -4    -5     T
   573  .15950E+02  .25001E-01    3  1898    -4    -5     T
   574  .15975E+02  .25000E-01    3  1901    -4    -5     T
   575  .16000E+02  .25000E-01    3  1904    -4    -5     T
   576  .16050E+02  .50000E-01    3  1907    -4    -5     T
   577  .16100E+02  .50000E-01    3  1910    -4    -5     T
   578  .16150E+02  .50000E-01    3  1913    -4    -5     T
   579  .16175E+02  .25002E-01    3  1916    -4    -5     T
   580  .16200E+02  .25002E-01    3  1919    -4    -5     T
   581  .16250E+02  .49999E-01    3  1922    -4    -5     T
   582  .16300E+02  .49999E-01    3  1925    -4    -5     T
   583  .16350E+02  .50000E-01    3  1928    -4    -5     T
   584  .16400E+02  .50000E-01    3  1931    -4    -5     T
   585  .16425E+02  .25002E-01    3  1934    -4    -5     T
   586  .16450E+02  .25002E-01    3  1937    -4    -5     T
   587  .16500E+02  .49999E-01    3  1940    -4    -5     T
   588  .16550E+02  .49999E-01    3  1943    -4    -5     T
   589  .16600E+02  .50000E-01    3  1946    -4    -5     T
   590  .16650E+02  .50000E-01    3  1949    -4    -5     T
   591  .16700E+02  .50000E-01    3  1952    -4    -5     T
   592  .16750E+02  .50000E-01    3  1955    -4    -5     T
   593  .16800E+02  .50000E-01    3  1958    -4    -5     T
   594  .16850E+02  .50000E-01    3  1961    -4    -5     T
   595  .16900E+02  .50000E-01    3  1964    -4    -5     T
   596  .16950E+02  .50000E-01    3  1967    -4    -5     T
   597  .16975E+02  .25003E-01    3  1970    -4    -5     T
   598  .17000E+02  .25003E-01    3  1973    -4    -5     T
   599  .17050E+02  .50000E-01    3  1976    -4    -5     T
   600  .17075E+02  .25001E-01    3  1979    -4    -5     T
   601  .17100E+02  .25000E-01    3  1982    -4    -5     T
   602  .17150E+02  .50000E-01    3  1985    -4    -5     T
   603  .17175E+02  .25001E-01    3  1988    -4    -5     T
   604  .17200E+02  .25002E-01    3  1991    -4    -5     T
   605  .17250E+02  .49999E-01    3  1994    -4    -5     T
   606  .17300E+02  .49999E-01    3  1997    -4    -5     T
   607  .17325E+02  .25001E-01    3  2000    -4    -5     T
   608  .17350E+02  .25000E-01    3  2003    -4    -5     T
   609  .17400E+02  .50000E-01    3  2006    -4    -5     T
   610  .17450E+02  .50000E-01    3  2009    -4    -5     T
   611  .17500E+02  .50000E-01    3  2012    -4    -5     T
   612  .17550E+02  .50000E-01    3  2015    -4    -5     T
   613  .17600E+02  .50000E-01    3  2018    -4    -5     T
   614  .17650E+02  .50000E-01    3  2021    -4    -5     T
   615  .17700E+02  .50000E-01    3  2024    -4    -5     T
   616  .17725E+02  .25002E-01    3  2027    -4    -5     T
   617  .17750E+02  .25002E-01    3  2030    -4    -5     T
   618  .17800E+02  .50000E-01    3  2033    -4    -5     T
   619  .17825E+02  .25001E-01    3  2036    -4    -5     T
   620  .17850E+02  .25000E-01    3  2039    -4    -5     T
   621  .17900E+02  .50000E-01    3  2042    -4    -5     T
   622  .17950E+02  .50000E-01    3  2045    -4    -5     T
   623  .17975E+02  .25001E-01    3  2048    -4    -5     T
   624  .18000E+02  .25002E-01    3  2051    -4    -5     T
   625  .18050E+02  .49999E-01    3  2054    -4    -5     T
   626  .18100E+02  .50000E-01    3  2057    -4    -5     T
   627  .18125E+02  .25001E-01    3  2060    -4    -5     T
   628  .18150E+02  .25000E-01    3  2063    -4    -5     T
   629  .18200E+02  .50000E-01    3  2066    -4    -5     T
   630  .18250E+02  .50000E-01    3  2069    -4    -5     T
   631  .18275E+02  .25001E-01    3  2072    -4    -5     T
   632  .18300E+02  .25002E-01    3  2075    -4    -5     T
   633  .18350E+02  .50000E-01    3  2078    -4    -5     T
   634  .18400E+02  .50000E-01    3  2081    -4    -5     T
   635  .18450E+02  .50000E-01    3  2084    -4    -5     T
   636  .18475E+02  .25002E-01    3  2087    -4    -5     T
   637  .18500E+02  .25002E-01    3  2090    -4    -5     T
   638  .18550E+02  .50000E-01    3  2093    -4    -5     T
   639  .18600E+02  .50000E-01    3  2096    -4    -5     T
   640  .18650E+02  .50000E-01    3  2099    -4    -5     T
   641  .18700E+02  .50000E-01    3  2102    -4    -5     T
   642  .18750E+02  .50000E-01    3  2105    -4    -5     T
   643  .18800E+02  .50000E-01    3  2108    -4    -5     T
   644  .18850E+02  .50000E-01    3  2111    -4    -5     T
   645  .18875E+02  .25002E-01    3  2114    -4    -5     T
   646  .18900E+02  .25003E-01    3  2117    -4    -5     T
   647  .18950E+02  .49900E-01    3  2120    -4    -5     T
   648  .18975E+02  .25050E-01    3  2123    -4    -5     T
   649  .19000E+02  .25051E-01    3  2126    -4    -5     T
   650  .19050E+02  .50000E-01    3  2129    -4    -5     T
   651  .19075E+02  .25001E-01    3  2132    -4    -5     T
   652  .19100E+02  .25000E-01    3  2135    -4    -5     T
   653  .19150E+02  .49991E-01    3  2138    -4    -5     T
   654  .19200E+02  .49991E-01    3  2141    -4    -5     T
   655  .19250E+02  .49991E-01    3  2144    -4    -5     T
   656  .19300E+02  .49991E-01    3  2147    -4    -5     T
   657  .19350E+02  .49991E-01    3  2150    -4    -5     T
   658  .19400E+02  .49991E-01    3  2153    -4    -5     T
   659  .19450E+02  .49990E-01    3  2156    -4    -5     T
   660  .19500E+02  .49991E-01    3  2159    -4    -5     T
   661  .19550E+02  .49991E-01    3  2162    -4    -5     T
   662  .19600E+02  .49991E-01    3  2165    -4    -5     T
   663  .19650E+02  .49990E-01    3  2168    -4    -5     T
   664  .19700E+02  .50000E-01    3  2171    -4    -5     T
   665  .19725E+02  .25001E-01    3  2174    -4    -5     T
   666  .19750E+02  .25002E-01    3  2177    -4    -5     T
   667  .19800E+02  .49999E-01    3  2180    -4    -5     T
   668  .19850E+02  .49999E-01    3  2183    -4    -5     T
   669  .19900E+02  .50000E-01    3  2186    -4    -5     T
   670  .19950E+02  .50000E-01    3  2189    -4    -5     T
   671  .19975E+02  .25051E-01    3  2192    -4    -5     T
   672  .20000E+02  .25051E-01    3  2195    -4    -5     T
   673  .20050E+02  .50000E-01    3  2198    -4    -5     T
   674  .20075E+02  .25001E-01    3  2201    -4    -5     T
   675  .20100E+02  .25000E-01    3  2204    -4    -5     T
   676  .20150E+02  .50000E-01    3  2207    -4    -5     T
   677  .20200E+02  .50000E-01    3  2210    -4    -5     T
   678  .20250E+02  .50000E-01    3  2213    -4    -5     T
   679  .20300E+02  .50000E-01    3  2216    -4    -5     T
   680  .20350E+02  .50000E-01    3  2219    -4    -5     T
   681  .20400E+02  .50000E-01    3  2222    -4    -5     T
   682  .20450E+02  .50000E-01    3  2225    -4    -5     T
   683  .20475E+02  .25002E-01    3  2228    -4    -5     T
   684  .20500E+02  .25002E-01    3  2231    -4    -5     T
   685  .20550E+02  .50000E-01    3  2234    -4    -5     T
   686  .20600E+02  .50000E-01    3  2237    -4    -5     T
   687  .20650E+02  .50000E-01    3  2240    -4    -5     T
   688  .20675E+02  .25002E-01    3  2243    -4    -5     T
   689  .20700E+02  .25002E-01    3  2246    -4    -5     T
   690  .20750E+02  .50000E-01    3  2249    -4    -5     T
   691  .20800E+02  .50000E-01    3  2252    -4    -5     T
   692  .20850E+02  .50000E-01    3  2255    -4    -5     T
   693  .20900E+02  .50000E-01    3  2258    -4    -5     T
   694  .20950E+02  .50000E-01    3  2261    -4    -5     T
   695  .20975E+02  .25002E-01    3  2264    -4    -5     T
   696  .21000E+02  .25002E-01    3  2267    -4    -5     T
   697  .21050E+02  .50000E-01    3  2270    -4    -5     T
   698  .21100E+02  .50000E-01    3  2273    -4    -5     T
   699  .21150E+02  .50000E-01    3  2276    -4    -5     T
   700  .21200E+02  .50000E-01    3  2279    -4    -5     T
   701  .21250E+02  .50000E-01    3  2282    -4    -5     T
   702  .21300E+02  .50000E-01    3  2285    -4    -5     T
   703  .21350E+02  .50000E-01    3  2288    -4    -5     T
   704  .21400E+02  .50000E-01    3  2291    -4    -5     T
   705  .21425E+02  .25003E-01    3  2294    -4    -5     T
   706  .21450E+02  .25003E-01    3  2297    -4    -5     T
   707  .21500E+02  .49999E-01    3  2300    -4    -5     T
   708  .21550E+02  .50000E-01    3  2303    -4    -5     T
   709  .21600E+02  .50000E-01    3  2306    -4    -5     T
   710  .21650E+02  .50000E-01    3  2309    -4    -5     T
   711  .21700E+02  .50000E-01    3  2312    -4    -5     T
   712  .21750E+02  .50000E-01    3  2315    -4    -5     T
   713  .21800E+02  .50000E-01    3  2318    -4    -5     T
   714  .21850E+02  .50000E-01    3  2321    -4    -5     T
   715  .21900E+02  .50000E-01    3  2324    -4    -5     T
   716  .21950E+02  .50000E-01    3  2327    -4    -5     T
   717  .21975E+02  .25003E-01    3  2330    -4    -5     T
   718  .22000E+02  .25003E-01    3  2333    -4    -5     T
   719  .22050E+02  .50000E-01    3  2336    -4    -5     T
   720  .22100E+02  .50000E-01    3  2339    -4    -5     T
   721  .22150E+02  .50000E-01    3  2342    -4    -5     T
   722  .22200E+02  .50000E-01    3  2345    -4    -5     T
   723  .22225E+02  .25002E-01    3  2348    -4    -5     T
   724  .22250E+02  .25002E-01    3  2351    -4    -5     T
   725  .22300E+02  .50000E-01    3  2354    -4    -5     T
   726  .22350E+02  .50000E-01    3  2357    -4    -5     T
   727  .22400E+02  .50000E-01    3  2360    -4    -5     T
   728  .22450E+02  .50000E-01    3  2363    -4    -5     T
   729  .22475E+02  .25002E-01    3  2366    -4    -5     T
   730  .22500E+02  .25002E-01    3  2369    -4    -5     T
   731  .22550E+02  .50000E-01    3  2372    -4    -5     T
   732  .22600E+02  .50000E-01    3  2375    -4    -5     T
   733  .22650E+02  .50000E-01    3  2378    -4    -5     T
   734  .22700E+02  .50000E-01    3  2381    -4    -5     T
   735  .22750E+02  .50000E-01    3  2384    -4    -5     T
   736  .22800E+02  .50000E-01    3  2387    -4    -5     T
   737  .22850E+02  .50000E-01    3  2390    -4    -5     T
   738  .22900E+02  .50000E-01    3  2393    -4    -5     T
   739  .22950E+02  .50000E-01    3  2396    -4    -5     T
   740  .22975E+02  .25003E-01    3  2399    -4    -5     T
   741  .23000E+02  .25003E-01    3  2402    -4    -5     T
   742  .23050E+02  .50000E-01    3  2405    -4    -5     T
   743  .23100E+02  .50000E-01    3  2408    -4    -5     T
   744  .23150E+02  .50000E-01    3  2411    -4    -5     T
   745  .23200E+02  .50000E-01    3  2414    -4    -5     T
   746  .23225E+02  .25002E-01    3  2417    -4    -5     T
   747  .23250E+02  .25002E-01    3  2420    -4    -5     T
   748  .23300E+02  .49991E-01    3  2423    -4    -5     T
   749  .23350E+02  .49991E-01    3  2426    -4    -5     T
   750  .23400E+02  .49991E-01    3  2429    -4    -5     T
   751  .23450E+02  .49991E-01    3  2432    -4    -5     T
   752  .23500E+02  .49991E-01    3  2435    -4    -5     T
   753  .23550E+02  .49991E-01    3  2438    -4    -5     T
   754  .23600E+02  .49991E-01    3  2441    -4    -5     T
   755  .23650E+02  .49991E-01    3  2444    -4    -5     T
   756  .23700E+02  .49990E-01    3  2447    -4    -5     T
   757  .23750E+02  .49991E-01    3  2450    -4    -5     T
   758  .23800E+02  .49992E-01    3  2453    -4    -5     T
   759  .23850E+02  .49999E-01    3  2456    -4    -5     T
   760  .23900E+02  .50000E-01    3  2459    -4    -5     T
   761  .23950E+02  .50000E-01    3  2462    -4    -5     T
   762  .23975E+02  .25051E-01    3  2465    -4    -5     T
   763  .24000E+02  .25051E-01    3  2468    -4    -5     T
end
 
 Real time [sec]       3.000000000000000
