phreeqc.out 0 2017284677 -1
MINDIS.hse 1 0 -1
obs_nod_chem51.out 2 51 0
obs_nod_chem101.out 2 101 0
nod_inf_chem.out 3 0 0
ts_pH.plt 4 0 -1
pd_pH.plt 5 0 -1
ts_pe.plt 4 0 -1
pd_pe.plt 5 0 -1
ts_tot_Si.plt 4 1 -1
pd_tot_Si.plt 5 1 -1
ts_tot_Na.plt 4 1 -1
pd_tot_Na.plt 5 1 -1
ts_tot_Al.plt 4 1 -1
pd_tot_Al.plt 5 1 -1
ts_eq_gibbsite.plt 4 4 -1
pd_eq_gibbsite.plt 5 4 -1
ts_d_eq_gibbsite.plt 4 5 -1
pd_d_eq_gibbsite.plt 5 5 -1
ts_eq_SiO2(a).plt 4 4 -1
pd_eq_SiO2(a).plt 5 4 -1
ts_d_eq_SiO2(a).plt 4 5 -1
pd_d_eq_SiO2(a).plt 5 5 -1
