 ******* Program HYDRUS
 ******* Transport with mineral dissolution                                     
  
 Date:  30.10.    Time:   9:27:46
 Units: L = cm   , T = days , M = mmol 


  TLevel   Time         dt     ItrW ItrC  ItCum  KodT  KodB Converg Peclet   Courant

        25  .10000E+01  .71072E-01      1      1        25     1     1     F     1.024      .142
        36  .20000E+01  .64102E-01      1      1        36     1     1     F     1.022      .128
        47  .30000E+01  .63989E-01      1      1        47     1     1     F     1.022      .128
        58  .40000E+01  .63987E-01      1      1        58     1     1     F     1.022      .128
        69  .50000E+01  .63987E-01      1      1        69     1     1     F     1.022      .128
        80  .60000E+01  .63987E-01      1      1        80     1     1     F     1.022      .128
        91  .70000E+01  .63987E-01      1      1        91     1     1     F     1.022      .128
       102  .80000E+01  .63987E-01      1      1       102     1     1     F     1.022      .128
       113  .90000E+01  .63987E-01      1      1       113     1     1     F     1.022      .128
       124  .10000E+02  .63987E-01      1      1       124     1     1     F     1.022      .128
       135  .11000E+02  .63987E-01      1      1       135     1     1     F     1.022      .128
       146  .12000E+02  .63987E-01      1      1       146     1     1     F     1.022      .128
       157  .13000E+02  .63987E-01      1      1       157     1     1     F     1.022      .128
       168  .14000E+02  .63987E-01      1      1       168     1     1     F     1.022      .128
       179  .15000E+02  .63987E-01      1      1       179     1     1     F     1.022      .128
       190  .16000E+02  .63987E-01      1      1       190     1     1     F     1.022      .128
       201  .17000E+02  .63987E-01      1      1       201     1     1     F     1.022      .128
       212  .18000E+02  .63987E-01      1      1       212     1     1     F     1.022      .128
       223  .19000E+02  .63987E-01      1      1       223     1     1     F     1.022      .128
       234  .20000E+02  .63987E-01      1      1       234     1     1     F     1.022      .128
       245  .21000E+02  .63987E-01      1      1       245     1     1     F     1.022      .128
       256  .22000E+02  .63987E-01      1      1       256     1     1     F     1.022      .128
       267  .23000E+02  .63987E-01      1      1       267     1     1     F     1.022      .128
       278  .24000E+02  .63987E-01      1      1       278     1     1     F     1.022      .128
       289  .25000E+02  .63987E-01      1      1       289     1     1     F     1.022      .128
       300  .26000E+02  .63987E-01      1      1       300     1     1     F     1.022      .128
       311  .27000E+02  .63987E-01      1      1       311     1     1     F     1.022      .128
       322  .28000E+02  .63987E-01      1      1       322     1     1     F     1.022      .128
       333  .29000E+02  .63987E-01      1      1       333     1     1     F     1.022      .128
       344  .30000E+02  .63987E-01      1      1       344     1     1     F     1.022      .128
       355  .31000E+02  .63987E-01      1      1       355     1     1     F     1.022      .128
       366  .32000E+02  .63987E-01      1      1       366     1     1     F     1.022      .128
       377  .33000E+02  .63987E-01      1      1       377     1     1     F     1.022      .128
       388  .34000E+02  .63987E-01      1      1       388     1     1     F     1.022      .128
       399  .35000E+02  .63987E-01      1      1       399     1     1     F     1.022      .128
       410  .36000E+02  .63987E-01      1      1       410     1     1     F     1.022      .128
       421  .37000E+02  .63987E-01      1      1       421     1     1     F     1.022      .128
       432  .38000E+02  .63987E-01      1      1       432     1     1     F     1.022      .128
       443  .39000E+02  .63987E-01      1      1       443     1     1     F     1.022      .128
       454  .40000E+02  .63987E-01      1      1       454     1     1     F     1.022      .128
       465  .41000E+02  .63987E-01      1      1       465     1     1     F     1.022      .128
       476  .42000E+02  .63987E-01      1      1       476     1     1     F     1.022      .128
       487  .43000E+02  .63987E-01      1      1       487     1     1     F     1.022      .128
       498  .44000E+02  .63987E-01      1      1       498     1     1     F     1.022      .128
       509  .45000E+02  .63987E-01      1      1       509     1     1     F     1.022      .128
       520  .46000E+02  .63987E-01      1      1       520     1     1     F     1.022      .128
       531  .47000E+02  .63987E-01      1      1       531     1     1     F     1.022      .128
       542  .48000E+02  .63987E-01      1      1       542     1     1     F     1.022      .128
       553  .49000E+02  .63987E-01      1      1       553     1     1     F     1.022      .128
       564  .50000E+02  .63987E-01      1      1       564     1     1     F     1.022      .128
       575  .51000E+02  .63987E-01      1      1       575     1     1     F     1.022      .128
       586  .52000E+02  .63987E-01      1      1       586     1     1     F     1.022      .128
       597  .53000E+02  .63987E-01      1      1       597     1     1     F     1.022      .128
       608  .54000E+02  .63987E-01      1      1       608     1     1     F     1.022      .128
       619  .55000E+02  .63987E-01      1      1       619     1     1     F     1.022      .128
       630  .56000E+02  .63987E-01      1      1       630     1     1     F     1.022      .128
       641  .57000E+02  .63987E-01      1      1       641     1     1     F     1.022      .128
       652  .58000E+02  .63987E-01      1      1       652     1     1     F     1.022      .128
       663  .59000E+02  .63987E-01      1      1       663     1     1     F     1.022      .128
       674  .60000E+02  .63987E-01      1      1       674     1     1     F     1.022      .128
       685  .61000E+02  .63987E-01      1      1       685     1     1     F     1.022      .128
       696  .62000E+02  .63987E-01      1      1       696     1     1     F     1.022      .128
       707  .63000E+02  .63987E-01      1      1       707     1     1     F     1.022      .128
       718  .64000E+02  .63987E-01      1      1       718     1     1     F     1.022      .128
       729  .65000E+02  .63987E-01      1      1       729     1     1     F     1.022      .128
       740  .66000E+02  .63987E-01      1      1       740     1     1     F     1.022      .128
       751  .67000E+02  .63987E-01      1      1       751     1     1     F     1.022      .128
       762  .68000E+02  .63987E-01      1      1       762     1     1     F     1.022      .128
       773  .69000E+02  .63987E-01      1      1       773     1     1     F     1.022      .128
       784  .70000E+02  .63987E-01      1      1       784     1     1     F     1.022      .128
       795  .71000E+02  .63987E-01      1      1       795     1     1     F     1.022      .128
       806  .72000E+02  .63987E-01      1      1       806     1     1     F     1.022      .128
       817  .73000E+02  .63987E-01      1      1       817     1     1     F     1.022      .128
       828  .74000E+02  .63987E-01      1      1       828     1     1     F     1.022      .128
       839  .75000E+02  .63987E-01      1      1       839     1     1     F     1.022      .128
       850  .76000E+02  .63987E-01      1      1       850     1     1     F     1.022      .128
       861  .77000E+02  .63987E-01      1      1       861     1     1     F     1.022      .128
       872  .78000E+02  .63987E-01      1      1       872     1     1     F     1.022      .128
       883  .79000E+02  .63987E-01      1      1       883     1     1     F     1.022      .128
       894  .80000E+02  .63987E-01      1      1       894     1     1     F     1.022      .128
       905  .81000E+02  .63987E-01      1      1       905     1     1     F     1.022      .128
       916  .82000E+02  .63987E-01      1      1       916     1     1     F     1.022      .128
       927  .83000E+02  .63987E-01      1      1       927     1     1     F     1.022      .128
       938  .84000E+02  .63987E-01      1      1       938     1     1     F     1.022      .128
       949  .85000E+02  .63987E-01      1      1       949     1     1     F     1.022      .128
       960  .86000E+02  .63987E-01      1      1       960     1     1     F     1.022      .128
       971  .87000E+02  .63987E-01      1      1       971     1     1     F     1.022      .128
       982  .88000E+02  .63987E-01      1      1       982     1     1     F     1.022      .128
       993  .89000E+02  .63987E-01      1      1       993     1     1     F     1.022      .128
      1004  .90000E+02  .63987E-01      1      1      1004     1     1     F     1.022      .128
      1015  .91000E+02  .63987E-01      1      1      1015     1     1     F     1.022      .128
      1026  .92000E+02  .63987E-01      1      1      1026     1     1     F     1.022      .128
      1037  .93000E+02  .63987E-01      1      1      1037     1     1     F     1.022      .128
      1048  .94000E+02  .63987E-01      1      1      1048     1     1     F     1.022      .128
      1059  .95000E+02  .63987E-01      1      1      1059     1     1     F     1.022      .128
      1070  .96000E+02  .63987E-01      1      1      1070     1     1     F     1.022      .128
      1081  .97000E+02  .63987E-01      1      1      1081     1     1     F     1.022      .128
      1092  .98000E+02  .63987E-01      1      1      1092     1     1     F     1.022      .128
      1103  .99000E+02  .63987E-01      1      1      1103     1     1     F     1.022      .128
      1114  .10000E+03  .63987E-01      1      1      1114     1     1     F     1.022      .128
      1125  .10100E+03  .63987E-01      1      1      1125     1     1     F     1.022      .128
      1136  .10200E+03  .63987E-01      1      1      1136     1     1     F     1.022      .128
      1147  .10300E+03  .63987E-01      1      1      1147     1     1     F     1.022      .128
      1158  .10400E+03  .63987E-01      1      1      1158     1     1     F     1.022      .128
      1169  .10500E+03  .63987E-01      1      1      1169     1     1     F     1.022      .128
      1180  .10600E+03  .63987E-01      1      1      1180     1     1     F     1.022      .128
      1191  .10700E+03  .63987E-01      1      1      1191     1     1     F     1.022      .128
      1202  .10800E+03  .63987E-01      1      1      1202     1     1     F     1.022      .128
      1213  .10900E+03  .63987E-01      1      1      1213     1     1     F     1.022      .128
      1224  .11000E+03  .63987E-01      1      1      1224     1     1     F     1.022      .128
      1235  .11100E+03  .63987E-01      1      1      1235     1     1     F     1.022      .128
      1246  .11200E+03  .63987E-01      1      1      1246     1     1     F     1.022      .128
      1257  .11300E+03  .63987E-01      1      1      1257     1     1     F     1.022      .128
      1268  .11400E+03  .63987E-01      1      1      1268     1     1     F     1.022      .128
      1279  .11500E+03  .63987E-01      1      1      1279     1     1     F     1.022      .128
      1290  .11600E+03  .63987E-01      1      1      1290     1     1     F     1.022      .128
      1301  .11700E+03  .63987E-01      1      1      1301     1     1     F     1.022      .128
      1312  .11800E+03  .63987E-01      1      1      1312     1     1     F     1.022      .128
      1323  .11900E+03  .63987E-01      1      1      1323     1     1     F     1.022      .128
      1334  .12000E+03  .63987E-01      1      1      1334     1     1     F     1.022      .128
      1345  .12100E+03  .63987E-01      1      1      1345     1     1     F     1.022      .128
      1356  .12200E+03  .63987E-01      1      1      1356     1     1     F     1.022      .128
      1367  .12300E+03  .63987E-01      1      1      1367     1     1     F     1.022      .128
      1378  .12400E+03  .63987E-01      1      1      1378     1     1     F     1.022      .128
      1389  .12500E+03  .63987E-01      1      1      1389     1     1     F     1.022      .128
      1400  .12600E+03  .63987E-01      1      1      1400     1     1     F     1.022      .128
      1411  .12700E+03  .63987E-01      1      1      1411     1     1     F     1.022      .128
      1422  .12800E+03  .63987E-01      1      1      1422     1     1     F     1.022      .128
      1433  .12900E+03  .63987E-01      1      1      1433     1     1     F     1.022      .128
      1444  .13000E+03  .63987E-01      1      1      1444     1     1     F     1.022      .128
      1455  .13100E+03  .63987E-01      1      1      1455     1     1     F     1.022      .128
      1466  .13200E+03  .63987E-01      1      1      1466     1     1     F     1.022      .128
      1477  .13300E+03  .63987E-01      1      1      1477     1     1     F     1.022      .128
      1488  .13400E+03  .63987E-01      1      1      1488     1     1     F     1.022      .128
      1499  .13500E+03  .63987E-01      1      1      1499     1     1     F     1.022      .128
      1510  .13600E+03  .63987E-01      1      1      1510     1     1     F     1.022      .128
      1521  .13700E+03  .63987E-01      1      1      1521     1     1     F     1.022      .128
      1532  .13800E+03  .63987E-01      1      1      1532     1     1     F     1.022      .128
      1543  .13900E+03  .63987E-01      1      1      1543     1     1     F     1.022      .128
      1554  .14000E+03  .63987E-01      1      1      1554     1     1     F     1.022      .128
      1565  .14100E+03  .63987E-01      1      1      1565     1     1     F     1.022      .128
      1576  .14200E+03  .63987E-01      1      1      1576     1     1     F     1.022      .128
      1587  .14300E+03  .63987E-01      1      1      1587     1     1     F     1.022      .128
      1598  .14400E+03  .63987E-01      1      1      1598     1     1     F     1.022      .128
      1609  .14500E+03  .63987E-01      1      1      1609     1     1     F     1.022      .128
      1620  .14600E+03  .63987E-01      1      1      1620     1     1     F     1.022      .128
      1631  .14700E+03  .63987E-01      1      1      1631     1     1     F     1.022      .128
      1642  .14800E+03  .63987E-01      1      1      1642     1     1     F     1.022      .128
      1653  .14900E+03  .63987E-01      1      1      1653     1     1     F     1.022      .128
      1664  .15000E+03  .63987E-01      1      1      1664     1     1     F     1.022      .128
end
 
 Real time [sec]      53.000000000000000
