 All solute fluxes and cumulative solute fluxes are positive into the region

       Time       cvTop      cvBot    Sum(cvTop) Sum(cvBot)   cvCh0      cvCh1       cTop      cRoot       cBot      cvRoot   Sum(cvRoot) Sum(cvNEql) TLevel   PhrExch
        [T]      [M/L2/T]   [M/L2/T]    [M/L2]     [M/L2]     [M/L2]     [M/L2]      [M/L3]    [M/L3]      [M/L3]   [M/L2/T]    [M/L2]      [M/L2]              [M/L2]
       1.00000   .100E-02  -.777E-02   .100E-02  -.777E-02   .000E+00   .000E+00   .696E-02   .000E+00   .777E-02   .000E+00   .000E+00   .000E+00      25   .5816E-02
       2.00000   .100E-02  -.777E-02   .201E-02  -.155E-01   .000E+00   .000E+00   .687E-02   .000E+00   .777E-02   .000E+00   .000E+00   .000E+00      36   .1163E-01
       3.00000   .100E-02  -.777E-02   .301E-02  -.233E-01   .000E+00   .000E+00   .684E-02   .000E+00   .777E-02   .000E+00   .000E+00   .000E+00      47   .1745E-01
       4.00000   .100E-02  -.777E-02   .402E-02  -.311E-01   .000E+00   .000E+00   .304E-02   .000E+00   .777E-02   .000E+00   .000E+00   .000E+00      58   .2232E-01
       5.00000   .100E-02  -.777E-02   .502E-02  -.388E-01   .000E+00   .000E+00   .300E-02   .000E+00   .777E-02   .000E+00   .000E+00   .000E+00      69   .2814E-01
       6.00000   .100E-02  -.777E-02   .603E-02  -.466E-01   .000E+00   .000E+00   .300E-02   .000E+00   .777E-02   .000E+00   .000E+00   .000E+00      80   .3395E-01
       7.00000   .100E-02  -.777E-02   .703E-02  -.544E-01   .000E+00   .000E+00   .300E-02   .000E+00   .777E-02   .000E+00   .000E+00   .000E+00      91   .3977E-01
       8.00000   .100E-02  -.777E-02   .804E-02  -.622E-01   .000E+00   .000E+00   .300E-02   .000E+00   .777E-02   .000E+00   .000E+00   .000E+00     102   .4559E-01
       9.00000   .100E-02  -.777E-02   .904E-02  -.699E-01   .000E+00   .000E+00   .257E-02   .000E+00   .777E-02   .000E+00   .000E+00   .000E+00     113   .4998E-01
      10.00000   .100E-02  -.777E-02   .100E-01  -.777E-01   .000E+00   .000E+00   .212E-02   .000E+00   .777E-02   .000E+00   .000E+00   .000E+00     124   .5515E-01
      11.00000   .100E-02  -.777E-02   .110E-01  -.855E-01   .000E+00   .000E+00   .208E-02   .000E+00   .777E-02   .000E+00   .000E+00   .000E+00     135   .6091E-01
      12.00000   .100E-02  -.777E-02   .121E-01  -.932E-01   .000E+00   .000E+00   .207E-02   .000E+00   .777E-02   .000E+00   .000E+00   .000E+00     146   .6672E-01
      13.00000   .100E-02  -.777E-02   .131E-01  -.101E+00   .000E+00   .000E+00   .207E-02   .000E+00   .777E-02   .000E+00   .000E+00   .000E+00     157   .7254E-01
      14.00000   .100E-02  -.777E-02   .141E-01  -.109E+00   .000E+00   .000E+00   .207E-02   .000E+00   .777E-02   .000E+00   .000E+00   .000E+00     168   .7836E-01
      15.00000   .100E-02  -.777E-02   .151E-01  -.117E+00   .000E+00   .000E+00   .193E-02   .000E+00   .777E-02   .000E+00   .000E+00   .000E+00     179   .8221E-01
      16.00000   .100E-02  -.777E-02   .161E-01  -.124E+00   .000E+00   .000E+00   .183E-02   .000E+00   .777E-02   .000E+00   .000E+00   .000E+00     190   .8766E-01
      17.00000   .100E-02  -.777E-02   .171E-01  -.132E+00   .000E+00   .000E+00   .180E-02   .000E+00   .777E-02   .000E+00   .000E+00   .000E+00     201   .9340E-01
      18.00000   .100E-02  -.777E-02   .181E-01  -.140E+00   .000E+00   .000E+00   .179E-02   .000E+00   .777E-02   .000E+00   .000E+00   .000E+00     212   .9920E-01
      19.00000   .100E-02  -.777E-02   .191E-01  -.148E+00   .000E+00   .000E+00   .179E-02   .000E+00   .777E-02   .000E+00   .000E+00   .000E+00     223   .1050E+00
      20.00000   .100E-02  -.777E-02   .201E-01  -.155E+00   .000E+00   .000E+00   .179E-02   .000E+00   .777E-02   .000E+00   .000E+00   .000E+00     234   .1097E+00
      21.00000   .100E-02  -.777E-02   .211E-01  -.163E+00   .000E+00   .000E+00   .175E-02   .000E+00   .777E-02   .000E+00   .000E+00   .000E+00     245   .1145E+00
      22.00000   .100E-02  -.777E-02   .221E-01  -.171E+00   .000E+00   .000E+00   .172E-02   .000E+00   .777E-02   .000E+00   .000E+00   .000E+00     256   .1200E+00
      23.00000   .100E-02  -.777E-02   .231E-01  -.179E+00   .000E+00   .000E+00   .171E-02   .000E+00   .777E-02   .000E+00   .000E+00   .000E+00     267   .1258E+00
      24.00000   .100E-02  -.777E-02   .241E-01  -.186E+00   .000E+00   .000E+00   .170E-02   .000E+00   .777E-02   .000E+00   .000E+00   .000E+00     278   .1316E+00
      25.00000   .100E-02  -.777E-02   .251E-01  -.194E+00   .000E+00   .000E+00   .170E-02   .000E+00   .777E-02   .000E+00   .000E+00   .000E+00     289   .1374E+00
      26.00000   .100E-02  -.777E-02   .261E-01  -.202E+00   .000E+00   .000E+00   .170E-02   .000E+00   .777E-02   .000E+00   .000E+00   .000E+00     300   .1415E+00
      27.00000   .100E-02  -.777E-02   .271E-01  -.210E+00   .000E+00   .000E+00   .169E-02   .000E+00   .777E-02   .000E+00   .000E+00   .000E+00     311   .1467E+00
      28.00000   .100E-02  -.777E-02   .281E-01  -.218E+00   .000E+00   .000E+00   .168E-02   .000E+00   .777E-02   .000E+00   .000E+00   .000E+00     322   .1524E+00
      29.00000   .100E-02  -.777E-02   .291E-01  -.225E+00   .000E+00   .000E+00   .167E-02   .000E+00   .777E-02   .000E+00   .000E+00   .000E+00     333   .1581E+00
      30.00000   .100E-02  -.777E-02   .301E-01  -.233E+00   .000E+00   .000E+00   .167E-02   .000E+00   .777E-02   .000E+00   .000E+00   .000E+00     344   .1639E+00
      31.00000   .100E-02  -.777E-02   .311E-01  -.241E+00   .000E+00   .000E+00   .167E-02   .000E+00   .777E-02   .000E+00   .000E+00   .000E+00     355   .1697E+00
      32.00000   .100E-02  -.777E-02   .321E-01  -.249E+00   .000E+00   .000E+00   .167E-02   .000E+00   .777E-02   .000E+00   .000E+00   .000E+00     366   .1735E+00
      33.00000   .100E-02  -.777E-02   .331E-01  -.256E+00   .000E+00   .000E+00   .167E-02   .000E+00   .777E-02   .000E+00   .000E+00   .000E+00     377   .1790E+00
      34.00000   .100E-02  -.776E-02   .342E-01  -.264E+00   .000E+00   .000E+00   .166E-02   .000E+00   .776E-02   .000E+00   .000E+00   .000E+00     388   .1847E+00
      35.00000   .100E-02  -.776E-02   .352E-01  -.272E+00   .000E+00   .000E+00   .123E-02   .000E+00   .776E-02   .000E+00   .000E+00   .000E+00     399   .1904E+00
      36.00000   .100E-02  -.776E-02   .362E-01  -.280E+00   .000E+00   .000E+00   .121E-02   .000E+00   .776E-02   .000E+00   .000E+00   .000E+00     410   .1962E+00
      37.00000   .100E-02  -.775E-02   .372E-01  -.287E+00   .000E+00   .000E+00   .121E-02   .000E+00   .775E-02   .000E+00   .000E+00   .000E+00     421   .2007E+00
      38.00000   .100E-02  -.774E-02   .382E-01  -.295E+00   .000E+00   .000E+00   .121E-02   .000E+00   .774E-02   .000E+00   .000E+00   .000E+00     432   .2056E+00
      39.00000   .100E-02  -.772E-02   .392E-01  -.303E+00   .000E+00   .000E+00   .121E-02   .000E+00   .772E-02   .000E+00   .000E+00   .000E+00     443   .2112E+00
      40.00000   .100E-02  -.770E-02   .402E-01  -.311E+00   .000E+00   .000E+00   .121E-02   .000E+00   .770E-02   .000E+00   .000E+00   .000E+00     454   .2169E+00
      41.00000   .100E-02  -.768E-02   .412E-01  -.318E+00   .000E+00   .000E+00   .121E-02   .000E+00   .768E-02   .000E+00   .000E+00   .000E+00     465   .2227E+00
      42.00000   .100E-02  -.765E-02   .422E-01  -.326E+00   .000E+00   .000E+00   .121E-02   .000E+00   .765E-02   .000E+00   .000E+00   .000E+00     476   .2285E+00
      43.00000   .100E-02  -.761E-02   .432E-01  -.334E+00   .000E+00   .000E+00   .121E-02   .000E+00   .761E-02   .000E+00   .000E+00   .000E+00     487   .2325E+00
      44.00000   .100E-02  -.757E-02   .442E-01  -.341E+00   .000E+00   .000E+00   .121E-02   .000E+00   .757E-02   .000E+00   .000E+00   .000E+00     498   .2378E+00
      45.00000   .100E-02  -.752E-02   .452E-01  -.349E+00   .000E+00   .000E+00   .121E-02   .000E+00   .752E-02   .000E+00   .000E+00   .000E+00     509   .2435E+00
      46.00000   .100E-02  -.748E-02   .462E-01  -.356E+00   .000E+00   .000E+00   .121E-02   .000E+00   .747E-02   .000E+00   .000E+00   .000E+00     520   .2492E+00
      47.00000   .100E-02  -.742E-02   .472E-01  -.364E+00   .000E+00   .000E+00   .121E-02   .000E+00   .742E-02   .000E+00   .000E+00   .000E+00     531   .2550E+00
      48.00000   .100E-02  -.737E-02   .482E-01  -.371E+00   .000E+00   .000E+00   .121E-02   .000E+00   .737E-02   .000E+00   .000E+00   .000E+00     542   .2605E+00
      49.00000   .100E-02  -.731E-02   .492E-01  -.378E+00   .000E+00   .000E+00   .121E-02   .000E+00   .731E-02   .000E+00   .000E+00   .000E+00     553   .2645E+00
      50.00000   .100E-02  -.726E-02   .502E-01  -.386E+00   .000E+00   .000E+00   .121E-02   .000E+00   .726E-02   .000E+00   .000E+00   .000E+00     564   .2701E+00
      51.00000   .100E-02  -.721E-02   .512E-01  -.393E+00   .000E+00   .000E+00   .121E-02   .000E+00   .721E-02   .000E+00   .000E+00   .000E+00     575   .2758E+00
      52.00000   .100E-02  -.716E-02   .522E-01  -.400E+00   .000E+00   .000E+00   .121E-02   .000E+00   .716E-02   .000E+00   .000E+00   .000E+00     586   .2815E+00
      53.00000   .100E-02  -.711E-02   .532E-01  -.407E+00   .000E+00   .000E+00   .121E-02   .000E+00   .711E-02   .000E+00   .000E+00   .000E+00     597   .2873E+00
      54.00000   .100E-02  -.707E-02   .542E-01  -.414E+00   .000E+00   .000E+00   .121E-02   .000E+00   .707E-02   .000E+00   .000E+00   .000E+00     608   .2917E+00
      55.00000   .100E-02  -.703E-02   .552E-01  -.421E+00   .000E+00   .000E+00   .121E-02   .000E+00   .703E-02   .000E+00   .000E+00   .000E+00     619   .2967E+00
      56.00000   .100E-02  -.700E-02   .563E-01  -.428E+00   .000E+00   .000E+00   .121E-02   .000E+00   .700E-02   .000E+00   .000E+00   .000E+00     630   .3023E+00
      57.00000   .100E-02  -.697E-02   .573E-01  -.435E+00   .000E+00   .000E+00   .121E-02   .000E+00   .697E-02   .000E+00   .000E+00   .000E+00     641   .3081E+00
      58.00000   .100E-02  -.694E-02   .583E-01  -.442E+00   .000E+00   .000E+00   .121E-02   .000E+00   .694E-02   .000E+00   .000E+00   .000E+00     652   .3139E+00
      59.00000   .100E-02  -.692E-02   .593E-01  -.449E+00   .000E+00   .000E+00   .121E-02   .000E+00   .692E-02   .000E+00   .000E+00   .000E+00     663   .3197E+00
      60.00000   .100E-02  -.690E-02   .603E-01  -.456E+00   .000E+00   .000E+00   .121E-02   .000E+00   .690E-02   .000E+00   .000E+00   .000E+00     674   .3236E+00
      61.00000   .100E-02  -.688E-02   .613E-01  -.463E+00   .000E+00   .000E+00   .121E-02   .000E+00   .688E-02   .000E+00   .000E+00   .000E+00     685   .3290E+00
      62.00000   .100E-02  -.687E-02   .623E-01  -.470E+00   .000E+00   .000E+00   .121E-02   .000E+00   .687E-02   .000E+00   .000E+00   .000E+00     696   .3346E+00
      63.00000   .100E-02  -.686E-02   .633E-01  -.477E+00   .000E+00   .000E+00   .121E-02   .000E+00   .686E-02   .000E+00   .000E+00   .000E+00     707   .3404E+00
      64.00000   .100E-02  -.685E-02   .643E-01  -.484E+00   .000E+00   .000E+00   .121E-02   .000E+00   .685E-02   .000E+00   .000E+00   .000E+00     718   .3462E+00
      65.00000   .100E-02  -.685E-02   .653E-01  -.490E+00   .000E+00   .000E+00   .121E-02   .000E+00   .685E-02   .000E+00   .000E+00   .000E+00     729   .3514E+00
      66.00000   .100E-02  -.684E-02   .663E-01  -.497E+00   .000E+00   .000E+00   .121E-02   .000E+00   .684E-02   .000E+00   .000E+00   .000E+00     740   .3557E+00
      67.00000   .100E-02  -.684E-02   .673E-01  -.504E+00   .000E+00   .000E+00   .121E-02   .000E+00   .684E-02   .000E+00   .000E+00   .000E+00     751   .3612E+00
      68.00000   .100E-02  -.683E-02   .683E-01  -.511E+00   .000E+00   .000E+00   .121E-02   .000E+00   .683E-02   .000E+00   .000E+00   .000E+00     762   .3669E+00
      69.00000   .100E-02  -.683E-02   .693E-01  -.518E+00   .000E+00   .000E+00   .121E-02   .000E+00   .683E-02   .000E+00   .000E+00   .000E+00     773   .3727E+00
      70.00000   .100E-02  -.683E-02   .703E-01  -.525E+00   .000E+00   .000E+00   .121E-02   .000E+00   .683E-02   .000E+00   .000E+00   .000E+00     784   .3785E+00
      71.00000   .100E-02  -.683E-02   .713E-01  -.531E+00   .000E+00   .000E+00   .121E-02   .000E+00   .683E-02   .000E+00   .000E+00   .000E+00     795   .3828E+00
      72.00000   .100E-02  -.683E-02   .723E-01  -.538E+00   .000E+00   .000E+00   .121E-02   .000E+00   .683E-02   .000E+00   .000E+00   .000E+00     806   .3879E+00
      73.00000   .100E-02  -.683E-02   .733E-01  -.545E+00   .000E+00   .000E+00   .121E-02   .000E+00   .683E-02   .000E+00   .000E+00   .000E+00     817   .3935E+00
      74.00000   .100E-02  -.683E-02   .743E-01  -.552E+00   .000E+00   .000E+00   .121E-02   .000E+00   .683E-02   .000E+00   .000E+00   .000E+00     828   .3993E+00
      75.00000   .100E-02  -.683E-02   .753E-01  -.559E+00   .000E+00   .000E+00   .121E-02   .000E+00   .683E-02   .000E+00   .000E+00   .000E+00     839   .4050E+00
      76.00000   .100E-02  -.683E-02   .763E-01  -.566E+00   .000E+00   .000E+00   .121E-02   .000E+00   .683E-02   .000E+00   .000E+00   .000E+00     850   .4109E+00
      77.00000   .100E-02  -.682E-02   .773E-01  -.572E+00   .000E+00   .000E+00   .121E-02   .000E+00   .682E-02   .000E+00   .000E+00   .000E+00     861   .4147E+00
      78.00000   .100E-02  -.682E-02   .784E-01  -.579E+00   .000E+00   .000E+00   .121E-02   .000E+00   .682E-02   .000E+00   .000E+00   .000E+00     872   .4201E+00
      79.00000   .100E-02  -.682E-02   .794E-01  -.586E+00   .000E+00   .000E+00   .121E-02   .000E+00   .682E-02   .000E+00   .000E+00   .000E+00     883   .4258E+00
      80.00000   .100E-02  -.682E-02   .804E-01  -.593E+00   .000E+00   .000E+00   .121E-02   .000E+00   .682E-02   .000E+00   .000E+00   .000E+00     894   .4316E+00
      81.00000   .100E-02  -.682E-02   .814E-01  -.600E+00   .000E+00   .000E+00   .121E-02   .000E+00   .682E-02   .000E+00   .000E+00   .000E+00     905   .4374E+00
      82.00000   .100E-02  -.682E-02   .824E-01  -.607E+00   .000E+00   .000E+00   .121E-02   .000E+00   .682E-02   .000E+00   .000E+00   .000E+00     916   .4423E+00
      83.00000   .100E-02  -.682E-02   .834E-01  -.613E+00   .000E+00   .000E+00   .121E-02   .000E+00   .682E-02   .000E+00   .000E+00   .000E+00     927   .4468E+00
      84.00000   .100E-02  -.682E-02   .844E-01  -.620E+00   .000E+00   .000E+00   .113E-02   .000E+00   .682E-02   .000E+00   .000E+00   .000E+00     938   .4522E+00
      85.00000   .100E-02  -.682E-02   .854E-01  -.627E+00   .000E+00   .000E+00   .108E-02   .000E+00   .682E-02   .000E+00   .000E+00   .000E+00     949   .4579E+00
      86.00000   .100E-02  -.682E-02   .864E-01  -.634E+00   .000E+00   .000E+00   .107E-02   .000E+00   .682E-02   .000E+00   .000E+00   .000E+00     960   .4636E+00
      87.00000   .100E-02  -.682E-02   .874E-01  -.641E+00   .000E+00   .000E+00   .107E-02   .000E+00   .682E-02   .000E+00   .000E+00   .000E+00     971   .4694E+00
      88.00000   .100E-02  -.682E-02   .884E-01  -.648E+00   .000E+00   .000E+00   .107E-02   .000E+00   .682E-02   .000E+00   .000E+00   .000E+00     982   .4736E+00
      89.00000   .100E-02  -.682E-02   .894E-01  -.654E+00   .000E+00   .000E+00   .107E-02   .000E+00   .682E-02   .000E+00   .000E+00   .000E+00     993   .4788E+00
      90.00000   .100E-02  -.682E-02   .904E-01  -.661E+00   .000E+00   .000E+00   .107E-02   .000E+00   .682E-02   .000E+00   .000E+00   .000E+00    1004   .4844E+00
      91.00000   .100E-02  -.682E-02   .914E-01  -.668E+00   .000E+00   .000E+00   .107E-02   .000E+00   .682E-02   .000E+00   .000E+00   .000E+00    1015   .4902E+00
      92.00000   .100E-02  -.682E-02   .924E-01  -.675E+00   .000E+00   .000E+00   .107E-02   .000E+00   .682E-02   .000E+00   .000E+00   .000E+00    1026   .4960E+00
      93.00000   .100E-02  -.682E-02   .934E-01  -.682E+00   .000E+00   .000E+00   .107E-02   .000E+00   .682E-02   .000E+00   .000E+00   .000E+00    1037   .5018E+00
      94.00000   .100E-02  -.682E-02   .944E-01  -.688E+00   .000E+00   .000E+00   .107E-02   .000E+00   .682E-02   .000E+00   .000E+00   .000E+00    1048   .5056E+00
      95.00000   .100E-02  -.682E-02   .954E-01  -.695E+00   .000E+00   .000E+00   .107E-02   .000E+00   .682E-02   .000E+00   .000E+00   .000E+00    1059   .5110E+00
      96.00000   .100E-02  -.682E-02   .964E-01  -.702E+00   .000E+00   .000E+00   .107E-02   .000E+00   .682E-02   .000E+00   .000E+00   .000E+00    1070   .5167E+00
      97.00000   .100E-02  -.682E-02   .974E-01  -.709E+00   .000E+00   .000E+00   .107E-02   .000E+00   .682E-02   .000E+00   .000E+00   .000E+00    1081   .5225E+00
      98.00000   .100E-02  -.682E-02   .984E-01  -.716E+00   .000E+00   .000E+00   .107E-02   .000E+00   .682E-02   .000E+00   .000E+00   .000E+00    1092   .5283E+00
      99.00000   .100E-02  -.682E-02   .994E-01  -.723E+00   .000E+00   .000E+00   .107E-02   .000E+00   .682E-02   .000E+00   .000E+00   .000E+00    1103   .5331E+00
     100.00000   .100E-02  -.682E-02   .100E+00  -.729E+00   .000E+00   .000E+00   .107E-02   .000E+00   .682E-02   .000E+00   .000E+00   .000E+00    1114   .5377E+00
     101.00000   .100E-02  -.682E-02   .101E+00  -.736E+00   .000E+00   .000E+00   .107E-02   .000E+00   .682E-02   .000E+00   .000E+00   .000E+00    1125   .5433E+00
     102.00000   .100E-02  -.682E-02   .102E+00  -.743E+00   .000E+00   .000E+00   .107E-02   .000E+00   .682E-02   .000E+00   .000E+00   .000E+00    1136   .5490E+00
     103.00000   .100E-02  -.682E-02   .103E+00  -.750E+00   .000E+00   .000E+00   .107E-02   .000E+00   .682E-02   .000E+00   .000E+00   .000E+00    1147   .5548E+00
     104.00000   .100E-02  -.682E-02   .104E+00  -.757E+00   .000E+00   .000E+00   .107E-02   .000E+00   .682E-02   .000E+00   .000E+00   .000E+00    1158   .5606E+00
     105.00000   .100E-02  -.682E-02   .105E+00  -.764E+00   .000E+00   .000E+00   .107E-02   .000E+00   .682E-02   .000E+00   .000E+00   .000E+00    1169   .5647E+00
     106.00000   .100E-02  -.682E-02   .106E+00  -.770E+00   .000E+00   .000E+00   .107E-02   .000E+00   .682E-02   .000E+00   .000E+00   .000E+00    1180   .5699E+00
     107.00000   .100E-02  -.682E-02   .107E+00  -.777E+00   .000E+00   .000E+00   .107E-02   .000E+00   .682E-02   .000E+00   .000E+00   .000E+00    1191   .5756E+00
     108.00000   .100E-02  -.682E-02   .108E+00  -.784E+00   .000E+00   .000E+00   .107E-02   .000E+00   .682E-02   .000E+00   .000E+00   .000E+00    1202   .5814E+00
     109.00000   .100E-02  -.682E-02   .109E+00  -.791E+00   .000E+00   .000E+00   .107E-02   .000E+00   .682E-02   .000E+00   .000E+00   .000E+00    1213   .5872E+00
     110.00000   .100E-02  -.682E-02   .110E+00  -.798E+00   .000E+00   .000E+00   .107E-02   .000E+00   .682E-02   .000E+00   .000E+00   .000E+00    1224   .5930E+00
     111.00000   .100E-02  -.682E-02   .112E+00  -.804E+00   .000E+00   .000E+00   .107E-02   .000E+00   .682E-02   .000E+00   .000E+00   .000E+00    1235   .5967E+00
     112.00000   .100E-02  -.682E-02   .113E+00  -.811E+00   .000E+00   .000E+00   .107E-02   .000E+00   .682E-02   .000E+00   .000E+00   .000E+00    1246   .6022E+00
     113.00000   .100E-02  -.682E-02   .114E+00  -.818E+00   .000E+00   .000E+00   .107E-02   .000E+00   .682E-02   .000E+00   .000E+00   .000E+00    1257   .6079E+00
     114.00000   .100E-02  -.682E-02   .115E+00  -.825E+00   .000E+00   .000E+00   .107E-02   .000E+00   .682E-02   .000E+00   .000E+00   .000E+00    1268   .6137E+00
     115.00000   .100E-02  -.682E-02   .116E+00  -.832E+00   .000E+00   .000E+00   .107E-02   .000E+00   .682E-02   .000E+00   .000E+00   .000E+00    1279   .6195E+00
     116.00000   .100E-02  -.682E-02   .117E+00  -.839E+00   .000E+00   .000E+00   .107E-02   .000E+00   .682E-02   .000E+00   .000E+00   .000E+00    1290   .6241E+00
     117.00000   .100E-02  -.682E-02   .118E+00  -.845E+00   .000E+00   .000E+00   .107E-02   .000E+00   .682E-02   .000E+00   .000E+00   .000E+00    1301   .6289E+00
     118.00000   .100E-02  -.682E-02   .119E+00  -.852E+00   .000E+00   .000E+00   .107E-02   .000E+00   .682E-02   .000E+00   .000E+00   .000E+00    1312   .6345E+00
     119.00000   .100E-02  -.682E-02   .120E+00  -.859E+00   .000E+00   .000E+00   .107E-02   .000E+00   .682E-02   .000E+00   .000E+00   .000E+00    1323   .6402E+00
     120.00000   .100E-02  -.682E-02   .121E+00  -.866E+00   .000E+00   .000E+00   .107E-02   .000E+00   .682E-02   .000E+00   .000E+00   .000E+00    1334   .6460E+00
     121.00000   .100E-02  -.682E-02   .122E+00  -.873E+00   .000E+00   .000E+00   .107E-02   .000E+00   .682E-02   .000E+00   .000E+00   .000E+00    1345   .6518E+00
     122.00000   .100E-02  -.682E-02   .123E+00  -.880E+00   .000E+00   .000E+00   .107E-02   .000E+00   .682E-02   .000E+00   .000E+00   .000E+00    1356   .6558E+00
     123.00000   .100E-02  -.682E-02   .124E+00  -.886E+00   .000E+00   .000E+00   .107E-02   .000E+00   .682E-02   .000E+00   .000E+00   .000E+00    1367   .6611E+00
     124.00000   .100E-02  -.682E-02   .125E+00  -.893E+00   .000E+00   .000E+00   .107E-02   .000E+00   .682E-02   .000E+00   .000E+00   .000E+00    1378   .6668E+00
     125.00000   .100E-02  -.682E-02   .126E+00  -.900E+00   .000E+00   .000E+00   .107E-02   .000E+00   .682E-02   .000E+00   .000E+00   .000E+00    1389   .6725E+00
     126.00000   .100E-02  -.682E-02   .127E+00  -.907E+00   .000E+00   .000E+00   .107E-02   .000E+00   .682E-02   .000E+00   .000E+00   .000E+00    1400   .6783E+00
     127.00000   .100E-02  -.682E-02   .128E+00  -.914E+00   .000E+00   .000E+00   .107E-02   .000E+00   .682E-02   .000E+00   .000E+00   .000E+00    1411   .6839E+00
     128.00000   .100E-02  -.682E-02   .129E+00  -.920E+00   .000E+00   .000E+00   .107E-02   .000E+00   .682E-02   .000E+00   .000E+00   .000E+00    1422   .6879E+00
     129.00000   .100E-02  -.682E-02   .130E+00  -.927E+00   .000E+00   .000E+00   .107E-02   .000E+00   .682E-02   .000E+00   .000E+00   .000E+00    1433   .6934E+00
     130.00000   .100E-02  -.682E-02   .131E+00  -.934E+00   .000E+00   .000E+00   .107E-02   .000E+00   .682E-02   .000E+00   .000E+00   .000E+00    1444   .6991E+00
     131.00000   .100E-02  -.682E-02   .132E+00  -.941E+00   .000E+00   .000E+00   .107E-02   .000E+00   .682E-02   .000E+00   .000E+00   .000E+00    1455   .7049E+00
     132.00000   .100E-02  -.682E-02   .133E+00  -.948E+00   .000E+00   .000E+00   .107E-02   .000E+00   .682E-02   .000E+00   .000E+00   .000E+00    1466   .7107E+00
     133.00000   .100E-02  -.682E-02   .134E+00  -.955E+00   .000E+00   .000E+00   .106E-02   .000E+00   .682E-02   .000E+00   .000E+00   .000E+00    1477   .7149E+00
     134.00000   .100E-02  -.682E-02   .135E+00  -.961E+00   .000E+00   .000E+00   .104E-02   .000E+00   .682E-02   .000E+00   .000E+00   .000E+00    1488   .7198E+00
     135.00000   .100E-02  -.682E-02   .136E+00  -.968E+00   .000E+00   .000E+00   .103E-02   .000E+00   .682E-02   .000E+00   .000E+00   .000E+00    1499   .7254E+00
     136.00000   .100E-02  -.682E-02   .137E+00  -.975E+00   .000E+00   .000E+00   .103E-02   .000E+00   .682E-02   .000E+00   .000E+00   .000E+00    1510   .7311E+00
     137.00000   .100E-02  -.682E-02   .138E+00  -.982E+00   .000E+00   .000E+00   .103E-02   .000E+00   .682E-02   .000E+00   .000E+00   .000E+00    1521   .7369E+00
     138.00000   .100E-02  -.682E-02   .139E+00  -.989E+00   .000E+00   .000E+00   .103E-02   .000E+00   .682E-02   .000E+00   .000E+00   .000E+00    1532   .7427E+00
     139.00000   .100E-02  -.682E-02   .140E+00  -.996E+00   .000E+00   .000E+00   .103E-02   .000E+00   .682E-02   .000E+00   .000E+00   .000E+00    1543   .7467E+00
     140.00000   .100E-02  -.682E-02   .141E+00  -.100E+01   .000E+00   .000E+00   .103E-02   .000E+00   .682E-02   .000E+00   .000E+00   .000E+00    1554   .7520E+00
     141.00000   .100E-02  -.682E-02   .142E+00  -.101E+01   .000E+00   .000E+00   .103E-02   .000E+00   .682E-02   .000E+00   .000E+00   .000E+00    1565   .7576E+00
     142.00000   .100E-02  -.682E-02   .143E+00  -.102E+01   .000E+00   .000E+00   .103E-02   .000E+00   .682E-02   .000E+00   .000E+00   .000E+00    1576   .7634E+00
     143.00000   .100E-02  -.682E-02   .144E+00  -.102E+01   .000E+00   .000E+00   .103E-02   .000E+00   .682E-02   .000E+00   .000E+00   .000E+00    1587   .7692E+00
     144.00000   .100E-02  -.682E-02   .145E+00  -.103E+01   .000E+00   .000E+00   .103E-02   .000E+00   .682E-02   .000E+00   .000E+00   .000E+00    1598   .7745E+00
     145.00000   .100E-02  -.682E-02   .146E+00  -.104E+01   .000E+00   .000E+00   .103E-02   .000E+00   .682E-02   .000E+00   .000E+00   .000E+00    1609   .7787E+00
     146.00000   .100E-02  -.682E-02   .147E+00  -.104E+01   .000E+00   .000E+00   .103E-02   .000E+00   .682E-02   .000E+00   .000E+00   .000E+00    1620   .7842E+00
     147.00000   .100E-02  -.682E-02   .148E+00  -.105E+01   .000E+00   .000E+00   .103E-02   .000E+00   .682E-02   .000E+00   .000E+00   .000E+00    1631   .7900E+00
     148.00000   .100E-02  -.682E-02   .149E+00  -.106E+01   .000E+00   .000E+00   .103E-02   .000E+00   .682E-02   .000E+00   .000E+00   .000E+00    1642   .7957E+00
     149.00000   .100E-02  -.682E-02   .150E+00  -.106E+01   .000E+00   .000E+00   .103E-02   .000E+00   .682E-02   .000E+00   .000E+00   .000E+00    1653   .8015E+00
     150.00000   .100E-02  -.682E-02   .151E+00  -.107E+01   .000E+00   .000E+00   .103E-02   .000E+00   .682E-02   .000E+00   .000E+00   .000E+00    1664   .8059E+00
end
