 All solute fluxes and cumulative solute fluxes are positive into the region

       Time       cvTop      cvBot    Sum(cvTop) Sum(cvBot)   cvCh0      cvCh1       cTop      cRoot       cBot      cvRoot   Sum(cvRoot) Sum(cvNEql) TLevel   PhrExch
        [T]      [M/L2/T]   [M/L2/T]    [M/L2]     [M/L2]     [M/L2]     [M/L2]      [M/L3]    [M/L3]      [M/L3]   [M/L2/T]    [M/L2]      [M/L2]              [M/L2]
       1.00000   .100E-02  -.100E-11   .100E-02  -.100E-11   .000E+00   .000E+00   .860E-03   .000E+00   .100E-11   .000E+00   .000E+00   .000E+00      25   .6145E-11
       2.00000   .100E-02  -.100E-11   .200E-02  -.200E-11   .000E+00   .000E+00   .950E-03   .000E+00   .100E-11   .000E+00   .000E+00   .000E+00      36   .1735E-10
       3.00000   .100E-02  -.100E-11   .300E-02  -.300E-11   .000E+00   .000E+00   .979E-03   .000E+00   .100E-11   .000E+00   .000E+00   .000E+00      47   .3406E-10
       4.00000   .100E-02  -.100E-11   .400E-02  -.400E-11   .000E+00   .000E+00   .991E-03   .000E+00   .100E-11   .000E+00   .000E+00   .000E+00      58   .5783E-10
       5.00000   .100E-02  -.100E-11   .500E-02  -.500E-11   .000E+00   .000E+00   .996E-03   .000E+00   .100E-11   .000E+00   .000E+00   .000E+00      69   .9362E-10
       6.00000   .100E-02  -.100E-11   .600E-02  -.600E-11   .000E+00   .000E+00   .998E-03   .000E+00   .100E-11   .000E+00   .000E+00   .000E+00      80   .1320E-09
       7.00000   .100E-02  -.100E-11   .700E-02  -.700E-11   .000E+00   .000E+00   .999E-03   .000E+00   .100E-11   .000E+00   .000E+00   .000E+00      91   .1712E-09
       8.00000   .100E-02  -.100E-11   .800E-02  -.800E-11   .000E+00   .000E+00   .999E-03   .000E+00   .100E-11   .000E+00   .000E+00   .000E+00     102   .2151E-09
       9.00000   .100E-02  -.100E-11   .900E-02  -.900E-11   .000E+00   .000E+00   .100E-02   .000E+00   .100E-11   .000E+00   .000E+00   .000E+00     113   .2604E-09
      10.00000   .100E-02  -.100E-11   .100E-01  -.100E-10   .000E+00   .000E+00   .100E-02   .000E+00   .100E-11   .000E+00   .000E+00   .000E+00     124   .3100E-09
      11.00000   .100E-02  -.100E-11   .110E-01  -.110E-10   .000E+00   .000E+00   .100E-02   .000E+00   .100E-11   .000E+00   .000E+00   .000E+00     135   .3642E-09
      12.00000   .100E-02  -.100E-11   .120E-01  -.120E-10   .000E+00   .000E+00   .100E-02   .000E+00   .100E-11   .000E+00   .000E+00   .000E+00     146   .4177E-09
      13.00000   .100E-02  -.100E-11   .130E-01  -.130E-10   .000E+00   .000E+00   .100E-02   .000E+00   .100E-11   .000E+00   .000E+00   .000E+00     157   .4755E-09
      14.00000   .100E-02  -.100E-11   .140E-01  -.140E-10   .000E+00   .000E+00   .100E-02   .000E+00   .100E-11   .000E+00   .000E+00   .000E+00     168   .5339E-09
      15.00000   .100E-02  -.100E-11   .150E-01  -.150E-10   .000E+00   .000E+00   .100E-02   .000E+00   .100E-11   .000E+00   .000E+00   .000E+00     179   .5936E-09
      16.00000   .100E-02  -.100E-11   .160E-01  -.160E-10   .000E+00   .000E+00   .100E-02   .000E+00   .100E-11   .000E+00   .000E+00   .000E+00     190   .6581E-09
      17.00000   .100E-02  -.100E-11   .170E-01  -.170E-10   .000E+00   .000E+00   .100E-02   .000E+00   .100E-11   .000E+00   .000E+00   .000E+00     201   .7231E-09
      18.00000   .100E-02  -.100E-11   .180E-01  -.180E-10   .000E+00   .000E+00   .100E-02   .000E+00   .100E-11   .000E+00   .000E+00   .000E+00     212   .7904E-09
      19.00000   .100E-02  -.103E-11   .190E-01  -.190E-10   .000E+00   .000E+00   .100E-02   .000E+00   .103E-11   .000E+00   .000E+00   .000E+00     223   .8622E-09
      20.00000   .100E-02  -.128E-11   .200E-01  -.201E-10   .000E+00   .000E+00   .100E-02   .000E+00   .129E-11   .000E+00   .000E+00   .000E+00     234   .9341E-09
      21.00000   .100E-02  -.305E-11   .210E-01  -.221E-10   .000E+00   .000E+00   .100E-02   .000E+00   .317E-11   .000E+00   .000E+00   .000E+00     245   .1009E-08
      22.00000   .100E-02  -.137E-10   .220E-01  -.294E-10   .000E+00   .000E+00   .100E-02   .000E+00   .144E-10   .000E+00   .000E+00   .000E+00     256   .1083E-08
      23.00000   .100E-02  -.682E-10   .230E-01  -.653E-10   .000E+00   .000E+00   .100E-02   .000E+00   .717E-10   .000E+00   .000E+00   .000E+00     267   .1158E-08
      24.00000   .100E-02  -.308E-09   .240E-01  -.234E-09   .000E+00   .000E+00   .100E-02   .000E+00   .323E-09   .000E+00   .000E+00   .000E+00     278   .1237E-08
      25.00000   .100E-02  -.123E-08   .250E-01  -.938E-09   .000E+00   .000E+00   .100E-02   .000E+00   .129E-08   .000E+00   .000E+00   .000E+00     289   .1316E-08
      26.00000   .100E-02  -.439E-08   .260E-01  -.355E-08   .000E+00   .000E+00   .100E-02   .000E+00   .456E-08   .000E+00   .000E+00   .000E+00     300   .1396E-08
      27.00000   .100E-02  -.140E-07   .270E-01  -.122E-07   .000E+00   .000E+00   .100E-02   .000E+00   .145E-07   .000E+00   .000E+00   .000E+00     311   .1476E-08
      28.00000   .100E-02  -.405E-07   .280E-01  -.382E-07   .000E+00   .000E+00   .100E-02   .000E+00   .418E-07   .000E+00   .000E+00   .000E+00     322   .1559E-08
      29.00000   .100E-02  -.107E-06   .290E-01  -.109E-06   .000E+00   .000E+00   .100E-02   .000E+00   .110E-06   .000E+00   .000E+00   .000E+00     333   .1641E-08
      30.00000   .100E-02  -.261E-06   .300E-01  -.288E-06   .000E+00   .000E+00   .100E-02   .000E+00   .268E-06   .000E+00   .000E+00   .000E+00     344   .1727E-08
      31.00000   .100E-02  -.589E-06   .310E-01  -.704E-06   .000E+00   .000E+00   .100E-02   .000E+00   .603E-06   .000E+00   .000E+00   .000E+00     355   .1812E-08
      32.00000   .100E-02  -.124E-05   .320E-01  -.160E-05   .000E+00   .000E+00   .100E-02   .000E+00   .127E-05   .000E+00   .000E+00   .000E+00     366   .1900E-08
      33.00000   .100E-02  -.245E-05   .330E-01  -.343E-05   .000E+00   .000E+00   .100E-02   .000E+00   .250E-05   .000E+00   .000E+00   .000E+00     377   .1987E-08
      34.00000   .100E-02  -.456E-05   .340E-01  -.691E-05   .000E+00   .000E+00   .100E-02   .000E+00   .465E-05   .000E+00   .000E+00   .000E+00     388   .2073E-08
      35.00000   .100E-02  -.805E-05   .350E-01  -.132E-04   .000E+00   .000E+00   .100E-02   .000E+00   .818E-05   .000E+00   .000E+00   .000E+00     399   .2162E-08
      36.00000   .100E-02  -.135E-04   .360E-01  -.239E-04   .000E+00   .000E+00   .100E-02   .000E+00   .137E-04   .000E+00   .000E+00   .000E+00     410   .2252E-08
      37.00000   .100E-02  -.216E-04   .370E-01  -.415E-04   .000E+00   .000E+00   .100E-02   .000E+00   .219E-04   .000E+00   .000E+00   .000E+00     421   .2342E-08
      38.00000   .100E-02  -.332E-04   .380E-01  -.690E-04   .000E+00   .000E+00   .100E-02   .000E+00   .337E-04   .000E+00   .000E+00   .000E+00     432   .2431E-08
      39.00000   .100E-02  -.490E-04   .390E-01  -.110E-03   .000E+00   .000E+00   .100E-02   .000E+00   .496E-04   .000E+00   .000E+00   .000E+00     443   .2522E-08
      40.00000   .100E-02  -.698E-04   .400E-01  -.170E-03   .000E+00   .000E+00   .100E-02   .000E+00   .705E-04   .000E+00   .000E+00   .000E+00     454   .2614E-08
      41.00000   .100E-02  -.960E-04   .410E-01  -.253E-03   .000E+00   .000E+00   .100E-02   .000E+00   .969E-04   .000E+00   .000E+00   .000E+00     465   .2706E-08
      42.00000   .100E-02  -.128E-03   .420E-01  -.366E-03   .000E+00   .000E+00   .100E-02   .000E+00   .129E-03   .000E+00   .000E+00   .000E+00     476   .2798E-08
      43.00000   .100E-02  -.166E-03   .430E-01  -.513E-03   .000E+00   .000E+00   .100E-02   .000E+00   .167E-03   .000E+00   .000E+00   .000E+00     487   .2892E-08
      44.00000   .100E-02  -.209E-03   .440E-01  -.702E-03   .000E+00   .000E+00   .100E-02   .000E+00   .211E-03   .000E+00   .000E+00   .000E+00     498   .2982E-08
      45.00000   .100E-02  -.258E-03   .450E-01  -.937E-03   .000E+00   .000E+00   .100E-02   .000E+00   .259E-03   .000E+00   .000E+00   .000E+00     509   .3069E-08
      46.00000   .100E-02  -.310E-03   .460E-01  -.122E-02   .000E+00   .000E+00   .100E-02   .000E+00   .312E-03   .000E+00   .000E+00   .000E+00     520   .3157E-08
      47.00000   .100E-02  -.366E-03   .470E-01  -.156E-02   .000E+00   .000E+00   .100E-02   .000E+00   .367E-03   .000E+00   .000E+00   .000E+00     531   .3245E-08
      48.00000   .100E-02  -.423E-03   .480E-01  -.196E-02   .000E+00   .000E+00   .100E-02   .000E+00   .425E-03   .000E+00   .000E+00   .000E+00     542   .3305E-08
      49.00000   .100E-02  -.481E-03   .490E-01  -.241E-02   .000E+00   .000E+00   .100E-02   .000E+00   .483E-03   .000E+00   .000E+00   .000E+00     553   .3345E-08
      50.00000   .100E-02  -.538E-03   .500E-01  -.292E-02   .000E+00   .000E+00   .100E-02   .000E+00   .540E-03   .000E+00   .000E+00   .000E+00     564   .3371E-08
      51.00000   .100E-02  -.593E-03   .510E-01  -.349E-02   .000E+00   .000E+00   .100E-02   .000E+00   .595E-03   .000E+00   .000E+00   .000E+00     575   .3387E-08
      52.00000   .100E-02  -.646E-03   .520E-01  -.411E-02   .000E+00   .000E+00   .100E-02   .000E+00   .648E-03   .000E+00   .000E+00   .000E+00     586   .3397E-08
      53.00000   .100E-02  -.695E-03   .530E-01  -.478E-02   .000E+00   .000E+00   .100E-02   .000E+00   .697E-03   .000E+00   .000E+00   .000E+00     597   .3403E-08
      54.00000   .100E-02  -.740E-03   .540E-01  -.550E-02   .000E+00   .000E+00   .100E-02   .000E+00   .742E-03   .000E+00   .000E+00   .000E+00     608   .3406E-08
      55.00000   .100E-02  -.781E-03   .550E-01  -.627E-02   .000E+00   .000E+00   .100E-02   .000E+00   .782E-03   .000E+00   .000E+00   .000E+00     619   .3409E-08
      56.00000   .100E-02  -.817E-03   .560E-01  -.707E-02   .000E+00   .000E+00   .100E-02   .000E+00   .818E-03   .000E+00   .000E+00   .000E+00     630   .3410E-08
      57.00000   .100E-02  -.849E-03   .570E-01  -.790E-02   .000E+00   .000E+00   .100E-02   .000E+00   .850E-03   .000E+00   .000E+00   .000E+00     641   .3411E-08
      58.00000   .100E-02  -.876E-03   .580E-01  -.877E-02   .000E+00   .000E+00   .100E-02   .000E+00   .877E-03   .000E+00   .000E+00   .000E+00     652   .3411E-08
      59.00000   .100E-02  -.900E-03   .590E-01  -.966E-02   .000E+00   .000E+00   .100E-02   .000E+00   .901E-03   .000E+00   .000E+00   .000E+00     663   .3411E-08
      60.00000   .100E-02  -.920E-03   .600E-01  -.106E-01   .000E+00   .000E+00   .100E-02   .000E+00   .920E-03   .000E+00   .000E+00   .000E+00     674   .3412E-08
      61.00000   .100E-02  -.936E-03   .610E-01  -.115E-01   .000E+00   .000E+00   .100E-02   .000E+00   .936E-03   .000E+00   .000E+00   .000E+00     685   .3412E-08
      62.00000   .100E-02  -.949E-03   .620E-01  -.124E-01   .000E+00   .000E+00   .100E-02   .000E+00   .950E-03   .000E+00   .000E+00   .000E+00     696   .3412E-08
      63.00000   .100E-02  -.960E-03   .630E-01  -.134E-01   .000E+00   .000E+00   .100E-02   .000E+00   .961E-03   .000E+00   .000E+00   .000E+00     707   .3412E-08
      64.00000   .100E-02  -.969E-03   .640E-01  -.144E-01   .000E+00   .000E+00   .100E-02   .000E+00   .970E-03   .000E+00   .000E+00   .000E+00     718   .3412E-08
      65.00000   .100E-02  -.976E-03   .650E-01  -.153E-01   .000E+00   .000E+00   .100E-02   .000E+00   .977E-03   .000E+00   .000E+00   .000E+00     729   .3412E-08
      66.00000   .100E-02  -.982E-03   .660E-01  -.163E-01   .000E+00   .000E+00   .100E-02   .000E+00   .982E-03   .000E+00   .000E+00   .000E+00     740   .3412E-08
      67.00000   .100E-02  -.986E-03   .670E-01  -.173E-01   .000E+00   .000E+00   .100E-02   .000E+00   .986E-03   .000E+00   .000E+00   .000E+00     751   .3412E-08
      68.00000   .100E-02  -.990E-03   .680E-01  -.183E-01   .000E+00   .000E+00   .100E-02   .000E+00   .990E-03   .000E+00   .000E+00   .000E+00     762   .3412E-08
      69.00000   .100E-02  -.992E-03   .690E-01  -.193E-01   .000E+00   .000E+00   .100E-02   .000E+00   .992E-03   .000E+00   .000E+00   .000E+00     773   .3412E-08
      70.00000   .100E-02  -.994E-03   .700E-01  -.203E-01   .000E+00   .000E+00   .100E-02   .000E+00   .994E-03   .000E+00   .000E+00   .000E+00     784   .3412E-08
      71.00000   .100E-02  -.996E-03   .710E-01  -.213E-01   .000E+00   .000E+00   .100E-02   .000E+00   .996E-03   .000E+00   .000E+00   .000E+00     795   .3412E-08
      72.00000   .100E-02  -.997E-03   .720E-01  -.223E-01   .000E+00   .000E+00   .100E-02   .000E+00   .997E-03   .000E+00   .000E+00   .000E+00     806   .3412E-08
      73.00000   .100E-02  -.998E-03   .730E-01  -.233E-01   .000E+00   .000E+00   .100E-02   .000E+00   .998E-03   .000E+00   .000E+00   .000E+00     817   .3412E-08
      74.00000   .100E-02  -.998E-03   .740E-01  -.243E-01   .000E+00   .000E+00   .100E-02   .000E+00   .998E-03   .000E+00   .000E+00   .000E+00     828   .3412E-08
      75.00000   .100E-02  -.999E-03   .750E-01  -.253E-01   .000E+00   .000E+00   .100E-02   .000E+00   .999E-03   .000E+00   .000E+00   .000E+00     839   .3412E-08
      76.00000   .100E-02  -.999E-03   .760E-01  -.263E-01   .000E+00   .000E+00   .100E-02   .000E+00   .999E-03   .000E+00   .000E+00   .000E+00     850   .3412E-08
      77.00000   .100E-02  -.999E-03   .770E-01  -.273E-01   .000E+00   .000E+00   .100E-02   .000E+00   .999E-03   .000E+00   .000E+00   .000E+00     861   .3412E-08
      78.00000   .100E-02  -.100E-02   .780E-01  -.283E-01   .000E+00   .000E+00   .100E-02   .000E+00   .100E-02   .000E+00   .000E+00   .000E+00     872   .3412E-08
      79.00000   .100E-02  -.100E-02   .790E-01  -.293E-01   .000E+00   .000E+00   .100E-02   .000E+00   .100E-02   .000E+00   .000E+00   .000E+00     883   .3412E-08
      80.00000   .100E-02  -.100E-02   .800E-01  -.303E-01   .000E+00   .000E+00   .100E-02   .000E+00   .100E-02   .000E+00   .000E+00   .000E+00     894   .3412E-08
      81.00000   .100E-02  -.100E-02   .810E-01  -.313E-01   .000E+00   .000E+00   .100E-02   .000E+00   .100E-02   .000E+00   .000E+00   .000E+00     905   .3412E-08
      82.00000   .100E-02  -.100E-02   .820E-01  -.323E-01   .000E+00   .000E+00   .100E-02   .000E+00   .100E-02   .000E+00   .000E+00   .000E+00     916   .3412E-08
      83.00000   .100E-02  -.100E-02   .830E-01  -.333E-01   .000E+00   .000E+00   .100E-02   .000E+00   .100E-02   .000E+00   .000E+00   .000E+00     927   .3412E-08
      84.00000   .100E-02  -.100E-02   .840E-01  -.343E-01   .000E+00   .000E+00   .100E-02   .000E+00   .100E-02   .000E+00   .000E+00   .000E+00     938   .3412E-08
      85.00000   .100E-02  -.100E-02   .850E-01  -.353E-01   .000E+00   .000E+00   .100E-02   .000E+00   .100E-02   .000E+00   .000E+00   .000E+00     949   .3412E-08
      86.00000   .100E-02  -.100E-02   .860E-01  -.363E-01   .000E+00   .000E+00   .100E-02   .000E+00   .100E-02   .000E+00   .000E+00   .000E+00     960   .3412E-08
      87.00000   .100E-02  -.100E-02   .870E-01  -.373E-01   .000E+00   .000E+00   .100E-02   .000E+00   .100E-02   .000E+00   .000E+00   .000E+00     971   .3412E-08
      88.00000   .100E-02  -.100E-02   .880E-01  -.383E-01   .000E+00   .000E+00   .100E-02   .000E+00   .100E-02   .000E+00   .000E+00   .000E+00     982   .3412E-08
      89.00000   .100E-02  -.100E-02   .890E-01  -.393E-01   .000E+00   .000E+00   .100E-02   .000E+00   .100E-02   .000E+00   .000E+00   .000E+00     993   .3412E-08
      90.00000   .100E-02  -.100E-02   .900E-01  -.403E-01   .000E+00   .000E+00   .100E-02   .000E+00   .100E-02   .000E+00   .000E+00   .000E+00    1004   .3412E-08
      91.00000   .100E-02  -.100E-02   .910E-01  -.413E-01   .000E+00   .000E+00   .100E-02   .000E+00   .100E-02   .000E+00   .000E+00   .000E+00    1015   .3412E-08
      92.00000   .100E-02  -.100E-02   .920E-01  -.423E-01   .000E+00   .000E+00   .100E-02   .000E+00   .100E-02   .000E+00   .000E+00   .000E+00    1026   .3412E-08
      93.00000   .100E-02  -.100E-02   .930E-01  -.433E-01   .000E+00   .000E+00   .100E-02   .000E+00   .100E-02   .000E+00   .000E+00   .000E+00    1037   .3412E-08
      94.00000   .100E-02  -.100E-02   .940E-01  -.443E-01   .000E+00   .000E+00   .100E-02   .000E+00   .100E-02   .000E+00   .000E+00   .000E+00    1048   .3412E-08
      95.00000   .100E-02  -.100E-02   .950E-01  -.453E-01   .000E+00   .000E+00   .100E-02   .000E+00   .100E-02   .000E+00   .000E+00   .000E+00    1059   .3412E-08
      96.00000   .100E-02  -.100E-02   .960E-01  -.463E-01   .000E+00   .000E+00   .100E-02   .000E+00   .100E-02   .000E+00   .000E+00   .000E+00    1070   .3412E-08
      97.00000   .100E-02  -.100E-02   .970E-01  -.473E-01   .000E+00   .000E+00   .100E-02   .000E+00   .100E-02   .000E+00   .000E+00   .000E+00    1081   .3412E-08
      98.00000   .100E-02  -.100E-02   .980E-01  -.483E-01   .000E+00   .000E+00   .100E-02   .000E+00   .100E-02   .000E+00   .000E+00   .000E+00    1092   .3412E-08
      99.00000   .100E-02  -.100E-02   .990E-01  -.493E-01   .000E+00   .000E+00   .100E-02   .000E+00   .100E-02   .000E+00   .000E+00   .000E+00    1103   .3412E-08
     100.00000   .100E-02  -.100E-02   .100E+00  -.503E-01   .000E+00   .000E+00   .100E-02   .000E+00   .100E-02   .000E+00   .000E+00   .000E+00    1114   .3412E-08
     101.00000   .100E-02  -.100E-02   .101E+00  -.513E-01   .000E+00   .000E+00   .100E-02   .000E+00   .100E-02   .000E+00   .000E+00   .000E+00    1125   .3412E-08
     102.00000   .100E-02  -.100E-02   .102E+00  -.523E-01   .000E+00   .000E+00   .100E-02   .000E+00   .100E-02   .000E+00   .000E+00   .000E+00    1136   .3412E-08
     103.00000   .100E-02  -.100E-02   .103E+00  -.533E-01   .000E+00   .000E+00   .100E-02   .000E+00   .100E-02   .000E+00   .000E+00   .000E+00    1147   .3412E-08
     104.00000   .100E-02  -.100E-02   .104E+00  -.543E-01   .000E+00   .000E+00   .100E-02   .000E+00   .100E-02   .000E+00   .000E+00   .000E+00    1158   .3412E-08
     105.00000   .100E-02  -.100E-02   .105E+00  -.553E-01   .000E+00   .000E+00   .100E-02   .000E+00   .100E-02   .000E+00   .000E+00   .000E+00    1169   .3412E-08
     106.00000   .100E-02  -.100E-02   .106E+00  -.563E-01   .000E+00   .000E+00   .100E-02   .000E+00   .100E-02   .000E+00   .000E+00   .000E+00    1180   .3412E-08
     107.00000   .100E-02  -.100E-02   .107E+00  -.573E-01   .000E+00   .000E+00   .100E-02   .000E+00   .100E-02   .000E+00   .000E+00   .000E+00    1191   .3412E-08
     108.00000   .100E-02  -.100E-02   .108E+00  -.583E-01   .000E+00   .000E+00   .100E-02   .000E+00   .100E-02   .000E+00   .000E+00   .000E+00    1202   .3412E-08
     109.00000   .100E-02  -.100E-02   .109E+00  -.593E-01   .000E+00   .000E+00   .100E-02   .000E+00   .100E-02   .000E+00   .000E+00   .000E+00    1213   .3412E-08
     110.00000   .100E-02  -.100E-02   .110E+00  -.603E-01   .000E+00   .000E+00   .100E-02   .000E+00   .100E-02   .000E+00   .000E+00   .000E+00    1224   .3412E-08
     111.00000   .100E-02  -.100E-02   .111E+00  -.613E-01   .000E+00   .000E+00   .100E-02   .000E+00   .100E-02   .000E+00   .000E+00   .000E+00    1235   .3412E-08
     112.00000   .100E-02  -.100E-02   .112E+00  -.623E-01   .000E+00   .000E+00   .100E-02   .000E+00   .100E-02   .000E+00   .000E+00   .000E+00    1246   .3412E-08
     113.00000   .100E-02  -.100E-02   .113E+00  -.633E-01   .000E+00   .000E+00   .100E-02   .000E+00   .100E-02   .000E+00   .000E+00   .000E+00    1257   .3412E-08
     114.00000   .100E-02  -.100E-02   .114E+00  -.643E-01   .000E+00   .000E+00   .100E-02   .000E+00   .100E-02   .000E+00   .000E+00   .000E+00    1268   .3412E-08
     115.00000   .100E-02  -.100E-02   .115E+00  -.653E-01   .000E+00   .000E+00   .100E-02   .000E+00   .100E-02   .000E+00   .000E+00   .000E+00    1279   .3412E-08
     116.00000   .100E-02  -.100E-02   .116E+00  -.663E-01   .000E+00   .000E+00   .100E-02   .000E+00   .100E-02   .000E+00   .000E+00   .000E+00    1290   .3412E-08
     117.00000   .100E-02  -.100E-02   .117E+00  -.673E-01   .000E+00   .000E+00   .100E-02   .000E+00   .100E-02   .000E+00   .000E+00   .000E+00    1301   .3412E-08
     118.00000   .100E-02  -.100E-02   .118E+00  -.683E-01   .000E+00   .000E+00   .100E-02   .000E+00   .100E-02   .000E+00   .000E+00   .000E+00    1312   .3412E-08
     119.00000   .100E-02  -.100E-02   .119E+00  -.693E-01   .000E+00   .000E+00   .100E-02   .000E+00   .100E-02   .000E+00   .000E+00   .000E+00    1323   .3412E-08
     120.00000   .100E-02  -.100E-02   .120E+00  -.703E-01   .000E+00   .000E+00   .100E-02   .000E+00   .100E-02   .000E+00   .000E+00   .000E+00    1334   .3412E-08
     121.00000   .100E-02  -.100E-02   .121E+00  -.713E-01   .000E+00   .000E+00   .100E-02   .000E+00   .100E-02   .000E+00   .000E+00   .000E+00    1345   .3412E-08
     122.00000   .100E-02  -.100E-02   .122E+00  -.723E-01   .000E+00   .000E+00   .100E-02   .000E+00   .100E-02   .000E+00   .000E+00   .000E+00    1356   .3412E-08
     123.00000   .100E-02  -.100E-02   .123E+00  -.733E-01   .000E+00   .000E+00   .100E-02   .000E+00   .100E-02   .000E+00   .000E+00   .000E+00    1367   .3412E-08
     124.00000   .100E-02  -.100E-02   .124E+00  -.743E-01   .000E+00   .000E+00   .100E-02   .000E+00   .100E-02   .000E+00   .000E+00   .000E+00    1378   .3412E-08
     125.00000   .100E-02  -.100E-02   .125E+00  -.753E-01   .000E+00   .000E+00   .100E-02   .000E+00   .100E-02   .000E+00   .000E+00   .000E+00    1389   .3412E-08
     126.00000   .100E-02  -.100E-02   .126E+00  -.763E-01   .000E+00   .000E+00   .100E-02   .000E+00   .100E-02   .000E+00   .000E+00   .000E+00    1400   .3412E-08
     127.00000   .100E-02  -.100E-02   .127E+00  -.773E-01   .000E+00   .000E+00   .100E-02   .000E+00   .100E-02   .000E+00   .000E+00   .000E+00    1411   .3412E-08
     128.00000   .100E-02  -.100E-02   .128E+00  -.783E-01   .000E+00   .000E+00   .100E-02   .000E+00   .100E-02   .000E+00   .000E+00   .000E+00    1422   .3412E-08
     129.00000   .100E-02  -.100E-02   .129E+00  -.793E-01   .000E+00   .000E+00   .100E-02   .000E+00   .100E-02   .000E+00   .000E+00   .000E+00    1433   .3412E-08
     130.00000   .100E-02  -.100E-02   .130E+00  -.803E-01   .000E+00   .000E+00   .100E-02   .000E+00   .100E-02   .000E+00   .000E+00   .000E+00    1444   .3412E-08
     131.00000   .100E-02  -.100E-02   .131E+00  -.813E-01   .000E+00   .000E+00   .100E-02   .000E+00   .100E-02   .000E+00   .000E+00   .000E+00    1455   .3412E-08
     132.00000   .100E-02  -.100E-02   .132E+00  -.823E-01   .000E+00   .000E+00   .100E-02   .000E+00   .100E-02   .000E+00   .000E+00   .000E+00    1466   .3412E-08
     133.00000   .100E-02  -.100E-02   .133E+00  -.833E-01   .000E+00   .000E+00   .100E-02   .000E+00   .100E-02   .000E+00   .000E+00   .000E+00    1477   .3412E-08
     134.00000   .100E-02  -.100E-02   .134E+00  -.843E-01   .000E+00   .000E+00   .100E-02   .000E+00   .100E-02   .000E+00   .000E+00   .000E+00    1488   .3412E-08
     135.00000   .100E-02  -.100E-02   .135E+00  -.853E-01   .000E+00   .000E+00   .100E-02   .000E+00   .100E-02   .000E+00   .000E+00   .000E+00    1499   .3412E-08
     136.00000   .100E-02  -.100E-02   .136E+00  -.863E-01   .000E+00   .000E+00   .100E-02   .000E+00   .100E-02   .000E+00   .000E+00   .000E+00    1510   .3412E-08
     137.00000   .100E-02  -.100E-02   .137E+00  -.873E-01   .000E+00   .000E+00   .100E-02   .000E+00   .100E-02   .000E+00   .000E+00   .000E+00    1521   .3412E-08
     138.00000   .100E-02  -.100E-02   .138E+00  -.883E-01   .000E+00   .000E+00   .100E-02   .000E+00   .100E-02   .000E+00   .000E+00   .000E+00    1532   .3412E-08
     139.00000   .100E-02  -.100E-02   .139E+00  -.893E-01   .000E+00   .000E+00   .100E-02   .000E+00   .100E-02   .000E+00   .000E+00   .000E+00    1543   .3412E-08
     140.00000   .100E-02  -.100E-02   .140E+00  -.903E-01   .000E+00   .000E+00   .100E-02   .000E+00   .100E-02   .000E+00   .000E+00   .000E+00    1554   .3412E-08
     141.00000   .100E-02  -.100E-02   .141E+00  -.913E-01   .000E+00   .000E+00   .100E-02   .000E+00   .100E-02   .000E+00   .000E+00   .000E+00    1565   .3412E-08
     142.00000   .100E-02  -.100E-02   .142E+00  -.923E-01   .000E+00   .000E+00   .100E-02   .000E+00   .100E-02   .000E+00   .000E+00   .000E+00    1576   .3412E-08
     143.00000   .100E-02  -.100E-02   .143E+00  -.933E-01   .000E+00   .000E+00   .100E-02   .000E+00   .100E-02   .000E+00   .000E+00   .000E+00    1587   .3412E-08
     144.00000   .100E-02  -.100E-02   .144E+00  -.943E-01   .000E+00   .000E+00   .100E-02   .000E+00   .100E-02   .000E+00   .000E+00   .000E+00    1598   .3412E-08
     145.00000   .100E-02  -.100E-02   .145E+00  -.953E-01   .000E+00   .000E+00   .100E-02   .000E+00   .100E-02   .000E+00   .000E+00   .000E+00    1609   .3412E-08
     146.00000   .100E-02  -.100E-02   .146E+00  -.963E-01   .000E+00   .000E+00   .100E-02   .000E+00   .100E-02   .000E+00   .000E+00   .000E+00    1620   .3412E-08
     147.00000   .100E-02  -.100E-02   .147E+00  -.973E-01   .000E+00   .000E+00   .100E-02   .000E+00   .100E-02   .000E+00   .000E+00   .000E+00    1631   .3412E-08
     148.00000   .100E-02  -.100E-02   .148E+00  -.983E-01   .000E+00   .000E+00   .100E-02   .000E+00   .100E-02   .000E+00   .000E+00   .000E+00    1642   .3412E-08
     149.00000   .100E-02  -.100E-02   .149E+00  -.993E-01   .000E+00   .000E+00   .100E-02   .000E+00   .100E-02   .000E+00   .000E+00   .000E+00    1653   .3412E-08
     150.00000   .100E-02  -.100E-02   .150E+00  -.100E+00   .000E+00   .000E+00   .100E-02   .000E+00   .100E-02   .000E+00   .000E+00   .000E+00    1664   .3412E-08
end
