 ******* Program HYDRUS
 ******* Physical nonequilibrium transport of chloride (verification problem 1) 
  
 Date:  30.10.    Time:   9:23:40
 Units: L = cm   , T = days , M = mmol 


 Time:         .0000


 Node    Depth      Head Moisture       K          C         Flux        Sink         Kappa   v/KsTop   Temp
         [L]       [L]     [-]        [L/T]      [1/L]      [L/T]        [1/T]         [-]      [-]      [C]

   1      .00        .000  .5000    .1000E+01   .0000E+00  -.1000E+01   .0000E+00      -1   -.100E+01   25.00   .1001E-06   .2002E-06   .0000E+00   .1002E-06   .2002E-06   .0000E+00
   2    -1.00        .000  .5000    .1000E+01   .0000E+00  -.1000E+01   .0000E+00      -1   -.100E+01   25.00   .1001E-06   .2002E-06   .0000E+00   .1002E-06   .2002E-06   .0000E+00
   3    -2.00        .000  .5000    .1000E+01   .0000E+00  -.1000E+01   .0000E+00      -1   -.100E+01   25.00   .1001E-06   .2002E-06   .0000E+00   .1002E-06   .2002E-06   .0000E+00
   4    -3.00        .000  .5000    .1000E+01   .0000E+00  -.1000E+01   .0000E+00      -1   -.100E+01   25.00   .1001E-06   .2002E-06   .0000E+00   .1002E-06   .2002E-06   .0000E+00
   5    -4.00        .000  .5000    .1000E+01   .0000E+00  -.1000E+01   .0000E+00      -1   -.100E+01   25.00   .1001E-06   .2002E-06   .0000E+00   .1002E-06   .2002E-06   .0000E+00
   6    -5.00        .000  .5000    .1000E+01   .0000E+00  -.1000E+01   .0000E+00      -1   -.100E+01   25.00   .1001E-06   .2002E-06   .0000E+00   .1002E-06   .2002E-06   .0000E+00
   7    -6.00        .000  .5000    .1000E+01   .0000E+00  -.1000E+01   .0000E+00      -1   -.100E+01   25.00   .1001E-06   .2002E-06   .0000E+00   .1002E-06   .2002E-06   .0000E+00
   8    -7.00        .000  .5000    .1000E+01   .0000E+00  -.1000E+01   .0000E+00      -1   -.100E+01   25.00   .1001E-06   .2002E-06   .0000E+00   .1002E-06   .2002E-06   .0000E+00
   9    -8.00        .000  .5000    .1000E+01   .0000E+00  -.1000E+01   .0000E+00      -1   -.100E+01   25.00   .1001E-06   .2002E-06   .0000E+00   .1002E-06   .2002E-06   .0000E+00
  10    -9.00        .000  .5000    .1000E+01   .0000E+00  -.1000E+01   .0000E+00      -1   -.100E+01   25.00   .1001E-06   .2002E-06   .0000E+00   .1002E-06   .2002E-06   .0000E+00
  11   -10.00        .000  .5000    .1000E+01   .0000E+00  -.1000E+01   .0000E+00      -1   -.100E+01   25.00   .1001E-06   .2002E-06   .0000E+00   .1002E-06   .2002E-06   .0000E+00
  12   -11.00        .000  .5000    .1000E+01   .0000E+00  -.1000E+01   .0000E+00      -1   -.100E+01   25.00   .1001E-06   .2002E-06   .0000E+00   .1002E-06   .2002E-06   .0000E+00
  13   -12.00        .000  .5000    .1000E+01   .0000E+00  -.1000E+01   .0000E+00      -1   -.100E+01   25.00   .1001E-06   .2002E-06   .0000E+00   .1002E-06   .2002E-06   .0000E+00
  14   -13.00        .000  .5000    .1000E+01   .0000E+00  -.1000E+01   .0000E+00      -1   -.100E+01   25.00   .1001E-06   .2002E-06   .0000E+00   .1002E-06   .2002E-06   .0000E+00
  15   -14.00        .000  .5000    .1000E+01   .0000E+00  -.1000E+01   .0000E+00      -1   -.100E+01   25.00   .1001E-06   .2002E-06   .0000E+00   .1002E-06   .2002E-06   .0000E+00
  16   -15.00        .000  .5000    .1000E+01   .0000E+00  -.1000E+01   .0000E+00      -1   -.100E+01   25.00   .1001E-06   .2002E-06   .0000E+00   .1002E-06   .2002E-06   .0000E+00
  17   -16.00        .000  .5000    .1000E+01   .0000E+00  -.1000E+01   .0000E+00      -1   -.100E+01   25.00   .1001E-06   .2002E-06   .0000E+00   .1002E-06   .2002E-06   .0000E+00
  18   -17.00        .000  .5000    .1000E+01   .0000E+00  -.1000E+01   .0000E+00      -1   -.100E+01   25.00   .1001E-06   .2002E-06   .0000E+00   .1002E-06   .2002E-06   .0000E+00
  19   -18.00        .000  .5000    .1000E+01   .0000E+00  -.1000E+01   .0000E+00      -1   -.100E+01   25.00   .1001E-06   .2002E-06   .0000E+00   .1002E-06   .2002E-06   .0000E+00
  20   -19.00        .000  .5000    .1000E+01   .0000E+00  -.1000E+01   .0000E+00      -1   -.100E+01   25.00   .1001E-06   .2002E-06   .0000E+00   .1002E-06   .2002E-06   .0000E+00
  21   -20.00        .000  .5000    .1000E+01   .0000E+00  -.1000E+01   .0000E+00      -1   -.100E+01   25.00   .1001E-06   .2002E-06   .0000E+00   .1002E-06   .2002E-06   .0000E+00
end


 Time:        5.0000


 Node    Depth      Head Moisture       K          C         Flux        Sink         Kappa   v/KsTop   Temp
         [L]       [L]     [-]        [L/T]      [1/L]      [L/T]        [1/T]         [-]      [-]      [C]

   1      .00        .000  .5000    .1000E+01   .0000E+00  -.1000E+01   .0000E+00      -1   -.100E+01   25.00   .1022E-06   .2041E-06   .7899E-03   .1023E-06   .2014E-06   .2489E-03
   2    -1.00        .000  .5000    .1000E+01   .0000E+00  -.1000E+01   .0000E+00      -1   -.100E+01   25.00   .1022E-06   .2040E-06   .7632E-03   .1008E-06   .2014E-06   .2312E-03
   3    -2.00        .000  .5000    .1000E+01   .0000E+00  -.1000E+01   .0000E+00      -1   -.100E+01   25.00   .1021E-06   .2039E-06   .7358E-03   .1008E-06   .2013E-06   .2142E-03
   4    -3.00        .000  .5000    .1000E+01   .0000E+00  -.1000E+01   .0000E+00      -1   -.100E+01   25.00   .1020E-06   .2037E-06   .7077E-03   .1007E-06   .2012E-06   .1980E-03
   5    -4.00        .000  .5000    .1000E+01   .0000E+00  -.1000E+01   .0000E+00      -1   -.100E+01   25.00   .1020E-06   .2036E-06   .6792E-03   .1007E-06   .2011E-06   .1825E-03
   6    -5.00        .000  .5000    .1000E+01   .0000E+00  -.1000E+01   .0000E+00      -1   -.100E+01   25.00   .1019E-06   .2034E-06   .6503E-03   .1006E-06   .2010E-06   .1678E-03
   7    -6.00        .000  .5000    .1000E+01   .0000E+00  -.1000E+01   .0000E+00      -1   -.100E+01   25.00   .1018E-06   .2033E-06   .6214E-03   .1006E-06   .2010E-06   .1540E-03
   8    -7.00        .000  .5000    .1000E+01   .0000E+00  -.1000E+01   .0000E+00      -1   -.100E+01   25.00   .1017E-06   .2032E-06   .5925E-03   .1006E-06   .2009E-06   .1409E-03
   9    -8.00        .000  .5000    .1000E+01   .0000E+00  -.1000E+01   .0000E+00      -1   -.100E+01   25.00   .1017E-06   .2030E-06   .5639E-03   .1005E-06   .2008E-06   .1287E-03
  10    -9.00        .000  .5000    .1000E+01   .0000E+00  -.1000E+01   .0000E+00      -1   -.100E+01   25.00   .1016E-06   .2029E-06   .5357E-03   .1005E-06   .2008E-06   .1173E-03
  11   -10.00        .000  .5000    .1000E+01   .0000E+00  -.1000E+01   .0000E+00      -1   -.100E+01   25.00   .1015E-06   .2027E-06   .5084E-03   .1005E-06   .2007E-06   .1068E-03
  12   -11.00        .000  .5000    .1000E+01   .0000E+00  -.1000E+01   .0000E+00      -1   -.100E+01   25.00   .1015E-06   .2026E-06   .4821E-03   .1004E-06   .2007E-06   .9710E-04
  13   -12.00        .000  .5000    .1000E+01   .0000E+00  -.1000E+01   .0000E+00      -1   -.100E+01   25.00   .1014E-06   .2025E-06   .4571E-03   .1004E-06   .2006E-06   .8829E-04
  14   -13.00        .000  .5000    .1000E+01   .0000E+00  -.1000E+01   .0000E+00      -1   -.100E+01   25.00   .1014E-06   .2024E-06   .4338E-03   .1004E-06   .2006E-06   .8038E-04
  15   -14.00        .000  .5000    .1000E+01   .0000E+00  -.1000E+01   .0000E+00      -1   -.100E+01   25.00   .1013E-06   .2022E-06   .4125E-03   .1004E-06   .2006E-06   .7339E-04
  16   -15.00        .000  .5000    .1000E+01   .0000E+00  -.1000E+01   .0000E+00      -1   -.100E+01   25.00   .1013E-06   .2022E-06   .3935E-03   .1004E-06   .2005E-06   .6736E-04
  17   -16.00        .000  .5000    .1000E+01   .0000E+00  -.1000E+01   .0000E+00      -1   -.100E+01   25.00   .1012E-06   .2021E-06   .3774E-03   .1003E-06   .2005E-06   .6235E-04
  18   -17.00        .000  .5000    .1000E+01   .0000E+00  -.1000E+01   .0000E+00      -1   -.100E+01   25.00   .1012E-06   .2020E-06   .3645E-03   .1003E-06   .2005E-06   .5842E-04
  19   -18.00        .000  .5000    .1000E+01   .0000E+00  -.1000E+01   .0000E+00      -1   -.100E+01   25.00   .1012E-06   .2020E-06   .3553E-03   .1003E-06   .2005E-06   .5567E-04
  20   -19.00        .000  .5000    .1000E+01   .0000E+00  -.1000E+01   .0000E+00      -1   -.100E+01   25.00   .1012E-06   .2019E-06   .3504E-03   .1003E-06   .2005E-06   .5422E-04
  21   -20.00        .000  .5000    .1000E+01   .0000E+00  -.1000E+01   .0000E+00      -1   -.100E+01   25.00   .1012E-06   .2019E-06   .3504E-03   .1003E-06   .2005E-06   .5422E-04
end


 Time:       10.0000


 Node    Depth      Head Moisture       K          C         Flux        Sink         Kappa   v/KsTop   Temp
         [L]       [L]     [-]        [L/T]      [1/L]      [L/T]        [1/T]         [-]      [-]      [C]

   1      .00        .000  .5000    .1000E+01   .0000E+00  -.1000E+01   .0000E+00      -1   -.100E+01   25.00   .1025E-06   .2047E-06   .8989E-03   .1023E-06   .2026E-06   .4884E-03
   2    -1.00        .000  .5000    .1000E+01   .0000E+00  -.1000E+01   .0000E+00      -1   -.100E+01   25.00   .1024E-06   .2046E-06   .8860E-03   .1014E-06   .2026E-06   .4705E-03
   3    -2.00        .000  .5000    .1000E+01   .0000E+00  -.1000E+01   .0000E+00      -1   -.100E+01   25.00   .1024E-06   .2046E-06   .8728E-03   .1014E-06   .2025E-06   .4529E-03
   4    -3.00        .000  .5000    .1000E+01   .0000E+00  -.1000E+01   .0000E+00      -1   -.100E+01   25.00   .1024E-06   .2045E-06   .8593E-03   .1013E-06   .2024E-06   .4355E-03
   5    -4.00        .000  .5000    .1000E+01   .0000E+00  -.1000E+01   .0000E+00      -1   -.100E+01   25.00   .1023E-06   .2044E-06   .8455E-03   .1013E-06   .2023E-06   .4185E-03
   6    -5.00        .000  .5000    .1000E+01   .0000E+00  -.1000E+01   .0000E+00      -1   -.100E+01   25.00   .1023E-06   .2044E-06   .8315E-03   .1012E-06   .2022E-06   .4018E-03
   7    -6.00        .000  .5000    .1000E+01   .0000E+00  -.1000E+01   .0000E+00      -1   -.100E+01   25.00   .1023E-06   .2043E-06   .8174E-03   .1012E-06   .2021E-06   .3856E-03
   8    -7.00        .000  .5000    .1000E+01   .0000E+00  -.1000E+01   .0000E+00      -1   -.100E+01   25.00   .1022E-06   .2042E-06   .8033E-03   .1012E-06   .2020E-06   .3698E-03
   9    -8.00        .000  .5000    .1000E+01   .0000E+00  -.1000E+01   .0000E+00      -1   -.100E+01   25.00   .1022E-06   .2042E-06   .7893E-03   .1011E-06   .2020E-06   .3546E-03
  10    -9.00        .000  .5000    .1000E+01   .0000E+00  -.1000E+01   .0000E+00      -1   -.100E+01   25.00   .1022E-06   .2041E-06   .7754E-03   .1011E-06   .2019E-06   .3401E-03
  11   -10.00        .000  .5000    .1000E+01   .0000E+00  -.1000E+01   .0000E+00      -1   -.100E+01   25.00   .1021E-06   .2040E-06   .7619E-03   .1010E-06   .2018E-06   .3262E-03
  12   -11.00        .000  .5000    .1000E+01   .0000E+00  -.1000E+01   .0000E+00      -1   -.100E+01   25.00   .1021E-06   .2040E-06   .7488E-03   .1010E-06   .2018E-06   .3130E-03
  13   -12.00        .000  .5000    .1000E+01   .0000E+00  -.1000E+01   .0000E+00      -1   -.100E+01   25.00   .1021E-06   .2039E-06   .7363E-03   .1010E-06   .2017E-06   .3008E-03
  14   -13.00        .000  .5000    .1000E+01   .0000E+00  -.1000E+01   .0000E+00      -1   -.100E+01   25.00   .1021E-06   .2038E-06   .7246E-03   .1009E-06   .2016E-06   .2895E-03
  15   -14.00        .000  .5000    .1000E+01   .0000E+00  -.1000E+01   .0000E+00      -1   -.100E+01   25.00   .1020E-06   .2038E-06   .7138E-03   .1009E-06   .2016E-06   .2794E-03
  16   -15.00        .000  .5000    .1000E+01   .0000E+00  -.1000E+01   .0000E+00      -1   -.100E+01   25.00   .1020E-06   .2037E-06   .7042E-03   .1009E-06   .2015E-06   .2704E-03
  17   -16.00        .000  .5000    .1000E+01   .0000E+00  -.1000E+01   .0000E+00      -1   -.100E+01   25.00   .1020E-06   .2037E-06   .6960E-03   .1009E-06   .2015E-06   .2628E-03
  18   -17.00        .000  .5000    .1000E+01   .0000E+00  -.1000E+01   .0000E+00      -1   -.100E+01   25.00   .1020E-06   .2037E-06   .6894E-03   .1009E-06   .2015E-06   .2568E-03
  19   -18.00        .000  .5000    .1000E+01   .0000E+00  -.1000E+01   .0000E+00      -1   -.100E+01   25.00   .1020E-06   .2036E-06   .6848E-03   .1009E-06   .2015E-06   .2526E-03
  20   -19.00        .000  .5000    .1000E+01   .0000E+00  -.1000E+01   .0000E+00      -1   -.100E+01   25.00   .1020E-06   .2036E-06   .6823E-03   .1008E-06   .2014E-06   .2504E-03
  21   -20.00        .000  .5000    .1000E+01   .0000E+00  -.1000E+01   .0000E+00      -1   -.100E+01   25.00   .1020E-06   .2036E-06   .6823E-03   .1008E-06   .2014E-06   .2504E-03
end


 Time:       15.0000


 Node    Depth      Head Moisture       K          C         Flux        Sink         Kappa   v/KsTop   Temp
         [L]       [L]     [-]        [L/T]      [1/L]      [L/T]        [1/T]         [-]      [-]      [C]

   1      .00        .000  .5000    .1000E+01   .0000E+00  -.1000E+01   .0000E+00      -1   -.100E+01   25.00   .1026E-06   .2049E-06   .9444E-03   .1024E-06   .2035E-06   .6607E-03
   2    -1.00        .000  .5000    .1000E+01   .0000E+00  -.1000E+01   .0000E+00      -1   -.100E+01   25.00   .1026E-06   .2049E-06   .9373E-03   .1019E-06   .2035E-06   .6462E-03
   3    -2.00        .000  .5000    .1000E+01   .0000E+00  -.1000E+01   .0000E+00      -1   -.100E+01   25.00   .1025E-06   .2048E-06   .9301E-03   .1018E-06   .2034E-06   .6317E-03
   4    -3.00        .000  .5000    .1000E+01   .0000E+00  -.1000E+01   .0000E+00      -1   -.100E+01   25.00   .1025E-06   .2048E-06   .9227E-03   .1018E-06   .2033E-06   .6173E-03
   5    -4.00        .000  .5000    .1000E+01   .0000E+00  -.1000E+01   .0000E+00      -1   -.100E+01   25.00   .1025E-06   .2048E-06   .9151E-03   .1017E-06   .2032E-06   .6031E-03
   6    -5.00        .000  .5000    .1000E+01   .0000E+00  -.1000E+01   .0000E+00      -1   -.100E+01   25.00   .1025E-06   .2047E-06   .9075E-03   .1017E-06   .2032E-06   .5890E-03
   7    -6.00        .000  .5000    .1000E+01   .0000E+00  -.1000E+01   .0000E+00      -1   -.100E+01   25.00   .1025E-06   .2047E-06   .8998E-03   .1017E-06   .2031E-06   .5751E-03
   8    -7.00        .000  .5000    .1000E+01   .0000E+00  -.1000E+01   .0000E+00      -1   -.100E+01   25.00   .1024E-06   .2047E-06   .8922E-03   .1016E-06   .2030E-06   .5615E-03
   9    -8.00        .000  .5000    .1000E+01   .0000E+00  -.1000E+01   .0000E+00      -1   -.100E+01   25.00   .1024E-06   .2046E-06   .8845E-03   .1016E-06   .2029E-06   .5483E-03
  10    -9.00        .000  .5000    .1000E+01   .0000E+00  -.1000E+01   .0000E+00      -1   -.100E+01   25.00   .1024E-06   .2046E-06   .8770E-03   .1016E-06   .2029E-06   .5355E-03
  11   -10.00        .000  .5000    .1000E+01   .0000E+00  -.1000E+01   .0000E+00      -1   -.100E+01   25.00   .1024E-06   .2045E-06   .8697E-03   .1015E-06   .2028E-06   .5233E-03
  12   -11.00        .000  .5000    .1000E+01   .0000E+00  -.1000E+01   .0000E+00      -1   -.100E+01   25.00   .1024E-06   .2045E-06   .8626E-03   .1015E-06   .2028E-06   .5116E-03
  13   -12.00        .000  .5000    .1000E+01   .0000E+00  -.1000E+01   .0000E+00      -1   -.100E+01   25.00   .1024E-06   .2045E-06   .8559E-03   .1015E-06   .2027E-06   .5006E-03
  14   -13.00        .000  .5000    .1000E+01   .0000E+00  -.1000E+01   .0000E+00      -1   -.100E+01   25.00   .1023E-06   .2044E-06   .8495E-03   .1015E-06   .2026E-06   .4905E-03
  15   -14.00        .000  .5000    .1000E+01   .0000E+00  -.1000E+01   .0000E+00      -1   -.100E+01   25.00   .1023E-06   .2044E-06   .8437E-03   .1014E-06   .2026E-06   .4813E-03
  16   -15.00        .000  .5000    .1000E+01   .0000E+00  -.1000E+01   .0000E+00      -1   -.100E+01   25.00   .1023E-06   .2044E-06   .8385E-03   .1014E-06   .2026E-06   .4731E-03
  17   -16.00        .000  .5000    .1000E+01   .0000E+00  -.1000E+01   .0000E+00      -1   -.100E+01   25.00   .1023E-06   .2044E-06   .8341E-03   .1014E-06   .2025E-06   .4662E-03
  18   -17.00        .000  .5000    .1000E+01   .0000E+00  -.1000E+01   .0000E+00      -1   -.100E+01   25.00   .1023E-06   .2044E-06   .8306E-03   .1014E-06   .2025E-06   .4607E-03
  19   -18.00        .000  .5000    .1000E+01   .0000E+00  -.1000E+01   .0000E+00      -1   -.100E+01   25.00   .1023E-06   .2043E-06   .8281E-03   .1014E-06   .2025E-06   .4568E-03
  20   -19.00        .000  .5000    .1000E+01   .0000E+00  -.1000E+01   .0000E+00      -1   -.100E+01   25.00   .1023E-06   .2043E-06   .8267E-03   .1014E-06   .2025E-06   .4547E-03
  21   -20.00        .000  .5000    .1000E+01   .0000E+00  -.1000E+01   .0000E+00      -1   -.100E+01   25.00   .1023E-06   .2043E-06   .8267E-03   .1014E-06   .2025E-06   .4547E-03
end


 Time:       20.0000


 Node    Depth      Head Moisture       K          C         Flux        Sink         Kappa   v/KsTop   Temp
         [L]       [L]     [-]        [L/T]      [1/L]      [L/T]        [1/T]         [-]      [-]      [C]

   1      .00        .000  .5000    .1000E+01   .0000E+00  -.1000E+01   .0000E+00      -1   -.100E+01   25.00   .1026E-06   .2050E-06   .9667E-03   .1025E-06   .2041E-06   .7775E-03
   2    -1.00        .000  .5000    .1000E+01   .0000E+00  -.1000E+01   .0000E+00      -1   -.100E+01   25.00   .1026E-06   .2050E-06   .9625E-03   .1021E-06   .2041E-06   .7666E-03
   3    -2.00        .000  .5000    .1000E+01   .0000E+00  -.1000E+01   .0000E+00      -1   -.100E+01   25.00   .1026E-06   .2050E-06   .9581E-03   .1021E-06   .2040E-06   .7557E-03
   4    -3.00        .000  .5000    .1000E+01   .0000E+00  -.1000E+01   .0000E+00      -1   -.100E+01   25.00   .1026E-06   .2050E-06   .9537E-03   .1021E-06   .2039E-06   .7447E-03
   5    -4.00        .000  .5000    .1000E+01   .0000E+00  -.1000E+01   .0000E+00      -1   -.100E+01   25.00   .1026E-06   .2049E-06   .9492E-03   .1021E-06   .2039E-06   .7338E-03
   6    -5.00        .000  .5000    .1000E+01   .0000E+00  -.1000E+01   .0000E+00      -1   -.100E+01   25.00   .1026E-06   .2049E-06   .9446E-03   .1020E-06   .2038E-06   .7230E-03
   7    -6.00        .000  .5000    .1000E+01   .0000E+00  -.1000E+01   .0000E+00      -1   -.100E+01   25.00   .1026E-06   .2049E-06   .9401E-03   .1020E-06   .2038E-06   .7123E-03
   8    -7.00        .000  .5000    .1000E+01   .0000E+00  -.1000E+01   .0000E+00      -1   -.100E+01   25.00   .1025E-06   .2049E-06   .9355E-03   .1020E-06   .2037E-06   .7018E-03
   9    -8.00        .000  .5000    .1000E+01   .0000E+00  -.1000E+01   .0000E+00      -1   -.100E+01   25.00   .1025E-06   .2049E-06   .9309E-03   .1020E-06   .2037E-06   .6915E-03
  10    -9.00        .000  .5000    .1000E+01   .0000E+00  -.1000E+01   .0000E+00      -1   -.100E+01   25.00   .1025E-06   .2048E-06   .9265E-03   .1019E-06   .2036E-06   .6815E-03
  11   -10.00        .000  .5000    .1000E+01   .0000E+00  -.1000E+01   .0000E+00      -1   -.100E+01   25.00   .1025E-06   .2048E-06   .9221E-03   .1019E-06   .2036E-06   .6718E-03
  12   -11.00        .000  .5000    .1000E+01   .0000E+00  -.1000E+01   .0000E+00      -1   -.100E+01   25.00   .1025E-06   .2048E-06   .9179E-03   .1019E-06   .2035E-06   .6626E-03
  13   -12.00        .000  .5000    .1000E+01   .0000E+00  -.1000E+01   .0000E+00      -1   -.100E+01   25.00   .1025E-06   .2048E-06   .9138E-03   .1019E-06   .2035E-06   .6540E-03
  14   -13.00        .000  .5000    .1000E+01   .0000E+00  -.1000E+01   .0000E+00      -1   -.100E+01   25.00   .1025E-06   .2047E-06   .9101E-03   .1019E-06   .2035E-06   .6459E-03
  15   -14.00        .000  .5000    .1000E+01   .0000E+00  -.1000E+01   .0000E+00      -1   -.100E+01   25.00   .1025E-06   .2047E-06   .9066E-03   .1018E-06   .2034E-06   .6386E-03
  16   -15.00        .000  .5000    .1000E+01   .0000E+00  -.1000E+01   .0000E+00      -1   -.100E+01   25.00   .1025E-06   .2047E-06   .9035E-03   .1018E-06   .2034E-06   .6321E-03
  17   -16.00        .000  .5000    .1000E+01   .0000E+00  -.1000E+01   .0000E+00      -1   -.100E+01   25.00   .1025E-06   .2047E-06   .9009E-03   .1018E-06   .2034E-06   .6266E-03
  18   -17.00        .000  .5000    .1000E+01   .0000E+00  -.1000E+01   .0000E+00      -1   -.100E+01   25.00   .1025E-06   .2047E-06   .8988E-03   .1018E-06   .2033E-06   .6222E-03
  19   -18.00        .000  .5000    .1000E+01   .0000E+00  -.1000E+01   .0000E+00      -1   -.100E+01   25.00   .1025E-06   .2047E-06   .8973E-03   .1018E-06   .2033E-06   .6191E-03
  20   -19.00        .000  .5000    .1000E+01   .0000E+00  -.1000E+01   .0000E+00      -1   -.100E+01   25.00   .1025E-06   .2047E-06   .8965E-03   .1018E-06   .2033E-06   .6174E-03
  21   -20.00        .000  .5000    .1000E+01   .0000E+00  -.1000E+01   .0000E+00      -1   -.100E+01   25.00   .1025E-06   .2047E-06   .8965E-03   .1018E-06   .2033E-06   .6174E-03
end


 Time:       25.0000


 Node    Depth      Head Moisture       K          C         Flux        Sink         Kappa   v/KsTop   Temp
         [L]       [L]     [-]        [L/T]      [1/L]      [L/T]        [1/T]         [-]      [-]      [C]

   1      .00        .000  .5000    .1000E+01   .0000E+00  -.1000E+01   .0000E+00      -1   -.100E+01   25.00   .1027E-06   .2051E-06   .9790E-03   .1026E-06   .2045E-06   .8548E-03
   2    -1.00        .000  .5000    .1000E+01   .0000E+00  -.1000E+01   .0000E+00      -1   -.100E+01   25.00   .1026E-06   .2051E-06   .9763E-03   .1023E-06   .2044E-06   .8469E-03
   3    -2.00        .000  .5000    .1000E+01   .0000E+00  -.1000E+01   .0000E+00      -1   -.100E+01   25.00   .1026E-06   .2051E-06   .9736E-03   .1023E-06   .2044E-06   .8389E-03
   4    -3.00        .000  .5000    .1000E+01   .0000E+00  -.1000E+01   .0000E+00      -1   -.100E+01   25.00   .1026E-06   .2050E-06   .9708E-03   .1023E-06   .2044E-06   .8309E-03
   5    -4.00        .000  .5000    .1000E+01   .0000E+00  -.1000E+01   .0000E+00      -1   -.100E+01   25.00   .1026E-06   .2050E-06   .9680E-03   .1023E-06   .2043E-06   .8229E-03
   6    -5.00        .000  .5000    .1000E+01   .0000E+00  -.1000E+01   .0000E+00      -1   -.100E+01   25.00   .1026E-06   .2050E-06   .9651E-03   .1023E-06   .2043E-06   .8149E-03
   7    -6.00        .000  .5000    .1000E+01   .0000E+00  -.1000E+01   .0000E+00      -1   -.100E+01   25.00   .1026E-06   .2050E-06   .9622E-03   .1022E-06   .2043E-06   .8070E-03
   8    -7.00        .000  .5000    .1000E+01   .0000E+00  -.1000E+01   .0000E+00      -1   -.100E+01   25.00   .1026E-06   .2050E-06   .9593E-03   .1022E-06   .2042E-06   .7992E-03
   9    -8.00        .000  .5000    .1000E+01   .0000E+00  -.1000E+01   .0000E+00      -1   -.100E+01   25.00   .1026E-06   .2050E-06   .9564E-03   .1022E-06   .2042E-06   .7916E-03
  10    -9.00        .000  .5000    .1000E+01   .0000E+00  -.1000E+01   .0000E+00      -1   -.100E+01   25.00   .1026E-06   .2050E-06   .9536E-03   .1022E-06   .2041E-06   .7841E-03
  11   -10.00        .000  .5000    .1000E+01   .0000E+00  -.1000E+01   .0000E+00      -1   -.100E+01   25.00   .1026E-06   .2049E-06   .9508E-03   .1022E-06   .2041E-06   .7769E-03
  12   -11.00        .000  .5000    .1000E+01   .0000E+00  -.1000E+01   .0000E+00      -1   -.100E+01   25.00   .1026E-06   .2049E-06   .9482E-03   .1022E-06   .2041E-06   .7701E-03
  13   -12.00        .000  .5000    .1000E+01   .0000E+00  -.1000E+01   .0000E+00      -1   -.100E+01   25.00   .1026E-06   .2049E-06   .9456E-03   .1021E-06   .2040E-06   .7636E-03
  14   -13.00        .000  .5000    .1000E+01   .0000E+00  -.1000E+01   .0000E+00      -1   -.100E+01   25.00   .1026E-06   .2049E-06   .9432E-03   .1021E-06   .2040E-06   .7575E-03
  15   -14.00        .000  .5000    .1000E+01   .0000E+00  -.1000E+01   .0000E+00      -1   -.100E+01   25.00   .1026E-06   .2049E-06   .9411E-03   .1021E-06   .2040E-06   .7520E-03
  16   -15.00        .000  .5000    .1000E+01   .0000E+00  -.1000E+01   .0000E+00      -1   -.100E+01   25.00   .1026E-06   .2049E-06   .9391E-03   .1021E-06   .2040E-06   .7471E-03
  17   -16.00        .000  .5000    .1000E+01   .0000E+00  -.1000E+01   .0000E+00      -1   -.100E+01   25.00   .1026E-06   .2049E-06   .9374E-03   .1021E-06   .2039E-06   .7430E-03
  18   -17.00        .000  .5000    .1000E+01   .0000E+00  -.1000E+01   .0000E+00      -1   -.100E+01   25.00   .1025E-06   .2049E-06   .9361E-03   .1021E-06   .2039E-06   .7397E-03
  19   -18.00        .000  .5000    .1000E+01   .0000E+00  -.1000E+01   .0000E+00      -1   -.100E+01   25.00   .1025E-06   .2049E-06   .9352E-03   .1021E-06   .2039E-06   .7373E-03
  20   -19.00        .000  .5000    .1000E+01   .0000E+00  -.1000E+01   .0000E+00      -1   -.100E+01   25.00   .1025E-06   .2049E-06   .9347E-03   .1021E-06   .2039E-06   .7361E-03
  21   -20.00        .000  .5000    .1000E+01   .0000E+00  -.1000E+01   .0000E+00      -1   -.100E+01   25.00   .1025E-06   .2049E-06   .9347E-03   .1021E-06   .2039E-06   .7361E-03
end


 Time:       30.0000


 Node    Depth      Head Moisture       K          C         Flux        Sink         Kappa   v/KsTop   Temp
         [L]       [L]     [-]        [L/T]      [1/L]      [L/T]        [1/T]         [-]      [-]      [C]

   1      .00        .000  .5000    .1000E+01   .0000E+00  -.1000E+01   .0000E+00      -1   -.100E+01   25.00   .1027E-06   .2051E-06   .9864E-03   .1026E-06   .2047E-06   .9054E-03
   2    -1.00        .000  .5000    .1000E+01   .0000E+00  -.1000E+01   .0000E+00      -1   -.100E+01   25.00   .1027E-06   .2051E-06   .9847E-03   .1025E-06   .2047E-06   .8997E-03
   3    -2.00        .000  .5000    .1000E+01   .0000E+00  -.1000E+01   .0000E+00      -1   -.100E+01   25.00   .1027E-06   .2051E-06   .9829E-03   .1025E-06   .2047E-06   .8940E-03
   4    -3.00        .000  .5000    .1000E+01   .0000E+00  -.1000E+01   .0000E+00      -1   -.100E+01   25.00   .1027E-06   .2051E-06   .9811E-03   .1024E-06   .2046E-06   .8883E-03
   5    -4.00        .000  .5000    .1000E+01   .0000E+00  -.1000E+01   .0000E+00      -1   -.100E+01   25.00   .1027E-06   .2051E-06   .9792E-03   .1024E-06   .2046E-06   .8826E-03
   6    -5.00        .000  .5000    .1000E+01   .0000E+00  -.1000E+01   .0000E+00      -1   -.100E+01   25.00   .1026E-06   .2051E-06   .9774E-03   .1024E-06   .2046E-06   .8768E-03
   7    -6.00        .000  .5000    .1000E+01   .0000E+00  -.1000E+01   .0000E+00      -1   -.100E+01   25.00   .1026E-06   .2051E-06   .9755E-03   .1024E-06   .2046E-06   .8711E-03
   8    -7.00        .000  .5000    .1000E+01   .0000E+00  -.1000E+01   .0000E+00      -1   -.100E+01   25.00   .1026E-06   .2051E-06   .9736E-03   .1024E-06   .2045E-06   .8655E-03
   9    -8.00        .000  .5000    .1000E+01   .0000E+00  -.1000E+01   .0000E+00      -1   -.100E+01   25.00   .1026E-06   .2051E-06   .9717E-03   .1024E-06   .2045E-06   .8599E-03
  10    -9.00        .000  .5000    .1000E+01   .0000E+00  -.1000E+01   .0000E+00      -1   -.100E+01   25.00   .1026E-06   .2050E-06   .9699E-03   .1024E-06   .2045E-06   .8545E-03
  11   -10.00        .000  .5000    .1000E+01   .0000E+00  -.1000E+01   .0000E+00      -1   -.100E+01   25.00   .1026E-06   .2050E-06   .9681E-03   .1023E-06   .2045E-06   .8493E-03
  12   -11.00        .000  .5000    .1000E+01   .0000E+00  -.1000E+01   .0000E+00      -1   -.100E+01   25.00   .1026E-06   .2050E-06   .9663E-03   .1023E-06   .2044E-06   .8443E-03
  13   -12.00        .000  .5000    .1000E+01   .0000E+00  -.1000E+01   .0000E+00      -1   -.100E+01   25.00   .1026E-06   .2050E-06   .9647E-03   .1023E-06   .2044E-06   .8395E-03
  14   -13.00        .000  .5000    .1000E+01   .0000E+00  -.1000E+01   .0000E+00      -1   -.100E+01   25.00   .1026E-06   .2050E-06   .9631E-03   .1023E-06   .2044E-06   .8351E-03
  15   -14.00        .000  .5000    .1000E+01   .0000E+00  -.1000E+01   .0000E+00      -1   -.100E+01   25.00   .1026E-06   .2050E-06   .9617E-03   .1023E-06   .2044E-06   .8311E-03
  16   -15.00        .000  .5000    .1000E+01   .0000E+00  -.1000E+01   .0000E+00      -1   -.100E+01   25.00   .1026E-06   .2050E-06   .9604E-03   .1023E-06   .2044E-06   .8275E-03
  17   -16.00        .000  .5000    .1000E+01   .0000E+00  -.1000E+01   .0000E+00      -1   -.100E+01   25.00   .1026E-06   .2050E-06   .9593E-03   .1023E-06   .2043E-06   .8245E-03
  18   -17.00        .000  .5000    .1000E+01   .0000E+00  -.1000E+01   .0000E+00      -1   -.100E+01   25.00   .1026E-06   .2050E-06   .9584E-03   .1023E-06   .2043E-06   .8221E-03
  19   -18.00        .000  .5000    .1000E+01   .0000E+00  -.1000E+01   .0000E+00      -1   -.100E+01   25.00   .1026E-06   .2050E-06   .9578E-03   .1023E-06   .2043E-06   .8203E-03
  20   -19.00        .000  .5000    .1000E+01   .0000E+00  -.1000E+01   .0000E+00      -1   -.100E+01   25.00   .1026E-06   .2050E-06   .9575E-03   .1023E-06   .2043E-06   .8194E-03
  21   -20.00        .000  .5000    .1000E+01   .0000E+00  -.1000E+01   .0000E+00      -1   -.100E+01   25.00   .1026E-06   .2050E-06   .9575E-03   .1023E-06   .2043E-06   .8194E-03
end


 Time:       35.0000


 Node    Depth      Head Moisture       K          C         Flux        Sink         Kappa   v/KsTop   Temp
         [L]       [L]     [-]        [L/T]      [1/L]      [L/T]        [1/T]         [-]      [-]      [C]

   1      .00        .000  .5000    .1000E+01   .0000E+00  -.1000E+01   .0000E+00      -1   -.100E+01   25.00   .1027E-06   .2051E-06   .9911E-03   .1026E-06   .2049E-06   .9383E-03
   2    -1.00        .000  .5000    .1000E+01   .0000E+00  -.1000E+01   .0000E+00      -1   -.100E+01   25.00   .1027E-06   .2051E-06   .9899E-03   .1025E-06   .2049E-06   .9343E-03
   3    -2.00        .000  .5000    .1000E+01   .0000E+00  -.1000E+01   .0000E+00      -1   -.100E+01   25.00   .1027E-06   .2051E-06   .9888E-03   .1025E-06   .2049E-06   .9303E-03
   4    -3.00        .000  .5000    .1000E+01   .0000E+00  -.1000E+01   .0000E+00      -1   -.100E+01   25.00   .1027E-06   .2051E-06   .9876E-03   .1025E-06   .2048E-06   .9263E-03
   5    -4.00        .000  .5000    .1000E+01   .0000E+00  -.1000E+01   .0000E+00      -1   -.100E+01   25.00   .1027E-06   .2051E-06   .9863E-03   .1025E-06   .2048E-06   .9222E-03
   6    -5.00        .000  .5000    .1000E+01   .0000E+00  -.1000E+01   .0000E+00      -1   -.100E+01   25.00   .1027E-06   .2051E-06   .9851E-03   .1025E-06   .2048E-06   .9181E-03
   7    -6.00        .000  .5000    .1000E+01   .0000E+00  -.1000E+01   .0000E+00      -1   -.100E+01   25.00   .1027E-06   .2051E-06   .9839E-03   .1025E-06   .2048E-06   .9141E-03
   8    -7.00        .000  .5000    .1000E+01   .0000E+00  -.1000E+01   .0000E+00      -1   -.100E+01   25.00   .1027E-06   .2051E-06   .9826E-03   .1025E-06   .2048E-06   .9101E-03
   9    -8.00        .000  .5000    .1000E+01   .0000E+00  -.1000E+01   .0000E+00      -1   -.100E+01   25.00   .1027E-06   .2051E-06   .9814E-03   .1025E-06   .2047E-06   .9061E-03
  10    -9.00        .000  .5000    .1000E+01   .0000E+00  -.1000E+01   .0000E+00      -1   -.100E+01   25.00   .1027E-06   .2051E-06   .9801E-03   .1025E-06   .2047E-06   .9022E-03
  11   -10.00        .000  .5000    .1000E+01   .0000E+00  -.1000E+01   .0000E+00      -1   -.100E+01   25.00   .1026E-06   .2051E-06   .9789E-03   .1025E-06   .2047E-06   .8985E-03
  12   -11.00        .000  .5000    .1000E+01   .0000E+00  -.1000E+01   .0000E+00      -1   -.100E+01   25.00   .1026E-06   .2051E-06   .9778E-03   .1025E-06   .2047E-06   .8949E-03
  13   -12.00        .000  .5000    .1000E+01   .0000E+00  -.1000E+01   .0000E+00      -1   -.100E+01   25.00   .1026E-06   .2051E-06   .9767E-03   .1024E-06   .2047E-06   .8915E-03
  14   -13.00        .000  .5000    .1000E+01   .0000E+00  -.1000E+01   .0000E+00      -1   -.100E+01   25.00   .1026E-06   .2051E-06   .9756E-03   .1024E-06   .2046E-06   .8883E-03
  15   -14.00        .000  .5000    .1000E+01   .0000E+00  -.1000E+01   .0000E+00      -1   -.100E+01   25.00   .1026E-06   .2051E-06   .9747E-03   .1024E-06   .2046E-06   .8854E-03
  16   -15.00        .000  .5000    .1000E+01   .0000E+00  -.1000E+01   .0000E+00      -1   -.100E+01   25.00   .1026E-06   .2051E-06   .9738E-03   .1024E-06   .2046E-06   .8829E-03
  17   -16.00        .000  .5000    .1000E+01   .0000E+00  -.1000E+01   .0000E+00      -1   -.100E+01   25.00   .1026E-06   .2051E-06   .9731E-03   .1024E-06   .2046E-06   .8807E-03
  18   -17.00        .000  .5000    .1000E+01   .0000E+00  -.1000E+01   .0000E+00      -1   -.100E+01   25.00   .1026E-06   .2051E-06   .9725E-03   .1024E-06   .2046E-06   .8789E-03
  19   -18.00        .000  .5000    .1000E+01   .0000E+00  -.1000E+01   .0000E+00      -1   -.100E+01   25.00   .1026E-06   .2051E-06   .9721E-03   .1024E-06   .2046E-06   .8777E-03
  20   -19.00        .000  .5000    .1000E+01   .0000E+00  -.1000E+01   .0000E+00      -1   -.100E+01   25.00   .1026E-06   .2051E-06   .9719E-03   .1024E-06   .2046E-06   .8770E-03
  21   -20.00        .000  .5000    .1000E+01   .0000E+00  -.1000E+01   .0000E+00      -1   -.100E+01   25.00   .1026E-06   .2051E-06   .9719E-03   .1024E-06   .2046E-06   .8770E-03
end


 Time:       40.0000


 Node    Depth      Head Moisture       K          C         Flux        Sink         Kappa   v/KsTop   Temp
         [L]       [L]     [-]        [L/T]      [1/L]      [L/T]        [1/T]         [-]      [-]      [C]

   1      .00        .000  .5000    .1000E+01   .0000E+00  -.1000E+01   .0000E+00      -1   -.100E+01   25.00   .1050E-06   .2097E-06   .9941E-03   .1028E-06   .2052E-06   .9598E-03
   2    -1.00        .000  .5000    .1000E+01   .0000E+00  -.1000E+01   .0000E+00      -1   -.100E+01   25.00   .1057E-06   .2113E-06   .9933E-03   .1027E-06   .2052E-06   .9570E-03
   3    -2.00        .000  .5000    .1000E+01   .0000E+00  -.1000E+01   .0000E+00      -1   -.100E+01   25.00   .1035E-06   .2069E-06   .9926E-03   .1027E-06   .2051E-06   .9542E-03
   4    -3.00        .000  .5000    .1000E+01   .0000E+00  -.1000E+01   .0000E+00      -1   -.100E+01   25.00   .1034E-06   .2067E-06   .9918E-03   .1027E-06   .2051E-06   .9513E-03
   5    -4.00        .000  .5000    .1000E+01   .0000E+00  -.1000E+01   .0000E+00      -1   -.100E+01   25.00   .1033E-06   .2065E-06   .9909E-03   .1026E-06   .2050E-06   .9485E-03
   6    -5.00        .000  .5000    .1000E+01   .0000E+00  -.1000E+01   .0000E+00      -1   -.100E+01   25.00   .1033E-06   .2063E-06   .9901E-03   .1026E-06   .2050E-06   .9456E-03
   7    -6.00        .000  .5000    .1000E+01   .0000E+00  -.1000E+01   .0000E+00      -1   -.100E+01   25.00   .1032E-06   .2061E-06   .9893E-03   .1026E-06   .2050E-06   .9428E-03
   8    -7.00        .000  .5000    .1000E+01   .0000E+00  -.1000E+01   .0000E+00      -1   -.100E+01   25.00   .1031E-06   .2060E-06   .9885E-03   .1026E-06   .2050E-06   .9399E-03
   9    -8.00        .000  .5000    .1000E+01   .0000E+00  -.1000E+01   .0000E+00      -1   -.100E+01   25.00   .1030E-06   .2059E-06   .9876E-03   .1026E-06   .2049E-06   .9371E-03
  10    -9.00        .000  .5000    .1000E+01   .0000E+00  -.1000E+01   .0000E+00      -1   -.100E+01   25.00   .1030E-06   .2057E-06   .9868E-03   .1026E-06   .2049E-06   .9344E-03
  11   -10.00        .000  .5000    .1000E+01   .0000E+00  -.1000E+01   .0000E+00      -1   -.100E+01   25.00   .1029E-06   .2056E-06   .9860E-03   .1026E-06   .2049E-06   .9318E-03
  12   -11.00        .000  .5000    .1000E+01   .0000E+00  -.1000E+01   .0000E+00      -1   -.100E+01   25.00   .1029E-06   .2055E-06   .9852E-03   .1025E-06   .2049E-06   .9292E-03
  13   -12.00        .000  .5000    .1000E+01   .0000E+00  -.1000E+01   .0000E+00      -1   -.100E+01   25.00   .1028E-06   .2055E-06   .9845E-03   .1025E-06   .2048E-06   .9268E-03
  14   -13.00        .000  .5000    .1000E+01   .0000E+00  -.1000E+01   .0000E+00      -1   -.100E+01   25.00   .1028E-06   .2054E-06   .9838E-03   .1025E-06   .2048E-06   .9245E-03
  15   -14.00        .000  .5000    .1000E+01   .0000E+00  -.1000E+01   .0000E+00      -1   -.100E+01   25.00   .1028E-06   .2053E-06   .9832E-03   .1025E-06   .2048E-06   .9225E-03
  16   -15.00        .000  .5000    .1000E+01   .0000E+00  -.1000E+01   .0000E+00      -1   -.100E+01   25.00   .1027E-06   .2053E-06   .9826E-03   .1025E-06   .2048E-06   .9206E-03
  17   -16.00        .000  .5000    .1000E+01   .0000E+00  -.1000E+01   .0000E+00      -1   -.100E+01   25.00   .1027E-06   .2052E-06   .9821E-03   .1025E-06   .2048E-06   .9191E-03
  18   -17.00        .000  .5000    .1000E+01   .0000E+00  -.1000E+01   .0000E+00      -1   -.100E+01   25.00   .1027E-06   .2052E-06   .9817E-03   .1025E-06   .2048E-06   .9178E-03
  19   -18.00        .000  .5000    .1000E+01   .0000E+00  -.1000E+01   .0000E+00      -1   -.100E+01   25.00   .1027E-06   .2052E-06   .9815E-03   .1025E-06   .2048E-06   .9170E-03
  20   -19.00        .000  .5000    .1000E+01   .0000E+00  -.1000E+01   .0000E+00      -1   -.100E+01   25.00   .1027E-06   .2052E-06   .9813E-03   .1025E-06   .2048E-06   .9165E-03
  21   -20.00        .000  .5000    .1000E+01   .0000E+00  -.1000E+01   .0000E+00      -1   -.100E+01   25.00   .1027E-06   .2052E-06   .9813E-03   .1025E-06   .2048E-06   .9165E-03
end


 Time:       45.0000


 Node    Depth      Head Moisture       K          C         Flux        Sink         Kappa   v/KsTop   Temp
         [L]       [L]     [-]        [L/T]      [1/L]      [L/T]        [1/T]         [-]      [-]      [C]

   1      .00        .000  .5000    .1000E+01   .0000E+00  -.1000E+01   .0000E+00      -1   -.100E+01   25.00   .1119E-06   .2237E-06   .9961E-03   .1047E-06   .2091E-06   .9737E-03
   2    -1.00        .000  .5000    .1000E+01   .0000E+00  -.1000E+01   .0000E+00      -1   -.100E+01   25.00   .1129E-06   .2256E-06   .9956E-03   .1048E-06   .2095E-06   .9718E-03
   3    -2.00        .000  .5000    .1000E+01   .0000E+00  -.1000E+01   .0000E+00      -1   -.100E+01   25.00   .1134E-06   .2267E-06   .9951E-03   .1049E-06   .2096E-06   .9698E-03
   4    -3.00        .000  .5000    .1000E+01   .0000E+00  -.1000E+01   .0000E+00      -1   -.100E+01   25.00   .1138E-06   .2274E-06   .9945E-03   .1048E-06   .2094E-06   .9679E-03
   5    -4.00        .000  .5000    .1000E+01   .0000E+00  -.1000E+01   .0000E+00      -1   -.100E+01   25.00   .1137E-06   .2273E-06   .9940E-03   .1047E-06   .2092E-06   .9659E-03
   6    -5.00        .000  .5000    .1000E+01   .0000E+00  -.1000E+01   .0000E+00      -1   -.100E+01   25.00   .1138E-06   .2274E-06   .9934E-03   .1045E-06   .2088E-06   .9639E-03
   7    -6.00        .000  .5000    .1000E+01   .0000E+00  -.1000E+01   .0000E+00      -1   -.100E+01   25.00   .1115E-06   .2228E-06   .9929E-03   .1043E-06   .2084E-06   .9619E-03
   8    -7.00        .000  .5000    .1000E+01   .0000E+00  -.1000E+01   .0000E+00      -1   -.100E+01   25.00   .1110E-06   .2217E-06   .9923E-03   .1041E-06   .2081E-06   .9599E-03
   9    -8.00        .000  .5000    .1000E+01   .0000E+00  -.1000E+01   .0000E+00      -1   -.100E+01   25.00   .1103E-06   .2205E-06   .9918E-03   .1040E-06   .2078E-06   .9579E-03
  10    -9.00        .000  .5000    .1000E+01   .0000E+00  -.1000E+01   .0000E+00      -1   -.100E+01   25.00   .1097E-06   .2192E-06   .9912E-03   .1038E-06   .2075E-06   .9560E-03
  11   -10.00        .000  .5000    .1000E+01   .0000E+00  -.1000E+01   .0000E+00      -1   -.100E+01   25.00   .1091E-06   .2181E-06   .9907E-03   .1037E-06   .2072E-06   .9542E-03
  12   -11.00        .000  .5000    .1000E+01   .0000E+00  -.1000E+01   .0000E+00      -1   -.100E+01   25.00   .1086E-06   .2170E-06   .9902E-03   .1036E-06   .2070E-06   .9524E-03
  13   -12.00        .000  .5000    .1000E+01   .0000E+00  -.1000E+01   .0000E+00      -1   -.100E+01   25.00   .1081E-06   .2160E-06   .9897E-03   .1035E-06   .2068E-06   .9507E-03
  14   -13.00        .000  .5000    .1000E+01   .0000E+00  -.1000E+01   .0000E+00      -1   -.100E+01   25.00   .1077E-06   .2152E-06   .9892E-03   .1034E-06   .2066E-06   .9491E-03
  15   -14.00        .000  .5000    .1000E+01   .0000E+00  -.1000E+01   .0000E+00      -1   -.100E+01   25.00   .1073E-06   .2144E-06   .9888E-03   .1033E-06   .2064E-06   .9476E-03
  16   -15.00        .000  .5000    .1000E+01   .0000E+00  -.1000E+01   .0000E+00      -1   -.100E+01   25.00   .1070E-06   .2138E-06   .9884E-03   .1032E-06   .2063E-06   .9463E-03
  17   -16.00        .000  .5000    .1000E+01   .0000E+00  -.1000E+01   .0000E+00      -1   -.100E+01   25.00   .1067E-06   .2133E-06   .9881E-03   .1032E-06   .2062E-06   .9452E-03
  18   -17.00        .000  .5000    .1000E+01   .0000E+00  -.1000E+01   .0000E+00      -1   -.100E+01   25.00   .1065E-06   .2129E-06   .9878E-03   .1031E-06   .2061E-06   .9444E-03
  19   -18.00        .000  .5000    .1000E+01   .0000E+00  -.1000E+01   .0000E+00      -1   -.100E+01   25.00   .1064E-06   .2126E-06   .9876E-03   .1031E-06   .2060E-06   .9437E-03
  20   -19.00        .000  .5000    .1000E+01   .0000E+00  -.1000E+01   .0000E+00      -1   -.100E+01   25.00   .1063E-06   .2124E-06   .9875E-03   .1031E-06   .2060E-06   .9434E-03
  21   -20.00        .000  .5000    .1000E+01   .0000E+00  -.1000E+01   .0000E+00      -1   -.100E+01   25.00   .1063E-06   .2124E-06   .9875E-03   .1031E-06   .2060E-06   .9434E-03
end


 Time:       50.0000


 Node    Depth      Head Moisture       K          C         Flux        Sink         Kappa   v/KsTop   Temp
         [L]       [L]     [-]        [L/T]      [1/L]      [L/T]        [1/T]         [-]      [-]      [C]

   1      .00        .000  .5000    .1000E+01   .0000E+00  -.1000E+01   .0000E+00      -1   -.100E+01   25.00   .1181E-06   .2361E-06   .9974E-03   .1085E-06   .2167E-06   .9828E-03
   2    -1.00        .000  .5000    .1000E+01   .0000E+00  -.1000E+01   .0000E+00      -1   -.100E+01   25.00   .1199E-06   .2395E-06   .9970E-03   .1091E-06   .2179E-06   .9815E-03
   3    -2.00        .000  .5000    .1000E+01   .0000E+00  -.1000E+01   .0000E+00      -1   -.100E+01   25.00   .1214E-06   .2426E-06   .9967E-03   .1096E-06   .2189E-06   .9801E-03
   4    -3.00        .000  .5000    .1000E+01   .0000E+00  -.1000E+01   .0000E+00      -1   -.100E+01   25.00   .1227E-06   .2453E-06   .9964E-03   .1099E-06   .2195E-06   .9788E-03
   5    -4.00        .000  .5000    .1000E+01   .0000E+00  -.1000E+01   .0000E+00      -1   -.100E+01   25.00   .1239E-06   .2476E-06   .9960E-03   .1100E-06   .2199E-06   .9774E-03
   6    -5.00        .000  .5000    .1000E+01   .0000E+00  -.1000E+01   .0000E+00      -1   -.100E+01   25.00   .1249E-06   .2495E-06   .9956E-03   .1101E-06   .2200E-06   .9760E-03
   7    -6.00        .000  .5000    .1000E+01   .0000E+00  -.1000E+01   .0000E+00      -1   -.100E+01   25.00   .1256E-06   .2510E-06   .9952E-03   .1100E-06   .2198E-06   .9746E-03
   8    -7.00        .000  .5000    .1000E+01   .0000E+00  -.1000E+01   .0000E+00      -1   -.100E+01   25.00   .1262E-06   .2521E-06   .9949E-03   .1098E-06   .2194E-06   .9732E-03
   9    -8.00        .000  .5000    .1000E+01   .0000E+00  -.1000E+01   .0000E+00      -1   -.100E+01   25.00   .1262E-06   .2522E-06   .9945E-03   .1096E-06   .2189E-06   .9719E-03
  10    -9.00        .000  .5000    .1000E+01   .0000E+00  -.1000E+01   .0000E+00      -1   -.100E+01   25.00   .1265E-06   .2529E-06   .9941E-03   .1093E-06   .2183E-06   .9705E-03
  11   -10.00        .000  .5000    .1000E+01   .0000E+00  -.1000E+01   .0000E+00      -1   -.100E+01   25.00   .1255E-06   .2509E-06   .9938E-03   .1089E-06   .2176E-06   .9692E-03
  12   -11.00        .000  .5000    .1000E+01   .0000E+00  -.1000E+01   .0000E+00      -1   -.100E+01   25.00   .1258E-06   .2515E-06   .9934E-03   .1085E-06   .2168E-06   .9680E-03
  13   -12.00        .000  .5000    .1000E+01   .0000E+00  -.1000E+01   .0000E+00      -1   -.100E+01   25.00   .1252E-06   .2502E-06   .9931E-03   .1081E-06   .2161E-06   .9668E-03
  14   -13.00        .000  .5000    .1000E+01   .0000E+00  -.1000E+01   .0000E+00      -1   -.100E+01   25.00   .1222E-06   .2442E-06   .9928E-03   .1078E-06   .2154E-06   .9657E-03
  15   -14.00        .000  .5000    .1000E+01   .0000E+00  -.1000E+01   .0000E+00      -1   -.100E+01   25.00   .1214E-06   .2426E-06   .9925E-03   .1075E-06   .2148E-06   .9647E-03
  16   -15.00        .000  .5000    .1000E+01   .0000E+00  -.1000E+01   .0000E+00      -1   -.100E+01   25.00   .1207E-06   .2411E-06   .9922E-03   .1073E-06   .2143E-06   .9638E-03
  17   -16.00        .000  .5000    .1000E+01   .0000E+00  -.1000E+01   .0000E+00      -1   -.100E+01   25.00   .1200E-06   .2398E-06   .9920E-03   .1070E-06   .2139E-06   .9630E-03
  18   -17.00        .000  .5000    .1000E+01   .0000E+00  -.1000E+01   .0000E+00      -1   -.100E+01   25.00   .1195E-06   .2387E-06   .9918E-03   .1069E-06   .2135E-06   .9624E-03
  19   -18.00        .000  .5000    .1000E+01   .0000E+00  -.1000E+01   .0000E+00      -1   -.100E+01   25.00   .1191E-06   .2380E-06   .9917E-03   .1068E-06   .2133E-06   .9619E-03
  20   -19.00        .000  .5000    .1000E+01   .0000E+00  -.1000E+01   .0000E+00      -1   -.100E+01   25.00   .1189E-06   .2376E-06   .9916E-03   .1067E-06   .2132E-06   .9617E-03
  21   -20.00        .000  .5000    .1000E+01   .0000E+00  -.1000E+01   .0000E+00      -1   -.100E+01   25.00   .1189E-06   .2376E-06   .9916E-03   .1067E-06   .2132E-06   .9617E-03
end
