 ******* Program HYDRUS
 ******* Infiltration and drainage in a large caisson                           
  
 Date:   1.10.    Time:  14: 1:28
 Units: L = cm   , T = hours, M = mmol 


  TLevel   Time         dt      Iter  ItCum  KodT  KodB  Convergency

     1  .10000E-01  .10000E-01    3     3    -1    -5     T
     2  .22998E-01  .12998E-01    3     6    -1    -5     T
     3  .39898E-01  .16899E-01    3     9    -1    -5     T
     4  .61867E-01  .21970E-01    3    12    -1    -5     T
     5  .90436E-01  .28569E-01    3    15    -1    -5     T
     6  .12758E+00  .37139E-01    3    18    -1    -5     T
     7  .17583E+00  .48258E-01    3    21    -1    -5     T
     8  .23860E+00  .62761E-01    3    24    -1    -5     T
     9  .32010E+00  .81504E-01    3    27    -1    -5     T
    10  .42605E+00  .10596E+00    3    30    -1    -5     T
    11  .56395E+00  .13790E+00    3    33    -1    -5     T
    12  .74295E+00  .17900E+00    3    36    -1    -5     T
    13  .97575E+00  .23279E+00    3    39    -1    -5     T
    14  .12791E+01  .30338E+00    3    42    -1    -5     T
    15  .16717E+01  .39261E+00    3    45    -1    -5     T
    16  .21808E+01  .50910E+00    3    48    -1    -5     T
    17  .28449E+01  .66405E+00    4    52    -1    -5     T
    18  .35089E+01  .66405E+00    3    55    -1    -5     T
    19  .43813E+01  .87237E+00    4    59    -1    -5     T
    20  .52537E+01  .87237E+00    3    62    -1    -5     T
    21  .63786E+01  .11249E+01    3    65    -1    -5     T
    22  .78651E+01  .14865E+01    3    68    -1    -5     T
    23  .97763E+01  .19112E+01    4    72    -1    -5     T
    24  .11687E+02  .19112E+01    5    77    -1    -5     T
    25  .13599E+02  .19112E+01    4    81    -1    -5     T
    26  .15510E+02  .19112E+01    4    85    -1    -5     T
    27  .17421E+02  .19112E+01    3    88    -1    -5     T
    28  .19421E+02  .20000E+01    3    91    -1    -5     T
    29  .21421E+02  .20000E+01    3    94    -1    -5     T
    30  .23421E+02  .20000E+01    3    97    -1    -5     T
    31  .25421E+02  .20000E+01    3   100    -1    -5     T
    32  .27421E+02  .20000E+01    4   104    -1    -5     T
    33  .29421E+02  .20000E+01    3   107    -1    -5     T
    34  .31421E+02  .20000E+01    3   110    -1    -5     T
    35  .33421E+02  .20000E+01    3   113    -1    -5     T
    36  .35421E+02  .20000E+01    3   116    -1    -5     T
    37  .37421E+02  .20000E+01    3   119    -1    -5     T
    38  .39421E+02  .20000E+01    3   122    -1    -5     T
    39  .41421E+02  .20000E+01    3   125    -1    -5     T
    40  .43421E+02  .20000E+01    3   128    -1    -5     T
    41  .45421E+02  .20000E+01    3   131    -1    -5     T
    42  .46711E+02  .12895E+01    3   134    -1    -5     T
    43  .48000E+02  .12895E+01    3   137    -1    -5     T
    44  .50000E+02  .20000E+01    3   140    -1    -5     T
    45  .52000E+02  .20000E+01    3   143    -1    -5     T
    46  .54000E+02  .20000E+01    3   146    -1    -5     T
    47  .56000E+02  .20000E+01    3   149    -1    -5     T
    48  .58000E+02  .20000E+01    3   152    -1    -5     T
    49  .60000E+02  .20000E+01    3   155    -1    -5     T
    50  .62000E+02  .20000E+01    3   158    -1    -5     T
    51  .64000E+02  .20000E+01    3   161    -1    -5     T
    52  .66000E+02  .20000E+01    3   164    -1    -5     T
    53  .68000E+02  .20000E+01    3   167    -1    -5     T
    54  .70000E+02  .20000E+01    3   170    -1    -5     T
    55  .72000E+02  .20000E+01    3   173    -1    -5     T
    56  .74000E+02  .20000E+01    3   176    -1    -5     T
    57  .76000E+02  .20000E+01    3   179    -1    -5     T
    58  .78000E+02  .20000E+01    3   182    -1    -5     T
    59  .80000E+02  .20000E+01    3   185    -1    -5     T
    60  .82000E+02  .20000E+01    3   188    -1    -5     T
    61  .84000E+02  .20000E+01    3   191    -1    -5     T
    62  .86000E+02  .20000E+01    3   194    -1    -5     T
    63  .88000E+02  .20000E+01    3   197    -1    -5     T
    64  .90000E+02  .20000E+01    3   200    -1    -5     T
    65  .92000E+02  .20000E+01    3   203    -1    -5     T
    66  .94000E+02  .20000E+01    3   206    -1    -5     T
    67  .96000E+02  .20000E+01    3   209    -1    -5     T
    68  .98000E+02  .20000E+01    3   212    -1    -5     T
    69  .10000E+03  .20000E+01    3   215    -1    -5     T
    70  .10200E+03  .20000E+01    3   218    -1    -5     T
    71  .10400E+03  .20000E+01    3   221    -1    -5     T
    72  .10600E+03  .20000E+01    3   224    -1    -5     T
    73  .10800E+03  .20000E+01    3   227    -1    -5     T
    74  .11000E+03  .20000E+01    3   230    -1    -5     T
    75  .11200E+03  .20000E+01    3   233    -1    -5     T
    76  .11400E+03  .20000E+01    3   236    -1    -5     T
    77  .11600E+03  .20000E+01    3   239    -1    -5     T
    78  .11800E+03  .20000E+01    3   242    -1    -5     T
    79  .12000E+03  .20000E+01    3   245    -1    -5     T
    80  .12200E+03  .20000E+01    3   248    -1    -5     T
    81  .12400E+03  .20000E+01    3   251    -1    -5     T
    82  .12600E+03  .20000E+01    3   254    -1    -5     T
    83  .12800E+03  .20000E+01    3   257    -1    -5     T
    84  .13000E+03  .20000E+01    3   260    -1    -5     T
    85  .13200E+03  .20000E+01    3   263    -1    -5     T
    86  .13400E+03  .20000E+01    3   266    -1    -5     T
    87  .13600E+03  .20000E+01    3   269    -1    -5     T
    88  .13800E+03  .20000E+01    3   272    -1    -5     T
    89  .14000E+03  .20000E+01    3   275    -1    -5     T
    90  .14200E+03  .20000E+01    3   278    -1    -5     T
    91  .14400E+03  .20000E+01    3   281    -1    -5     T
    92  .14600E+03  .20000E+01    3   284    -1    -5     T
    93  .14800E+03  .20000E+01    3   287    -1    -5     T
    94  .15000E+03  .20000E+01    3   290    -1    -5     T
    95  .15200E+03  .20000E+01    3   293    -1    -5     T
    96  .15400E+03  .20000E+01    3   296    -1    -5     T
    97  .15600E+03  .20000E+01    3   299    -1    -5     T
    98  .15800E+03  .20000E+01    3   302    -1    -5     T
    99  .16000E+03  .20000E+01    3   305    -1    -5     T
   100  .16200E+03  .20000E+01    3   308    -1    -5     T
   101  .16400E+03  .20000E+01    3   311    -1    -5     T
   102  .16600E+03  .20000E+01    3   314    -1    -5     T
   103  .16800E+03  .20000E+01    3   317    -1    -5     T
   104  .17000E+03  .20000E+01    3   320    -1    -5     T
   105  .17200E+03  .20000E+01    3   323    -1    -5     T
   106  .17400E+03  .20000E+01    3   326    -1    -5     T
   107  .17600E+03  .20000E+01    3   329    -1    -5     T
   108  .17800E+03  .20000E+01    3   332    -1    -5     T
   109  .18000E+03  .20000E+01    3   335    -1    -5     T
   110  .18200E+03  .20000E+01    3   338    -1    -5     T
   111  .18400E+03  .20000E+01    3   341    -1    -5     T
   112  .18600E+03  .20000E+01    3   344    -1    -5     T
   113  .18800E+03  .20000E+01    3   347    -1    -5     T
   114  .19000E+03  .20000E+01    3   350    -1    -5     T
   115  .19200E+03  .20000E+01    3   353    -1    -5     T
   116  .19400E+03  .20000E+01    3   356    -1    -5     T
   117  .19600E+03  .20000E+01    3   359    -1    -5     T
   118  .19800E+03  .20000E+01    3   362    -1    -5     T
   119  .20000E+03  .20000E+01    3   365    -1    -5     T
   120  .20200E+03  .20000E+01    3   368    -1    -5     T
   121  .20400E+03  .20000E+01    3   371    -1    -5     T
   122  .20600E+03  .20000E+01    3   374    -1    -5     T
   123  .20800E+03  .20000E+01    3   377    -1    -5     T
   124  .21000E+03  .20000E+01    3   380    -1    -5     T
   125  .21200E+03  .20000E+01    3   383    -1    -5     T
   126  .21400E+03  .20000E+01    3   386    -1    -5     T
   127  .21600E+03  .20000E+01    3   389    -1    -5     T
   128  .21800E+03  .20000E+01    3   392    -1    -5     T
   129  .22000E+03  .20000E+01    3   395    -1    -5     T
   130  .22200E+03  .20000E+01    3   398    -1    -5     T
   131  .22400E+03  .20000E+01    3   401    -1    -5     T
   132  .22600E+03  .20000E+01    3   404    -1    -5     T
   133  .22800E+03  .20000E+01    3   407    -1    -5     T
   134  .23000E+03  .20000E+01    3   410    -1    -5     T
   135  .23200E+03  .20000E+01    3   413    -1    -5     T
   136  .23400E+03  .20000E+01    3   416    -1    -5     T
   137  .23600E+03  .20000E+01    3   419    -1    -5     T
   138  .23800E+03  .20000E+01    3   422    -1    -5     T
   139  .24000E+03  .20000E+01    3   425    -1    -5     T
   140  .24200E+03  .20000E+01    3   428    -1    -5     T
   141  .24400E+03  .20000E+01    3   431    -1    -5     T
   142  .24600E+03  .20000E+01    3   434    -1    -5     T
   143  .24800E+03  .20000E+01    3   437    -1    -5     T
   144  .25000E+03  .20000E+01    3   440    -1    -5     T
   145  .25200E+03  .20000E+01    3   443    -1    -5     T
   146  .25400E+03  .20000E+01    3   446    -1    -5     T
   147  .25600E+03  .20000E+01    3   449    -1    -5     T
   148  .25800E+03  .20000E+01    3   452    -1    -5     T
   149  .26000E+03  .20000E+01    3   455    -1    -5     T
   150  .26200E+03  .20000E+01    3   458    -1    -5     T
   151  .26400E+03  .20000E+01    3   461    -1    -5     T
   152  .26600E+03  .20000E+01    3   464    -1    -5     T
   153  .26800E+03  .20000E+01    3   467    -1    -5     T
   154  .27000E+03  .20000E+01    3   470    -1    -5     T
   155  .27200E+03  .20000E+01    3   473    -1    -5     T
   156  .27400E+03  .20000E+01    3   476    -1    -5     T
   157  .27600E+03  .20000E+01    3   479    -1    -5     T
   158  .27800E+03  .20000E+01    3   482    -1    -5     T
   159  .28000E+03  .20000E+01    3   485    -1    -5     T
   160  .28200E+03  .20000E+01    3   488    -1    -5     T
   161  .28400E+03  .20000E+01    3   491    -1    -5     T
   162  .28600E+03  .20000E+01    3   494    -1    -5     T
   163  .28800E+03  .20000E+01    3   497    -1    -5     T
   164  .29000E+03  .20000E+01    3   500    -1    -5     T
   165  .29200E+03  .20000E+01    3   503    -1    -5     T
   166  .29400E+03  .20000E+01    3   506    -1    -5     T
   167  .29600E+03  .20000E+01    3   509    -1    -5     T
   168  .29800E+03  .20000E+01    3   512    -1    -5     T
   169  .30000E+03  .20000E+01    3   515    -1    -5     T
   170  .30200E+03  .20000E+01    3   518    -1    -5     T
   171  .30400E+03  .20000E+01    3   521    -1    -5     T
   172  .30600E+03  .20000E+01    3   524    -1    -5     T
   173  .30800E+03  .20000E+01    3   527    -1    -5     T
   174  .31000E+03  .20000E+01    3   530    -1    -5     T
   175  .31200E+03  .20000E+01    3   533    -1    -5     T
   176  .31400E+03  .20000E+01    3   536    -1    -5     T
   177  .31600E+03  .20000E+01    3   539    -1    -5     T
   178  .31800E+03  .20000E+01    3   542    -1    -5     T
   179  .32000E+03  .20000E+01    3   545    -1    -5     T
   180  .32200E+03  .20000E+01    3   548    -1    -5     T
   181  .32400E+03  .20000E+01    3   551    -1    -5     T
   182  .32600E+03  .20000E+01    3   554    -1    -5     T
   183  .32800E+03  .20000E+01    3   557    -1    -5     T
   184  .33000E+03  .20000E+01    3   560    -1    -5     T
   185  .33200E+03  .20000E+01    3   563    -1    -5     T
   186  .33400E+03  .20000E+01    3   566    -1    -5     T
   187  .33600E+03  .20000E+01    3   569    -1    -5     T
   188  .33800E+03  .20000E+01    3   572    -1    -5     T
   189  .34000E+03  .20000E+01    3   575    -1    -5     T
   190  .34200E+03  .20000E+01    3   578    -1    -5     T
   191  .34400E+03  .20000E+01    3   581    -1    -5     T
   192  .34600E+03  .20000E+01    3   584    -1    -5     T
   193  .34800E+03  .20000E+01    3   587    -1    -5     T
   194  .35000E+03  .20000E+01    3   590    -1    -5     T
   195  .35200E+03  .20000E+01    3   593    -1    -5     T
   196  .35400E+03  .20000E+01    3   596    -1    -5     T
   197  .35600E+03  .20000E+01    3   599    -1    -5     T
   198  .35800E+03  .20000E+01    3   602    -1    -5     T
   199  .36000E+03  .20000E+01    3   605    -1    -5     T
   200  .36200E+03  .20000E+01    3   608    -1    -5     T
   201  .36400E+03  .20000E+01    3   611    -1    -5     T
   202  .36600E+03  .20000E+01    3   614    -1    -5     T
   203  .36800E+03  .20000E+01    3   617    -1    -5     T
   204  .37000E+03  .20000E+01    3   620    -1    -5     T
   205  .37200E+03  .20000E+01    3   623    -1    -5     T
   206  .37400E+03  .20000E+01    3   626    -1    -5     T
   207  .37600E+03  .20000E+01    3   629    -1    -5     T
   208  .37800E+03  .20000E+01    3   632    -1    -5     T
   209  .38000E+03  .20000E+01    3   635    -1    -5     T
   210  .38200E+03  .20000E+01    3   638    -1    -5     T
   211  .38400E+03  .20000E+01    3   641    -1    -5     T
   212  .38600E+03  .20000E+01    3   644    -1    -5     T
   213  .38800E+03  .20000E+01    3   647    -1    -5     T
   214  .39000E+03  .20000E+01    3   650    -1    -5     T
   215  .39200E+03  .20000E+01    3   653    -1    -5     T
   216  .39400E+03  .20000E+01    3   656    -1    -5     T
   217  .39600E+03  .20000E+01    3   659    -1    -5     T
   218  .39800E+03  .20000E+01    3   662    -1    -5     T
   219  .40000E+03  .20000E+01    3   665    -1    -5     T
   220  .40200E+03  .20000E+01    3   668    -1    -5     T
   221  .40400E+03  .20000E+01    3   671    -1    -5     T
   222  .40600E+03  .20000E+01    3   674    -1    -5     T
   223  .40800E+03  .20000E+01    3   677    -1    -5     T
   224  .41000E+03  .20000E+01    3   680    -1    -5     T
   225  .41200E+03  .20000E+01    3   683    -1    -5     T
   226  .41400E+03  .20000E+01    3   686    -1    -5     T
   227  .41600E+03  .20000E+01    3   689    -1    -5     T
   228  .41800E+03  .20000E+01    3   692    -1    -5     T
   229  .42000E+03  .20000E+01    3   695    -1    -5     T
   230  .42200E+03  .20000E+01    3   698    -1    -5     T
   231  .42400E+03  .20000E+01    3   701    -1    -5     T
   232  .42600E+03  .20000E+01    3   704    -1    -5     T
   233  .42800E+03  .20000E+01    3   707    -1    -5     T
   234  .43000E+03  .20000E+01    3   710    -1    -5     T
   235  .43200E+03  .20000E+01    3   713    -1    -5     T
   236  .43400E+03  .20000E+01    3   716    -1    -5     T
   237  .43600E+03  .20000E+01    3   719    -1    -5     T
   238  .43800E+03  .20000E+01    3   722    -1    -5     T
   239  .44000E+03  .20000E+01    3   725    -1    -5     T
   240  .44200E+03  .20000E+01    3   728    -1    -5     T
   241  .44400E+03  .20000E+01    3   731    -1    -5     T
   242  .44600E+03  .20000E+01    3   734    -1    -5     T
   243  .44800E+03  .20000E+01    3   737    -1    -5     T
   244  .45000E+03  .20000E+01    3   740    -1    -5     T
   245  .45200E+03  .20000E+01    3   743    -1    -5     T
   246  .45400E+03  .20000E+01    3   746    -1    -5     T
   247  .45600E+03  .20000E+01    3   749    -1    -5     T
   248  .45800E+03  .20000E+01    3   752    -1    -5     T
   249  .46000E+03  .20000E+01    3   755    -1    -5     T
   250  .46200E+03  .20000E+01    3   758    -1    -5     T
   251  .46400E+03  .20000E+01    3   761    -1    -5     T
   252  .46600E+03  .20000E+01    3   764    -1    -5     T
   253  .46800E+03  .20000E+01    3   767    -1    -5     T
   254  .47000E+03  .20000E+01    3   770    -1    -5     T
   255  .47200E+03  .20000E+01    3   773    -1    -5     T
   256  .47400E+03  .20000E+01    3   776    -1    -5     T
   257  .47600E+03  .20000E+01    3   779    -1    -5     T
   258  .47800E+03  .20000E+01    3   782    -1    -5     T
   259  .48000E+03  .20000E+01    3   785    -1    -5     T
   260  .48200E+03  .20000E+01    3   788    -1    -5     T
   261  .48400E+03  .20000E+01    3   791    -1    -5     T
   262  .48600E+03  .20000E+01    3   794    -1    -5     T
   263  .48800E+03  .20000E+01    3   797    -1    -5     T
   264  .49000E+03  .20000E+01    3   800    -1    -5     T
   265  .49200E+03  .20000E+01    3   803    -1    -5     T
   266  .49400E+03  .20000E+01    3   806    -1    -5     T
   267  .49600E+03  .20000E+01    3   809    -1    -5     T
   268  .49800E+03  .20000E+01    3   812    -1    -5     T
   269  .50000E+03  .20000E+01    3   815    -1    -5     T
   270  .50200E+03  .20000E+01    3   818    -1    -5     T
   271  .50400E+03  .20000E+01    3   821    -1    -5     T
   272  .50600E+03  .20000E+01    3   824    -1    -5     T
   273  .50800E+03  .20000E+01    3   827    -1    -5     T
   274  .51000E+03  .20000E+01    3   830    -1    -5     T
   275  .51200E+03  .20000E+01    3   833    -1    -5     T
   276  .51400E+03  .20000E+01    3   836    -1    -5     T
   277  .51600E+03  .20000E+01    3   839    -1    -5     T
   278  .51800E+03  .20000E+01    3   842    -1    -5     T
   279  .52000E+03  .20000E+01    3   845    -1    -5     T
   280  .52200E+03  .20000E+01    3   848    -1    -5     T
   281  .52400E+03  .20000E+01    3   851    -1    -5     T
   282  .52600E+03  .20000E+01    3   854    -1    -5     T
   283  .52800E+03  .20000E+01    3   857    -1    -5     T
   284  .53000E+03  .20000E+01    3   860    -1    -5     T
   285  .53200E+03  .20000E+01    3   863    -1    -5     T
   286  .53400E+03  .20000E+01    3   866    -1    -5     T
   287  .53600E+03  .20000E+01    3   869    -1    -5     T
   288  .53800E+03  .20000E+01    3   872    -1    -5     T
   289  .54000E+03  .20000E+01    3   875    -1    -5     T
   290  .54200E+03  .20000E+01    3   878    -1    -5     T
   291  .54400E+03  .20000E+01    3   881    -1    -5     T
   292  .54600E+03  .20000E+01    3   884    -1    -5     T
   293  .54800E+03  .20000E+01    3   887    -1    -5     T
   294  .55000E+03  .20000E+01    3   890    -1    -5     T
   295  .55200E+03  .20000E+01    3   893    -1    -5     T
   296  .55400E+03  .20000E+01    3   896    -1    -5     T
   297  .55600E+03  .20000E+01    3   899    -1    -5     T
   298  .55800E+03  .20000E+01    3   902    -1    -5     T
   299  .56000E+03  .20000E+01    3   905    -1    -5     T
   300  .56200E+03  .20000E+01    3   908    -1    -5     T
   301  .56400E+03  .20000E+01    3   911    -1    -5     T
   302  .56600E+03  .20000E+01    3   914    -1    -5     T
   303  .56800E+03  .20000E+01    3   917    -1    -5     T
   304  .57000E+03  .20000E+01    3   920    -1    -5     T
   305  .57200E+03  .20000E+01    3   923    -1    -5     T
   306  .57400E+03  .20000E+01    3   926    -1    -5     T
   307  .57600E+03  .20000E+01    3   929    -1    -5     T
   308  .57800E+03  .20000E+01    3   932    -1    -5     T
   309  .58000E+03  .20000E+01    3   935    -1    -5     T
   310  .58200E+03  .20000E+01    3   938    -1    -5     T
   311  .58400E+03  .20000E+01    3   941    -1    -5     T
   312  .58600E+03  .20000E+01    3   944    -1    -5     T
   313  .58800E+03  .20000E+01    3   947    -1    -5     T
   314  .59000E+03  .20000E+01    3   950    -1    -5     T
   315  .59200E+03  .20000E+01    3   953    -1    -5     T
   316  .59400E+03  .20000E+01    3   956    -1    -5     T
   317  .59600E+03  .20000E+01    3   959    -1    -5     T
   318  .59800E+03  .20000E+01    3   962    -1    -5     T
   319  .60000E+03  .20000E+01    3   965    -1    -5     T
   320  .60200E+03  .20000E+01    3   968    -1    -5     T
   321  .60400E+03  .20000E+01    3   971    -1    -5     T
   322  .60600E+03  .20000E+01    3   974    -1    -5     T
   323  .60800E+03  .20000E+01    3   977    -1    -5     T
   324  .61000E+03  .20000E+01    3   980    -1    -5     T
   325  .61200E+03  .20000E+01    3   983    -1    -5     T
   326  .61400E+03  .20000E+01    3   986    -1    -5     T
   327  .61600E+03  .20000E+01    3   989    -1    -5     T
   328  .61800E+03  .20000E+01    3   992    -1    -5     T
   329  .62000E+03  .20000E+01    3   995    -1    -5     T
   330  .62200E+03  .20000E+01    3   998    -1    -5     T
   331  .62400E+03  .20000E+01    3  1001    -1    -5     T
   332  .62600E+03  .20000E+01    3  1004    -1    -5     T
   333  .62800E+03  .20000E+01    3  1007    -1    -5     T
   334  .63000E+03  .20000E+01    3  1010    -1    -5     T
   335  .63200E+03  .20000E+01    3  1013    -1    -5     T
   336  .63400E+03  .20000E+01    3  1016    -1    -5     T
   337  .63600E+03  .20000E+01    3  1019    -1    -5     T
   338  .63800E+03  .20000E+01    3  1022    -1    -5     T
   339  .64000E+03  .20000E+01    3  1025    -1    -5     T
   340  .64200E+03  .20000E+01    3  1028    -1    -5     T
   341  .64400E+03  .20000E+01    3  1031    -1    -5     T
   342  .64600E+03  .20000E+01    3  1034    -1    -5     T
   343  .64800E+03  .20000E+01    3  1037    -1    -5     T
   344  .65000E+03  .20000E+01    3  1040    -1    -5     T
   345  .65200E+03  .20000E+01    3  1043    -1    -5     T
   346  .65400E+03  .20000E+01    3  1046    -1    -5     T
   347  .65600E+03  .20000E+01    3  1049    -1    -5     T
   348  .65800E+03  .20000E+01    3  1052    -1    -5     T
   349  .66000E+03  .20000E+01    3  1055    -1    -5     T
   350  .66200E+03  .20000E+01    3  1058    -1    -5     T
   351  .66400E+03  .20000E+01    3  1061    -1    -5     T
   352  .66600E+03  .20000E+01    3  1064    -1    -5     T
   353  .66800E+03  .20000E+01    3  1067    -1    -5     T
   354  .67000E+03  .20000E+01    3  1070    -1    -5     T
   355  .67200E+03  .20000E+01    3  1073    -1    -5     T
   356  .67400E+03  .20000E+01    3  1076    -1    -5     T
   357  .67600E+03  .20000E+01    3  1079    -1    -5     T
   358  .67800E+03  .20000E+01    3  1082    -1    -5     T
   359  .68000E+03  .20000E+01    3  1085    -1    -5     T
   360  .68200E+03  .20000E+01    3  1088    -1    -5     T
   361  .68400E+03  .20000E+01    3  1091    -1    -5     T
   362  .68600E+03  .20000E+01    3  1094    -1    -5     T
   363  .68800E+03  .20000E+01    3  1097    -1    -5     T
   364  .69000E+03  .20000E+01    3  1100    -1    -5     T
   365  .69200E+03  .20000E+01    3  1103    -1    -5     T
   366  .69400E+03  .20000E+01    3  1106    -1    -5     T
   367  .69600E+03  .20000E+01    3  1109    -1    -5     T
   368  .69800E+03  .20000E+01    3  1112    -1    -5     T
   369  .70000E+03  .20000E+01    3  1115    -1    -5     T
   370  .70200E+03  .20000E+01    3  1118    -1    -5     T
   371  .70400E+03  .20000E+01    3  1121    -1    -5     T
   372  .70600E+03  .20000E+01    3  1124    -1    -5     T
   373  .70800E+03  .20000E+01    3  1127    -1    -5     T
   374  .71000E+03  .20000E+01    3  1130    -1    -5     T
   375  .71200E+03  .20000E+01    3  1133    -1    -5     T
   376  .71400E+03  .20000E+01    3  1136    -1    -5     T
   377  .71600E+03  .20000E+01    3  1139    -1    -5     T
   378  .71800E+03  .20000E+01    3  1142    -1    -5     T
   379  .72000E+03  .20000E+01    3  1145    -1    -5     T
   380  .72200E+03  .20000E+01    3  1148    -1    -5     T
   381  .72400E+03  .20000E+01    3  1151    -1    -5     T
   382  .72600E+03  .20000E+01    3  1154    -1    -5     T
   383  .72800E+03  .20000E+01    3  1157    -1    -5     T
   384  .73000E+03  .20000E+01    3  1160    -1    -5     T
   385  .73200E+03  .20000E+01    3  1163    -1    -5     T
   386  .73400E+03  .20000E+01    3  1166    -1    -5     T
   387  .73600E+03  .20000E+01    3  1169    -1    -5     T
   388  .73800E+03  .20000E+01    3  1172    -1    -5     T
   389  .74000E+03  .20000E+01    3  1175    -1    -5     T
   390  .74200E+03  .20000E+01    3  1178    -1    -5     T
   391  .74400E+03  .20000E+01    3  1181    -1    -5     T
   392  .74600E+03  .20000E+01    3  1184    -1    -5     T
   393  .74800E+03  .20000E+01    3  1187    -1    -5     T
   394  .75000E+03  .20000E+01    3  1190    -1    -5     T
   395  .75200E+03  .20000E+01    3  1193    -1    -5     T
   396  .75400E+03  .20000E+01    3  1196    -1    -5     T
   397  .75600E+03  .20000E+01    3  1199    -1    -5     T
   398  .75800E+03  .20000E+01    3  1202    -1    -5     T
   399  .76000E+03  .20000E+01    3  1205    -1    -5     T
   400  .76200E+03  .20000E+01    3  1208    -1    -5     T
   401  .76400E+03  .20000E+01    3  1211    -1    -5     T
   402  .76600E+03  .20000E+01    3  1214    -1    -5     T
   403  .76800E+03  .20000E+01    3  1217    -1    -5     T
   404  .77000E+03  .20000E+01    3  1220    -1    -5     T
   405  .77200E+03  .20000E+01    3  1223    -1    -5     T
   406  .77400E+03  .20000E+01    3  1226    -1    -5     T
   407  .77600E+03  .20000E+01    3  1229    -1    -5     T
   408  .77800E+03  .20000E+01    3  1232    -1    -5     T
   409  .78000E+03  .20000E+01    3  1235    -1    -5     T
   410  .78200E+03  .20000E+01    3  1238    -1    -5     T
   411  .78400E+03  .20000E+01    3  1241    -1    -5     T
   412  .78600E+03  .20000E+01    3  1244    -1    -5     T
   413  .78800E+03  .20000E+01    3  1247    -1    -5     T
   414  .79000E+03  .20000E+01    3  1250    -1    -5     T
   415  .79200E+03  .20000E+01    3  1253    -1    -5     T
   416  .79400E+03  .20000E+01    3  1256    -1    -5     T
   417  .79600E+03  .20000E+01    3  1259    -1    -5     T
   418  .79800E+03  .20000E+01    3  1262    -1    -5     T
   419  .80000E+03  .20000E+01    3  1265    -1    -5     T
   420  .80200E+03  .20000E+01    3  1268    -1    -5     T
   421  .80400E+03  .20000E+01    3  1271    -1    -5     T
   422  .80600E+03  .20000E+01    3  1274    -1    -5     T
   423  .80800E+03  .20000E+01    3  1277    -1    -5     T
   424  .81000E+03  .20000E+01    3  1280    -1    -5     T
   425  .81200E+03  .20000E+01    3  1283    -1    -5     T
   426  .81400E+03  .20000E+01    3  1286    -1    -5     T
   427  .81600E+03  .20000E+01    3  1289    -1    -5     T
   428  .81800E+03  .20000E+01    3  1292    -1    -5     T
   429  .82000E+03  .20000E+01    3  1295    -1    -5     T
   430  .82200E+03  .20000E+01    3  1298    -1    -5     T
   431  .82400E+03  .20000E+01    3  1301    -1    -5     T
   432  .82600E+03  .20000E+01    3  1304    -1    -5     T
   433  .82800E+03  .20000E+01    3  1307    -1    -5     T
   434  .83000E+03  .20000E+01    3  1310    -1    -5     T
   435  .83200E+03  .20000E+01    3  1313    -1    -5     T
   436  .83400E+03  .20000E+01    3  1316    -1    -5     T
   437  .83600E+03  .20000E+01    3  1319    -1    -5     T
   438  .83800E+03  .20000E+01    3  1322    -1    -5     T
   439  .84000E+03  .20000E+01    3  1325    -1    -5     T
   440  .84200E+03  .20000E+01    3  1328    -1    -5     T
   441  .84400E+03  .20000E+01    3  1331    -1    -5     T
   442  .84600E+03  .20000E+01    3  1334    -1    -5     T
   443  .84800E+03  .20000E+01    3  1337    -1    -5     T
   444  .85000E+03  .20000E+01    3  1340    -1    -5     T
   445  .85200E+03  .20000E+01    3  1343    -1    -5     T
   446  .85400E+03  .20000E+01    3  1346    -1    -5     T
   447  .85600E+03  .20000E+01    3  1349    -1    -5     T
   448  .85800E+03  .20000E+01    3  1352    -1    -5     T
   449  .86000E+03  .20000E+01    3  1355    -1    -5     T
   450  .86200E+03  .20000E+01    3  1358    -1    -5     T
   451  .86400E+03  .20000E+01    3  1361    -1    -5     T
   452  .86600E+03  .20000E+01    3  1364    -1    -5     T
   453  .86800E+03  .20000E+01    3  1367    -1    -5     T
   454  .87000E+03  .20000E+01    3  1370    -1    -5     T
   455  .87200E+03  .20000E+01    3  1373    -1    -5     T
   456  .87400E+03  .20000E+01    3  1376    -1    -5     T
   457  .87600E+03  .20000E+01    3  1379    -1    -5     T
   458  .87800E+03  .20000E+01    3  1382    -1    -5     T
   459  .88000E+03  .20000E+01    3  1385    -1    -5     T
   460  .88200E+03  .20000E+01    3  1388    -1    -5     T
   461  .88400E+03  .20000E+01    3  1391    -1    -5     T
   462  .88600E+03  .20000E+01    3  1394    -1    -5     T
   463  .88800E+03  .20000E+01    3  1397    -1    -5     T
   464  .89000E+03  .20000E+01    3  1400    -1    -5     T
   465  .89200E+03  .20000E+01    3  1403    -1    -5     T
   466  .89400E+03  .20000E+01    3  1406    -1    -5     T
   467  .89600E+03  .20000E+01    3  1409    -1    -5     T
   468  .89800E+03  .20000E+01    3  1412    -1    -5     T
   469  .90000E+03  .20000E+01    3  1415    -1    -5     T
   470  .90200E+03  .20000E+01    3  1418    -1    -5     T
   471  .90400E+03  .20000E+01    3  1421    -1    -5     T
   472  .90600E+03  .20000E+01    3  1424    -1    -5     T
   473  .90800E+03  .20000E+01    3  1427    -1    -5     T
   474  .91000E+03  .20000E+01    3  1430    -1    -5     T
   475  .91200E+03  .20000E+01    3  1433    -1    -5     T
   476  .91400E+03  .20000E+01    3  1436    -1    -5     T
   477  .91600E+03  .20000E+01    3  1439    -1    -5     T
   478  .91800E+03  .20000E+01    3  1442    -1    -5     T
   479  .92000E+03  .20000E+01    3  1445    -1    -5     T
   480  .92200E+03  .20000E+01    3  1448    -1    -5     T
   481  .92400E+03  .20000E+01    3  1451    -1    -5     T
   482  .92600E+03  .20000E+01    3  1454    -1    -5     T
   483  .92800E+03  .20000E+01    3  1457    -1    -5     T
   484  .93000E+03  .20000E+01    3  1460    -1    -5     T
   485  .93200E+03  .20000E+01    3  1463    -1    -5     T
   486  .93400E+03  .20000E+01    3  1466    -1    -5     T
   487  .93600E+03  .20000E+01    3  1469    -1    -5     T
   488  .93800E+03  .20000E+01    3  1472    -1    -5     T
   489  .94000E+03  .20000E+01    3  1475    -1    -5     T
   490  .94200E+03  .20000E+01    3  1478    -1    -5     T
   491  .94400E+03  .20000E+01    3  1481    -1    -5     T
   492  .94600E+03  .20000E+01    3  1484    -1    -5     T
   493  .94800E+03  .20000E+01    3  1487    -1    -5     T
   494  .95000E+03  .20000E+01    3  1490    -1    -5     T
   495  .95200E+03  .20000E+01    3  1493    -1    -5     T
   496  .95400E+03  .20000E+01    3  1496    -1    -5     T
   497  .95600E+03  .20000E+01    3  1499    -1    -5     T
   498  .95800E+03  .20000E+01    3  1502    -1    -5     T
   499  .96000E+03  .20000E+01    3  1505    -1    -5     T
   500  .96200E+03  .20000E+01    3  1508    -1    -5     T
   501  .96400E+03  .20000E+01    3  1511    -1    -5     T
   502  .96600E+03  .20000E+01    3  1514    -1    -5     T
   503  .96800E+03  .20000E+01    3  1517    -1    -5     T
   504  .97000E+03  .20000E+01    3  1520    -1    -5     T
   505  .97200E+03  .20000E+01    3  1523    -1    -5     T
   506  .97400E+03  .20000E+01    3  1526    -1    -5     T
   507  .97600E+03  .20000E+01    3  1529    -1    -5     T
   508  .97800E+03  .20000E+01    3  1532    -1    -5     T
   509  .98000E+03  .20000E+01    3  1535    -1    -5     T
   510  .98200E+03  .20000E+01    3  1538    -1    -5     T
   511  .98400E+03  .20000E+01    3  1541    -1    -5     T
   512  .98600E+03  .20000E+01    3  1544    -1    -5     T
   513  .98800E+03  .20000E+01    3  1547    -1    -5     T
   514  .99000E+03  .20000E+01    3  1550    -1    -5     T
   515  .99200E+03  .20000E+01    3  1553    -1    -5     T
   516  .99400E+03  .20000E+01    3  1556    -1    -5     T
   517  .99600E+03  .20000E+01    3  1559    -1    -5     T
   518  .99800E+03  .20000E+01    3  1562    -1    -5     T
   519  .10000E+04  .20000E+01    3  1565    -1    -5     T
   520  .10020E+04  .20000E+01    3  1568    -1    -5     T
   521  .10040E+04  .20000E+01    3  1571    -1    -5     T
   522  .10060E+04  .20000E+01    3  1574    -1    -5     T
   523  .10080E+04  .20000E+01    3  1577    -1    -5     T
   524  .10100E+04  .20000E+01    3  1580    -1    -5     T
   525  .10120E+04  .20000E+01    3  1583    -1    -5     T
   526  .10140E+04  .20000E+01    3  1586    -1    -5     T
   527  .10160E+04  .20000E+01    3  1589    -1    -5     T
   528  .10180E+04  .20000E+01    3  1592    -1    -5     T
   529  .10200E+04  .20000E+01    3  1595    -1    -5     T
   530  .10220E+04  .20000E+01    3  1598    -1    -5     T
   531  .10240E+04  .20000E+01    3  1601    -1    -5     T
   532  .10260E+04  .20000E+01    3  1604    -1    -5     T
   533  .10280E+04  .20000E+01    3  1607    -1    -5     T
   534  .10300E+04  .20000E+01    3  1610    -1    -5     T
   535  .10320E+04  .20000E+01    3  1613    -1    -5     T
   536  .10340E+04  .20000E+01    3  1616    -1    -5     T
   537  .10360E+04  .20000E+01    3  1619    -1    -5     T
   538  .10380E+04  .20000E+01    3  1622    -1    -5     T
   539  .10400E+04  .20000E+01    3  1625    -1    -5     T
   540  .10420E+04  .20000E+01    3  1628    -1    -5     T
   541  .10440E+04  .20000E+01    3  1631    -1    -5     T
   542  .10460E+04  .20000E+01    3  1634    -1    -5     T
   543  .10480E+04  .20000E+01    3  1637    -1    -5     T
   544  .10500E+04  .20000E+01    3  1640    -1    -5     T
   545  .10520E+04  .20000E+01    3  1643    -1    -5     T
   546  .10540E+04  .20000E+01    3  1646    -1    -5     T
   547  .10560E+04  .20000E+01    3  1649    -1    -5     T
   548  .10580E+04  .20000E+01    3  1652    -1    -5     T
   549  .10600E+04  .20000E+01    3  1655    -1    -5     T
   550  .10620E+04  .20000E+01    3  1658    -1    -5     T
   551  .10640E+04  .20000E+01    3  1661    -1    -5     T
   552  .10660E+04  .20000E+01    3  1664    -1    -5     T
   553  .10680E+04  .20000E+01    3  1667    -1    -5     T
   554  .10700E+04  .20000E+01    3  1670    -1    -5     T
   555  .10720E+04  .20000E+01    3  1673    -1    -5     T
   556  .10740E+04  .20000E+01    3  1676    -1    -5     T
   557  .10760E+04  .20000E+01    3  1679    -1    -5     T
   558  .10780E+04  .20000E+01    3  1682    -1    -5     T
   559  .10800E+04  .20000E+01    3  1685    -1    -5     T
   560  .10820E+04  .20000E+01    3  1688    -1    -5     T
   561  .10840E+04  .20000E+01    3  1691    -1    -5     T
   562  .10860E+04  .20000E+01    3  1694    -1    -5     T
   563  .10880E+04  .20000E+01    3  1697    -1    -5     T
   564  .10900E+04  .20000E+01    3  1700    -1    -5     T
   565  .10920E+04  .20000E+01    3  1703    -1    -5     T
   566  .10940E+04  .20000E+01    3  1706    -1    -5     T
   567  .10960E+04  .20000E+01    3  1709    -1    -5     T
   568  .10980E+04  .20000E+01    3  1712    -1    -5     T
   569  .11000E+04  .20000E+01    3  1715    -1    -5     T
   570  .11020E+04  .20000E+01    3  1718    -1    -5     T
   571  .11040E+04  .20000E+01    3  1721    -1    -5     T
   572  .11060E+04  .20000E+01    3  1724    -1    -5     T
   573  .11080E+04  .20000E+01    3  1727    -1    -5     T
   574  .11100E+04  .20000E+01    3  1730    -1    -5     T
   575  .11120E+04  .20000E+01    3  1733    -1    -5     T
   576  .11140E+04  .20000E+01    3  1736    -1    -5     T
   577  .11160E+04  .20000E+01    3  1739    -1    -5     T
   578  .11180E+04  .20000E+01    3  1742    -1    -5     T
   579  .11200E+04  .20000E+01    3  1745    -1    -5     T
   580  .11220E+04  .20000E+01    3  1748    -1    -5     T
   581  .11240E+04  .20000E+01    3  1751    -1    -5     T
   582  .11260E+04  .20000E+01    3  1754    -1    -5     T
   583  .11280E+04  .20000E+01    3  1757    -1    -5     T
   584  .11300E+04  .20000E+01    3  1760    -1    -5     T
   585  .11320E+04  .20000E+01    3  1763    -1    -5     T
   586  .11340E+04  .20000E+01    3  1766    -1    -5     T
   587  .11360E+04  .20000E+01    3  1769    -1    -5     T
   588  .11380E+04  .20000E+01    3  1772    -1    -5     T
   589  .11400E+04  .20000E+01    3  1775    -1    -5     T
   590  .11420E+04  .20000E+01    3  1778    -1    -5     T
   591  .11440E+04  .20000E+01    3  1781    -1    -5     T
   592  .11460E+04  .20000E+01    3  1784    -1    -5     T
   593  .11480E+04  .20000E+01    3  1787    -1    -5     T
   594  .11500E+04  .20000E+01    3  1790    -1    -5     T
   595  .11520E+04  .20000E+01    3  1793    -1    -5     T
   596  .11540E+04  .20000E+01    3  1796    -1    -5     T
   597  .11560E+04  .20000E+01    3  1799    -1    -5     T
   598  .11580E+04  .20000E+01    3  1802    -1    -5     T
   599  .11600E+04  .20000E+01    3  1805    -1    -5     T
   600  .11620E+04  .20000E+01    3  1808    -1    -5     T
   601  .11640E+04  .20000E+01    3  1811    -1    -5     T
   602  .11660E+04  .20000E+01    3  1814    -1    -5     T
   603  .11680E+04  .20000E+01    3  1817    -1    -5     T
   604  .11700E+04  .20000E+01    3  1820    -1    -5     T
   605  .11720E+04  .20000E+01    3  1823    -1    -5     T
   606  .11740E+04  .20000E+01    3  1826    -1    -5     T
   607  .11760E+04  .20000E+01    3  1829    -1    -5     T
   608  .11780E+04  .20000E+01    3  1832    -1    -5     T
   609  .11800E+04  .20000E+01    3  1835    -1    -5     T
   610  .11820E+04  .20000E+01    3  1838    -1    -5     T
   611  .11840E+04  .20000E+01    3  1841    -1    -5     T
   612  .11860E+04  .20000E+01    3  1844    -1    -5     T
   613  .11880E+04  .20000E+01    3  1847    -1    -5     T
   614  .11900E+04  .20000E+01    3  1850    -1    -5     T
   615  .11920E+04  .20000E+01    3  1853    -1    -5     T
   616  .11940E+04  .20000E+01    3  1856    -1    -5     T
   617  .11960E+04  .20000E+01    3  1859    -1    -5     T
   618  .11980E+04  .20000E+01    3  1862    -1    -5     T
   619  .12000E+04  .20000E+01    3  1865    -1    -5     T
   620  .12020E+04  .20000E+01    3  1868    -1    -5     T
   621  .12040E+04  .20000E+01    3  1871    -1    -5     T
   622  .12060E+04  .20000E+01    3  1874    -1    -5     T
   623  .12080E+04  .20000E+01    3  1877    -1    -5     T
   624  .12100E+04  .20000E+01    3  1880    -1    -5     T
   625  .12120E+04  .20000E+01    3  1883    -1    -5     T
   626  .12140E+04  .20000E+01    3  1886    -1    -5     T
   627  .12160E+04  .20000E+01    3  1889    -1    -5     T
   628  .12180E+04  .20000E+01    3  1892    -1    -5     T
   629  .12200E+04  .20000E+01    3  1895    -1    -5     T
   630  .12220E+04  .20000E+01    3  1898    -1    -5     T
   631  .12240E+04  .20000E+01    3  1901    -1    -5     T
   632  .12260E+04  .20000E+01    3  1904    -1    -5     T
   633  .12280E+04  .20000E+01    3  1907    -1    -5     T
   634  .12300E+04  .20000E+01    3  1910    -1    -5     T
   635  .12320E+04  .20000E+01    3  1913    -1    -5     T
   636  .12340E+04  .20000E+01    3  1916    -1    -5     T
   637  .12360E+04  .20000E+01    3  1919    -1    -5     T
   638  .12380E+04  .20000E+01    3  1922    -1    -5     T
   639  .12400E+04  .20000E+01    3  1925    -1    -5     T
   640  .12420E+04  .20000E+01    3  1928    -1    -5     T
   641  .12440E+04  .20000E+01    3  1931    -1    -5     T
   642  .12460E+04  .20000E+01    3  1934    -1    -5     T
   643  .12480E+04  .20000E+01    3  1937    -1    -5     T
   644  .12500E+04  .20000E+01    3  1940    -1    -5     T
   645  .12520E+04  .20000E+01    3  1943    -1    -5     T
   646  .12540E+04  .20000E+01    3  1946    -1    -5     T
   647  .12560E+04  .20000E+01    3  1949    -1    -5     T
   648  .12580E+04  .20000E+01    3  1952    -1    -5     T
   649  .12600E+04  .20000E+01    3  1955    -1    -5     T
   650  .12620E+04  .20000E+01    3  1958    -1    -5     T
   651  .12640E+04  .20000E+01    3  1961    -1    -5     T
   652  .12660E+04  .20000E+01    3  1964    -1    -5     T
   653  .12680E+04  .20000E+01    3  1967    -1    -5     T
   654  .12700E+04  .20000E+01    3  1970    -1    -5     T
   655  .12720E+04  .20000E+01    3  1973    -1    -5     T
   656  .12740E+04  .20000E+01    3  1976    -1    -5     T
   657  .12760E+04  .20000E+01    3  1979    -1    -5     T
   658  .12780E+04  .20000E+01    3  1982    -1    -5     T
   659  .12800E+04  .20000E+01    3  1985    -1    -5     T
   660  .12820E+04  .20000E+01    3  1988    -1    -5     T
   661  .12840E+04  .20000E+01    3  1991    -1    -5     T
   662  .12860E+04  .20000E+01    3  1994    -1    -5     T
   663  .12880E+04  .20000E+01    3  1997    -1    -5     T
   664  .12900E+04  .20000E+01    3  2000    -1    -5     T
   665  .12920E+04  .20000E+01    3  2003    -1    -5     T
   666  .12940E+04  .20000E+01    3  2006    -1    -5     T
   667  .12960E+04  .20000E+01    3  2009    -1    -5     T
   668  .12980E+04  .20000E+01    3  2012    -1    -5     T
   669  .13000E+04  .20000E+01    3  2015    -1    -5     T
   670  .13020E+04  .20000E+01    3  2018    -1    -5     T
   671  .13040E+04  .20000E+01    3  2021    -1    -5     T
   672  .13060E+04  .20000E+01    3  2024    -1    -5     T
   673  .13080E+04  .20000E+01    3  2027    -1    -5     T
   674  .13100E+04  .20000E+01    3  2030    -1    -5     T
   675  .13120E+04  .20000E+01    3  2033    -1    -5     T
   676  .13140E+04  .20000E+01    3  2036    -1    -5     T
   677  .13160E+04  .20000E+01    3  2039    -1    -5     T
   678  .13180E+04  .20000E+01    3  2042    -1    -5     T
   679  .13200E+04  .20000E+01    3  2045    -1    -5     T
   680  .13220E+04  .20000E+01    3  2048    -1    -5     T
   681  .13240E+04  .20000E+01    3  2051    -1    -5     T
   682  .13260E+04  .20000E+01    3  2054    -1    -5     T
   683  .13280E+04  .20000E+01    3  2057    -1    -5     T
   684  .13300E+04  .20000E+01    3  2060    -1    -5     T
   685  .13320E+04  .20000E+01    3  2063    -1    -5     T
   686  .13340E+04  .20000E+01    3  2066    -1    -5     T
   687  .13360E+04  .20000E+01    3  2069    -1    -5     T
   688  .13380E+04  .20000E+01    3  2072    -1    -5     T
   689  .13400E+04  .20000E+01    3  2075    -1    -5     T
   690  .13420E+04  .20000E+01    3  2078    -1    -5     T
   691  .13440E+04  .20000E+01    3  2081    -1    -5     T
   692  .13460E+04  .20000E+01    3  2084    -1    -5     T
   693  .13480E+04  .20000E+01    3  2087    -1    -5     T
   694  .13500E+04  .20000E+01    3  2090    -1    -5     T
   695  .13520E+04  .20000E+01    3  2093    -1    -5     T
   696  .13540E+04  .20000E+01    3  2096    -1    -5     T
   697  .13560E+04  .20000E+01    3  2099    -1    -5     T
   698  .13580E+04  .20000E+01    3  2102    -1    -5     T
   699  .13600E+04  .20000E+01    3  2105    -1    -5     T
   700  .13620E+04  .20000E+01    3  2108    -1    -5     T
   701  .13640E+04  .20000E+01    3  2111    -1    -5     T
   702  .13660E+04  .20000E+01    3  2114    -1    -5     T
   703  .13680E+04  .20000E+01    3  2117    -1    -5     T
   704  .13700E+04  .20000E+01    3  2120    -1    -5     T
   705  .13720E+04  .20000E+01    3  2123    -1    -5     T
   706  .13740E+04  .20000E+01    3  2126    -1    -5     T
   707  .13760E+04  .20000E+01    3  2129    -1    -5     T
   708  .13780E+04  .20000E+01    3  2132    -1    -5     T
   709  .13800E+04  .20000E+01    3  2135    -1    -5     T
   710  .13820E+04  .20000E+01    3  2138    -1    -5     T
   711  .13840E+04  .20000E+01    3  2141    -1    -5     T
   712  .13860E+04  .20000E+01    3  2144    -1    -5     T
   713  .13880E+04  .20000E+01    3  2147    -1    -5     T
   714  .13900E+04  .20000E+01    3  2150    -1    -5     T
   715  .13920E+04  .20000E+01    3  2153    -1    -5     T
   716  .13940E+04  .20000E+01    3  2156    -1    -5     T
   717  .13960E+04  .20000E+01    3  2159    -1    -5     T
   718  .13980E+04  .20000E+01    3  2162    -1    -5     T
   719  .14000E+04  .20000E+01    3  2165    -1    -5     T
   720  .14020E+04  .20000E+01    3  2168    -1    -5     T
   721  .14040E+04  .20000E+01    3  2171    -1    -5     T
   722  .14060E+04  .20000E+01    3  2174    -1    -5     T
   723  .14080E+04  .20000E+01    3  2177    -1    -5     T
   724  .14100E+04  .20000E+01    3  2180    -1    -5     T
   725  .14120E+04  .20000E+01    3  2183    -1    -5     T
   726  .14140E+04  .20000E+01    3  2186    -1    -5     T
   727  .14160E+04  .20000E+01    3  2189    -1    -5     T
   728  .14180E+04  .20000E+01    3  2192    -1    -5     T
   729  .14200E+04  .20000E+01    3  2195    -1    -5     T
   730  .14220E+04  .20000E+01    3  2198    -1    -5     T
   731  .14240E+04  .20000E+01    3  2201    -1    -5     T
   732  .14260E+04  .20000E+01    3  2204    -1    -5     T
   733  .14280E+04  .20000E+01    3  2207    -1    -5     T
   734  .14300E+04  .20000E+01    3  2210    -1    -5     T
   735  .14320E+04  .20000E+01    3  2213    -1    -5     T
   736  .14340E+04  .20000E+01    3  2216    -1    -5     T
   737  .14360E+04  .20000E+01    3  2219    -1    -5     T
   738  .14380E+04  .20000E+01    3  2222    -1    -5     T
   739  .14400E+04  .20000E+01    3  2225    -1    -5     T
   740  .14420E+04  .20000E+01    3  2228    -1    -5     T
   741  .14440E+04  .20000E+01    3  2231    -1    -5     T
   742  .14460E+04  .20000E+01    3  2234    -1    -5     T
   743  .14480E+04  .20000E+01    3  2237    -1    -5     T
   744  .14500E+04  .20000E+01    3  2240    -1    -5     T
   745  .14520E+04  .20000E+01    3  2243    -1    -5     T
   746  .14540E+04  .20000E+01    3  2246    -1    -5     T
   747  .14560E+04  .20000E+01    3  2249    -1    -5     T
   748  .14580E+04  .20000E+01    3  2252    -1    -5     T
   749  .14600E+04  .20000E+01    3  2255    -1    -5     T
   750  .14620E+04  .20000E+01    3  2258    -1    -5     T
   751  .14640E+04  .20000E+01    3  2261    -1    -5     T
   752  .14660E+04  .20000E+01    3  2264    -1    -5     T
   753  .14680E+04  .20000E+01    3  2267    -1    -5     T
   754  .14700E+04  .20000E+01    3  2270    -1    -5     T
   755  .14720E+04  .20000E+01    3  2273    -1    -5     T
   756  .14740E+04  .20000E+01    3  2276    -1    -5     T
   757  .14760E+04  .20000E+01    3  2279    -1    -5     T
   758  .14780E+04  .20000E+01    3  2282    -1    -5     T
   759  .14800E+04  .20000E+01    3  2285    -1    -5     T
   760  .14820E+04  .20000E+01    3  2288    -1    -5     T
   761  .14840E+04  .20000E+01    3  2291    -1    -5     T
   762  .14860E+04  .20000E+01    3  2294    -1    -5     T
   763  .14880E+04  .20000E+01    3  2297    -1    -5     T
   764  .14900E+04  .20000E+01    3  2300    -1    -5     T
   765  .14920E+04  .20000E+01    3  2303    -1    -5     T
   766  .14940E+04  .20000E+01    3  2306    -1    -5     T
   767  .14960E+04  .20000E+01    3  2309    -1    -5     T
   768  .14980E+04  .20000E+01    3  2312    -1    -5     T
   769  .15000E+04  .20000E+01    3  2315    -1    -5     T
   770  .15020E+04  .20000E+01    3  2318    -1    -5     T
   771  .15040E+04  .20000E+01    3  2321    -1    -5     T
   772  .15060E+04  .20000E+01    3  2324    -1    -5     T
   773  .15080E+04  .20000E+01    3  2327    -1    -5     T
   774  .15100E+04  .20000E+01    3  2330    -1    -5     T
   775  .15120E+04  .20000E+01    3  2333    -1    -5     T
   776  .15140E+04  .20000E+01    3  2336    -1    -5     T
   777  .15160E+04  .20000E+01    3  2339    -1    -5     T
   778  .15180E+04  .20000E+01    3  2342    -1    -5     T
   779  .15200E+04  .20000E+01    3  2345    -1    -5     T
   780  .15220E+04  .20000E+01    3  2348    -1    -5     T
   781  .15240E+04  .20000E+01    3  2351    -1    -5     T
   782  .15260E+04  .20000E+01    3  2354    -1    -5     T
   783  .15280E+04  .20000E+01    3  2357    -1    -5     T
   784  .15300E+04  .20000E+01    3  2360    -1    -5     T
   785  .15320E+04  .20000E+01    3  2363    -1    -5     T
   786  .15340E+04  .20000E+01    3  2366    -1    -5     T
   787  .15360E+04  .20000E+01    3  2369    -1    -5     T
   788  .15380E+04  .20000E+01    3  2372    -1    -5     T
   789  .15400E+04  .20000E+01    3  2375    -1    -5     T
   790  .15420E+04  .20000E+01    3  2378    -1    -5     T
   791  .15440E+04  .20000E+01    3  2381    -1    -5     T
   792  .15460E+04  .20000E+01    3  2384    -1    -5     T
   793  .15480E+04  .20000E+01    3  2387    -1    -5     T
   794  .15500E+04  .20000E+01    3  2390    -1    -5     T
   795  .15520E+04  .20000E+01    3  2393    -1    -5     T
   796  .15540E+04  .20000E+01    3  2396    -1    -5     T
   797  .15560E+04  .20000E+01    3  2399    -1    -5     T
   798  .15580E+04  .20000E+01    3  2402    -1    -5     T
   799  .15600E+04  .20000E+01    3  2405    -1    -5     T
   800  .15620E+04  .20000E+01    3  2408    -1    -5     T
   801  .15640E+04  .20000E+01    3  2411    -1    -5     T
   802  .15660E+04  .20000E+01    3  2414    -1    -5     T
   803  .15680E+04  .20000E+01    3  2417    -1    -5     T
   804  .15700E+04  .20000E+01    3  2420    -1    -5     T
   805  .15720E+04  .20000E+01    3  2423    -1    -5     T
   806  .15740E+04  .20000E+01    3  2426    -1    -5     T
   807  .15760E+04  .20000E+01    3  2429    -1    -5     T
   808  .15780E+04  .20000E+01    3  2432    -1    -5     T
   809  .15800E+04  .20000E+01    3  2435    -1    -5     T
   810  .15820E+04  .20000E+01    3  2438    -1    -5     T
   811  .15840E+04  .20000E+01    3  2441    -1    -5     T
   812  .15860E+04  .20000E+01    3  2444    -1    -5     T
   813  .15880E+04  .20000E+01    3  2447    -1    -5     T
   814  .15900E+04  .20000E+01    3  2450    -1    -5     T
   815  .15920E+04  .20000E+01    3  2453    -1    -5     T
   816  .15940E+04  .20000E+01    3  2456    -1    -5     T
   817  .15960E+04  .20000E+01    3  2459    -1    -5     T
   818  .15980E+04  .20000E+01    3  2462    -1    -5     T
   819  .16000E+04  .20000E+01    3  2465    -1    -5     T
   820  .16020E+04  .20000E+01    3  2468    -1    -5     T
   821  .16040E+04  .20000E+01    3  2471    -1    -5     T
   822  .16060E+04  .20000E+01    3  2474    -1    -5     T
   823  .16080E+04  .20000E+01    3  2477    -1    -5     T
   824  .16100E+04  .20000E+01    3  2480    -1    -5     T
   825  .16120E+04  .20000E+01    3  2483    -1    -5     T
   826  .16140E+04  .20000E+01    3  2486    -1    -5     T
   827  .16160E+04  .20000E+01    3  2489    -1    -5     T
   828  .16180E+04  .20000E+01    3  2492    -1    -5     T
   829  .16200E+04  .20000E+01    3  2495    -1    -5     T
   830  .16220E+04  .20000E+01    3  2498    -1    -5     T
   831  .16240E+04  .20000E+01    3  2501    -1    -5     T
   832  .16260E+04  .20000E+01    3  2504    -1    -5     T
   833  .16280E+04  .20000E+01    3  2507    -1    -5     T
   834  .16300E+04  .20000E+01    3  2510    -1    -5     T
   835  .16320E+04  .20000E+01    3  2513    -1    -5     T
   836  .16340E+04  .20000E+01    3  2516    -1    -5     T
   837  .16360E+04  .20000E+01    3  2519    -1    -5     T
   838  .16380E+04  .20000E+01    3  2522    -1    -5     T
   839  .16400E+04  .20000E+01    3  2525    -1    -5     T
   840  .16420E+04  .20000E+01    3  2528    -1    -5     T
   841  .16440E+04  .20000E+01    3  2531    -1    -5     T
   842  .16460E+04  .20000E+01    3  2534    -1    -5     T
   843  .16480E+04  .20000E+01    3  2537    -1    -5     T
   844  .16500E+04  .20000E+01    3  2540    -1    -5     T
   845  .16520E+04  .20000E+01    3  2543    -1    -5     T
   846  .16540E+04  .20000E+01    3  2546    -1    -5     T
   847  .16560E+04  .20000E+01    3  2549    -1    -5     T
   848  .16580E+04  .20000E+01    3  2552    -1    -5     T
   849  .16600E+04  .20000E+01    3  2555    -1    -5     T
   850  .16620E+04  .20000E+01    3  2558    -1    -5     T
   851  .16640E+04  .20000E+01    3  2561    -1    -5     T
   852  .16660E+04  .20000E+01    3  2564    -1    -5     T
   853  .16680E+04  .20000E+01    3  2567    -1    -5     T
   854  .16700E+04  .20000E+01    3  2570    -1    -5     T
   855  .16720E+04  .20000E+01    3  2573    -1    -5     T
   856  .16740E+04  .20000E+01    3  2576    -1    -5     T
   857  .16760E+04  .20000E+01    3  2579    -1    -5     T
   858  .16780E+04  .20000E+01    3  2582    -1    -5     T
   859  .16800E+04  .20000E+01    3  2585    -1    -5     T
   860  .16820E+04  .20000E+01    3  2588    -1    -5     T
   861  .16840E+04  .20000E+01    3  2591    -1    -5     T
   862  .16860E+04  .20000E+01    3  2594    -1    -5     T
   863  .16880E+04  .20000E+01    3  2597    -1    -5     T
   864  .16900E+04  .20000E+01    3  2600    -1    -5     T
   865  .16920E+04  .20000E+01    3  2603    -1    -5     T
   866  .16940E+04  .20000E+01    3  2606    -1    -5     T
   867  .16960E+04  .20000E+01    3  2609    -1    -5     T
   868  .16980E+04  .20000E+01    3  2612    -1    -5     T
   869  .17000E+04  .20000E+01    3  2615    -1    -5     T
   870  .17020E+04  .20000E+01    3  2618    -1    -5     T
   871  .17040E+04  .20000E+01    3  2621    -1    -5     T
   872  .17060E+04  .20000E+01    3  2624    -1    -5     T
   873  .17080E+04  .20000E+01    3  2627    -1    -5     T
   874  .17100E+04  .20000E+01    3  2630    -1    -5     T
   875  .17120E+04  .20000E+01    3  2633    -1    -5     T
   876  .17140E+04  .20000E+01    3  2636    -1    -5     T
   877  .17160E+04  .20000E+01    3  2639    -1    -5     T
   878  .17180E+04  .20000E+01    3  2642    -1    -5     T
   879  .17200E+04  .20000E+01    3  2645    -1    -5     T
   880  .17220E+04  .20000E+01    3  2648    -1    -5     T
   881  .17240E+04  .20000E+01    3  2651    -1    -5     T
   882  .17260E+04  .20000E+01    3  2654    -1    -5     T
   883  .17280E+04  .20000E+01    3  2657    -1    -5     T
   884  .17300E+04  .20000E+01    3  2660    -1    -5     T
   885  .17320E+04  .20000E+01    3  2663    -1    -5     T
   886  .17340E+04  .20000E+01    3  2666    -1    -5     T
   887  .17360E+04  .20000E+01    3  2669    -1    -5     T
   888  .17380E+04  .20000E+01    3  2672    -1    -5     T
   889  .17400E+04  .20000E+01    3  2675    -1    -5     T
   890  .17420E+04  .20000E+01    3  2678    -1    -5     T
   891  .17440E+04  .20000E+01    3  2681    -1    -5     T
   892  .17460E+04  .20000E+01    3  2684    -1    -5     T
   893  .17480E+04  .20000E+01    3  2687    -1    -5     T
   894  .17500E+04  .20000E+01    3  2690    -1    -5     T
   895  .17520E+04  .20000E+01    3  2693    -1    -5     T
   896  .17540E+04  .20000E+01    3  2696    -1    -5     T
   897  .17560E+04  .20000E+01    3  2699    -1    -5     T
   898  .17580E+04  .20000E+01    3  2702    -1    -5     T
   899  .17600E+04  .20000E+01    3  2705    -1    -5     T
   900  .17620E+04  .20000E+01    3  2708    -1    -5     T
   901  .17640E+04  .20000E+01    3  2711    -1    -5     T
   902  .17660E+04  .20000E+01    3  2714    -1    -5     T
   903  .17680E+04  .20000E+01    3  2717    -1    -5     T
   904  .17700E+04  .20000E+01    3  2720    -1    -5     T
   905  .17720E+04  .20000E+01    3  2723    -1    -5     T
   906  .17740E+04  .20000E+01    3  2726    -1    -5     T
   907  .17760E+04  .20000E+01    3  2729    -1    -5     T
   908  .17780E+04  .20000E+01    3  2732    -1    -5     T
   909  .17800E+04  .20000E+01    3  2735    -1    -5     T
   910  .17820E+04  .20000E+01    3  2738    -1    -5     T
   911  .17840E+04  .20000E+01    3  2741    -1    -5     T
   912  .17860E+04  .20000E+01    3  2744    -1    -5     T
   913  .17880E+04  .20000E+01    3  2747    -1    -5     T
   914  .17900E+04  .20000E+01    3  2750    -1    -5     T
   915  .17920E+04  .20000E+01    3  2753    -1    -5     T
   916  .17940E+04  .20000E+01    3  2756    -1    -5     T
   917  .17960E+04  .20000E+01    3  2759    -1    -5     T
   918  .17980E+04  .20000E+01    3  2762    -1    -5     T
   919  .18000E+04  .20000E+01    3  2765    -1    -5     T
   920  .18020E+04  .20000E+01    3  2768    -1    -5     T
   921  .18040E+04  .20000E+01    3  2771    -1    -5     T
   922  .18060E+04  .20000E+01    3  2774    -1    -5     T
   923  .18080E+04  .20000E+01    3  2777    -1    -5     T
   924  .18100E+04  .20000E+01    3  2780    -1    -5     T
   925  .18120E+04  .20000E+01    3  2783    -1    -5     T
   926  .18140E+04  .20000E+01    3  2786    -1    -5     T
   927  .18160E+04  .20000E+01    3  2789    -1    -5     T
   928  .18180E+04  .20000E+01    3  2792    -1    -5     T
   929  .18200E+04  .20000E+01    3  2795    -1    -5     T
   930  .18220E+04  .20000E+01    3  2798    -1    -5     T
   931  .18240E+04  .20000E+01    3  2801    -1    -5     T
   932  .18260E+04  .20000E+01    3  2804    -1    -5     T
   933  .18280E+04  .20000E+01    3  2807    -1    -5     T
   934  .18300E+04  .20000E+01    3  2810    -1    -5     T
   935  .18320E+04  .20000E+01    3  2813    -1    -5     T
   936  .18340E+04  .20000E+01    3  2816    -1    -5     T
   937  .18360E+04  .20000E+01    3  2819    -1    -5     T
   938  .18380E+04  .20000E+01    3  2822    -1    -5     T
   939  .18400E+04  .20000E+01    3  2825    -1    -5     T
   940  .18420E+04  .20000E+01    3  2828    -1    -5     T
   941  .18440E+04  .20000E+01    3  2831    -1    -5     T
   942  .18460E+04  .20000E+01    3  2834    -1    -5     T
   943  .18480E+04  .20000E+01    3  2837    -1    -5     T
   944  .18500E+04  .20000E+01    3  2840    -1    -5     T
   945  .18520E+04  .20000E+01    3  2843    -1    -5     T
   946  .18540E+04  .20000E+01    3  2846    -1    -5     T
   947  .18560E+04  .20000E+01    3  2849    -1    -5     T
   948  .18580E+04  .20000E+01    3  2852    -1    -5     T
   949  .18600E+04  .20000E+01    3  2855    -1    -5     T
   950  .18620E+04  .20000E+01    3  2858    -1    -5     T
   951  .18640E+04  .20000E+01    3  2861    -1    -5     T
   952  .18660E+04  .20000E+01    3  2864    -1    -5     T
   953  .18680E+04  .20000E+01    3  2867    -1    -5     T
   954  .18700E+04  .20000E+01    3  2870    -1    -5     T
   955  .18720E+04  .20000E+01    3  2873    -1    -5     T
   956  .18740E+04  .20000E+01    3  2876    -1    -5     T
   957  .18760E+04  .20000E+01    3  2879    -1    -5     T
   958  .18780E+04  .20000E+01    3  2882    -1    -5     T
   959  .18800E+04  .20000E+01    3  2885    -1    -5     T
   960  .18820E+04  .20000E+01    3  2888    -1    -5     T
   961  .18840E+04  .20000E+01    3  2891    -1    -5     T
   962  .18860E+04  .20000E+01    3  2894    -1    -5     T
   963  .18880E+04  .20000E+01    3  2897    -1    -5     T
   964  .18900E+04  .20000E+01    3  2900    -1    -5     T
   965  .18920E+04  .20000E+01    3  2903    -1    -5     T
   966  .18940E+04  .20000E+01    3  2906    -1    -5     T
   967  .18960E+04  .20000E+01    3  2909    -1    -5     T
   968  .18980E+04  .20000E+01    3  2912    -1    -5     T
   969  .19000E+04  .20000E+01    3  2915    -1    -5     T
   970  .19020E+04  .20000E+01    3  2918    -1    -5     T
   971  .19040E+04  .20000E+01    3  2921    -1    -5     T
   972  .19060E+04  .20000E+01    3  2924    -1    -5     T
   973  .19080E+04  .20000E+01    3  2927    -1    -5     T
   974  .19100E+04  .20000E+01    3  2930    -1    -5     T
   975  .19120E+04  .20000E+01    3  2933    -1    -5     T
   976  .19140E+04  .20000E+01    3  2936    -1    -5     T
   977  .19160E+04  .20000E+01    3  2939    -1    -5     T
   978  .19180E+04  .20000E+01    3  2942    -1    -5     T
   979  .19200E+04  .20000E+01    3  2945    -1    -5     T
   980  .19220E+04  .20000E+01    3  2948    -1    -5     T
   981  .19240E+04  .20000E+01    3  2951    -1    -5     T
   982  .19260E+04  .20000E+01    3  2954    -1    -5     T
   983  .19280E+04  .20000E+01    3  2957    -1    -5     T
   984  .19300E+04  .20000E+01    3  2960    -1    -5     T
   985  .19320E+04  .20000E+01    3  2963    -1    -5     T
   986  .19340E+04  .20000E+01    3  2966    -1    -5     T
   987  .19360E+04  .20000E+01    3  2969    -1    -5     T
   988  .19380E+04  .20000E+01    3  2972    -1    -5     T
   989  .19400E+04  .20000E+01    3  2975    -1    -5     T
   990  .19420E+04  .20000E+01    3  2978    -1    -5     T
   991  .19440E+04  .20000E+01    3  2981    -1    -5     T
   992  .19460E+04  .20000E+01    3  2984    -1    -5     T
   993  .19480E+04  .20000E+01    3  2987    -1    -5     T
   994  .19500E+04  .20000E+01    3  2990    -1    -5     T
   995  .19520E+04  .20000E+01    3  2993    -1    -5     T
   996  .19540E+04  .20000E+01    3  2996    -1    -5     T
   997  .19560E+04  .20000E+01    3  2999    -1    -5     T
   998  .19580E+04  .20000E+01    3  3002    -1    -5     T
   999  .19600E+04  .20000E+01    3  3005    -1    -5     T
  1000  .19620E+04  .20000E+01    3  3008    -1    -5     T
  1001  .19640E+04  .20000E+01    3  3011    -1    -5     T
  1002  .19660E+04  .20000E+01    3  3014    -1    -5     T
  1003  .19680E+04  .20000E+01    3  3017    -1    -5     T
  1004  .19700E+04  .20000E+01    3  3020    -1    -5     T
  1005  .19720E+04  .20000E+01    3  3023    -1    -5     T
  1006  .19740E+04  .20000E+01    3  3026    -1    -5     T
  1007  .19760E+04  .20000E+01    3  3029    -1    -5     T
  1008  .19780E+04  .20000E+01    3  3032    -1    -5     T
  1009  .19800E+04  .20000E+01    3  3035    -1    -5     T
  1010  .19820E+04  .20000E+01    3  3038    -1    -5     T
  1011  .19840E+04  .20000E+01    3  3041    -1    -5     T
  1012  .19860E+04  .20000E+01    3  3044    -1    -5     T
  1013  .19880E+04  .20000E+01    3  3047    -1    -5     T
  1014  .19900E+04  .20000E+01    3  3050    -1    -5     T
  1015  .19920E+04  .20000E+01    3  3053    -1    -5     T
  1016  .19940E+04  .20000E+01    3  3056    -1    -5     T
  1017  .19960E+04  .20000E+01    3  3059    -1    -5     T
  1018  .19980E+04  .20000E+01    3  3062    -1    -5     T
  1019  .20000E+04  .20000E+01    3  3065    -1    -5     T
  1020  .20020E+04  .20000E+01    3  3068    -1    -5     T
  1021  .20040E+04  .20000E+01    3  3071    -1    -5     T
  1022  .20060E+04  .20000E+01    3  3074    -1    -5     T
  1023  .20080E+04  .20000E+01    3  3077    -1    -5     T
  1024  .20100E+04  .20000E+01    3  3080    -1    -5     T
  1025  .20120E+04  .20000E+01    3  3083    -1    -5     T
  1026  .20140E+04  .20000E+01    3  3086    -1    -5     T
  1027  .20160E+04  .20000E+01    3  3089    -1    -5     T
  1028  .20180E+04  .20000E+01    3  3092    -1    -5     T
  1029  .20200E+04  .20000E+01    3  3095    -1    -5     T
  1030  .20220E+04  .20000E+01    3  3098    -1    -5     T
  1031  .20240E+04  .20000E+01    3  3101    -1    -5     T
  1032  .20260E+04  .20000E+01    3  3104    -1    -5     T
  1033  .20280E+04  .20000E+01    3  3107    -1    -5     T
  1034  .20300E+04  .20000E+01    3  3110    -1    -5     T
  1035  .20320E+04  .20000E+01    3  3113    -1    -5     T
  1036  .20340E+04  .20000E+01    3  3116    -1    -5     T
  1037  .20360E+04  .20000E+01    3  3119    -1    -5     T
  1038  .20380E+04  .20000E+01    3  3122    -1    -5     T
  1039  .20400E+04  .20000E+01    3  3125    -1    -5     T
  1040  .20420E+04  .20000E+01    3  3128    -1    -5     T
  1041  .20440E+04  .20000E+01    3  3131    -1    -5     T
  1042  .20460E+04  .20000E+01    3  3134    -1    -5     T
  1043  .20480E+04  .20000E+01    3  3137    -1    -5     T
  1044  .20500E+04  .20000E+01    3  3140    -1    -5     T
  1045  .20520E+04  .20000E+01    3  3143    -1    -5     T
  1046  .20540E+04  .20000E+01    3  3146    -1    -5     T
  1047  .20560E+04  .20000E+01    3  3149    -1    -5     T
  1048  .20580E+04  .20000E+01    3  3152    -1    -5     T
  1049  .20600E+04  .20000E+01    3  3155    -1    -5     T
  1050  .20620E+04  .20000E+01    3  3158    -1    -5     T
  1051  .20640E+04  .20000E+01    3  3161    -1    -5     T
  1052  .20660E+04  .20000E+01    3  3164    -1    -5     T
  1053  .20680E+04  .20000E+01    3  3167    -1    -5     T
  1054  .20700E+04  .20000E+01    3  3170    -1    -5     T
  1055  .20720E+04  .20000E+01    3  3173    -1    -5     T
  1056  .20740E+04  .20000E+01    3  3176    -1    -5     T
  1057  .20760E+04  .20000E+01    3  3179    -1    -5     T
  1058  .20780E+04  .20000E+01    3  3182    -1    -5     T
  1059  .20800E+04  .20000E+01    3  3185    -1    -5     T
  1060  .20820E+04  .20000E+01    3  3188    -1    -5     T
  1061  .20840E+04  .20000E+01    3  3191    -1    -5     T
  1062  .20860E+04  .20000E+01    3  3194    -1    -5     T
  1063  .20880E+04  .20000E+01    3  3197    -1    -5     T
  1064  .20900E+04  .20000E+01    3  3200    -1    -5     T
  1065  .20920E+04  .20000E+01    3  3203    -1    -5     T
  1066  .20940E+04  .20000E+01    3  3206    -1    -5     T
  1067  .20960E+04  .20000E+01    3  3209    -1    -5     T
  1068  .20980E+04  .20000E+01    3  3212    -1    -5     T
  1069  .21000E+04  .20000E+01    3  3215    -1    -5     T
  1070  .21020E+04  .20000E+01    3  3218    -1    -5     T
  1071  .21040E+04  .20000E+01    3  3221    -1    -5     T
  1072  .21060E+04  .20000E+01    3  3224    -1    -5     T
  1073  .21080E+04  .20000E+01    3  3227    -1    -5     T
  1074  .21100E+04  .20000E+01    3  3230    -1    -5     T
  1075  .21120E+04  .20000E+01    3  3233    -1    -5     T
  1076  .21140E+04  .20000E+01    3  3236    -1    -5     T
  1077  .21160E+04  .20000E+01    3  3239    -1    -5     T
  1078  .21180E+04  .20000E+01    3  3242    -1    -5     T
  1079  .21200E+04  .20000E+01    3  3245    -1    -5     T
  1080  .21220E+04  .20000E+01    3  3248    -1    -5     T
  1081  .21240E+04  .20000E+01    3  3251    -1    -5     T
  1082  .21260E+04  .20000E+01    3  3254    -1    -5     T
  1083  .21280E+04  .20000E+01    3  3257    -1    -5     T
  1084  .21300E+04  .20000E+01    3  3260    -1    -5     T
  1085  .21320E+04  .20000E+01    3  3263    -1    -5     T
  1086  .21340E+04  .20000E+01    3  3266    -1    -5     T
  1087  .21360E+04  .20000E+01    3  3269    -1    -5     T
  1088  .21380E+04  .20000E+01    3  3272    -1    -5     T
  1089  .21400E+04  .20000E+01    3  3275    -1    -5     T
  1090  .21420E+04  .20000E+01    3  3278    -1    -5     T
  1091  .21440E+04  .20000E+01    3  3281    -1    -5     T
  1092  .21460E+04  .20000E+01    3  3284    -1    -5     T
  1093  .21480E+04  .20000E+01    3  3287    -1    -5     T
  1094  .21500E+04  .20000E+01    3  3290    -1    -5     T
  1095  .21520E+04  .20000E+01    3  3293    -1    -5     T
  1096  .21540E+04  .20000E+01    3  3296    -1    -5     T
  1097  .21560E+04  .20000E+01    3  3299    -1    -5     T
  1098  .21580E+04  .20000E+01    3  3302    -1    -5     T
  1099  .21600E+04  .20000E+01    3  3305    -1    -5     T
  1100  .21620E+04  .20000E+01    3  3308    -1    -5     T
  1101  .21640E+04  .20000E+01    3  3311    -1    -5     T
  1102  .21660E+04  .20000E+01    3  3314    -1    -5     T
  1103  .21680E+04  .20000E+01    3  3317    -1    -5     T
  1104  .21700E+04  .20000E+01    3  3320    -1    -5     T
  1105  .21720E+04  .20000E+01    3  3323    -1    -5     T
  1106  .21740E+04  .20000E+01    3  3326    -1    -5     T
  1107  .21760E+04  .20000E+01    3  3329    -1    -5     T
  1108  .21780E+04  .20000E+01    3  3332    -1    -5     T
  1109  .21800E+04  .20000E+01    3  3335    -1    -5     T
  1110  .21820E+04  .20000E+01    3  3338    -1    -5     T
  1111  .21840E+04  .20000E+01    3  3341    -1    -5     T
  1112  .21860E+04  .20000E+01    3  3344    -1    -5     T
  1113  .21880E+04  .20000E+01    3  3347    -1    -5     T
  1114  .21900E+04  .20000E+01    3  3350    -1    -5     T
  1115  .21920E+04  .20000E+01    3  3353    -1    -5     T
  1116  .21940E+04  .20000E+01    3  3356    -1    -5     T
  1117  .21960E+04  .20000E+01    3  3359    -1    -5     T
  1118  .21980E+04  .20000E+01    3  3362    -1    -5     T
  1119  .22000E+04  .20000E+01    3  3365    -1    -5     T
  1120  .22020E+04  .20000E+01    3  3368    -1    -5     T
  1121  .22040E+04  .20000E+01    3  3371    -1    -5     T
  1122  .22060E+04  .20000E+01    3  3374    -1    -5     T
  1123  .22080E+04  .20000E+01    3  3377    -1    -5     T
  1124  .22100E+04  .20000E+01    3  3380    -1    -5     T
  1125  .22120E+04  .20000E+01    3  3383    -1    -5     T
  1126  .22140E+04  .20000E+01    3  3386    -1    -5     T
  1127  .22160E+04  .20000E+01    3  3389    -1    -5     T
  1128  .22180E+04  .20000E+01    3  3392    -1    -5     T
  1129  .22200E+04  .20000E+01    3  3395    -1    -5     T
  1130  .22220E+04  .20000E+01    3  3398    -1    -5     T
  1131  .22240E+04  .20000E+01    3  3401    -1    -5     T
  1132  .22260E+04  .20000E+01    3  3404    -1    -5     T
  1133  .22280E+04  .20000E+01    3  3407    -1    -5     T
  1134  .22300E+04  .20000E+01    3  3410    -1    -5     T
  1135  .22320E+04  .20000E+01    3  3413    -1    -5     T
  1136  .22340E+04  .20000E+01    3  3416    -1    -5     T
  1137  .22360E+04  .20000E+01    3  3419    -1    -5     T
  1138  .22380E+04  .20000E+01    3  3422    -1    -5     T
  1139  .22400E+04  .20000E+01    3  3425    -1    -5     T
  1140  .22420E+04  .20000E+01    3  3428    -1    -5     T
  1141  .22440E+04  .20000E+01    3  3431    -1    -5     T
  1142  .22460E+04  .20000E+01    3  3434    -1    -5     T
  1143  .22480E+04  .20000E+01    3  3437    -1    -5     T
  1144  .22500E+04  .20000E+01    3  3440    -1    -5     T
  1145  .22520E+04  .20000E+01    3  3443    -1    -5     T
  1146  .22540E+04  .20000E+01    3  3446    -1    -5     T
  1147  .22560E+04  .20000E+01    3  3449    -1    -5     T
  1148  .22580E+04  .20000E+01    3  3452    -1    -5     T
  1149  .22600E+04  .20000E+01    3  3455    -1    -5     T
  1150  .22620E+04  .20000E+01    3  3458    -1    -5     T
  1151  .22640E+04  .20000E+01    3  3461    -1    -5     T
  1152  .22660E+04  .20000E+01    3  3464    -1    -5     T
  1153  .22680E+04  .20000E+01    3  3467    -1    -5     T
  1154  .22700E+04  .20000E+01    3  3470    -1    -5     T
  1155  .22720E+04  .20000E+01    3  3473    -1    -5     T
  1156  .22740E+04  .20000E+01    3  3476    -1    -5     T
  1157  .22760E+04  .20000E+01    3  3479    -1    -5     T
  1158  .22780E+04  .20000E+01    3  3482    -1    -5     T
  1159  .22800E+04  .20000E+01    3  3485    -1    -5     T
  1160  .22820E+04  .20000E+01    3  3488    -1    -5     T
  1161  .22840E+04  .20000E+01    3  3491    -1    -5     T
  1162  .22860E+04  .20000E+01    3  3494    -1    -5     T
  1163  .22880E+04  .20000E+01    3  3497    -1    -5     T
  1164  .22900E+04  .20000E+01    3  3500    -1    -5     T
  1165  .22920E+04  .20000E+01    3  3503    -1    -5     T
  1166  .22940E+04  .20000E+01    3  3506    -1    -5     T
  1167  .22960E+04  .20000E+01    3  3509    -1    -5     T
  1168  .22980E+04  .20000E+01    3  3512    -1    -5     T
  1169  .23000E+04  .20000E+01    3  3515    -1    -5     T
  1170  .23020E+04  .20000E+01    3  3518    -1    -5     T
  1171  .23040E+04  .20000E+01    3  3521    -1    -5     T
  1172  .23060E+04  .20000E+01    3  3524    -1    -5     T
  1173  .23080E+04  .20000E+01    3  3527    -1    -5     T
  1174  .23100E+04  .20000E+01    3  3530    -1    -5     T
  1175  .23120E+04  .20000E+01    3  3533    -1    -5     T
  1176  .23140E+04  .20000E+01    3  3536    -1    -5     T
  1177  .23160E+04  .20000E+01    3  3539    -1    -5     T
  1178  .23180E+04  .20000E+01    3  3542    -1    -5     T
  1179  .23200E+04  .20000E+01    3  3545    -1    -5     T
  1180  .23220E+04  .20000E+01    3  3548    -1    -5     T
  1181  .23240E+04  .20000E+01    3  3551    -1    -5     T
  1182  .23260E+04  .20000E+01    3  3554    -1    -5     T
  1183  .23280E+04  .20000E+01    3  3557    -1    -5     T
  1184  .23300E+04  .20000E+01    3  3560    -1    -5     T
  1185  .23320E+04  .20000E+01    3  3563    -1    -5     T
  1186  .23340E+04  .20000E+01    3  3566    -1    -5     T
  1187  .23360E+04  .20000E+01    3  3569    -1    -5     T
  1188  .23380E+04  .20000E+01    3  3572    -1    -5     T
  1189  .23400E+04  .20000E+01    3  3575    -1    -5     T
  1190  .23420E+04  .20000E+01    3  3578    -1    -5     T
  1191  .23440E+04  .20000E+01    3  3581    -1    -5     T
  1192  .23460E+04  .20000E+01    3  3584    -1    -5     T
  1193  .23480E+04  .20000E+01    3  3587    -1    -5     T
  1194  .23500E+04  .20000E+01    3  3590    -1    -5     T
  1195  .23520E+04  .20000E+01    3  3593    -1    -5     T
  1196  .23540E+04  .20000E+01    3  3596    -1    -5     T
  1197  .23560E+04  .20000E+01    3  3599    -1    -5     T
  1198  .23580E+04  .20000E+01    3  3602    -1    -5     T
  1199  .23600E+04  .20000E+01    3  3605    -1    -5     T
  1200  .23620E+04  .20000E+01    3  3608    -1    -5     T
  1201  .23640E+04  .20000E+01    3  3611    -1    -5     T
  1202  .23660E+04  .20000E+01    3  3614    -1    -5     T
  1203  .23680E+04  .20000E+01    3  3617    -1    -5     T
  1204  .23700E+04  .20000E+01    3  3620    -1    -5     T
  1205  .23720E+04  .20000E+01    3  3623    -1    -5     T
  1206  .23740E+04  .20000E+01    3  3626    -1    -5     T
  1207  .23760E+04  .20000E+01    3  3629    -1    -5     T
  1208  .23780E+04  .20000E+01    3  3632    -1    -5     T
  1209  .23800E+04  .20000E+01    3  3635    -1    -5     T
  1210  .23820E+04  .20000E+01    3  3638    -1    -5     T
  1211  .23840E+04  .20000E+01    3  3641    -1    -5     T
  1212  .23860E+04  .20000E+01    3  3644    -1    -5     T
  1213  .23880E+04  .20000E+01    3  3647    -1    -5     T
  1214  .23900E+04  .20000E+01    3  3650    -1    -5     T
  1215  .23920E+04  .20000E+01    3  3653    -1    -5     T
  1216  .23940E+04  .20000E+01    3  3656    -1    -5     T
  1217  .23960E+04  .20000E+01    3  3659    -1    -5     T
  1218  .23980E+04  .20000E+01    3  3662    -1    -5     T
  1219  .24000E+04  .20000E+01    3  3665    -1    -5     T
end
 
 Real time [sec]       7.000000000000000
