 ******* Program HYDRUS
 ******* Upward infiltration with bottom tension                                
  
 Date:   1.10.    Time:  14: 8:38
 Units: L = cm   , T = sec  , M = mmol 

-----------------------------------------------------
 Time       [T]       .0000
-----------------------------------------------------
 Sub-region num.                   1
-----------------------------------------------------
 Area     [L]         .760E+01   .760E+01
 W-volume [L]         .103E+01   .103E+01
 In-flow  [L/T]       .000E+00   .000E+00
 h Mean   [L]        -.746E+03  -.746E+03
 Top Flux [L/T]      -.532E-09
 Bot Flux [L/T]       .905E+00
-----------------------------------------------------

-----------------------------------------------------
 Time       [T]    720.0000
-----------------------------------------------------
 Sub-region num.                   1
-----------------------------------------------------
 Area     [L]         .760E+01   .760E+01
 W-volume [L]         .184E+01   .184E+01
 In-flow  [L/T]       .537E-03   .537E-03
 h Mean   [L]        -.423E+03  -.423E+03
 Top Flux [L/T]      -.421E-09
 Bot Flux [L/T]       .537E-03
 WatBalT  [L]         .238E-06
 WatBalR  [%]             .000
-----------------------------------------------------

-----------------------------------------------------
 Time       [T]   1440.0000
-----------------------------------------------------
 Sub-region num.                   1
-----------------------------------------------------
 Area     [L]         .760E+01   .760E+01
 W-volume [L]         .215E+01   .215E+01
 In-flow  [L/T]       .364E-03   .364E-03
 h Mean   [L]        -.301E+03  -.301E+03
 Top Flux [L/T]      -.343E-09
 Bot Flux [L/T]       .364E-03
 WatBalT  [L]         .238E-06
 WatBalR  [%]             .000
-----------------------------------------------------

-----------------------------------------------------
 Time       [T]   2160.0000
-----------------------------------------------------
 Sub-region num.                   1
-----------------------------------------------------
 Area     [L]         .760E+01   .760E+01
 W-volume [L]         .239E+01   .239E+01
 In-flow  [L/T]       .289E-03   .289E-03
 h Mean   [L]        -.209E+03  -.209E+03
 Top Flux [L/T]      -.286E-09
 Bot Flux [L/T]       .289E-03
 WatBalT  [L]         .834E-06
 WatBalR  [%]             .000
-----------------------------------------------------

-----------------------------------------------------
 Time       [T]   2880.0000
-----------------------------------------------------
 Sub-region num.                   1
-----------------------------------------------------
 Area     [L]         .760E+01   .760E+01
 W-volume [L]         .258E+01   .258E+01
 In-flow  [L/T]       .244E-03   .244E-03
 h Mean   [L]        -.133E+03  -.133E+03
 Top Flux [L/T]      -.240E-09
 Bot Flux [L/T]       .244E-03
 WatBalT  [L]         .238E-06
 WatBalR  [%]             .000
-----------------------------------------------------

-----------------------------------------------------
 Time       [T]   3600.0000
-----------------------------------------------------
 Sub-region num.                   1
-----------------------------------------------------
 Area     [L]         .760E+01   .760E+01
 W-volume [L]         .274E+01   .274E+01
 In-flow  [L/T]       .214E-03   .214E-03
 h Mean   [L]        -.668E+02  -.668E+02
 Top Flux [L/T]       .105E-06
 Bot Flux [L/T]       .214E-03
 WatBalT  [L]         .477E-06
 WatBalR  [%]             .000
-----------------------------------------------------

-----------------------------------------------------
 Time       [T]   4320.0000
-----------------------------------------------------
 Sub-region num.                   1
-----------------------------------------------------
 Area     [L]         .760E+01   .760E+01
 W-volume [L]         .289E+01   .289E+01
 In-flow  [L/T]       .192E-03   .192E-03
 h Mean   [L]        -.218E+02  -.218E+02
 Top Flux [L/T]       .322E-04
 Bot Flux [L/T]       .192E-03
 WatBalT  [L]         .477E-06
 WatBalR  [%]             .000
-----------------------------------------------------

-----------------------------------------------------
 Time       [T]   5040.0000
-----------------------------------------------------
 Sub-region num.                   1
-----------------------------------------------------
 Area     [L]         .760E+01   .760E+01
 W-volume [L]         .302E+01   .302E+01
 In-flow  [L/T]       .169E-03   .169E-03
 h Mean   [L]        -.131E+02  -.131E+02
 Top Flux [L/T]       .115E-04
 Bot Flux [L/T]       .169E-03
 WatBalT  [L]         .596E-06
 WatBalR  [%]             .000
-----------------------------------------------------

-----------------------------------------------------
 Time       [T]   5760.0000
-----------------------------------------------------
 Sub-region num.                   1
-----------------------------------------------------
 Area     [L]         .760E+01   .760E+01
 W-volume [L]         .312E+01   .312E+01
 In-flow  [L/T]       .117E-03   .117E-03
 h Mean   [L]        -.873E+01  -.873E+01
 Top Flux [L/T]       .499E-05
 Bot Flux [L/T]       .117E-03
 WatBalT  [L]         .143E-05
 WatBalR  [%]             .000
-----------------------------------------------------

-----------------------------------------------------
 Time       [T]   6480.0000
-----------------------------------------------------
 Sub-region num.                   1
-----------------------------------------------------
 Area     [L]         .760E+01   .760E+01
 W-volume [L]         .317E+01   .317E+01
 In-flow  [L/T]       .550E-04   .550E-04
 h Mean   [L]        -.627E+01  -.627E+01
 Top Flux [L/T]       .197E-05
 Bot Flux [L/T]       .550E-04
 WatBalT  [L]         .477E-06
 WatBalR  [%]             .000
-----------------------------------------------------

-----------------------------------------------------
 Time       [T]   7200.0000
-----------------------------------------------------
 Sub-region num.                   1
-----------------------------------------------------
 Area     [L]         .760E+01   .760E+01
 W-volume [L]         .320E+01   .320E+01
 In-flow  [L/T]       .189E-04   .189E-04
 h Mean   [L]        -.526E+01  -.526E+01
 Top Flux [L/T]       .658E-06
 Bot Flux [L/T]       .189E-04
 WatBalT  [L]         .954E-06
 WatBalR  [%]             .000
-----------------------------------------------------

-----------------------------------------------------
 Time       [T]  10800.0000
-----------------------------------------------------
 Sub-region num.                   1
-----------------------------------------------------
 Area     [L]         .760E+01   .760E+01
 W-volume [L]         .320E+01   .320E+01
 In-flow  [L/T]       .112E-06   .112E-06
 h Mean   [L]        -.480E+01  -.480E+01
 Top Flux [L/T]       .370E-08
 Bot Flux [L/T]       .112E-06
 WatBalT  [L]         .191E-05
 WatBalR  [%]             .000
-----------------------------------------------------
