 ******* Program HYDRUS
 ******* Upward infiltration with bottom tension                                
  
 Date:   1.10.    Time:  14: 8:38
 Units: L = cm   , T = sec  , M = mmol 

       Time        rTop      rRoot      vTop       vRoot      vBot     sum(rTop) sum(rRoot)  sum(vTop) sum(vRoot)  sum(vBot)    hTop       hRoot      hBot      t-level
        [T]       [L/T]      [L/T]      [L/T]      [L/T]      [L/T]       [L]        [L]        [L]        [L]        [L]        [L]        [L]        [L]

       1.00000   .000E+00   .000E+00  -.532E-09   .000E+00   .294E-01   .000E+00   .000E+00  -.532E-09   .000E+00   .294E-01  -.750E+03   .000E+00  -.100E+01       1
       1.70010   .000E+00   .000E+00  -.532E-09   .000E+00   .166E-01   .000E+00   .000E+00  -.904E-09   .000E+00   .410E-01  -.750E+03   .000E+00  -.100E+01       2
       2.19007   .000E+00   .000E+00  -.531E-09   .000E+00   .131E-01   .000E+00   .000E+00  -.116E-08   .000E+00   .475E-01  -.750E+03   .000E+00  -.100E+01       3
       2.53303   .000E+00   .000E+00  -.532E-09   .000E+00   .117E-01   .000E+00   .000E+00  -.135E-08   .000E+00   .515E-01  -.750E+03   .000E+00  -.100E+01       4
       2.77314   .000E+00   .000E+00  -.532E-09   .000E+00   .109E-01   .000E+00   .000E+00  -.147E-08   .000E+00   .541E-01  -.750E+03   .000E+00  -.100E+01       5
       2.94123   .000E+00   .000E+00  -.532E-09   .000E+00   .104E-01   .000E+00   .000E+00  -.156E-08   .000E+00   .558E-01  -.750E+03   .000E+00  -.100E+01       6
       3.10932   .000E+00   .000E+00  -.532E-09   .000E+00   .100E-01   .000E+00   .000E+00  -.165E-08   .000E+00   .575E-01  -.750E+03   .000E+00  -.100E+01       7
       3.27740   .000E+00   .000E+00  -.532E-09   .000E+00   .970E-02   .000E+00   .000E+00  -.174E-08   .000E+00   .592E-01  -.750E+03   .000E+00  -.100E+01       8
       3.44549   .000E+00   .000E+00  -.532E-09   .000E+00   .938E-02   .000E+00   .000E+00  -.183E-08   .000E+00   .607E-01  -.750E+03   .000E+00  -.100E+01       9
       3.61358   .000E+00   .000E+00  -.532E-09   .000E+00   .907E-02   .000E+00   .000E+00  -.192E-08   .000E+00   .623E-01  -.750E+03   .000E+00  -.100E+01      10
       3.78167   .000E+00   .000E+00  -.532E-09   .000E+00   .881E-02   .000E+00   .000E+00  -.201E-08   .000E+00   .637E-01  -.750E+03   .000E+00  -.100E+01      11
       3.94975   .000E+00   .000E+00  -.532E-09   .000E+00   .858E-02   .000E+00   .000E+00  -.210E-08   .000E+00   .652E-01  -.750E+03   .000E+00  -.100E+01      12
       4.11784   .000E+00   .000E+00  -.532E-09   .000E+00   .837E-02   .000E+00   .000E+00  -.219E-08   .000E+00   .666E-01  -.750E+03   .000E+00  -.100E+01      13
       4.28593   .000E+00   .000E+00  -.532E-09   .000E+00   .817E-02   .000E+00   .000E+00  -.228E-08   .000E+00   .680E-01  -.750E+03   .000E+00  -.100E+01      14
       4.50440   .000E+00   .000E+00  -.532E-09   .000E+00   .794E-02   .000E+00   .000E+00  -.240E-08   .000E+00   .697E-01  -.750E+03   .000E+00  -.100E+01      15
       4.72287   .000E+00   .000E+00  -.532E-09   .000E+00   .773E-02   .000E+00   .000E+00  -.251E-08   .000E+00   .714E-01  -.750E+03   .000E+00  -.100E+01      16
       4.94134   .000E+00   .000E+00  -.532E-09   .000E+00   .753E-02   .000E+00   .000E+00  -.263E-08   .000E+00   .730E-01  -.750E+03   .000E+00  -.100E+01      17
       5.15981   .000E+00   .000E+00  -.532E-09   .000E+00   .735E-02   .000E+00   .000E+00  -.274E-08   .000E+00   .746E-01  -.750E+03   .000E+00  -.100E+01      18
       5.37829   .000E+00   .000E+00  -.532E-09   .000E+00   .718E-02   .000E+00   .000E+00  -.286E-08   .000E+00   .762E-01  -.750E+03   .000E+00  -.100E+01      19
       5.59676   .000E+00   .000E+00  -.532E-09   .000E+00   .702E-02   .000E+00   .000E+00  -.298E-08   .000E+00   .777E-01  -.750E+03   .000E+00  -.100E+01      20
       5.81523   .000E+00   .000E+00  -.532E-09   .000E+00   .685E-02   .000E+00   .000E+00  -.309E-08   .000E+00   .792E-01  -.750E+03   .000E+00  -.100E+01      21
       6.03370   .000E+00   .000E+00  -.532E-09   .000E+00   .670E-02   .000E+00   .000E+00  -.321E-08   .000E+00   .807E-01  -.750E+03   .000E+00  -.100E+01      22
       6.25217   .000E+00   .000E+00  -.532E-09   .000E+00   .657E-02   .000E+00   .000E+00  -.332E-08   .000E+00   .821E-01  -.750E+03   .000E+00  -.100E+01      23
       6.47065   .000E+00   .000E+00  -.532E-09   .000E+00   .645E-02   .000E+00   .000E+00  -.344E-08   .000E+00   .835E-01  -.750E+03   .000E+00  -.100E+01      24
       6.75469   .000E+00   .000E+00  -.532E-09   .000E+00   .630E-02   .000E+00   .000E+00  -.359E-08   .000E+00   .853E-01  -.750E+03   .000E+00  -.100E+01      25
       7.03874   .000E+00   .000E+00  -.532E-09   .000E+00   .616E-02   .000E+00   .000E+00  -.374E-08   .000E+00   .871E-01  -.750E+03   .000E+00  -.100E+01      26
       7.32279   .000E+00   .000E+00  -.532E-09   .000E+00   .602E-02   .000E+00   .000E+00  -.389E-08   .000E+00   .888E-01  -.750E+03   .000E+00  -.100E+01      27
       7.60684   .000E+00   .000E+00  -.532E-09   .000E+00   .590E-02   .000E+00   .000E+00  -.404E-08   .000E+00   .905E-01  -.750E+03   .000E+00  -.100E+01      28
       7.89089   .000E+00   .000E+00  -.532E-09   .000E+00   .578E-02   .000E+00   .000E+00  -.420E-08   .000E+00   .921E-01  -.750E+03   .000E+00  -.100E+01      29
       8.17494   .000E+00   .000E+00  -.532E-09   .000E+00   .567E-02   .000E+00   .000E+00  -.435E-08   .000E+00   .937E-01  -.750E+03   .000E+00  -.100E+01      30
       8.45898   .000E+00   .000E+00  -.532E-09   .000E+00   .556E-02   .000E+00   .000E+00  -.450E-08   .000E+00   .953E-01  -.750E+03   .000E+00  -.100E+01      31
       8.74303   .000E+00   .000E+00  -.532E-09   .000E+00   .547E-02   .000E+00   .000E+00  -.465E-08   .000E+00   .969E-01  -.750E+03   .000E+00  -.100E+01      32
       9.02708   .000E+00   .000E+00  -.532E-09   .000E+00   .537E-02   .000E+00   .000E+00  -.480E-08   .000E+00   .984E-01  -.750E+03   .000E+00  -.100E+01      33
       9.39642   .000E+00   .000E+00  -.532E-09   .000E+00   .527E-02   .000E+00   .000E+00  -.500E-08   .000E+00   .100E+00  -.750E+03   .000E+00  -.100E+01      34
       9.76575   .000E+00   .000E+00  -.532E-09   .000E+00   .516E-02   .000E+00   .000E+00  -.519E-08   .000E+00   .102E+00  -.750E+03   .000E+00  -.100E+01      35
      10.13509   .000E+00   .000E+00  -.532E-09   .000E+00   .505E-02   .000E+00   .000E+00  -.539E-08   .000E+00   .104E+00  -.750E+03   .000E+00  -.100E+01      36
      10.50443   .000E+00   .000E+00  -.532E-09   .000E+00   .495E-02   .000E+00   .000E+00  -.559E-08   .000E+00   .106E+00  -.750E+03   .000E+00  -.100E+01      37
      10.98446   .000E+00   .000E+00  -.532E-09   .000E+00   .483E-02   .000E+00   .000E+00  -.584E-08   .000E+00   .108E+00  -.750E+03   .000E+00  -.100E+01      38
      11.46450   .000E+00   .000E+00  -.532E-09   .000E+00   .472E-02   .000E+00   .000E+00  -.610E-08   .000E+00   .111E+00  -.750E+03   .000E+00  -.100E+01      39
      11.94454   .000E+00   .000E+00  -.532E-09   .000E+00   .463E-02   .000E+00   .000E+00  -.635E-08   .000E+00   .113E+00  -.750E+03   .000E+00  -.100E+01      40
      12.42458   .000E+00   .000E+00  -.532E-09   .000E+00   .454E-02   .000E+00   .000E+00  -.661E-08   .000E+00   .115E+00  -.750E+03   .000E+00  -.100E+01      41
      12.90461   .000E+00   .000E+00  -.532E-09   .000E+00   .444E-02   .000E+00   .000E+00  -.686E-08   .000E+00   .117E+00  -.750E+03   .000E+00  -.100E+01      42
      13.38465   .000E+00   .000E+00  -.532E-09   .000E+00   .436E-02   .000E+00   .000E+00  -.712E-08   .000E+00   .119E+00  -.750E+03   .000E+00  -.100E+01      43
      13.86469   .000E+00   .000E+00  -.532E-09   .000E+00   .427E-02   .000E+00   .000E+00  -.737E-08   .000E+00   .121E+00  -.750E+03   .000E+00  -.100E+01      44
      14.34473   .000E+00   .000E+00  -.532E-09   .000E+00   .420E-02   .000E+00   .000E+00  -.763E-08   .000E+00   .123E+00  -.750E+03   .000E+00  -.100E+01      45
      14.82476   .000E+00   .000E+00  -.532E-09   .000E+00   .413E-02   .000E+00   .000E+00  -.788E-08   .000E+00   .125E+00  -.750E+03   .000E+00  -.100E+01      46
      15.30480   .000E+00   .000E+00  -.531E-09   .000E+00   .406E-02   .000E+00   .000E+00  -.814E-08   .000E+00   .127E+00  -.750E+03   .000E+00  -.100E+01      47
      15.78484   .000E+00   .000E+00  -.531E-09   .000E+00   .399E-02   .000E+00   .000E+00  -.839E-08   .000E+00   .129E+00  -.750E+03   .000E+00  -.100E+01      48
      16.26488   .000E+00   .000E+00  -.532E-09   .000E+00   .393E-02   .000E+00   .000E+00  -.865E-08   .000E+00   .131E+00  -.750E+03   .000E+00  -.100E+01      49
      16.74492   .000E+00   .000E+00  -.532E-09   .000E+00   .387E-02   .000E+00   .000E+00  -.890E-08   .000E+00   .133E+00  -.750E+03   .000E+00  -.100E+01      50
      17.22495   .000E+00   .000E+00  -.532E-09   .000E+00   .381E-02   .000E+00   .000E+00  -.916E-08   .000E+00   .135E+00  -.750E+03   .000E+00  -.100E+01      51
      17.70499   .000E+00   .000E+00  -.532E-09   .000E+00   .376E-02   .000E+00   .000E+00  -.941E-08   .000E+00   .136E+00  -.750E+03   .000E+00  -.100E+01      52
      18.18503   .000E+00   .000E+00  -.532E-09   .000E+00   .371E-02   .000E+00   .000E+00  -.967E-08   .000E+00   .138E+00  -.750E+03   .000E+00  -.100E+01      53
      18.66507   .000E+00   .000E+00  -.532E-09   .000E+00   .365E-02   .000E+00   .000E+00  -.992E-08   .000E+00   .140E+00  -.750E+03   .000E+00  -.100E+01      54
      19.14510   .000E+00   .000E+00  -.532E-09   .000E+00   .360E-02   .000E+00   .000E+00  -.102E-07   .000E+00   .142E+00  -.750E+03   .000E+00  -.100E+01      55
      19.62514   .000E+00   .000E+00  -.532E-09   .000E+00   .356E-02   .000E+00   .000E+00  -.104E-07   .000E+00   .143E+00  -.750E+03   .000E+00  -.100E+01      56
      20.10518   .000E+00   .000E+00  -.532E-09   .000E+00   .351E-02   .000E+00   .000E+00  -.107E-07   .000E+00   .145E+00  -.750E+03   .000E+00  -.100E+01      57
      20.58522   .000E+00   .000E+00  -.531E-09   .000E+00   .347E-02   .000E+00   .000E+00  -.109E-07   .000E+00   .147E+00  -.750E+03   .000E+00  -.100E+01      58
      21.06525   .000E+00   .000E+00  -.532E-09   .000E+00   .343E-02   .000E+00   .000E+00  -.112E-07   .000E+00   .148E+00  -.750E+03   .000E+00  -.100E+01      59
      21.54529   .000E+00   .000E+00  -.532E-09   .000E+00   .339E-02   .000E+00   .000E+00  -.115E-07   .000E+00   .150E+00  -.750E+03   .000E+00  -.100E+01      60
      22.16947   .000E+00   .000E+00  -.532E-09   .000E+00   .334E-02   .000E+00   .000E+00  -.118E-07   .000E+00   .152E+00  -.750E+03   .000E+00  -.100E+01      61
      22.79365   .000E+00   .000E+00  -.532E-09   .000E+00   .330E-02   .000E+00   .000E+00  -.121E-07   .000E+00   .154E+00  -.750E+03   .000E+00  -.100E+01      62
      23.41783   .000E+00   .000E+00  -.532E-09   .000E+00   .325E-02   .000E+00   .000E+00  -.125E-07   .000E+00   .156E+00  -.750E+03   .000E+00  -.100E+01      63
      24.04200   .000E+00   .000E+00  -.532E-09   .000E+00   .321E-02   .000E+00   .000E+00  -.128E-07   .000E+00   .158E+00  -.750E+03   .000E+00  -.100E+01      64
      24.85314   .000E+00   .000E+00  -.532E-09   .000E+00   .315E-02   .000E+00   .000E+00  -.132E-07   .000E+00   .161E+00  -.750E+03   .000E+00  -.100E+01      65
      25.66428   .000E+00   .000E+00  -.532E-09   .000E+00   .309E-02   .000E+00   .000E+00  -.136E-07   .000E+00   .163E+00  -.750E+03   .000E+00  -.100E+01      66
      26.47542   .000E+00   .000E+00  -.532E-09   .000E+00   .304E-02   .000E+00   .000E+00  -.141E-07   .000E+00   .166E+00  -.750E+03   .000E+00  -.100E+01      67
      27.28656   .000E+00   .000E+00  -.532E-09   .000E+00   .300E-02   .000E+00   .000E+00  -.145E-07   .000E+00   .168E+00  -.750E+03   .000E+00  -.100E+01      68
      28.09770   .000E+00   .000E+00  -.532E-09   .000E+00   .296E-02   .000E+00   .000E+00  -.149E-07   .000E+00   .171E+00  -.750E+03   .000E+00  -.100E+01      69
      28.90884   .000E+00   .000E+00  -.532E-09   .000E+00   .292E-02   .000E+00   .000E+00  -.154E-07   .000E+00   .173E+00  -.750E+03   .000E+00  -.100E+01      70
      29.71998   .000E+00   .000E+00  -.532E-09   .000E+00   .288E-02   .000E+00   .000E+00  -.158E-07   .000E+00   .175E+00  -.750E+03   .000E+00  -.100E+01      71
      30.53112   .000E+00   .000E+00  -.532E-09   .000E+00   .284E-02   .000E+00   .000E+00  -.162E-07   .000E+00   .178E+00  -.750E+03   .000E+00  -.100E+01      72
      31.34226   .000E+00   .000E+00  -.532E-09   .000E+00   .280E-02   .000E+00   .000E+00  -.167E-07   .000E+00   .180E+00  -.750E+03   .000E+00  -.100E+01      73
      32.15340   .000E+00   .000E+00  -.532E-09   .000E+00   .276E-02   .000E+00   .000E+00  -.171E-07   .000E+00   .182E+00  -.750E+03   .000E+00  -.100E+01      74
      32.96454   .000E+00   .000E+00  -.532E-09   .000E+00   .272E-02   .000E+00   .000E+00  -.175E-07   .000E+00   .184E+00  -.750E+03   .000E+00  -.100E+01      75
      33.77568   .000E+00   .000E+00  -.531E-09   .000E+00   .268E-02   .000E+00   .000E+00  -.180E-07   .000E+00   .186E+00  -.750E+03   .000E+00  -.100E+01      76
      34.82979   .000E+00   .000E+00  -.532E-09   .000E+00   .264E-02   .000E+00   .000E+00  -.185E-07   .000E+00   .189E+00  -.750E+03   .000E+00  -.100E+01      77
      35.88390   .000E+00   .000E+00  -.532E-09   .000E+00   .260E-02   .000E+00   .000E+00  -.191E-07   .000E+00   .192E+00  -.750E+03   .000E+00  -.100E+01      78
      36.93800   .000E+00   .000E+00  -.532E-09   .000E+00   .257E-02   .000E+00   .000E+00  -.196E-07   .000E+00   .195E+00  -.750E+03   .000E+00  -.100E+01      79
      37.99211   .000E+00   .000E+00  -.531E-09   .000E+00   .253E-02   .000E+00   .000E+00  -.202E-07   .000E+00   .197E+00  -.750E+03   .000E+00  -.100E+01      80
      39.04622   .000E+00   .000E+00  -.532E-09   .000E+00   .249E-02   .000E+00   .000E+00  -.208E-07   .000E+00   .200E+00  -.750E+03   .000E+00  -.100E+01      81
      40.10033   .000E+00   .000E+00  -.532E-09   .000E+00   .246E-02   .000E+00   .000E+00  -.213E-07   .000E+00   .203E+00  -.750E+03   .000E+00  -.100E+01      82
      41.15443   .000E+00   .000E+00  -.531E-09   .000E+00   .242E-02   .000E+00   .000E+00  -.219E-07   .000E+00   .205E+00  -.750E+03   .000E+00  -.100E+01      83
      42.20854   .000E+00   .000E+00  -.532E-09   .000E+00   .239E-02   .000E+00   .000E+00  -.224E-07   .000E+00   .208E+00  -.750E+03   .000E+00  -.100E+01      84
      43.26265   .000E+00   .000E+00  -.531E-09   .000E+00   .237E-02   .000E+00   .000E+00  -.230E-07   .000E+00   .210E+00  -.750E+03   .000E+00  -.100E+01      85
      44.31676   .000E+00   .000E+00  -.532E-09   .000E+00   .234E-02   .000E+00   .000E+00  -.236E-07   .000E+00   .213E+00  -.750E+03   .000E+00  -.100E+01      86
      45.37086   .000E+00   .000E+00  -.532E-09   .000E+00   .231E-02   .000E+00   .000E+00  -.241E-07   .000E+00   .215E+00  -.750E+03   .000E+00  -.100E+01      87
      46.42497   .000E+00   .000E+00  -.532E-09   .000E+00   .228E-02   .000E+00   .000E+00  -.247E-07   .000E+00   .217E+00  -.750E+03   .000E+00  -.100E+01      88
      47.47908   .000E+00   .000E+00  -.532E-09   .000E+00   .225E-02   .000E+00   .000E+00  -.252E-07   .000E+00   .220E+00  -.750E+03   .000E+00  -.100E+01      89
      48.53319   .000E+00   .000E+00  -.532E-09   .000E+00   .223E-02   .000E+00   .000E+00  -.258E-07   .000E+00   .222E+00  -.750E+03   .000E+00  -.100E+01      90
      49.58730   .000E+00   .000E+00  -.531E-09   .000E+00   .220E-02   .000E+00   .000E+00  -.264E-07   .000E+00   .224E+00  -.750E+03   .000E+00  -.100E+01      91
      50.64140   .000E+00   .000E+00  -.531E-09   .000E+00   .218E-02   .000E+00   .000E+00  -.269E-07   .000E+00   .227E+00  -.750E+03   .000E+00  -.100E+01      92
      51.69551   .000E+00   .000E+00  -.532E-09   .000E+00   .216E-02   .000E+00   .000E+00  -.275E-07   .000E+00   .229E+00  -.750E+03   .000E+00  -.100E+01      93
      52.74962   .000E+00   .000E+00  -.532E-09   .000E+00   .214E-02   .000E+00   .000E+00  -.280E-07   .000E+00   .231E+00  -.750E+03   .000E+00  -.100E+01      94
      53.80373   .000E+00   .000E+00  -.532E-09   .000E+00   .211E-02   .000E+00   .000E+00  -.286E-07   .000E+00   .234E+00  -.750E+03   .000E+00  -.100E+01      95
      54.85783   .000E+00   .000E+00  -.532E-09   .000E+00   .209E-02   .000E+00   .000E+00  -.292E-07   .000E+00   .236E+00  -.750E+03   .000E+00  -.100E+01      96
      55.91194   .000E+00   .000E+00  -.532E-09   .000E+00   .207E-02   .000E+00   .000E+00  -.297E-07   .000E+00   .238E+00  -.750E+03   .000E+00  -.100E+01      97
      56.96605   .000E+00   .000E+00  -.531E-09   .000E+00   .205E-02   .000E+00   .000E+00  -.303E-07   .000E+00   .240E+00  -.750E+03   .000E+00  -.100E+01      98
      58.02016   .000E+00   .000E+00  -.532E-09   .000E+00   .203E-02   .000E+00   .000E+00  -.308E-07   .000E+00   .242E+00  -.750E+03   .000E+00  -.100E+01      99
      59.07426   .000E+00   .000E+00  -.532E-09   .000E+00   .201E-02   .000E+00   .000E+00  -.314E-07   .000E+00   .244E+00  -.750E+03   .000E+00  -.100E+01     100
      60.12837   .000E+00   .000E+00  -.531E-09   .000E+00   .199E-02   .000E+00   .000E+00  -.320E-07   .000E+00   .246E+00  -.750E+03   .000E+00  -.100E+01     101
      61.18248   .000E+00   .000E+00  -.532E-09   .000E+00   .198E-02   .000E+00   .000E+00  -.325E-07   .000E+00   .249E+00  -.750E+03   .000E+00  -.100E+01     102
      62.23659   .000E+00   .000E+00  -.531E-09   .000E+00   .196E-02   .000E+00   .000E+00  -.331E-07   .000E+00   .251E+00  -.750E+03   .000E+00  -.100E+01     103
      63.60693   .000E+00   .000E+00  -.532E-09   .000E+00   .194E-02   .000E+00   .000E+00  -.338E-07   .000E+00   .253E+00  -.750E+03   .000E+00  -.100E+01     104
      64.97727   .000E+00   .000E+00  -.532E-09   .000E+00   .191E-02   .000E+00   .000E+00  -.345E-07   .000E+00   .256E+00  -.750E+03   .000E+00  -.100E+01     105
      66.34761   .000E+00   .000E+00  -.531E-09   .000E+00   .189E-02   .000E+00   .000E+00  -.353E-07   .000E+00   .258E+00  -.750E+03   .000E+00  -.100E+01     106
      67.71795   .000E+00   .000E+00  -.531E-09   .000E+00   .187E-02   .000E+00   .000E+00  -.360E-07   .000E+00   .261E+00  -.750E+03   .000E+00  -.100E+01     107
      69.08829   .000E+00   .000E+00  -.531E-09   .000E+00   .186E-02   .000E+00   .000E+00  -.367E-07   .000E+00   .264E+00  -.750E+03   .000E+00  -.100E+01     108
      70.45863   .000E+00   .000E+00  -.531E-09   .000E+00   .184E-02   .000E+00   .000E+00  -.375E-07   .000E+00   .266E+00  -.750E+03   .000E+00  -.100E+01     109
      71.82896   .000E+00   .000E+00  -.531E-09   .000E+00   .182E-02   .000E+00   .000E+00  -.382E-07   .000E+00   .269E+00  -.750E+03   .000E+00  -.100E+01     110
      73.19930   .000E+00   .000E+00  -.532E-09   .000E+00   .180E-02   .000E+00   .000E+00  -.389E-07   .000E+00   .271E+00  -.750E+03   .000E+00  -.100E+01     111
      74.56964   .000E+00   .000E+00  -.532E-09   .000E+00   .178E-02   .000E+00   .000E+00  -.396E-07   .000E+00   .273E+00  -.750E+03   .000E+00  -.100E+01     112
      75.93998   .000E+00   .000E+00  -.532E-09   .000E+00   .177E-02   .000E+00   .000E+00  -.404E-07   .000E+00   .276E+00  -.750E+03   .000E+00  -.100E+01     113
      77.31032   .000E+00   .000E+00  -.531E-09   .000E+00   .175E-02   .000E+00   .000E+00  -.411E-07   .000E+00   .278E+00  -.750E+03   .000E+00  -.100E+01     114
      78.68066   .000E+00   .000E+00  -.532E-09   .000E+00   .173E-02   .000E+00   .000E+00  -.418E-07   .000E+00   .281E+00  -.750E+03   .000E+00  -.100E+01     115
      80.05099   .000E+00   .000E+00  -.532E-09   .000E+00   .172E-02   .000E+00   .000E+00  -.426E-07   .000E+00   .283E+00  -.750E+03   .000E+00  -.100E+01     116
      81.42133   .000E+00   .000E+00  -.532E-09   .000E+00   .170E-02   .000E+00   .000E+00  -.433E-07   .000E+00   .285E+00  -.750E+03   .000E+00  -.100E+01     117
      82.79167   .000E+00   .000E+00  -.531E-09   .000E+00   .169E-02   .000E+00   .000E+00  -.440E-07   .000E+00   .288E+00  -.750E+03   .000E+00  -.100E+01     118
      84.16201   .000E+00   .000E+00  -.532E-09   .000E+00   .167E-02   .000E+00   .000E+00  -.447E-07   .000E+00   .290E+00  -.750E+03   .000E+00  -.100E+01     119
      85.53235   .000E+00   .000E+00  -.532E-09   .000E+00   .166E-02   .000E+00   .000E+00  -.455E-07   .000E+00   .292E+00  -.750E+03   .000E+00  -.100E+01     120
      86.90269   .000E+00   .000E+00  -.531E-09   .000E+00   .165E-02   .000E+00   .000E+00  -.462E-07   .000E+00   .295E+00  -.750E+03   .000E+00  -.100E+01     121
      88.27303   .000E+00   .000E+00  -.532E-09   .000E+00   .163E-02   .000E+00   .000E+00  -.469E-07   .000E+00   .297E+00  -.750E+03   .000E+00  -.100E+01     122
      89.64336   .000E+00   .000E+00  -.532E-09   .000E+00   .162E-02   .000E+00   .000E+00  -.477E-07   .000E+00   .299E+00  -.750E+03   .000E+00  -.100E+01     123
      91.01370   .000E+00   .000E+00  -.531E-09   .000E+00   .161E-02   .000E+00   .000E+00  -.484E-07   .000E+00   .301E+00  -.750E+03   .000E+00  -.100E+01     124
      92.38404   .000E+00   .000E+00  -.532E-09   .000E+00   .159E-02   .000E+00   .000E+00  -.491E-07   .000E+00   .303E+00  -.750E+03   .000E+00  -.100E+01     125
      93.75438   .000E+00   .000E+00  -.531E-09   .000E+00   .158E-02   .000E+00   .000E+00  -.498E-07   .000E+00   .306E+00  -.750E+03   .000E+00  -.100E+01     126
      95.12472   .000E+00   .000E+00  -.532E-09   .000E+00   .157E-02   .000E+00   .000E+00  -.506E-07   .000E+00   .308E+00  -.750E+03   .000E+00  -.100E+01     127
      96.49506   .000E+00   .000E+00  -.531E-09   .000E+00   .156E-02   .000E+00   .000E+00  -.513E-07   .000E+00   .310E+00  -.750E+03   .000E+00  -.100E+01     128
      98.27650   .000E+00   .000E+00   .498E-09   .000E+00   .154E-02   .000E+00   .000E+00  -.504E-07   .000E+00   .313E+00  -.750E+03   .000E+00  -.100E+01     129
     100.05790   .000E+00   .000E+00  -.531E-09   .000E+00   .153E-02   .000E+00   .000E+00  -.514E-07   .000E+00   .315E+00  -.750E+03   .000E+00  -.100E+01     130
     101.83940   .000E+00   .000E+00  -.531E-09   .000E+00   .152E-02   .000E+00   .000E+00  -.523E-07   .000E+00   .318E+00  -.750E+03   .000E+00  -.100E+01     131
     103.62080   .000E+00   .000E+00  -.531E-09   .000E+00   .150E-02   .000E+00   .000E+00  -.532E-07   .000E+00   .321E+00  -.750E+03   .000E+00  -.100E+01     132
     105.40230   .000E+00   .000E+00   .499E-09   .000E+00   .149E-02   .000E+00   .000E+00  -.524E-07   .000E+00   .323E+00  -.750E+03   .000E+00  -.100E+01     133
     107.18370   .000E+00   .000E+00  -.530E-09   .000E+00   .148E-02   .000E+00   .000E+00  -.533E-07   .000E+00   .326E+00  -.750E+03   .000E+00  -.100E+01     134
     108.96510   .000E+00   .000E+00  -.530E-09   .000E+00   .147E-02   .000E+00   .000E+00  -.542E-07   .000E+00   .329E+00  -.750E+03   .000E+00  -.100E+01     135
     110.74660   .000E+00   .000E+00  -.530E-09   .000E+00   .145E-02   .000E+00   .000E+00  -.552E-07   .000E+00   .331E+00  -.750E+03   .000E+00  -.100E+01     136
     112.52800   .000E+00   .000E+00   .500E-09   .000E+00   .144E-02   .000E+00   .000E+00  -.543E-07   .000E+00   .334E+00  -.750E+03   .000E+00  -.100E+01     137
     114.84660   .000E+00   .000E+00   .262E-09   .000E+00   .143E-02   .000E+00   .000E+00  -.537E-07   .000E+00   .337E+00  -.750E+03   .000E+00  -.100E+01     138
     117.16520   .000E+00   .000E+00   .262E-09   .000E+00   .141E-02   .000E+00   .000E+00  -.531E-07   .000E+00   .340E+00  -.750E+03   .000E+00  -.100E+01     139
     119.48380   .000E+00   .000E+00   .263E-09   .000E+00   .139E-02   .000E+00   .000E+00  -.525E-07   .000E+00   .344E+00  -.750E+03   .000E+00  -.100E+01     140
     121.80240   .000E+00   .000E+00   .263E-09   .000E+00   .138E-02   .000E+00   .000E+00  -.519E-07   .000E+00   .347E+00  -.750E+03   .000E+00  -.100E+01     141
     124.12100   .000E+00   .000E+00   .264E-09   .000E+00   .137E-02   .000E+00   .000E+00  -.513E-07   .000E+00   .350E+00  -.750E+03   .000E+00  -.100E+01     142
     126.43960   .000E+00   .000E+00   .265E-09   .000E+00   .135E-02   .000E+00   .000E+00  -.506E-07   .000E+00   .353E+00  -.750E+03   .000E+00  -.100E+01     143
     128.75820   .000E+00   .000E+00   .265E-09   .000E+00   .134E-02   .000E+00   .000E+00  -.500E-07   .000E+00   .356E+00  -.750E+03   .000E+00  -.100E+01     144
     131.07680   .000E+00   .000E+00   .267E-09   .000E+00   .133E-02   .000E+00   .000E+00  -.494E-07   .000E+00   .359E+00  -.750E+03   .000E+00  -.100E+01     145
     133.39540   .000E+00   .000E+00   .267E-09   .000E+00   .132E-02   .000E+00   .000E+00  -.488E-07   .000E+00   .362E+00  -.750E+03   .000E+00  -.100E+01     146
     135.71400   .000E+00   .000E+00   .268E-09   .000E+00   .131E-02   .000E+00   .000E+00  -.482E-07   .000E+00   .365E+00  -.750E+03   .000E+00  -.100E+01     147
     138.03250   .000E+00   .000E+00   .269E-09   .000E+00   .130E-02   .000E+00   .000E+00  -.475E-07   .000E+00   .368E+00  -.750E+03   .000E+00  -.100E+01     148
     140.35110   .000E+00   .000E+00   .269E-09   .000E+00   .128E-02   .000E+00   .000E+00  -.469E-07   .000E+00   .371E+00  -.750E+03   .000E+00  -.100E+01     149
     142.66970   .000E+00   .000E+00   .270E-09   .000E+00   .127E-02   .000E+00   .000E+00  -.463E-07   .000E+00   .374E+00  -.750E+03   .000E+00  -.100E+01     150
     144.98830   .000E+00   .000E+00   .270E-09   .000E+00   .126E-02   .000E+00   .000E+00  -.457E-07   .000E+00   .377E+00  -.750E+03   .000E+00  -.100E+01     151
     147.30690   .000E+00   .000E+00   .271E-09   .000E+00   .125E-02   .000E+00   .000E+00  -.450E-07   .000E+00   .380E+00  -.750E+03   .000E+00  -.100E+01     152
     149.62550   .000E+00   .000E+00   .271E-09   .000E+00   .124E-02   .000E+00   .000E+00  -.444E-07   .000E+00   .383E+00  -.750E+03   .000E+00  -.100E+01     153
     151.94410   .000E+00   .000E+00   .272E-09   .000E+00   .123E-02   .000E+00   .000E+00  -.438E-07   .000E+00   .386E+00  -.750E+03   .000E+00  -.100E+01     154
     154.26270   .000E+00   .000E+00   .274E-09   .000E+00   .122E-02   .000E+00   .000E+00  -.431E-07   .000E+00   .389E+00  -.750E+03   .000E+00  -.100E+01     155
     156.58130   .000E+00   .000E+00   .274E-09   .000E+00   .121E-02   .000E+00   .000E+00  -.425E-07   .000E+00   .391E+00  -.750E+03   .000E+00  -.100E+01     156
     158.89980   .000E+00   .000E+00   .275E-09   .000E+00   .120E-02   .000E+00   .000E+00  -.419E-07   .000E+00   .394E+00  -.750E+03   .000E+00  -.100E+01     157
     161.21840   .000E+00   .000E+00   .275E-09   .000E+00   .119E-02   .000E+00   .000E+00  -.412E-07   .000E+00   .397E+00  -.750E+03   .000E+00  -.100E+01     158
     164.22260   .000E+00   .000E+00   .957E-10   .000E+00   .118E-02   .000E+00   .000E+00  -.409E-07   .000E+00   .401E+00  -.750E+03   .000E+00  -.100E+01     159
     167.22680   .000E+00   .000E+00   .964E-10   .000E+00   .117E-02   .000E+00   .000E+00  -.407E-07   .000E+00   .404E+00  -.750E+03   .000E+00  -.100E+01     160
     170.23100   .000E+00   .000E+00   .973E-10   .000E+00   .116E-02   .000E+00   .000E+00  -.404E-07   .000E+00   .408E+00  -.750E+03   .000E+00  -.100E+01     161
     173.23520   .000E+00   .000E+00   .974E-10   .000E+00   .115E-02   .000E+00   .000E+00  -.401E-07   .000E+00   .411E+00  -.750E+03   .000E+00  -.100E+01     162
     176.23940   .000E+00   .000E+00   .986E-10   .000E+00   .114E-02   .000E+00   .000E+00  -.398E-07   .000E+00   .414E+00  -.750E+03   .000E+00  -.100E+01     163
     179.24360   .000E+00   .000E+00   .992E-10   .000E+00   .113E-02   .000E+00   .000E+00  -.395E-07   .000E+00   .418E+00  -.750E+03   .000E+00  -.100E+01     164
     182.24780   .000E+00   .000E+00   .998E-10   .000E+00   .112E-02   .000E+00   .000E+00  -.392E-07   .000E+00   .421E+00  -.750E+03   .000E+00  -.100E+01     165
     185.25200   .000E+00   .000E+00   .100E-09   .000E+00   .111E-02   .000E+00   .000E+00  -.389E-07   .000E+00   .425E+00  -.750E+03   .000E+00  -.100E+01     166
     188.25620   .000E+00   .000E+00   .101E-09   .000E+00   .110E-02   .000E+00   .000E+00  -.386E-07   .000E+00   .428E+00  -.750E+03   .000E+00  -.100E+01     167
     191.26040   .000E+00   .000E+00   .102E-09   .000E+00   .109E-02   .000E+00   .000E+00  -.383E-07   .000E+00   .431E+00  -.750E+03   .000E+00  -.100E+01     168
     194.26460   .000E+00   .000E+00   .102E-09   .000E+00   .108E-02   .000E+00   .000E+00  -.380E-07   .000E+00   .434E+00  -.750E+03   .000E+00  -.100E+01     169
     197.26880   .000E+00   .000E+00   .103E-09   .000E+00   .107E-02   .000E+00   .000E+00  -.377E-07   .000E+00   .438E+00  -.750E+03   .000E+00  -.100E+01     170
     200.27300   .000E+00   .000E+00   .104E-09   .000E+00   .106E-02   .000E+00   .000E+00  -.373E-07   .000E+00   .441E+00  -.750E+03   .000E+00  -.100E+01     171
     203.27720   .000E+00   .000E+00   .104E-09   .000E+00   .106E-02   .000E+00   .000E+00  -.370E-07   .000E+00   .444E+00  -.750E+03   .000E+00  -.100E+01     172
     206.28140   .000E+00   .000E+00   .105E-09   .000E+00   .105E-02   .000E+00   .000E+00  -.367E-07   .000E+00   .447E+00  -.750E+03   .000E+00  -.100E+01     173
     209.28560   .000E+00   .000E+00   .106E-09   .000E+00   .104E-02   .000E+00   .000E+00  -.364E-07   .000E+00   .450E+00  -.750E+03   .000E+00  -.100E+01     174
     212.28980   .000E+00   .000E+00   .106E-09   .000E+00   .103E-02   .000E+00   .000E+00  -.361E-07   .000E+00   .453E+00  -.750E+03   .000E+00  -.100E+01     175
     215.29400   .000E+00   .000E+00   .107E-09   .000E+00   .103E-02   .000E+00   .000E+00  -.357E-07   .000E+00   .456E+00  -.750E+03   .000E+00  -.100E+01     176
     218.29820   .000E+00   .000E+00   .108E-09   .000E+00   .102E-02   .000E+00   .000E+00  -.354E-07   .000E+00   .459E+00  -.750E+03   .000E+00  -.100E+01     177
     221.30240   .000E+00   .000E+00   .108E-09   .000E+00   .101E-02   .000E+00   .000E+00  -.351E-07   .000E+00   .463E+00  -.750E+03   .000E+00  -.100E+01     178
     224.30650   .000E+00   .000E+00   .109E-09   .000E+00   .100E-02   .000E+00   .000E+00  -.348E-07   .000E+00   .466E+00  -.750E+03   .000E+00  -.100E+01     179
     227.31070   .000E+00   .000E+00   .110E-09   .000E+00   .997E-03   .000E+00   .000E+00  -.344E-07   .000E+00   .469E+00  -.750E+03   .000E+00  -.100E+01     180
     230.31490   .000E+00   .000E+00   .110E-09   .000E+00   .990E-03   .000E+00   .000E+00  -.341E-07   .000E+00   .472E+00  -.750E+03   .000E+00  -.100E+01     181
     233.31910   .000E+00   .000E+00   .112E-09   .000E+00   .983E-03   .000E+00   .000E+00  -.338E-07   .000E+00   .474E+00  -.750E+03   .000E+00  -.100E+01     182
     236.32330   .000E+00   .000E+00   .112E-09   .000E+00   .976E-03   .000E+00   .000E+00  -.334E-07   .000E+00   .477E+00  -.750E+03   .000E+00  -.100E+01     183
     239.32750   .000E+00   .000E+00   .113E-09   .000E+00   .970E-03   .000E+00   .000E+00  -.331E-07   .000E+00   .480E+00  -.750E+03   .000E+00  -.100E+01     184
     242.33170   .000E+00   .000E+00   .113E-09   .000E+00   .963E-03   .000E+00   .000E+00  -.328E-07   .000E+00   .483E+00  -.750E+03   .000E+00  -.100E+01     185
     245.33590   .000E+00   .000E+00   .114E-09   .000E+00   .956E-03   .000E+00   .000E+00  -.324E-07   .000E+00   .486E+00  -.750E+03   .000E+00  -.100E+01     186
     248.34010   .000E+00   .000E+00   .115E-09   .000E+00   .950E-03   .000E+00   .000E+00  -.321E-07   .000E+00   .489E+00  -.750E+03   .000E+00  -.100E+01     187
     252.27060   .000E+00   .000E+00  -.282E-10   .000E+00   .942E-03   .000E+00   .000E+00  -.322E-07   .000E+00   .493E+00  -.750E+03   .000E+00  -.100E+01     188
     256.20110   .000E+00   .000E+00  -.278E-10   .000E+00   .935E-03   .000E+00   .000E+00  -.323E-07   .000E+00   .496E+00  -.750E+03   .000E+00  -.100E+01     189
     260.13160   .000E+00   .000E+00  -.266E-10   .000E+00   .927E-03   .000E+00   .000E+00  -.324E-07   .000E+00   .500E+00  -.750E+03   .000E+00  -.100E+01     190
     264.06210   .000E+00   .000E+00  -.262E-10   .000E+00   .920E-03   .000E+00   .000E+00  -.325E-07   .000E+00   .504E+00  -.750E+03   .000E+00  -.100E+01     191
     267.99260   .000E+00   .000E+00  -.250E-10   .000E+00   .913E-03   .000E+00   .000E+00  -.326E-07   .000E+00   .507E+00  -.750E+03   .000E+00  -.100E+01     192
     271.92320   .000E+00   .000E+00  -.246E-10   .000E+00   .907E-03   .000E+00   .000E+00  -.327E-07   .000E+00   .511E+00  -.750E+03   .000E+00  -.100E+01     193
     275.85370   .000E+00   .000E+00  -.242E-10   .000E+00   .900E-03   .000E+00   .000E+00  -.328E-07   .000E+00   .514E+00  -.750E+03   .000E+00  -.100E+01     194
     279.78420   .000E+00   .000E+00  -.231E-10   .000E+00   .893E-03   .000E+00   .000E+00  -.329E-07   .000E+00   .518E+00  -.750E+03   .000E+00  -.100E+01     195
     283.71470   .000E+00   .000E+00  -.227E-10   .000E+00   .886E-03   .000E+00   .000E+00  -.330E-07   .000E+00   .521E+00  -.750E+03   .000E+00  -.100E+01     196
     287.64520   .000E+00   .000E+00  -.223E-10   .000E+00   .879E-03   .000E+00   .000E+00  -.331E-07   .000E+00   .525E+00  -.750E+03   .000E+00  -.100E+01     197
     291.57570   .000E+00   .000E+00  -.211E-10   .000E+00   .873E-03   .000E+00   .000E+00  -.331E-07   .000E+00   .528E+00  -.750E+03   .000E+00  -.100E+01     198
     295.50620   .000E+00   .000E+00  -.207E-10   .000E+00   .866E-03   .000E+00   .000E+00  -.332E-07   .000E+00   .532E+00  -.750E+03   .000E+00  -.100E+01     199
     299.43670   .000E+00   .000E+00  -.203E-10   .000E+00   .860E-03   .000E+00   .000E+00  -.333E-07   .000E+00   .535E+00  -.750E+03   .000E+00  -.100E+01     200
     303.36720   .000E+00   .000E+00  -.191E-10   .000E+00   .854E-03   .000E+00   .000E+00  -.334E-07   .000E+00   .538E+00  -.750E+03   .000E+00  -.100E+01     201
     307.29780   .000E+00   .000E+00  -.187E-10   .000E+00   .849E-03   .000E+00   .000E+00  -.334E-07   .000E+00   .542E+00  -.750E+03   .000E+00  -.100E+01     202
     312.39290   .000E+00   .000E+00  -.124E-09   .000E+00   .842E-03   .000E+00   .000E+00  -.341E-07   .000E+00   .546E+00  -.750E+03   .000E+00  -.100E+01     203
     317.48790   .000E+00   .000E+00  -.123E-09   .000E+00   .835E-03   .000E+00   .000E+00  -.347E-07   .000E+00   .550E+00  -.750E+03   .000E+00  -.100E+01     204
     322.58300   .000E+00   .000E+00  -.123E-09   .000E+00   .828E-03   .000E+00   .000E+00  -.353E-07   .000E+00   .554E+00  -.750E+03   .000E+00  -.100E+01     205
     327.67810   .000E+00   .000E+00  -.122E-09   .000E+00   .821E-03   .000E+00   .000E+00  -.360E-07   .000E+00   .559E+00  -.750E+03   .000E+00  -.100E+01     206
     334.32770   .000E+00   .000E+00   .703E-10   .000E+00   .812E-03   .000E+00   .000E+00  -.355E-07   .000E+00   .564E+00  -.750E+03   .000E+00  -.100E+01     207
     338.97430   .000E+00   .000E+00  -.851E-10   .000E+00   .806E-03   .000E+00   .000E+00  -.359E-07   .000E+00   .568E+00  -.750E+03   .000E+00  -.100E+01     208
     343.62100   .000E+00   .000E+00  -.844E-10   .000E+00   .800E-03   .000E+00   .000E+00  -.363E-07   .000E+00   .571E+00  -.750E+03   .000E+00  -.100E+01     209
     348.26770   .000E+00   .000E+00  -.847E-10   .000E+00   .794E-03   .000E+00   .000E+00  -.367E-07   .000E+00   .575E+00  -.750E+03   .000E+00  -.100E+01     210
     352.91430   .000E+00   .000E+00  -.836E-10   .000E+00   .788E-03   .000E+00   .000E+00  -.371E-07   .000E+00   .579E+00  -.750E+03   .000E+00  -.100E+01     211
     357.56100   .000E+00   .000E+00  -.827E-10   .000E+00   .783E-03   .000E+00   .000E+00  -.374E-07   .000E+00   .582E+00  -.750E+03   .000E+00  -.100E+01     212
     362.20770   .000E+00   .000E+00  -.820E-10   .000E+00   .778E-03   .000E+00   .000E+00  -.378E-07   .000E+00   .586E+00  -.750E+03   .000E+00  -.100E+01     213
     366.85430   .000E+00   .000E+00  -.807E-10   .000E+00   .772E-03   .000E+00   .000E+00  -.382E-07   .000E+00   .590E+00  -.750E+03   .000E+00  -.100E+01     214
     371.50100   .000E+00   .000E+00  -.806E-10   .000E+00   .767E-03   .000E+00   .000E+00  -.386E-07   .000E+00   .593E+00  -.750E+03   .000E+00  -.100E+01     215
     377.50960   .000E+00   .000E+00  -.169E-09   .000E+00   .761E-03   .000E+00   .000E+00  -.396E-07   .000E+00   .598E+00  -.750E+03   .000E+00  -.100E+01     216
     383.51820   .000E+00   .000E+00   .137E-09   .000E+00   .755E-03   .000E+00   .000E+00  -.388E-07   .000E+00   .602E+00  -.750E+03   .000E+00  -.100E+01     217
     389.52680   .000E+00   .000E+00  -.167E-09   .000E+00   .748E-03   .000E+00   .000E+00  -.398E-07   .000E+00   .607E+00  -.750E+03   .000E+00  -.100E+01     218
     395.53540   .000E+00   .000E+00  -.167E-09   .000E+00   .742E-03   .000E+00   .000E+00  -.408E-07   .000E+00   .611E+00  -.750E+03   .000E+00  -.100E+01     219
     401.54400   .000E+00   .000E+00  -.166E-09   .000E+00   .736E-03   .000E+00   .000E+00  -.418E-07   .000E+00   .616E+00  -.750E+03   .000E+00  -.100E+01     220
     407.55260   .000E+00   .000E+00  -.165E-09   .000E+00   .730E-03   .000E+00   .000E+00  -.428E-07   .000E+00   .620E+00  -.750E+03   .000E+00  -.100E+01     221
     413.56120   .000E+00   .000E+00   .141E-09   .000E+00   .724E-03   .000E+00   .000E+00  -.419E-07   .000E+00   .624E+00  -.750E+03   .000E+00  -.100E+01     222
     419.56990   .000E+00   .000E+00   .142E-09   .000E+00   .719E-03   .000E+00   .000E+00  -.411E-07   .000E+00   .629E+00  -.750E+03   .000E+00  -.100E+01     223
     425.57850   .000E+00   .000E+00   .144E-09   .000E+00   .713E-03   .000E+00   .000E+00  -.402E-07   .000E+00   .633E+00  -.750E+03   .000E+00  -.100E+01     224
     431.58710   .000E+00   .000E+00   .145E-09   .000E+00   .708E-03   .000E+00   .000E+00  -.393E-07   .000E+00   .637E+00  -.750E+03   .000E+00  -.100E+01     225
     437.59570   .000E+00   .000E+00   .146E-09   .000E+00   .703E-03   .000E+00   .000E+00  -.384E-07   .000E+00   .641E+00  -.750E+03   .000E+00  -.100E+01     226
     443.60430   .000E+00   .000E+00   .148E-09   .000E+00   .698E-03   .000E+00   .000E+00  -.375E-07   .000E+00   .646E+00  -.750E+03   .000E+00  -.100E+01     227
     449.61290   .000E+00   .000E+00   .149E-09   .000E+00   .693E-03   .000E+00   .000E+00  -.367E-07   .000E+00   .650E+00  -.750E+03   .000E+00  -.100E+01     228
     455.62150   .000E+00   .000E+00  -.155E-09   .000E+00   .688E-03   .000E+00   .000E+00  -.376E-07   .000E+00   .654E+00  -.750E+03   .000E+00  -.100E+01     229
     461.63010   .000E+00   .000E+00  -.154E-09   .000E+00   .683E-03   .000E+00   .000E+00  -.385E-07   .000E+00   .658E+00  -.750E+03   .000E+00  -.100E+01     230
     467.63870   .000E+00   .000E+00  -.154E-09   .000E+00   .678E-03   .000E+00   .000E+00  -.394E-07   .000E+00   .662E+00  -.750E+03   .000E+00  -.100E+01     231
     473.64730   .000E+00   .000E+00  -.153E-09   .000E+00   .673E-03   .000E+00   .000E+00  -.404E-07   .000E+00   .666E+00  -.750E+03   .000E+00  -.100E+01     232
     479.65590   .000E+00   .000E+00  -.152E-09   .000E+00   .669E-03   .000E+00   .000E+00  -.413E-07   .000E+00   .670E+00  -.750E+03   .000E+00  -.100E+01     233
     485.66450   .000E+00   .000E+00  -.152E-09   .000E+00   .664E-03   .000E+00   .000E+00  -.422E-07   .000E+00   .674E+00  -.750E+03   .000E+00  -.100E+01     234
     491.67310   .000E+00   .000E+00   .155E-09   .000E+00   .660E-03   .000E+00   .000E+00  -.412E-07   .000E+00   .678E+00  -.750E+03   .000E+00  -.100E+01     235
     497.68170   .000E+00   .000E+00  -.149E-09   .000E+00   .656E-03   .000E+00   .000E+00  -.421E-07   .000E+00   .682E+00  -.750E+03   .000E+00  -.100E+01     236
     503.69030   .000E+00   .000E+00   .157E-09   .000E+00   .652E-03   .000E+00   .000E+00  -.412E-07   .000E+00   .686E+00  -.750E+03   .000E+00  -.100E+01     237
     509.69890   .000E+00   .000E+00   .159E-09   .000E+00   .648E-03   .000E+00   .000E+00  -.403E-07   .000E+00   .690E+00  -.750E+03   .000E+00  -.100E+01     238
     515.70750   .000E+00   .000E+00  -.146E-09   .000E+00   .643E-03   .000E+00   .000E+00  -.411E-07   .000E+00   .694E+00  -.750E+03   .000E+00  -.100E+01     239
     521.71610   .000E+00   .000E+00   .160E-09   .000E+00   .639E-03   .000E+00   .000E+00  -.402E-07   .000E+00   .698E+00  -.750E+03   .000E+00  -.100E+01     240
     527.72470   .000E+00   .000E+00  -.144E-09   .000E+00   .635E-03   .000E+00   .000E+00  -.410E-07   .000E+00   .701E+00  -.750E+03   .000E+00  -.100E+01     241
     533.73330   .000E+00   .000E+00  -.144E-09   .000E+00   .631E-03   .000E+00   .000E+00  -.419E-07   .000E+00   .705E+00  -.750E+03   .000E+00  -.100E+01     242
     539.74190   .000E+00   .000E+00   .163E-09   .000E+00   .627E-03   .000E+00   .000E+00  -.409E-07   .000E+00   .709E+00  -.750E+03   .000E+00  -.100E+01     243
     545.75050   .000E+00   .000E+00  -.141E-09   .000E+00   .624E-03   .000E+00   .000E+00  -.418E-07   .000E+00   .713E+00  -.750E+03   .000E+00  -.100E+01     244
     551.75920   .000E+00   .000E+00  -.140E-09   .000E+00   .620E-03   .000E+00   .000E+00  -.426E-07   .000E+00   .716E+00  -.750E+03   .000E+00  -.100E+01     245
     557.76780   .000E+00   .000E+00  -.139E-09   .000E+00   .616E-03   .000E+00   .000E+00  -.434E-07   .000E+00   .720E+00  -.750E+03   .000E+00  -.100E+01     246
     563.77640   .000E+00   .000E+00  -.140E-09   .000E+00   .613E-03   .000E+00   .000E+00  -.443E-07   .000E+00   .724E+00  -.750E+03   .000E+00  -.100E+01     247
     569.78500   .000E+00   .000E+00  -.138E-09   .000E+00   .609E-03   .000E+00   .000E+00  -.451E-07   .000E+00   .728E+00  -.750E+03   .000E+00  -.100E+01     248
     575.79360   .000E+00   .000E+00  -.137E-09   .000E+00   .606E-03   .000E+00   .000E+00  -.459E-07   .000E+00   .731E+00  -.750E+03   .000E+00  -.100E+01     249
     581.80220   .000E+00   .000E+00  -.137E-09   .000E+00   .603E-03   .000E+00   .000E+00  -.468E-07   .000E+00   .735E+00  -.750E+03   .000E+00  -.100E+01     250
     589.47990   .000E+00   .000E+00   .368E-10   .000E+00   .598E-03   .000E+00   .000E+00  -.465E-07   .000E+00   .739E+00  -.750E+03   .000E+00  -.100E+01     251
     597.15750   .000E+00   .000E+00   .376E-10   .000E+00   .594E-03   .000E+00   .000E+00  -.462E-07   .000E+00   .744E+00  -.750E+03   .000E+00  -.100E+01     252
     604.83520   .000E+00   .000E+00   .394E-10   .000E+00   .590E-03   .000E+00   .000E+00  -.459E-07   .000E+00   .748E+00  -.750E+03   .000E+00  -.100E+01     253
     612.51290   .000E+00   .000E+00   .407E-10   .000E+00   .586E-03   .000E+00   .000E+00  -.456E-07   .000E+00   .753E+00  -.750E+03   .000E+00  -.100E+01     254
     620.19060   .000E+00   .000E+00   .426E-10   .000E+00   .582E-03   .000E+00   .000E+00  -.452E-07   .000E+00   .757E+00  -.750E+03   .000E+00  -.100E+01     255
     627.86820   .000E+00   .000E+00   .431E-10   .000E+00   .578E-03   .000E+00   .000E+00  -.449E-07   .000E+00   .762E+00  -.750E+03   .000E+00  -.100E+01     256
     635.54590   .000E+00   .000E+00   .447E-10   .000E+00   .574E-03   .000E+00   .000E+00  -.446E-07   .000E+00   .766E+00  -.750E+03   .000E+00  -.100E+01     257
     643.22360   .000E+00   .000E+00   .457E-10   .000E+00   .571E-03   .000E+00   .000E+00  -.442E-07   .000E+00   .771E+00  -.750E+03   .000E+00  -.100E+01     258
     650.90120   .000E+00   .000E+00   .476E-10   .000E+00   .567E-03   .000E+00   .000E+00  -.439E-07   .000E+00   .775E+00  -.750E+03   .000E+00  -.100E+01     259
     660.77250   .000E+00   .000E+00  -.570E-10   .000E+00   .562E-03   .000E+00   .000E+00  -.444E-07   .000E+00   .781E+00  -.750E+03   .000E+00  -.100E+01     260
     670.64380   .000E+00   .000E+00  -.554E-10   .000E+00   .558E-03   .000E+00   .000E+00  -.450E-07   .000E+00   .786E+00  -.750E+03   .000E+00  -.100E+01     261
     680.51500   .000E+00   .000E+00  -.546E-10   .000E+00   .553E-03   .000E+00   .000E+00  -.455E-07   .000E+00   .792E+00  -.750E+03   .000E+00  -.100E+01     262
     690.38620   .000E+00   .000E+00  -.530E-10   .000E+00   .549E-03   .000E+00   .000E+00  -.460E-07   .000E+00   .797E+00  -.750E+03   .000E+00  -.100E+01     263
     700.25750   .000E+00   .000E+00  -.514E-10   .000E+00   .545E-03   .000E+00   .000E+00  -.465E-07   .000E+00   .802E+00  -.750E+03   .000E+00  -.100E+01     264
     710.12880   .000E+00   .000E+00  -.507E-10   .000E+00   .541E-03   .000E+00   .000E+00  -.470E-07   .000E+00   .808E+00  -.750E+03   .000E+00  -.100E+01     265
     720.00000   .000E+00   .000E+00  -.492E-10   .000E+00   .537E-03   .000E+00   .000E+00  -.475E-07   .000E+00   .813E+00  -.750E+03   .000E+00  -.100E+01     266
     730.14090   .000E+00   .000E+00  -.576E-10   .000E+00   .533E-03   .000E+00   .000E+00  -.481E-07   .000E+00   .818E+00  -.750E+03   .000E+00  -.100E+01     267
     740.28170   .000E+00   .000E+00  -.562E-10   .000E+00   .529E-03   .000E+00   .000E+00  -.487E-07   .000E+00   .824E+00  -.750E+03   .000E+00  -.100E+01     268
     750.42260   .000E+00   .000E+00  -.547E-10   .000E+00   .525E-03   .000E+00   .000E+00  -.492E-07   .000E+00   .829E+00  -.750E+03   .000E+00  -.100E+01     269
     760.56350   .000E+00   .000E+00  -.533E-10   .000E+00   .521E-03   .000E+00   .000E+00  -.498E-07   .000E+00   .834E+00  -.750E+03   .000E+00  -.100E+01     270
     770.70430   .000E+00   .000E+00  -.518E-10   .000E+00   .517E-03   .000E+00   .000E+00  -.503E-07   .000E+00   .840E+00  -.750E+03   .000E+00  -.100E+01     271
     780.84520   .000E+00   .000E+00  -.504E-10   .000E+00   .514E-03   .000E+00   .000E+00  -.508E-07   .000E+00   .845E+00  -.750E+03   .000E+00  -.100E+01     272
     790.98610   .000E+00   .000E+00  -.489E-10   .000E+00   .510E-03   .000E+00   .000E+00  -.513E-07   .000E+00   .850E+00  -.750E+03   .000E+00  -.100E+01     273
     801.12700   .000E+00   .000E+00  -.483E-10   .000E+00   .506E-03   .000E+00   .000E+00  -.518E-07   .000E+00   .855E+00  -.750E+03   .000E+00  -.100E+01     274
     811.26780   .000E+00   .000E+00  -.464E-10   .000E+00   .503E-03   .000E+00   .000E+00  -.523E-07   .000E+00   .860E+00  -.750E+03   .000E+00  -.100E+01     275
     821.40870   .000E+00   .000E+00  -.444E-10   .000E+00   .499E-03   .000E+00   .000E+00  -.527E-07   .000E+00   .865E+00  -.750E+03   .000E+00  -.100E+01     276
     831.54960   .000E+00   .000E+00  -.438E-10   .000E+00   .496E-03   .000E+00   .000E+00  -.532E-07   .000E+00   .870E+00  -.750E+03   .000E+00  -.100E+01     277
     841.69040   .000E+00   .000E+00  -.421E-10   .000E+00   .493E-03   .000E+00   .000E+00  -.536E-07   .000E+00   .875E+00  -.750E+03   .000E+00  -.100E+01     278
     851.83130   .000E+00   .000E+00  -.410E-10   .000E+00   .489E-03   .000E+00   .000E+00  -.540E-07   .000E+00   .880E+00  -.750E+03   .000E+00  -.100E+01     279
     861.97220   .000E+00   .000E+00  -.389E-10   .000E+00   .486E-03   .000E+00   .000E+00  -.544E-07   .000E+00   .885E+00  -.750E+03   .000E+00  -.100E+01     280
     872.11300   .000E+00   .000E+00  -.382E-10   .000E+00   .483E-03   .000E+00   .000E+00  -.548E-07   .000E+00   .890E+00  -.750E+03   .000E+00  -.100E+01     281
     882.25390   .000E+00   .000E+00  -.367E-10   .000E+00   .480E-03   .000E+00   .000E+00  -.552E-07   .000E+00   .895E+00  -.750E+03   .000E+00  -.100E+01     282
     892.39470   .000E+00   .000E+00  -.356E-10   .000E+00   .477E-03   .000E+00   .000E+00  -.555E-07   .000E+00   .900E+00  -.750E+03   .000E+00  -.100E+01     283
     902.53550   .000E+00   .000E+00  -.336E-10   .000E+00   .474E-03   .000E+00   .000E+00  -.559E-07   .000E+00   .905E+00  -.750E+03   .000E+00  -.100E+01     284
     912.67640   .000E+00   .000E+00  -.331E-10   .000E+00   .471E-03   .000E+00   .000E+00  -.562E-07   .000E+00   .909E+00  -.750E+03   .000E+00  -.100E+01     285
     922.81730   .000E+00   .000E+00  -.315E-10   .000E+00   .469E-03   .000E+00   .000E+00  -.565E-07   .000E+00   .914E+00  -.750E+03   .000E+00  -.100E+01     286
     932.95810   .000E+00   .000E+00  -.306E-10   .000E+00   .466E-03   .000E+00   .000E+00  -.568E-07   .000E+00   .919E+00  -.750E+03   .000E+00  -.100E+01     287
     943.09890   .000E+00   .000E+00  -.286E-10   .000E+00   .463E-03   .000E+00   .000E+00  -.571E-07   .000E+00   .924E+00  -.750E+03   .000E+00  -.100E+01     288
     953.23970   .000E+00   .000E+00  -.273E-10   .000E+00   .460E-03   .000E+00   .000E+00  -.574E-07   .000E+00   .928E+00  -.750E+03   .000E+00  -.100E+01     289
     963.38060   .000E+00   .000E+00  -.260E-10   .000E+00   .457E-03   .000E+00   .000E+00  -.577E-07   .000E+00   .933E+00  -.750E+03   .000E+00  -.100E+01     290
     973.52140   .000E+00   .000E+00  -.248E-10   .000E+00   .454E-03   .000E+00   .000E+00  -.579E-07   .000E+00   .937E+00  -.750E+03   .000E+00  -.100E+01     291
     983.66220   .000E+00   .000E+00  -.236E-10   .000E+00   .452E-03   .000E+00   .000E+00  -.581E-07   .000E+00   .942E+00  -.750E+03   .000E+00  -.100E+01     292
     993.80310   .000E+00   .000E+00  -.215E-10   .000E+00   .449E-03   .000E+00   .000E+00  -.584E-07   .000E+00   .947E+00  -.750E+03   .000E+00  -.100E+01     293
    1006.92700   .000E+00   .000E+00   .380E-10   .000E+00   .446E-03   .000E+00   .000E+00  -.579E-07   .000E+00   .952E+00  -.750E+03   .000E+00  -.100E+01     294
    1020.05000   .000E+00   .000E+00   .391E-10   .000E+00   .443E-03   .000E+00   .000E+00  -.574E-07   .000E+00   .958E+00  -.750E+03   .000E+00  -.100E+01     295
    1033.17300   .000E+00   .000E+00   .408E-10   .000E+00   .440E-03   .000E+00   .000E+00  -.568E-07   .000E+00   .964E+00  -.750E+03   .000E+00  -.100E+01     296
    1046.29700   .000E+00   .000E+00   .424E-10   .000E+00   .437E-03   .000E+00   .000E+00  -.563E-07   .000E+00   .970E+00  -.750E+03   .000E+00  -.100E+01     297
    1059.42000   .000E+00   .000E+00   .445E-10   .000E+00   .434E-03   .000E+00   .000E+00  -.557E-07   .000E+00   .975E+00  -.750E+03   .000E+00  -.100E+01     298
    1072.54400   .000E+00   .000E+00   .458E-10   .000E+00   .431E-03   .000E+00   .000E+00  -.551E-07   .000E+00   .981E+00  -.750E+03   .000E+00  -.100E+01     299
    1085.66700   .000E+00   .000E+00   .470E-10   .000E+00   .428E-03   .000E+00   .000E+00  -.545E-07   .000E+00   .987E+00  -.750E+03   .000E+00  -.100E+01     300
    1098.79000   .000E+00   .000E+00   .481E-10   .000E+00   .425E-03   .000E+00   .000E+00  -.538E-07   .000E+00   .992E+00  -.750E+03   .000E+00  -.100E+01     301
    1111.91400   .000E+00   .000E+00   .500E-10   .000E+00   .422E-03   .000E+00   .000E+00  -.532E-07   .000E+00   .998E+00  -.750E+03   .000E+00  -.100E+01     302
    1125.03700   .000E+00   .000E+00   .516E-10   .000E+00   .419E-03   .000E+00   .000E+00  -.525E-07   .000E+00   .100E+01  -.750E+03   .000E+00  -.100E+01     303
    1138.16100   .000E+00   .000E+00   .535E-10   .000E+00   .417E-03   .000E+00   .000E+00  -.518E-07   .000E+00   .101E+01  -.750E+03   .000E+00  -.100E+01     304
    1151.28400   .000E+00   .000E+00   .548E-10   .000E+00   .414E-03   .000E+00   .000E+00  -.511E-07   .000E+00   .101E+01  -.750E+03   .000E+00  -.100E+01     305
    1164.40700   .000E+00   .000E+00   .554E-10   .000E+00   .411E-03   .000E+00   .000E+00  -.503E-07   .000E+00   .102E+01  -.750E+03   .000E+00  -.100E+01     306
    1177.53100   .000E+00   .000E+00   .576E-10   .000E+00   .409E-03   .000E+00   .000E+00  -.496E-07   .000E+00   .102E+01  -.750E+03   .000E+00  -.100E+01     307
    1190.65400   .000E+00   .000E+00   .590E-10   .000E+00   .406E-03   .000E+00   .000E+00  -.488E-07   .000E+00   .103E+01  -.750E+03   .000E+00  -.100E+01     308
    1203.77800   .000E+00   .000E+00  -.795E-10   .000E+00   .403E-03   .000E+00   .000E+00  -.499E-07   .000E+00   .104E+01  -.750E+03   .000E+00  -.100E+01     309
    1216.90100   .000E+00   .000E+00  -.794E-10   .000E+00   .401E-03   .000E+00   .000E+00  -.509E-07   .000E+00   .104E+01  -.750E+03   .000E+00  -.100E+01     310
    1230.02500   .000E+00   .000E+00   .615E-10   .000E+00   .399E-03   .000E+00   .000E+00  -.501E-07   .000E+00   .105E+01  -.750E+03   .000E+00  -.100E+01     311
    1243.14800   .000E+00   .000E+00   .631E-10   .000E+00   .396E-03   .000E+00   .000E+00  -.493E-07   .000E+00   .105E+01  -.750E+03   .000E+00  -.100E+01     312
    1256.27100   .000E+00   .000E+00  -.761E-10   .000E+00   .394E-03   .000E+00   .000E+00  -.503E-07   .000E+00   .106E+01  -.750E+03   .000E+00  -.100E+01     313
    1269.39500   .000E+00   .000E+00   .652E-10   .000E+00   .392E-03   .000E+00   .000E+00  -.494E-07   .000E+00   .106E+01  -.750E+03   .000E+00  -.100E+01     314
    1282.51800   .000E+00   .000E+00  -.741E-10   .000E+00   .389E-03   .000E+00   .000E+00  -.504E-07   .000E+00   .107E+01  -.750E+03   .000E+00  -.100E+01     315
    1295.64200   .000E+00   .000E+00  -.733E-10   .000E+00   .387E-03   .000E+00   .000E+00  -.513E-07   .000E+00   .107E+01  -.750E+03   .000E+00  -.100E+01     316
    1308.76500   .000E+00   .000E+00   .675E-10   .000E+00   .385E-03   .000E+00   .000E+00  -.505E-07   .000E+00   .108E+01  -.750E+03   .000E+00  -.100E+01     317
    1321.88900   .000E+00   .000E+00  -.710E-10   .000E+00   .383E-03   .000E+00   .000E+00  -.514E-07   .000E+00   .108E+01  -.750E+03   .000E+00  -.100E+01     318
    1335.01200   .000E+00   .000E+00  -.703E-10   .000E+00   .380E-03   .000E+00   .000E+00  -.523E-07   .000E+00   .109E+01  -.750E+03   .000E+00  -.100E+01     319
    1348.13600   .000E+00   .000E+00  -.695E-10   .000E+00   .378E-03   .000E+00   .000E+00  -.532E-07   .000E+00   .109E+01  -.750E+03   .000E+00  -.100E+01     320
    1361.25900   .000E+00   .000E+00  -.694E-10   .000E+00   .376E-03   .000E+00   .000E+00  -.541E-07   .000E+00   .110E+01  -.750E+03   .000E+00  -.100E+01     321
    1374.38300   .000E+00   .000E+00  -.682E-10   .000E+00   .374E-03   .000E+00   .000E+00  -.550E-07   .000E+00   .110E+01  -.750E+03   .000E+00  -.100E+01     322
    1387.50600   .000E+00   .000E+00  -.678E-10   .000E+00   .372E-03   .000E+00   .000E+00  -.559E-07   .000E+00   .111E+01  -.750E+03   .000E+00  -.100E+01     323
    1400.63000   .000E+00   .000E+00  -.673E-10   .000E+00   .370E-03   .000E+00   .000E+00  -.568E-07   .000E+00   .111E+01  -.750E+03   .000E+00  -.100E+01     324
    1413.75300   .000E+00   .000E+00  -.657E-10   .000E+00   .368E-03   .000E+00   .000E+00  -.577E-07   .000E+00   .112E+01  -.750E+03   .000E+00  -.100E+01     325
    1426.87600   .000E+00   .000E+00   .742E-10   .000E+00   .366E-03   .000E+00   .000E+00  -.567E-07   .000E+00   .112E+01  -.750E+03   .000E+00  -.100E+01     326
    1440.00000   .000E+00   .000E+00   .764E-10   .000E+00   .364E-03   .000E+00   .000E+00  -.557E-07   .000E+00   .113E+01  -.750E+03   .000E+00  -.100E+01     327
    1457.14300   .000E+00   .000E+00  -.212E-10   .000E+00   .362E-03   .000E+00   .000E+00  -.561E-07   .000E+00   .113E+01  -.750E+03   .000E+00  -.100E+01     328
    1474.28600   .000E+00   .000E+00  -.197E-10   .000E+00   .360E-03   .000E+00   .000E+00  -.564E-07   .000E+00   .114E+01  -.750E+03   .000E+00  -.100E+01     329
    1491.42800   .000E+00   .000E+00  -.178E-10   .000E+00   .357E-03   .000E+00   .000E+00  -.567E-07   .000E+00   .114E+01  -.750E+03   .000E+00  -.100E+01     330
    1508.57100   .000E+00   .000E+00  -.166E-10   .000E+00   .355E-03   .000E+00   .000E+00  -.570E-07   .000E+00   .115E+01  -.750E+03   .000E+00  -.100E+01     331
    1525.71400   .000E+00   .000E+00  -.157E-10   .000E+00   .353E-03   .000E+00   .000E+00  -.572E-07   .000E+00   .116E+01  -.750E+03   .000E+00  -.100E+01     332
    1542.85700   .000E+00   .000E+00  -.142E-10   .000E+00   .350E-03   .000E+00   .000E+00  -.575E-07   .000E+00   .116E+01  -.750E+03   .000E+00  -.100E+01     333
    1560.00000   .000E+00   .000E+00  -.125E-10   .000E+00   .348E-03   .000E+00   .000E+00  -.577E-07   .000E+00   .117E+01  -.750E+03   .000E+00  -.100E+01     334
    1577.14300   .000E+00   .000E+00  -.110E-10   .000E+00   .346E-03   .000E+00   .000E+00  -.579E-07   .000E+00   .117E+01  -.750E+03   .000E+00  -.100E+01     335
    1594.28500   .000E+00   .000E+00  -.959E-11   .000E+00   .344E-03   .000E+00   .000E+00  -.581E-07   .000E+00   .118E+01  -.750E+03   .000E+00  -.100E+01     336
    1611.42800   .000E+00   .000E+00  -.893E-11   .000E+00   .342E-03   .000E+00   .000E+00  -.582E-07   .000E+00   .119E+01  -.750E+03   .000E+00  -.100E+01     337
    1628.57100   .000E+00   .000E+00  -.695E-11   .000E+00   .340E-03   .000E+00   .000E+00  -.583E-07   .000E+00   .119E+01  -.750E+03   .000E+00  -.100E+01     338
    1645.71400   .000E+00   .000E+00  -.576E-11   .000E+00   .338E-03   .000E+00   .000E+00  -.584E-07   .000E+00   .120E+01  -.750E+03   .000E+00  -.100E+01     339
    1662.85700   .000E+00   .000E+00  -.484E-11   .000E+00   .336E-03   .000E+00   .000E+00  -.585E-07   .000E+00   .120E+01  -.750E+03   .000E+00  -.100E+01     340
    1680.00000   .000E+00   .000E+00  -.326E-11   .000E+00   .334E-03   .000E+00   .000E+00  -.586E-07   .000E+00   .121E+01  -.750E+03   .000E+00  -.100E+01     341
    1697.14200   .000E+00   .000E+00  -.194E-11   .000E+00   .332E-03   .000E+00   .000E+00  -.586E-07   .000E+00   .121E+01  -.750E+03   .000E+00  -.100E+01     342
    1714.28500   .000E+00   .000E+00   .417E-13   .000E+00   .330E-03   .000E+00   .000E+00  -.586E-07   .000E+00   .122E+01  -.750E+03   .000E+00  -.100E+01     343
    1731.42800   .000E+00   .000E+00   .123E-11   .000E+00   .328E-03   .000E+00   .000E+00  -.586E-07   .000E+00   .123E+01  -.750E+03   .000E+00  -.100E+01     344
    1748.57100   .000E+00   .000E+00   .228E-11   .000E+00   .326E-03   .000E+00   .000E+00  -.585E-07   .000E+00   .123E+01  -.750E+03   .000E+00  -.100E+01     345
    1765.71400   .000E+00   .000E+00   .387E-11   .000E+00   .324E-03   .000E+00   .000E+00  -.585E-07   .000E+00   .124E+01  -.750E+03   .000E+00  -.100E+01     346
    1782.85700   .000E+00   .000E+00   .545E-11   .000E+00   .323E-03   .000E+00   .000E+00  -.584E-07   .000E+00   .124E+01  -.750E+03   .000E+00  -.100E+01     347
    1800.00000   .000E+00   .000E+00   .690E-11   .000E+00   .321E-03   .000E+00   .000E+00  -.583E-07   .000E+00   .125E+01  -.750E+03   .000E+00  -.100E+01     348
    1817.14200   .000E+00   .000E+00   .809E-11   .000E+00   .319E-03   .000E+00   .000E+00  -.581E-07   .000E+00   .125E+01  -.750E+03   .000E+00  -.100E+01     349
    1834.28500   .000E+00   .000E+00   .928E-11   .000E+00   .318E-03   .000E+00   .000E+00  -.580E-07   .000E+00   .126E+01  -.750E+03   .000E+00  -.100E+01     350
    1851.42800   .000E+00   .000E+00   .113E-10   .000E+00   .316E-03   .000E+00   .000E+00  -.578E-07   .000E+00   .126E+01  -.750E+03   .000E+00  -.100E+01     351
    1868.57100   .000E+00   .000E+00   .126E-10   .000E+00   .314E-03   .000E+00   .000E+00  -.576E-07   .000E+00   .127E+01  -.750E+03   .000E+00  -.100E+01     352
    1885.71400   .000E+00   .000E+00   .139E-10   .000E+00   .313E-03   .000E+00   .000E+00  -.573E-07   .000E+00   .128E+01  -.750E+03   .000E+00  -.100E+01     353
    1902.85700   .000E+00   .000E+00   .144E-10   .000E+00   .311E-03   .000E+00   .000E+00  -.571E-07   .000E+00   .128E+01  -.750E+03   .000E+00  -.100E+01     354
    1920.00000   .000E+00   .000E+00   .165E-10   .000E+00   .309E-03   .000E+00   .000E+00  -.568E-07   .000E+00   .129E+01  -.750E+03   .000E+00  -.100E+01     355
    1937.14300   .000E+00   .000E+00   .179E-10   .000E+00   .308E-03   .000E+00   .000E+00  -.565E-07   .000E+00   .129E+01  -.750E+03   .000E+00  -.100E+01     356
    1954.28500   .000E+00   .000E+00   .192E-10   .000E+00   .306E-03   .000E+00   .000E+00  -.562E-07   .000E+00   .130E+01  -.750E+03   .000E+00  -.100E+01     357
    1971.42800   .000E+00   .000E+00   .205E-10   .000E+00   .305E-03   .000E+00   .000E+00  -.558E-07   .000E+00   .130E+01  -.750E+03   .000E+00  -.100E+01     358
    1988.57100   .000E+00   .000E+00   .218E-10   .000E+00   .303E-03   .000E+00   .000E+00  -.554E-07   .000E+00   .131E+01  -.750E+03   .000E+00  -.100E+01     359
    2005.71400   .000E+00   .000E+00   .223E-10   .000E+00   .302E-03   .000E+00   .000E+00  -.550E-07   .000E+00   .131E+01  -.750E+03   .000E+00  -.100E+01     360
    2022.85700   .000E+00   .000E+00   .243E-10   .000E+00   .300E-03   .000E+00   .000E+00  -.546E-07   .000E+00   .132E+01  -.750E+03   .000E+00  -.100E+01     361
    2040.00000   .000E+00   .000E+00   .254E-10   .000E+00   .299E-03   .000E+00   .000E+00  -.542E-07   .000E+00   .132E+01  -.750E+03   .000E+00  -.100E+01     362
    2057.14300   .000E+00   .000E+00   .270E-10   .000E+00   .297E-03   .000E+00   .000E+00  -.537E-07   .000E+00   .133E+01  -.750E+03   .000E+00  -.100E+01     363
    2074.28500   .000E+00   .000E+00   .280E-10   .000E+00   .296E-03   .000E+00   .000E+00  -.533E-07   .000E+00   .133E+01  -.750E+03   .000E+00  -.100E+01     364
    2091.42800   .000E+00   .000E+00   .299E-10   .000E+00   .294E-03   .000E+00   .000E+00  -.527E-07   .000E+00   .134E+01  -.750E+03   .000E+00  -.100E+01     365
    2108.57100   .000E+00   .000E+00   .310E-10   .000E+00   .293E-03   .000E+00   .000E+00  -.522E-07   .000E+00   .134E+01  -.750E+03   .000E+00  -.100E+01     366
    2125.71400   .000E+00   .000E+00   .325E-10   .000E+00   .292E-03   .000E+00   .000E+00  -.516E-07   .000E+00   .135E+01  -.750E+03   .000E+00  -.100E+01     367
    2142.85700   .000E+00   .000E+00   .337E-10   .000E+00   .290E-03   .000E+00   .000E+00  -.511E-07   .000E+00   .135E+01  -.750E+03   .000E+00  -.100E+01     368
    2160.00000   .000E+00   .000E+00   .347E-10   .000E+00   .289E-03   .000E+00   .000E+00  -.505E-07   .000E+00   .136E+01  -.750E+03   .000E+00  -.100E+01     369
    2177.14300   .000E+00   .000E+00   .371E-10   .000E+00   .288E-03   .000E+00   .000E+00  -.498E-07   .000E+00   .136E+01  -.750E+03   .000E+00  -.100E+01     370
    2194.28600   .000E+00   .000E+00   .383E-10   .000E+00   .286E-03   .000E+00   .000E+00  -.492E-07   .000E+00   .137E+01  -.750E+03   .000E+00  -.100E+01     371
    2211.42800   .000E+00   .000E+00   .390E-10   .000E+00   .285E-03   .000E+00   .000E+00  -.485E-07   .000E+00   .137E+01  -.750E+03   .000E+00  -.100E+01     372
    2228.57100   .000E+00   .000E+00   .403E-10   .000E+00   .284E-03   .000E+00   .000E+00  -.478E-07   .000E+00   .138E+01  -.750E+03   .000E+00  -.100E+01     373
    2251.03400   .000E+00   .000E+00  -.340E-10   .000E+00   .282E-03   .000E+00   .000E+00  -.486E-07   .000E+00   .138E+01  -.750E+03   .000E+00  -.100E+01     374
    2273.49800   .000E+00   .000E+00  -.326E-10   .000E+00   .280E-03   .000E+00   .000E+00  -.493E-07   .000E+00   .139E+01  -.750E+03   .000E+00  -.100E+01     375
    2295.96100   .000E+00   .000E+00  -.306E-10   .000E+00   .279E-03   .000E+00   .000E+00  -.500E-07   .000E+00   .140E+01  -.750E+03   .000E+00  -.100E+01     376
    2318.42400   .000E+00   .000E+00  -.297E-10   .000E+00   .277E-03   .000E+00   .000E+00  -.507E-07   .000E+00   .140E+01  -.750E+03   .000E+00  -.100E+01     377
    2340.88700   .000E+00   .000E+00  -.285E-10   .000E+00   .276E-03   .000E+00   .000E+00  -.513E-07   .000E+00   .141E+01  -.750E+03   .000E+00  -.100E+01     378
    2363.35000   .000E+00   .000E+00  -.268E-10   .000E+00   .274E-03   .000E+00   .000E+00  -.519E-07   .000E+00   .141E+01  -.750E+03   .000E+00  -.100E+01     379
    2385.81300   .000E+00   .000E+00  -.253E-10   .000E+00   .273E-03   .000E+00   .000E+00  -.525E-07   .000E+00   .142E+01  -.750E+03   .000E+00  -.100E+01     380
    2408.27600   .000E+00   .000E+00  -.237E-10   .000E+00   .271E-03   .000E+00   .000E+00  -.530E-07   .000E+00   .143E+01  -.750E+03   .000E+00  -.100E+01     381
    2430.74000   .000E+00   .000E+00  -.229E-10   .000E+00   .270E-03   .000E+00   .000E+00  -.535E-07   .000E+00   .143E+01  -.750E+03   .000E+00  -.100E+01     382
    2453.20300   .000E+00   .000E+00  -.214E-10   .000E+00   .268E-03   .000E+00   .000E+00  -.540E-07   .000E+00   .144E+01  -.750E+03   .000E+00  -.100E+01     383
    2475.66600   .000E+00   .000E+00  -.202E-10   .000E+00   .267E-03   .000E+00   .000E+00  -.545E-07   .000E+00   .144E+01  -.750E+03   .000E+00  -.100E+01     384
    2498.12900   .000E+00   .000E+00  -.187E-10   .000E+00   .266E-03   .000E+00   .000E+00  -.549E-07   .000E+00   .145E+01  -.750E+03   .000E+00  -.100E+01     385
    2520.59200   .000E+00   .000E+00  -.178E-10   .000E+00   .264E-03   .000E+00   .000E+00  -.553E-07   .000E+00   .146E+01  -.750E+03   .000E+00  -.100E+01     386
    2543.05500   .000E+00   .000E+00  -.166E-10   .000E+00   .263E-03   .000E+00   .000E+00  -.557E-07   .000E+00   .146E+01  -.750E+03   .000E+00  -.100E+01     387
    2565.51800   .000E+00   .000E+00  -.146E-10   .000E+00   .261E-03   .000E+00   .000E+00  -.560E-07   .000E+00   .147E+01  -.750E+03   .000E+00  -.100E+01     388
    2587.98100   .000E+00   .000E+00  -.133E-10   .000E+00   .260E-03   .000E+00   .000E+00  -.563E-07   .000E+00   .147E+01  -.750E+03   .000E+00  -.100E+01     389
    2610.44400   .000E+00   .000E+00  -.125E-10   .000E+00   .259E-03   .000E+00   .000E+00  -.566E-07   .000E+00   .148E+01  -.750E+03   .000E+00  -.100E+01     390
    2632.90700   .000E+00   .000E+00  -.108E-10   .000E+00   .257E-03   .000E+00   .000E+00  -.568E-07   .000E+00   .149E+01  -.750E+03   .000E+00  -.100E+01     391
    2655.37000   .000E+00   .000E+00  -.896E-11   .000E+00   .256E-03   .000E+00   .000E+00  -.570E-07   .000E+00   .149E+01  -.750E+03   .000E+00  -.100E+01     392
    2677.83300   .000E+00   .000E+00  -.777E-11   .000E+00   .255E-03   .000E+00   .000E+00  -.572E-07   .000E+00   .150E+01  -.750E+03   .000E+00  -.100E+01     393
    2700.29600   .000E+00   .000E+00  -.632E-11   .000E+00   .254E-03   .000E+00   .000E+00  -.573E-07   .000E+00   .150E+01  -.750E+03   .000E+00  -.100E+01     394
    2722.75900   .000E+00   .000E+00  -.540E-11   .000E+00   .253E-03   .000E+00   .000E+00  -.574E-07   .000E+00   .151E+01  -.750E+03   .000E+00  -.100E+01     395
    2745.22200   .000E+00   .000E+00  -.315E-11   .000E+00   .251E-03   .000E+00   .000E+00  -.575E-07   .000E+00   .151E+01  -.750E+03   .000E+00  -.100E+01     396
    2767.68500   .000E+00   .000E+00  -.302E-11   .000E+00   .250E-03   .000E+00   .000E+00  -.576E-07   .000E+00   .152E+01  -.750E+03   .000E+00  -.100E+01     397
    2790.14800   .000E+00   .000E+00  -.104E-11   .000E+00   .249E-03   .000E+00   .000E+00  -.576E-07   .000E+00   .153E+01  -.750E+03   .000E+00  -.100E+01     398
    2812.61100   .000E+00   .000E+00   .670E-12   .000E+00   .248E-03   .000E+00   .000E+00  -.576E-07   .000E+00   .153E+01  -.750E+03   .000E+00  -.100E+01     399
    2835.07400   .000E+00   .000E+00   .186E-11   .000E+00   .247E-03   .000E+00   .000E+00  -.576E-07   .000E+00   .154E+01  -.750E+03   .000E+00  -.100E+01     400
    2857.53700   .000E+00   .000E+00   .278E-11   .000E+00   .245E-03   .000E+00   .000E+00  -.575E-07   .000E+00   .154E+01  -.750E+03   .000E+00  -.100E+01     401
    2880.00000   .000E+00   .000E+00   .476E-11   .000E+00   .244E-03   .000E+00   .000E+00  -.574E-07   .000E+00   .155E+01  -.750E+03   .000E+00  -.100E+01     402
    2902.50000   .000E+00   .000E+00   .554E-11   .000E+00   .243E-03   .000E+00   .000E+00  -.573E-07   .000E+00   .155E+01  -.750E+03   .000E+00  -.100E+01     403
    2925.00000   .000E+00   .000E+00   .752E-11   .000E+00   .242E-03   .000E+00   .000E+00  -.571E-07   .000E+00   .156E+01  -.750E+03   .000E+00  -.100E+01     404
    2947.50000   .000E+00   .000E+00   .831E-11   .000E+00   .241E-03   .000E+00   .000E+00  -.569E-07   .000E+00   .156E+01  -.750E+03   .000E+00  -.100E+01     405
    2970.00000   .000E+00   .000E+00   .989E-11   .000E+00   .240E-03   .000E+00   .000E+00  -.567E-07   .000E+00   .157E+01  -.750E+03   .000E+00  -.100E+01     406
    2992.50000   .000E+00   .000E+00   .120E-10   .000E+00   .239E-03   .000E+00   .000E+00  -.564E-07   .000E+00   .158E+01  -.750E+03   .000E+00  -.100E+01     407
    3015.00000   .000E+00   .000E+00   .140E-10   .000E+00   .238E-03   .000E+00   .000E+00  -.561E-07   .000E+00   .158E+01  -.750E+03   .000E+00  -.100E+01     408
    3037.50000   .000E+00   .000E+00   .164E-10   .000E+00   .237E-03   .000E+00   .000E+00  -.557E-07   .000E+00   .159E+01  -.750E+03   .000E+00  -.100E+01     409
    3060.00000   .000E+00   .000E+00   .196E-10   .000E+00   .236E-03   .000E+00   .000E+00  -.553E-07   .000E+00   .159E+01  -.750E+03   .000E+00  -.100E+01     410
    3082.50000   .000E+00   .000E+00   .240E-10   .000E+00   .235E-03   .000E+00   .000E+00  -.547E-07   .000E+00   .160E+01  -.750E+03   .000E+00  -.100E+01     411
    3105.00000   .000E+00   .000E+00   .299E-10   .000E+00   .234E-03   .000E+00   .000E+00  -.541E-07   .000E+00   .160E+01  -.750E+03   .000E+00  -.100E+01     412
    3127.50000   .000E+00   .000E+00  -.430E-10   .000E+00   .233E-03   .000E+00   .000E+00  -.550E-07   .000E+00   .161E+01  -.750E+03   .000E+00  -.100E+01     413
    3150.00000   .000E+00   .000E+00  -.306E-10   .000E+00   .232E-03   .000E+00   .000E+00  -.557E-07   .000E+00   .161E+01  -.750E+03   .000E+00  -.100E+01     414
    3172.50000   .000E+00   .000E+00  -.121E-10   .000E+00   .231E-03   .000E+00   .000E+00  -.560E-07   .000E+00   .162E+01  -.750E+03   .000E+00  -.100E+01     415
    3195.00000   .000E+00   .000E+00   .163E-10   .000E+00   .230E-03   .000E+00   .000E+00  -.556E-07   .000E+00   .162E+01  -.750E+03   .000E+00  -.100E+01     416
    3217.50000   .000E+00   .000E+00  -.223E-10   .000E+00   .229E-03   .000E+00   .000E+00  -.561E-07   .000E+00   .163E+01  -.750E+03   .000E+00  -.100E+01     417
    3240.00000   .000E+00   .000E+00   .412E-10   .000E+00   .228E-03   .000E+00   .000E+00  -.552E-07   .000E+00   .163E+01  -.750E+03   .000E+00  -.100E+01     418
    3262.50000   .000E+00   .000E+00  -.286E-10   .000E+00   .227E-03   .000E+00   .000E+00  -.559E-07   .000E+00   .164E+01  -.750E+03   .000E+00  -.100E+01     419
    3290.62500   .000E+00   .000E+00  -.967E-11   .000E+00   .226E-03   .000E+00   .000E+00  -.561E-07   .000E+00   .164E+01  -.750E+03   .000E+00  -.100E+01     420
    3318.75000   .000E+00   .000E+00  -.614E-11   .000E+00   .225E-03   .000E+00   .000E+00  -.563E-07   .000E+00   .165E+01  -.750E+03   .000E+00  -.100E+01     421
    3346.87500   .000E+00   .000E+00   .253E-10   .000E+00   .223E-03   .000E+00   .000E+00  -.556E-07   .000E+00   .166E+01  -.750E+03   .000E+00  -.100E+01     422
    3375.00000   .000E+00   .000E+00   .173E-10   .000E+00   .222E-03   .000E+00   .000E+00  -.551E-07   .000E+00   .166E+01  -.750E+03   .000E+00  -.100E+01     423
    3403.12500   .000E+00   .000E+00   .210E-10   .000E+00   .221E-03   .000E+00   .000E+00  -.545E-07   .000E+00   .167E+01  -.750E+03   .000E+00  -.100E+01     424
    3431.25000   .000E+00   .000E+00  -.276E-10   .000E+00   .220E-03   .000E+00   .000E+00  -.553E-07   .000E+00   .168E+01  -.750E+03   .000E+00  -.100E+01     425
    3459.37500   .000E+00   .000E+00   .131E-10   .000E+00   .219E-03   .000E+00   .000E+00  -.549E-07   .000E+00   .168E+01  -.750E+03   .000E+00  -.100E+01     426
    3487.50000   .000E+00   .000E+00   .165E-10   .000E+00   .218E-03   .000E+00   .000E+00  -.545E-07   .000E+00   .169E+01  -.750E+03   .000E+00  -.100E+01     427
    3515.62500   .000E+00   .000E+00   .122E-10   .000E+00   .217E-03   .000E+00   .000E+00  -.541E-07   .000E+00   .169E+01  -.750E+03   .000E+00  -.100E+01     428
    3543.75000   .000E+00   .000E+00   .338E-10   .000E+00   .216E-03   .000E+00   .000E+00  -.532E-07   .000E+00   .170E+01  -.750E+03   .000E+00  -.100E+01     429
    3571.87500   .000E+00   .000E+00  -.508E-11   .000E+00   .215E-03   .000E+00   .000E+00  -.533E-07   .000E+00   .171E+01  -.749E+03   .000E+00  -.100E+01     430
    3600.00000   .000E+00   .000E+00  -.977E-11   .000E+00   .214E-03   .000E+00   .000E+00  -.536E-07   .000E+00   .171E+01  -.749E+03   .000E+00  -.100E+01     431
    3628.80000   .000E+00   .000E+00   .200E-10   .000E+00   .213E-03   .000E+00   .000E+00  -.530E-07   .000E+00   .172E+01  -.748E+03   .000E+00  -.100E+01     432
    3657.60000   .000E+00   .000E+00  -.252E-11   .000E+00   .212E-03   .000E+00   .000E+00  -.531E-07   .000E+00   .172E+01  -.747E+03   .000E+00  -.100E+01     433
    3686.40000   .000E+00   .000E+00  -.321E-10   .000E+00   .211E-03   .000E+00   .000E+00  -.540E-07   .000E+00   .173E+01  -.745E+03   .000E+00  -.100E+01     434
    3715.20000   .000E+00   .000E+00  -.129E-10   .000E+00   .210E-03   .000E+00   .000E+00  -.544E-07   .000E+00   .174E+01  -.741E+03   .000E+00  -.100E+01     435
    3744.00000   .000E+00   .000E+00  -.187E-11   .000E+00   .209E-03   .000E+00   .000E+00  -.544E-07   .000E+00   .174E+01  -.736E+03   .000E+00  -.100E+01     436
    3772.80000   .000E+00   .000E+00  -.507E-11   .000E+00   .208E-03   .000E+00   .000E+00  -.546E-07   .000E+00   .175E+01  -.729E+03   .000E+00  -.100E+01     437
    3801.60000   .000E+00   .000E+00  -.160E-10   .000E+00   .207E-03   .000E+00   .000E+00  -.550E-07   .000E+00   .175E+01  -.718E+03   .000E+00  -.100E+01     438
    3830.40000   .000E+00   .000E+00   .465E-11   .000E+00   .206E-03   .000E+00   .000E+00  -.549E-07   .000E+00   .176E+01  -.701E+03   .000E+00  -.100E+01     439
    3868.06200   .000E+00   .000E+00   .266E-10   .000E+00   .205E-03   .000E+00   .000E+00  -.539E-07   .000E+00   .177E+01  -.667E+03   .000E+00  -.100E+01     440
    3905.72400   .000E+00   .000E+00  -.114E-10   .000E+00   .204E-03   .000E+00   .000E+00  -.543E-07   .000E+00   .178E+01  -.616E+03   .000E+00  -.100E+01     441
    3943.38500   .000E+00   .000E+00   .217E-10   .000E+00   .203E-03   .000E+00   .000E+00  -.535E-07   .000E+00   .178E+01  -.562E+03   .000E+00  -.100E+01     442
    3981.04600   .000E+00   .000E+00   .196E-11   .000E+00   .201E-03   .000E+00   .000E+00  -.534E-07   .000E+00   .179E+01  -.494E+03   .000E+00  -.100E+01     443
    4018.70800   .000E+00   .000E+00  -.908E-11   .000E+00   .200E-03   .000E+00   .000E+00  -.538E-07   .000E+00   .180E+01  -.431E+03   .000E+00  -.100E+01     444
    4056.37000   .000E+00   .000E+00  -.398E-12   .000E+00   .199E-03   .000E+00   .000E+00  -.538E-07   .000E+00   .181E+01  -.368E+03   .000E+00  -.100E+01     445
    4094.03100   .000E+00   .000E+00   .717E-11   .000E+00   .198E-03   .000E+00   .000E+00  -.535E-07   .000E+00   .181E+01  -.311E+03   .000E+00  -.100E+01     446
    4131.69200   .000E+00   .000E+00   .198E-10   .000E+00   .197E-03   .000E+00   .000E+00  -.528E-07   .000E+00   .182E+01  -.266E+03   .000E+00  -.100E+01     447
    4169.35400   .000E+00   .000E+00   .837E-12   .000E+00   .196E-03   .000E+00   .000E+00  -.527E-07   .000E+00   .183E+01  -.225E+03   .000E+00  -.100E+01     448
    4207.01600   .000E+00   .000E+00   .373E-11   .000E+00   .195E-03   .000E+00   .000E+00  -.526E-07   .000E+00   .184E+01  -.190E+03   .000E+00  -.100E+01     449
    4244.67700   .000E+00   .000E+00  -.319E-10   .000E+00   .194E-03   .000E+00   .000E+00  -.538E-07   .000E+00   .184E+01  -.164E+03   .000E+00  -.100E+01     450
    4282.33900   .000E+00   .000E+00   .178E-10   .000E+00   .193E-03   .000E+00   .000E+00  -.531E-07   .000E+00   .185E+01  -.141E+03   .000E+00  -.100E+01     451
    4320.00000   .000E+00   .000E+00  -.177E-10   .000E+00   .192E-03   .000E+00   .000E+00  -.538E-07   .000E+00   .186E+01  -.123E+03   .000E+00  -.100E+01     452
    4357.89500   .000E+00   .000E+00  -.253E-10   .000E+00   .191E-03   .000E+00   .000E+00  -.548E-07   .000E+00   .186E+01  -.108E+03   .000E+00  -.100E+01     453
    4395.78900   .000E+00   .000E+00   .171E-10   .000E+00   .190E-03   .000E+00   .000E+00  -.541E-07   .000E+00   .187E+01  -.958E+02   .000E+00  -.100E+01     454
    4433.68400   .000E+00   .000E+00  -.502E-10   .000E+00   .189E-03   .000E+00   .000E+00  -.560E-07   .000E+00   .188E+01  -.863E+02   .000E+00  -.100E+01     455
    4471.57800   .000E+00   .000E+00   .486E-10   .000E+00   .188E-03   .000E+00   .000E+00  -.542E-07   .000E+00   .189E+01  -.779E+02   .000E+00  -.100E+01     456
    4509.47300   .000E+00   .000E+00   .864E-10   .000E+00   .187E-03   .000E+00   .000E+00  -.509E-07   .000E+00   .189E+01  -.712E+02   .000E+00  -.100E+01     457
    4547.36800   .000E+00   .000E+00   .915E-11   .000E+00   .186E-03   .000E+00   .000E+00  -.506E-07   .000E+00   .190E+01  -.654E+02   .000E+00  -.100E+01     458
    4596.63100   .000E+00   .000E+00   .450E-10   .000E+00   .184E-03   .000E+00   .000E+00  -.483E-07   .000E+00   .191E+01  -.590E+02   .000E+00  -.100E+01     459
    4645.89500   .000E+00   .000E+00   .479E-10   .000E+00   .183E-03   .000E+00   .000E+00  -.460E-07   .000E+00   .192E+01  -.540E+02   .000E+00  -.100E+01     460
    4695.15800   .000E+00   .000E+00   .639E-10   .000E+00   .182E-03   .000E+00   .000E+00  -.428E-07   .000E+00   .193E+01  -.495E+02   .000E+00  -.100E+01     461
    4764.12600   .000E+00   .000E+00  -.252E-10   .000E+00   .179E-03   .000E+00   .000E+00  -.446E-07   .000E+00   .194E+01  -.445E+02   .000E+00  -.100E+01     462
    4833.09500   .000E+00   .000E+00  -.342E-10   .000E+00   .177E-03   .000E+00   .000E+00  -.469E-07   .000E+00   .195E+01  -.403E+02   .000E+00  -.100E+01     463
    4902.06300   .000E+00   .000E+00   .291E-11   .000E+00   .175E-03   .000E+00   .000E+00  -.467E-07   .000E+00   .196E+01  -.368E+02   .000E+00  -.100E+01     464
    4971.03100   .000E+00   .000E+00   .333E-10   .000E+00   .172E-03   .000E+00   .000E+00  -.444E-07   .000E+00   .198E+01  -.339E+02   .000E+00  -.100E+01     465
    5040.00000   .000E+00   .000E+00   .327E-10   .000E+00   .169E-03   .000E+00   .000E+00  -.422E-07   .000E+00   .199E+01  -.313E+02   .000E+00  -.100E+01     466
    5105.45500   .000E+00   .000E+00  -.159E-10   .000E+00   .165E-03   .000E+00   .000E+00  -.432E-07   .000E+00   .200E+01  -.291E+02   .000E+00  -.100E+01     467
    5170.90900   .000E+00   .000E+00   .258E-10   .000E+00   .162E-03   .000E+00   .000E+00  -.415E-07   .000E+00   .201E+01  -.273E+02   .000E+00  -.100E+01     468
    5255.06500   .000E+00   .000E+00  -.171E-10   .000E+00   .157E-03   .000E+00   .000E+00  -.430E-07   .000E+00   .202E+01  -.252E+02   .000E+00  -.100E+01     469
    5356.05200   .000E+00   .000E+00   .713E-10   .000E+00   .150E-03   .000E+00   .000E+00  -.358E-07   .000E+00   .204E+01  -.230E+02   .000E+00  -.100E+01     470
    5457.03900   .000E+00   .000E+00  -.502E-10   .000E+00   .142E-03   .000E+00   .000E+00  -.408E-07   .000E+00   .205E+01  -.211E+02   .000E+00  -.100E+01     471
    5558.02600   .000E+00   .000E+00   .938E-10   .000E+00   .134E-03   .000E+00   .000E+00  -.314E-07   .000E+00   .206E+01  -.194E+02   .000E+00  -.100E+01     472
    5760.00000   .000E+00   .000E+00  -.730E-10   .000E+00   .117E-03   .000E+00   .000E+00  -.461E-07   .000E+00   .209E+01  -.169E+02   .000E+00  -.100E+01     473
    5904.00000   .000E+00   .000E+00   .979E-11   .000E+00   .104E-03   .000E+00   .000E+00  -.447E-07   .000E+00   .210E+01  -.153E+02   .000E+00  -.100E+01     474
    6048.00000   .000E+00   .000E+00   .278E-10   .000E+00   .908E-04   .000E+00   .000E+00  -.407E-07   .000E+00   .212E+01  -.140E+02   .000E+00  -.100E+01     475
    6192.00000   .000E+00   .000E+00  -.123E-10   .000E+00   .780E-04   .000E+00   .000E+00  -.425E-07   .000E+00   .213E+01  -.130E+02   .000E+00  -.100E+01     476
    6336.00000   .000E+00   .000E+00  -.580E-11   .000E+00   .660E-04   .000E+00   .000E+00  -.433E-07   .000E+00   .214E+01  -.121E+02   .000E+00  -.100E+01     477
    6480.00000   .000E+00   .000E+00   .960E-10   .000E+00   .550E-04   .000E+00   .000E+00  -.295E-07   .000E+00   .215E+01  -.114E+02   .000E+00  -.100E+01     478
    6660.00000   .000E+00   .000E+00  -.913E-10   .000E+00   .431E-04   .000E+00   .000E+00  -.459E-07   .000E+00   .215E+01  -.107E+02   .000E+00  -.100E+01     479
    6840.00000   .000E+00   .000E+00  -.169E-10   .000E+00   .332E-04   .000E+00   .000E+00  -.490E-07   .000E+00   .216E+01  -.101E+02   .000E+00  -.100E+01     480
    7020.00000   .000E+00   .000E+00   .109E-09   .000E+00   .253E-04   .000E+00   .000E+00  -.293E-07   .000E+00   .216E+01  -.974E+01   .000E+00  -.100E+01     481
    7200.00000   .000E+00   .000E+00  -.104E-09   .000E+00   .189E-04   .000E+00   .000E+00  -.481E-07   .000E+00   .217E+01  -.943E+01   .000E+00  -.100E+01     482
    7500.00000   .000E+00   .000E+00   .820E-10   .000E+00   .118E-04   .000E+00   .000E+00  -.235E-07   .000E+00   .217E+01  -.911E+01   .000E+00  -.100E+01     483
    7912.50000   .000E+00   .000E+00  -.909E-10   .000E+00   .639E-05   .000E+00   .000E+00  -.609E-07   .000E+00   .217E+01  -.887E+01   .000E+00  -.100E+01     484
    8393.75000   .000E+00   .000E+00  -.789E-10   .000E+00   .332E-05   .000E+00   .000E+00  -.989E-07   .000E+00   .217E+01  -.874E+01   .000E+00  -.100E+01     485
    8995.31300   .000E+00   .000E+00   .912E-10   .000E+00   .139E-05   .000E+00   .000E+00  -.441E-07   .000E+00   .218E+01  -.866E+01   .000E+00  -.100E+01     486
    9897.65600   .000E+00   .000E+00   .148E-09   .000E+00   .472E-06   .000E+00   .000E+00   .892E-07   .000E+00   .218E+01  -.862E+01   .000E+00  -.100E+01     487
   10800.00000   .000E+00   .000E+00  -.234E-10   .000E+00   .112E-06   .000E+00   .000E+00   .681E-07   .000E+00   .218E+01  -.860E+01   .000E+00  -.100E+01     488
end
