 ******* Program HYDRUS
 ******* 
 Welcome to HYDRUS-1D                                                    
 Date:  16. 4.    Time:  19:28:13
 Units: L = cm   , T = min  , M = mmol 

----------------------------------------------------------
 Time       [T]        0.0000
----------------------------------------------------------
 Sub-region num.                     1
----------------------------------------------------------
 Area     [L]        0.18000E+03  0.18000E+03
 W-volume [L]        0.61560E+02  0.61560E+02
 In-flow  [L/T]      0.00000E+00  0.00000E+00
 h Mean   [L]       -0.13033E+02 -0.13033E+02
 Top Flux [L/T]     -0.10443E+01
 Bot Flux [L/T]     -0.10443E+01
----------------------------------------------------------

----------------------------------------------------------
 Time       [T]       25.0000
----------------------------------------------------------
 Sub-region num.                     1
----------------------------------------------------------
 Area     [L]        0.18000E+03  0.18000E+03
 W-volume [L]        0.42446E+02  0.42446E+02
 In-flow  [L/T]     -0.51031E+00 -0.51031E+00
 h Mean   [L]       -0.32258E+02 -0.32258E+02
 Top Flux [L/T]     -0.76408E-03
 Bot Flux [L/T]     -0.51031E+00
 WatBalT  [L]        0.47684E-04
 WatBalR  [%]              0.000
----------------------------------------------------------

----------------------------------------------------------
 Time       [T]       50.0000
----------------------------------------------------------
 Sub-region num.                     1
----------------------------------------------------------
 Area     [L]        0.18000E+03  0.18000E+03
 W-volume [L]        0.34462E+02  0.34462E+02
 In-flow  [L/T]     -0.20046E+00 -0.20046E+00
 h Mean   [L]       -0.36346E+02 -0.36346E+02
 Top Flux [L/T]     -0.22310E-03
 Bot Flux [L/T]     -0.20046E+00
 WatBalT  [L]        0.43869E-04
 WatBalR  [%]              0.000
----------------------------------------------------------

----------------------------------------------------------
 Time       [T]       75.0000
----------------------------------------------------------
 Sub-region num.                     1
----------------------------------------------------------
 Area     [L]        0.18000E+03  0.18000E+03
 W-volume [L]        0.31013E+02  0.31013E+02
 In-flow  [L/T]     -0.10098E+00 -0.10098E+00
 h Mean   [L]       -0.38412E+02 -0.38412E+02
 Top Flux [L/T]     -0.10934E-03
 Bot Flux [L/T]     -0.10098E+00
 WatBalT  [L]        0.45776E-04
 WatBalR  [%]              0.000
----------------------------------------------------------

----------------------------------------------------------
 Time       [T]      100.0000
----------------------------------------------------------
 Sub-region num.                     1
----------------------------------------------------------
 Area     [L]        0.18000E+03  0.18000E+03
 W-volume [L]        0.29133E+02  0.29133E+02
 In-flow  [L/T]     -0.60962E-01 -0.60962E-01
 h Mean   [L]       -0.39787E+02 -0.39787E+02
 Top Flux [L/T]     -0.66340E-04
 Bot Flux [L/T]     -0.60961E-01
 WatBalT  [L]        0.49591E-04
 WatBalR  [%]              0.000
----------------------------------------------------------

----------------------------------------------------------
 Time       [T]      150.0000
----------------------------------------------------------
 Sub-region num.                     1
----------------------------------------------------------
 Area     [L]        0.18000E+03  0.18000E+03
 W-volume [L]        0.27119E+02  0.27119E+02
 In-flow  [L/T]     -0.29576E-01 -0.29576E-01
 h Mean   [L]       -0.41658E+02 -0.41658E+02
 Top Flux [L/T]     -0.33012E-04
 Bot Flux [L/T]     -0.29577E-01
 WatBalT  [L]        0.64850E-04
 WatBalR  [%]              0.000
----------------------------------------------------------

----------------------------------------------------------
 Time       [T]      200.0000
----------------------------------------------------------
 Sub-region num.                     1
----------------------------------------------------------
 Area     [L]        0.18000E+03  0.18000E+03
 W-volume [L]        0.26039E+02  0.26039E+02
 In-flow  [L/T]     -0.17552E-01 -0.17552E-01
 h Mean   [L]       -0.42970E+02 -0.42970E+02
 Top Flux [L/T]     -0.20102E-04
 Bot Flux [L/T]     -0.17553E-01
 WatBalT  [L]        0.61035E-04
 WatBalR  [%]              0.000
----------------------------------------------------------

----------------------------------------------------------
 Time       [T]      500.0000
----------------------------------------------------------
 Sub-region num.                     1
----------------------------------------------------------
 Area     [L]        0.18000E+03  0.18000E+03
 W-volume [L]        0.23918E+02  0.23918E+02
 In-flow  [L/T]     -0.33315E-02 -0.33315E-02
 h Mean   [L]       -0.47128E+02 -0.47128E+02
 Top Flux [L/T]     -0.42302E-05
 Bot Flux [L/T]     -0.33313E-02
 WatBalT  [L]       -0.26703E-04
 WatBalR  [%]              0.000
----------------------------------------------------------

----------------------------------------------------------
 Time       [T]     1000.0000
----------------------------------------------------------
 Sub-region num.                     1
----------------------------------------------------------
 Area     [L]        0.18000E+03  0.18000E+03
 W-volume [L]        0.23111E+02  0.23111E+02
 In-flow  [L/T]     -0.95257E-03 -0.95257E-03
 h Mean   [L]       -0.50340E+02 -0.50340E+02
 Top Flux [L/T]     -0.13165E-05
 Bot Flux [L/T]     -0.95209E-03
 WatBalT  [L]        0.12970E-03
 WatBalR  [%]              0.000
----------------------------------------------------------

----------------------------------------------------------
 Time       [T]     3000.0000
----------------------------------------------------------
 Sub-region num.                     1
----------------------------------------------------------
 Area     [L]        0.18000E+03  0.18000E+03
 W-volume [L]        0.22484E+02  0.22484E+02
 In-flow  [L/T]     -0.12433E-03 -0.12433E-03
 h Mean   [L]       -0.55765E+02 -0.55765E+02
 Top Flux [L/T]     -0.20082E-06
 Bot Flux [L/T]     -0.12350E-03
 WatBalT  [L]        0.10910E-02
 WatBalR  [%]              0.003
----------------------------------------------------------

----------------------------------------------------------
 Time       [T]     8500.0000
----------------------------------------------------------
 Sub-region num.                     1
----------------------------------------------------------
 Area     [L]        0.18000E+03  0.18000E+03
 W-volume [L]        0.22250E+02  0.22250E+02
 In-flow  [L/T]     -0.18854E-04 -0.18854E-04
 h Mean   [L]       -0.61090E+02 -0.61090E+02
 Top Flux [L/T]     -0.35192E-07
 Bot Flux [L/T]     -0.20666E-04
 WatBalT  [L]        0.25940E-02
 WatBalR  [%]              0.007
----------------------------------------------------------
 
 Calculation time [sec]  0.000000000000000E+000
