 ************************************************************************
 *                                                                      *
 *                                                                      *
 *Welcome to HYDRUS-1D                                                  *
 *Parameter Estimation of Soil Hydraulic Properties                     *
 *                                                                      *
 ************************************************************************


 Program parameters
 ==================
 Max. iterations.....................(MIT)...............  6
 No. of observations.................(NOBb).............  45


 Soil hydraulic properties
 =========================
 Residual moisture content...........(WCR)............     0.080
 Saturated moisture content..........(WCS)............     0.342
 First coefficient...................(ALPHA)..........     0.030
 Second coefficient..................(N)..............     5.000
 Saturated conductivity..............(CONDS).......... .1000E+01
 Pore conectivity factor.............(L)..............    -0.500


 Observed Quantity 
 ==================
    Obs     Time    Quantity     Type  Position   Weight
     1      5.000      0.282       2     2      1.999950
     2      5.000      0.300       2     3      1.999950
     3      5.000      0.325       2     4      1.999950
     4      5.000      0.342       2     5      1.999950
     5     10.000      0.246       2     2      1.999950
     6     10.000      0.258       2     3      1.999950
     7     10.000      0.278       2     4      1.999950
     8     10.000      0.300       2     5      1.999950
     9     10.000      0.342       2     6      1.999950
    10     20.000      0.206       2     2      1.999950
    11     20.000      0.212       2     3      1.999950
    12     20.000      0.222       2     4      1.999950
    13     20.000      0.240       2     5      1.999950
    14     20.000      0.276       2     6      1.999950
    15     20.000      0.304       2     7      1.999950
    16     20.000      0.342       2     8      1.999950
    17     40.000      0.187       2     4      1.999950
    18     40.000      0.196       2     5      1.999950
    19     40.000      0.212       2     6      1.999950
    20     40.000      0.234       2     7      1.999950
    21     40.000      0.264       2     8      1.999950
    22     40.000      0.294       2     9      1.999950
    23     40.000      0.342       2    10      1.999950
    24     60.000      0.167       2     4      1.999950
    25     60.000      0.172       2     5      1.999950
    26     60.000      0.188       2     6      1.999950
    27     60.000      0.202       2     7      1.999950
    28     60.000      0.225       2     8      1.999950
    29     60.000      0.264       2     9      1.999950
    30     60.000      0.302       2    10      1.999950
    31    120.000      0.148       2     5      1.999950
    32    120.000      0.155       2     6      1.999950
    33    120.000      0.164       2     7      1.999950
    34    120.000      0.187       2     8      1.999950
    35    120.000      0.210       2     9      1.999950
    36    120.000      0.254       2    10      1.999950
    37   8500.000      0.090       2     2     19.999496
    38   8500.000      0.090       2     3     19.999496
    39   8500.000      0.090       2     4     19.999496
    40   8500.000      0.090       2     5     19.999496
    41   8500.000      0.100       2     6     19.999496
    42   8500.000      0.110       2     7     19.999496
    43   8500.000      0.125       2     8     19.999496
    44   8500.000      0.160       2     9     19.999496
    45   8500.000      0.240       2    10     19.999496



 Parameter estimation with the  1. initial estimate
 ==================================================

 Iteration     SSQ         WCR         ALPHA       N           CONDS       L     
      0   0.5974D+01  0.8000E-01  0.3000E-01  0.5000E+01  0.1000E+01 -0.5000E+00
      1   0.1294D+01  0.8943E-01  0.4261E-01  0.3997E+01  0.1086E+01 -0.6148E+00
      2   0.4158D+00  0.9398E-01  0.3730E-01  0.5619E+01  0.1015E+01 -0.1265E+00
      3   0.2955D+00  0.9341E-01  0.3062E-01  0.7486E+01  0.1019E+01 -0.3936E+00
      4   0.1411D+00  0.9173E-01  0.2991E-01  0.8168E+01  0.1046E+01 -0.1370E-01


 No further reduction in SSQ obtained, optimization stopped


 Mass balance error in FE solution during final run was  0.0066 %


 Correlation matrix
 ==================
         1          2          3          4          5
   1   1.0000
   2  -0.4387     1.0000
   3   0.4809    -0.9934     1.0000
   4  -0.0402     0.1292    -0.1345     1.0000
   5  -0.0007    -0.2874     0.2910     0.0432     1.0000

 Non-linear least-squares analysis: final results
 ================================================
                                           95% Confidence limits
 Variable        Value        S.E.Coeff.     Lower         Upper
   WCR      0.91726E-01    0.14175E-02  0.88861E-01  0.94591E-01
   ALPHA    0.29914E-01    0.19575E-02  0.25957E-01  0.33870E-01
   N        0.81684E+01    0.78219E+00  0.65874E+01  0.97493E+01
   CONDS    0.10464E+01    0.74207E-01  0.89645E+00  0.11964E+01
   L       -0.13700E-01    0.98849E-01 -0.21349E+00  0.18609E+00


 Contributions to the final objective function

 Measurement Set   2:   0.1412E+00

 RSQUARE for regression of predicted vs observed =0.98423


------------Observed & Fitted Quantity -----------------------------
                                                   Resi-
    No     Time           Obs        Fitted        dual   Type  Position
    1      5.000       0.28200      0.28514     -0.00314     2     2
    5     10.000       0.24600      0.23164      0.01436     2     2
   10     20.000       0.20600      0.18032      0.02568     2     2
   37   8500.000       0.09000      0.09260     -0.00260     2     2
    2      5.000       0.30000      0.31815     -0.01815     2     3
    6     10.000       0.25800      0.27653     -0.01853     2     3
   11     20.000       0.21200      0.21740     -0.00540     2     3
   38   8500.000       0.09000      0.09299     -0.00299     2     3
    3      5.000       0.32500      0.33124     -0.00624     2     4
    7     10.000       0.27800      0.30389     -0.02589     2     4
   12     20.000       0.22200      0.24675     -0.02475     2     4
   17     40.000       0.18700      0.18933     -0.00233     2     4
   24     60.000       0.16700      0.16408      0.00292     2     4
   39   8500.000       0.09000      0.09335     -0.00335     2     4
    4      5.000       0.34200      0.33728      0.00472     2     5
    8     10.000       0.30000      0.32160     -0.02160     2     5
   13     20.000       0.24000      0.27064     -0.03064     2     5
   18     40.000       0.19600      0.20785     -0.01185     2     5
   25     60.000       0.17200      0.17849     -0.00649     2     5
   31    120.000       0.14800      0.14341      0.00459     2     5
   40   8500.000       0.09000      0.09368     -0.00368     2     5
    9     10.000       0.34200      0.33428      0.00772     2     6
   14     20.000       0.27600      0.29530     -0.01930     2     6
   19     40.000       0.21200      0.22489     -0.01289     2     6
   26     60.000       0.18800      0.19183     -0.00383     2     6
   32    120.000       0.15500      0.15173      0.00327     2     6
   41   8500.000       0.10000      0.09498      0.00502     2     6
   15     20.000       0.30400      0.30999     -0.00599     2     7
   20     40.000       0.23400      0.23356      0.00044     2     7
   27     60.000       0.20200      0.19761      0.00439     2     7
   33    120.000       0.16400      0.15523      0.00877     2     7
   42   8500.000       0.11000      0.10084      0.00916     2     7
   16     20.000       0.34200      0.32634      0.01566     2     8
   21     40.000       0.26400      0.25627      0.00773     2     8
   28     60.000       0.22500      0.21327      0.01173     2     8
   34    120.000       0.18700      0.16709      0.01991     2     8
   43   8500.000       0.12500      0.12862     -0.00362     2     8
   22     40.000       0.29400      0.28090      0.01310     2     9
   29     60.000       0.26400      0.23949      0.02451     2     9
   35    120.000       0.21000      0.19530      0.01470     2     9
   44   8500.000       0.16000      0.16811     -0.00811     2     9
   23     40.000       0.34200      0.30920      0.03280     2    10
   30     60.000       0.30200      0.28191      0.02009     2    10
   36    120.000       0.25400      0.25089      0.00311     2    10
   45   8500.000       0.24000      0.23382      0.00618     2    10


  Pressure    Log P      WC       Rel K     Log RK   Abs K    Log KA     Diffus     Log D
 0.000E+00            0.3421    0.100E+01            0.105E+01
 0.141E+01   0.150    0.3421    0.100E+01   0.000    0.105E+01   0.020    0.138E+12  11.140
 0.168E+01   0.225    0.3421    0.100E+01   0.000    0.105E+01   0.020    0.400E+11  10.602
 0.200E+01   0.300    0.3421    0.100E+01   0.000    0.105E+01   0.020    0.116E+11  10.065
 0.237E+01   0.375    0.3421    0.100E+01   0.000    0.105E+01   0.020    0.337E+10   9.527
 0.282E+01   0.450    0.3421    0.100E+01   0.000    0.105E+01   0.020    0.976E+09   8.990
 0.335E+01   0.525    0.3421    0.100E+01   0.000    0.105E+01   0.020    0.283E+09   8.452
 0.398E+01   0.600    0.3421    0.100E+01   0.000    0.105E+01   0.020    0.821E+08   7.914
 0.473E+01   0.675    0.3421    0.100E+01   0.000    0.105E+01   0.020    0.238E+08   7.377
 0.562E+01   0.750    0.3421    0.100E+01   0.000    0.105E+01   0.020    0.690E+07   6.839
 0.668E+01   0.825    0.3421    0.100E+01   0.000    0.105E+01   0.020    0.200E+07   6.301
 0.794E+01   0.900    0.3421    0.100E+01   0.000    0.105E+01   0.020    0.581E+06   5.764
 0.944E+01   0.975    0.3421    0.100E+01   0.000    0.105E+01   0.020    0.168E+06   5.226
 0.112E+02   1.050    0.3421    0.999E+00   0.000    0.105E+01   0.019    0.488E+05   4.688
 0.133E+02   1.125    0.3420    0.997E+00  -0.001    0.104E+01   0.018    0.141E+05   4.150
 0.158E+02   1.200    0.3416    0.990E+00  -0.005    0.104E+01   0.015    0.408E+04   3.611
 0.188E+02   1.275    0.3401    0.964E+00  -0.016    0.101E+01   0.004    0.117E+04   3.067
 0.224E+02   1.350    0.3341    0.879E+00  -0.056    0.920E+00  -0.036    0.325E+03   2.513
 0.266E+02   1.425    0.3124    0.644E+00  -0.191    0.674E+00  -0.171    0.845E+02   1.927
 0.316E+02   1.500    0.2544    0.256E+00  -0.591    0.268E+00  -0.571    0.187E+02   1.273
 0.376E+02   1.575    0.1730    0.351E-01  -1.454    0.368E-01  -1.435    0.328E+01   0.516
 0.447E+02   1.650    0.1207    0.195E-02  -2.711    0.204E-02  -2.691    0.479E+00  -0.320
 0.531E+02   1.725    0.1006    0.727E-04  -4.139    0.761E-04  -4.119    0.646E-01  -1.190
 0.631E+02   1.800    0.0944    0.243E-05  -5.615    0.254E-05  -5.595    0.857E-02  -2.067
 0.750E+02   1.875    0.0925    0.787E-07  -7.104    0.823E-07  -7.084    0.113E-02  -2.947
 0.891E+02   1.950    0.0919    0.253E-08  -8.597    0.265E-08  -8.577    0.148E-03  -3.828
 0.106E+03   2.025    0.0918    0.811E-10 -10.091    0.849E-10 -10.071    0.195E-04  -4.710
 0.126E+03   2.100    0.0917    0.260E-11 -11.585    0.272E-11 -11.565    0.256E-05  -5.591
 0.150E+03   2.175    0.0917    0.834E-13 -13.079    0.873E-13 -13.059    0.337E-06  -6.473
 0.178E+03   2.250    0.0917    0.267E-14 -14.573    0.280E-14 -14.553    0.442E-07  -7.354
 0.211E+03   2.325    0.0917    0.857E-16 -16.067    0.897E-16 -16.047    0.581E-08  -8.236
 
 Inverse solution calculation time [sec]   2.75000000000000     
