 ******* Program HYDRUS
 ******* 
 Welcome to HYDRUS-1D                                                    
 Date:  16. 4.    Time:  19:28:13
 Units: L = cm   , T = min  , M = mmol 

       Time          rTop        rRoot        vTop         vRoot        vBot       sum(rTop)   sum(rRoot)    sum(vTop)   sum(vRoot)    sum(vBot)      hTop         hRoot        hBot        RunOff    sum(RunOff)     Volume     sum(Infil)    sum(Evap) TLevel Cum(WTrans)  SnowLayer
        [T]         [L/T]        [L/T]        [L/T]        [L/T]        [L/T]         [L]          [L]          [L]         [L]           [L]         [L]           [L]         [L]          [L/T]         [L]          [L]          [L]          [L]

       0.1000  0.00000E+00  0.00000E+00  0.74506E-07  0.00000E+00 -0.10408E+01  0.00000E+00  0.00000E+00  0.74506E-08  0.00000E+00 -0.10408E+00 -0.24662E+02  0.00000E+00 -0.13033E+02  0.00000E+00  0.00000E+00  0.61456E+02  0.00000E+00  0.74506E-08      1  0.00000E+00      0.000
       0.1700  0.00000E+00  0.00000E+00  0.14901E-07  0.00000E+00 -0.10373E+01  0.00000E+00  0.00000E+00  0.84937E-08  0.00000E+00 -0.17668E+00 -0.26237E+02  0.00000E+00 -0.13033E+02  0.00000E+00  0.00000E+00  0.61383E+02  0.00000E+00  0.84937E-08      2  0.00000E+00      0.000
       0.2190  0.00000E+00  0.00000E+00 -0.10431E-06  0.00000E+00 -0.10346E+01  0.00000E+00  0.00000E+00  0.33826E-08  0.00000E+00 -0.22738E+00 -0.27028E+02  0.00000E+00 -0.13033E+02  0.00000E+00  0.00000E+00  0.61333E+02  0.00000E+00  0.84937E-08      3  0.00000E+00      0.000
       0.2680  0.00000E+00  0.00000E+00 -0.25332E-06  0.00000E+00 -0.10319E+01  0.00000E+00  0.00000E+00 -0.90301E-08  0.00000E+00 -0.27794E+00 -0.27671E+02  0.00000E+00 -0.13033E+02  0.00000E+00  0.00000E+00  0.61282E+02  0.00000E+00  0.84937E-08      4  0.00000E+00      0.000
       0.3170  0.00000E+00  0.00000E+00  0.35763E-06  0.00000E+00 -0.10293E+01  0.00000E+00  0.00000E+00  0.84937E-08  0.00000E+00 -0.32838E+00 -0.28216E+02  0.00000E+00 -0.13033E+02  0.00000E+00  0.00000E+00  0.61232E+02  0.00000E+00  0.26017E-07      5  0.00000E+00      0.000
       0.3660  0.00000E+00  0.00000E+00  0.80466E-06  0.00000E+00 -0.10267E+01  0.00000E+00  0.00000E+00  0.47922E-07  0.00000E+00 -0.37869E+00 -0.28691E+02  0.00000E+00 -0.13033E+02  0.00000E+00  0.00000E+00  0.61181E+02  0.00000E+00  0.65446E-07      6  0.00000E+00      0.000
       0.4150  0.00000E+00  0.00000E+00  0.64820E-06  0.00000E+00 -0.10243E+01  0.00000E+00  0.00000E+00  0.79684E-07  0.00000E+00 -0.42888E+00 -0.29115E+02  0.00000E+00 -0.13033E+02  0.00000E+00  0.00000E+00  0.61131E+02  0.00000E+00  0.97208E-07      7  0.00000E+00      0.000
       0.4640  0.00000E+00  0.00000E+00  0.19372E-06  0.00000E+00 -0.10220E+01  0.00000E+00  0.00000E+00  0.89176E-07  0.00000E+00 -0.47896E+00 -0.29498E+02  0.00000E+00 -0.13033E+02  0.00000E+00  0.00000E+00  0.61081E+02  0.00000E+00  0.10670E-06      8  0.00000E+00      0.000
       0.5130  0.00000E+00  0.00000E+00 -0.96858E-07  0.00000E+00 -0.10198E+01  0.00000E+00  0.00000E+00  0.84430E-07  0.00000E+00 -0.52893E+00 -0.29847E+02  0.00000E+00 -0.13033E+02  0.00000E+00  0.00000E+00  0.61031E+02  0.00000E+00  0.10670E-06      9  0.00000E+00      0.000
       0.5620  0.00000E+00  0.00000E+00  0.00000E+00  0.00000E+00 -0.10177E+01  0.00000E+00  0.00000E+00  0.84430E-07  0.00000E+00 -0.57879E+00 -0.30166E+02  0.00000E+00 -0.13033E+02  0.00000E+00  0.00000E+00  0.60981E+02  0.00000E+00  0.10670E-06     10  0.00000E+00      0.000
       0.6257  0.00000E+00  0.00000E+00  0.32783E-06  0.00000E+00 -0.10151E+01  0.00000E+00  0.00000E+00  0.10531E-06  0.00000E+00 -0.64346E+00 -0.30549E+02  0.00000E+00 -0.13033E+02  0.00000E+00  0.00000E+00  0.60917E+02  0.00000E+00  0.12758E-06     11  0.00000E+00      0.000
       0.7085  0.00000E+00  0.00000E+00  0.16391E-06  0.00000E+00 -0.10120E+01  0.00000E+00  0.00000E+00  0.11889E-06  0.00000E+00 -0.72726E+00 -0.31002E+02  0.00000E+00 -0.13033E+02  0.00000E+00  0.00000E+00  0.60833E+02  0.00000E+00  0.14116E-06     12  0.00000E+00      0.000
       0.7913  0.00000E+00  0.00000E+00 -0.23842E-06  0.00000E+00 -0.10091E+01  0.00000E+00  0.00000E+00  0.99143E-07  0.00000E+00 -0.81082E+00 -0.31410E+02  0.00000E+00 -0.13033E+02  0.00000E+00  0.00000E+00  0.60749E+02  0.00000E+00  0.14116E-06     13  0.00000E+00      0.000
       0.8741  0.00000E+00  0.00000E+00 -0.96858E-07  0.00000E+00 -0.10063E+01  0.00000E+00  0.00000E+00  0.91122E-07  0.00000E+00 -0.89415E+00 -0.31784E+02  0.00000E+00 -0.13033E+02  0.00000E+00  0.00000E+00  0.60666E+02  0.00000E+00  0.14116E-06     14  0.00000E+00      0.000
       0.9569  0.00000E+00  0.00000E+00  0.62585E-06  0.00000E+00 -0.10037E+01  0.00000E+00  0.00000E+00  0.14295E-06  0.00000E+00 -0.97726E+00 -0.32130E+02  0.00000E+00 -0.13033E+02  0.00000E+00  0.00000E+00  0.60583E+02  0.00000E+00  0.19298E-06     15  0.00000E+00      0.000
       1.0397  0.00000E+00  0.00000E+00  0.57369E-06  0.00000E+00 -0.10012E+01  0.00000E+00  0.00000E+00  0.19046E-06  0.00000E+00 -0.10602E+01 -0.32449E+02  0.00000E+00 -0.13033E+02  0.00000E+00  0.00000E+00  0.60500E+02  0.00000E+00  0.24049E-06     16  0.00000E+00      0.000
       1.1474  0.00000E+00  0.00000E+00  0.35763E-06  0.00000E+00 -0.99808E+00  0.00000E+00  0.00000E+00  0.22896E-06  0.00000E+00 -0.11676E+01 -0.32834E+02  0.00000E+00 -0.13033E+02  0.00000E+00  0.00000E+00  0.60392E+02  0.00000E+00  0.27899E-06     17  0.00000E+00      0.000
       1.2874  0.00000E+00  0.00000E+00  0.10431E-06  0.00000E+00 -0.99427E+00  0.00000E+00  0.00000E+00  0.24355E-06  0.00000E+00 -0.13068E+01 -0.33292E+02  0.00000E+00 -0.13033E+02  0.00000E+00  0.00000E+00  0.60253E+02  0.00000E+00  0.29359E-06     18  0.00000E+00      0.000
       1.4273  0.00000E+00  0.00000E+00  0.40606E-06  0.00000E+00 -0.99067E+00  0.00000E+00  0.00000E+00  0.30038E-06  0.00000E+00 -0.14454E+01 -0.33708E+02  0.00000E+00 -0.13033E+02  0.00000E+00  0.00000E+00  0.60115E+02  0.00000E+00  0.35041E-06     19  0.00000E+00      0.000
       1.5672  0.00000E+00  0.00000E+00  0.25332E-06  0.00000E+00 -0.98725E+00  0.00000E+00  0.00000E+00  0.33583E-06  0.00000E+00 -0.15836E+01 -0.34093E+02  0.00000E+00 -0.13033E+02  0.00000E+00  0.00000E+00  0.59976E+02  0.00000E+00  0.38587E-06     20  0.00000E+00      0.000
       1.7072  0.00000E+00  0.00000E+00 -0.27567E-06  0.00000E+00 -0.98396E+00  0.00000E+00  0.00000E+00  0.29725E-06  0.00000E+00 -0.17213E+01 -0.34450E+02  0.00000E+00 -0.13033E+02  0.00000E+00  0.00000E+00  0.59839E+02  0.00000E+00  0.38587E-06     21  0.00000E+00      0.000
       1.8471  0.00000E+00  0.00000E+00 -0.21234E-06  0.00000E+00 -0.98081E+00  0.00000E+00  0.00000E+00  0.26754E-06  0.00000E+00 -0.18585E+01 -0.34784E+02  0.00000E+00 -0.13033E+02  0.00000E+00  0.00000E+00  0.59701E+02  0.00000E+00  0.38587E-06     22  0.00000E+00      0.000
       1.9871  0.00000E+00  0.00000E+00  0.30547E-06  0.00000E+00 -0.97776E+00  0.00000E+00  0.00000E+00  0.31029E-06  0.00000E+00 -0.19954E+01 -0.35094E+02  0.00000E+00 -0.13033E+02  0.00000E+00  0.00000E+00  0.59565E+02  0.00000E+00  0.42862E-06     23  0.00000E+00      0.000
       2.1690  0.00000E+00  0.00000E+00  0.16019E-06  0.00000E+00 -0.97389E+00  0.00000E+00  0.00000E+00  0.33943E-06  0.00000E+00 -0.21726E+01 -0.35474E+02  0.00000E+00 -0.13033E+02  0.00000E+00  0.00000E+00  0.59387E+02  0.00000E+00  0.45776E-06     24  0.00000E+00      0.000
       2.3510  0.00000E+00  0.00000E+00  0.21979E-06  0.00000E+00 -0.97015E+00  0.00000E+00  0.00000E+00  0.37942E-06  0.00000E+00 -0.23491E+01 -0.35825E+02  0.00000E+00 -0.13033E+02  0.00000E+00  0.00000E+00  0.59211E+02  0.00000E+00  0.49775E-06     25  0.00000E+00      0.000
       2.5329  0.00000E+00  0.00000E+00 -0.31106E-06  0.00000E+00 -0.96651E+00  0.00000E+00  0.00000E+00  0.32282E-06  0.00000E+00 -0.25249E+01 -0.36155E+02  0.00000E+00 -0.13033E+02  0.00000E+00  0.00000E+00  0.59035E+02  0.00000E+00  0.49775E-06     26  0.00000E+00      0.000
       2.7148  0.00000E+00  0.00000E+00  0.93132E-07  0.00000E+00 -0.96295E+00  0.00000E+00  0.00000E+00  0.33977E-06  0.00000E+00 -0.27001E+01 -0.36462E+02  0.00000E+00 -0.13033E+02  0.00000E+00  0.00000E+00  0.58860E+02  0.00000E+00  0.51469E-06     27  0.00000E+00      0.000
       2.9433  0.00000E+00  0.00000E+00  0.12852E-06  0.00000E+00 -0.95855E+00  0.00000E+00  0.00000E+00  0.36914E-06  0.00000E+00 -0.29191E+01 -0.36827E+02  0.00000E+00 -0.13033E+02  0.00000E+00  0.00000E+00  0.58641E+02  0.00000E+00  0.54406E-06     28  0.00000E+00      0.000
       3.1719  0.00000E+00  0.00000E+00  0.29802E-07  0.00000E+00 -0.95425E+00  0.00000E+00  0.00000E+00  0.37595E-06  0.00000E+00 -0.31372E+01 -0.37166E+02  0.00000E+00 -0.13033E+02  0.00000E+00  0.00000E+00  0.58423E+02  0.00000E+00  0.55087E-06     29  0.00000E+00      0.000
       3.4004  0.00000E+00  0.00000E+00 -0.11176E-07  0.00000E+00 -0.95001E+00  0.00000E+00  0.00000E+00  0.37339E-06  0.00000E+00 -0.33543E+01 -0.37484E+02  0.00000E+00 -0.13033E+02  0.00000E+00  0.00000E+00  0.58206E+02  0.00000E+00  0.55087E-06     30  0.00000E+00      0.000
       3.6289  0.00000E+00  0.00000E+00  0.93132E-08  0.00000E+00 -0.94584E+00  0.00000E+00  0.00000E+00  0.37552E-06  0.00000E+00 -0.35704E+01 -0.37783E+02  0.00000E+00 -0.13033E+02  0.00000E+00  0.00000E+00  0.57990E+02  0.00000E+00  0.55300E-06     31  0.00000E+00      0.000
       3.9717  0.00000E+00  0.00000E+00 -0.13597E-06  0.00000E+00 -0.93957E+00  0.00000E+00  0.00000E+00  0.32891E-06  0.00000E+00 -0.38925E+01 -0.38199E+02  0.00000E+00 -0.13033E+02  0.00000E+00  0.00000E+00  0.57668E+02  0.00000E+00  0.55300E-06     32  0.00000E+00      0.000
       4.3144  0.00000E+00  0.00000E+00  0.18626E-07  0.00000E+00 -0.93337E+00  0.00000E+00  0.00000E+00  0.33530E-06  0.00000E+00 -0.42124E+01 -0.38583E+02  0.00000E+00 -0.13033E+02  0.00000E+00  0.00000E+00  0.57348E+02  0.00000E+00  0.55939E-06     33  0.00000E+00      0.000
       4.6572  0.00000E+00  0.00000E+00 -0.33528E-07  0.00000E+00 -0.92723E+00  0.00000E+00  0.00000E+00  0.32381E-06  0.00000E+00 -0.45303E+01 -0.38943E+02  0.00000E+00 -0.13033E+02  0.00000E+00  0.00000E+00  0.57030E+02  0.00000E+00  0.55939E-06     34  0.00000E+00      0.000
       5.0000  0.00000E+00  0.00000E+00 -0.56811E-07  0.00000E+00 -0.92111E+00  0.00000E+00  0.00000E+00  0.30433E-06  0.00000E+00 -0.48460E+01 -0.39279E+02  0.00000E+00 -0.13033E+02  0.00000E+00  0.00000E+00  0.56714E+02  0.00000E+00  0.55939E-06     35  0.00000E+00      0.000
       5.3075  0.00000E+00  0.00000E+00  0.12945E-06  0.00000E+00 -0.91566E+00  0.00000E+00  0.00000E+00  0.34414E-06  0.00000E+00 -0.51275E+01 -0.39564E+02  0.00000E+00 -0.13033E+02  0.00000E+00  0.00000E+00  0.56432E+02  0.00000E+00  0.59919E-06     36  0.00000E+00      0.000
       5.7072  0.00000E+00  0.00000E+00 -0.27940E-08  0.00000E+00 -0.90850E+00  0.00000E+00  0.00000E+00  0.34302E-06  0.00000E+00 -0.54907E+01 -0.39913E+02  0.00000E+00 -0.13033E+02  0.00000E+00  0.00000E+00  0.56069E+02  0.00000E+00  0.59919E-06     37  0.00000E+00      0.000
       6.1069  0.00000E+00  0.00000E+00 -0.14901E-07  0.00000E+00 -0.90133E+00  0.00000E+00  0.00000E+00  0.33706E-06  0.00000E+00 -0.58509E+01 -0.40240E+02  0.00000E+00 -0.13033E+02  0.00000E+00  0.00000E+00  0.55709E+02  0.00000E+00  0.59919E-06     38  0.00000E+00      0.000
       6.4962  0.00000E+00  0.00000E+00  0.24680E-07  0.00000E+00 -0.89433E+00  0.00000E+00  0.00000E+00  0.34667E-06  0.00000E+00 -0.61991E+01 -0.40540E+02  0.00000E+00 -0.13033E+02  0.00000E+00  0.00000E+00  0.55361E+02  0.00000E+00  0.60880E-06     39  0.00000E+00      0.000
       6.8855  0.00000E+00  0.00000E+00 -0.60070E-07  0.00000E+00 -0.88729E+00  0.00000E+00  0.00000E+00  0.32329E-06  0.00000E+00 -0.65445E+01 -0.40823E+02  0.00000E+00 -0.13033E+02  0.00000E+00  0.00000E+00  0.55015E+02  0.00000E+00  0.60880E-06     40  0.00000E+00      0.000
       7.4046  0.00000E+00  0.00000E+00  0.18626E-08  0.00000E+00 -0.87770E+00  0.00000E+00  0.00000E+00  0.32425E-06  0.00000E+00 -0.70001E+01 -0.41178E+02  0.00000E+00 -0.13033E+02  0.00000E+00  0.00000E+00  0.54560E+02  0.00000E+00  0.60976E-06     41  0.00000E+00      0.000
       7.9237  0.00000E+00  0.00000E+00 -0.28871E-07  0.00000E+00 -0.86802E+00  0.00000E+00  0.00000E+00  0.30927E-06  0.00000E+00 -0.74507E+01 -0.41509E+02  0.00000E+00 -0.13033E+02  0.00000E+00  0.00000E+00  0.54109E+02  0.00000E+00  0.60976E-06     42  0.00000E+00      0.000
       8.4428  0.00000E+00  0.00000E+00 -0.20489E-07  0.00000E+00 -0.85825E+00  0.00000E+00  0.00000E+00  0.29863E-06  0.00000E+00 -0.78962E+01 -0.41822E+02  0.00000E+00 -0.13033E+02  0.00000E+00  0.00000E+00  0.53664E+02  0.00000E+00  0.60976E-06     43  0.00000E+00      0.000
       8.9618  0.00000E+00  0.00000E+00  0.79162E-08  0.00000E+00 -0.84837E+00  0.00000E+00  0.00000E+00  0.30274E-06  0.00000E+00 -0.83366E+01 -0.42118E+02  0.00000E+00 -0.13033E+02  0.00000E+00  0.00000E+00  0.53223E+02  0.00000E+00  0.61387E-06     44  0.00000E+00      0.000
       9.4809  0.00000E+00  0.00000E+00  0.22817E-07  0.00000E+00 -0.83838E+00  0.00000E+00  0.00000E+00  0.31458E-06  0.00000E+00 -0.87718E+01 -0.42399E+02  0.00000E+00 -0.13033E+02  0.00000E+00  0.00000E+00  0.52788E+02  0.00000E+00  0.62572E-06     45  0.00000E+00      0.000
      10.0000  0.00000E+00  0.00000E+00 -0.14901E-07  0.00000E+00 -0.82825E+00  0.00000E+00  0.00000E+00  0.30685E-06  0.00000E+00 -0.92017E+01 -0.42664E+02  0.00000E+00 -0.13033E+02  0.00000E+00  0.00000E+00  0.52358E+02  0.00000E+00  0.62572E-06     46  0.00000E+00      0.000
      10.6755  0.00000E+00  0.00000E+00 -0.25146E-07  0.00000E+00 -0.81472E+00  0.00000E+00  0.00000E+00  0.28986E-06  0.00000E+00 -0.97521E+01 -0.42991E+02  0.00000E+00 -0.13033E+02  0.00000E+00  0.00000E+00  0.51808E+02  0.00000E+00  0.62572E-06     47  0.00000E+00      0.000
      11.3510  0.00000E+00  0.00000E+00 -0.86147E-08  0.00000E+00 -0.80102E+00  0.00000E+00  0.00000E+00  0.28404E-06  0.00000E+00 -0.10293E+02 -0.43298E+02  0.00000E+00 -0.13033E+02  0.00000E+00  0.00000E+00  0.51267E+02  0.00000E+00  0.62572E-06     48  0.00000E+00      0.000
      12.0265  0.00000E+00  0.00000E+00 -0.30268E-08  0.00000E+00 -0.78714E+00  0.00000E+00  0.00000E+00  0.28200E-06  0.00000E+00 -0.10825E+02 -0.43588E+02  0.00000E+00 -0.13033E+02  0.00000E+00  0.00000E+00  0.50735E+02  0.00000E+00  0.62572E-06     49  0.00000E+00      0.000
      12.7020  0.00000E+00  0.00000E+00 -0.18626E-08  0.00000E+00 -0.77310E+00  0.00000E+00  0.00000E+00  0.28074E-06  0.00000E+00 -0.11347E+02 -0.43865E+02  0.00000E+00 -0.13033E+02  0.00000E+00  0.00000E+00  0.50213E+02  0.00000E+00  0.62572E-06     50  0.00000E+00      0.000
      13.3775  0.00000E+00  0.00000E+00 -0.11642E-07  0.00000E+00 -0.75889E+00  0.00000E+00  0.00000E+00  0.27288E-06  0.00000E+00 -0.11860E+02 -0.44128E+02  0.00000E+00 -0.13033E+02  0.00000E+00  0.00000E+00  0.49700E+02  0.00000E+00  0.62572E-06     51  0.00000E+00      0.000
      14.0398  0.00000E+00  0.00000E+00  0.20955E-08  0.00000E+00 -0.74483E+00  0.00000E+00  0.00000E+00  0.27426E-06  0.00000E+00 -0.12353E+02 -0.44374E+02  0.00000E+00 -0.13033E+02  0.00000E+00  0.00000E+00  0.49207E+02  0.00000E+00  0.62710E-06     52  0.00000E+00      0.000
      14.7020  0.00000E+00  0.00000E+00  0.12340E-07  0.00000E+00 -0.73063E+00  0.00000E+00  0.00000E+00  0.28244E-06  0.00000E+00 -0.12837E+02 -0.44610E+02  0.00000E+00 -0.13033E+02  0.00000E+00  0.00000E+00  0.48723E+02  0.00000E+00  0.63528E-06     53  0.00000E+00      0.000
      15.5850  0.00000E+00  0.00000E+00  0.33760E-08  0.00000E+00 -0.71131E+00  0.00000E+00  0.00000E+00  0.28542E-06  0.00000E+00 -0.13465E+02 -0.44907E+02  0.00000E+00 -0.13033E+02  0.00000E+00  0.00000E+00  0.48095E+02  0.00000E+00  0.63826E-06     54  0.00000E+00      0.000
      16.4680  0.00000E+00  0.00000E+00  0.15250E-07  0.00000E+00 -0.69193E+00  0.00000E+00  0.00000E+00  0.29888E-06  0.00000E+00 -0.14076E+02 -0.45188E+02  0.00000E+00 -0.13033E+02  0.00000E+00  0.00000E+00  0.47484E+02  0.00000E+00  0.65172E-06     55  0.00000E+00      0.000
      17.3510  0.00000E+00  0.00000E+00  0.12806E-08  0.00000E+00 -0.67251E+00  0.00000E+00  0.00000E+00  0.30001E-06  0.00000E+00 -0.14670E+02 -0.45456E+02  0.00000E+00 -0.13033E+02  0.00000E+00  0.00000E+00  0.46890E+02  0.00000E+00  0.65285E-06     56  0.00000E+00      0.000
      18.2340  0.00000E+00  0.00000E+00  0.13970E-08  0.00000E+00 -0.65312E+00  0.00000E+00  0.00000E+00  0.30125E-06  0.00000E+00 -0.15246E+02 -0.45712E+02  0.00000E+00 -0.13033E+02  0.00000E+00  0.00000E+00  0.46314E+02  0.00000E+00  0.65409E-06     57  0.00000E+00      0.000
      19.1170  0.00000E+00  0.00000E+00 -0.11176E-07  0.00000E+00 -0.63378E+00  0.00000E+00  0.00000E+00  0.29138E-06  0.00000E+00 -0.15806E+02 -0.45956E+02  0.00000E+00 -0.13033E+02  0.00000E+00  0.00000E+00  0.45754E+02  0.00000E+00  0.65409E-06     58  0.00000E+00      0.000
      20.0000  0.00000E+00  0.00000E+00 -0.54715E-08  0.00000E+00 -0.61455E+00  0.00000E+00  0.00000E+00  0.28655E-06  0.00000E+00 -0.16349E+02 -0.46191E+02  0.00000E+00 -0.13033E+02  0.00000E+00  0.00000E+00  0.45211E+02  0.00000E+00  0.65409E-06     59  0.00000E+00      0.000
      20.8333  0.00000E+00  0.00000E+00  0.94296E-08  0.00000E+00 -0.59659E+00  0.00000E+00  0.00000E+00  0.29441E-06  0.00000E+00 -0.16846E+02 -0.46403E+02  0.00000E+00 -0.13033E+02  0.00000E+00  0.00000E+00  0.44714E+02  0.00000E+00  0.66195E-06     60  0.00000E+00      0.000
      21.6667  0.00000E+00  0.00000E+00  0.89640E-08  0.00000E+00 -0.57881E+00  0.00000E+00  0.00000E+00  0.30188E-06  0.00000E+00 -0.17328E+02 -0.46609E+02  0.00000E+00 -0.13033E+02  0.00000E+00  0.00000E+00  0.44232E+02  0.00000E+00  0.66942E-06     61  0.00000E+00      0.000
      22.5000  0.00000E+00  0.00000E+00 -0.11176E-07  0.00000E+00 -0.56125E+00  0.00000E+00  0.00000E+00  0.29256E-06  0.00000E+00 -0.17796E+02 -0.46807E+02  0.00000E+00 -0.13033E+02  0.00000E+00  0.00000E+00  0.43764E+02  0.00000E+00  0.66942E-06     62  0.00000E+00      0.000
      23.3333  0.00000E+00  0.00000E+00 -0.29686E-08  0.00000E+00 -0.54396E+00  0.00000E+00  0.00000E+00  0.29009E-06  0.00000E+00 -0.18249E+02 -0.46998E+02  0.00000E+00 -0.13033E+02  0.00000E+00  0.00000E+00  0.43311E+02  0.00000E+00  0.66942E-06     63  0.00000E+00      0.000
      24.1667  0.00000E+00  0.00000E+00  0.76252E-08  0.00000E+00 -0.52697E+00  0.00000E+00  0.00000E+00  0.29644E-06  0.00000E+00 -0.18688E+02 -0.47183E+02  0.00000E+00 -0.13033E+02  0.00000E+00  0.00000E+00  0.42872E+02  0.00000E+00  0.67577E-06     64  0.00000E+00      0.000
      25.0000  0.00000E+00  0.00000E+00  0.57044E-08  0.00000E+00 -0.51031E+00  0.00000E+00  0.00000E+00  0.30120E-06  0.00000E+00 -0.19114E+02 -0.47362E+02  0.00000E+00 -0.13033E+02  0.00000E+00  0.00000E+00  0.42446E+02  0.00000E+00  0.68052E-06     65  0.00000E+00      0.000
      25.8782  0.00000E+00  0.00000E+00  0.10361E-07  0.00000E+00 -0.49315E+00  0.00000E+00  0.00000E+00  0.31030E-06  0.00000E+00 -0.19547E+02 -0.47544E+02  0.00000E+00 -0.13033E+02  0.00000E+00  0.00000E+00  0.42013E+02  0.00000E+00  0.68962E-06     66  0.00000E+00      0.000
      26.7563  0.00000E+00  0.00000E+00 -0.80327E-08  0.00000E+00 -0.47643E+00  0.00000E+00  0.00000E+00  0.30324E-06  0.00000E+00 -0.19965E+02 -0.47721E+02  0.00000E+00 -0.13033E+02  0.00000E+00  0.00000E+00  0.41595E+02  0.00000E+00  0.68962E-06     67  0.00000E+00      0.000
      27.6345  0.00000E+00  0.00000E+00  0.37253E-08  0.00000E+00 -0.46017E+00  0.00000E+00  0.00000E+00  0.30651E-06  0.00000E+00 -0.20369E+02 -0.47892E+02  0.00000E+00 -0.13033E+02  0.00000E+00  0.00000E+00  0.41191E+02  0.00000E+00  0.69289E-06     68  0.00000E+00      0.000
      28.5126  0.00000E+00  0.00000E+00 -0.96043E-08  0.00000E+00 -0.44440E+00  0.00000E+00  0.00000E+00  0.29808E-06  0.00000E+00 -0.20759E+02 -0.48059E+02  0.00000E+00 -0.13033E+02  0.00000E+00  0.00000E+00  0.40801E+02  0.00000E+00  0.69289E-06     69  0.00000E+00      0.000
      29.3908  0.00000E+00  0.00000E+00 -0.31432E-08  0.00000E+00 -0.42912E+00  0.00000E+00  0.00000E+00  0.29532E-06  0.00000E+00 -0.21136E+02 -0.48220E+02  0.00000E+00 -0.13033E+02  0.00000E+00  0.00000E+00  0.40424E+02  0.00000E+00  0.69289E-06     70  0.00000E+00      0.000
      30.2689  0.00000E+00  0.00000E+00 -0.19209E-08  0.00000E+00 -0.41434E+00  0.00000E+00  0.00000E+00  0.29363E-06  0.00000E+00 -0.21500E+02 -0.48378E+02  0.00000E+00 -0.13033E+02  0.00000E+00  0.00000E+00  0.40060E+02  0.00000E+00  0.69289E-06     71  0.00000E+00      0.000
      31.3502  0.00000E+00  0.00000E+00  0.11059E-08  0.00000E+00 -0.39685E+00  0.00000E+00  0.00000E+00  0.29483E-06  0.00000E+00 -0.21929E+02 -0.48564E+02  0.00000E+00 -0.13033E+02  0.00000E+00  0.00000E+00  0.39631E+02  0.00000E+00  0.69409E-06     72  0.00000E+00      0.000
      32.4314  0.00000E+00  0.00000E+00 -0.37544E-08  0.00000E+00 -0.38015E+00  0.00000E+00  0.00000E+00  0.29077E-06  0.00000E+00 -0.22340E+02 -0.48745E+02  0.00000E+00 -0.13033E+02  0.00000E+00  0.00000E+00  0.39220E+02  0.00000E+00  0.69409E-06     73  0.00000E+00      0.000
      33.5126  0.00000E+00  0.00000E+00 -0.17462E-08  0.00000E+00 -0.36423E+00  0.00000E+00  0.00000E+00  0.28888E-06  0.00000E+00 -0.22734E+02 -0.48921E+02  0.00000E+00 -0.13033E+02  0.00000E+00  0.00000E+00  0.38826E+02  0.00000E+00  0.69409E-06     74  0.00000E+00      0.000
      34.5939  0.00000E+00  0.00000E+00  0.37835E-08  0.00000E+00 -0.34905E+00  0.00000E+00  0.00000E+00  0.29297E-06  0.00000E+00 -0.23111E+02 -0.49091E+02  0.00000E+00 -0.13033E+02  0.00000E+00  0.00000E+00  0.38449E+02  0.00000E+00  0.69818E-06     75  0.00000E+00      0.000
      35.6751  0.00000E+00  0.00000E+00  0.34925E-08  0.00000E+00 -0.33462E+00  0.00000E+00  0.00000E+00  0.29675E-06  0.00000E+00 -0.23473E+02 -0.49256E+02  0.00000E+00 -0.13033E+02  0.00000E+00  0.00000E+00  0.38087E+02  0.00000E+00  0.70196E-06     76  0.00000E+00      0.000
      36.7563  0.00000E+00  0.00000E+00  0.52969E-08  0.00000E+00 -0.32089E+00  0.00000E+00  0.00000E+00  0.30247E-06  0.00000E+00 -0.23820E+02 -0.49417E+02  0.00000E+00 -0.13033E+02  0.00000E+00  0.00000E+00  0.37740E+02  0.00000E+00  0.70768E-06     77  0.00000E+00      0.000
      37.8375  0.00000E+00  0.00000E+00  0.58790E-08  0.00000E+00 -0.30786E+00  0.00000E+00  0.00000E+00  0.30883E-06  0.00000E+00 -0.24153E+02 -0.49573E+02  0.00000E+00 -0.13033E+02  0.00000E+00  0.00000E+00  0.37407E+02  0.00000E+00  0.71404E-06     78  0.00000E+00      0.000
      40.0000  0.00000E+00  0.00000E+00  0.17171E-08  0.00000E+00 -0.28400E+00  0.00000E+00  0.00000E+00  0.31254E-06  0.00000E+00 -0.24767E+02 -0.49867E+02  0.00000E+00 -0.13033E+02  0.00000E+00  0.00000E+00  0.36793E+02  0.00000E+00  0.71775E-06     79  0.00000E+00      0.000
      41.4286  0.00000E+00  0.00000E+00 -0.87311E-09  0.00000E+00 -0.26951E+00  0.00000E+00  0.00000E+00  0.31130E-06  0.00000E+00 -0.25152E+02 -0.50056E+02  0.00000E+00 -0.13033E+02  0.00000E+00  0.00000E+00  0.36408E+02  0.00000E+00  0.71775E-06     80  0.00000E+00      0.000
      42.8571  0.00000E+00  0.00000E+00  0.34925E-09  0.00000E+00 -0.25596E+00  0.00000E+00  0.00000E+00  0.31180E-06  0.00000E+00 -0.25518E+02 -0.50239E+02  0.00000E+00 -0.13033E+02  0.00000E+00  0.00000E+00  0.36042E+02  0.00000E+00  0.71825E-06     81  0.00000E+00      0.000
      44.2857  0.00000E+00  0.00000E+00 -0.11642E-09  0.00000E+00 -0.24330E+00  0.00000E+00  0.00000E+00  0.31163E-06  0.00000E+00 -0.25865E+02 -0.50417E+02  0.00000E+00 -0.13033E+02  0.00000E+00  0.00000E+00  0.35695E+02  0.00000E+00  0.71825E-06     82  0.00000E+00      0.000
      45.7143  0.00000E+00  0.00000E+00  0.16880E-08  0.00000E+00 -0.23148E+00  0.00000E+00  0.00000E+00  0.31404E-06  0.00000E+00 -0.26196E+02 -0.50589E+02  0.00000E+00 -0.13033E+02  0.00000E+00  0.00000E+00  0.35364E+02  0.00000E+00  0.72066E-06     83  0.00000E+00      0.000
      47.1429  0.00000E+00  0.00000E+00  0.17171E-08  0.00000E+00 -0.22043E+00  0.00000E+00  0.00000E+00  0.31649E-06  0.00000E+00 -0.26511E+02 -0.50757E+02  0.00000E+00 -0.13033E+02  0.00000E+00  0.00000E+00  0.35049E+02  0.00000E+00  0.72312E-06     84  0.00000E+00      0.000
      48.5714  0.00000E+00  0.00000E+00  0.11059E-08  0.00000E+00 -0.21011E+00  0.00000E+00  0.00000E+00  0.31807E-06  0.00000E+00 -0.26811E+02 -0.50920E+02  0.00000E+00 -0.13033E+02  0.00000E+00  0.00000E+00  0.34749E+02  0.00000E+00  0.72470E-06     85  0.00000E+00      0.000
      50.0000  0.00000E+00  0.00000E+00 -0.13824E-08  0.00000E+00 -0.20046E+00  0.00000E+00  0.00000E+00  0.31610E-06  0.00000E+00 -0.27098E+02 -0.51079E+02  0.00000E+00 -0.13033E+02  0.00000E+00  0.00000E+00  0.34462E+02  0.00000E+00  0.72470E-06     86  0.00000E+00      0.000
      52.0000  0.00000E+00  0.00000E+00 -0.68394E-09  0.00000E+00 -0.18807E+00  0.00000E+00  0.00000E+00  0.31473E-06  0.00000E+00 -0.27474E+02 -0.51292E+02  0.00000E+00 -0.13033E+02  0.00000E+00  0.00000E+00  0.34086E+02  0.00000E+00  0.72470E-06     87  0.00000E+00      0.000
      54.0000  0.00000E+00  0.00000E+00  0.15134E-08  0.00000E+00 -0.17676E+00  0.00000E+00  0.00000E+00  0.31776E-06  0.00000E+00 -0.27827E+02 -0.51498E+02  0.00000E+00 -0.13033E+02  0.00000E+00  0.00000E+00  0.33733E+02  0.00000E+00  0.72772E-06     88  0.00000E+00      0.000
      56.0000  0.00000E+00  0.00000E+00 -0.10914E-08  0.00000E+00 -0.16639E+00  0.00000E+00  0.00000E+00  0.31558E-06  0.00000E+00 -0.28160E+02 -0.51697E+02  0.00000E+00 -0.13033E+02  0.00000E+00  0.00000E+00  0.33400E+02  0.00000E+00  0.72772E-06     89  0.00000E+00      0.000
      58.0000  0.00000E+00  0.00000E+00 -0.13533E-08  0.00000E+00 -0.15689E+00  0.00000E+00  0.00000E+00  0.31287E-06  0.00000E+00 -0.28474E+02 -0.51889E+02  0.00000E+00 -0.13033E+02  0.00000E+00  0.00000E+00  0.33086E+02  0.00000E+00  0.72772E-06     90  0.00000E+00      0.000
      60.0000  0.00000E+00  0.00000E+00  0.39872E-08  0.00000E+00 -0.14817E+00  0.00000E+00  0.00000E+00  0.32084E-06  0.00000E+00 -0.28770E+02 -0.52076E+02  0.00000E+00 -0.13033E+02  0.00000E+00  0.00000E+00  0.32790E+02  0.00000E+00  0.73570E-06     91  0.00000E+00      0.000
      62.5000  0.00000E+00  0.00000E+00  0.12369E-08  0.00000E+00 -0.13829E+00  0.00000E+00  0.00000E+00  0.32394E-06  0.00000E+00 -0.29116E+02 -0.52300E+02  0.00000E+00 -0.13033E+02  0.00000E+00  0.00000E+00  0.32444E+02  0.00000E+00  0.73879E-06     92  0.00000E+00      0.000
      65.0000  0.00000E+00  0.00000E+00 -0.61118E-09  0.00000E+00 -0.12935E+00  0.00000E+00  0.00000E+00  0.32241E-06  0.00000E+00 -0.29439E+02 -0.52516E+02  0.00000E+00 -0.13033E+02  0.00000E+00  0.00000E+00  0.32121E+02  0.00000E+00  0.73879E-06     93  0.00000E+00      0.000
      67.5000  0.00000E+00  0.00000E+00  0.26921E-08  0.00000E+00 -0.12124E+00  0.00000E+00  0.00000E+00  0.32914E-06  0.00000E+00 -0.29742E+02 -0.52725E+02  0.00000E+00 -0.13033E+02  0.00000E+00  0.00000E+00  0.31818E+02  0.00000E+00  0.74552E-06     94  0.00000E+00      0.000
      70.0000  0.00000E+00  0.00000E+00  0.18044E-08  0.00000E+00 -0.11386E+00  0.00000E+00  0.00000E+00  0.33365E-06  0.00000E+00 -0.30027E+02 -0.52926E+02  0.00000E+00 -0.13033E+02  0.00000E+00  0.00000E+00  0.31533E+02  0.00000E+00  0.75003E-06     95  0.00000E+00      0.000
      72.5000  0.00000E+00  0.00000E+00 -0.20373E-08  0.00000E+00 -0.10713E+00  0.00000E+00  0.00000E+00  0.32856E-06  0.00000E+00 -0.30295E+02 -0.53122E+02  0.00000E+00 -0.13033E+02  0.00000E+00  0.00000E+00  0.31265E+02  0.00000E+00  0.75003E-06     96  0.00000E+00      0.000
      75.0000  0.00000E+00  0.00000E+00 -0.10041E-08  0.00000E+00 -0.10098E+00  0.00000E+00  0.00000E+00  0.32605E-06  0.00000E+00 -0.30547E+02 -0.53311E+02  0.00000E+00 -0.13033E+02  0.00000E+00  0.00000E+00  0.31013E+02  0.00000E+00  0.75003E-06     97  0.00000E+00      0.000
      79.1667  0.00000E+00  0.00000E+00 -0.17026E-08  0.00000E+00 -0.91994E-01  0.00000E+00  0.00000E+00  0.31895E-06  0.00000E+00 -0.30931E+02 -0.53609E+02  0.00000E+00 -0.13033E+02  0.00000E+00  0.00000E+00  0.30629E+02  0.00000E+00  0.75003E-06     98  0.00000E+00      0.000
      83.3333  0.00000E+00  0.00000E+00  0.83674E-09  0.00000E+00 -0.84142E-01  0.00000E+00  0.00000E+00  0.32244E-06  0.00000E+00 -0.31281E+02 -0.53893E+02  0.00000E+00 -0.13033E+02  0.00000E+00  0.00000E+00  0.30279E+02  0.00000E+00  0.75352E-06     99  0.00000E+00      0.000
      87.5000  0.00000E+00  0.00000E+00  0.88039E-09  0.00000E+00 -0.77240E-01  0.00000E+00  0.00000E+00  0.32611E-06  0.00000E+00 -0.31603E+02 -0.54165E+02  0.00000E+00 -0.13033E+02  0.00000E+00  0.00000E+00  0.29957E+02  0.00000E+00  0.75719E-06    100  0.00000E+00      0.000
      91.6667  0.00000E+00  0.00000E+00 -0.32742E-09  0.00000E+00 -0.71152E-01  0.00000E+00  0.00000E+00  0.32474E-06  0.00000E+00 -0.31899E+02 -0.54426E+02  0.00000E+00 -0.13033E+02  0.00000E+00  0.00000E+00  0.29661E+02  0.00000E+00  0.75719E-06    101  0.00000E+00      0.000
      95.8333  0.00000E+00  0.00000E+00  0.22555E-09  0.00000E+00 -0.65766E-01  0.00000E+00  0.00000E+00  0.32568E-06  0.00000E+00 -0.32173E+02 -0.54677E+02  0.00000E+00 -0.13033E+02  0.00000E+00  0.00000E+00  0.29387E+02  0.00000E+00  0.75813E-06    102  0.00000E+00      0.000
     100.0000  0.00000E+00  0.00000E+00 -0.87311E-10  0.00000E+00 -0.60961E-01  0.00000E+00  0.00000E+00  0.32532E-06  0.00000E+00 -0.32427E+02 -0.54918E+02  0.00000E+00 -0.13033E+02  0.00000E+00  0.00000E+00  0.29133E+02  0.00000E+00  0.75813E-06    103  0.00000E+00      0.000
     105.0000  0.00000E+00  0.00000E+00 -0.87311E-09  0.00000E+00 -0.55906E-01  0.00000E+00  0.00000E+00  0.32095E-06  0.00000E+00 -0.32707E+02 -0.55194E+02  0.00000E+00 -0.13033E+02  0.00000E+00  0.00000E+00  0.28853E+02  0.00000E+00  0.75813E-06    104  0.00000E+00      0.000
     112.5000  0.00000E+00  0.00000E+00  0.16735E-09  0.00000E+00 -0.49527E-01  0.00000E+00  0.00000E+00  0.32221E-06  0.00000E+00 -0.33078E+02 -0.55579E+02  0.00000E+00 -0.13033E+02  0.00000E+00  0.00000E+00  0.28482E+02  0.00000E+00  0.75938E-06    105  0.00000E+00      0.000
     120.0000  0.00000E+00  0.00000E+00  0.58571E-09  0.00000E+00 -0.44184E-01  0.00000E+00  0.00000E+00  0.32660E-06  0.00000E+00 -0.33410E+02 -0.55944E+02  0.00000E+00 -0.13033E+02  0.00000E+00  0.00000E+00  0.28150E+02  0.00000E+00  0.76377E-06    106  0.00000E+00      0.000
     127.5000  0.00000E+00  0.00000E+00 -0.58571E-09  0.00000E+00 -0.39651E-01  0.00000E+00  0.00000E+00  0.32221E-06  0.00000E+00 -0.33707E+02 -0.56289E+02  0.00000E+00 -0.13033E+02  0.00000E+00  0.00000E+00  0.27853E+02  0.00000E+00  0.76377E-06    107  0.00000E+00      0.000
     135.0000  0.00000E+00  0.00000E+00 -0.27649E-09  0.00000E+00 -0.35781E-01  0.00000E+00  0.00000E+00  0.32013E-06  0.00000E+00 -0.33976E+02 -0.56617E+02  0.00000E+00 -0.13033E+02  0.00000E+00  0.00000E+00  0.27584E+02  0.00000E+00  0.76377E-06    108  0.00000E+00      0.000
     142.5000  0.00000E+00  0.00000E+00 -0.74942E-09  0.00000E+00 -0.32461E-01  0.00000E+00  0.00000E+00  0.31451E-06  0.00000E+00 -0.34219E+02 -0.56929E+02  0.00000E+00 -0.13033E+02  0.00000E+00  0.00000E+00  0.27341E+02  0.00000E+00  0.76377E-06    109  0.00000E+00      0.000
     150.0000  0.00000E+00  0.00000E+00 -0.46930E-09  0.00000E+00 -0.29577E-01  0.00000E+00  0.00000E+00  0.31099E-06  0.00000E+00 -0.34441E+02 -0.57228E+02  0.00000E+00 -0.13033E+02  0.00000E+00  0.00000E+00  0.27119E+02  0.00000E+00  0.76377E-06    110  0.00000E+00      0.000
     160.0000  0.00000E+00  0.00000E+00 -0.23283E-09  0.00000E+00 -0.26342E-01  0.00000E+00  0.00000E+00  0.30867E-06  0.00000E+00 -0.34704E+02 -0.57601E+02  0.00000E+00 -0.13033E+02  0.00000E+00  0.00000E+00  0.26856E+02  0.00000E+00  0.76377E-06    111  0.00000E+00      0.000
     170.0000  0.00000E+00  0.00000E+00 -0.69122E-10  0.00000E+00 -0.23607E-01  0.00000E+00  0.00000E+00  0.30797E-06  0.00000E+00 -0.34940E+02 -0.57955E+02  0.00000E+00 -0.13033E+02  0.00000E+00  0.00000E+00  0.26620E+02  0.00000E+00  0.76377E-06    112  0.00000E+00      0.000
     180.0000  0.00000E+00  0.00000E+00  0.26012E-09  0.00000E+00 -0.21284E-01  0.00000E+00  0.00000E+00  0.31058E-06  0.00000E+00 -0.35153E+02 -0.58291E+02  0.00000E+00 -0.13033E+02  0.00000E+00  0.00000E+00  0.26407E+02  0.00000E+00  0.76637E-06    113  0.00000E+00      0.000
     190.0000  0.00000E+00  0.00000E+00 -0.12915E-09  0.00000E+00 -0.19282E-01  0.00000E+00  0.00000E+00  0.30928E-06  0.00000E+00 -0.35346E+02 -0.58611E+02  0.00000E+00 -0.13033E+02  0.00000E+00  0.00000E+00  0.26214E+02  0.00000E+00  0.76637E-06    114  0.00000E+00      0.000
     200.0000  0.00000E+00  0.00000E+00  0.20009E-10  0.00000E+00 -0.17553E-01  0.00000E+00  0.00000E+00  0.30948E-06  0.00000E+00 -0.35522E+02 -0.58916E+02  0.00000E+00 -0.13033E+02  0.00000E+00  0.00000E+00  0.26039E+02  0.00000E+00  0.76657E-06    115  0.00000E+00      0.000
     215.7380  0.00000E+00  0.00000E+00 -0.35834E-09  0.00000E+00 -0.15321E-01  0.00000E+00  0.00000E+00  0.30384E-06  0.00000E+00 -0.35763E+02 -0.59363E+02  0.00000E+00 -0.13033E+02  0.00000E+00  0.00000E+00  0.25797E+02  0.00000E+00  0.76657E-06    116  0.00000E+00      0.000
     231.4760  0.00000E+00  0.00000E+00  0.23101E-09  0.00000E+00 -0.13492E-01  0.00000E+00  0.00000E+00  0.30748E-06  0.00000E+00 -0.35975E+02 -0.59782E+02  0.00000E+00 -0.13033E+02  0.00000E+00  0.00000E+00  0.25585E+02  0.00000E+00  0.77021E-06    117  0.00000E+00      0.000
     247.2140  0.00000E+00  0.00000E+00  0.20191E-09  0.00000E+00 -0.11969E-01  0.00000E+00  0.00000E+00  0.31066E-06  0.00000E+00 -0.36163E+02 -0.60177E+02  0.00000E+00 -0.13033E+02  0.00000E+00  0.00000E+00  0.25397E+02  0.00000E+00  0.77339E-06    118  0.00000E+00      0.000
     262.9520  0.00000E+00  0.00000E+00 -0.11732E-09  0.00000E+00 -0.10691E-01  0.00000E+00  0.00000E+00  0.30881E-06  0.00000E+00 -0.36332E+02 -0.60552E+02  0.00000E+00 -0.13033E+02  0.00000E+00  0.00000E+00  0.25228E+02  0.00000E+00  0.77339E-06    119  0.00000E+00      0.000
     283.4114  0.00000E+00  0.00000E+00 -0.94587E-10  0.00000E+00 -0.93420E-02  0.00000E+00  0.00000E+00  0.30688E-06  0.00000E+00 -0.36523E+02 -0.61005E+02  0.00000E+00 -0.13033E+02  0.00000E+00  0.00000E+00  0.25037E+02  0.00000E+00  0.77339E-06    120  0.00000E+00      0.000
     310.4850  0.00000E+00  0.00000E+00  0.00000E+00  0.00000E+00 -0.79378E-02  0.00000E+00  0.00000E+00  0.30688E-06  0.00000E+00 -0.36738E+02 -0.61554E+02  0.00000E+00 -0.13033E+02  0.00000E+00  0.00000E+00  0.24822E+02  0.00000E+00  0.77339E-06    121  0.00000E+00      0.000
     337.5585  0.00000E+00  0.00000E+00 -0.72760E-10  0.00000E+00 -0.68204E-02  0.00000E+00  0.00000E+00  0.30491E-06  0.00000E+00 -0.36922E+02 -0.62065E+02  0.00000E+00 -0.13033E+02  0.00000E+00  0.00000E+00  0.24638E+02  0.00000E+00  0.77339E-06    122  0.00000E+00      0.000
     364.6321  0.00000E+00  0.00000E+00  0.17735E-09  0.00000E+00 -0.59239E-02  0.00000E+00  0.00000E+00  0.30971E-06  0.00000E+00 -0.37083E+02 -0.62542E+02  0.00000E+00 -0.13033E+02  0.00000E+00  0.00000E+00  0.24477E+02  0.00000E+00  0.77819E-06    123  0.00000E+00      0.000
     391.7057  0.00000E+00  0.00000E+00 -0.87311E-10  0.00000E+00 -0.51962E-02  0.00000E+00  0.00000E+00  0.30734E-06  0.00000E+00 -0.37223E+02 -0.62990E+02  0.00000E+00 -0.13033E+02  0.00000E+00  0.00000E+00  0.24337E+02  0.00000E+00  0.77819E-06    124  0.00000E+00      0.000
     427.8038  0.00000E+00  0.00000E+00  0.16826E-09  0.00000E+00 -0.44316E-02  0.00000E+00  0.00000E+00  0.31342E-06  0.00000E+00 -0.37383E+02 -0.63540E+02  0.00000E+00 -0.13033E+02  0.00000E+00  0.00000E+00  0.24177E+02  0.00000E+00  0.78426E-06    125  0.00000E+00      0.000
     463.9019  0.00000E+00  0.00000E+00 -0.76852E-10  0.00000E+00 -0.38242E-02  0.00000E+00  0.00000E+00  0.31064E-06  0.00000E+00 -0.37521E+02 -0.64052E+02  0.00000E+00 -0.13033E+02  0.00000E+00  0.00000E+00  0.24039E+02  0.00000E+00  0.78426E-06    126  0.00000E+00      0.000
     500.0000  0.00000E+00  0.00000E+00 -0.21828E-10  0.00000E+00 -0.33313E-02  0.00000E+00  0.00000E+00  0.30986E-06  0.00000E+00 -0.37642E+02 -0.64528E+02  0.00000E+00 -0.13033E+02  0.00000E+00  0.00000E+00  0.23918E+02  0.00000E+00  0.78426E-06    127  0.00000E+00      0.000
     544.9493  0.00000E+00  0.00000E+00 -0.70486E-11  0.00000E+00 -0.28499E-02  0.00000E+00  0.00000E+00  0.30954E-06  0.00000E+00 -0.37770E+02 -0.65083E+02  0.00000E+00 -0.13033E+02  0.00000E+00  0.00000E+00  0.23790E+02  0.00000E+00  0.78426E-06    128  0.00000E+00      0.000
     601.8306  0.00000E+00  0.00000E+00  0.93223E-11  0.00000E+00 -0.23848E-02  0.00000E+00  0.00000E+00  0.31007E-06  0.00000E+00 -0.37905E+02 -0.65718E+02  0.00000E+00 -0.13033E+02  0.00000E+00  0.00000E+00  0.23655E+02  0.00000E+00  0.78479E-06    129  0.00000E+00      0.000
     658.7120  0.00000E+00  0.00000E+00 -0.23647E-10  0.00000E+00 -0.20214E-02  0.00000E+00  0.00000E+00  0.30872E-06  0.00000E+00 -0.38020E+02 -0.66305E+02  0.00000E+00 -0.13033E+02  0.00000E+00  0.00000E+00  0.23540E+02  0.00000E+00  0.78479E-06    130  0.00000E+00      0.000
     715.5933  0.00000E+00  0.00000E+00  0.98908E-10  0.00000E+00 -0.17377E-02  0.00000E+00  0.00000E+00  0.31435E-06  0.00000E+00 -0.38119E+02 -0.66852E+02  0.00000E+00 -0.13033E+02  0.00000E+00  0.00000E+00  0.23441E+02  0.00000E+00  0.79042E-06    131  0.00000E+00      0.000
     786.6950  0.00000E+00  0.00000E+00  0.67757E-10  0.00000E+00 -0.14621E-02  0.00000E+00  0.00000E+00  0.31917E-06  0.00000E+00 -0.38223E+02 -0.67470E+02  0.00000E+00 -0.13033E+02  0.00000E+00  0.00000E+00  0.23337E+02  0.00000E+00  0.79524E-06    132  0.00000E+00      0.000
     893.3475  0.00000E+00  0.00000E+00  0.90949E-11  0.00000E+00 -0.11658E-02  0.00000E+00  0.00000E+00  0.32014E-06  0.00000E+00 -0.38347E+02 -0.68305E+02  0.00000E+00 -0.13033E+02  0.00000E+00  0.00000E+00  0.23213E+02  0.00000E+00  0.79621E-06    133  0.00000E+00      0.000
    1000.0000  0.00000E+00  0.00000E+00  0.23988E-10  0.00000E+00 -0.95209E-03  0.00000E+00  0.00000E+00  0.32270E-06  0.00000E+00 -0.38449E+02 -0.69060E+02  0.00000E+00 -0.13033E+02  0.00000E+00  0.00000E+00  0.23111E+02  0.00000E+00  0.79877E-06    134  0.00000E+00      0.000
    1098.7536  0.00000E+00  0.00000E+00  0.76170E-11  0.00000E+00 -0.80153E-03  0.00000E+00  0.00000E+00  0.32345E-06  0.00000E+00 -0.38528E+02 -0.69699E+02  0.00000E+00 -0.13033E+02  0.00000E+00  0.00000E+00  0.23032E+02  0.00000E+00  0.79952E-06    135  0.00000E+00      0.000
    1227.1332  0.00000E+00  0.00000E+00  0.26375E-10  0.00000E+00 -0.65537E-03  0.00000E+00  0.00000E+00  0.32683E-06  0.00000E+00 -0.38612E+02 -0.70462E+02  0.00000E+00 -0.13033E+02  0.00000E+00  0.00000E+00  0.22948E+02  0.00000E+00  0.80290E-06    136  0.00000E+00      0.000
    1316.9989  0.00000E+00  0.00000E+00 -0.23761E-10  0.00000E+00 -0.57357E-03  0.00000E+00  0.00000E+00  0.32470E-06  0.00000E+00 -0.38664E+02 -0.70962E+02  0.00000E+00 -0.13033E+02  0.00000E+00  0.00000E+00  0.22896E+02  0.00000E+00  0.80290E-06    137  0.00000E+00      0.000
    1433.8244  0.00000E+00  0.00000E+00 -0.28990E-11  0.00000E+00 -0.49091E-03  0.00000E+00  0.00000E+00  0.32436E-06  0.00000E+00 -0.38721E+02 -0.71569E+02  0.00000E+00 -0.13033E+02  0.00000E+00  0.00000E+00  0.22839E+02  0.00000E+00  0.80290E-06    138  0.00000E+00      0.000
    1550.6498  0.00000E+00  0.00000E+00 -0.13813E-10  0.00000E+00 -0.42463E-03  0.00000E+00  0.00000E+00  0.32275E-06  0.00000E+00 -0.38771E+02 -0.72127E+02  0.00000E+00 -0.13033E+02  0.00000E+00  0.00000E+00  0.22790E+02  0.00000E+00  0.80290E-06    139  0.00000E+00      0.000
    1695.5849  0.00000E+00  0.00000E+00  0.32230E-10  0.00000E+00 -0.35946E-03  0.00000E+00  0.00000E+00  0.32742E-06  0.00000E+00 -0.38823E+02 -0.72775E+02  0.00000E+00 -0.13033E+02  0.00000E+00  0.00000E+00  0.22738E+02  0.00000E+00  0.80758E-06    140  0.00000E+00      0.000
    1881.9299  0.00000E+00  0.00000E+00  0.19327E-11  0.00000E+00 -0.29752E-03  0.00000E+00  0.00000E+00  0.32778E-06  0.00000E+00 -0.38878E+02 -0.73523E+02  0.00000E+00 -0.13033E+02  0.00000E+00  0.00000E+00  0.22683E+02  0.00000E+00  0.80794E-06    141  0.00000E+00      0.000
    2068.2749  0.00000E+00  0.00000E+00 -0.64801E-11  0.00000E+00 -0.24825E-03  0.00000E+00  0.00000E+00  0.32657E-06  0.00000E+00 -0.38925E+02 -0.74205E+02  0.00000E+00 -0.13033E+02  0.00000E+00  0.00000E+00  0.22636E+02  0.00000E+00  0.80794E-06    142  0.00000E+00      0.000
    2301.2062  0.00000E+00  0.00000E+00 -0.50875E-11  0.00000E+00 -0.20654E-03  0.00000E+00  0.00000E+00  0.32539E-06  0.00000E+00 -0.38973E+02 -0.74991E+02  0.00000E+00 -0.13033E+02  0.00000E+00  0.00000E+00  0.22588E+02  0.00000E+00  0.80794E-06    143  0.00000E+00      0.000
    2534.1375  0.00000E+00  0.00000E+00  0.12193E-10  0.00000E+00 -0.17241E-03  0.00000E+00  0.00000E+00  0.32823E-06  0.00000E+00 -0.39013E+02 -0.75701E+02  0.00000E+00 -0.13033E+02  0.00000E+00  0.00000E+00  0.22548E+02  0.00000E+00  0.81078E-06    144  0.00000E+00      0.000
    2689.4250  0.00000E+00  0.00000E+00  0.27427E-10  0.00000E+00 -0.15255E-03  0.00000E+00  0.00000E+00  0.33248E-06  0.00000E+00 -0.39037E+02 -0.76163E+02  0.00000E+00 -0.13033E+02  0.00000E+00  0.00000E+00  0.22525E+02  0.00000E+00  0.81503E-06    145  0.00000E+00      0.000
    2844.7125  0.00000E+00  0.00000E+00 -0.18900E-11  0.00000E+00 -0.13740E-03  0.00000E+00  0.00000E+00  0.33219E-06  0.00000E+00 -0.39058E+02 -0.76603E+02  0.00000E+00 -0.13033E+02  0.00000E+00  0.00000E+00  0.22503E+02  0.00000E+00  0.81503E-06    146  0.00000E+00      0.000
    3000.0000  0.00000E+00  0.00000E+00 -0.28720E-10  0.00000E+00 -0.12350E-03  0.00000E+00  0.00000E+00  0.32773E-06  0.00000E+00 -0.39077E+02 -0.77019E+02  0.00000E+00 -0.13033E+02  0.00000E+00  0.00000E+00  0.22484E+02  0.00000E+00  0.81503E-06    147  0.00000E+00      0.000
    3201.8737  0.00000E+00  0.00000E+00  0.10772E-10  0.00000E+00 -0.10923E-03  0.00000E+00  0.00000E+00  0.32991E-06  0.00000E+00 -0.39099E+02 -0.77525E+02  0.00000E+00 -0.13033E+02  0.00000E+00  0.00000E+00  0.22462E+02  0.00000E+00  0.81721E-06    148  0.00000E+00      0.000
    3464.3096  0.00000E+00  0.00000E+00  0.11141E-10  0.00000E+00 -0.94147E-04  0.00000E+00  0.00000E+00  0.33283E-06  0.00000E+00 -0.39124E+02 -0.78135E+02  0.00000E+00 -0.13033E+02  0.00000E+00  0.00000E+00  0.22437E+02  0.00000E+00  0.82013E-06    149  0.00000E+00      0.000
    3805.4762  0.00000E+00  0.00000E+00 -0.17337E-11  0.00000E+00 -0.80245E-04  0.00000E+00  0.00000E+00  0.33224E-06  0.00000E+00 -0.39151E+02 -0.78859E+02  0.00000E+00 -0.13033E+02  0.00000E+00  0.00000E+00  0.22410E+02  0.00000E+00  0.82013E-06    150  0.00000E+00      0.000
    4248.9928  0.00000E+00  0.00000E+00 -0.24087E-11  0.00000E+00 -0.65537E-04  0.00000E+00  0.00000E+00  0.33117E-06  0.00000E+00 -0.39180E+02 -0.79708E+02  0.00000E+00 -0.13033E+02  0.00000E+00  0.00000E+00  0.22381E+02  0.00000E+00  0.82013E-06    151  0.00000E+00      0.000
    4856.2795  0.00000E+00  0.00000E+00  0.34746E-11  0.00000E+00 -0.50828E-04  0.00000E+00  0.00000E+00  0.33328E-06  0.00000E+00 -0.39211E+02 -0.80733E+02  0.00000E+00 -0.13033E+02  0.00000E+00  0.00000E+00  0.22349E+02  0.00000E+00  0.82224E-06    152  0.00000E+00      0.000
    5585.0236  0.00000E+00  0.00000E+00 -0.43627E-11  0.00000E+00 -0.40526E-04  0.00000E+00  0.00000E+00  0.33010E-06  0.00000E+00 -0.39241E+02 -0.81837E+02  0.00000E+00 -0.13033E+02  0.00000E+00  0.00000E+00  0.22320E+02  0.00000E+00  0.82224E-06    153  0.00000E+00      0.000
    6313.7678  0.00000E+00  0.00000E+00  0.42952E-11  0.00000E+00 -0.32148E-04  0.00000E+00  0.00000E+00  0.33323E-06  0.00000E+00 -0.39264E+02 -0.82804E+02  0.00000E+00 -0.13033E+02  0.00000E+00  0.00000E+00  0.22297E+02  0.00000E+00  0.82537E-06    154  0.00000E+00      0.000
    7406.8840  0.00000E+00  0.00000E+00 -0.29239E-11  0.00000E+00 -0.23832E-04  0.00000E+00  0.00000E+00  0.33003E-06  0.00000E+00 -0.39290E+02 -0.84084E+02  0.00000E+00 -0.13033E+02  0.00000E+00  0.00000E+00  0.22270E+02  0.00000E+00  0.82537E-06    155  0.00000E+00      0.000
    8500.0000  0.00000E+00  0.00000E+00  0.33999E-11  0.00000E+00 -0.20666E-04  0.00000E+00  0.00000E+00  0.33375E-06  0.00000E+00 -0.39313E+02 -0.85199E+02  0.00000E+00 -0.13033E+02  0.00000E+00  0.00000E+00  0.22250E+02  0.00000E+00  0.82909E-06    156  0.00000E+00      0.000
end
