

   Time      sum(rTop)  sum(rRoot) sum(vTop)  sum(vRoot) sum(vBot)    hTop       hRoot      hBot      A-level
    [T]        [L]        [L]        [L]        [L]        [L]        [L]         [L]       [L] 

     1.00000   .400E-01   .000E+00   .400E-01   .000E+00  -.355E-01  -.117E+03   .000E+00  -.100E+03       1
     2.00000   .450E-01   .000E+00   .450E-01   .000E+00  -.710E-01  -.116E+03   .000E+00  -.100E+03       2
     3.00000   .600E-01   .000E+00   .600E-01   .000E+00  -.106E+00  -.120E+03   .000E+00  -.100E+03       3
     4.00000  -.700E-01   .000E+00  -.700E-01   .000E+00  -.142E+00  -.920E+02   .000E+00  -.100E+03       4
     5.00000  -.110E+00   .000E+00  -.110E+00   .000E+00  -.177E+00  -.995E+02   .000E+00  -.100E+03       5
     6.00000  -.900E-01   .000E+00  -.900E-01   .000E+00  -.213E+00  -.113E+03   .000E+00  -.100E+03       6
     7.00000  -.110E+00   .000E+00  -.110E+00   .000E+00  -.248E+00  -.109E+03   .000E+00  -.100E+03       7
     8.00000  -.180E+00   .000E+00  -.180E+00   .000E+00  -.284E+00  -.986E+02   .000E+00  -.100E+03       8
     9.00000  -.185E+00   .000E+00  -.185E+00   .000E+00  -.319E+00  -.108E+03   .000E+00  -.100E+03       9
    10.00000  -.305E+00   .000E+00  -.305E+00   .000E+00  -.355E+00  -.896E+02   .000E+00  -.100E+03      10
    11.00000  -.102E+01   .000E+00  -.102E+01   .000E+00  -.390E+00  -.475E+02   .000E+00  -.100E+03      11
    12.00000  -.136E+01   .000E+00  -.136E+01   .000E+00  -.426E+00  -.537E+02   .000E+00  -.100E+03      12
    13.00000  -.140E+01   .000E+00  -.140E+01   .000E+00  -.461E+00  -.699E+02   .000E+00  -.100E+03      13
    14.00000  -.139E+01   .000E+00  -.139E+01   .000E+00  -.496E+00  -.804E+02   .000E+00  -.100E+03      14
    15.00000  -.139E+01   .000E+00  -.139E+01   .000E+00  -.532E+00  -.848E+02   .000E+00  -.100E+03      15
    16.00000  -.134E+01   .000E+00  -.134E+01   .000E+00  -.567E+00  -.962E+02   .000E+00  -.100E+03      16
    17.00000  -.126E+01   .000E+00  -.126E+01   .000E+00  -.602E+00  -.111E+03   .000E+00  -.100E+03      17
    18.00000  -.126E+01   .000E+00  -.126E+01   .000E+00  -.637E+00  -.104E+03   .000E+00  -.999E+02      18
    19.00000  -.169E+01   .000E+00  -.169E+01   .000E+00  -.673E+00  -.591E+02   .000E+00  -.996E+02      19
    20.00000  -.240E+01   .000E+00  -.240E+01   .000E+00  -.709E+00  -.432E+02   .000E+00  -.991E+02      20
    21.00000  -.239E+01   .000E+00  -.239E+01   .000E+00  -.745E+00  -.672E+02   .000E+00  -.984E+02      21
    22.00000  -.237E+01   .000E+00  -.237E+01   .000E+00  -.782E+00  -.763E+02   .000E+00  -.977E+02      22
    23.00000  -.237E+01   .000E+00  -.237E+01   .000E+00  -.820E+00  -.807E+02   .000E+00  -.969E+02      23
    24.00000  -.300E+01   .000E+00  -.300E+01   .000E+00  -.858E+00  -.458E+02   .000E+00  -.960E+02      24
    25.00000  -.302E+01   .000E+00  -.302E+01   .000E+00  -.897E+00  -.666E+02   .000E+00  -.951E+02      25
    26.00000  -.382E+01   .000E+00  -.382E+01   .000E+00  -.937E+00  -.391E+02   .000E+00  -.942E+02      26
    27.00000  -.424E+01   .000E+00  -.424E+01   .000E+00  -.980E+00  -.442E+02   .000E+00  -.930E+02      27
    28.00000  -.427E+01   .000E+00  -.427E+01   .000E+00  -.102E+01  -.595E+02   .000E+00  -.916E+02      28
    29.00000  -.433E+01   .000E+00  -.433E+01   .000E+00  -.107E+01  -.632E+02   .000E+00  -.900E+02      29
    30.00000  -.436E+01   .000E+00  -.436E+01   .000E+00  -.112E+01  -.685E+02   .000E+00  -.880E+02      30
    31.00000  -.436E+01   .000E+00  -.436E+01   .000E+00  -.118E+01  -.743E+02   .000E+00  -.852E+02      31
    32.00000  -.446E+01   .000E+00  -.446E+01   .000E+00  -.124E+01  -.692E+02   .000E+00  -.820E+02      32
    33.00000  -.450E+01   .000E+00  -.450E+01   .000E+00  -.131E+01  -.738E+02   .000E+00  -.787E+02      33
    34.00000  -.500E+01   .000E+00  -.500E+01   .000E+00  -.139E+01  -.489E+02   .000E+00  -.756E+02      34
    35.00000  -.492E+01   .000E+00  -.492E+01   .000E+00  -.147E+01  -.743E+02   .000E+00  -.735E+02      35
    36.00000  -.487E+01   .000E+00  -.487E+01   .000E+00  -.157E+01  -.820E+02   .000E+00  -.718E+02      36
    37.00000  -.503E+01   .000E+00  -.503E+01   .000E+00  -.167E+01  -.675E+02   .000E+00  -.705E+02      37
    38.00000  -.557E+01   .000E+00  -.557E+01   .000E+00  -.177E+01  -.470E+02   .000E+00  -.695E+02      38
    39.00000  -.547E+01   .000E+00  -.547E+01   .000E+00  -.189E+01  -.747E+02   .000E+00  -.687E+02      39
    40.00000  -.544E+01   .000E+00  -.544E+01   .000E+00  -.200E+01  -.793E+02   .000E+00  -.682E+02      40
    41.00000  -.558E+01   .000E+00  -.558E+01   .000E+00  -.212E+01  -.683E+02   .000E+00  -.677E+02      41
    42.00000  -.607E+01   .000E+00  -.607E+01   .000E+00  -.224E+01  -.489E+02   .000E+00  -.673E+02      42
    43.00000  -.613E+01   .000E+00  -.613E+01   .000E+00  -.236E+01  -.637E+02   .000E+00  -.670E+02      43
    44.00000  -.611E+01   .000E+00  -.611E+01   .000E+00  -.248E+01  -.742E+02   .000E+00  -.667E+02      44
    45.00000  -.608E+01   .000E+00  -.608E+01   .000E+00  -.260E+01  -.810E+02   .000E+00  -.665E+02      45
    46.00000  -.608E+01   .000E+00  -.608E+01   .000E+00  -.273E+01  -.827E+02   .000E+00  -.662E+02      46
    47.00000  -.607E+01   .000E+00  -.607E+01   .000E+00  -.286E+01  -.865E+02   .000E+00  -.660E+02      47
    48.00000  -.602E+01   .000E+00  -.602E+01   .000E+00  -.298E+01  -.964E+02   .000E+00  -.659E+02      48
    49.00000  -.596E+01   .000E+00  -.596E+01   .000E+00  -.311E+01  -.104E+03   .000E+00  -.659E+02      49
    50.00000  -.591E+01   .000E+00  -.591E+01   .000E+00  -.324E+01  -.109E+03   .000E+00  -.660E+02      50
    51.00000  -.590E+01   .000E+00  -.590E+01   .000E+00  -.336E+01  -.105E+03   .000E+00  -.662E+02      51
    52.00000  -.589E+01   .000E+00  -.589E+01   .000E+00  -.349E+01  -.106E+03   .000E+00  -.666E+02      52
    53.00000  -.584E+01   .000E+00  -.584E+01   .000E+00  -.361E+01  -.115E+03   .000E+00  -.671E+02      53
    54.00000  -.578E+01   .000E+00  -.578E+01   .000E+00  -.373E+01  -.125E+03   .000E+00  -.676E+02      54
    55.00000  -.573E+01   .000E+00  -.573E+01   .000E+00  -.385E+01  -.130E+03   .000E+00  -.683E+02      55
    56.00000  -.568E+01   .000E+00  -.568E+01   .000E+00  -.396E+01  -.136E+03   .000E+00  -.690E+02      56
    57.00000  -.564E+01   .000E+00  -.564E+01   .000E+00  -.407E+01  -.137E+03   .000E+00  -.698E+02      57
    58.00000  -.560E+01   .000E+00  -.560E+01   .000E+00  -.417E+01  -.141E+03   .000E+00  -.706E+02      58
    59.00000  -.558E+01   .000E+00  -.558E+01   .000E+00  -.428E+01  -.137E+03   .000E+00  -.714E+02      59
    60.00000  -.553E+01   .000E+00  -.553E+01   .000E+00  -.437E+01  -.150E+03   .000E+00  -.723E+02      60
    61.00000  -.551E+01   .000E+00  -.551E+01   .000E+00  -.447E+01  -.145E+03   .000E+00  -.731E+02      61
    62.00000  -.544E+01   .000E+00  -.544E+01   .000E+00  -.456E+01  -.168E+03   .000E+00  -.740E+02      62
    63.00000  -.569E+01   .000E+00  -.569E+01   .000E+00  -.464E+01  -.853E+02   .000E+00  -.748E+02      63
    64.00000  -.560E+01   .000E+00  -.560E+01   .000E+00  -.472E+01  -.135E+03   .000E+00  -.756E+02      64
    65.00000  -.554E+01   .000E+00  -.554E+01   .000E+00  -.480E+01  -.149E+03   .000E+00  -.765E+02      65
    66.00000  -.595E+01   .000E+00  -.595E+01   .000E+00  -.488E+01  -.676E+02   .000E+00  -.775E+02      66
    67.00000  -.583E+01   .000E+00  -.583E+01   .000E+00  -.495E+01  -.120E+03   .000E+00  -.784E+02      67
    68.00000  -.597E+01   .000E+00  -.597E+01   .000E+00  -.503E+01  -.861E+02   .000E+00  -.793E+02      68
    69.00000  -.590E+01   .000E+00  -.590E+01   .000E+00  -.510E+01  -.117E+03   .000E+00  -.802E+02      69
    70.00000  -.680E+01   .000E+00  -.680E+01   .000E+00  -.517E+01  -.427E+02   .000E+00  -.810E+02      70
    71.00000  -.674E+01   .000E+00  -.674E+01   .000E+00  -.524E+01  -.766E+02   .000E+00  -.819E+02      71
    72.00000  -.674E+01   .000E+00  -.674E+01   .000E+00  -.530E+01  -.817E+02   .000E+00  -.827E+02      72
    73.00000  -.670E+01   .000E+00  -.670E+01   .000E+00  -.537E+01  -.917E+02   .000E+00  -.835E+02      73
    74.00000  -.666E+01   .000E+00  -.666E+01   .000E+00  -.543E+01  -.997E+02   .000E+00  -.842E+02      74
    75.00000  -.652E+01   .000E+00  -.652E+01   .000E+00  -.549E+01  -.135E+03   .000E+00  -.848E+02      75
    76.00000  -.635E+01   .000E+00  -.635E+01   .000E+00  -.555E+01  -.197E+03   .000E+00  -.852E+02      76
    77.00000  -.616E+01   .000E+00  -.616E+01   .000E+00  -.561E+01  -.398E+03   .000E+00  -.856E+02      77
    78.00000  -.603E+01   .000E+00  -.603E+01   .000E+00  -.567E+01  -.451E+03   .000E+00  -.859E+02      78
    79.00000  -.588E+01   .000E+00  -.588E+01   .000E+00  -.573E+01  -.117E+04   .000E+00  -.861E+02      79
    80.00000  -.570E+01   .000E+00  -.576E+01   .000E+00  -.579E+01  -.200E+04   .000E+00  -.862E+02      80
    81.00000  -.549E+01   .000E+00  -.567E+01   .000E+00  -.584E+01  -.200E+04   .000E+00  -.864E+02      81
    82.00000  -.534E+01   .000E+00  -.560E+01   .000E+00  -.590E+01  -.200E+04   .000E+00  -.865E+02      82
    83.00000  -.521E+01   .000E+00  -.553E+01   .000E+00  -.596E+01  -.200E+04   .000E+00  -.868E+02      83
    84.00000  -.502E+01   .000E+00  -.547E+01   .000E+00  -.602E+01  -.200E+04   .000E+00  -.870E+02      84
    85.00000  -.487E+01   .000E+00  -.541E+01   .000E+00  -.607E+01  -.200E+04   .000E+00  -.873E+02      85
    86.00000  -.486E+01   .000E+00  -.540E+01   .000E+00  -.613E+01  -.556E+03   .000E+00  -.877E+02      86
    87.00000  -.683E+01   .000E+00  -.737E+01   .000E+00  -.618E+01  -.292E+02   .000E+00  -.882E+02      87
    88.00000  -.690E+01   .000E+00  -.744E+01   .000E+00  -.623E+01  -.607E+02   .000E+00  -.886E+02      88
    89.00000  -.683E+01   .000E+00  -.737E+01   .000E+00  -.629E+01  -.810E+02   .000E+00  -.892E+02      89
    90.00000  -.674E+01   .000E+00  -.728E+01   .000E+00  -.634E+01  -.973E+02   .000E+00  -.897E+02      90
    91.00000  -.700E+01   .000E+00  -.754E+01   .000E+00  -.639E+01  -.660E+02   .000E+00  -.903E+02      91
    92.00000  -.722E+01   .000E+00  -.776E+01   .000E+00  -.644E+01  -.638E+02   .000E+00  -.909E+02      92
    93.00000  -.766E+01   .000E+00  -.820E+01   .000E+00  -.649E+01  -.513E+02   .000E+00  -.914E+02      93
    94.00000  -.765E+01   .000E+00  -.819E+01   .000E+00  -.653E+01  -.716E+02   .000E+00  -.918E+02      94
    95.00000  -.822E+01   .000E+00  -.876E+01   .000E+00  -.658E+01  -.459E+02   .000E+00  -.921E+02      95
    96.00000  -.868E+01   .000E+00  -.922E+01   .000E+00  -.663E+01  -.454E+02   .000E+00  -.921E+02      96
    97.00000  -.993E+01   .000E+00  -.105E+02   .000E+00  -.667E+01  -.296E+02   .000E+00  -.920E+02      97
    98.00000  -.107E+02   .000E+00  -.112E+02   .000E+00  -.672E+01  -.338E+02   .000E+00  -.917E+02      98
    99.00000  -.106E+02   .000E+00  -.111E+02   .000E+00  -.677E+01  -.577E+02   .000E+00  -.908E+02      99
   100.00000  -.107E+02   .000E+00  -.112E+02   .000E+00  -.681E+01  -.582E+02   .000E+00  -.889E+02     100
   101.00000  -.109E+02   .000E+00  -.115E+02   .000E+00  -.687E+01  -.515E+02   .000E+00  -.847E+02     101
   102.00000  -.109E+02   .000E+00  -.114E+02   .000E+00  -.694E+01  -.694E+02   .000E+00  -.781E+02     102
   103.00000  -.109E+02   .000E+00  -.115E+02   .000E+00  -.702E+01  -.667E+02   .000E+00  -.719E+02     103
   104.00000  -.108E+02   .000E+00  -.113E+02   .000E+00  -.713E+01  -.859E+02   .000E+00  -.669E+02     104
   105.00000  -.109E+02   .000E+00  -.114E+02   .000E+00  -.726E+01  -.739E+02   .000E+00  -.634E+02     105
   106.00000  -.110E+02   .000E+00  -.116E+02   .000E+00  -.740E+01  -.669E+02   .000E+00  -.612E+02     106
   107.00000  -.110E+02   .000E+00  -.116E+02   .000E+00  -.756E+01  -.753E+02   .000E+00  -.599E+02     107
   108.00000  -.109E+02   .000E+00  -.114E+02   .000E+00  -.772E+01  -.110E+03   .000E+00  -.594E+02     108
   109.00000  -.108E+02   .000E+00  -.114E+02   .000E+00  -.788E+01  -.972E+02   .000E+00  -.595E+02     109
   110.00000  -.108E+02   .000E+00  -.113E+02   .000E+00  -.804E+01  -.108E+03   .000E+00  -.597E+02     110
   111.00000  -.106E+02   .000E+00  -.112E+02   .000E+00  -.819E+01  -.148E+03   .000E+00  -.602E+02     111
   112.00000  -.104E+02   .000E+00  -.109E+02   .000E+00  -.835E+01  -.267E+03   .000E+00  -.608E+02     112
   113.00000  -.102E+02   .000E+00  -.108E+02   .000E+00  -.850E+01  -.413E+03   .000E+00  -.616E+02     113
   114.00000  -.999E+01   .000E+00  -.106E+02   .000E+00  -.864E+01  -.200E+04   .000E+00  -.624E+02     114
   115.00000  -.972E+01   .000E+00  -.104E+02   .000E+00  -.878E+01  -.200E+04   .000E+00  -.634E+02     115
   116.00000  -.935E+01   .000E+00  -.103E+02   .000E+00  -.892E+01  -.200E+04   .000E+00  -.644E+02     116
   117.00000  -.936E+01   .000E+00  -.103E+02   .000E+00  -.905E+01  -.279E+03   .000E+00  -.655E+02     117
   118.00000  -.920E+01   .000E+00  -.102E+02   .000E+00  -.918E+01  -.200E+04   .000E+00  -.666E+02     118
   119.00000  -.915E+01   .000E+00  -.101E+02   .000E+00  -.930E+01  -.747E+03   .000E+00  -.678E+02     119
   120.00000  -.923E+01   .000E+00  -.102E+02   .000E+00  -.941E+01  -.178E+03   .000E+00  -.690E+02     120
   121.00000  -.912E+01   .000E+00  -.101E+02   .000E+00  -.952E+01  -.431E+03   .000E+00  -.702E+02     121
   122.00000  -.940E+01   .000E+00  -.104E+02   .000E+00  -.963E+01  -.979E+02   .000E+00  -.714E+02     122
   123.00000  -.910E+01   .000E+00  -.101E+02   .000E+00  -.972E+01  -.200E+04   .000E+00  -.726E+02     123
   124.00000  -.877E+01   .000E+00  -.997E+01   .000E+00  -.982E+01  -.200E+04   .000E+00  -.737E+02     124
   125.00000  -.867E+01   .000E+00  -.988E+01   .000E+00  -.990E+01  -.200E+04   .000E+00  -.748E+02     125
   126.00000  -.873E+01   .000E+00  -.994E+01   .000E+00  -.998E+01  -.221E+03   .000E+00  -.760E+02     126
   127.00000  -.846E+01   .000E+00  -.979E+01   .000E+00  -.101E+02  -.200E+04   .000E+00  -.772E+02     127
   128.00000  -.821E+01   .000E+00  -.972E+01   .000E+00  -.101E+02  -.200E+04   .000E+00  -.784E+02     128
   129.00000  -.789E+01   .000E+00  -.967E+01   .000E+00  -.102E+02  -.200E+04   .000E+00  -.795E+02     129
   130.00000  -.785E+01   .000E+00  -.963E+01   .000E+00  -.103E+02  -.141E+04   .000E+00  -.807E+02     130
   131.00000  -.860E+01   .000E+00  -.104E+02   .000E+00  -.103E+02  -.611E+02   .000E+00  -.818E+02     131
   132.00000  -.892E+01   .000E+00  -.107E+02   .000E+00  -.104E+02  -.677E+02   .000E+00  -.829E+02     132
   133.00000  -.897E+01   .000E+00  -.107E+02   .000E+00  -.105E+02  -.874E+02   .000E+00  -.840E+02     133
   134.00000  -.910E+01   .000E+00  -.109E+02   .000E+00  -.105E+02  -.814E+02   .000E+00  -.850E+02     134
   135.00000  -.926E+01   .000E+00  -.110E+02   .000E+00  -.106E+02  -.764E+02   .000E+00  -.861E+02     135
   136.00000  -.919E+01   .000E+00  -.110E+02   .000E+00  -.107E+02  -.104E+03   .000E+00  -.871E+02     136
   137.00000  -.106E+02   .000E+00  -.124E+02   .000E+00  -.107E+02  -.318E+02   .000E+00  -.881E+02     137
   138.00000  -.110E+02   .000E+00  -.127E+02   .000E+00  -.108E+02  -.472E+02   .000E+00  -.890E+02     138
   139.00000  -.108E+02   .000E+00  -.126E+02   .000E+00  -.108E+02  -.718E+02   .000E+00  -.899E+02     139
   140.00000  -.106E+02   .000E+00  -.124E+02   .000E+00  -.109E+02  -.115E+03   .000E+00  -.907E+02     140
   141.00000  -.104E+02   .000E+00  -.122E+02   .000E+00  -.109E+02  -.151E+03   .000E+00  -.914E+02     141
   142.00000  -.101E+02   .000E+00  -.118E+02   .000E+00  -.110E+02  -.593E+03   .000E+00  -.918E+02     142
   143.00000  -.976E+01   .000E+00  -.116E+02   .000E+00  -.110E+02  -.200E+04   .000E+00  -.920E+02     143
   144.00000  -.941E+01   .000E+00  -.115E+02   .000E+00  -.111E+02  -.200E+04   .000E+00  -.918E+02     144
   145.00000  -.929E+01   .000E+00  -.113E+02   .000E+00  -.111E+02  -.200E+04   .000E+00  -.913E+02     145
   146.00000  -.925E+01   .000E+00  -.113E+02   .000E+00  -.112E+02  -.494E+03   .000E+00  -.907E+02     146
   147.00000  -.972E+01   .000E+00  -.118E+02   .000E+00  -.112E+02  -.741E+02   .000E+00  -.900E+02     147
   148.00000  -.119E+02   .000E+00  -.140E+02   .000E+00  -.113E+02  -.241E+02   .000E+00  -.894E+02     148
   149.00000  -.123E+02   .000E+00  -.143E+02   .000E+00  -.113E+02  -.429E+02   .000E+00  -.888E+02     149
   150.00000  -.120E+02   .000E+00  -.140E+02   .000E+00  -.114E+02  -.859E+02   .000E+00  -.885E+02     150
   151.00000  -.116E+02   .000E+00  -.137E+02   .000E+00  -.114E+02  -.154E+03   .000E+00  -.882E+02     151
   152.00000  -.120E+02   .000E+00  -.141E+02   .000E+00  -.115E+02  -.579E+02   .000E+00  -.877E+02     152
   153.00000  -.126E+02   .000E+00  -.147E+02   .000E+00  -.115E+02  -.438E+02   .000E+00  -.868E+02     153
   154.00000  -.123E+02   .000E+00  -.144E+02   .000E+00  -.116E+02  -.975E+02   .000E+00  -.853E+02     154
   155.00000  -.120E+02   .000E+00  -.141E+02   .000E+00  -.116E+02  -.151E+03   .000E+00  -.835E+02     155
   156.00000  -.118E+02   .000E+00  -.138E+02   .000E+00  -.117E+02  -.320E+03   .000E+00  -.816E+02     156
   157.00000  -.126E+02   .000E+00  -.147E+02   .000E+00  -.118E+02  -.441E+02   .000E+00  -.797E+02     157
   158.00000  -.125E+02   .000E+00  -.145E+02   .000E+00  -.118E+02  -.886E+02   .000E+00  -.778E+02     158
   159.00000  -.124E+02   .000E+00  -.145E+02   .000E+00  -.119E+02  -.869E+02   .000E+00  -.763E+02     159
   160.00000  -.125E+02   .000E+00  -.145E+02   .000E+00  -.120E+02  -.841E+02   .000E+00  -.751E+02     160
   161.00000  -.126E+02   .000E+00  -.146E+02   .000E+00  -.121E+02  -.787E+02   .000E+00  -.742E+02     161
   162.00000  -.123E+02   .000E+00  -.143E+02   .000E+00  -.122E+02  -.201E+03   .000E+00  -.736E+02     162
   163.00000  -.121E+02   .000E+00  -.141E+02   .000E+00  -.123E+02  -.269E+03   .000E+00  -.732E+02     163
   164.00000  -.121E+02   .000E+00  -.141E+02   .000E+00  -.124E+02  -.122E+03   .000E+00  -.730E+02     164
   165.00000  -.119E+02   .000E+00  -.139E+02   .000E+00  -.124E+02  -.294E+03   .000E+00  -.729E+02     165
   166.00000  -.119E+02   .000E+00  -.139E+02   .000E+00  -.125E+02  -.155E+03   .000E+00  -.730E+02     166
   167.00000  -.115E+02   .000E+00  -.137E+02   .000E+00  -.126E+02  -.200E+04   .000E+00  -.732E+02     167
   168.00000  -.113E+02   .000E+00  -.135E+02   .000E+00  -.127E+02  -.200E+04   .000E+00  -.735E+02     168
   169.00000  -.109E+02   .000E+00  -.134E+02   .000E+00  -.128E+02  -.200E+04   .000E+00  -.739E+02     169
   170.00000  -.110E+02   .000E+00  -.135E+02   .000E+00  -.129E+02  -.185E+03   .000E+00  -.744E+02     170
   171.00000  -.107E+02   .000E+00  -.133E+02   .000E+00  -.130E+02  -.200E+04   .000E+00  -.750E+02     171
   172.00000  -.104E+02   .000E+00  -.132E+02   .000E+00  -.131E+02  -.200E+04   .000E+00  -.757E+02     172
   173.00000  -.102E+02   .000E+00  -.132E+02   .000E+00  -.131E+02  -.200E+04   .000E+00  -.765E+02     173
   174.00000  -.117E+02   .000E+00  -.147E+02   .000E+00  -.132E+02  -.353E+02   .000E+00  -.773E+02     174
   175.00000  -.115E+02   .000E+00  -.145E+02   .000E+00  -.133E+02  -.104E+03   .000E+00  -.782E+02     175
   176.00000  -.113E+02   .000E+00  -.143E+02   .000E+00  -.134E+02  -.136E+03   .000E+00  -.791E+02     176
   177.00000  -.111E+02   .000E+00  -.141E+02   .000E+00  -.134E+02  -.243E+03   .000E+00  -.800E+02     177
   178.00000  -.107E+02   .000E+00  -.138E+02   .000E+00  -.135E+02  -.200E+04   .000E+00  -.810E+02     178
   179.00000  -.113E+02   .000E+00  -.144E+02   .000E+00  -.136E+02  -.643E+02   .000E+00  -.819E+02     179
   180.00000  -.109E+02   .000E+00  -.140E+02   .000E+00  -.136E+02  -.409E+03   .000E+00  -.827E+02     180
   181.00000  -.113E+02   .000E+00  -.145E+02   .000E+00  -.137E+02  -.695E+02   .000E+00  -.836E+02     181
   182.00000  -.126E+02   .000E+00  -.157E+02   .000E+00  -.138E+02  -.346E+02   .000E+00  -.843E+02     182
   183.00000  -.128E+02   .000E+00  -.159E+02   .000E+00  -.138E+02  -.543E+02   .000E+00  -.850E+02     183
   184.00000  -.129E+02   .000E+00  -.160E+02   .000E+00  -.139E+02  -.614E+02   .000E+00  -.857E+02     184
   185.00000  -.127E+02   .000E+00  -.158E+02   .000E+00  -.139E+02  -.923E+02   .000E+00  -.863E+02     185
   186.00000  -.124E+02   .000E+00  -.155E+02   .000E+00  -.140E+02  -.161E+03   .000E+00  -.868E+02     186
   187.00000  -.153E+02   .000E+00  -.184E+02   .000E+00  -.141E+02  -.186E+02   .000E+00  -.872E+02     187
   188.00000  -.152E+02   .000E+00  -.183E+02   .000E+00  -.141E+02  -.533E+02   .000E+00  -.872E+02     188
   189.00000  -.150E+02   .000E+00  -.181E+02   .000E+00  -.142E+02  -.724E+02   .000E+00  -.868E+02     189
   190.00000  -.149E+02   .000E+00  -.180E+02   .000E+00  -.142E+02  -.765E+02   .000E+00  -.851E+02     190
   191.00000  -.173E+02   .000E+00  -.204E+02   .000E+00  -.143E+02  -.206E+02   .000E+00  -.820E+02     191
   192.00000  -.170E+02   .000E+00  -.201E+02   .000E+00  -.144E+02  -.591E+02   .000E+00  -.772E+02     192
   193.00000  -.168E+02   .000E+00  -.199E+02   .000E+00  -.145E+02  -.805E+02   .000E+00  -.713E+02     193
   194.00000  -.164E+02   .000E+00  -.195E+02   .000E+00  -.146E+02  -.151E+03   .000E+00  -.642E+02     194
   195.00000  -.159E+02   .000E+00  -.190E+02   .000E+00  -.147E+02  -.200E+04   .000E+00  -.582E+02     195
   196.00000  -.154E+02   .000E+00  -.188E+02   .000E+00  -.149E+02  -.200E+04   .000E+00  -.549E+02     196
   197.00000  -.149E+02   .000E+00  -.186E+02   .000E+00  -.151E+02  -.200E+04   .000E+00  -.537E+02     197
   198.00000  -.145E+02   .000E+00  -.184E+02   .000E+00  -.154E+02  -.200E+04   .000E+00  -.538E+02     198
   199.00000  -.142E+02   .000E+00  -.183E+02   .000E+00  -.156E+02  -.200E+04   .000E+00  -.546E+02     199
   200.00000  -.139E+02   .000E+00  -.182E+02   .000E+00  -.158E+02  -.200E+04   .000E+00  -.557E+02     200
   201.00000  -.134E+02   .000E+00  -.181E+02   .000E+00  -.160E+02  -.200E+04   .000E+00  -.570E+02     201
   202.00000  -.131E+02   .000E+00  -.180E+02   .000E+00  -.162E+02  -.200E+04   .000E+00  -.584E+02     202
   203.00000  -.127E+02   .000E+00  -.179E+02   .000E+00  -.163E+02  -.200E+04   .000E+00  -.598E+02     203
   204.00000  -.132E+02   .000E+00  -.185E+02   .000E+00  -.165E+02  -.701E+02   .000E+00  -.613E+02     204
   205.00000  -.133E+02   .000E+00  -.186E+02   .000E+00  -.166E+02  -.899E+02   .000E+00  -.628E+02     205
   206.00000  -.132E+02   .000E+00  -.184E+02   .000E+00  -.168E+02  -.156E+03   .000E+00  -.644E+02     206
   207.00000  -.129E+02   .000E+00  -.182E+02   .000E+00  -.169E+02  -.584E+03   .000E+00  -.659E+02     207
   208.00000  -.127E+02   .000E+00  -.180E+02   .000E+00  -.170E+02  -.152E+04   .000E+00  -.674E+02     208
   209.00000  -.147E+02   .000E+00  -.200E+02   .000E+00  -.171E+02  -.282E+02   .000E+00  -.688E+02     209
   210.00000  -.146E+02   .000E+00  -.199E+02   .000E+00  -.173E+02  -.641E+02   .000E+00  -.702E+02     210
   211.00000  -.144E+02   .000E+00  -.197E+02   .000E+00  -.174E+02  -.104E+03   .000E+00  -.715E+02     211
   212.00000  -.142E+02   .000E+00  -.194E+02   .000E+00  -.175E+02  -.156E+03   .000E+00  -.727E+02     212
   213.00000  -.142E+02   .000E+00  -.195E+02   .000E+00  -.175E+02  -.979E+02   .000E+00  -.737E+02     213
   214.00000  -.144E+02   .000E+00  -.197E+02   .000E+00  -.176E+02  -.770E+02   .000E+00  -.745E+02     214
   215.00000  -.151E+02   .000E+00  -.204E+02   .000E+00  -.177E+02  -.442E+02   .000E+00  -.751E+02     215
   216.00000  -.153E+02   .000E+00  -.205E+02   .000E+00  -.178E+02  -.593E+02   .000E+00  -.755E+02     216
   217.00000  -.150E+02   .000E+00  -.203E+02   .000E+00  -.179E+02  -.101E+03   .000E+00  -.759E+02     217
   218.00000  -.148E+02   .000E+00  -.200E+02   .000E+00  -.180E+02  -.170E+03   .000E+00  -.761E+02     218
   219.00000  -.144E+02   .000E+00  -.197E+02   .000E+00  -.180E+02  -.200E+04   .000E+00  -.762E+02     219
   220.00000  -.155E+02   .000E+00  -.208E+02   .000E+00  -.181E+02  -.408E+02   .000E+00  -.761E+02     220
   221.00000  -.157E+02   .000E+00  -.210E+02   .000E+00  -.182E+02  -.564E+02   .000E+00  -.760E+02     221
   222.00000  -.156E+02   .000E+00  -.209E+02   .000E+00  -.183E+02  -.837E+02   .000E+00  -.758E+02     222
   223.00000  -.158E+02   .000E+00  -.210E+02   .000E+00  -.183E+02  -.660E+02   .000E+00  -.757E+02     223
   224.00000  -.154E+02   .000E+00  -.206E+02   .000E+00  -.184E+02  -.225E+03   .000E+00  -.755E+02     224
   225.00000  -.154E+02   .000E+00  -.207E+02   .000E+00  -.185E+02  -.942E+02   .000E+00  -.754E+02     225
   226.00000  -.152E+02   .000E+00  -.205E+02   .000E+00  -.186E+02  -.182E+03   .000E+00  -.751E+02     226
   227.00000  -.159E+02   .000E+00  -.212E+02   .000E+00  -.187E+02  -.513E+02   .000E+00  -.748E+02     227
   228.00000  -.157E+02   .000E+00  -.210E+02   .000E+00  -.188E+02  -.101E+03   .000E+00  -.746E+02     228
   229.00000  -.156E+02   .000E+00  -.209E+02   .000E+00  -.188E+02  -.114E+03   .000E+00  -.744E+02     229
   230.00000  -.162E+02   .000E+00  -.214E+02   .000E+00  -.189E+02  -.529E+02   .000E+00  -.743E+02     230
   231.00000  -.177E+02   .000E+00  -.229E+02   .000E+00  -.190E+02  -.283E+02   .000E+00  -.744E+02     231
   232.00000  -.176E+02   .000E+00  -.229E+02   .000E+00  -.191E+02  -.580E+02   .000E+00  -.745E+02     232
   233.00000  -.177E+02   .000E+00  -.230E+02   .000E+00  -.192E+02  -.591E+02   .000E+00  -.746E+02     233
   234.00000  -.175E+02   .000E+00  -.228E+02   .000E+00  -.193E+02  -.884E+02   .000E+00  -.745E+02     234
   235.00000  -.173E+02   .000E+00  -.226E+02   .000E+00  -.194E+02  -.108E+03   .000E+00  -.737E+02     235
   236.00000  -.172E+02   .000E+00  -.225E+02   .000E+00  -.194E+02  -.115E+03   .000E+00  -.724E+02     236
   237.00000  -.170E+02   .000E+00  -.223E+02   .000E+00  -.195E+02  -.152E+03   .000E+00  -.710E+02     237
   238.00000  -.168E+02   .000E+00  -.221E+02   .000E+00  -.196E+02  -.236E+03   .000E+00  -.698E+02     238
   239.00000  -.166E+02   .000E+00  -.219E+02   .000E+00  -.198E+02  -.325E+03   .000E+00  -.689E+02     239
   240.00000  -.164E+02   .000E+00  -.217E+02   .000E+00  -.199E+02  -.162E+04   .000E+00  -.683E+02     240
   241.00000  -.161E+02   .000E+00  -.216E+02   .000E+00  -.200E+02  -.200E+04   .000E+00  -.681E+02     241
   242.00000  -.158E+02   .000E+00  -.214E+02   .000E+00  -.201E+02  -.200E+04   .000E+00  -.683E+02     242
   243.00000  -.155E+02   .000E+00  -.214E+02   .000E+00  -.202E+02  -.200E+04   .000E+00  -.687E+02     243
   244.00000  -.152E+02   .000E+00  -.213E+02   .000E+00  -.203E+02  -.200E+04   .000E+00  -.693E+02     244
   245.00000  -.149E+02   .000E+00  -.212E+02   .000E+00  -.204E+02  -.200E+04   .000E+00  -.700E+02     245
   246.00000  -.147E+02   .000E+00  -.211E+02   .000E+00  -.205E+02  -.200E+04   .000E+00  -.708E+02     246
   247.00000  -.146E+02   .000E+00  -.211E+02   .000E+00  -.206E+02  -.200E+04   .000E+00  -.717E+02     247
   248.00000  -.144E+02   .000E+00  -.210E+02   .000E+00  -.207E+02  -.200E+04   .000E+00  -.727E+02     248
   249.00000  -.142E+02   .000E+00  -.209E+02   .000E+00  -.208E+02  -.200E+04   .000E+00  -.737E+02     249
   250.00000  -.140E+02   .000E+00  -.209E+02   .000E+00  -.209E+02  -.200E+04   .000E+00  -.746E+02     250
   251.00000  -.142E+02   .000E+00  -.211E+02   .000E+00  -.210E+02  -.148E+03   .000E+00  -.756E+02     251
   252.00000  -.140E+02   .000E+00  -.209E+02   .000E+00  -.211E+02  -.811E+03   .000E+00  -.768E+02     252
   253.00000  -.139E+02   .000E+00  -.208E+02   .000E+00  -.212E+02  -.200E+04   .000E+00  -.779E+02     253
   254.00000  -.146E+02   .000E+00  -.215E+02   .000E+00  -.212E+02  -.608E+02   .000E+00  -.790E+02     254
   255.00000  -.162E+02   .000E+00  -.232E+02   .000E+00  -.213E+02  -.301E+02   .000E+00  -.801E+02     255
   256.00000  -.165E+02   .000E+00  -.234E+02   .000E+00  -.214E+02  -.487E+02   .000E+00  -.812E+02     256
   257.00000  -.168E+02   .000E+00  -.238E+02   .000E+00  -.214E+02  -.494E+02   .000E+00  -.823E+02     257
   258.00000  -.170E+02   .000E+00  -.239E+02   .000E+00  -.215E+02  -.562E+02   .000E+00  -.833E+02     258
   259.00000  -.169E+02   .000E+00  -.238E+02   .000E+00  -.216E+02  -.801E+02   .000E+00  -.843E+02     259
   260.00000  -.168E+02   .000E+00  -.238E+02   .000E+00  -.216E+02  -.840E+02   .000E+00  -.850E+02     260
   261.00000  -.168E+02   .000E+00  -.238E+02   .000E+00  -.217E+02  -.843E+02   .000E+00  -.854E+02     261
   262.00000  -.176E+02   .000E+00  -.246E+02   .000E+00  -.217E+02  -.417E+02   .000E+00  -.854E+02     262
   263.00000  -.176E+02   .000E+00  -.245E+02   .000E+00  -.218E+02  -.707E+02   .000E+00  -.850E+02     263
   264.00000  -.175E+02   .000E+00  -.244E+02   .000E+00  -.219E+02  -.829E+02   .000E+00  -.842E+02     264
   265.00000  -.174E+02   .000E+00  -.243E+02   .000E+00  -.219E+02  -.914E+02   .000E+00  -.832E+02     265
   266.00000  -.173E+02   .000E+00  -.243E+02   .000E+00  -.220E+02  -.978E+02   .000E+00  -.820E+02     266
   267.00000  -.172E+02   .000E+00  -.242E+02   .000E+00  -.221E+02  -.116E+03   .000E+00  -.807E+02     267
   268.00000  -.171E+02   .000E+00  -.241E+02   .000E+00  -.221E+02  -.129E+03   .000E+00  -.795E+02     268
   269.00000  -.170E+02   .000E+00  -.240E+02   .000E+00  -.222E+02  -.139E+03   .000E+00  -.784E+02     269
   270.00000  -.170E+02   .000E+00  -.239E+02   .000E+00  -.223E+02  -.133E+03   .000E+00  -.774E+02     270
   271.00000  -.170E+02   .000E+00  -.239E+02   .000E+00  -.224E+02  -.131E+03   .000E+00  -.767E+02     271
   272.00000  -.169E+02   .000E+00  -.239E+02   .000E+00  -.224E+02  -.135E+03   .000E+00  -.762E+02     272
   273.00000  -.169E+02   .000E+00  -.238E+02   .000E+00  -.225E+02  -.152E+03   .000E+00  -.760E+02     273
   274.00000  -.168E+02   .000E+00  -.237E+02   .000E+00  -.226E+02  -.187E+03   .000E+00  -.759E+02     274
   275.00000  -.167E+02   .000E+00  -.236E+02   .000E+00  -.227E+02  -.210E+03   .000E+00  -.761E+02     275
   276.00000  -.165E+02   .000E+00  -.235E+02   .000E+00  -.228E+02  -.309E+03   .000E+00  -.764E+02     276
   277.00000  -.164E+02   .000E+00  -.234E+02   .000E+00  -.228E+02  -.572E+03   .000E+00  -.768E+02     277
   278.00000  -.163E+02   .000E+00  -.232E+02   .000E+00  -.229E+02  -.877E+03   .000E+00  -.773E+02     278
   279.00000  -.162E+02   .000E+00  -.231E+02   .000E+00  -.230E+02  -.187E+04   .000E+00  -.779E+02     279
   280.00000  -.161E+02   .000E+00  -.231E+02   .000E+00  -.231E+02  -.200E+04   .000E+00  -.786E+02     280
   281.00000  -.160E+02   .000E+00  -.230E+02   .000E+00  -.231E+02  -.149E+04   .000E+00  -.793E+02     281
   282.00000  -.160E+02   .000E+00  -.229E+02   .000E+00  -.232E+02  -.200E+04   .000E+00  -.800E+02     282
   283.00000  -.159E+02   .000E+00  -.229E+02   .000E+00  -.233E+02  -.200E+04   .000E+00  -.808E+02     283
   284.00000  -.158E+02   .000E+00  -.228E+02   .000E+00  -.233E+02  -.180E+04   .000E+00  -.816E+02     284
   285.00000  -.158E+02   .000E+00  -.228E+02   .000E+00  -.234E+02  -.820E+03   .000E+00  -.825E+02     285
   286.00000  -.157E+02   .000E+00  -.227E+02   .000E+00  -.235E+02  -.200E+04   .000E+00  -.833E+02     286
   287.00000  -.156E+02   .000E+00  -.227E+02   .000E+00  -.235E+02  -.200E+04   .000E+00  -.842E+02     287
   288.00000  -.155E+02   .000E+00  -.226E+02   .000E+00  -.236E+02  -.200E+04   .000E+00  -.851E+02     288
   289.00000  -.155E+02   .000E+00  -.226E+02   .000E+00  -.237E+02  -.200E+04   .000E+00  -.860E+02     289
   290.00000  -.154E+02   .000E+00  -.226E+02   .000E+00  -.237E+02  -.138E+04   .000E+00  -.869E+02     290
   291.00000  -.154E+02   .000E+00  -.225E+02   .000E+00  -.238E+02  -.163E+04   .000E+00  -.878E+02     291
   292.00000  -.153E+02   .000E+00  -.225E+02   .000E+00  -.238E+02  -.200E+04   .000E+00  -.887E+02     292
   293.00000  -.154E+02   .000E+00  -.226E+02   .000E+00  -.239E+02  -.233E+03   .000E+00  -.895E+02     293
   294.00000  -.162E+02   .000E+00  -.233E+02   .000E+00  -.239E+02  -.576E+02   .000E+00  -.904E+02     294
   295.00000  -.165E+02   .000E+00  -.237E+02   .000E+00  -.240E+02  -.672E+02   .000E+00  -.913E+02     295
   296.00000  -.169E+02   .000E+00  -.241E+02   .000E+00  -.240E+02  -.579E+02   .000E+00  -.921E+02     296
   297.00000  -.169E+02   .000E+00  -.240E+02   .000E+00  -.241E+02  -.857E+02   .000E+00  -.930E+02     297
   298.00000  -.168E+02   .000E+00  -.240E+02   .000E+00  -.241E+02  -.101E+03   .000E+00  -.938E+02     298
   299.00000  -.168E+02   .000E+00  -.240E+02   .000E+00  -.241E+02  -.110E+03   .000E+00  -.946E+02     299
   300.00000  -.168E+02   .000E+00  -.240E+02   .000E+00  -.242E+02  -.946E+02   .000E+00  -.955E+02     300
end
