 ******* Program HYDRUS
 ******* Transient nonequilibrium physical transport                            
  
 Date:  30.10.    Time:   9:33:55
 Units: L = cm   , T = days , M = mmol 

-----------------------------------------------------
 Time       [T]         .0000
-----------------------------------------------------
 Sub-region num.                   1
-----------------------------------------------------
 Area     [L]         .100E+03   .100E+03
 W-volume [L]         .243E+02   .243E+02
 In-flow  [L/T]       .000E+00   .000E+00
 h Mean   [L]        -.100E+03  -.100E+03
 ConcVol  [M/L2] 1    .386E-05   .386E-05
 cMean    [M/L3] 1    .200E-06   .200E-06
 ConcVolIm[M/L2] 1    .100E-05   .100E-05
 cMeanIm  [M/L3] 1    .20021E-06   .20021E-06
 ConcVol  [M/L2] 2    .193E-05   .193E-05
 cMean    [M/L3] 2    .100E-06   .100E-06
 ConcVolIm[M/L2] 2    .501E-06   .501E-06
 cMeanIm  [M/L3] 2    .10016E-06   .10016E-06
 ConcVol  [M/L2] 3    .000E+00   .000E+00
 cMean    [M/L3] 3    .000E+00   .000E+00
 ConcVolIm[M/L2] 3    .000E+00   .000E+00
 cMeanIm  [M/L3] 3    .00000E+00   .00000E+00
 Top Flux [L/T]      -.355E-01
 Bot Flux [L/T]      -.355E-01
-----------------------------------------------------

-----------------------------------------------------
 Time       [T]       10.0000
-----------------------------------------------------
 Sub-region num.                   1
-----------------------------------------------------
 Area     [L]         .100E+03   .100E+03
 W-volume [L]         .242E+02   .242E+02
 In-flow  [L/T]       .846E-01   .846E-01
 h Mean   [L]        -.101E+03  -.101E+03
 ConcVol  [M/L2] 1    .382E-04   .382E-04
 cMean    [M/L3] 1    .193E-05   .193E-05
 ConcVolIm[M/L2] 1    .556E-05   .556E-05
 cMeanIm  [M/L3] 1    .11115E-05   .11115E-05
 ConcVol  [M/L2] 2    .190E-05   .190E-05
 cMean    [M/L3] 2    .988E-07   .988E-07
 ConcVolIm[M/L2] 2    .498E-06   .498E-06
 cMeanIm  [M/L3] 2    .99542E-07   .99542E-07
 ConcVol  [M/L2] 3    .344E-04   .344E-04
 cMean    [M/L3] 3    .174E-05   .174E-05
 ConcVolIm[M/L2] 3    .456E-05   .456E-05
 cMeanIm  [M/L3] 3    .91252E-06   .91252E-06
 Top Flux [L/T]      -.117E+00
 Bot Flux [L/T]      -.354E-01
 WatBalT  [L]        -.243E-12
 WatBalR  [%]             .000
 CncBalT  [M]    1    .177E-08
 CncBalR  [%]    1        .005
 CncBalT  [M]    2   -.177E-11
 CncBalR  [%]    2        .000
 CncBalT  [M]    3    .177E-08
 CncBalR  [%]    3        .005
-----------------------------------------------------

-----------------------------------------------------
 Time       [T]       30.0000
-----------------------------------------------------
 Sub-region num.                   1
-----------------------------------------------------
 Area     [L]         .100E+03   .100E+03
 W-volume [L]         .275E+02   .275E+02
 In-flow  [L/T]      -.232E-01  -.232E-01
 h Mean   [L]        -.691E+02  -.691E+02
 ConcVol  [M/L2] 1    .404E-03   .404E-03
 cMean    [M/L3] 1    .173E-04   .173E-04
 ConcVolIm[M/L2] 1    .720E-04   .720E-04
 cMeanIm  [M/L3] 1    .14400E-04   .14400E-04
 ConcVol  [M/L2] 2    .188E-05   .188E-05
 cMean    [M/L3] 2    .842E-07   .842E-07
 ConcVolIm[M/L2] 2    .435E-06   .435E-06
 cMeanIm  [M/L3] 2    .87098E-07   .87098E-07
 ConcVol  [M/L2] 3    .400E-03   .400E-03
 cMean    [M/L3] 3    .172E-04   .172E-04
 ConcVolIm[M/L2] 3    .711E-04   .711E-04
 cMeanIm  [M/L3] 3    .14226E-04   .14226E-04
 Top Flux [L/T]      -.325E-01
 Bot Flux [L/T]      -.544E-01
 WatBalT  [L]        -.338E-12
 WatBalR  [%]             .000
 CncBalT  [M]    1    .269E-08
 CncBalR  [%]    1        .001
 CncBalT  [M]    2    .456E-09
 CncBalR  [%]    2        .000
 CncBalT  [M]    3    .177E-08
 CncBalR  [%]    3        .000
-----------------------------------------------------

-----------------------------------------------------
 Time       [T]       50.0000
-----------------------------------------------------
 Sub-region num.                   1
-----------------------------------------------------
 Area     [L]         .100E+03   .100E+03
 W-volume [L]         .269E+02   .269E+02
 In-flow  [L/T]      -.177E+00  -.177E+00
 h Mean   [L]        -.737E+02  -.737E+02
 ConcVol  [M/L2] 1    .564E-03   .564E-03
 cMean    [M/L3] 1    .273E-04   .273E-04
 ConcVolIm[M/L2] 1    .129E-03   .129E-03
 cMeanIm  [M/L3] 1    .25767E-04   .25767E-04
 ConcVol  [M/L2] 2    .172E-05   .172E-05
 cMean    [M/L3] 2    .770E-07   .770E-07
 ConcVolIm[M/L2] 2    .389E-06   .389E-06
 cMeanIm  [M/L3] 2    .77775E-07   .77775E-07
 ConcVol  [M/L2] 3    .560E-03   .560E-03
 cMean    [M/L3] 3    .272E-04   .272E-04
 ConcVolIm[M/L2] 3    .128E-03   .128E-03
 cMeanIm  [M/L3] 3    .25612E-04   .25612E-04
 Top Flux [L/T]       .482E-01
 Bot Flux [L/T]      -.127E+00
 WatBalT  [L]        -.313E-12
 WatBalR  [%]             .000
 CncBalT  [M]    1    .766E-08
 CncBalR  [%]    1        .001
 CncBalT  [M]    2    .175E-08
 CncBalR  [%]    2        .000
 CncBalT  [M]    3    .416E-08
 CncBalR  [%]    3        .001
-----------------------------------------------------

-----------------------------------------------------
 Time       [T]      100.0000
-----------------------------------------------------
 Sub-region num.                   1
-----------------------------------------------------
 Area     [L]         .100E+03   .100E+03
 W-volume [L]         .286E+02   .286E+02
 In-flow  [L/T]       .189E-01   .189E-01
 h Mean   [L]        -.617E+02  -.617E+02
 ConcVol  [M/L2] 1    .573E-03   .573E-03
 cMean    [M/L3] 1    .230E-04   .230E-04
 ConcVolIm[M/L2] 1    .120E-03   .120E-03
 cMeanIm  [M/L3] 1    .23901E-04   .23901E-04
 ConcVol  [M/L2] 2    .218E-05   .218E-05
 cMean    [M/L3] 2    .928E-07   .928E-07
 ConcVolIm[M/L2] 2    .458E-06   .458E-06
 cMeanIm  [M/L3] 2    .91644E-07   .91644E-07
 ConcVol  [M/L2] 3    .569E-03   .569E-03
 cMean    [M/L3] 3    .228E-04   .228E-04
 ConcVolIm[M/L2] 3    .119E-03   .119E-03
 cMeanIm  [M/L3] 3    .23723E-04   .23723E-04
 Top Flux [L/T]      -.728E-01
 Bot Flux [L/T]      -.524E-01
 WatBalT  [L]        -.510E-12
 WatBalR  [%]             .000
 CncBalT  [M]    1    .937E-07
 CncBalR  [%]    1        .014
 CncBalT  [M]    2    .348E-09
 CncBalR  [%]    2        .000
 CncBalT  [M]    3    .930E-07
 CncBalR  [%]    3        .013
-----------------------------------------------------

-----------------------------------------------------
 Time       [T]      200.0000
-----------------------------------------------------
 Sub-region num.                   1
-----------------------------------------------------
 Area     [L]         .100E+03   .100E+03
 W-volume [L]         .267E+02   .267E+02
 In-flow  [L/T]      -.312E+00  -.312E+00
 h Mean   [L]        -.945E+02  -.945E+02
 ConcVol  [M/L2] 1    .504E-03   .504E-03
 cMean    [M/L3] 1    .225E-04   .225E-04
 ConcVolIm[M/L2] 1    .111E-03   .111E-03
 cMeanIm  [M/L3] 1    .22166E-04   .22166E-04
 ConcVol  [M/L2] 2    .301E-05   .301E-05
 cMean    [M/L3] 2    .150E-06   .150E-06
 ConcVolIm[M/L2] 2    .709E-06   .709E-06
 cMeanIm  [M/L3] 2    .14175E-06   .14175E-06
 ConcVol  [M/L2] 3    .498E-03   .498E-03
 cMean    [M/L3] 3    .222E-04   .222E-04
 ConcVolIm[M/L2] 3    .109E-03   .109E-03
 cMeanIm  [M/L3] 3    .21886E-04   .21886E-04
 Top Flux [L/T]       .108E+00
 Bot Flux [L/T]      -.204E+00
 WatBalT  [L]        -.751E-12
 WatBalR  [%]             .000
 CncBalT  [M]    1    .312E-05
 CncBalR  [%]    1        .399
 CncBalT  [M]    2    .713E-09
 CncBalR  [%]    2        .000
 CncBalT  [M]    3    .312E-05
 CncBalR  [%]    3        .403
-----------------------------------------------------

-----------------------------------------------------
 Time       [T]      300.0000
-----------------------------------------------------
 Sub-region num.                   1
-----------------------------------------------------
 Area     [L]         .100E+03   .100E+03
 W-volume [L]         .241E+02   .241E+02
 In-flow  [L/T]       .304E-01   .304E-01
 h Mean   [L]        -.102E+03  -.102E+03
 ConcVol  [M/L2] 1    .311E-03   .311E-03
 cMean    [M/L3] 1    .163E-04   .163E-04
 ConcVolIm[M/L2] 1    .823E-04   .823E-04
 cMeanIm  [M/L3] 1    .16452E-04   .16452E-04
 ConcVol  [M/L2] 2    .342E-05   .342E-05
 cMean    [M/L3] 2    .179E-06   .179E-06
 ConcVolIm[M/L2] 2    .904E-06   .904E-06
 cMeanIm  [M/L3] 2    .18082E-06   .18082E-06
 ConcVol  [M/L2] 3    .304E-03   .304E-03
 cMean    [M/L3] 3    .159E-04   .159E-04
 ConcVolIm[M/L2] 3    .805E-04   .805E-04
 cMeanIm  [M/L3] 3    .16093E-04   .16093E-04
 Top Flux [L/T]      -.679E-01
 Bot Flux [L/T]      -.392E-01
 WatBalT  [L]        -.105E-11
 WatBalR  [%]             .000
 CncBalT  [M]    1    .344E-05
 CncBalR  [%]    1        .341
 CncBalT  [M]    2    .172E-08
 CncBalR  [%]    2        .001
 CncBalT  [M]    3    .344E-05
 CncBalR  [%]    3        .345
-----------------------------------------------------
