 ******* Program HYDRUS
 ******* Transient nonequilibrium physical transport                            
  
 Date:  30.10.    Time:   9:33:55
 Units: L = cm   , T = days , M = mmol 
 
 CosAlf,MaxIt,TolTh,  TolH
 1.000   10    .001 1.00000
 
 TopInF,BotInF,AtmBC,SinkF,WLayer,qGWLF,FreeD,SeepF,lWat,lChem,lTemp,lRoot,lWDep
 
     T     F     T     F     F     F     T     F     T     T     F     F     F

Nodal point information

node      x         hOld    MatN LayN  Beta      Ah       AK      ATh     Temp    Conc(1...NS)         Sorb(1...NS)

   1       .000   -100.000    1    1    .000    1.000    1.000    1.000   25.00   .1001E+04   .2001E+04
   2     -1.000   -100.000    1    1    .000    1.000    1.000    1.000   25.00   .1001E+04   .2001E+04
   3     -2.000   -100.000    1    1    .000    1.000    1.000    1.000   25.00   .1001E+04   .2001E+04
   4     -3.000   -100.000    1    1    .000    1.000    1.000    1.000   25.00   .1001E+04   .2001E+04
   5     -4.000   -100.000    1    1    .000    1.000    1.000    1.000   25.00   .1001E+04   .2001E+04
   6     -5.000   -100.000    1    1    .000    1.000    1.000    1.000   25.00   .1001E+04   .2001E+04
   7     -6.000   -100.000    1    1    .000    1.000    1.000    1.000   25.00   .1001E+04   .2001E+04
   8     -7.000   -100.000    1    1    .000    1.000    1.000    1.000   25.00   .1001E+04   .2001E+04
   9     -8.000   -100.000    1    1    .000    1.000    1.000    1.000   25.00   .1001E+04   .2001E+04
  10     -9.000   -100.000    1    1    .000    1.000    1.000    1.000   25.00   .1001E+04   .2001E+04
  11    -10.000   -100.000    1    1    .000    1.000    1.000    1.000   25.00   .1001E+04   .2001E+04
  12    -11.000   -100.000    1    1    .000    1.000    1.000    1.000   25.00   .1001E+04   .2001E+04
  13    -12.000   -100.000    1    1    .000    1.000    1.000    1.000   25.00   .1001E+04   .2001E+04
  14    -13.000   -100.000    1    1    .000    1.000    1.000    1.000   25.00   .1001E+04   .2001E+04
  15    -14.000   -100.000    1    1    .000    1.000    1.000    1.000   25.00   .1001E+04   .2001E+04
  16    -15.000   -100.000    1    1    .000    1.000    1.000    1.000   25.00   .1001E+04   .2001E+04
  17    -16.000   -100.000    1    1    .000    1.000    1.000    1.000   25.00   .1001E+04   .2001E+04
  18    -17.000   -100.000    1    1    .000    1.000    1.000    1.000   25.00   .1001E+04   .2001E+04
  19    -18.000   -100.000    1    1    .000    1.000    1.000    1.000   25.00   .1001E+04   .2001E+04
  20    -19.000   -100.000    1    1    .000    1.000    1.000    1.000   25.00   .1001E+04   .2001E+04
  21    -20.000   -100.000    1    1    .000    1.000    1.000    1.000   25.00   .1001E+04   .2001E+04
  22    -21.000   -100.000    1    1    .000    1.000    1.000    1.000   25.00   .1001E+04   .2001E+04
  23    -22.000   -100.000    1    1    .000    1.000    1.000    1.000   25.00   .1001E+04   .2001E+04
  24    -23.000   -100.000    1    1    .000    1.000    1.000    1.000   25.00   .1001E+04   .2001E+04
  25    -24.000   -100.000    1    1    .000    1.000    1.000    1.000   25.00   .1001E+04   .2001E+04
  26    -25.000   -100.000    1    1    .000    1.000    1.000    1.000   25.00   .1001E+04   .2001E+04
  27    -26.000   -100.000    1    1    .000    1.000    1.000    1.000   25.00   .1001E+04   .2001E+04
  28    -27.000   -100.000    1    1    .000    1.000    1.000    1.000   25.00   .1001E+04   .2001E+04
  29    -28.000   -100.000    1    1    .000    1.000    1.000    1.000   25.00   .1001E+04   .2001E+04
  30    -29.000   -100.000    1    1    .000    1.000    1.000    1.000   25.00   .1001E+04   .2001E+04
  31    -30.000   -100.000    1    1    .000    1.000    1.000    1.000   25.00   .1001E+04   .2001E+04
  32    -31.000   -100.000    1    1    .000    1.000    1.000    1.000   25.00   .1001E+04   .2001E+04
  33    -32.000   -100.000    1    1    .000    1.000    1.000    1.000   25.00   .1001E+04   .2001E+04
  34    -33.000   -100.000    1    1    .000    1.000    1.000    1.000   25.00   .1001E+04   .2001E+04
  35    -34.000   -100.000    1    1    .000    1.000    1.000    1.000   25.00   .1001E+04   .2001E+04
  36    -35.000   -100.000    1    1    .000    1.000    1.000    1.000   25.00   .1001E+04   .2001E+04
  37    -36.000   -100.000    1    1    .000    1.000    1.000    1.000   25.00   .1001E+04   .2001E+04
  38    -37.000   -100.000    1    1    .000    1.000    1.000    1.000   25.00   .1001E+04   .2001E+04
  39    -38.000   -100.000    1    1    .000    1.000    1.000    1.000   25.00   .1001E+04   .2001E+04
  40    -39.000   -100.000    1    1    .000    1.000    1.000    1.000   25.00   .1001E+04   .2001E+04
  41    -40.000   -100.000    1    1    .000    1.000    1.000    1.000   25.00   .1001E+04   .2001E+04
  42    -41.000   -100.000    1    1    .000    1.000    1.000    1.000   25.00   .1001E+04   .2001E+04
  43    -42.000   -100.000    1    1    .000    1.000    1.000    1.000   25.00   .1001E+04   .2001E+04
  44    -43.000   -100.000    1    1    .000    1.000    1.000    1.000   25.00   .1001E+04   .2001E+04
  45    -44.000   -100.000    1    1    .000    1.000    1.000    1.000   25.00   .1001E+04   .2001E+04
  46    -45.000   -100.000    1    1    .000    1.000    1.000    1.000   25.00   .1001E+04   .2001E+04
  47    -46.000   -100.000    1    1    .000    1.000    1.000    1.000   25.00   .1001E+04   .2001E+04
  48    -47.000   -100.000    1    1    .000    1.000    1.000    1.000   25.00   .1001E+04   .2001E+04
  49    -48.000   -100.000    1    1    .000    1.000    1.000    1.000   25.00   .1001E+04   .2001E+04
  50    -49.000   -100.000    1    1    .000    1.000    1.000    1.000   25.00   .1001E+04   .2001E+04
  51    -50.000   -100.000    1    1    .000    1.000    1.000    1.000   25.00   .1001E+04   .2001E+04
  52    -51.000   -100.000    1    1    .000    1.000    1.000    1.000   25.00   .1001E+04   .2001E+04
  53    -52.000   -100.000    1    1    .000    1.000    1.000    1.000   25.00   .1001E+04   .2001E+04
  54    -53.000   -100.000    1    1    .000    1.000    1.000    1.000   25.00   .1001E+04   .2001E+04
  55    -54.000   -100.000    1    1    .000    1.000    1.000    1.000   25.00   .1001E+04   .2001E+04
  56    -55.000   -100.000    1    1    .000    1.000    1.000    1.000   25.00   .1001E+04   .2001E+04
  57    -56.000   -100.000    1    1    .000    1.000    1.000    1.000   25.00   .1001E+04   .2001E+04
  58    -57.000   -100.000    1    1    .000    1.000    1.000    1.000   25.00   .1001E+04   .2001E+04
  59    -58.000   -100.000    1    1    .000    1.000    1.000    1.000   25.00   .1001E+04   .2001E+04
  60    -59.000   -100.000    1    1    .000    1.000    1.000    1.000   25.00   .1001E+04   .2001E+04
  61    -60.000   -100.000    1    1    .000    1.000    1.000    1.000   25.00   .1001E+04   .2001E+04
  62    -61.000   -100.000    1    1    .000    1.000    1.000    1.000   25.00   .1001E+04   .2001E+04
  63    -62.000   -100.000    1    1    .000    1.000    1.000    1.000   25.00   .1001E+04   .2001E+04
  64    -63.000   -100.000    1    1    .000    1.000    1.000    1.000   25.00   .1001E+04   .2001E+04
  65    -64.000   -100.000    1    1    .000    1.000    1.000    1.000   25.00   .1001E+04   .2001E+04
  66    -65.000   -100.000    1    1    .000    1.000    1.000    1.000   25.00   .1001E+04   .2001E+04
  67    -66.000   -100.000    1    1    .000    1.000    1.000    1.000   25.00   .1001E+04   .2001E+04
  68    -67.000   -100.000    1    1    .000    1.000    1.000    1.000   25.00   .1001E+04   .2001E+04
  69    -68.000   -100.000    1    1    .000    1.000    1.000    1.000   25.00   .1001E+04   .2001E+04
  70    -69.000   -100.000    1    1    .000    1.000    1.000    1.000   25.00   .1001E+04   .2001E+04
  71    -70.000   -100.000    1    1    .000    1.000    1.000    1.000   25.00   .1001E+04   .2001E+04
  72    -71.000   -100.000    1    1    .000    1.000    1.000    1.000   25.00   .1001E+04   .2001E+04
  73    -72.000   -100.000    1    1    .000    1.000    1.000    1.000   25.00   .1001E+04   .2001E+04
  74    -73.000   -100.000    1    1    .000    1.000    1.000    1.000   25.00   .1001E+04   .2001E+04
  75    -74.000   -100.000    1    1    .000    1.000    1.000    1.000   25.00   .1001E+04   .2001E+04
  76    -75.000   -100.000    1    1    .000    1.000    1.000    1.000   25.00   .1001E+04   .2001E+04
  77    -76.000   -100.000    1    1    .000    1.000    1.000    1.000   25.00   .1001E+04   .2001E+04
  78    -77.000   -100.000    1    1    .000    1.000    1.000    1.000   25.00   .1001E+04   .2001E+04
  79    -78.000   -100.000    1    1    .000    1.000    1.000    1.000   25.00   .1001E+04   .2001E+04
  80    -79.000   -100.000    1    1    .000    1.000    1.000    1.000   25.00   .1001E+04   .2001E+04
  81    -80.000   -100.000    1    1    .000    1.000    1.000    1.000   25.00   .1001E+04   .2001E+04
  82    -81.000   -100.000    1    1    .000    1.000    1.000    1.000   25.00   .1001E+04   .2001E+04
  83    -82.000   -100.000    1    1    .000    1.000    1.000    1.000   25.00   .1001E+04   .2001E+04
  84    -83.000   -100.000    1    1    .000    1.000    1.000    1.000   25.00   .1001E+04   .2001E+04
  85    -84.000   -100.000    1    1    .000    1.000    1.000    1.000   25.00   .1001E+04   .2001E+04
  86    -85.000   -100.000    1    1    .000    1.000    1.000    1.000   25.00   .1001E+04   .2001E+04
  87    -86.000   -100.000    1    1    .000    1.000    1.000    1.000   25.00   .1001E+04   .2001E+04
  88    -87.000   -100.000    1    1    .000    1.000    1.000    1.000   25.00   .1001E+04   .2001E+04
  89    -88.000   -100.000    1    1    .000    1.000    1.000    1.000   25.00   .1001E+04   .2001E+04
  90    -89.000   -100.000    1    1    .000    1.000    1.000    1.000   25.00   .1001E+04   .2001E+04
  91    -90.000   -100.000    1    1    .000    1.000    1.000    1.000   25.00   .1001E+04   .2001E+04
  92    -91.000   -100.000    1    1    .000    1.000    1.000    1.000   25.00   .1001E+04   .2001E+04
  93    -92.000   -100.000    1    1    .000    1.000    1.000    1.000   25.00   .1001E+04   .2001E+04
  94    -93.000   -100.000    1    1    .000    1.000    1.000    1.000   25.00   .1001E+04   .2001E+04
  95    -94.000   -100.000    1    1    .000    1.000    1.000    1.000   25.00   .1001E+04   .2001E+04
  96    -95.000   -100.000    1    1    .000    1.000    1.000    1.000   25.00   .1001E+04   .2001E+04
  97    -96.000   -100.000    1    1    .000    1.000    1.000    1.000   25.00   .1001E+04   .2001E+04
  98    -97.000   -100.000    1    1    .000    1.000    1.000    1.000   25.00   .1001E+04   .2001E+04
  99    -98.000   -100.000    1    1    .000    1.000    1.000    1.000   25.00   .1001E+04   .2001E+04
 100    -99.000   -100.000    1    1    .000    1.000    1.000    1.000   25.00   .1001E+04   .2001E+04
 101   -100.000   -100.000    1    1    .000    1.000    1.000    1.000   25.00   .1001E+04   .2001E+04
end

 Number of species in the chain :   1


MatNum, Param. array:

   Mat     Qr     Qs        Alfa         n          Ks      l

    1     .078   .430    .360E-01    .156E+01    .250E+02   .500

       Table of Hydraulic Properties which are interpolated in simulation
       =================================================================

  theta         h        log h        C             K        log K          S
 
   .4300   -.100E-05  -.6000E+01   .4815E-06   .2496E+02   .1397E+01    1.0000
   .4300   -.126E-05  -.5899E+01   .5484E-06   .2496E+02   .1397E+01    1.0000
   .4300   -.159E-05  -.5798E+01   .6247E-06   .2496E+02   .1397E+01    1.0000
   .4300   -.201E-05  -.5697E+01   .7116E-06   .2495E+02   .1397E+01    1.0000
   .4300   -.254E-05  -.5596E+01   .8106E-06   .2495E+02   .1397E+01    1.0000
   .4300   -.320E-05  -.5495E+01   .9234E-06   .2495E+02   .1397E+01    1.0000
   .4300   -.404E-05  -.5394E+01   .1052E-05   .2495E+02   .1397E+01    1.0000
   .4300   -.509E-05  -.5293E+01   .1198E-05   .2495E+02   .1397E+01    1.0000
   .4300   -.643E-05  -.5192E+01   .1365E-05   .2495E+02   .1397E+01    1.0000
   .4300   -.811E-05  -.5091E+01   .1555E-05   .2495E+02   .1397E+01    1.0000
   .4300   -.102E-04  -.4990E+01   .1771E-05   .2495E+02   .1397E+01    1.0000
   .4300   -.129E-04  -.4889E+01   .2017E-05   .2495E+02   .1397E+01    1.0000
   .4300   -.163E-04  -.4788E+01   .2298E-05   .2494E+02   .1397E+01    1.0000
   .4300   -.206E-04  -.4687E+01   .2618E-05   .2494E+02   .1397E+01    1.0000
   .4300   -.260E-04  -.4586E+01   .2982E-05   .2494E+02   .1397E+01    1.0000
   .4300   -.327E-04  -.4485E+01   .3397E-05   .2494E+02   .1397E+01    1.0000
   .4300   -.413E-04  -.4384E+01   .3869E-05   .2493E+02   .1397E+01    1.0000
   .4300   -.521E-04  -.4283E+01   .4407E-05   .2493E+02   .1397E+01    1.0000
   .4300   -.658E-04  -.4182E+01   .5020E-05   .2492E+02   .1397E+01    1.0000
   .4300   -.830E-04  -.4081E+01   .5719E-05   .2492E+02   .1397E+01    1.0000
   .4300   -.105E-03  -.3980E+01   .6514E-05   .2491E+02   .1396E+01    1.0000
   .4300   -.132E-03  -.3879E+01   .7421E-05   .2491E+02   .1396E+01    1.0000
   .4300   -.167E-03  -.3778E+01   .8453E-05   .2490E+02   .1396E+01    1.0000
   .4300   -.210E-03  -.3677E+01   .9629E-05   .2489E+02   .1396E+01    1.0000
   .4300   -.266E-03  -.3576E+01   .1097E-04   .2488E+02   .1396E+01    1.0000
   .4300   -.335E-03  -.3475E+01   .1249E-04   .2487E+02   .1396E+01    1.0000
   .4300   -.423E-03  -.3374E+01   .1423E-04   .2486E+02   .1396E+01    1.0000
   .4300   -.534E-03  -.3273E+01   .1621E-04   .2485E+02   .1395E+01    1.0000
   .4300   -.673E-03  -.3172E+01   .1847E-04   .2483E+02   .1395E+01    1.0000
   .4300   -.850E-03  -.3071E+01   .2104E-04   .2481E+02   .1395E+01    1.0000
   .4300   -.107E-02  -.2970E+01   .2396E-04   .2479E+02   .1394E+01    1.0000
   .4300   -.135E-02  -.2869E+01   .2730E-04   .2477E+02   .1394E+01    1.0000
   .4300   -.171E-02  -.2768E+01   .3109E-04   .2474E+02   .1393E+01    1.0000
   .4300   -.215E-02  -.2667E+01   .3542E-04   .2471E+02   .1393E+01    1.0000
   .4300   -.272E-02  -.2566E+01   .4035E-04   .2468E+02   .1392E+01    1.0000
   .4300   -.343E-02  -.2465E+01   .4596E-04   .2464E+02   .1392E+01    1.0000
   .4300   -.433E-02  -.2364E+01   .5235E-04   .2459E+02   .1391E+01    1.0000
   .4300   -.546E-02  -.2263E+01   .5963E-04   .2454E+02   .1390E+01    1.0000
   .4300   -.689E-02  -.2162E+01   .6793E-04   .2448E+02   .1389E+01    1.0000
   .4300   -.870E-02  -.2061E+01   .7738E-04   .2442E+02   .1388E+01    1.0000
   .4300   -.110E-01  -.1960E+01   .8814E-04   .2434E+02   .1386E+01    1.0000
   .4300   -.138E-01  -.1859E+01   .1004E-03   .2426E+02   .1385E+01    1.0000
   .4300   -.175E-01  -.1758E+01   .1144E-03   .2416E+02   .1383E+01    1.0000
   .4300   -.221E-01  -.1657E+01   .1303E-03   .2405E+02   .1381E+01    1.0000
   .4300   -.278E-01  -.1556E+01   .1484E-03   .2393E+02   .1379E+01    1.0000
   .4300   -.351E-01  -.1455E+01   .1690E-03   .2378E+02   .1376E+01    1.0000
   .4300   -.443E-01  -.1354E+01   .1926E-03   .2362E+02   .1373E+01    1.0000
   .4300   -.559E-01  -.1253E+01   .2193E-03   .2344E+02   .1370E+01    1.0000
   .4300   -.705E-01  -.1152E+01   .2498E-03   .2323E+02   .1366E+01    1.0000
   .4300   -.890E-01  -.1051E+01   .2846E-03   .2300E+02   .1362E+01    1.0000
   .4300   -.112E+00  -.9495E+00   .3241E-03   .2273E+02   .1357E+01     .9999
   .4300   -.142E+00  -.8485E+00   .3692E-03   .2243E+02   .1351E+01     .9999
   .4300   -.179E+00  -.7475E+00   .4205E-03   .2209E+02   .1344E+01     .9999
   .4299   -.226E+00  -.6465E+00   .4789E-03   .2170E+02   .1336E+01     .9998
   .4299   -.285E+00  -.5455E+00   .5453E-03   .2127E+02   .1328E+01     .9997
   .4299   -.359E+00  -.4444E+00   .6209E-03   .2077E+02   .1318E+01     .9996
   .4298   -.453E+00  -.3434E+00   .7068E-03   .2022E+02   .1306E+01     .9994
   .4297   -.572E+00  -.2424E+00   .8043E-03   .1960E+02   .1292E+01     .9992
   .4296   -.722E+00  -.1414E+00   .9149E-03   .1891E+02   .1277E+01     .9988
   .4294   -.911E+00  -.4040E-01   .1040E-02   .1813E+02   .1258E+01     .9983
   .4291   -.115E+01   .6061E-01   .1181E-02   .1727E+02   .1237E+01     .9975
   .4287   -.145E+01   .1616E+00   .1340E-02   .1632E+02   .1213E+01     .9964
   .4282   -.183E+01   .2626E+00   .1518E-02   .1527E+02   .1184E+01     .9949
   .4274   -.231E+01   .3636E+00   .1714E-02   .1412E+02   .1150E+01     .9927
   .4263   -.292E+01   .4646E+00   .1930E-02   .1287E+02   .1110E+01     .9896
   .4248   -.368E+01   .5657E+00   .2161E-02   .1154E+02   .1062E+01     .9851
   .4226   -.464E+01   .6667E+00   .2403E-02   .1013E+02   .1006E+01     .9789
   .4195   -.586E+01   .7677E+00   .2646E-02   .8682E+01   .9386E+00     .9701
   .4152   -.739E+01   .8687E+00   .2875E-02   .7218E+01   .8584E+00     .9581
   .4095   -.933E+01   .9697E+00   .3068E-02   .5791E+01   .7627E+00     .9417
   .4018   -.118E+02   .1071E+01   .3198E-02   .4454E+01   .6487E+00     .9199
   .3919   -.148E+02   .1172E+01   .3237E-02   .3264E+01   .5137E+00     .8916
   .3794   -.187E+02   .1273E+01   .3162E-02   .2266E+01   .3552E+00     .8562
   .3643   -.236E+02   .1374E+01   .2967E-02   .1484E+01   .1715E+00     .8134
   .3469   -.298E+02   .1475E+01   .2664E-02   .9164E+00  -.3792E-01     .7638
   .3276   -.376E+02   .1576E+01   .2288E-02   .5342E+00  -.2723E+00     .7090
   .3071   -.475E+02   .1677E+01   .1884E-02   .2955E+00  -.5295E+00     .6507
   .2862   -.599E+02   .1778E+01   .1494E-02   .1561E+00  -.8066E+00     .5914
   .2656   -.756E+02   .1879E+01   .1148E-02   .7940E-01  -.1100E+01     .5330
   .2459   -.955E+02   .1980E+01   .8598E-03   .3919E-01  -.1407E+01     .4771
   .2275   -.120E+03   .2081E+01   .6311E-03   .1890E-01  -.1724E+01     .4248
   .2106   -.152E+03   .2182E+01   .4564E-03   .8955E-02  -.2048E+01     .3767
   .1953   -.192E+03   .2283E+01   .3264E-03   .4190E-02  -.2378E+01     .3331
   .1815   -.242E+03   .2384E+01   .2315E-03   .1943E-02  -.2712E+01     .2940
   .1692   -.305E+03   .2485E+01   .1633E-03   .8949E-03  -.3048E+01     .2590
   .1582   -.385E+03   .2586E+01   .1147E-03   .4103E-03  -.3387E+01     .2279
   .1486   -.486E+03   .2687E+01   .8034E-04   .1875E-03  -.3727E+01     .2005
   .1400   -.614E+03   .2788E+01   .5616E-04   .8547E-04  -.4068E+01     .1762
   .1325   -.774E+03   .2889E+01   .3920E-04   .3891E-04  -.4410E+01     .1548
   .1259   -.977E+03   .2990E+01   .2733E-04   .1769E-04  -.4752E+01     .1360
   .1200   -.123E+04   .3091E+01   .1905E-04   .8036E-05  -.5095E+01     .1194
   .1149   -.156E+04   .3192E+01   .1326E-04   .3649E-05  -.5438E+01     .1049
   .1104   -.196E+04   .3293E+01   .9236E-05   .1656E-05  -.5781E+01     .0921
   .1065   -.248E+04   .3394E+01   .6429E-05   .7515E-06  -.6124E+01     .0809
   .1030   -.313E+04   .3495E+01   .4474E-05   .3410E-06  -.6467E+01     .0710
   .0999   -.394E+04   .3596E+01   .3113E-05   .1547E-06  -.6811E+01     .0623
   .0973   -.498E+04   .3697E+01   .2166E-05   .7015E-07  -.7154E+01     .0547
   .0949   -.628E+04   .3798E+01   .1507E-05   .3182E-07  -.7497E+01     .0480
   .0928   -.792E+04   .3899E+01   .1049E-05   .1443E-07  -.7841E+01     .0422
   .0910   -.100E+05   .4000E+01   .7297E-06   .6544E-08  -.8184E+01     .0370
end


 Solute transport information
 ============================

 Galerkin finite-element method


 lTDep     cTolA     cTolR   MaxItC
  F     .000E+00     .0000      1


 Mat.     Bulk.D.    DispL    Fraction  Immobile WC
  1       1.5000    8.0000    1.0000     .0500

    Dif.w.      Dif.g.   -------------------------------------------------- ( 1.solute)
   .0000E+00   .0000E+00
 Mat.     KS         Nu         Beta      Henry      SinkL1     SinkS1     SinkG1     SinkL1`    SinkS1`    SinkG1`    SinkL0     SinkS0     SinkG0      Alfa
   1  .0000E+00  .0000E+00  .1000E+01  .0000E+00  .0000E+00  .0000E+00  .0000E+00  .0000E+00  .0000E+00  .0000E+00  .0000E+00  .0000E+00  .0000E+00  .1250E-01

 No adsorption or linear adsorp. isotherm for material  1

 Physical non-equilibrium solute transport with mobile and imobile water.

    Dif.w.      Dif.g.   -------------------------------------------------- ( 2.solute)
   .0000E+00   .0000E+00
 Mat.     KS         Nu         Beta      Henry      SinkL1     SinkS1     SinkG1     SinkL1`    SinkS1`    SinkG1`    SinkL0     SinkS0     SinkG0      Alfa
   1  .0000E+00  .0000E+00  .1000E+01  .0000E+00  .0000E+00  .0000E+00  .0000E+00  .0000E+00  .0000E+00  .0000E+00  .0000E+00  .0000E+00  .0000E+00  .1250E-01

 No adsorption or linear adsorp. isotherm for material  1

 Physical non-equilibrium solute transport with mobile and imobile water.

    Dif.w.      Dif.g.   -------------------------------------------------- ( 3.solute)
   .0000E+00   .0000E+00
 Mat.     KS         Nu         Beta      Henry      SinkL1     SinkS1     SinkG1     SinkL1`    SinkS1`    SinkG1`    SinkL0     SinkS0     SinkG0      Alfa
   1  .0000E+00  .0000E+00  .1000E+01  .0000E+00  .0000E+00  .0000E+00  .0000E+00  .0000E+00  .0000E+00  .0000E+00  .0000E+00  .0000E+00  .0000E+00  .1250E-01

 No adsorption or linear adsorp. isotherm for material  1

 Physical non-equilibrium solute transport with mobile and imobile water.

 kTopCh      cTop(1...NS)
  -1         .000E+00

 kBotCh      cBot(1...NS)
   0         .000E+00

 tPulse =           300.000
