 ******* Program HYDRUS
 ******* Transient nonequilibrium physical transport                            
  
 Date:  30.10.    Time:   9:33:55
 Units: L = cm   , T = days , M = mmol 


  TLevel   Time         dt     ItrW ItrC  ItCum  KodT  KodB Converg Peclet   Courant

        19  .50000E+00  .10309E+00      2      1        38    -4    -5     T      .125      .020
        22  .10000E+01  .25000E+00      2      1        44    -4    -5     T      .125      .050
        24  .15000E+01  .25000E+00      2      1        48    -4    -5     T      .125      .046
        26  .20000E+01  .25000E+00      2      1        52    -4    -5     T      .125      .046
        27  .25000E+01  .50000E+00      2      1        54    -4    -5     T      .125      .092
        28  .30000E+01  .50000E+00      2      1        56    -4    -5     T      .125      .092
        47  .35000E+01  .10309E+00      2      1        94    -4    -5     T      .125      .066
        50  .40000E+01  .25000E+00      2      1       100    -4    -5     T      .125      .157
        69  .45000E+01  .10309E+00      2      1       138    -4    -5     T      .125      .028
        72  .50000E+01  .25000E+00      2      1       144    -4    -5     T      .125      .058
        74  .55000E+01  .25000E+00      2      1       149    -4    -5     T      .125      .046
        76  .60000E+01  .25000E+00      2      1       153    -4    -5     T      .125      .046
        95  .65000E+01  .10309E+00      2      1       191    -4    -5     T      .125      .019
        98  .70000E+01  .25000E+00      2      1       197    -4    -5     T      .125      .046
       117  .75000E+01  .10309E+00      2      1       235    -4    -5     T      .125      .036
       120  .80000E+01  .25000E+00      2      1       241    -4    -5     T      .125      .088
       139  .85000E+01  .10309E+00      2      1       279    -4    -5     T      .125      .019
       142  .90000E+01  .25000E+00      2      1       285    -4    -5     T      .125      .046
       161  .95000E+01  .10309E+00      2      1       323    -4    -5     T      .125      .060
       164  .10000E+02  .25000E+00      2      1       329    -4    -5     T      .125      .145
       183  .10500E+02  .10309E+00      3      1       370    -4    -5     T      .126      .296
       186  .11000E+02  .25000E+00      4      1       380    -4    -5     T      .127      .694
       205  .11500E+02  .10309E+00      2      1       418    -4    -5     T      .125      .153
       208  .12000E+02  .25000E+00      2      1       424    -4    -5     T      .126      .345
       227  .12500E+02  .10309E+00      2      1       462    -4    -5     T      .125      .103
       230  .13000E+02  .25000E+00      2      1       468    -4    -5     T      .126      .203
       232  .13500E+02  .25000E+00      2      1       472    -4    -5     T      .125      .174
       234  .14000E+02  .25000E+00      2      1       476    -4    -5     T      .125      .153
       235  .14500E+02  .50000E+00      2      1       478    -4    -5     T      .126      .277
       236  .15000E+02  .50000E+00      2      1       480    -4    -5     T      .126      .254
       237  .15500E+02  .50000E+00      2      1       482    -4    -5     T      .126      .235
       238  .16000E+02  .50000E+00      2      1       484    -4    -5     T      .126      .219
       239  .16500E+02  .50000E+00      3      1       487    -4    -5     T      .126      .206
       240  .17000E+02  .50000E+00      2      1       489    -4    -5     T      .126      .203
       241  .17500E+02  .50000E+00      4      1       493    -4    -5     T      .125      .186
       242  .18000E+02  .50000E+00      2      1       495    -4    -5     T      .125      .178
       261  .18500E+02  .10309E+00      2      1       534    -4    -5     T      .125      .189
       264  .19000E+02  .25000E+00      3      1       541    -4    -5     T      .126      .446
       283  .19500E+02  .10309E+00      2      1       579    -4    -5     T      .126      .280
       286  .20000E+02  .25000E+00      3      1       586    -4    -5     T      .127      .664
       288  .20500E+02  .25000E+00      3      1       594    -4    -5     T      .126      .308
       290  .21000E+02  .25000E+00      2      1       598    -4    -5     T      .126      .233
       291  .21500E+02  .50000E+00      3      1       601    -4    -5     T      .126      .386
       292  .22000E+02  .50000E+00      2      1       603    -4    -5     T      .126      .339
       293  .22500E+02  .50000E+00      2      1       605    -4    -5     T      .126      .306
       294  .23000E+02  .50000E+00      2      1       607    -4    -5     T      .126      .282
       313  .23500E+02  .10309E+00      2      1       646    -4    -5     T      .126      .254
       316  .24000E+02  .25000E+00      3      1       653    -4    -5     T      .127      .599
       335  .24500E+02  .10309E+00      2      1       691    -4    -5     T      .125      .107
       338  .25000E+02  .25000E+00      2      1       697    -4    -5     T      .126      .208
       357  .25500E+02  .10309E+00      3      1       737    -4    -5     T      .126      .305
       360  .26000E+02  .25000E+00      3      1       745    -4    -5     T      .127      .724
       379  .26500E+02  .10309E+00      2      1       783    -4    -5     T      .125      .182
       382  .27000E+02  .25000E+00      2      1       789    -4    -5     T      .126      .408
       401  .27500E+02  .10309E+00      2      1       827    -4    -5     T      .125      .141
       404  .28000E+02  .25000E+00      2      1       833    -4    -5     T      .126      .297
       423  .28500E+02  .10309E+00      2      1       871    -4    -5     T      .125      .110
       426  .29000E+02  .25000E+00      2      1       877    -4    -5     T      .126      .246
       445  .29500E+02  .10309E+00      2      1       915    -4    -5     T      .125      .095
       448  .30000E+02  .25000E+00      2      1       921    -4    -5     T      .126      .217
       450  .30500E+02  .25000E+00      2      1       925    -4    -5     T      .126      .207
       452  .31000E+02  .25000E+00      2      1       929    -4    -5     T      .126      .197
       471  .31500E+02  .10309E+00      2      1       967    -4    -5     T      .125      .078
       474  .32000E+02  .25000E+00      2      1       973    -4    -5     T      .125      .182
       493  .32500E+02  .10309E+00      2      1      1011    -4    -5     T      .125      .072
       496  .33000E+02  .25000E+00      2      1      1017    -4    -5     T      .125      .170
       515  .33500E+02  .10309E+00      2      1      1055    -4    -5     T      .126      .204
       518  .34000E+02  .25000E+00      2      1      1061    -4    -5     T      .126      .486
       520  .34500E+02  .25000E+00      3      1      1068    -4    -5     T      .126      .205
       522  .35000E+02  .25000E+00      2      1      1072    -4    -5     T      .125      .169
       523  .35500E+02  .50000E+00      2      1      1074    -4    -5     T      .126      .315
       524  .36000E+02  .50000E+00      2      1      1076    -4    -5     T      .126      .309
       543  .36500E+02  .10309E+00      2      1      1114    -4    -5     T      .125      .072
       546  .37000E+02  .25000E+00      2      1      1120    -4    -5     T      .125      .174
       565  .37500E+02  .10309E+00      2      1      1158    -4    -5     T      .126      .218
       568  .38000E+02  .25000E+00      3      1      1165    -4    -5     T      .126      .519
       570  .38500E+02  .25000E+00      3      1      1172    -4    -5     T      .126      .223
       572  .39000E+02  .25000E+00      2      1      1176    -4    -5     T      .125      .179
       573  .39500E+02  .50000E+00      4      1      1180    -4    -5     T      .126      .323
       574  .40000E+02  .50000E+00      2      1      1182    -4    -5     T      .126      .307
       593  .40500E+02  .10309E+00      2      1      1220    -4    -5     T      .125      .063
       596  .41000E+02  .25000E+00      2      1      1226    -4    -5     T      .125      .153
       615  .41500E+02  .10309E+00      2      1      1264    -4    -5     T      .126      .200
       618  .42000E+02  .25000E+00      2      1      1270    -4    -5     T      .126      .476
       637  .42500E+02  .10309E+00      2      1      1308    -4    -5     T      .125      .096
       640  .43000E+02  .25000E+00      2      1      1314    -4    -5     T      .126      .193
       642  .43500E+02  .25000E+00      2      1      1318    -4    -5     T      .125      .174
       644  .44000E+02  .25000E+00      2      1      1322    -4    -5     T      .125      .163
       645  .44500E+02  .50000E+00      2      1      1324    -4    -5     T      .126      .312
       646  .45000E+02  .50000E+00      2      1      1326    -4    -5     T      .126      .304
       647  .45500E+02  .50000E+00      2      1      1328    -4    -5     T      .126      .298
       648  .46000E+02  .50000E+00      2      1      1330    -4    -5     T      .126      .293
       649  .46500E+02  .50000E+00      2      1      1332    -4    -5     T      .126      .290
       650  .47000E+02  .50000E+00      2      1      1334    -4    -5     T      .126      .287
       651  .47500E+02  .50000E+00      3      1      1337    -4    -5     T      .126      .284
       652  .48000E+02  .50000E+00      2      1      1339    -4    -5     T      .126      .282
       653  .48500E+02  .50000E+00      2      1      1341    -4    -5     T      .126      .280
       654  .49000E+02  .50000E+00      2      1      1343    -4    -5     T      .126      .279
       655  .49500E+02  .50000E+00      2      1      1345    -4    -5     T      .126      .278
       656  .50000E+02  .50000E+00      2      1      1347    -4    -5     T      .126      .277
       657  .50500E+02  .50000E+00      2      1      1349    -4    -5     T      .126      .276
       658  .51000E+02  .50000E+00      2      1      1351    -4    -5     T      .126      .275
       659  .51500E+02  .50000E+00      2      1      1353    -4    -5     T      .126      .273
       660  .52000E+02  .50000E+00      2      1      1355    -4    -5     T      .126      .271
       661  .52500E+02  .50000E+00      3      1      1358    -4    -5     T      .126      .269
       662  .53000E+02  .50000E+00      2      1      1360    -4    -5     T      .126      .267
       663  .53500E+02  .50000E+00      2      1      1362    -4    -5     T      .126      .264
       664  .54000E+02  .50000E+00      2      1      1364    -4    -5     T      .126      .261
       665  .54500E+02  .50000E+00      2      1      1366    -4    -5     T      .126      .258
       666  .55000E+02  .50000E+00      2      1      1368    -4    -5     T      .126      .255
       667  .55500E+02  .50000E+00      2      1      1370    -4    -5     T      .126      .252
       668  .56000E+02  .50000E+00      2      1      1372    -4    -5     T      .126      .248
       669  .56500E+02  .50000E+00      2      1      1374    -4    -5     T      .126      .244
       670  .57000E+02  .50000E+00      2      1      1376    -4    -5     T      .126      .241
       671  .57500E+02  .50000E+00      2      1      1378    -4    -5     T      .126      .237
       672  .58000E+02  .50000E+00      2      1      1380    -4    -5     T      .126      .233
       673  .58500E+02  .50000E+00      2      1      1382    -4    -5     T      .126      .229
       674  .59000E+02  .50000E+00      2      1      1384    -4    -5     T      .126      .225
       675  .59500E+02  .50000E+00      3      1      1387    -4    -5     T      .126      .221
       676  .60000E+02  .50000E+00      2      1      1389    -4    -5     T      .126      .217
       677  .60500E+02  .50000E+00      3      1      1392    -4    -5     T      .126      .212
       678  .61000E+02  .50000E+00      2      1      1394    -4    -5     T      .126      .208
       679  .61500E+02  .50000E+00      3      1      1397    -4    -5     T      .126      .204
       680  .62000E+02  .50000E+00      2      1      1399    -4    -5     T      .126      .200
       699  .62500E+02  .10309E+00      2      1      1437    -4    -5     T      .125      .125
       702  .63000E+02  .25000E+00      3      1      1444    -4    -5     T      .126      .294
       704  .63500E+02  .25000E+00      3      1      1451    -4    -5     T      .125      .102
       706  .64000E+02  .25000E+00      2      1      1455    -4    -5     T      .125      .119
       707  .64500E+02  .50000E+00      3      1      1458    -4    -5     T      .125      .184
       708  .65000E+02  .50000E+00      2      1      1460    -4    -5     T      .125      .187
       727  .65500E+02  .10309E+00      2      1      1500    -4    -5     T      .125      .191
       730  .66000E+02  .25000E+00      4      1      1509    -4    -5     T      .126      .444
       733  .66500E+02  .16667E+00      2      1      1518    -4    -5     T      .125      .088
       735  .67000E+02  .25000E+00      2      1      1522    -4    -5     T      .125      .150
       754  .67500E+02  .10309E+00      2      1      1560    -4    -5     T      .125      .068
       757  .68000E+02  .25000E+00      2      1      1566    -4    -5     T      .125      .166
       759  .68500E+02  .25000E+00      2      1      1572    -4    -5     T      .125      .084
       761  .69000E+02  .25000E+00      2      1      1576    -4    -5     T      .125      .087
       781  .69500E+02  .73310E-01      3      1      1625    -4    -5     T      .126      .259
       785  .70000E+02  .12500E+00      3      1      1639    -4    -5     T      .126      .422
       788  .70500E+02  .16667E+00      2      1      1649    -4    -5     T      .126      .199
       790  .71000E+02  .33333E+00      3      1      1654    -4    -5     T      .126      .269
       792  .71500E+02  .25000E+00      2      1      1658    -4    -5     T      .125      .160
       793  .72000E+02  .50000E+00      2      1      1660    -4    -5     T      .126      .274
       794  .72500E+02  .50000E+00      2      1      1662    -4    -5     T      .126      .240
       795  .73000E+02  .50000E+00      2      1      1664    -4    -5     T      .126      .215
       796  .73500E+02  .50000E+00      2      1      1666    -4    -5     T      .126      .197
       797  .74000E+02  .50000E+00      2      1      1668    -4    -5     T      .125      .183
       798  .74500E+02  .50000E+00      3      1      1671    -4    -5     T      .126      .352
       799  .75000E+02  .50000E+00      3      1      1674    -4    -5     T      .126      .381
       800  .75500E+02  .50000E+00      4      1      1678    -4    -5     T      .126      .494
       801  .76000E+02  .50000E+00      3      1      1681    -4    -5     T      .126      .534
       802  .76500E+02  .50000E+00      4      1      1685    -4    -5     T      .127      .652
       803  .77000E+02  .50000E+00      4      1      1689    -4    -5     T      .127      .733
       804  .77500E+02  .50000E+00      4      1      1693    -4    -5     T      .126      .547
       805  .78000E+02  .50000E+00      4      1      1697    -4    -5     T      .127      .554
       806  .78500E+02  .50000E+00      5      1      1702    -4    -5     T      .127      .686
       807  .79000E+02  .50000E+00      4      1      1706    -4    -5     T      .127      .780
       808  .79500E+02  .50000E+00      8      1      1714     4    -5     T      .128      .827
       810  .80000E+02  .25000E+00      3      1      1720     4    -5     T      .126      .329
       811  .80500E+02  .50000E+00      2      1      1722     4    -5     T      .127      .602
       812  .81000E+02  .50000E+00      2      1      1724     4    -5     T      .127      .551
       813  .81500E+02  .50000E+00      2      1      1726     4    -5     T      .126      .516
       814  .82000E+02  .50000E+00      2      1      1728     4    -5     T      .126      .482
       815  .82500E+02  .50000E+00      2      1      1730     4    -5     T      .126      .457
       816  .83000E+02  .50000E+00      2      1      1732     4    -5     T      .126      .431
       817  .83500E+02  .50000E+00      2      1      1734     4    -5     T      .126      .416
       818  .84000E+02  .50000E+00      2      1      1736     4    -5     T      .126      .395
       819  .84500E+02  .50000E+00      2      1      1738     4    -5     T      .126      .386
       820  .85000E+02  .50000E+00      2      1      1740     4    -5     T      .126      .376
       821  .85500E+02  .50000E+00      6      1      1746    -4    -5     T      .126      .207
       822  .86000E+02  .50000E+00      8      1      1754    -4    -5     T      .125      .181
       857  .86500E+02  .42070E-01      4      1      1878    -4    -5     T      .126      .298
       866  .87000E+02  .59694E-01      3      1      1909    -4    -5     T      .126      .392
       885  .87500E+02  .10309E+00      3      1      1951    -4    -5     T      .126      .212
       888  .88000E+02  .25000E+00      3      1      1959    -4    -5     T      .126      .336
       890  .88500E+02  .25000E+00      2      1      1964    -4    -5     T      .126      .248
       892  .89000E+02  .25000E+00      2      1      1968    -4    -5     T      .126      .194
       893  .89500E+02  .50000E+00      2      1      1970    -4    -5     T      .126      .321
       894  .90000E+02  .50000E+00      2      1      1972    -4    -5     T      .126      .271
       913  .90500E+02  .10309E+00      2      1      2010    -4    -5     T      .125      .116
       916  .91000E+02  .25000E+00      2      1      2016    -4    -5     T      .126      .280
       918  .91500E+02  .25000E+00      2      1      2020    -4    -5     T      .126      .238
       920  .92000E+02  .25000E+00      2      1      2024    -4    -5     T      .126      .237
       939  .92500E+02  .10309E+00      2      1      2062    -4    -5     T      .125      .182
       942  .93000E+02  .25000E+00      2      1      2068    -4    -5     T      .126      .435
       944  .93500E+02  .25000E+00      2      1      2074    -4    -5     T      .126      .232
       946  .94000E+02  .25000E+00      2      1      2078    -4    -5     T      .125      .189
       965  .94500E+02  .10309E+00      2      1      2116    -4    -5     T      .126      .229
       968  .95000E+02  .25000E+00      3      1      2123    -4    -5     T      .126      .543
       987  .95500E+02  .10309E+00      2      1      2161    -4    -5     T      .125      .182
       990  .96000E+02  .25000E+00      2      1      2167    -4    -5     T      .126      .439
      1009  .96500E+02  .10309E+00      3      1      2207    -4    -5     T      .126      .440
      1013  .97000E+02  .12500E+00      2      1      2216    -4    -5     T      .126      .524
      1032  .97500E+02  .10309E+00      2      1      2254    -4    -5     T      .126      .299
      1035  .98000E+02  .25000E+00      2      1      2260    -4    -5     T      .127      .680
      1037  .98500E+02  .25000E+00      3      1      2267    -4    -5     T      .126      .540
      1039  .99000E+02  .25000E+00      2      1      2271    -4    -5     T      .126      .458
      1058  .99500E+02  .10309E+00      2      1      2309    -4    -5     T      .125      .165
      1061  .10000E+03  .25000E+00      2      1      2315    -4    -5     T      .126      .360
      1080  .10050E+03  .10309E+00      2      1      2353    -4    -5     T      .125      .136
      1083  .10100E+03  .25000E+00      2      1      2359    -4    -5     T      .126      .308
      1085  .10150E+03  .25000E+00      2      1      2365    -4    -5     T      .126      .292
      1087  .10200E+03  .25000E+00      2      1      2369    -4    -5     T      .126      .280
      1106  .10250E+03  .10309E+00      2      1      2407    -4    -5     T      .125      .110
      1109  .10300E+03  .25000E+00      2      1      2413    -4    -5     T      .126      .256
      1111  .10350E+03  .25000E+00      2      1      2419    -4    -5     T      .126      .245
      1113  .10400E+03  .25000E+00      2      1      2423    -4    -5     T      .126      .234
      1132  .10450E+03  .10309E+00      2      1      2461    -4    -5     T      .125      .092
      1135  .10500E+03  .25000E+00      2      1      2467    -4    -5     T      .126      .214
      1154  .10550E+03  .10309E+00      2      1      2505    -4    -5     T      .125      .084
      1157  .10600E+03  .25000E+00      2      1      2511    -4    -5     T      .126      .196
      1176  .10650E+03  .10309E+00      2      1      2549    -4    -5     T      .125      .078
      1179  .10700E+03  .25000E+00      2      1      2555    -4    -5     T      .125      .183
      1181  .10750E+03  .25000E+00      3      1      2561    -4    -5     T      .126      .208
      1183  .10800E+03  .25000E+00      2      1      2565    -4    -5     T      .126      .227
      1184  .10850E+03  .50000E+00      4      1      2569    -4    -5     T      .126      .343
      1185  .10900E+03  .50000E+00      2      1      2571    -4    -5     T      .126      .341
      1186  .10950E+03  .50000E+00      3      1      2574    -4    -5     T      .126      .338
      1187  .11000E+03  .50000E+00      2      1      2576    -4    -5     T      .126      .334
      1188  .11050E+03  .50000E+00      4      1      2580    -4    -5     T      .126      .420
      1189  .11100E+03  .50000E+00      2      1      2582    -4    -5     T      .126      .455
      1190  .11150E+03  .50000E+00      4      1      2586    -4    -5     T      .127      .646
      1191  .11200E+03  .50000E+00      4      1      2590    -4    -5     T      .127      .721
      1192  .11250E+03  .50000E+00      4      1      2594    -4    -5     T      .127      .655
      1193  .11300E+03  .50000E+00      4      1      2598    -4    -5     T      .127      .702
      1194  .11350E+03  .50000E+00      8      1      2606    -4    -5     T      .129     1.187
      1199  .11400E+03  .11111E+00      2      1      2632     4    -5     T      .126      .212
      1202  .11450E+03  .18750E+00      2      1      2638     4    -5     T      .126      .299
      1204  .11500E+03  .25000E+00      3      1      2643     4    -5     T      .126      .360
      1206  .11550E+03  .25000E+00      2      1      2647     4    -5     T      .126      .335
      1207  .11600E+03  .50000E+00      2      1      2649     4    -5     T      .127      .630
      1226  .11650E+03  .10309E+00      3      1      2691    -4    -5     T      .125      .059
      1229  .11700E+03  .25000E+00      3      1      2700    -4    -5     T      .125      .140
      1231  .11750E+03  .25000E+00      4      1      2709    -4    -5     T      .126      .374
      1233  .11800E+03  .25000E+00      4      1      2717     4    -5     T      .126      .338
      1235  .11850E+03  .25000E+00      4      1      2726    -4    -5     T      .125      .166
      1237  .11900E+03  .25000E+00      3      1      2732    -4    -5     T      .125      .146
      1256  .11950E+03  .10309E+00      2      1      2772    -4    -5     T      .125      .052
      1259  .12000E+03  .25000E+00      3      1      2779    -4    -5     T      .125      .124
      1261  .12050E+03  .25000E+00      3      1      2786    -4    -5     T      .125      .174
      1263  .12100E+03  .25000E+00      2      1      2790    -4    -5     T      .126      .206
      1283  .12150E+03  .94501E-01      3      1      2837    -4    -5     T      .125      .137
      1286  .12200E+03  .25000E+00      4      1      2847    -4    -5     T      .126      .347
      1289  .12250E+03  .16667E+00      4      1      2859    -4    -5     T      .126      .325
      1292  .12300E+03  .16667E+00      9      1      2876     4    -5     T      .127      .509
      1296  .12350E+03  .12500E+00      2      1      2888     4    -5     T      .126      .190
      1298  .12400E+03  .33333E+00      3      1      2893     4    -5     T      .126      .425
      1300  .12450E+03  .25000E+00      2      1      2897     4    -5     T      .126      .275
      1301  .12500E+03  .50000E+00      2      1      2899     4    -5     T      .126      .492
      1320  .12550E+03  .10309E+00      4      1      2945    -4    -5     T      .125      .041
      1324  .12600E+03  .15625E+00      2      1      2953    -4    -5     T      .125      .057
      1327  .12650E+03  .16667E+00      4      1      2966     4    -5     T      .126      .267
      1329  .12700E+03  .33333E+00      5      1      2974     4    -5     T      .126      .348
      1331  .12750E+03  .25000E+00      2      1      2978     4    -5     T      .126      .214
      1333  .12800E+03  .25000E+00      2      1      2982     4    -5     T      .126      .194
      1334  .12850E+03  .50000E+00      2      1      2984     4    -5     T      .126      .373
      1335  .12900E+03  .50000E+00      2      1      2986     4    -5     T      .126      .356
      1336  .12950E+03  .50000E+00      4      1      2990    -4    -5     T      .126      .278
      1337  .13000E+03  .50000E+00      3      1      2993    -4    -5     T      .126      .264
      1365  .13050E+03  .42067E-01      3      1      3085    -4    -5     T      .125      .145
      1371  .13100E+03  .15625E+00      5      1      3108    -4    -5     T      .126      .493
      1390  .13150E+03  .10309E+00      2      1      3146    -4    -5     T      .125      .149
      1393  .13200E+03  .25000E+00      2      1      3152    -4    -5     T      .126      .352
      1412  .13250E+03  .10309E+00      2      1      3190    -4    -5     T      .125      .077
      1415  .13300E+03  .25000E+00      2      1      3196    -4    -5     T      .125      .139
      1434  .13350E+03  .10309E+00      2      1      3234    -4    -5     T      .125      .064
      1437  .13400E+03  .25000E+00      2      1      3240    -4    -5     T      .125      .154
      1439  .13450E+03  .25000E+00      2      1      3244    -4    -5     T      .125      .185
      1441  .13500E+03  .25000E+00      2      1      3248    -4    -5     T      .125      .185
      1442  .13550E+03  .50000E+00      4      1      3252    -4    -5     T      .126      .215
      1443  .13600E+03  .50000E+00      3      1      3255    -4    -5     T      .125      .174
      1464  .13650E+03  .65979E-01      3      1      3312    -4    -5     T      .126      .339
      1469  .13700E+03  .10417E+00      3      1      3329    -4    -5     T      .126      .512
      1488  .13750E+03  .10309E+00      2      1      3367    -4    -5     T      .126      .225
      1491  .13800E+03  .25000E+00      3      1      3374    -4    -5     T      .126      .427
      1493  .13850E+03  .25000E+00      3      1      3381    -4    -5     T      .126      .333
      1495  .13900E+03  .25000E+00      2      1      3385    -4    -5     T      .126      .270
      1496  .13950E+03  .50000E+00      4      1      3389    -4    -5     T      .127      .595
      1497  .14000E+03  .50000E+00      3      1      3392    -4    -5     T      .127      .659
      1498  .14050E+03  .50000E+00      4      1      3396    -4    -5     T      .127      .570
      1499  .14100E+03  .50000E+00      3      1      3399    -4    -5     T      .127      .601
      1500  .14150E+03  .50000E+00      7      1      3406    -4    -5     T      .128     1.022
      1502  .14200E+03  .25000E+00      4      1      3414    -4    -5     T      .127      .642
      1506  .14250E+03  .83333E-01      2      1      3436     4    -5     T      .126      .257
      1510  .14300E+03  .15000E+00      2      1      3448     4    -5     T      .126      .325
      1512  .14350E+03  .33333E+00      2      1      3452     4    -5     T      .127      .605
      1514  .14400E+03  .25000E+00      2      1      3456     4    -5     T      .126      .409
      1515  .14450E+03  .50000E+00      3      1      3459     4    -5     T      .127      .748
      1516  .14500E+03  .50000E+00      3      1      3462     4    -5     T      .127      .687
      1517  .14550E+03  .50000E+00      7      1      3469    -4    -5     T      .126      .347
      1519  .14600E+03  .25000E+00      4      1      3480    -4    -5     T      .125      .144
      1541  .14650E+03  .81075E-01      4      1      3542    -4    -5     T      .125      .183
      1546  .14700E+03  .11667E+00      3      1      3558    -4    -5     T      .126      .246
      1569  .14750E+03  .50680E-01      3      1      3624    -4    -5     T      .126      .372
      1575  .14800E+03  .87500E-01      4      1      3649    -4    -5     T      .127      .616
      1594  .14850E+03  .10309E+00      3      1      3689    -4    -5     T      .126      .296
      1597  .14900E+03  .25000E+00      4      1      3698    -4    -5     T      .126      .536
      1600  .14950E+03  .16667E+00      2      1      3707    -4    -5     T      .126      .269
      1602  .15000E+03  .25000E+00      2      1      3711    -4    -5     T      .126      .356
      1604  .15050E+03  .25000E+00      2      1      3716    -4    -5     T      .126      .434
      1605  .15100E+03  .50000E+00      4      1      3720    -4    -5     T      .128      .974
      1624  .15150E+03  .10309E+00      3      1      3760    -4    -5     T      .125      .168
      1627  .15200E+03  .25000E+00      3      1      3767    -4    -5     T      .126      .398
      1646  .15250E+03  .10309E+00      2      1      3805    -4    -5     T      .126      .245
      1649  .15300E+03  .25000E+00      3      1      3812    -4    -5     T      .127      .582
      1651  .15350E+03  .25000E+00      3      1      3819    -4    -5     T      .126      .318
      1653  .15400E+03  .25000E+00      2      1      3823    -4    -5     T      .126      .365
      1654  .15450E+03  .50000E+00      3      1      3826    -4    -5     T      .127      .725
      1655  .15500E+03  .50000E+00      4      1      3830    -4    -5     T      .127      .791
      1656  .15550E+03  .50000E+00      4      1      3834    -4    -5     T      .127      .894
      1657  .15600E+03  .50000E+00      4      1      3838    -4    -5     T      .128     1.022
      1680  .15650E+03  .78026E-01      4      1      3905    -4    -5     T      .126      .272
      1685  .15700E+03  .11667E+00      3      1      3921    -4    -5     T      .126      .384
      1688  .15750E+03  .16667E+00      2      1      3931    -4    -5     T      .125      .142
      1690  .15800E+03  .33333E+00      2      1      3935    -4    -5     T      .126      .255
      1692  .15850E+03  .25000E+00      2      1      3941    -4    -5     T      .125      .126
      1693  .15900E+03  .50000E+00      2      1      3943    -4    -5     T      .126      .246
      1712  .15950E+03  .10309E+00      2      1      3981    -4    -5     T      .125      .050
      1715  .16000E+03  .25000E+00      2      1      3987    -4    -5     T      .125      .119
      1734  .16050E+03  .10309E+00      2      1      4025    -4    -5     T      .125      .049
      1737  .16100E+03  .25000E+00      2      1      4031    -4    -5     T      .125      .116
      1739  .16150E+03  .25000E+00      3      1      4038    -4    -5     T      .126      .392
      1741  .16200E+03  .25000E+00      3      1      4044    -4    -5     T      .126      .463
      1742  .16250E+03  .50000E+00      5      1      4049    -4    -5     T      .127      .668
      1743  .16300E+03  .50000E+00      4      1      4053    -4    -5     T      .127      .701
      1762  .16350E+03  .10309E+00      2      1      4091    -4    -5     T      .125      .045
      1765  .16400E+03  .25000E+00      2      1      4097    -4    -5     T      .125      .108
      1767  .16450E+03  .25000E+00      3      1      4104    -4    -5     T      .126      .299
      1769  .16500E+03  .25000E+00      3      1      4109    -4    -5     T      .126      .350
      1770  .16550E+03  .50000E+00      5      1      4114    -4    -5     T      .126      .216
      1771  .16600E+03  .50000E+00      4      1      4118    -4    -5     T      .126      .211
      1772  .16650E+03  .50000E+00      8      1      4126    -4    -5     T      .130     1.492
      1778  .16700E+03  .83333E-01      2      1      4158     4    -5     T      .125      .166
      1781  .16750E+03  .18750E+00      2      1      4164     4    -5     T      .126      .296
      1783  .16800E+03  .25000E+00      2      1      4168     4    -5     T      .126      .353
      1785  .16850E+03  .25000E+00      2      1      4172     4    -5     T      .126      .319
      1786  .16900E+03  .50000E+00      2      1      4174     4    -5     T      .127      .596
      1806  .16950E+03  .68728E-01      2      1      4221    -4    -5     T      .125      .032
      1810  .17000E+03  .15625E+00      2      1      4230    -4    -5     T      .125      .069
      1813  .17050E+03  .16667E+00      6      1      4245     4    -5     T      .126      .371
      1816  .17100E+03  .16667E+00      2      1      4254     4    -5     T      .126      .215
      1818  .17150E+03  .25000E+00      2      1      4258     4    -5     T      .126      .273
      1820  .17200E+03  .25000E+00      2      1      4262     4    -5     T      .126      .245
      1821  .17250E+03  .50000E+00      2      1      4264     4    -5     T      .126      .454
      1822  .17300E+03  .50000E+00      2      1      4266     4    -5     T      .126      .424
      1856  .17350E+03  .40675E-01      3      1      4389    -4    -5     T      .126      .240
      1864  .17400E+03  .70000E-01      3      1      4418    -4    -5     T      .126      .381
      1869  .17450E+03  .12500E+00      3      1      4436    -4    -5     T      .125      .171
      1872  .17500E+03  .16667E+00      2      1      4443    -4    -5     T      .126      .193
      1874  .17550E+03  .25000E+00      2      1      4448    -4    -5     T      .126      .211
      1876  .17600E+03  .25000E+00      2      1      4452    -4    -5     T      .126      .224
      1877  .17650E+03  .50000E+00      4      1      4456    -4    -5     T      .127      .621
      1878  .17700E+03  .50000E+00      4      1      4460    -4    -5     T      .127      .696
      1882  .17750E+03  .11111E+00      5      1      4490     4    -5     T      .126      .431
      1886  .17800E+03  .12500E+00      2      1      4504     4    -5     T      .126      .263
      1912  .17850E+03  .92104E-01      4      1      4583    -4    -5     T      .126      .244
      1917  .17900E+03  .13125E+00      4      1      4601    -4    -5     T      .126      .323
      1921  .17950E+03  .12500E+00      2      1      4613    -4    -5     T      .126      .234
      1923  .18000E+03  .33333E+00      4      1      4620    -4    -5     T      .127      .846
      1944  .18050E+03  .89148E-01      3      1      4673    -4    -5     T      .125      .166
      1948  .18100E+03  .12500E+00      3      1      4686    -4    -5     T      .126      .223
      1967  .18150E+03  .10309E+00      4      1      4730    -4    -5     T      .126      .464
      1971  .18200E+03  .15625E+00      4      1      4744    -4    -5     T      .127      .676
      1990  .18250E+03  .10309E+00      2      1      4782    -4    -5     T      .125      .190
      1993  .18300E+03  .25000E+00      3      1      4789    -4    -5     T      .126      .345
      2012  .18350E+03  .10309E+00      2      1      4827    -4    -5     T      .125      .116
      2015  .18400E+03  .25000E+00      2      1      4833    -4    -5     T      .126      .243
      2017  .18450E+03  .25000E+00      3      1      4840    -4    -5     T      .126      .209
      2019  .18500E+03  .25000E+00      2      1      4844    -4    -5     T      .126      .197
      2020  .18550E+03  .50000E+00      4      1      4848    -4    -5     T      .127      .705
      2021  .18600E+03  .50000E+00      3      1      4851    -4    -5     T      .127      .790
      2052  .18650E+03  .42589E-01      3      1      4951    -4    -5     T      .126      .391
      2059  .18700E+03  .78125E-01      3      1      4976    -4    -5     T      .127      .691
      2063  .18750E+03  .12896E+00      3      1      4994    -4    -5     T      .126      .435
      2066  .18800E+03  .16667E+00      3      1      5004    -4    -5     T      .126      .389
      2068  .18850E+03  .33333E+00      3      1      5009    -4    -5     T      .127      .613
      2070  .18900E+03  .25000E+00      2      1      5013    -4    -5     T      .126      .388
      2071  .18950E+03  .50000E+00      4      1      5017    -4    -5     T      .127      .675
      2072  .19000E+03  .50000E+00      3      1      5020    -4    -5     T      .127      .603
      2094  .19050E+03  .63230E-01      3      1      5083    -4    -5     T      .126      .480
      2099  .19100E+03  .11111E+00      3      1      5101    -4    -5     T      .127      .819
      2103  .19150E+03  .12500E+00      2      1      5116    -4    -5     T      .126      .390
      2105  .19200E+03  .33333E+00      4      1      5123    -4    -5     T      .127      .768
      2107  .19250E+03  .25000E+00      2      1      5128    -4    -5     T      .126      .484
      2109  .19300E+03  .25000E+00      2      1      5132    -4    -5     T      .126      .425
      2110  .19350E+03  .50000E+00      4      1      5136    -4    -5     T      .128      .940
      2111  .19400E+03  .50000E+00      4      1      5140    -4    -5     T      .128     1.065
      2113  .19450E+03  .25000E+00      5      1      5150    -4    -5     T      .127      .845
      2116  .19500E+03  .12500E+00      4      1      5165     4    -5     T      .127      .627
      2121  .19550E+03  .13934E+00      2      1      5189     4    -5     T      .126      .435
      2124  .19600E+03  .16667E+00      3      1      5196     4    -5     T      .126      .428
      2126  .19650E+03  .25000E+00      2      1      5200     4    -5     T      .127      .579
      2128  .19700E+03  .25000E+00      2      1      5204     4    -5     T      .127      .523
      2130  .19750E+03  .25000E+00      2      1      5208     4    -5     T      .126      .480
      2131  .19800E+03  .50000E+00      2      1      5210     4    -5     T      .128      .874
      2132  .19850E+03  .50000E+00      2      1      5212     4    -5     T      .127      .824
      2133  .19900E+03  .50000E+00      3      1      5215     4    -5     T      .127      .782
      2134  .19950E+03  .50000E+00      2      1      5217     4    -5     T      .127      .720
      2135  .20000E+03  .50000E+00      3      1      5220     4    -5     T      .127      .692
      2136  .20050E+03  .50000E+00      2      1      5222     4    -5     T      .127      .666
      2137  .20100E+03  .50000E+00      2      1      5224     4    -5     T      .127      .636
      2138  .20150E+03  .50000E+00      2      1      5226     4    -5     T      .127      .614
      2139  .20200E+03  .50000E+00      2      1      5228     4    -5     T      .127      .588
      2140  .20250E+03  .50000E+00      2      1      5230     4    -5     T      .127      .565
      2141  .20300E+03  .50000E+00      2      1      5232     4    -5     T      .127      .543
      2167  .20350E+03  .54870E-01      3      1      5315    -4    -5     T      .125      .146
      2173  .20400E+03  .87500E-01      3      1      5335    -4    -5     T      .126      .215
      2192  .20450E+03  .10309E+00      2      1      5373    -4    -5     T      .125      .067
      2195  .20500E+03  .25000E+00      2      1      5379    -4    -5     T      .125      .152
      2197  .20550E+03  .25000E+00      3      1      5386    -4    -5     T      .125      .186
      2199  .20600E+03  .25000E+00      2      1      5390    -4    -5     T      .126      .211
      2200  .20650E+03  .50000E+00      5      1      5395    -4    -5     T      .127      .807
      2201  .20700E+03  .50000E+00      5      1      5400    -4    -5     T      .128     1.012
      2203  .20750E+03  .25000E+00      4      1      5408    -4    -5     T      .126      .415
      2204  .20800E+03  .50000E+00      5      1      5413    -4    -5     T      .128      .955
      2241  .20850E+03  .40171E-01      3      1      5542    -4    -5     T      .126      .278
      2249  .20900E+03  .66667E-01      3      1      5570    -4    -5     T      .126      .430
      2253  .20950E+03  .12500E+00      3      1      5587    -4    -5     T      .126      .250
      2256  .21000E+03  .16667E+00      2      1      5594    -4    -5     T      .126      .212
      2258  .21050E+03  .25000E+00      3      1      5600    -4    -5     T      .126      .260
      2260  .21100E+03  .25000E+00      2      1      5604    -4    -5     T      .126      .286
      2261  .21150E+03  .50000E+00      3      1      5607    -4    -5     T      .127      .633
      2262  .21200E+03  .50000E+00      3      1      5610    -4    -5     T      .127      .687
      2281  .21250E+03  .10309E+00      2      1      5648    -4    -5     T      .125      .045
      2284  .21300E+03  .25000E+00      2      1      5654    -4    -5     T      .125      .101
      2303  .21350E+03  .10309E+00      2      1      5692    -4    -5     T      .125      .080
      2306  .21400E+03  .25000E+00      2      1      5698    -4    -5     T      .126      .193
      2325  .21450E+03  .10309E+00      3      1      5738    -4    -5     T      .126      .296
      2328  .21500E+03  .25000E+00      4      1      5747    -4    -5     T      .127      .695
      2347  .21550E+03  .10309E+00      2      1      5785    -4    -5     T      .125      .125
      2350  .21600E+03  .25000E+00      2      1      5791    -4    -5     T      .126      .242
      2352  .21650E+03  .25000E+00      3      1      5798    -4    -5     T      .126      .238
      2354  .21700E+03  .25000E+00      2      1      5802    -4    -5     T      .126      .264
      2355  .21750E+03  .50000E+00      4      1      5806    -4    -5     T      .127      .713
      2356  .21800E+03  .50000E+00      4      1      5810    -4    -5     T      .127      .793
      2357  .21850E+03  .50000E+00      7      1      5817    -4    -5     T      .129     1.360
      2359  .21900E+03  .25000E+00      5      1      5829     4    -5     T      .128      .990
      2389  .21950E+03  .50762E-01      3      1      5928    -4    -5     T      .126      .217
      2395  .22000E+03  .87500E-01      3      1      5948    -4    -5     T      .126      .349
      2414  .22050E+03  .10309E+00      2      1      5986    -4    -5     T      .125      .141
      2417  .22100E+03  .25000E+00      2      1      5992    -4    -5     T      .126      .271
      2419  .22150E+03  .25000E+00      2      1      5998    -4    -5     T      .126      .199
      2421  .22200E+03  .25000E+00      2      1      6002    -4    -5     T      .125      .162
      2440  .22250E+03  .10309E+00      2      1      6040    -4    -5     T      .125      .080
      2443  .22300E+03  .25000E+00      2      1      6046    -4    -5     T      .126      .195
      2445  .22350E+03  .25000E+00      2      1      6053    -4    -5     T      .126      .500
      2447  .22400E+03  .25000E+00      4      1      6060    -4    -5     T      .127      .620
      2466  .22450E+03  .10309E+00      2      1      6098    -4    -5     T      .125      .049
      2469  .22500E+03  .25000E+00      2      1      6104    -4    -5     T      .125      .114
      2471  .22550E+03  .25000E+00      3      1      6111    -4    -5     T      .126      .286
      2473  .22600E+03  .25000E+00      2      1      6115    -4    -5     T      .126      .322
      2493  .22650E+03  .90206E-01      3      1      6165    -4    -5     T      .126      .246
      2497  .22700E+03  .12500E+00      3      1      6178    -4    -5     T      .126      .325
      2500  .22750E+03  .16667E+00      2      1      6187    -4    -5     T      .125      .122
      2502  .22800E+03  .25000E+00      2      1      6191    -4    -5     T      .126      .207
      2504  .22850E+03  .25000E+00      2      1      6196    -4    -5     T      .125      .138
      2505  .22900E+03  .50000E+00      2      1      6198    -4    -5     T      .126      .283
      2524  .22950E+03  .10309E+00      3      1      6238    -4    -5     T      .126      .234
      2527  .23000E+03  .25000E+00      4      1      6248    -4    -5     T      .126      .547
      2546  .23050E+03  .10309E+00      4      1      6292    -4    -5     T      .126      .534
      2550  .23100E+03  .15625E+00      4      1      6306    -4    -5     T      .127      .786
      2553  .23150E+03  .16667E+00      3      1      6318    -4    -5     T      .126      .363
      2555  .23200E+03  .33333E+00      4      1      6324    -4    -5     T      .126      .523
      2574  .23250E+03  .10309E+00      2      1      6362    -4    -5     T      .125      .131
      2577  .23300E+03  .25000E+00      2      1      6368    -4    -5     T      .126      .278
      2579  .23350E+03  .25000E+00      3      1      6375    -4    -5     T      .126      .250
      2581  .23400E+03  .25000E+00      2      1      6379    -4    -5     T      .126      .228
      2582  .23450E+03  .50000E+00      3      1      6382    -4    -5     T      .126      .424
      2583  .23500E+03  .50000E+00      2      1      6384    -4    -5     T      .126      .442
      2584  .23550E+03  .50000E+00      3      1      6387    -4    -5     T      .126      .366
      2585  .23600E+03  .50000E+00      2      1      6389    -4    -5     T      .126      .348
      2586  .23650E+03  .50000E+00      4      1      6393    -4    -5     T      .126      .474
      2587  .23700E+03  .50000E+00      2      1      6395    -4    -5     T      .126      .505
      2588  .23750E+03  .50000E+00      4      1      6399    -4    -5     T      .127      .616
      2589  .23800E+03  .50000E+00      4      1      6403    -4    -5     T      .127      .669
      2590  .23850E+03  .50000E+00      4      1      6407    -4    -5     T      .127      .609
      2591  .23900E+03  .50000E+00      4      1      6411    -4    -5     T      .127      .641
      2592  .23950E+03  .50000E+00      7      1      6418    -4    -5     T      .128      .950
      2594  .24000E+03  .25000E+00      4      1      6428    -4    -5     T      .127      .593
      2596  .24050E+03  .25000E+00      3      1      6438     4    -5     T      .126      .460
      2598  .24100E+03  .25000E+00      2      1      6443     4    -5     T      .126      .386
      2599  .24150E+03  .50000E+00      3      1      6446     4    -5     T      .127      .709
      2600  .24200E+03  .50000E+00      2      1      6448     4    -5     T      .127      .680
      2601  .24250E+03  .50000E+00      2      1      6450     4    -5     T      .127      .632
      2602  .24300E+03  .50000E+00      2      1      6452     4    -5     T      .127      .598
      2603  .24350E+03  .50000E+00      2      1      6454     4    -5     T      .127      .571
      2604  .24400E+03  .50000E+00      2      1      6456     4    -5     T      .127      .543
      2605  .24450E+03  .50000E+00      2      1      6458     4    -5     T      .126      .518
      2606  .24500E+03  .50000E+00      2      1      6460     4    -5     T      .126      .494
      2607  .24550E+03  .50000E+00      2      1      6462     4    -5     T      .126      .472
      2608  .24600E+03  .50000E+00      2      1      6464     4    -5     T      .126      .454
      2609  .24650E+03  .50000E+00      2      1      6466     4    -5     T      .126      .437
      2610  .24700E+03  .50000E+00      2      1      6468     4    -5     T      .126      .424
      2611  .24750E+03  .50000E+00      2      1      6470     4    -5     T      .126      .407
      2612  .24800E+03  .50000E+00      2      1      6472     4    -5     T      .126      .396
      2613  .24850E+03  .50000E+00      2      1      6474     4    -5     T      .126      .387
      2614  .24900E+03  .50000E+00      2      1      6476     4    -5     T      .126      .379
      2615  .24950E+03  .50000E+00      2      1      6478     4    -5     T      .126      .371
      2616  .25000E+03  .50000E+00      2      1      6480     4    -5     T      .126      .364
      2638  .25050E+03  .63623E-01      2      1      6537    -4    -5     T      .125      .063
      2642  .25100E+03  .15625E+00      3      1      6549    -4    -5     T      .125      .151
      2645  .25150E+03  .16667E+00      2      1      6558    -4    -5     T      .125      .162
      2647  .25200E+03  .25000E+00      4      1      6565    -4    -5     T      .126      .319
      2649  .25250E+03  .25000E+00      4      1      6573     4    -5     T      .126      .326
      2651  .25300E+03  .25000E+00      3      1      6579     4    -5     T      .126      .241
      2679  .25350E+03  .63010E-01      4      1      6672    -4    -5     T      .126      .213
      2685  .25400E+03  .16071E+00      5      1      6694    -4    -5     T      .126      .499
      2705  .25450E+03  .73310E-01      3      1      6744    -4    -5     T      .126      .416
      2710  .25500E+03  .11111E+00      4      1      6763    -4    -5     T      .127      .606
      2729  .25550E+03  .10309E+00      3      1      6803    -4    -5     T      .126      .241
      2732  .25600E+03  .25000E+00      3      1      6811    -4    -5     T      .126      .434
      2734  .25650E+03  .25000E+00      2      1      6816    -4    -5     T      .126      .376
      2736  .25700E+03  .25000E+00      2      1      6820    -4    -5     T      .126      .347
      2755  .25750E+03  .10309E+00      2      1      6858    -4    -5     T      .125      .127
      2758  .25800E+03  .25000E+00      2      1      6864    -4    -5     T      .126      .275
      2760  .25850E+03  .25000E+00      2      1      6870    -4    -5     T      .126      .243
      2762  .25900E+03  .25000E+00      2      1      6874    -4    -5     T      .126      .213
      2763  .25950E+03  .50000E+00      3      1      6877    -4    -5     T      .126      .380
      2764  .26000E+03  .50000E+00      2      1      6879    -4    -5     T      .126      .346
      2765  .26050E+03  .50000E+00      2      1      6881    -4    -5     T      .126      .318
      2766  .26100E+03  .50000E+00      2      1      6883    -4    -5     T      .126      .296
      2785  .26150E+03  .10309E+00      3      1      6925    -4    -5     T      .126      .314
      2788  .26200E+03  .25000E+00      4      1      6935    -4    -5     T      .127      .737
      2791  .26250E+03  .16667E+00      2      1      6944    -4    -5     T      .125      .188
      2793  .26300E+03  .25000E+00      2      1      6948    -4    -5     T      .126      .214
      2795  .26350E+03  .25000E+00      2      1      6952    -4    -5     T      .125      .184
      2796  .26400E+03  .50000E+00      2      1      6954    -4    -5     T      .126      .335
      2797  .26450E+03  .50000E+00      2      1      6956    -4    -5     T      .126      .313
      2798  .26500E+03  .50000E+00      2      1      6958    -4    -5     T      .126      .296
      2799  .26550E+03  .50000E+00      2      1      6960    -4    -5     T      .126      .283
      2800  .26600E+03  .50000E+00      2      1      6962    -4    -5     T      .126      .271
      2801  .26650E+03  .50000E+00      3      1      6965    -4    -5     T      .126      .274
      2802  .26700E+03  .50000E+00      2      1      6967    -4    -5     T      .126      .286
      2803  .26750E+03  .50000E+00      2      1      6969    -4    -5     T      .126      .269
      2804  .26800E+03  .50000E+00      2      1      6971    -4    -5     T      .126      .276
      2805  .26850E+03  .50000E+00      2      1      6973    -4    -5     T      .126      .254
      2806  .26900E+03  .50000E+00      2      1      6975    -4    -5     T      .126      .257
      2807  .26950E+03  .50000E+00      3      1      6978    -4    -5     T      .126      .218
      2808  .27000E+03  .50000E+00      2      1      6980    -4    -5     T      .126      .212
      2809  .27050E+03  .50000E+00      2      1      6982    -4    -5     T      .126      .207
      2810  .27100E+03  .50000E+00      2      1      6984    -4    -5     T      .126      .202
      2811  .27150E+03  .50000E+00      2      1      6986    -4    -5     T      .126      .197
      2812  .27200E+03  .50000E+00      2      1      6988    -4    -5     T      .126      .193
      2813  .27250E+03  .50000E+00      3      1      6991    -4    -5     T      .126      .197
      2814  .27300E+03  .50000E+00      2      1      6993    -4    -5     T      .126      .204
      2815  .27350E+03  .50000E+00      3      1      6996    -4    -5     T      .126      .299
      2816  .27400E+03  .50000E+00      2      1      6998    -4    -5     T      .126      .314
      2817  .27450E+03  .50000E+00      3      1      7001    -4    -5     T      .126      .295
      2818  .27500E+03  .50000E+00      2      1      7003    -4    -5     T      .126      .301
      2819  .27550E+03  .50000E+00      4      1      7007    -4    -5     T      .126      .412
      2820  .27600E+03  .50000E+00      2      1      7009    -4    -5     T      .126      .443
      2821  .27650E+03  .50000E+00      4      1      7013    -4    -5     T      .126      .518
      2822  .27700E+03  .50000E+00      4      1      7017    -4    -5     T      .127      .568
      2823  .27750E+03  .50000E+00      4      1      7021    -4    -5     T      .126      .525
      2824  .27800E+03  .50000E+00      3      1      7024    -4    -5     T      .127      .552
      2825  .27850E+03  .50000E+00      4      1      7028    -4    -5     T      .127      .597
      2826  .27900E+03  .50000E+00      4      1      7032    -4    -5     T      .127      .655
      2827  .27950E+03  .50000E+00      4      1      7036     4    -5     T      .127      .562
      2828  .28000E+03  .50000E+00      4      1      7040     4    -5     T      .126      .499
      2829  .28050E+03  .50000E+00      4      1      7044    -4    -5     T      .126      .399
      2830  .28100E+03  .50000E+00      3      1      7047    -4    -5     T      .126      .381
      2831  .28150E+03  .50000E+00      6      1      7053    -4    -5     T      .126      .436
      2832  .28200E+03  .50000E+00      3      1      7056     4    -5     T      .126      .417
      2833  .28250E+03  .50000E+00      2      1      7058     4    -5     T      .126      .393
      2834  .28300E+03  .50000E+00      2      1      7060     4    -5     T      .126      .375
      2835  .28350E+03  .50000E+00      3      1      7063    -4    -5     T      .126      .337
      2836  .28400E+03  .50000E+00      3      1      7066    -4    -5     T      .126      .331
      2837  .28450E+03  .50000E+00      5      1      7071    -4    -5     T      .126      .213
      2838  .28500E+03  .50000E+00      5      1      7076    -4    -5     T      .125      .187
      2841  .28550E+03  .16667E+00      2      1      7096     4    -5     T      .125      .129
      2843  .28600E+03  .25000E+00      2      1      7100     4    -5     T      .125      .174
      2845  .28650E+03  .25000E+00      2      1      7104     4    -5     T      .125      .165
      2846  .28700E+03  .50000E+00      2      1      7106     4    -5     T      .126      .319
      2847  .28750E+03  .50000E+00      2      1      7108     4    -5     T      .126      .310
      2848  .28800E+03  .50000E+00      2      1      7110     4    -5     T      .126      .301
      2849  .28850E+03  .50000E+00      2      1      7112     4    -5     T      .126      .294
      2850  .28900E+03  .50000E+00      2      1      7114     4    -5     T      .126      .286
      2851  .28950E+03  .50000E+00      4      1      7118    -4    -5     T      .126      .217
      2852  .29000E+03  .50000E+00      3      1      7121    -4    -5     T      .126      .204
      2853  .29050E+03  .50000E+00      4      1      7125    -4    -5     T      .126      .250
      2854  .29100E+03  .50000E+00      2      1      7127    -4    -5     T      .126      .256
      2855  .29150E+03  .50000E+00      6      1      7133     4    -5     T      .126      .295
      2856  .29200E+03  .50000E+00      3      1      7136     4    -5     T      .126      .267
      2876  .29250E+03  .68728E-01      2      1      7182    -4    -5     T      .125      .033
      2880  .29300E+03  .15625E+00      3      1      7193    -4    -5     T      .125      .079
      2903  .29350E+03  .51941E-01      3      1      7261    -4    -5     T      .125      .182
      2908  .29400E+03  .16667E+00      5      1      7282    -4    -5     T      .126      .543
      2927  .29450E+03  .10309E+00      2      1      7320    -4    -5     T      .125      .150
      2930  .29500E+03  .25000E+00      3      1      7327    -4    -5     T      .126      .341
      2949  .29550E+03  .10309E+00      2      1      7365    -4    -5     T      .125      .178
      2952  .29600E+03  .25000E+00      2      1      7371    -4    -5     T      .126      .425
      2954  .29650E+03  .25000E+00      3      1      7378    -4    -5     T      .126      .227
      2956  .29700E+03  .25000E+00      2      1      7382    -4    -5     T      .125      .167
      2957  .29750E+03  .50000E+00      2      1      7384    -4    -5     T      .126      .267
      2958  .29800E+03  .50000E+00      2      1      7386    -4    -5     T      .126      .220
      2959  .29850E+03  .50000E+00      2      1      7388    -4    -5     T      .125      .187
      2960  .29900E+03  .50000E+00      2      1      7390    -4    -5     T      .125      .162
      2979  .29950E+03  .10309E+00      2      1      7428    -4    -5     T      .125      .035
      2982  .30000E+03  .25000E+00      2      1      7434    -4    -5     T      .125      .087
end
 
 Real time [sec]      87.000000000000000
