 ******* Program HYDRUS
 ******* 
 Test example for Onestep outflow method                                 
 Date:   6. 6.    Time:   9:59:59
 Units: L = cm   , T = hours, M = mmol 

----------------------------------------------------------
 Time       [T]        0.0000
----------------------------------------------------------
 Sub-region num.                     1            2
----------------------------------------------------------
 Length   [L]        0.45200E+01  0.39329E+01  0.58712E+00
 W-volume [L]        0.21065E+01  0.15247E+01  0.58188E+00
 In-flow  [L/T]      0.00000E+00  0.00000E+00  0.00000E+00
 h Mean   [L]       -0.15543E+02 -0.33559E-01 -0.11943E+03
 Top Flux [L/T]      0.14683E-05
 Bot Flux [L/T]     -0.21106E+02
----------------------------------------------------------

----------------------------------------------------------
 Time       [T]        0.0170
----------------------------------------------------------
 Sub-region num.                     1            2
----------------------------------------------------------
 Length   [L]        0.45200E+01  0.39329E+01  0.58712E+00
 W-volume [L]        0.20192E+01  0.14378E+01  0.58143E+00
 In-flow  [L/T]     -0.50144E+01 -0.49825E+01 -0.31935E-01
 h Mean   [L]       -0.81963E+02 -0.18063E+02 -0.51000E+03
 Top Flux [L/T]     -0.63084E-01
 Bot Flux [L/T]     -0.50144E+01
 WatBalT  [L]       -0.25332E-06
 WatBalR  [%]              0.000
----------------------------------------------------------

----------------------------------------------------------
 Time       [T]        0.0330
----------------------------------------------------------
 Sub-region num.                     1            2
----------------------------------------------------------
 Length   [L]        0.45200E+01  0.39329E+01  0.58712E+00
 W-volume [L]        0.19482E+01  0.13674E+01  0.58078E+00
 In-flow  [L/T]     -0.36767E+01 -0.36408E+01 -0.35921E-01
 h Mean   [L]       -0.11472E+03 -0.36259E+02 -0.64033E+03
 Top Flux [L/T]     -0.50633E-01
 Bot Flux [L/T]     -0.36767E+01
 WatBalT  [L]       -0.16391E-06
 WatBalR  [%]              0.000
----------------------------------------------------------

----------------------------------------------------------
 Time       [T]        0.0500
----------------------------------------------------------
 Sub-region num.                     1            2
----------------------------------------------------------
 Length   [L]        0.45200E+01  0.39329E+01  0.58712E+00
 W-volume [L]        0.19024E+01  0.13218E+01  0.58056E+00
 In-flow  [L/T]     -0.21290E+01 -0.21252E+01 -0.37193E-02
 h Mean   [L]       -0.14784E+03 -0.51701E+02 -0.79180E+03
 Top Flux [L/T]     -0.38668E-01
 Bot Flux [L/T]     -0.21289E+01
 WatBalT  [L]       -0.19372E-06
 WatBalR  [%]              0.000
----------------------------------------------------------

----------------------------------------------------------
 Time       [T]        0.1670
----------------------------------------------------------
 Sub-region num.                     1            2
----------------------------------------------------------
 Length   [L]        0.45200E+01  0.39329E+01  0.58712E+00
 W-volume [L]        0.17782E+01  0.11977E+01  0.58046E+00
 In-flow  [L/T]     -0.62812E+00 -0.62793E+00 -0.19478E-03
 h Mean   [L]       -0.21462E+03 -0.10651E+03 -0.93878E+03
 Top Flux [L/T]     -0.13329E-01
 Bot Flux [L/T]     -0.62812E+00
 WatBalT  [L]       -0.17881E-06
 WatBalR  [%]              0.000
----------------------------------------------------------

----------------------------------------------------------
 Time       [T]        0.5000
----------------------------------------------------------
 Sub-region num.                     1            2
----------------------------------------------------------
 Length   [L]        0.45200E+01  0.39329E+01  0.58712E+00
 W-volume [L]        0.16704E+01  0.10900E+01  0.58043E+00
 In-flow  [L/T]     -0.19934E+00 -0.19932E+00 -0.24477E-04
 h Mean   [L]       -0.29601E+03 -0.19378E+03 -0.98077E+03
 Top Flux [L/T]     -0.43809E-02
 Bot Flux [L/T]     -0.19934E+00
 WatBalT  [L]        0.59605E-07
 WatBalR  [%]              0.000
----------------------------------------------------------

----------------------------------------------------------
 Time       [T]        1.0330
----------------------------------------------------------
 Sub-region num.                     1            2
----------------------------------------------------------
 Length   [L]        0.45200E+01  0.39329E+01  0.58712E+00
 W-volume [L]        0.16061E+01  0.10257E+01  0.58043E+00
 In-flow  [L/T]     -0.89265E-01 -0.89260E-01 -0.48436E-05
 h Mean   [L]       -0.37587E+03 -0.28395E+03 -0.99155E+03
 Top Flux [L/T]     -0.20231E-02
 Bot Flux [L/T]     -0.89265E-01
 WatBalT  [L]       -0.29802E-06
 WatBalR  [%]              0.000
----------------------------------------------------------

----------------------------------------------------------
 Time       [T]        2.7500
----------------------------------------------------------
 Sub-region num.                     1            2
----------------------------------------------------------
 Length   [L]        0.45200E+01  0.39329E+01  0.58712E+00
 W-volume [L]        0.15328E+01  0.95241E+00  0.58043E+00
 In-flow  [L/T]     -0.27882E-01 -0.27881E-01 -0.69214E-06
 h Mean   [L]       -0.52990E+03 -0.46009E+03 -0.99756E+03
 Top Flux [L/T]     -0.66910E-03
 Bot Flux [L/T]     -0.27882E-01
 WatBalT  [L]       -0.65565E-06
 WatBalR  [%]              0.000
----------------------------------------------------------

----------------------------------------------------------
 Time       [T]        5.4170
----------------------------------------------------------
 Sub-region num.                     1            2
----------------------------------------------------------
 Length   [L]        0.45200E+01  0.39329E+01  0.58712E+00
 W-volume [L]        0.14918E+01  0.91135E+00  0.58043E+00
 In-flow  [L/T]     -0.10982E-01 -0.10982E-01 -0.14527E-06
 h Mean   [L]       -0.67257E+03 -0.62380E+03 -0.99922E+03
 Top Flux [L/T]     -0.27994E-03
 Bot Flux [L/T]     -0.10982E-01
 WatBalT  [L]        0.29802E-06
 WatBalR  [%]              0.000
----------------------------------------------------------

----------------------------------------------------------
 Time       [T]       10.0000
----------------------------------------------------------
 Sub-region num.                     1            2
----------------------------------------------------------
 Length   [L]        0.45200E+01  0.39329E+01  0.58712E+00
 W-volume [L]        0.14650E+01  0.88460E+00  0.58043E+00
 In-flow  [L/T]     -0.43042E-02 -0.43042E-02 -0.37391E-07
 h Mean   [L]       -0.80717E+03 -0.77840E+03 -0.99987E+03
 Top Flux [L/T]     -0.11752E-03
 Bot Flux [L/T]     -0.43042E-02
 WatBalT  [L]       -0.15497E-05
 WatBalR  [%]              0.000
----------------------------------------------------------

----------------------------------------------------------
 Time       [T]       15.0000
----------------------------------------------------------
 Sub-region num.                     1            2
----------------------------------------------------------
 Length   [L]        0.45200E+01  0.39329E+01  0.58712E+00
 W-volume [L]        0.14526E+01  0.87213E+00  0.58043E+00
 In-flow  [L/T]     -0.21041E-02 -0.21041E-02 -0.15087E-07
 h Mean   [L]       -0.88438E+03 -0.86710E+03 -0.10001E+04
 Top Flux [L/T]     -0.59234E-04
 Bot Flux [L/T]     -0.21031E-02
 WatBalT  [L]       -0.68545E-05
 WatBalR  [%]              0.001
----------------------------------------------------------

----------------------------------------------------------
 Time       [T]      100.0000
----------------------------------------------------------
 Sub-region num.                     1            2
----------------------------------------------------------
 Length   [L]        0.45200E+01  0.39329E+01  0.58712E+00
 W-volume [L]        0.14376E+01  0.85715E+00  0.58043E+00
 In-flow  [L/T]     -0.11582E-05 -0.11581E-05 -0.59934E-10
 h Mean   [L]       -0.10022E+04 -0.10025E+04 -0.10003E+04
 Top Flux [L/T]     -0.34761E-07
 Bot Flux [L/T]     -0.92357E-06
 WatBalT  [L]        0.97156E-05
 WatBalR  [%]              0.001
----------------------------------------------------------
 
 Calculation time [sec]  2.000004053115845E-002
