 ******* Program HYDRUS
 ******* 
 Test example for Onestep outflow method                                 
 Date:   6. 6.    Time:   9:59:59
 Units: L = cm   , T = hours, M = mmol 
 
 CosAlf,MaxIt,TolTh,  TolH
 1.000   20   0.001 0.10000
 
 TopInF,BotInF,AtmBC,SinkF,WLayer,qGWLF,FreeD,SeepF,lWat,lChem,lTemp,lRoot,lWDep
     F     F     F     F     F     F     F     F     T     F     F     F     F

Nodal point information

node      x         hOld    MatN LayN  Beta      Ah       AK      ATh     Temp    Conc(1...NS)         Sorb(1...NS)

   1      0.000     -2.000    1    1   0.000    1.000    1.000    1.000
   2     -0.158     -1.842    1    1   0.000    1.000    1.000    1.000
   3     -0.314     -1.686    1    1   0.000    1.000    1.000    1.000
   4     -0.466     -1.534    1    1   0.000    1.000    1.000    1.000
   5     -0.614     -1.386    1    1   0.000    1.000    1.000    1.000
   6     -0.760     -1.240    1    1   0.000    1.000    1.000    1.000
   7     -0.902     -1.098    1    1   0.000    1.000    1.000    1.000
   8     -1.042     -0.958    1    1   0.000    1.000    1.000    1.000
   9     -1.178     -0.822    1    1   0.000    1.000    1.000    1.000
  10     -1.310     -0.690    1    1   0.000    1.000    1.000    1.000
  11     -1.440     -0.560    1    1   0.000    1.000    1.000    1.000
  12     -1.566     -0.434    1    1   0.000    1.000    1.000    1.000
  13     -1.689     -0.311    1    1   0.000    1.000    1.000    1.000
  14     -1.809     -0.191    1    1   0.000    1.000    1.000    1.000
  15     -1.926     -0.074    1    1   0.000    1.000    1.000    1.000
  16     -2.039      0.039    1    1   0.000    1.000    1.000    1.000
  17     -2.150      0.150    1    1   0.000    1.000    1.000    1.000
  18     -2.257      0.257    1    1   0.000    1.000    1.000    1.000
  19     -2.360      0.360    1    1   0.000    1.000    1.000    1.000
  20     -2.461      0.461    1    1   0.000    1.000    1.000    1.000
  21     -2.559      0.558    1    1   0.000    1.000    1.000    1.000
  22     -2.653      0.653    1    1   0.000    1.000    1.000    1.000
  23     -2.744      0.744    1    1   0.000    1.000    1.000    1.000
  24     -2.831      0.831    1    1   0.000    1.000    1.000    1.000
  25     -2.916      0.916    1    1   0.000    1.000    1.000    1.000
  26     -2.997      0.997    1    1   0.000    1.000    1.000    1.000
  27     -3.076      1.076    1    1   0.000    1.000    1.000    1.000
  28     -3.150      1.150    1    1   0.000    1.000    1.000    1.000
  29     -3.222      1.222    1    1   0.000    1.000    1.000    1.000
  30     -3.291      1.291    1    1   0.000    1.000    1.000    1.000
  31     -3.356      1.356    1    1   0.000    1.000    1.000    1.000
  32     -3.418      1.418    1    1   0.000    1.000    1.000    1.000
  33     -3.477      1.477    1    1   0.000    1.000    1.000    1.000
  34     -3.533      1.533    1    1   0.000    1.000    1.000    1.000
  35     -3.585      1.585    1    1   0.000    1.000    1.000    1.000
  36     -3.634      1.634    1    1   0.000    1.000    1.000    1.000
  37     -3.680      1.680    1    1   0.000    1.000    1.000    1.000
  38     -3.723      1.723    1    1   0.000    1.000    1.000    1.000
  39     -3.763      1.763    1    1   0.000    1.000    1.000    1.000
  40     -3.799      1.799    1    1   0.000    1.000    1.000    1.000
  41     -3.832      1.832    1    1   0.000    1.000    1.000    1.000
  42     -3.862      1.862    1    1   0.000    1.000    1.000    1.000
  43     -3.889      1.889    1    1   0.000    1.000    1.000    1.000
  44     -3.913      1.913    1    1   0.000    1.000    1.000    1.000
  45     -3.933      1.933    1    1   0.000    1.000    1.000    1.000
  46     -3.950      1.950    2    2   0.000    1.000    1.000    1.000
  47     -4.093      2.092    2    2   0.000    1.000    1.000    1.000
  48     -4.235      2.235    2    2   0.000    1.000    1.000    1.000
  49     -4.378      2.378    2    2   0.000    1.000    1.000    1.000
  50     -4.520  -1000.000    2    2   0.000    1.000    1.000    1.000
end

 Number of species in the chain :   0


MatNum, Param. array:

   Mat     Qr     Qs        Alfa         n          Ks      l

    1    0.142  0.388   0.314E-01   0.134E+01   0.540E+01  0.500
    2    0.000  1.000   0.100E-19   0.100E+01   0.300E-02  0.500

       Table of Hydraulic Properties which are interpolated in simulation
       =================================================================

  theta         h        log h        C             K        log K          S          Kv
 
  0.3880  -0.100E-02 -0.3000E+01  0.7744E-04  0.5086E+01  0.7064E+00    1.0000  0.6065E-31
  0.3880  -0.115E-02 -0.2938E+01  0.8132E-04  0.5071E+01  0.7051E+00    1.0000  0.6065E-31
  0.3880  -0.133E-02 -0.2875E+01  0.8538E-04  0.5055E+01  0.7037E+00    1.0000  0.2343E-30
  0.3880  -0.154E-02 -0.2813E+01  0.8965E-04  0.5038E+01  0.7022E+00    1.0000  0.2343E-30
  0.3880  -0.178E-02 -0.2750E+01  0.9414E-04  0.5020E+01  0.7007E+00    1.0000  0.6113E-30
  0.3880  -0.205E-02 -0.2688E+01  0.9885E-04  0.5001E+01  0.6991E+00    1.0000  0.1286E-29
  0.3880  -0.237E-02 -0.2626E+01  0.1038E-03  0.4982E+01  0.6974E+00    1.0000  0.2362E-29
  0.3880  -0.273E-02 -0.2563E+01  0.1090E-03  0.4961E+01  0.6956E+00    1.0000  0.3948E-29
  0.3880  -0.316E-02 -0.2501E+01  0.1144E-03  0.4940E+01  0.6937E+00    1.0000  0.9124E-29
  0.3880  -0.364E-02 -0.2439E+01  0.1202E-03  0.4917E+01  0.6917E+00    1.0000  0.1781E-28
  0.3880  -0.421E-02 -0.2376E+01  0.1262E-03  0.4894E+01  0.6896E+00    1.0000  0.3108E-28
  0.3880  -0.486E-02 -0.2314E+01  0.1325E-03  0.4869E+01  0.6874E+00    1.0000  0.6210E-28
  0.3880  -0.561E-02 -0.2251E+01  0.1391E-03  0.4843E+01  0.6851E+00    1.0000  0.1307E-27
  0.3880  -0.647E-02 -0.2189E+01  0.1461E-03  0.4816E+01  0.6827E+00    1.0000  0.2399E-27
  0.3880  -0.747E-02 -0.2127E+01  0.1534E-03  0.4788E+01  0.6801E+00    1.0000  0.4509E-27
  0.3880  -0.863E-02 -0.2064E+01  0.1611E-03  0.4758E+01  0.6774E+00    1.0000  0.8439E-27
  0.3880  -0.996E-02 -0.2002E+01  0.1691E-03  0.4727E+01  0.6746E+00    1.0000  0.1550E-26
  0.3880  -0.115E-01 -0.1939E+01  0.1776E-03  0.4694E+01  0.6716E+00    1.0000  0.2960E-26
  0.3880  -0.133E-01 -0.1877E+01  0.1864E-03  0.4660E+01  0.6684E+00    1.0000  0.5676E-26
  0.3880  -0.153E-01 -0.1815E+01  0.1958E-03  0.4625E+01  0.6651E+00    1.0000  0.1071E-25
  0.3880  -0.177E-01 -0.1752E+01  0.2056E-03  0.4588E+01  0.6616E+00    1.0000  0.2039E-25
  0.3880  -0.204E-01 -0.1690E+01  0.2158E-03  0.4549E+01  0.6579E+00    1.0000  0.3837E-25
  0.3880  -0.236E-01 -0.1628E+01  0.2266E-03  0.4508E+01  0.6540E+00    1.0000  0.7409E-25
  0.3880  -0.272E-01 -0.1565E+01  0.2380E-03  0.4465E+01  0.6499E+00    1.0000  0.1395E-24
  0.3880  -0.314E-01 -0.1503E+01  0.2499E-03  0.4421E+01  0.6455E+00    1.0000  0.2677E-24
  0.3880  -0.363E-01 -0.1440E+01  0.2624E-03  0.4375E+01  0.6409E+00    1.0000  0.5027E-24
  0.3880  -0.419E-01 -0.1378E+01  0.2755E-03  0.4326E+01  0.6361E+00    1.0000  0.9602E-24
  0.3880  -0.483E-01 -0.1316E+01  0.2893E-03  0.4276E+01  0.6310E+00    1.0000  0.1818E-23
  0.3880  -0.558E-01 -0.1253E+01  0.3037E-03  0.4223E+01  0.6256E+00    0.9999  0.3473E-23
  0.3880  -0.644E-01 -0.1191E+01  0.3189E-03  0.4168E+01  0.6199E+00    0.9999  0.6588E-23
  0.3880  -0.744E-01 -0.1128E+01  0.3348E-03  0.4110E+01  0.6139E+00    0.9999  0.1249E-22
  0.3880  -0.859E-01 -0.1066E+01  0.3515E-03  0.4050E+01  0.6075E+00    0.9999  0.2368E-22
  0.3880  -0.992E-01 -0.1004E+01  0.3691E-03  0.3988E+01  0.6007E+00    0.9999  0.4508E-22
  0.3880  -0.114E+00 -0.9413E+00  0.3875E-03  0.3923E+01  0.5936E+00    0.9999  0.8546E-22
  0.3880  -0.132E+00 -0.8789E+00  0.4068E-03  0.3855E+01  0.5860E+00    0.9998  0.1624E-21
  0.3880  -0.153E+00 -0.8165E+00  0.4271E-03  0.3785E+01  0.5780E+00    0.9998  0.3086E-21
  0.3879  -0.176E+00 -0.7541E+00  0.4484E-03  0.3711E+01  0.5695E+00    0.9998  0.5855E-21
  0.3879  -0.203E+00 -0.6918E+00  0.4707E-03  0.3635E+01  0.5605E+00    0.9997  0.1112E-20
  0.3879  -0.235E+00 -0.6294E+00  0.4941E-03  0.3556E+01  0.5510E+00    0.9996  0.2112E-20
  0.3879  -0.271E+00 -0.5670E+00  0.5186E-03  0.3474E+01  0.5408E+00    0.9996  0.4007E-20
  0.3879  -0.313E+00 -0.5046E+00  0.5443E-03  0.3389E+01  0.5300E+00    0.9995  0.7606E-20
  0.3878  -0.361E+00 -0.4422E+00  0.5713E-03  0.3301E+01  0.5186E+00    0.9994  0.1443E-19
  0.3878  -0.417E+00 -0.3798E+00  0.5994E-03  0.3209E+01  0.5064E+00    0.9992  0.2738E-19
  0.3878  -0.481E+00 -0.3175E+00  0.6289E-03  0.3115E+01  0.4934E+00    0.9991  0.5193E-19
  0.3877  -0.556E+00 -0.2551E+00  0.6598E-03  0.3017E+01  0.4795E+00    0.9989  0.9850E-19
  0.3877  -0.642E+00 -0.1927E+00  0.6920E-03  0.2916E+01  0.4648E+00    0.9986  0.1867E-18
  0.3876  -0.741E+00 -0.1303E+00  0.7255E-03  0.2812E+01  0.4490E+00    0.9984  0.3538E-18
  0.3875  -0.855E+00 -0.6792E-01  0.7605E-03  0.2705E+01  0.4322E+00    0.9980  0.6701E-18
  0.3874  -0.987E+00 -0.5532E-02  0.7969E-03  0.2595E+01  0.4141E+00    0.9976  0.1268E-17
  0.3873  -0.114E+01  0.5685E-01  0.8347E-03  0.2482E+01  0.3948E+00    0.9971  0.2399E-17
  0.3871  -0.132E+01  0.1192E+00  0.8738E-03  0.2367E+01  0.3741E+00    0.9965  0.4534E-17
  0.3870  -0.152E+01  0.1816E+00  0.9142E-03  0.2248E+01  0.3519E+00    0.9957  0.8560E-17
  0.3867  -0.175E+01  0.2440E+00  0.9557E-03  0.2128E+01  0.3280E+00    0.9949  0.1614E-16
  0.3865  -0.202E+01  0.3064E+00  0.9981E-03  0.2006E+01  0.3023E+00    0.9938  0.3038E-16
  0.3861  -0.234E+01  0.3688E+00  0.1041E-02  0.1882E+01  0.2746E+00    0.9925  0.5708E-16
  0.3858  -0.270E+01  0.4312E+00  0.1085E-02  0.1757E+01  0.2448E+00    0.9909  0.1070E-15
  0.3853  -0.312E+01  0.4935E+00  0.1129E-02  0.1631E+01  0.2125E+00    0.9890  0.2001E-15
  0.3847  -0.360E+01  0.5559E+00  0.1172E-02  0.1505E+01  0.1777E+00    0.9868  0.3730E-15
  0.3841  -0.415E+01  0.6183E+00  0.1214E-02  0.1380E+01  0.1399E+00    0.9841  0.6926E-15
  0.3833  -0.479E+01  0.6807E+00  0.1254E-02  0.1256E+01  0.9904E-01    0.9809  0.1280E-14
  0.3824  -0.553E+01  0.7431E+00  0.1292E-02  0.1134E+01  0.5470E-01    0.9771  0.2354E-14
  0.3812  -0.639E+01  0.8055E+00  0.1325E-02  0.1015E+01  0.6585E-02    0.9725  0.4300E-14
  0.3799  -0.738E+01  0.8679E+00  0.1354E-02  0.9002E+00 -0.4565E-01    0.9671  0.7798E-14
  0.3784  -0.852E+01  0.9302E+00  0.1376E-02  0.7900E+00 -0.1024E+00    0.9608  0.1402E-13
  0.3765  -0.983E+01  0.9926E+00  0.1391E-02  0.6856E+00 -0.1639E+00    0.9534  0.2495E-13
  0.3744  -0.114E+02  0.1055E+01  0.1397E-02  0.5879E+00 -0.2307E+00    0.9448  0.4389E-13
  0.3720  -0.131E+02  0.1117E+01  0.1392E-02  0.4977E+00 -0.3031E+00    0.9349  0.7621E-13
  0.3692  -0.151E+02  0.1180E+01  0.1376E-02  0.4156E+00 -0.3813E+00    0.9235  0.1304E-12
  0.3660  -0.175E+02  0.1242E+01  0.1347E-02  0.3421E+00 -0.4658E+00    0.9105  0.2194E-12
  0.3624  -0.202E+02  0.1305E+01  0.1306E-02  0.2775E+00 -0.5568E+00    0.8960  0.3626E-12
  0.3584  -0.233E+02  0.1367E+01  0.1253E-02  0.2216E+00 -0.6544E+00    0.8798  0.5874E-12
  0.3540  -0.269E+02  0.1429E+01  0.1189E-02  0.1743E+00 -0.7587E+00    0.8620  0.9318E-12
  0.3492  -0.310E+02  0.1492E+01  0.1116E-02  0.1350E+00 -0.8698E+00    0.8425  0.1445E-11
  0.3441  -0.358E+02  0.1554E+01  0.1035E-02  0.1029E+00 -0.9874E+00    0.8216  0.2191E-11
  0.3386  -0.413E+02  0.1616E+01  0.9484E-03  0.7736E-01 -0.1112E+01    0.7993  0.3242E-11
  0.3328  -0.477E+02  0.1679E+01  0.8597E-03  0.5732E-01 -0.1242E+01    0.7759  0.4685E-11
  0.3268  -0.551E+02  0.1741E+01  0.7709E-03  0.4191E-01 -0.1378E+01    0.7515  0.6611E-11
  0.3206  -0.636E+02  0.1804E+01  0.6842E-03  0.3027E-01 -0.1519E+01    0.7264  0.9113E-11
  0.3143  -0.735E+02  0.1866E+01  0.6016E-03  0.2162E-01 -0.1665E+01    0.7008  0.1228E-10
  0.3080  -0.848E+02  0.1928E+01  0.5245E-03  0.1528E-01 -0.1816E+01    0.6749  0.1619E-10
  0.3016  -0.979E+02  0.1991E+01  0.4537E-03  0.1071E-01 -0.1970E+01    0.6489  0.2092E-10
  0.2952  -0.113E+03  0.2053E+01  0.3898E-03  0.7443E-02 -0.2128E+01    0.6231  0.2650E-10
  0.2889  -0.130E+03  0.2116E+01  0.3328E-03  0.5138E-02 -0.2289E+01    0.5976  0.3297E-10
  0.2828  -0.151E+03  0.2178E+01  0.2827E-03  0.3525E-02 -0.2453E+01    0.5725  0.4034E-10
  0.2767  -0.174E+03  0.2240E+01  0.2390E-03  0.2406E-02 -0.2619E+01    0.5479  0.4860E-10
  0.2708  -0.201E+03  0.2303E+01  0.2012E-03  0.1635E-02 -0.2787E+01    0.5240  0.5771E-10
  0.2651  -0.232E+03  0.2365E+01  0.1689E-03  0.1107E-02 -0.2956E+01    0.5008  0.6764E-10
  0.2596  -0.268E+03  0.2427E+01  0.1414E-03  0.7468E-03 -0.3127E+01    0.4783  0.7832E-10
  0.2542  -0.309E+03  0.2490E+01  0.1180E-03  0.5026E-03 -0.3299E+01    0.4566  0.8970E-10
  0.2491  -0.357E+03  0.2552E+01  0.9834E-04  0.3375E-03 -0.3472E+01    0.4358  0.1017E-09
  0.2442  -0.412E+03  0.2615E+01  0.8180E-04  0.2262E-03 -0.3645E+01    0.4157  0.1143E-09
  0.2394  -0.475E+03  0.2677E+01  0.6795E-04  0.1514E-03 -0.3820E+01    0.3965  0.1273E-09
  0.2349  -0.549E+03  0.2739E+01  0.5638E-04  0.1012E-03 -0.3995E+01    0.3780  0.1407E-09
  0.2305  -0.634E+03  0.2802E+01  0.4673E-04  0.6754E-04 -0.4170E+01    0.3603  0.1545E-09
  0.2264  -0.731E+03  0.2864E+01  0.3870E-04  0.4505E-04 -0.4346E+01    0.3434  0.1685E-09
  0.2224  -0.844E+03  0.2927E+01  0.3203E-04  0.3002E-04 -0.4523E+01    0.3273  0.1827E-09
  0.2186  -0.975E+03  0.2989E+01  0.2649E-04  0.2000E-04 -0.4699E+01    0.3119  0.1970E-09
  0.2150  -0.113E+04  0.3051E+01  0.2190E-04  0.1331E-04 -0.4876E+01    0.2971  0.2114E-09
  0.2115  -0.130E+04  0.3114E+01  0.1810E-04  0.8859E-05 -0.5053E+01    0.2831  0.2258E-09
  0.2082  -0.150E+04  0.3176E+01  0.1495E-04  0.5893E-05 -0.5230E+01    0.2697  0.2402E-09
end
 
  1.0000  -0.100E-02 -0.3000E+01  0.0000E+00  0.3000E-02 -0.2523E+01    1.0000  0.0000E+00
  1.0000  -0.115E-02 -0.2938E+01  0.0000E+00  0.3000E-02 -0.2523E+01    1.0000  0.0000E+00
  1.0000  -0.133E-02 -0.2875E+01  0.0000E+00  0.3000E-02 -0.2523E+01    1.0000  0.0000E+00
  1.0000  -0.154E-02 -0.2813E+01  0.0000E+00  0.3000E-02 -0.2523E+01    1.0000  0.0000E+00
  1.0000  -0.178E-02 -0.2750E+01  0.0000E+00  0.3000E-02 -0.2523E+01    1.0000  0.0000E+00
  1.0000  -0.205E-02 -0.2688E+01  0.0000E+00  0.3000E-02 -0.2523E+01    1.0000  0.0000E+00
  1.0000  -0.237E-02 -0.2626E+01  0.0000E+00  0.3000E-02 -0.2523E+01    1.0000  0.0000E+00
  1.0000  -0.273E-02 -0.2563E+01  0.0000E+00  0.3000E-02 -0.2523E+01    1.0000  0.0000E+00
  1.0000  -0.316E-02 -0.2501E+01  0.0000E+00  0.3000E-02 -0.2523E+01    1.0000  0.0000E+00
  1.0000  -0.364E-02 -0.2439E+01  0.0000E+00  0.3000E-02 -0.2523E+01    1.0000  0.0000E+00
  1.0000  -0.421E-02 -0.2376E+01  0.0000E+00  0.3000E-02 -0.2523E+01    1.0000  0.0000E+00
  1.0000  -0.486E-02 -0.2314E+01  0.0000E+00  0.3000E-02 -0.2523E+01    1.0000  0.0000E+00
  1.0000  -0.561E-02 -0.2251E+01  0.0000E+00  0.3000E-02 -0.2523E+01    1.0000  0.0000E+00
  1.0000  -0.647E-02 -0.2189E+01  0.0000E+00  0.3000E-02 -0.2523E+01    1.0000  0.0000E+00
  1.0000  -0.747E-02 -0.2127E+01  0.0000E+00  0.3000E-02 -0.2523E+01    1.0000  0.0000E+00
  1.0000  -0.863E-02 -0.2064E+01  0.0000E+00  0.3000E-02 -0.2523E+01    1.0000  0.0000E+00
  1.0000  -0.996E-02 -0.2002E+01  0.0000E+00  0.3000E-02 -0.2523E+01    1.0000  0.0000E+00
  1.0000  -0.115E-01 -0.1939E+01  0.0000E+00  0.3000E-02 -0.2523E+01    1.0000  0.0000E+00
  1.0000  -0.133E-01 -0.1877E+01  0.0000E+00  0.3000E-02 -0.2523E+01    1.0000  0.0000E+00
  1.0000  -0.153E-01 -0.1815E+01  0.0000E+00  0.3000E-02 -0.2523E+01    1.0000  0.0000E+00
  1.0000  -0.177E-01 -0.1752E+01  0.0000E+00  0.3000E-02 -0.2523E+01    1.0000  0.0000E+00
  1.0000  -0.204E-01 -0.1690E+01  0.0000E+00  0.3000E-02 -0.2523E+01    1.0000  0.0000E+00
  1.0000  -0.236E-01 -0.1628E+01  0.0000E+00  0.3000E-02 -0.2523E+01    1.0000  0.0000E+00
  1.0000  -0.272E-01 -0.1565E+01  0.0000E+00  0.3000E-02 -0.2523E+01    1.0000  0.0000E+00
  1.0000  -0.314E-01 -0.1503E+01  0.0000E+00  0.3000E-02 -0.2523E+01    1.0000  0.0000E+00
  1.0000  -0.363E-01 -0.1440E+01  0.0000E+00  0.3000E-02 -0.2523E+01    1.0000  0.0000E+00
  1.0000  -0.419E-01 -0.1378E+01  0.0000E+00  0.3000E-02 -0.2523E+01    1.0000  0.0000E+00
  1.0000  -0.483E-01 -0.1316E+01  0.0000E+00  0.3000E-02 -0.2523E+01    1.0000  0.0000E+00
  1.0000  -0.558E-01 -0.1253E+01  0.0000E+00  0.3000E-02 -0.2523E+01    1.0000  0.0000E+00
  1.0000  -0.644E-01 -0.1191E+01  0.0000E+00  0.3000E-02 -0.2523E+01    1.0000  0.0000E+00
  1.0000  -0.744E-01 -0.1128E+01  0.0000E+00  0.3000E-02 -0.2523E+01    1.0000  0.0000E+00
  1.0000  -0.859E-01 -0.1066E+01  0.0000E+00  0.3000E-02 -0.2523E+01    1.0000  0.0000E+00
  1.0000  -0.992E-01 -0.1004E+01  0.0000E+00  0.3000E-02 -0.2523E+01    1.0000  0.0000E+00
  1.0000  -0.114E+00 -0.9413E+00  0.0000E+00  0.3000E-02 -0.2523E+01    1.0000  0.0000E+00
  1.0000  -0.132E+00 -0.8789E+00  0.0000E+00  0.3000E-02 -0.2523E+01    1.0000  0.0000E+00
  1.0000  -0.153E+00 -0.8165E+00  0.0000E+00  0.3000E-02 -0.2523E+01    1.0000  0.0000E+00
  1.0000  -0.176E+00 -0.7541E+00  0.0000E+00  0.3000E-02 -0.2523E+01    1.0000  0.0000E+00
  1.0000  -0.203E+00 -0.6918E+00  0.0000E+00  0.3000E-02 -0.2523E+01    1.0000  0.0000E+00
  1.0000  -0.235E+00 -0.6294E+00  0.0000E+00  0.3000E-02 -0.2523E+01    1.0000  0.0000E+00
  1.0000  -0.271E+00 -0.5670E+00  0.0000E+00  0.3000E-02 -0.2523E+01    1.0000  0.0000E+00
  1.0000  -0.313E+00 -0.5046E+00  0.0000E+00  0.3000E-02 -0.2523E+01    1.0000  0.0000E+00
  1.0000  -0.361E+00 -0.4422E+00  0.0000E+00  0.3000E-02 -0.2523E+01    1.0000  0.0000E+00
  1.0000  -0.417E+00 -0.3798E+00  0.0000E+00  0.3000E-02 -0.2523E+01    1.0000  0.0000E+00
  1.0000  -0.481E+00 -0.3175E+00  0.0000E+00  0.3000E-02 -0.2523E+01    1.0000  0.0000E+00
  1.0000  -0.556E+00 -0.2551E+00  0.0000E+00  0.3000E-02 -0.2523E+01    1.0000  0.0000E+00
  1.0000  -0.642E+00 -0.1927E+00  0.0000E+00  0.3000E-02 -0.2523E+01    1.0000  0.0000E+00
  1.0000  -0.741E+00 -0.1303E+00  0.0000E+00  0.3000E-02 -0.2523E+01    1.0000  0.0000E+00
  1.0000  -0.855E+00 -0.6792E-01  0.0000E+00  0.3000E-02 -0.2523E+01    1.0000  0.0000E+00
  1.0000  -0.987E+00 -0.5532E-02  0.0000E+00  0.3000E-02 -0.2523E+01    1.0000  0.0000E+00
  1.0000  -0.114E+01  0.5685E-01  0.0000E+00  0.3000E-02 -0.2523E+01    1.0000  0.0000E+00
  1.0000  -0.132E+01  0.1192E+00  0.0000E+00  0.3000E-02 -0.2523E+01    1.0000  0.0000E+00
  1.0000  -0.152E+01  0.1816E+00  0.0000E+00  0.3000E-02 -0.2523E+01    1.0000  0.0000E+00
  1.0000  -0.175E+01  0.2440E+00  0.0000E+00  0.3000E-02 -0.2523E+01    1.0000  0.0000E+00
  1.0000  -0.202E+01  0.3064E+00  0.0000E+00  0.3000E-02 -0.2523E+01    1.0000  0.0000E+00
  1.0000  -0.234E+01  0.3688E+00  0.0000E+00  0.3000E-02 -0.2523E+01    1.0000  0.0000E+00
  1.0000  -0.270E+01  0.4312E+00  0.0000E+00  0.3000E-02 -0.2523E+01    1.0000  0.0000E+00
  1.0000  -0.312E+01  0.4935E+00  0.0000E+00  0.3000E-02 -0.2523E+01    1.0000  0.0000E+00
  1.0000  -0.360E+01  0.5559E+00  0.0000E+00  0.3000E-02 -0.2523E+01    1.0000  0.0000E+00
  1.0000  -0.415E+01  0.6183E+00  0.0000E+00  0.3000E-02 -0.2523E+01    1.0000  0.0000E+00
  1.0000  -0.479E+01  0.6807E+00  0.0000E+00  0.3000E-02 -0.2523E+01    1.0000  0.0000E+00
  1.0000  -0.553E+01  0.7431E+00  0.0000E+00  0.3000E-02 -0.2523E+01    1.0000  0.0000E+00
  1.0000  -0.639E+01  0.8055E+00  0.0000E+00  0.3000E-02 -0.2523E+01    1.0000  0.0000E+00
  1.0000  -0.738E+01  0.8679E+00  0.0000E+00  0.3000E-02 -0.2523E+01    1.0000  0.0000E+00
  1.0000  -0.852E+01  0.9302E+00  0.0000E+00  0.3000E-02 -0.2523E+01    1.0000  0.0000E+00
  1.0000  -0.983E+01  0.9926E+00  0.0000E+00  0.3000E-02 -0.2523E+01    1.0000  0.0000E+00
  1.0000  -0.114E+02  0.1055E+01  0.0000E+00  0.3000E-02 -0.2523E+01    1.0000  0.0000E+00
  1.0000  -0.131E+02  0.1117E+01  0.0000E+00  0.3000E-02 -0.2523E+01    1.0000  0.0000E+00
  1.0000  -0.151E+02  0.1180E+01  0.0000E+00  0.3000E-02 -0.2523E+01    1.0000  0.0000E+00
  1.0000  -0.175E+02  0.1242E+01  0.0000E+00  0.3000E-02 -0.2523E+01    1.0000  0.0000E+00
  1.0000  -0.202E+02  0.1305E+01  0.0000E+00  0.3000E-02 -0.2523E+01    1.0000  0.0000E+00
  1.0000  -0.233E+02  0.1367E+01  0.0000E+00  0.3000E-02 -0.2523E+01    1.0000  0.0000E+00
  1.0000  -0.269E+02  0.1429E+01  0.0000E+00  0.3000E-02 -0.2523E+01    1.0000  0.0000E+00
  1.0000  -0.310E+02  0.1492E+01  0.0000E+00  0.3000E-02 -0.2523E+01    1.0000  0.0000E+00
  1.0000  -0.358E+02  0.1554E+01  0.0000E+00  0.3000E-02 -0.2523E+01    1.0000  0.0000E+00
  1.0000  -0.413E+02  0.1616E+01  0.0000E+00  0.3000E-02 -0.2523E+01    1.0000  0.0000E+00
  1.0000  -0.477E+02  0.1679E+01  0.0000E+00  0.3000E-02 -0.2523E+01    1.0000  0.0000E+00
  1.0000  -0.551E+02  0.1741E+01  0.0000E+00  0.3000E-02 -0.2523E+01    1.0000  0.0000E+00
  1.0000  -0.636E+02  0.1804E+01  0.0000E+00  0.3000E-02 -0.2523E+01    1.0000  0.0000E+00
  1.0000  -0.735E+02  0.1866E+01  0.0000E+00  0.3000E-02 -0.2523E+01    1.0000  0.0000E+00
  1.0000  -0.848E+02  0.1928E+01  0.0000E+00  0.3000E-02 -0.2523E+01    1.0000  0.0000E+00
  1.0000  -0.979E+02  0.1991E+01  0.0000E+00  0.3000E-02 -0.2523E+01    1.0000  0.0000E+00
  1.0000  -0.113E+03  0.2053E+01  0.0000E+00  0.3000E-02 -0.2523E+01    1.0000  0.0000E+00
  1.0000  -0.130E+03  0.2116E+01  0.0000E+00  0.3000E-02 -0.2523E+01    1.0000  0.0000E+00
  1.0000  -0.151E+03  0.2178E+01  0.0000E+00  0.3000E-02 -0.2523E+01    1.0000  0.0000E+00
  1.0000  -0.174E+03  0.2240E+01  0.0000E+00  0.3000E-02 -0.2523E+01    1.0000  0.0000E+00
  1.0000  -0.201E+03  0.2303E+01  0.0000E+00  0.3000E-02 -0.2523E+01    1.0000  0.0000E+00
  1.0000  -0.232E+03  0.2365E+01  0.0000E+00  0.3000E-02 -0.2523E+01    1.0000  0.0000E+00
  1.0000  -0.268E+03  0.2427E+01  0.0000E+00  0.3000E-02 -0.2523E+01    1.0000  0.0000E+00
  1.0000  -0.309E+03  0.2490E+01  0.0000E+00  0.3000E-02 -0.2523E+01    1.0000  0.0000E+00
  1.0000  -0.357E+03  0.2552E+01  0.0000E+00  0.3000E-02 -0.2523E+01    1.0000  0.0000E+00
  1.0000  -0.412E+03  0.2615E+01  0.0000E+00  0.3000E-02 -0.2523E+01    1.0000  0.0000E+00
  1.0000  -0.475E+03  0.2677E+01  0.0000E+00  0.3000E-02 -0.2523E+01    1.0000  0.0000E+00
  1.0000  -0.549E+03  0.2739E+01  0.0000E+00  0.3000E-02 -0.2523E+01    1.0000  0.0000E+00
  1.0000  -0.634E+03  0.2802E+01  0.0000E+00  0.3000E-02 -0.2523E+01    1.0000  0.0000E+00
  1.0000  -0.731E+03  0.2864E+01  0.0000E+00  0.3000E-02 -0.2523E+01    1.0000  0.0000E+00
  1.0000  -0.844E+03  0.2927E+01  0.0000E+00  0.3000E-02 -0.2523E+01    1.0000  0.0000E+00
  1.0000  -0.975E+03  0.2989E+01  0.0000E+00  0.3000E-02 -0.2523E+01    1.0000  0.0000E+00
  1.0000  -0.113E+04  0.3051E+01  0.0000E+00  0.3000E-02 -0.2523E+01    1.0000  0.0000E+00
  1.0000  -0.130E+04  0.3114E+01  0.0000E+00  0.3000E-02 -0.2523E+01    1.0000  0.0000E+00
  1.0000  -0.150E+04  0.3176E+01  0.0000E+00  0.3000E-02 -0.2523E+01    1.0000  0.0000E+00
end
