 ******* Program HYDRUS
 ******* 
 Test example for Onestep outflow method                                 
 Date:   6. 6.    Time:   9:59:59
 Units: L = cm   , T = hours, M = mmol 


 Time:        0.0000


 Node      Depth      Head Moisture       K          C         Flux        Sink         Kappa   v/KsTop   Temp
           [L]        [L]    [-]        [L/T]      [1/L]      [L/T]        [1/T]         [-]      [-]      [C]

   1     0.0000      -2.000 0.3865   0.2017E+01  0.9942E-03  0.1468E-05  0.0000E+00      -1   0.272E-06   20.00
   2    -0.1584      -1.842 0.3866   0.2089E+01  0.9694E-03  0.3655E-06  0.0000E+00      -1   0.677E-07   20.00
   3    -0.3137      -1.686 0.3868   0.2163E+01  0.9437E-03 -0.2916E-05  0.0000E+00      -1  -0.540E-06   20.00
   4    -0.4657      -1.534 0.3869   0.2241E+01  0.9168E-03  0.6452E-06  0.0000E+00      -1   0.119E-06   20.00
   5    -0.6145      -1.386 0.3871   0.2326E+01  0.8876E-03  0.5259E-05  0.0000E+00      -1   0.974E-06   20.00
   6    -0.7601      -1.240 0.3872   0.2416E+01  0.8569E-03  0.2001E-05  0.0000E+00      -1   0.371E-06   20.00
   7    -0.9024      -1.098 0.3873   0.2513E+01  0.8242E-03 -0.4914E-05  0.0000E+00      -1  -0.910E-06   20.00
   8    -1.0416      -0.958 0.3874   0.2619E+01  0.7890E-03 -0.9285E-06  0.0000E+00      -1  -0.172E-06   20.00
   9    -1.1776      -0.822 0.3875   0.2736E+01  0.7505E-03  0.1065E-05  0.0000E+00      -1   0.197E-06   20.00
  10    -1.3103      -0.690 0.3876   0.2866E+01  0.7082E-03 -0.4508E-05  0.0000E+00      -1  -0.835E-06   20.00
  11    -1.4398      -0.560 0.3877   0.3012E+01  0.6614E-03 -0.2424E-05  0.0000E+00      -1  -0.449E-06   20.00
  12    -1.5662      -0.434 0.3878   0.3184E+01  0.6071E-03  0.6424E-05  0.0000E+00      -1   0.119E-05   20.00
  13    -1.6893      -0.311 0.3879   0.3393E+01  0.5430E-03 -0.2513E-06  0.0000E+00      -1  -0.465E-07   20.00
  14    -1.8092      -0.191 0.3879   0.3670E+01  0.4605E-03 -0.1187E-04  0.0000E+00      -1  -0.220E-05   20.00
  15    -1.9258      -0.074 0.3880   0.4112E+01  0.3344E-03  0.1608E-04  0.0000E+00      -1   0.298E-05   20.00
  16    -2.0393       0.039 0.3880   0.5400E+01  0.0000E+00  0.3918E-05  0.0000E+00      -1   0.726E-06   20.00
  17    -2.1496       0.150 0.3880   0.5400E+01  0.0000E+00 -0.5252E-05  0.0000E+00      -1  -0.973E-06   20.00
  18    -2.2566       0.257 0.3880   0.5400E+01  0.0000E+00 -0.9052E-06  0.0000E+00      -1  -0.168E-06   20.00
  19    -2.3605       0.360 0.3880   0.5400E+01  0.0000E+00 -0.1182E-04  0.0000E+00      -1  -0.219E-05   20.00
  20    -2.4611       0.461 0.3880   0.5400E+01  0.0000E+00  0.5220E-07  0.0000E+00      -1   0.967E-08   20.00
  21    -2.5585       0.558 0.3880   0.5400E+01  0.0000E+00  0.1007E-04  0.0000E+00      -1   0.187E-05   20.00
  22    -2.6527       0.653 0.3880   0.5400E+01  0.0000E+00 -0.6148E-07  0.0000E+00      -1  -0.114E-07   20.00
  23    -2.7437       0.744 0.3880   0.5400E+01  0.0000E+00  0.2869E-07  0.0000E+00      -1   0.531E-08   20.00
  24    -2.8315       0.831 0.3880   0.5400E+01  0.0000E+00  0.2417E-04  0.0000E+00      -1   0.448E-05   20.00
  25    -2.9160       0.916 0.3880   0.5400E+01  0.0000E+00 -0.2150E-04  0.0000E+00      -1  -0.398E-05   20.00
  26    -2.9974       0.997 0.3880   0.5400E+01  0.0000E+00 -0.1823E-04  0.0000E+00      -1  -0.338E-05   20.00
  27    -3.0755       1.076 0.3880   0.5400E+01  0.0000E+00  0.2086E-04  0.0000E+00      -1   0.386E-05   20.00
  28    -3.1505       1.150 0.3880   0.5400E+01  0.0000E+00 -0.4539E-05  0.0000E+00      -1  -0.841E-06   20.00
  29    -3.2222       1.222 0.3880   0.5400E+01  0.0000E+00 -0.4501E-05  0.0000E+00      -1  -0.834E-06   20.00
  30    -3.2907       1.291 0.3880   0.5400E+01  0.0000E+00  0.4944E-05  0.0000E+00      -1   0.916E-06   20.00
  31    -3.3560       1.356 0.3880   0.5400E+01  0.0000E+00  0.0000E+00  0.0000E+00      -1   0.000E+00   20.00
  32    -3.4181       1.418 0.3880   0.5400E+01  0.0000E+00  0.0000E+00  0.0000E+00      -1   0.000E+00   20.00
  33    -3.4769       1.477 0.3880   0.5400E+01  0.0000E+00  0.0000E+00  0.0000E+00      -1   0.000E+00   20.00
  34    -3.5326       1.533 0.3880   0.5400E+01  0.0000E+00  0.0000E+00  0.0000E+00      -1   0.000E+00   20.00
  35    -3.5850       1.585 0.3880   0.5400E+01  0.0000E+00 -0.6390E-05  0.0000E+00      -1  -0.118E-05   20.00
  36    -3.6343       1.634 0.3880   0.5400E+01  0.0000E+00 -0.6821E-05  0.0000E+00      -1  -0.126E-05   20.00
  37    -3.6803       1.680 0.3880   0.5400E+01  0.0000E+00  0.1458E-04  0.0000E+00      -1   0.270E-05   20.00
  38    -3.7231       1.723 0.3880   0.5400E+01  0.0000E+00  0.7829E-05  0.0000E+00      -1   0.145E-05   20.00
  39    -3.7627       1.763 0.3880   0.5400E+01  0.0000E+00 -0.2315E-06  0.0000E+00      -1  -0.429E-07   20.00
  40    -3.7991       1.799 0.3880   0.5400E+01  0.0000E+00 -0.1188E-06  0.0000E+00      -1  -0.220E-07   20.00
  41    -3.8323       1.832 0.3880   0.5400E+01  0.0000E+00 -0.6627E-07  0.0000E+00      -1  -0.123E-07   20.00
  42    -3.8623       1.862 0.3880   0.5400E+01  0.0000E+00 -0.1643E-06  0.0000E+00      -1  -0.304E-07   20.00
  43    -3.8890       1.889 0.3880   0.5400E+01  0.0000E+00 -0.1863E-06  0.0000E+00      -1  -0.345E-07   20.00
  44    -3.9126       1.913 0.3880   0.5400E+01  0.0000E+00 -0.1487E-04  0.0000E+00      -1  -0.275E-05   20.00
  45    -3.9329       1.933 0.3880   0.5400E+01  0.0000E+00 -0.2588E-04  0.0000E+00      -1  -0.479E-05   20.00
  46    -3.9500       1.950 1.0000   0.3000E-02  0.0000E+00  0.1999E-05  0.0000E+00      -1   0.370E-06   20.00
  47    -4.0925       2.092 1.0000   0.3000E-02  0.0000E+00 -0.2503E-08  0.0000E+00      -1  -0.464E-09   20.00
  48    -4.2350       2.235 1.0000   0.3000E-02  0.0000E+00  0.2503E-08  0.0000E+00      -1   0.464E-09   20.00
  49    -4.3775       2.378 1.0000   0.3000E-02  0.0000E+00 -0.1055E+02  0.0000E+00      -1  -0.195E+01   20.00
  50    -4.5200   -1000.000 1.0000   0.3000E-02  0.0000E+00 -0.2111E+02  0.0000E+00      -1  -0.391E+01   20.00
end


 Time:        0.0170


 Node      Depth      Head Moisture       K          C         Flux        Sink         Kappa   v/KsTop   Temp
           [L]        [L]    [-]        [L/T]      [1/L]      [L/T]        [1/T]         [-]      [-]      [C]

   1     0.0000     -13.356 0.3716   0.4875E+00  0.1390E-02  0.5215E-07  0.0000E+00      -1   0.966E-08   20.00
   2    -0.1584     -13.217 0.3718   0.4931E+00  0.1391E-02 -0.1250E+00  0.0000E+00      -1  -0.232E-01   20.00
   3    -0.3137     -13.121 0.3719   0.4971E+00  0.1392E-02 -0.2491E+00  0.0000E+00      -1  -0.461E-01   20.00
   4    -0.4657     -13.064 0.3720   0.4998E+00  0.1392E-02 -0.3714E+00  0.0000E+00      -1  -0.688E-01   20.00
   5    -0.6145     -13.044 0.3720   0.5009E+00  0.1392E-02 -0.4919E+00  0.0000E+00      -1  -0.911E-01   20.00
   6    -0.7601     -13.059 0.3720   0.5001E+00  0.1392E-02 -0.6111E+00  0.0000E+00      -1  -0.113E+00   20.00
   7    -0.9024     -13.108 0.3720   0.4976E+00  0.1392E-02 -0.7291E+00  0.0000E+00      -1  -0.135E+00   20.00
   8    -1.0416     -13.190 0.3718   0.4943E+00  0.1391E-02 -0.8460E+00  0.0000E+00      -1  -0.157E+00   20.00
   9    -1.1776     -13.305 0.3717   0.4896E+00  0.1390E-02 -0.9621E+00  0.0000E+00      -1  -0.178E+00   20.00
  10    -1.3103     -13.450 0.3715   0.4837E+00  0.1389E-02 -0.1078E+01  0.0000E+00      -1  -0.200E+00   20.00
  11    -1.4398     -13.627 0.3712   0.4766E+00  0.1388E-02 -0.1192E+01  0.0000E+00      -1  -0.221E+00   20.00
  12    -1.5662     -13.835 0.3710   0.4681E+00  0.1386E-02 -0.1307E+01  0.0000E+00      -1  -0.242E+00   20.00
  13    -1.6893     -14.075 0.3706   0.4584E+00  0.1384E-02 -0.1421E+01  0.0000E+00      -1  -0.263E+00   20.00
  14    -1.8092     -14.346 0.3702   0.4474E+00  0.1382E-02 -0.1535E+01  0.0000E+00      -1  -0.284E+00   20.00
  15    -1.9258     -14.651 0.3698   0.4351E+00  0.1379E-02 -0.1649E+01  0.0000E+00      -1  -0.305E+00   20.00
  16    -2.0393     -14.989 0.3694   0.4213E+00  0.1377E-02 -0.1763E+01  0.0000E+00      -1  -0.326E+00   20.00
  17    -2.1496     -15.363 0.3688   0.4083E+00  0.1373E-02 -0.1877E+01  0.0000E+00      -1  -0.348E+00   20.00
  18    -2.2566     -15.771 0.3683   0.3954E+00  0.1368E-02 -0.1991E+01  0.0000E+00      -1  -0.369E+00   20.00
  19    -2.3605     -16.215 0.3677   0.3815E+00  0.1362E-02 -0.2106E+01  0.0000E+00      -1  -0.390E+00   20.00
  20    -2.4611     -16.697 0.3670   0.3663E+00  0.1357E-02 -0.2221E+01  0.0000E+00      -1  -0.411E+00   20.00
  21    -2.5585     -17.220 0.3663   0.3499E+00  0.1350E-02 -0.2336E+01  0.0000E+00      -1  -0.433E+00   20.00
  22    -2.6527     -17.785 0.3656   0.3345E+00  0.1342E-02 -0.2452E+01  0.0000E+00      -1  -0.454E+00   20.00
  23    -2.7437     -18.392 0.3647   0.3199E+00  0.1333E-02 -0.2568E+01  0.0000E+00      -1  -0.475E+00   20.00
  24    -2.8315     -19.043 0.3639   0.3043E+00  0.1323E-02 -0.2684E+01  0.0000E+00      -1  -0.497E+00   20.00
  25    -2.9160     -19.743 0.3630   0.2875E+00  0.1313E-02 -0.2801E+01  0.0000E+00      -1  -0.519E+00   20.00
  26    -2.9974     -20.494 0.3620   0.2714E+00  0.1301E-02 -0.2918E+01  0.0000E+00      -1  -0.540E+00   20.00
  27    -3.0755     -21.297 0.3609   0.2570E+00  0.1287E-02 -0.3036E+01  0.0000E+00      -1  -0.562E+00   20.00
  28    -3.1505     -22.152 0.3598   0.2416E+00  0.1272E-02 -0.3154E+01  0.0000E+00      -1  -0.584E+00   20.00
  29    -3.2222     -23.068 0.3587   0.2252E+00  0.1257E-02 -0.3272E+01  0.0000E+00      -1  -0.606E+00   20.00
  30    -3.2907     -24.046 0.3575   0.2113E+00  0.1239E-02 -0.3391E+01  0.0000E+00      -1  -0.628E+00   20.00
  31    -3.3560     -25.083 0.3562   0.1976E+00  0.1221E-02 -0.3509E+01  0.0000E+00      -1  -0.650E+00   20.00
  32    -3.4181     -26.185 0.3549   0.1831E+00  0.1201E-02 -0.3627E+01  0.0000E+00      -1  -0.672E+00   20.00
  33    -3.4769     -27.358 0.3535   0.1695E+00  0.1180E-02 -0.3745E+01  0.0000E+00      -1  -0.694E+00   20.00
  34    -3.5326     -28.598 0.3520   0.1577E+00  0.1158E-02 -0.3863E+01  0.0000E+00      -1  -0.715E+00   20.00
  35    -3.5850     -29.903 0.3505   0.1453E+00  0.1135E-02 -0.3979E+01  0.0000E+00      -1  -0.737E+00   20.00
  36    -3.6343     -31.283 0.3490   0.1330E+00  0.1111E-02 -0.4094E+01  0.0000E+00      -1  -0.758E+00   20.00
  37    -3.6803     -32.729 0.3474   0.1233E+00  0.1086E-02 -0.4208E+01  0.0000E+00      -1  -0.779E+00   20.00
  38    -3.7231     -34.230 0.3458   0.1133E+00  0.1061E-02 -0.4319E+01  0.0000E+00      -1  -0.800E+00   20.00
  39    -3.7627     -35.794 0.3441   0.1029E+00  0.1034E-02 -0.4428E+01  0.0000E+00      -1  -0.820E+00   20.00
  40    -3.7991     -37.403 0.3425   0.9547E-01  0.1009E-02 -0.4534E+01  0.0000E+00      -1  -0.840E+00   20.00
  41    -3.8323     -39.029 0.3409   0.8799E-01  0.9843E-03 -0.4634E+01  0.0000E+00      -1  -0.858E+00   20.00
  42    -3.8623     -40.666 0.3393   0.8048E-01  0.9589E-03 -0.4730E+01  0.0000E+00      -1  -0.876E+00   20.00
  43    -3.8890     -42.290 0.3378   0.7443E-01  0.9355E-03 -0.4820E+01  0.0000E+00      -1  -0.893E+00   20.00
  44    -3.9126     -43.857 0.3364   0.6957E-01  0.9139E-03 -0.4902E+01  0.0000E+00      -1  -0.908E+00   20.00
  45    -3.9329     -45.331 0.3350   0.6501E-01  0.8937E-03 -0.4976E+01  0.0000E+00      -1  -0.922E+00   20.00
  46    -3.9500     -47.838 1.0000   0.3000E-02  0.0000E+00 -0.5014E+01  0.0000E+00      -1  -0.929E+00   20.00
  47    -4.0925    -285.879 1.0000   0.3000E-02  0.0000E+00 -0.5014E+01  0.0000E+00      -1  -0.929E+00   20.00
  48    -4.2350    -523.919 1.0000   0.3000E-02  0.0000E+00 -0.5014E+01  0.0000E+00      -1  -0.929E+00   20.00
  49    -4.3775    -761.960 1.0000   0.3000E-02  0.0000E+00 -0.5014E+01  0.0000E+00      -1  -0.929E+00   20.00
  50    -4.5200   -1000.000 1.0000   0.3000E-02  0.0000E+00 -0.5014E+01  0.0000E+00      -1  -0.929E+00   20.00
end


 Time:        0.0330


 Node      Depth      Head Moisture       K          C         Flux        Sink         Kappa   v/KsTop   Temp
           [L]        [L]    [-]        [L/T]      [1/L]      [L/T]        [1/T]         [-]      [-]      [C]

   1     0.0000     -21.741 0.3604   0.2492E+00  0.1280E-02 -0.3204E-06  0.0000E+00      -1  -0.593E-07   20.00
   2    -0.1584     -21.614 0.3605   0.2514E+00  0.1282E-02 -0.1003E+00  0.0000E+00      -1  -0.186E-01   20.00
   3    -0.3137     -21.552 0.3606   0.2525E+00  0.1283E-02 -0.1998E+00  0.0000E+00      -1  -0.370E-01   20.00
   4    -0.4657     -21.550 0.3606   0.2526E+00  0.1283E-02 -0.2976E+00  0.0000E+00      -1  -0.551E-01   20.00
   5    -0.6145     -21.606 0.3606   0.2516E+00  0.1282E-02 -0.3940E+00  0.0000E+00      -1  -0.730E-01   20.00
   6    -0.7601     -21.718 0.3604   0.2496E+00  0.1280E-02 -0.4892E+00  0.0000E+00      -1  -0.906E-01   20.00
   7    -0.9024     -21.883 0.3602   0.2466E+00  0.1277E-02 -0.5831E+00  0.0000E+00      -1  -0.108E+00   20.00
   8    -1.0416     -22.103 0.3599   0.2427E+00  0.1273E-02 -0.6762E+00  0.0000E+00      -1  -0.125E+00   20.00
   9    -1.1776     -22.376 0.3596   0.2378E+00  0.1269E-02 -0.7685E+00  0.0000E+00      -1  -0.142E+00   20.00
  10    -1.3103     -22.704 0.3591   0.2319E+00  0.1263E-02 -0.8604E+00  0.0000E+00      -1  -0.159E+00   20.00
  11    -1.4398     -23.089 0.3587   0.2250E+00  0.1257E-02 -0.9521E+00  0.0000E+00      -1  -0.176E+00   20.00
  12    -1.5662     -23.532 0.3581   0.2183E+00  0.1249E-02 -0.1043E+01  0.0000E+00      -1  -0.193E+00   20.00
  13    -1.6893     -24.032 0.3575   0.2117E+00  0.1240E-02 -0.1132E+01  0.0000E+00      -1  -0.210E+00   20.00
  14    -1.8092     -24.591 0.3568   0.2043E+00  0.1230E-02 -0.1220E+01  0.0000E+00      -1  -0.226E+00   20.00
  15    -1.9258     -25.210 0.3561   0.1962E+00  0.1219E-02 -0.1307E+01  0.0000E+00      -1  -0.242E+00   20.00
  16    -2.0393     -25.897 0.3552   0.1871E+00  0.1207E-02 -0.1394E+01  0.0000E+00      -1  -0.258E+00   20.00
  17    -2.1496     -26.658 0.3543   0.1771E+00  0.1193E-02 -0.1482E+01  0.0000E+00      -1  -0.275E+00   20.00
  18    -2.2566     -27.497 0.3533   0.1684E+00  0.1178E-02 -0.1569E+01  0.0000E+00      -1  -0.291E+00   20.00
  19    -2.3605     -28.414 0.3522   0.1597E+00  0.1162E-02 -0.1654E+01  0.0000E+00      -1  -0.306E+00   20.00
  20    -2.4611     -29.415 0.3511   0.1502E+00  0.1144E-02 -0.1739E+01  0.0000E+00      -1  -0.322E+00   20.00
  21    -2.5585     -30.515 0.3498   0.1398E+00  0.1125E-02 -0.1824E+01  0.0000E+00      -1  -0.338E+00   20.00
  22    -2.6527     -31.723 0.3485   0.1303E+00  0.1104E-02 -0.1908E+01  0.0000E+00      -1  -0.353E+00   20.00
  23    -2.7437     -33.042 0.3471   0.1215E+00  0.1082E-02 -0.1991E+01  0.0000E+00      -1  -0.369E+00   20.00
  24    -2.8315     -34.484 0.3455   0.1118E+00  0.1057E-02 -0.2073E+01  0.0000E+00      -1  -0.384E+00   20.00
  25    -2.9160     -36.074 0.3438   0.1017E+00  0.1031E-02 -0.2156E+01  0.0000E+00      -1  -0.399E+00   20.00
  26    -2.9974     -37.824 0.3421   0.9365E-01  0.1003E-02 -0.2238E+01  0.0000E+00      -1  -0.414E+00   20.00
  27    -3.0755     -39.741 0.3402   0.8479E-01  0.9735E-03 -0.2318E+01  0.0000E+00      -1  -0.429E+00   20.00
  28    -3.1505     -41.870 0.3381   0.7572E-01  0.9412E-03 -0.2399E+01  0.0000E+00      -1  -0.444E+00   20.00
  29    -3.2222     -44.228 0.3360   0.6832E-01  0.9084E-03 -0.2479E+01  0.0000E+00      -1  -0.459E+00   20.00
  30    -3.2907     -46.847 0.3336   0.6011E-01  0.8720E-03 -0.2558E+01  0.0000E+00      -1  -0.474E+00   20.00
  31    -3.3560     -49.781 0.3312   0.5304E-01  0.8350E-03 -0.2636E+01  0.0000E+00      -1  -0.488E+00   20.00
  32    -3.4181     -53.066 0.3285   0.4618E-01  0.7955E-03 -0.2712E+01  0.0000E+00      -1  -0.502E+00   20.00
  33    -3.4769     -56.783 0.3256   0.3962E-01  0.7538E-03 -0.2788E+01  0.0000E+00      -1  -0.516E+00   20.00
  34    -3.5326     -61.009 0.3225   0.3384E-01  0.7108E-03 -0.2862E+01  0.0000E+00      -1  -0.530E+00   20.00
  35    -3.5850     -65.853 0.3192   0.2831E-01  0.6655E-03 -0.2935E+01  0.0000E+00      -1  -0.544E+00   20.00
  36    -3.6343     -71.467 0.3156   0.2337E-01  0.6183E-03 -0.3007E+01  0.0000E+00      -1  -0.557E+00   20.00
  37    -3.6803     -78.027 0.3118   0.1907E-01  0.5705E-03 -0.3078E+01  0.0000E+00      -1  -0.570E+00   20.00
  38    -3.7231     -85.828 0.3075   0.1493E-01  0.5189E-03 -0.3148E+01  0.0000E+00      -1  -0.583E+00   20.00
  39    -3.7627     -95.293 0.3029   0.1162E-01  0.4678E-03 -0.3220E+01  0.0000E+00      -1  -0.596E+00   20.00
  40    -3.7991    -106.883 0.2978   0.8771E-02  0.4157E-03 -0.3291E+01  0.0000E+00      -1  -0.609E+00   20.00
  41    -3.8323    -121.473 0.2922   0.6329E-02  0.3622E-03 -0.3359E+01  0.0000E+00      -1  -0.622E+00   20.00
  42    -3.8623    -140.518 0.2859   0.4336E-02  0.3079E-03 -0.3426E+01  0.0000E+00      -1  -0.634E+00   20.00
  43    -3.8890    -166.584 0.2786   0.2760E-02  0.2528E-03 -0.3491E+01  0.0000E+00      -1  -0.647E+00   20.00
  44    -3.9126    -204.962 0.2701   0.1564E-02  0.1969E-03 -0.3560E+01  0.0000E+00      -1  -0.659E+00   20.00
  45    -3.9329    -268.372 0.2595   0.7422E-03  0.1409E-03 -0.3634E+01  0.0000E+00      -1  -0.673E+00   20.00
  46    -3.9500    -301.994 1.0000   0.3000E-02  0.0000E+00 -0.3677E+01  0.0000E+00      -1  -0.681E+00   20.00
  47    -4.0925    -476.496 1.0000   0.3000E-02  0.0000E+00 -0.3677E+01  0.0000E+00      -1  -0.681E+00   20.00
  48    -4.2350    -650.997 1.0000   0.3000E-02  0.0000E+00 -0.3677E+01  0.0000E+00      -1  -0.681E+00   20.00
  49    -4.3775    -825.499 1.0000   0.3000E-02  0.0000E+00 -0.3677E+01  0.0000E+00      -1  -0.681E+00   20.00
  50    -4.5200   -1000.000 1.0000   0.3000E-02  0.0000E+00 -0.3677E+01  0.0000E+00      -1  -0.681E+00   20.00
end


 Time:        0.0500


 Node      Depth      Head Moisture       K          C         Flux        Sink         Kappa   v/KsTop   Temp
           [L]        [L]    [-]        [L/T]      [1/L]      [L/T]        [1/T]         [-]      [-]      [C]

   1     0.0000     -29.568 0.3509   0.1488E+00  0.1142E-02  0.7078E-07  0.0000E+00      -1   0.131E-07   20.00
   2    -0.1584     -29.450 0.3510   0.1499E+00  0.1144E-02 -0.7659E-01  0.0000E+00      -1  -0.142E-01   20.00
   3    -0.3137     -29.414 0.3511   0.1502E+00  0.1144E-02 -0.1525E+00  0.0000E+00      -1  -0.282E-01   20.00
   4    -0.4657     -29.455 0.3510   0.1498E+00  0.1144E-02 -0.2272E+00  0.0000E+00      -1  -0.421E-01   20.00
   5    -0.6145     -29.570 0.3509   0.1487E+00  0.1142E-02 -0.3007E+00  0.0000E+00      -1  -0.557E-01   20.00
   6    -0.7601     -29.757 0.3507   0.1470E+00  0.1138E-02 -0.3731E+00  0.0000E+00      -1  -0.691E-01   20.00
   7    -0.9024     -30.015 0.3504   0.1445E+00  0.1134E-02 -0.4448E+00  0.0000E+00      -1  -0.824E-01   20.00
   8    -1.0416     -30.344 0.3500   0.1414E+00  0.1128E-02 -0.5157E+00  0.0000E+00      -1  -0.955E-01   20.00
   9    -1.1776     -30.745 0.3496   0.1376E+00  0.1121E-02 -0.5863E+00  0.0000E+00      -1  -0.109E+00   20.00
  10    -1.3103     -31.221 0.3490   0.1337E+00  0.1112E-02 -0.6555E+00  0.0000E+00      -1  -0.121E+00   20.00
  11    -1.4398     -31.769 0.3484   0.1300E+00  0.1103E-02 -0.7221E+00  0.0000E+00      -1  -0.134E+00   20.00
  12    -1.5662     -32.389 0.3478   0.1258E+00  0.1093E-02 -0.7865E+00  0.0000E+00      -1  -0.146E+00   20.00
  13    -1.6893     -33.082 0.3470   0.1212E+00  0.1081E-02 -0.8502E+00  0.0000E+00      -1  -0.157E+00   20.00
  14    -1.8092     -33.853 0.3462   0.1161E+00  0.1068E-02 -0.9132E+00  0.0000E+00      -1  -0.169E+00   20.00
  15    -1.9258     -34.711 0.3453   0.1103E+00  0.1053E-02 -0.9759E+00  0.0000E+00      -1  -0.181E+00   20.00
  16    -2.0393     -35.665 0.3442   0.1040E+00  0.1037E-02 -0.1039E+01  0.0000E+00      -1  -0.192E+00   20.00
  17    -2.1496     -36.719 0.3432   0.9877E-01  0.1021E-02 -0.1099E+01  0.0000E+00      -1  -0.203E+00   20.00
  18    -2.2566     -37.868 0.3421   0.9345E-01  0.1003E-02 -0.1156E+01  0.0000E+00      -1  -0.214E+00   20.00
  19    -2.3605     -39.124 0.3408   0.8765E-01  0.9831E-03 -0.1213E+01  0.0000E+00      -1  -0.225E+00   20.00
  20    -2.4611     -40.503 0.3394   0.8127E-01  0.9616E-03 -0.1271E+01  0.0000E+00      -1  -0.235E+00   20.00
  21    -2.5585     -42.023 0.3380   0.7524E-01  0.9390E-03 -0.1325E+01  0.0000E+00      -1  -0.245E+00   20.00
  22    -2.6527     -43.682 0.3365   0.7004E-01  0.9160E-03 -0.1377E+01  0.0000E+00      -1  -0.255E+00   20.00
  23    -2.7437     -45.492 0.3349   0.6436E-01  0.8909E-03 -0.1429E+01  0.0000E+00      -1  -0.265E+00   20.00
  24    -2.8315     -47.490 0.3331   0.5809E-01  0.8631E-03 -0.1480E+01  0.0000E+00      -1  -0.274E+00   20.00
  25    -2.9160     -49.694 0.3312   0.5323E-01  0.8361E-03 -0.1529E+01  0.0000E+00      -1  -0.283E+00   20.00
  26    -2.9974     -52.104 0.3293   0.4819E-01  0.8071E-03 -0.1576E+01  0.0000E+00      -1  -0.292E+00   20.00
  27    -3.0755     -54.780 0.3271   0.4260E-01  0.7749E-03 -0.1623E+01  0.0000E+00      -1  -0.301E+00   20.00
  28    -3.1505     -57.755 0.3249   0.3830E-01  0.7440E-03 -0.1667E+01  0.0000E+00      -1  -0.309E+00   20.00
  29    -3.2222     -61.044 0.3225   0.3380E-01  0.7105E-03 -0.1710E+01  0.0000E+00      -1  -0.317E+00   20.00
  30    -3.2907     -64.736 0.3199   0.2929E-01  0.6749E-03 -0.1750E+01  0.0000E+00      -1  -0.324E+00   20.00
  31    -3.3560     -68.876 0.3173   0.2565E-01  0.6401E-03 -0.1788E+01  0.0000E+00      -1  -0.331E+00   20.00
  32    -3.4181     -73.567 0.3143   0.2156E-01  0.6009E-03 -0.1825E+01  0.0000E+00      -1  -0.338E+00   20.00
  33    -3.4769     -78.920 0.3113   0.1857E-01  0.5645E-03 -0.1861E+01  0.0000E+00      -1  -0.345E+00   20.00
  34    -3.5326     -85.059 0.3078   0.1519E-01  0.5231E-03 -0.1895E+01  0.0000E+00      -1  -0.351E+00   20.00
  35    -3.5850     -92.198 0.3044   0.1270E-01  0.4845E-03 -0.1928E+01  0.0000E+00      -1  -0.357E+00   20.00
  36    -3.6343    -100.528 0.3005   0.1014E-01  0.4426E-03 -0.1957E+01  0.0000E+00      -1  -0.362E+00   20.00
  37    -3.6803    -110.489 0.2963   0.7990E-02  0.4005E-03 -0.1984E+01  0.0000E+00      -1  -0.367E+00   20.00
  38    -3.7231    -122.516 0.2918   0.6189E-02  0.3588E-03 -0.2011E+01  0.0000E+00      -1  -0.372E+00   20.00
  39    -3.7627    -137.352 0.2868   0.4587E-02  0.3157E-03 -0.2035E+01  0.0000E+00      -1  -0.377E+00   20.00
  40    -3.7991    -156.312 0.2813   0.3251E-02  0.2720E-03 -0.2055E+01  0.0000E+00      -1  -0.381E+00   20.00
  41    -3.8323    -181.474 0.2751   0.2188E-02  0.2283E-03 -0.2073E+01  0.0000E+00      -1  -0.384E+00   20.00
  42    -3.8623    -216.557 0.2679   0.1365E-02  0.1847E-03 -0.2089E+01  0.0000E+00      -1  -0.387E+00   20.00
  43    -3.8890    -270.025 0.2593   0.7322E-03  0.1400E-03 -0.2103E+01  0.0000E+00      -1  -0.389E+00   20.00
  44    -3.9126    -364.230 0.2484   0.3222E-03  0.9606E-04 -0.2115E+01  0.0000E+00      -1  -0.392E+00   20.00
  45    -3.9329    -572.514 0.2337   0.9179E-04  0.5369E-04 -0.2125E+01  0.0000E+00      -1  -0.393E+00   20.00
  46    -3.9500    -596.072 1.0000   0.3000E-02  0.0000E+00 -0.2129E+01  0.0000E+00      -1  -0.394E+00   20.00
  47    -4.0925    -697.054 1.0000   0.3000E-02  0.0000E+00 -0.2129E+01  0.0000E+00      -1  -0.394E+00   20.00
  48    -4.2350    -798.036 1.0000   0.3000E-02  0.0000E+00 -0.2129E+01  0.0000E+00      -1  -0.394E+00   20.00
  49    -4.3775    -899.018 1.0000   0.3000E-02  0.0000E+00 -0.2129E+01  0.0000E+00      -1  -0.394E+00   20.00
  50    -4.5200   -1000.000 1.0000   0.3000E-02  0.0000E+00 -0.2129E+01  0.0000E+00      -1  -0.394E+00   20.00
end


 Time:        0.1670


 Node      Depth      Head Moisture       K          C         Flux        Sink         Kappa   v/KsTop   Temp
           [L]        [L]    [-]        [L/T]      [1/L]      [L/T]        [1/T]         [-]      [-]      [C]

   1     0.0000     -65.488 0.3195   0.2863E-01  0.6686E-03  0.1024E-07  0.0000E+00      -1   0.190E-08   20.00
   2    -0.1584     -65.404 0.3195   0.2870E-01  0.6693E-03 -0.2646E-01  0.0000E+00      -1  -0.490E-02   20.00
   3    -0.3137     -65.464 0.3195   0.2865E-01  0.6688E-03 -0.5271E-01  0.0000E+00      -1  -0.976E-02   20.00
   4    -0.4657     -65.663 0.3193   0.2848E-01  0.6671E-03 -0.7839E-01  0.0000E+00      -1  -0.145E-01   20.00
   5    -0.6145     -65.993 0.3191   0.2819E-01  0.6643E-03 -0.1033E+00  0.0000E+00      -1  -0.191E-01   20.00
   6    -0.7601     -66.449 0.3188   0.2778E-01  0.6605E-03 -0.1275E+00  0.0000E+00      -1  -0.236E-01   20.00
   7    -0.9024     -67.029 0.3185   0.2727E-01  0.6556E-03 -0.1511E+00  0.0000E+00      -1  -0.280E-01   20.00
   8    -1.0416     -67.730 0.3180   0.2666E-01  0.6497E-03 -0.1741E+00  0.0000E+00      -1  -0.322E-01   20.00
   9    -1.1776     -68.554 0.3175   0.2593E-01  0.6428E-03 -0.1968E+00  0.0000E+00      -1  -0.364E-01   20.00
  10    -1.3103     -69.504 0.3169   0.2510E-01  0.6348E-03 -0.2190E+00  0.0000E+00      -1  -0.406E-01   20.00
  11    -1.4398     -70.585 0.3162   0.2414E-01  0.6257E-03 -0.2408E+00  0.0000E+00      -1  -0.446E-01   20.00
  12    -1.5662     -71.806 0.3154   0.2307E-01  0.6155E-03 -0.2624E+00  0.0000E+00      -1  -0.486E-01   20.00
  13    -1.6893     -73.181 0.3145   0.2186E-01  0.6039E-03 -0.2838E+00  0.0000E+00      -1  -0.526E-01   20.00
  14    -1.8092     -74.712 0.3136   0.2092E-01  0.5931E-03 -0.3046E+00  0.0000E+00      -1  -0.564E-01   20.00
  15    -1.9258     -76.392 0.3127   0.1998E-01  0.5817E-03 -0.3240E+00  0.0000E+00      -1  -0.600E-01   20.00
  16    -2.0393     -78.222 0.3117   0.1896E-01  0.5692E-03 -0.3424E+00  0.0000E+00      -1  -0.634E-01   20.00
  17    -2.1496     -80.219 0.3105   0.1784E-01  0.5557E-03 -0.3606E+00  0.0000E+00      -1  -0.668E-01   20.00
  18    -2.2566     -82.409 0.3093   0.1662E-01  0.5408E-03 -0.3785E+00  0.0000E+00      -1  -0.701E-01   20.00
  19    -2.3605     -84.828 0.3080   0.1528E-01  0.5244E-03 -0.3963E+00  0.0000E+00      -1  -0.734E-01   20.00
  20    -2.4611     -87.482 0.3067   0.1435E-01  0.5100E-03 -0.4133E+00  0.0000E+00      -1  -0.765E-01   20.00
  21    -2.5585     -90.349 0.3053   0.1335E-01  0.4945E-03 -0.4290E+00  0.0000E+00      -1  -0.794E-01   20.00
  22    -2.6527     -93.468 0.3037   0.1226E-01  0.4777E-03 -0.4443E+00  0.0000E+00      -1  -0.823E-01   20.00
  23    -2.7437     -96.905 0.3021   0.1106E-01  0.4591E-03 -0.4595E+00  0.0000E+00      -1  -0.851E-01   20.00
  24    -2.8315    -100.692 0.3004   0.1011E-01  0.4419E-03 -0.4739E+00  0.0000E+00      -1  -0.878E-01   20.00
  25    -2.9160    -104.816 0.2987   0.9218E-02  0.4245E-03 -0.4873E+00  0.0000E+00      -1  -0.902E-01   20.00
  26    -2.9974    -109.337 0.2968   0.8242E-02  0.4054E-03 -0.5002E+00  0.0000E+00      -1  -0.926E-01   20.00
  27    -3.0755    -114.366 0.2947   0.7268E-02  0.3854E-03 -0.5128E+00  0.0000E+00      -1  -0.950E-01   20.00
  28    -3.1505    -119.928 0.2927   0.6533E-02  0.3673E-03 -0.5246E+00  0.0000E+00      -1  -0.971E-01   20.00
  29    -3.2222    -126.061 0.2905   0.5724E-02  0.3473E-03 -0.5356E+00  0.0000E+00      -1  -0.992E-01   20.00
  30    -3.2907    -132.944 0.2882   0.4942E-02  0.3267E-03 -0.5462E+00  0.0000E+00      -1  -0.101E+00   20.00
  31    -3.3560    -140.649 0.2858   0.4326E-02  0.3075E-03 -0.5559E+00  0.0000E+00      -1  -0.103E+00   20.00
  32    -3.4181    -149.338 0.2832   0.3630E-02  0.2859E-03 -0.5653E+00  0.0000E+00      -1  -0.105E+00   20.00
  33    -3.4769    -159.235 0.2805   0.3112E-02  0.2665E-03 -0.5740E+00  0.0000E+00      -1  -0.106E+00   20.00
  34    -3.5326    -170.505 0.2776   0.2570E-02  0.2454E-03 -0.5819E+00  0.0000E+00      -1  -0.108E+00   20.00
  35    -3.5850    -183.534 0.2746   0.2129E-02  0.2254E-03 -0.5893E+00  0.0000E+00      -1  -0.109E+00   20.00
  36    -3.6343    -198.761 0.2713   0.1692E-02  0.2040E-03 -0.5960E+00  0.0000E+00      -1  -0.110E+00   20.00
  37    -3.6803    -216.791 0.2679   0.1361E-02  0.1845E-03 -0.6022E+00  0.0000E+00      -1  -0.112E+00   20.00
  38    -3.7231    -238.331 0.2641   0.1040E-02  0.1638E-03 -0.6075E+00  0.0000E+00      -1  -0.112E+00   20.00
  39    -3.7627    -264.955 0.2600   0.7718E-03  0.1433E-03 -0.6122E+00  0.0000E+00      -1  -0.113E+00   20.00
  40    -3.7991    -298.417 0.2556   0.5634E-03  0.1238E-03 -0.6165E+00  0.0000E+00      -1  -0.114E+00   20.00
  41    -3.8323    -341.483 0.2507   0.3889E-03  0.1045E-03 -0.6201E+00  0.0000E+00      -1  -0.115E+00   20.00
  42    -3.8623    -399.823 0.2452   0.2495E-03  0.8527E-04 -0.6231E+00  0.0000E+00      -1  -0.115E+00   20.00
  43    -3.8890    -484.553 0.2389   0.1448E-03  0.6643E-04 -0.6254E+00  0.0000E+00      -1  -0.116E+00   20.00
  44    -3.9126    -620.124 0.2312   0.7273E-04  0.4822E-04 -0.6270E+00  0.0000E+00      -1  -0.116E+00   20.00
  45    -3.9329    -874.142 0.2215   0.2774E-04  0.3076E-04 -0.6279E+00  0.0000E+00      -1  -0.116E+00   20.00
  46    -3.9500    -881.227 1.0000   0.3000E-02  0.0000E+00 -0.6281E+00  0.0000E+00      -1  -0.116E+00   20.00
  47    -4.0925    -910.921 1.0000   0.3000E-02  0.0000E+00 -0.6281E+00  0.0000E+00      -1  -0.116E+00   20.00
  48    -4.2350    -940.614 1.0000   0.3000E-02  0.0000E+00 -0.6281E+00  0.0000E+00      -1  -0.116E+00   20.00
  49    -4.3775    -970.307 1.0000   0.3000E-02  0.0000E+00 -0.6281E+00  0.0000E+00      -1  -0.116E+00   20.00
  50    -4.5200   -1000.000 1.0000   0.3000E-02  0.0000E+00 -0.6281E+00  0.0000E+00      -1  -0.116E+00   20.00
end


 Time:        0.5000


 Node      Depth      Head Moisture       K          C         Flux        Sink         Kappa   v/KsTop   Temp
           [L]        [L]    [-]        [L/T]      [1/L]      [L/T]        [1/T]         [-]      [-]      [C]

   1     0.0000    -127.394 0.2901   0.5545E-02  0.3429E-03 -0.1234E-06  0.0000E+00      -1  -0.229E-07   20.00
   2    -0.1584    -127.361 0.2901   0.5550E-02  0.3430E-03 -0.8676E-02  0.0000E+00      -1  -0.161E-02   20.00
   3    -0.3137    -127.572 0.2900   0.5522E-02  0.3423E-03 -0.1728E-01  0.0000E+00      -1  -0.320E-02   20.00
   4    -0.4657    -128.017 0.2898   0.5463E-02  0.3408E-03 -0.2573E-01  0.0000E+00      -1  -0.477E-02   20.00
   5    -0.6145    -128.691 0.2896   0.5374E-02  0.3386E-03 -0.3405E-01  0.0000E+00      -1  -0.631E-02   20.00
   6    -0.7601    -129.593 0.2893   0.5255E-02  0.3357E-03 -0.4226E-01  0.0000E+00      -1  -0.783E-02   20.00
   7    -0.9024    -130.724 0.2889   0.5118E-02  0.3322E-03 -0.5036E-01  0.0000E+00      -1  -0.933E-02   20.00
   8    -1.0416    -132.080 0.2885   0.5010E-02  0.3288E-03 -0.5827E-01  0.0000E+00      -1  -0.108E-01   20.00
   9    -1.1776    -133.654 0.2880   0.4884E-02  0.3249E-03 -0.6591E-01  0.0000E+00      -1  -0.122E-01   20.00
  10    -1.3103    -135.444 0.2874   0.4740E-02  0.3204E-03 -0.7326E-01  0.0000E+00      -1  -0.136E-01   20.00
  11    -1.4398    -137.452 0.2868   0.4580E-02  0.3154E-03 -0.8028E-01  0.0000E+00      -1  -0.149E-01   20.00
  12    -1.5662    -139.682 0.2861   0.4401E-02  0.3099E-03 -0.8699E-01  0.0000E+00      -1  -0.161E-01   20.00
  13    -1.6893    -142.143 0.2854   0.4204E-02  0.3038E-03 -0.9352E-01  0.0000E+00      -1  -0.173E-01   20.00
  14    -1.8092    -144.857 0.2845   0.3987E-02  0.2970E-03 -0.9996E-01  0.0000E+00      -1  -0.185E-01   20.00
  15    -1.9258    -147.854 0.2836   0.3747E-02  0.2896E-03 -0.1063E+00  0.0000E+00      -1  -0.197E-01   20.00
  16    -2.0393    -151.172 0.2826   0.3499E-02  0.2816E-03 -0.1126E+00  0.0000E+00      -1  -0.209E-01   20.00
  17    -2.1496    -154.805 0.2817   0.3324E-02  0.2748E-03 -0.1187E+00  0.0000E+00      -1  -0.220E-01   20.00
  18    -2.2566    -158.733 0.2807   0.3135E-02  0.2674E-03 -0.1244E+00  0.0000E+00      -1  -0.230E-01   20.00
  19    -2.3605    -162.983 0.2796   0.2930E-02  0.2594E-03 -0.1297E+00  0.0000E+00      -1  -0.240E-01   20.00
  20    -2.4611    -167.608 0.2784   0.2708E-02  0.2508E-03 -0.1350E+00  0.0000E+00      -1  -0.250E-01   20.00
  21    -2.5585    -172.695 0.2770   0.2463E-02  0.2412E-03 -0.1401E+00  0.0000E+00      -1  -0.260E-01   20.00
  22    -2.6527    -178.272 0.2758   0.2280E-02  0.2328E-03 -0.1452E+00  0.0000E+00      -1  -0.269E-01   20.00
  23    -2.7437    -184.305 0.2744   0.2107E-02  0.2243E-03 -0.1498E+00  0.0000E+00      -1  -0.277E-01   20.00
  24    -2.8315    -190.845 0.2730   0.1919E-02  0.2152E-03 -0.1541E+00  0.0000E+00      -1  -0.285E-01   20.00
  25    -2.9160    -198.038 0.2714   0.1713E-02  0.2051E-03 -0.1584E+00  0.0000E+00      -1  -0.293E-01   20.00
  26    -2.9974    -205.973 0.2699   0.1546E-02  0.1958E-03 -0.1625E+00  0.0000E+00      -1  -0.301E-01   20.00
  27    -3.0755    -214.626 0.2683   0.1399E-02  0.1868E-03 -0.1663E+00  0.0000E+00      -1  -0.308E-01   20.00
  28    -3.1505    -224.107 0.2665   0.1237E-02  0.1769E-03 -0.1698E+00  0.0000E+00      -1  -0.314E-01   20.00
  29    -3.2222    -234.667 0.2647   0.1078E-02  0.1667E-03 -0.1733E+00  0.0000E+00      -1  -0.321E-01   20.00
  30    -3.2907    -246.363 0.2629   0.9603E-03  0.1577E-03 -0.1764E+00  0.0000E+00      -1  -0.327E-01   20.00
  31    -3.3560    -259.271 0.2609   0.8307E-03  0.1478E-03 -0.1793E+00  0.0000E+00      -1  -0.332E-01   20.00
  32    -3.4181    -273.774 0.2588   0.7106E-03  0.1379E-03 -0.1821E+00  0.0000E+00      -1  -0.337E-01   20.00
  33    -3.4769    -290.015 0.2567   0.6148E-03  0.1287E-03 -0.1846E+00  0.0000E+00      -1  -0.342E-01   20.00
  34    -3.5326    -308.413 0.2543   0.5063E-03  0.1184E-03 -0.1870E+00  0.0000E+00      -1  -0.346E-01   20.00
  35    -3.5850    -329.390 0.2520   0.4324E-03  0.1097E-03 -0.1891E+00  0.0000E+00      -1  -0.350E-01   20.00
  36    -3.6343    -353.272 0.2495   0.3499E-03  0.9982E-04 -0.1910E+00  0.0000E+00      -1  -0.354E-01   20.00
  37    -3.6803    -380.885 0.2469   0.2891E-03  0.9115E-04 -0.1928E+00  0.0000E+00      -1  -0.357E-01   20.00
  38    -3.7231    -413.078 0.2441   0.2250E-03  0.8158E-04 -0.1943E+00  0.0000E+00      -1  -0.360E-01   20.00
  39    -3.7627    -451.150 0.2412   0.1803E-03  0.7330E-04 -0.1956E+00  0.0000E+00      -1  -0.362E-01   20.00
  40    -3.7991    -496.052 0.2382   0.1375E-03  0.6476E-04 -0.1967E+00  0.0000E+00      -1  -0.364E-01   20.00
  41    -3.8323    -550.987 0.2348   0.1005E-03  0.5618E-04 -0.1976E+00  0.0000E+00      -1  -0.366E-01   20.00
  42    -3.8623    -619.169 0.2313   0.7345E-04  0.4842E-04 -0.1983E+00  0.0000E+00      -1  -0.367E-01   20.00
  43    -3.8890    -704.260 0.2275   0.5140E-04  0.4097E-04 -0.1988E+00  0.0000E+00      -1  -0.368E-01   20.00
  44    -3.9126    -813.794 0.2235   0.3414E-04  0.3385E-04 -0.1992E+00  0.0000E+00      -1  -0.369E-01   20.00
  45    -3.9329    -960.453 0.2190   0.2111E-04  0.2710E-04 -0.1993E+00  0.0000E+00      -1  -0.369E-01   20.00
  46    -3.9500    -962.695 1.0000   0.3000E-02  0.0000E+00 -0.1993E+00  0.0000E+00      -1  -0.369E-01   20.00
  47    -4.0925    -972.022 1.0000   0.3000E-02  0.0000E+00 -0.1993E+00  0.0000E+00      -1  -0.369E-01   20.00
  48    -4.2350    -981.348 1.0000   0.3000E-02  0.0000E+00 -0.1993E+00  0.0000E+00      -1  -0.369E-01   20.00
  49    -4.3775    -990.674 1.0000   0.3000E-02  0.0000E+00 -0.1993E+00  0.0000E+00      -1  -0.369E-01   20.00
  50    -4.5200   -1000.000 1.0000   0.3000E-02  0.0000E+00 -0.1993E+00  0.0000E+00      -1  -0.369E-01   20.00
end


 Time:        1.0330


 Node      Depth      Head Moisture       K          C         Flux        Sink         Kappa   v/KsTop   Temp
           [L]        [L]    [-]        [L/T]      [1/L]      [L/T]        [1/T]         [-]      [-]      [C]

   1     0.0000    -196.457 0.2718   0.1765E-02  0.2076E-03  0.1746E-07  0.0000E+00      -1   0.323E-08   20.00
   2    -0.1584    -196.480 0.2718   0.1764E-02  0.2076E-03 -0.4007E-02  0.0000E+00      -1  -0.742E-03   20.00
   3    -0.3137    -196.857 0.2717   0.1753E-02  0.2070E-03 -0.7977E-02  0.0000E+00      -1  -0.148E-02   20.00
   4    -0.4657    -197.574 0.2715   0.1733E-02  0.2060E-03 -0.1188E-01  0.0000E+00      -1  -0.220E-02   20.00
   5    -0.6145    -198.623 0.2713   0.1703E-02  0.2046E-03 -0.1571E-01  0.0000E+00      -1  -0.291E-02   20.00
   6    -0.7601    -200.003 0.2710   0.1663E-02  0.2026E-03 -0.1948E-01  0.0000E+00      -1  -0.361E-02   20.00
   7    -0.9024    -201.713 0.2707   0.1623E-02  0.2005E-03 -0.2319E-01  0.0000E+00      -1  -0.429E-02   20.00
   8    -1.0416    -203.745 0.2703   0.1588E-02  0.1984E-03 -0.2681E-01  0.0000E+00      -1  -0.496E-02   20.00
   9    -1.1776    -206.089 0.2698   0.1548E-02  0.1959E-03 -0.3031E-01  0.0000E+00      -1  -0.561E-02   20.00
  10    -1.3103    -208.746 0.2694   0.1503E-02  0.1932E-03 -0.3370E-01  0.0000E+00      -1  -0.624E-02   20.00
  11    -1.4398    -211.718 0.2688   0.1453E-02  0.1901E-03 -0.3698E-01  0.0000E+00      -1  -0.685E-02   20.00
  12    -1.5662    -215.014 0.2682   0.1397E-02  0.1867E-03 -0.4012E-01  0.0000E+00      -1  -0.743E-02   20.00
  13    -1.6893    -218.647 0.2675   0.1335E-02  0.1829E-03 -0.4313E-01  0.0000E+00      -1  -0.799E-02   20.00
  14    -1.8092    -222.638 0.2668   0.1267E-02  0.1787E-03 -0.4603E-01  0.0000E+00      -1  -0.852E-02   20.00
  15    -1.9258    -227.025 0.2660   0.1193E-02  0.1742E-03 -0.4887E-01  0.0000E+00      -1  -0.905E-02   20.00
  16    -2.0393    -231.868 0.2651   0.1111E-02  0.1691E-03 -0.5169E-01  0.0000E+00      -1  -0.957E-02   20.00
  17    -2.1496    -237.163 0.2643   0.1056E-02  0.1650E-03 -0.5443E-01  0.0000E+00      -1  -0.101E-01   20.00
  18    -2.2566    -242.868 0.2634   0.9989E-03  0.1607E-03 -0.5704E-01  0.0000E+00      -1  -0.106E-01   20.00
  19    -2.3605    -249.020 0.2625   0.9373E-03  0.1559E-03 -0.5950E-01  0.0000E+00      -1  -0.110E-01   20.00
  20    -2.4611    -255.678 0.2614   0.8706E-03  0.1508E-03 -0.6183E-01  0.0000E+00      -1  -0.114E-01   20.00
  21    -2.5585    -262.935 0.2603   0.7978E-03  0.1453E-03 -0.6408E-01  0.0000E+00      -1  -0.119E-01   20.00
  22    -2.6527    -270.882 0.2592   0.7300E-03  0.1398E-03 -0.6628E-01  0.0000E+00      -1  -0.123E-01   20.00
  23    -2.7437    -279.493 0.2580   0.6793E-03  0.1349E-03 -0.6839E-01  0.0000E+00      -1  -0.127E-01   20.00
  24    -2.8315    -288.750 0.2569   0.6248E-03  0.1297E-03 -0.7034E-01  0.0000E+00      -1  -0.130E-01   20.00
  25    -2.9160    -298.795 0.2556   0.5656E-03  0.1240E-03 -0.7218E-01  0.0000E+00      -1  -0.134E-01   20.00
  26    -2.9974    -309.860 0.2541   0.5014E-03  0.1179E-03 -0.7396E-01  0.0000E+00      -1  -0.137E-01   20.00
  27    -3.0755    -321.957 0.2528   0.4596E-03  0.1129E-03 -0.7567E-01  0.0000E+00      -1  -0.140E-01   20.00
  28    -3.1505    -334.995 0.2514   0.4147E-03  0.1075E-03 -0.7722E-01  0.0000E+00      -1  -0.143E-01   20.00
  29    -3.2222    -349.258 0.2499   0.3654E-03  0.1017E-03 -0.7866E-01  0.0000E+00      -1  -0.146E-01   20.00
  30    -3.2907    -365.011 0.2484   0.3221E-03  0.9605E-04 -0.8004E-01  0.0000E+00      -1  -0.148E-01   20.00
  31    -3.3560    -382.246 0.2468   0.2873E-03  0.9088E-04 -0.8131E-01  0.0000E+00      -1  -0.151E-01   20.00
  32    -3.4181    -401.142 0.2451   0.2492E-03  0.8522E-04 -0.8246E-01  0.0000E+00      -1  -0.153E-01   20.00
  33    -3.4769    -422.150 0.2434   0.2149E-03  0.7971E-04 -0.8354E-01  0.0000E+00      -1  -0.155E-01   20.00
  34    -3.5326    -445.345 0.2417   0.1876E-03  0.7466E-04 -0.8450E-01  0.0000E+00      -1  -0.156E-01   20.00
  35    -3.5850    -471.133 0.2397   0.1573E-03  0.6904E-04 -0.8537E-01  0.0000E+00      -1  -0.158E-01   20.00
  36    -3.6343    -499.992 0.2379   0.1350E-03  0.6418E-04 -0.8615E-01  0.0000E+00      -1  -0.160E-01   20.00
  37    -3.6803    -532.052 0.2359   0.1130E-03  0.5911E-04 -0.8683E-01  0.0000E+00      -1  -0.161E-01   20.00
  38    -3.7231    -568.105 0.2339   0.9372E-04  0.5424E-04 -0.8743E-01  0.0000E+00      -1  -0.162E-01   20.00
  39    -3.7627    -608.614 0.2318   0.7761E-04  0.4962E-04 -0.8793E-01  0.0000E+00      -1  -0.163E-01   20.00
  40    -3.7991    -654.266 0.2297   0.6285E-04  0.4505E-04 -0.8835E-01  0.0000E+00      -1  -0.164E-01   20.00
  41    -3.8323    -705.862 0.2275   0.5096E-04  0.4081E-04 -0.8869E-01  0.0000E+00      -1  -0.164E-01   20.00
  42    -3.8623    -763.905 0.2252   0.4073E-04  0.3678E-04 -0.8894E-01  0.0000E+00      -1  -0.165E-01   20.00
  43    -3.8890    -829.392 0.2229   0.3200E-04  0.3291E-04 -0.8911E-01  0.0000E+00      -1  -0.165E-01   20.00
  44    -3.9126    -902.337 0.2207   0.2555E-04  0.2956E-04 -0.8922E-01  0.0000E+00      -1  -0.165E-01   20.00
  45    -3.9329    -982.615 0.2184   0.1965E-04  0.2625E-04 -0.8926E-01  0.0000E+00      -1  -0.165E-01   20.00
  46    -3.9500    -983.610 1.0000   0.3000E-02  0.0000E+00 -0.8927E-01  0.0000E+00      -1  -0.165E-01   20.00
  47    -4.0925    -987.707 1.0000   0.3000E-02  0.0000E+00 -0.8927E-01  0.0000E+00      -1  -0.165E-01   20.00
  48    -4.2350    -991.805 1.0000   0.3000E-02  0.0000E+00 -0.8927E-01  0.0000E+00      -1  -0.165E-01   20.00
  49    -4.3775    -995.902 1.0000   0.3000E-02  0.0000E+00 -0.8927E-01  0.0000E+00      -1  -0.165E-01   20.00
  50    -4.5200   -1000.000 1.0000   0.3000E-02  0.0000E+00 -0.8927E-01  0.0000E+00      -1  -0.165E-01   20.00
end


 Time:        2.7500


 Node      Depth      Head Moisture       K          C         Flux        Sink         Kappa   v/KsTop   Temp
           [L]        [L]    [-]        [L/T]      [1/L]      [L/T]        [1/T]         [-]      [-]      [C]

   1     0.0000    -347.934 0.2501   0.3650E-03  0.1016E-03  0.2852E-08  0.0000E+00      -1   0.528E-09   20.00
   2    -0.1584    -348.066 0.2500   0.3645E-03  0.1016E-03 -0.1325E-02  0.0000E+00      -1  -0.245E-03   20.00
   3    -0.3137    -348.763 0.2500   0.3621E-03  0.1013E-03 -0.2636E-02  0.0000E+00      -1  -0.488E-03   20.00
   4    -0.4657    -350.001 0.2498   0.3579E-03  0.1008E-03 -0.3921E-02  0.0000E+00      -1  -0.726E-03   20.00
   5    -0.6145    -351.765 0.2496   0.3519E-03  0.1001E-03 -0.5177E-02  0.0000E+00      -1  -0.959E-03   20.00
   6    -0.7601    -354.048 0.2494   0.3441E-03  0.9913E-04 -0.6405E-02  0.0000E+00      -1  -0.119E-02   20.00
   7    -0.9024    -356.845 0.2491   0.3358E-03  0.9809E-04 -0.7604E-02  0.0000E+00      -1  -0.141E-02   20.00
   8    -1.0416    -360.139 0.2488   0.3292E-03  0.9711E-04 -0.8767E-02  0.0000E+00      -1  -0.162E-02   20.00
   9    -1.1776    -363.908 0.2485   0.3216E-03  0.9598E-04 -0.9888E-02  0.0000E+00      -1  -0.183E-02   20.00
  10    -1.3103    -368.144 0.2481   0.3131E-03  0.9472E-04 -0.1097E-01  0.0000E+00      -1  -0.203E-02   20.00
  11    -1.4398    -372.849 0.2477   0.3037E-03  0.9331E-04 -0.1202E-01  0.0000E+00      -1  -0.223E-02   20.00
  12    -1.5662    -378.033 0.2472   0.2933E-03  0.9177E-04 -0.1304E-01  0.0000E+00      -1  -0.242E-02   20.00
  13    -1.6893    -383.710 0.2467   0.2819E-03  0.9008E-04 -0.1403E-01  0.0000E+00      -1  -0.260E-02   20.00
  14    -1.8092    -389.906 0.2462   0.2695E-03  0.8823E-04 -0.1499E-01  0.0000E+00      -1  -0.278E-02   20.00
  15    -1.9258    -396.656 0.2455   0.2560E-03  0.8623E-04 -0.1591E-01  0.0000E+00      -1  -0.295E-02   20.00
  16    -2.0393    -404.013 0.2449   0.2413E-03  0.8405E-04 -0.1680E-01  0.0000E+00      -1  -0.311E-02   20.00
  17    -2.1496    -412.047 0.2442   0.2257E-03  0.8171E-04 -0.1766E-01  0.0000E+00      -1  -0.327E-02   20.00
  18    -2.2566    -420.715 0.2435   0.2156E-03  0.7984E-04 -0.1848E-01  0.0000E+00      -1  -0.342E-02   20.00
  19    -2.3605    -429.939 0.2428   0.2048E-03  0.7784E-04 -0.1926E-01  0.0000E+00      -1  -0.357E-02   20.00
  20    -2.4611    -439.766 0.2421   0.1934E-03  0.7572E-04 -0.2000E-01  0.0000E+00      -1  -0.370E-02   20.00
  21    -2.5585    -450.267 0.2413   0.1811E-03  0.7346E-04 -0.2071E-01  0.0000E+00      -1  -0.384E-02   20.00
  22    -2.6527    -461.539 0.2405   0.1680E-03  0.7103E-04 -0.2139E-01  0.0000E+00      -1  -0.396E-02   20.00
  23    -2.7437    -473.730 0.2396   0.1539E-03  0.6841E-04 -0.2203E-01  0.0000E+00      -1  -0.408E-02   20.00
  24    -2.8315    -486.814 0.2387   0.1440E-03  0.6625E-04 -0.2264E-01  0.0000E+00      -1  -0.419E-02   20.00
  25    -2.9160    -500.653 0.2379   0.1346E-03  0.6408E-04 -0.2320E-01  0.0000E+00      -1  -0.430E-02   20.00
  26    -2.9974    -515.313 0.2370   0.1246E-03  0.6179E-04 -0.2374E-01  0.0000E+00      -1  -0.440E-02   20.00
  27    -3.0755    -530.948 0.2360   0.1141E-03  0.5935E-04 -0.2424E-01  0.0000E+00      -1  -0.449E-02   20.00
  28    -3.1505    -547.802 0.2350   0.1027E-03  0.5672E-04 -0.2470E-01  0.0000E+00      -1  -0.457E-02   20.00
  29    -3.2222    -565.823 0.2340   0.9494E-04  0.5459E-04 -0.2513E-01  0.0000E+00      -1  -0.465E-02   20.00
  30    -3.2907    -584.788 0.2331   0.8745E-04  0.5244E-04 -0.2552E-01  0.0000E+00      -1  -0.473E-02   20.00
  31    -3.3560    -604.831 0.2320   0.7955E-04  0.5017E-04 -0.2588E-01  0.0000E+00      -1  -0.479E-02   20.00
  32    -3.4181    -626.244 0.2309   0.7110E-04  0.4775E-04 -0.2620E-01  0.0000E+00      -1  -0.485E-02   20.00
  33    -3.4769    -649.099 0.2299   0.6437E-04  0.4559E-04 -0.2650E-01  0.0000E+00      -1  -0.491E-02   20.00
  34    -3.5326    -673.114 0.2289   0.5885E-04  0.4363E-04 -0.2676E-01  0.0000E+00      -1  -0.496E-02   20.00
  35    -3.5850    -698.261 0.2278   0.5307E-04  0.4156E-04 -0.2699E-01  0.0000E+00      -1  -0.500E-02   20.00
  36    -3.6343    -724.888 0.2267   0.4695E-04  0.3938E-04 -0.2719E-01  0.0000E+00      -1  -0.503E-02   20.00
  37    -3.6803    -752.946 0.2256   0.4241E-04  0.3753E-04 -0.2736E-01  0.0000E+00      -1  -0.507E-02   20.00
  38    -3.7231    -781.931 0.2246   0.3853E-04  0.3581E-04 -0.2750E-01  0.0000E+00      -1  -0.509E-02   20.00
  39    -3.7627    -811.764 0.2236   0.3455E-04  0.3404E-04 -0.2761E-01  0.0000E+00      -1  -0.511E-02   20.00
  40    -3.7991    -842.729 0.2225   0.3040E-04  0.3220E-04 -0.2771E-01  0.0000E+00      -1  -0.513E-02   20.00
  41    -3.8323    -874.336 0.2215   0.2779E-04  0.3080E-04 -0.2778E-01  0.0000E+00      -1  -0.514E-02   20.00
  42    -3.8623    -905.652 0.2206   0.2537E-04  0.2946E-04 -0.2782E-01  0.0000E+00      -1  -0.515E-02   20.00
  43    -3.8890    -936.439 0.2197   0.2298E-04  0.2814E-04 -0.2786E-01  0.0000E+00      -1  -0.516E-02   20.00
  44    -3.9126    -966.483 0.2189   0.2066E-04  0.2686E-04 -0.2787E-01  0.0000E+00      -1  -0.516E-02   20.00
  45    -3.9329    -994.973 0.2181   0.1911E-04  0.2588E-04 -0.2788E-01  0.0000E+00      -1  -0.516E-02   20.00
  46    -3.9500    -995.272 1.0000   0.3000E-02  0.0000E+00 -0.2788E-01  0.0000E+00      -1  -0.516E-02   20.00
  47    -4.0925    -996.454 1.0000   0.3000E-02  0.0000E+00 -0.2788E-01  0.0000E+00      -1  -0.516E-02   20.00
  48    -4.2350    -997.636 1.0000   0.3000E-02  0.0000E+00 -0.2788E-01  0.0000E+00      -1  -0.516E-02   20.00
  49    -4.3775    -998.818 1.0000   0.3000E-02  0.0000E+00 -0.2788E-01  0.0000E+00      -1  -0.516E-02   20.00
  50    -4.5200   -1000.000 1.0000   0.3000E-02  0.0000E+00 -0.2788E-01  0.0000E+00      -1  -0.516E-02   20.00
end


 Time:        5.4170


 Node      Depth      Head Moisture       K          C         Flux        Sink         Kappa   v/KsTop   Temp
           [L]        [L]    [-]        [L/T]      [1/L]      [L/T]        [1/T]         [-]      [-]      [C]

   1     0.0000    -512.600 0.2371   0.1261E-03  0.6212E-04 -0.1994E-07  0.0000E+00      -1  -0.369E-08   20.00
   2    -0.1584    -512.794 0.2371   0.1259E-03  0.6209E-04 -0.5540E-03  0.0000E+00      -1  -0.103E-03   20.00
   3    -0.3137    -513.668 0.2370   0.1254E-03  0.6195E-04 -0.1101E-02  0.0000E+00      -1  -0.204E-03   20.00
   4    -0.4657    -515.190 0.2369   0.1243E-03  0.6171E-04 -0.1635E-02  0.0000E+00      -1  -0.303E-03   20.00
   5    -0.6145    -517.331 0.2368   0.1229E-03  0.6137E-04 -0.2154E-02  0.0000E+00      -1  -0.399E-03   20.00
   6    -0.7601    -520.066 0.2366   0.1210E-03  0.6094E-04 -0.2657E-02  0.0000E+00      -1  -0.492E-03   20.00
   7    -0.9024    -523.377 0.2364   0.1187E-03  0.6042E-04 -0.3144E-02  0.0000E+00      -1  -0.582E-03   20.00
   8    -1.0416    -527.253 0.2362   0.1160E-03  0.5980E-04 -0.3617E-02  0.0000E+00      -1  -0.670E-03   20.00
   9    -1.1776    -531.693 0.2359   0.1130E-03  0.5910E-04 -0.4080E-02  0.0000E+00      -1  -0.756E-03   20.00
  10    -1.3103    -536.705 0.2356   0.1095E-03  0.5830E-04 -0.4533E-02  0.0000E+00      -1  -0.839E-03   20.00
  11    -1.4398    -542.305 0.2353   0.1057E-03  0.5741E-04 -0.4976E-02  0.0000E+00      -1  -0.921E-03   20.00
  12    -1.5662    -548.521 0.2349   0.1014E-03  0.5643E-04 -0.5409E-02  0.0000E+00      -1  -0.100E-02   20.00
  13    -1.6893    -555.325 0.2345   0.9860E-04  0.5564E-04 -0.5829E-02  0.0000E+00      -1  -0.108E-02   20.00
  14    -1.8092    -562.655 0.2342   0.9570E-04  0.5481E-04 -0.6230E-02  0.0000E+00      -1  -0.115E-02   20.00
  15    -1.9258    -570.505 0.2338   0.9260E-04  0.5392E-04 -0.6611E-02  0.0000E+00      -1  -0.122E-02   20.00
  16    -2.0393    -578.874 0.2333   0.8928E-04  0.5297E-04 -0.6971E-02  0.0000E+00      -1  -0.129E-02   20.00
  17    -2.1496    -587.769 0.2329   0.8576E-04  0.5195E-04 -0.7309E-02  0.0000E+00      -1  -0.135E-02   20.00
  18    -2.2566    -597.202 0.2324   0.8199E-04  0.5087E-04 -0.7625E-02  0.0000E+00      -1  -0.141E-02   20.00
  19    -2.3605    -607.197 0.2319   0.7799E-04  0.4973E-04 -0.7925E-02  0.0000E+00      -1  -0.147E-02   20.00
  20    -2.4611    -617.807 0.2313   0.7374E-04  0.4851E-04 -0.8215E-02  0.0000E+00      -1  -0.152E-02   20.00
  21    -2.5585    -629.104 0.2307   0.6922E-04  0.4721E-04 -0.8496E-02  0.0000E+00      -1  -0.157E-02   20.00
  22    -2.6527    -641.065 0.2302   0.6575E-04  0.4609E-04 -0.8764E-02  0.0000E+00      -1  -0.162E-02   20.00
  23    -2.7437    -653.559 0.2297   0.6289E-04  0.4507E-04 -0.9013E-02  0.0000E+00      -1  -0.167E-02   20.00
  24    -2.8315    -666.529 0.2291   0.5991E-04  0.4400E-04 -0.9240E-02  0.0000E+00      -1  -0.171E-02   20.00
  25    -2.9160    -679.995 0.2285   0.5679E-04  0.4289E-04 -0.9445E-02  0.0000E+00      -1  -0.175E-02   20.00
  26    -2.9974    -693.987 0.2279   0.5354E-04  0.4173E-04 -0.9633E-02  0.0000E+00      -1  -0.178E-02   20.00
  27    -3.0755    -708.569 0.2273   0.5015E-04  0.4052E-04 -0.9811E-02  0.0000E+00      -1  -0.182E-02   20.00
  28    -3.1505    -723.826 0.2267   0.4661E-04  0.3926E-04 -0.9979E-02  0.0000E+00      -1  -0.185E-02   20.00
  29    -3.2222    -739.713 0.2261   0.4383E-04  0.3816E-04 -0.1013E-01  0.0000E+00      -1  -0.188E-02   20.00
  30    -3.2907    -756.005 0.2255   0.4166E-04  0.3720E-04 -0.1027E-01  0.0000E+00      -1  -0.190E-02   20.00
  31    -3.3560    -772.580 0.2249   0.3944E-04  0.3621E-04 -0.1039E-01  0.0000E+00      -1  -0.192E-02   20.00
  32    -3.4181    -789.440 0.2243   0.3718E-04  0.3521E-04 -0.1049E-01  0.0000E+00      -1  -0.194E-02   20.00
  33    -3.4769    -806.604 0.2237   0.3488E-04  0.3418E-04 -0.1058E-01  0.0000E+00      -1  -0.196E-02   20.00
  34    -3.5326    -824.097 0.2231   0.3254E-04  0.3314E-04 -0.1066E-01  0.0000E+00      -1  -0.197E-02   20.00
  35    -3.5850    -841.956 0.2225   0.3016E-04  0.3209E-04 -0.1074E-01  0.0000E+00      -1  -0.199E-02   20.00
  36    -3.6343    -859.925 0.2219   0.2872E-04  0.3131E-04 -0.1080E-01  0.0000E+00      -1  -0.200E-02   20.00
  37    -3.6803    -877.650 0.2214   0.2736E-04  0.3056E-04 -0.1085E-01  0.0000E+00      -1  -0.201E-02   20.00
  38    -3.7231    -895.040 0.2209   0.2602E-04  0.2982E-04 -0.1088E-01  0.0000E+00      -1  -0.202E-02   20.00
  39    -3.7627    -912.015 0.2204   0.2472E-04  0.2910E-04 -0.1091E-01  0.0000E+00      -1  -0.202E-02   20.00
  40    -3.7991    -928.482 0.2199   0.2347E-04  0.2841E-04 -0.1094E-01  0.0000E+00      -1  -0.203E-02   20.00
  41    -3.8323    -944.337 0.2195   0.2226E-04  0.2774E-04 -0.1096E-01  0.0000E+00      -1  -0.203E-02   20.00
  42    -3.8623    -959.456 0.2190   0.2111E-04  0.2711E-04 -0.1097E-01  0.0000E+00      -1  -0.203E-02   20.00
  43    -3.8890    -973.701 0.2186   0.2003E-04  0.2651E-04 -0.1098E-01  0.0000E+00      -1  -0.203E-02   20.00
  44    -3.9126    -986.769 0.2183   0.1945E-04  0.2612E-04 -0.1098E-01  0.0000E+00      -1  -0.203E-02   20.00
  45    -3.9329    -998.376 0.2180   0.1895E-04  0.2577E-04 -0.1098E-01  0.0000E+00      -1  -0.203E-02   20.00
  46    -3.9500    -998.483 1.0000   0.3000E-02  0.0000E+00 -0.1098E-01  0.0000E+00      -1  -0.203E-02   20.00
  47    -4.0925    -998.863 1.0000   0.3000E-02  0.0000E+00 -0.1098E-01  0.0000E+00      -1  -0.203E-02   20.00
  48    -4.2350    -999.242 1.0000   0.3000E-02  0.0000E+00 -0.1098E-01  0.0000E+00      -1  -0.203E-02   20.00
  49    -4.3775    -999.621 1.0000   0.3000E-02  0.0000E+00 -0.1098E-01  0.0000E+00      -1  -0.203E-02   20.00
  50    -4.5200   -1000.000 1.0000   0.3000E-02  0.0000E+00 -0.1098E-01  0.0000E+00      -1  -0.203E-02   20.00
end


 Time:       10.0000


 Node      Depth      Head Moisture       K          C         Flux        Sink         Kappa   v/KsTop   Temp
           [L]        [L]    [-]        [L/T]      [1/L]      [L/T]        [1/T]         [-]      [-]      [C]

   1     0.0000    -691.415 0.2281   0.5418E-04  0.4196E-04 -0.9954E-08  0.0000E+00      -1  -0.184E-08   20.00
   2    -0.1584    -691.601 0.2281   0.5414E-04  0.4194E-04 -0.2325E-03  0.0000E+00      -1  -0.431E-04   20.00
   3    -0.3137    -692.451 0.2281   0.5394E-04  0.4187E-04 -0.4623E-03  0.0000E+00      -1  -0.856E-04   20.00
   4    -0.4657    -693.930 0.2280   0.5360E-04  0.4175E-04 -0.6864E-03  0.0000E+00      -1  -0.127E-03   20.00
   5    -0.6145    -696.007 0.2279   0.5313E-04  0.4158E-04 -0.9045E-03  0.0000E+00      -1  -0.167E-03   20.00
   6    -0.7601    -698.653 0.2278   0.5253E-04  0.4137E-04 -0.1116E-02  0.0000E+00      -1  -0.207E-03   20.00
   7    -0.9024    -701.844 0.2277   0.5180E-04  0.4111E-04 -0.1321E-02  0.0000E+00      -1  -0.245E-03   20.00
   8    -1.0416    -705.557 0.2275   0.5096E-04  0.4081E-04 -0.1518E-02  0.0000E+00      -1  -0.281E-03   20.00
   9    -1.1776    -709.774 0.2273   0.4999E-04  0.4046E-04 -0.1708E-02  0.0000E+00      -1  -0.316E-03   20.00
  10    -1.3103    -714.479 0.2271   0.4892E-04  0.4008E-04 -0.1892E-02  0.0000E+00      -1  -0.350E-03   20.00
  11    -1.4398    -719.663 0.2269   0.4774E-04  0.3966E-04 -0.2069E-02  0.0000E+00      -1  -0.383E-03   20.00
  12    -1.5662    -725.325 0.2267   0.4645E-04  0.3920E-04 -0.2242E-02  0.0000E+00      -1  -0.415E-03   20.00
  13    -1.6893    -731.465 0.2264   0.4506E-04  0.3870E-04 -0.2409E-02  0.0000E+00      -1  -0.446E-03   20.00
  14    -1.8092    -738.040 0.2262   0.4418E-04  0.3832E-04 -0.2569E-02  0.0000E+00      -1  -0.476E-03   20.00
  15    -1.9258    -744.990 0.2259   0.4326E-04  0.3791E-04 -0.2721E-02  0.0000E+00      -1  -0.504E-03   20.00
  16    -2.0393    -752.292 0.2257   0.4230E-04  0.3748E-04 -0.2865E-02  0.0000E+00      -1  -0.531E-03   20.00
  17    -2.1496    -759.927 0.2254   0.4128E-04  0.3703E-04 -0.3000E-02  0.0000E+00      -1  -0.556E-03   20.00
  18    -2.2566    -767.876 0.2251   0.4023E-04  0.3656E-04 -0.3128E-02  0.0000E+00      -1  -0.579E-03   20.00
  19    -2.3605    -776.119 0.2248   0.3914E-04  0.3608E-04 -0.3246E-02  0.0000E+00      -1  -0.601E-03   20.00
  20    -2.4611    -784.638 0.2245   0.3801E-04  0.3557E-04 -0.3357E-02  0.0000E+00      -1  -0.622E-03   20.00
  21    -2.5585    -793.416 0.2242   0.3685E-04  0.3506E-04 -0.3458E-02  0.0000E+00      -1  -0.640E-03   20.00
  22    -2.6527    -802.436 0.2239   0.3565E-04  0.3453E-04 -0.3552E-02  0.0000E+00      -1  -0.658E-03   20.00
  23    -2.7437    -811.687 0.2236   0.3443E-04  0.3398E-04 -0.3639E-02  0.0000E+00      -1  -0.674E-03   20.00
  24    -2.8315    -821.162 0.2232   0.3317E-04  0.3342E-04 -0.3721E-02  0.0000E+00      -1  -0.689E-03   20.00
  25    -2.9160    -830.856 0.2229   0.3188E-04  0.3285E-04 -0.3797E-02  0.0000E+00      -1  -0.703E-03   20.00
  26    -2.9974    -840.766 0.2225   0.3057E-04  0.3227E-04 -0.3868E-02  0.0000E+00      -1  -0.716E-03   20.00
  27    -3.0755    -850.831 0.2222   0.2956E-04  0.3177E-04 -0.3933E-02  0.0000E+00      -1  -0.728E-03   20.00
  28    -3.1505    -860.939 0.2219   0.2879E-04  0.3134E-04 -0.3991E-02  0.0000E+00      -1  -0.739E-03   20.00
  29    -3.2222    -871.018 0.2216   0.2801E-04  0.3092E-04 -0.4043E-02  0.0000E+00      -1  -0.749E-03   20.00
  30    -3.2907    -881.035 0.2213   0.2724E-04  0.3049E-04 -0.4087E-02  0.0000E+00      -1  -0.757E-03   20.00
  31    -3.3560    -890.956 0.2211   0.2648E-04  0.3007E-04 -0.4125E-02  0.0000E+00      -1  -0.764E-03   20.00
  32    -3.4181    -900.749 0.2208   0.2572E-04  0.2965E-04 -0.4158E-02  0.0000E+00      -1  -0.770E-03   20.00
  33    -3.4769    -910.383 0.2205   0.2498E-04  0.2924E-04 -0.4186E-02  0.0000E+00      -1  -0.775E-03   20.00
  34    -3.5326    -919.824 0.2202   0.2425E-04  0.2884E-04 -0.4211E-02  0.0000E+00      -1  -0.780E-03   20.00
  35    -3.5850    -929.040 0.2199   0.2354E-04  0.2845E-04 -0.4232E-02  0.0000E+00      -1  -0.784E-03   20.00
  36    -3.6343    -937.995 0.2197   0.2285E-04  0.2807E-04 -0.4250E-02  0.0000E+00      -1  -0.787E-03   20.00
  37    -3.6803    -946.653 0.2194   0.2218E-04  0.2770E-04 -0.4264E-02  0.0000E+00      -1  -0.790E-03   20.00
  38    -3.7231    -954.974 0.2192   0.2154E-04  0.2734E-04 -0.4276E-02  0.0000E+00      -1  -0.792E-03   20.00
  39    -3.7627    -962.920 0.2190   0.2093E-04  0.2700E-04 -0.4285E-02  0.0000E+00      -1  -0.794E-03   20.00
  40    -3.7991    -970.448 0.2187   0.2035E-04  0.2668E-04 -0.4293E-02  0.0000E+00      -1  -0.795E-03   20.00
  41    -3.8323    -977.501 0.2185   0.1988E-04  0.2641E-04 -0.4298E-02  0.0000E+00      -1  -0.796E-03   20.00
  42    -3.8623    -983.998 0.2184   0.1959E-04  0.2621E-04 -0.4301E-02  0.0000E+00      -1  -0.796E-03   20.00
  43    -3.8890    -989.885 0.2182   0.1933E-04  0.2603E-04 -0.4303E-02  0.0000E+00      -1  -0.797E-03   20.00
  44    -3.9126    -995.134 0.2181   0.1910E-04  0.2587E-04 -0.4304E-02  0.0000E+00      -1  -0.797E-03   20.00
  45    -3.9329    -999.721 0.2180   0.1889E-04  0.2573E-04 -0.4303E-02  0.0000E+00      -1  -0.797E-03   20.00
  46    -3.9500    -999.752 1.0000   0.3000E-02  0.0000E+00 -0.4304E-02  0.0000E+00      -1  -0.797E-03   20.00
  47    -4.0925    -999.814 1.0000   0.3000E-02  0.0000E+00 -0.4304E-02  0.0000E+00      -1  -0.797E-03   20.00
  48    -4.2350    -999.876 1.0000   0.3000E-02  0.0000E+00 -0.4304E-02  0.0000E+00      -1  -0.797E-03   20.00
  49    -4.3775    -999.938 1.0000   0.3000E-02  0.0000E+00 -0.4304E-02  0.0000E+00      -1  -0.797E-03   20.00
  50    -4.5200   -1000.000 1.0000   0.3000E-02  0.0000E+00 -0.4304E-02  0.0000E+00      -1  -0.797E-03   20.00
end


 Time:       15.0000


 Node      Depth      Head Moisture       K          C         Flux        Sink         Kappa   v/KsTop   Temp
           [L]        [L]    [-]        [L/T]      [1/L]      [L/T]        [1/T]         [-]      [-]      [C]

   1     0.0000    -807.014 0.2236   0.3497E-04  0.3422E-04 -0.1168E-08  0.0000E+00      -1  -0.216E-09   20.00
   2    -0.1584    -807.124 0.2236   0.3495E-04  0.3422E-04 -0.1172E-03  0.0000E+00      -1  -0.217E-04   20.00
   3    -0.3137    -807.753 0.2236   0.3486E-04  0.3418E-04 -0.2330E-03  0.0000E+00      -1  -0.432E-04   20.00
   4    -0.4657    -808.872 0.2236   0.3470E-04  0.3411E-04 -0.3460E-03  0.0000E+00      -1  -0.641E-04   20.00
   5    -0.6145    -810.455 0.2235   0.3448E-04  0.3401E-04 -0.4561E-03  0.0000E+00      -1  -0.845E-04   20.00
   6    -0.7601    -812.476 0.2234   0.3419E-04  0.3388E-04 -0.5631E-03  0.0000E+00      -1  -0.104E-03   20.00
   7    -0.9024    -814.913 0.2234   0.3385E-04  0.3372E-04 -0.6669E-03  0.0000E+00      -1  -0.123E-03   20.00
   8    -1.0416    -817.746 0.2233   0.3344E-04  0.3355E-04 -0.7673E-03  0.0000E+00      -1  -0.142E-03   20.00
   9    -1.1776    -820.955 0.2231   0.3299E-04  0.3334E-04 -0.8644E-03  0.0000E+00      -1  -0.160E-03   20.00
  10    -1.3103    -824.524 0.2230   0.3248E-04  0.3312E-04 -0.9581E-03  0.0000E+00      -1  -0.177E-03   20.00
  11    -1.4398    -828.435 0.2229   0.3193E-04  0.3287E-04 -0.1048E-02  0.0000E+00      -1  -0.194E-03   20.00
  12    -1.5662    -832.673 0.2227   0.3134E-04  0.3261E-04 -0.1135E-02  0.0000E+00      -1  -0.210E-03   20.00
  13    -1.6893    -837.224 0.2226   0.3072E-04  0.3234E-04 -0.1218E-02  0.0000E+00      -1  -0.226E-03   20.00
  14    -1.8092    -842.072 0.2224   0.3006E-04  0.3205E-04 -0.1298E-02  0.0000E+00      -1  -0.240E-03   20.00
  15    -1.9258    -847.182 0.2223   0.2965E-04  0.3182E-04 -0.1373E-02  0.0000E+00      -1  -0.254E-03   20.00
  16    -2.0393    -852.505 0.2221   0.2924E-04  0.3159E-04 -0.1444E-02  0.0000E+00      -1  -0.267E-03   20.00
  17    -2.1496    -858.014 0.2219   0.2881E-04  0.3136E-04 -0.1511E-02  0.0000E+00      -1  -0.280E-03   20.00
  18    -2.2566    -863.686 0.2218   0.2837E-04  0.3112E-04 -0.1573E-02  0.0000E+00      -1  -0.291E-03   20.00
  19    -2.3605    -869.495 0.2216   0.2792E-04  0.3087E-04 -0.1630E-02  0.0000E+00      -1  -0.302E-03   20.00
  20    -2.4611    -875.419 0.2214   0.2746E-04  0.3061E-04 -0.1683E-02  0.0000E+00      -1  -0.312E-03   20.00
  21    -2.5585    -881.433 0.2213   0.2700E-04  0.3036E-04 -0.1731E-02  0.0000E+00      -1  -0.321E-03   20.00
  22    -2.6527    -887.514 0.2211   0.2652E-04  0.3009E-04 -0.1775E-02  0.0000E+00      -1  -0.329E-03   20.00
  23    -2.7437    -893.640 0.2209   0.2604E-04  0.2983E-04 -0.1814E-02  0.0000E+00      -1  -0.336E-03   20.00
  24    -2.8315    -899.789 0.2207   0.2556E-04  0.2957E-04 -0.1850E-02  0.0000E+00      -1  -0.343E-03   20.00
  25    -2.9160    -905.942 0.2206   0.2509E-04  0.2930E-04 -0.1884E-02  0.0000E+00      -1  -0.349E-03   20.00
  26    -2.9974    -912.081 0.2204   0.2461E-04  0.2904E-04 -0.1914E-02  0.0000E+00      -1  -0.354E-03   20.00
  27    -3.0755    -918.185 0.2202   0.2414E-04  0.2878E-04 -0.1941E-02  0.0000E+00      -1  -0.359E-03   20.00
  28    -3.1505    -924.236 0.2200   0.2368E-04  0.2852E-04 -0.1966E-02  0.0000E+00      -1  -0.364E-03   20.00
  29    -3.2222    -930.213 0.2199   0.2322E-04  0.2827E-04 -0.1988E-02  0.0000E+00      -1  -0.368E-03   20.00
  30    -3.2907    -936.099 0.2197   0.2277E-04  0.2802E-04 -0.2008E-02  0.0000E+00      -1  -0.372E-03   20.00
  31    -3.3560    -941.873 0.2195   0.2234E-04  0.2778E-04 -0.2025E-02  0.0000E+00      -1  -0.375E-03   20.00
  32    -3.4181    -947.517 0.2194   0.2191E-04  0.2755E-04 -0.2040E-02  0.0000E+00      -1  -0.378E-03   20.00
  33    -3.4769    -953.013 0.2192   0.2149E-04  0.2732E-04 -0.2053E-02  0.0000E+00      -1  -0.380E-03   20.00
  34    -3.5326    -958.340 0.2191   0.2109E-04  0.2710E-04 -0.2065E-02  0.0000E+00      -1  -0.382E-03   20.00
  35    -3.5850    -963.482 0.2189   0.2071E-04  0.2688E-04 -0.2074E-02  0.0000E+00      -1  -0.384E-03   20.00
  36    -3.6343    -968.418 0.2188   0.2034E-04  0.2668E-04 -0.2082E-02  0.0000E+00      -1  -0.386E-03   20.00
  37    -3.6803    -973.131 0.2186   0.2000E-04  0.2649E-04 -0.2088E-02  0.0000E+00      -1  -0.387E-03   20.00
  38    -3.7231    -977.587 0.2185   0.1981E-04  0.2636E-04 -0.2094E-02  0.0000E+00      -1  -0.388E-03   20.00
  39    -3.7627    -981.756 0.2184   0.1963E-04  0.2624E-04 -0.2097E-02  0.0000E+00      -1  -0.388E-03   20.00
  40    -3.7991    -985.625 0.2183   0.1947E-04  0.2613E-04 -0.2100E-02  0.0000E+00      -1  -0.389E-03   20.00
  41    -3.8323    -989.185 0.2183   0.1932E-04  0.2603E-04 -0.2102E-02  0.0000E+00      -1  -0.389E-03   20.00
  42    -3.8623    -992.427 0.2182   0.1919E-04  0.2594E-04 -0.2103E-02  0.0000E+00      -1  -0.389E-03   20.00
  43    -3.8890    -995.342 0.2181   0.1907E-04  0.2585E-04 -0.2104E-02  0.0000E+00      -1  -0.390E-03   20.00
  44    -3.9126    -997.923 0.2181   0.1896E-04  0.2578E-04 -0.2104E-02  0.0000E+00      -1  -0.390E-03   20.00
  45    -3.9329   -1000.163 0.2180   0.1887E-04  0.2572E-04 -0.2105E-02  0.0000E+00      -1  -0.390E-03   20.00
  46    -3.9500   -1000.170 1.0000   0.3000E-02  0.0000E+00 -0.2105E-02  0.0000E+00      -1  -0.390E-03   20.00
  47    -4.0925   -1000.128 1.0000   0.3000E-02  0.0000E+00 -0.2104E-02  0.0000E+00      -1  -0.390E-03   20.00
  48    -4.2350   -1000.085 1.0000   0.3000E-02  0.0000E+00 -0.2104E-02  0.0000E+00      -1  -0.390E-03   20.00
  49    -4.3775   -1000.043 1.0000   0.3000E-02  0.0000E+00 -0.2104E-02  0.0000E+00      -1  -0.390E-03   20.00
  50    -4.5200   -1000.000 1.0000   0.3000E-02  0.0000E+00 -0.2103E-02  0.0000E+00      -1  -0.389E-03   20.00
end


 Time:      100.0000


 Node      Depth      Head Moisture       K          C         Flux        Sink         Kappa   v/KsTop   Temp
           [L]        [L]    [-]        [L/T]      [1/L]      [L/T]        [1/T]         [-]      [-]      [C]

   1     0.0000   -1004.365 0.2179   0.1868E-04  0.2559E-04  0.2006E-08  0.0000E+00      -1   0.372E-09   20.00
   2    -0.1584   -1004.207 0.2179   0.1869E-04  0.2559E-04 -0.7286E-07  0.0000E+00      -1  -0.135E-07   20.00
   3    -0.3137   -1004.053 0.2179   0.1869E-04  0.2560E-04 -0.1441E-06  0.0000E+00      -1  -0.267E-07   20.00
   4    -0.4657   -1003.902 0.2179   0.1870E-04  0.2560E-04 -0.2108E-06  0.0000E+00      -1  -0.390E-07   20.00
   5    -0.6145   -1003.755 0.2179   0.1871E-04  0.2560E-04 -0.2804E-06  0.0000E+00      -1  -0.519E-07   20.00
   6    -0.7601   -1003.612 0.2179   0.1871E-04  0.2561E-04 -0.3453E-06  0.0000E+00      -1  -0.639E-07   20.00
   7    -0.9024   -1003.473 0.2179   0.1872E-04  0.2561E-04 -0.4051E-06  0.0000E+00      -1  -0.750E-07   20.00
   8    -1.0416   -1003.337 0.2179   0.1872E-04  0.2562E-04 -0.4676E-06  0.0000E+00      -1  -0.866E-07   20.00
   9    -1.1776   -1003.205 0.2179   0.1873E-04  0.2562E-04 -0.5247E-06  0.0000E+00      -1  -0.972E-07   20.00
  10    -1.3103   -1003.076 0.2179   0.1874E-04  0.2563E-04 -0.5760E-06  0.0000E+00      -1  -0.107E-06   20.00
  11    -1.4398   -1002.950 0.2179   0.1874E-04  0.2563E-04 -0.6298E-06  0.0000E+00      -1  -0.117E-06   20.00
  12    -1.5662   -1002.828 0.2179   0.1875E-04  0.2563E-04 -0.6817E-06  0.0000E+00      -1  -0.126E-06   20.00
  13    -1.6893   -1002.710 0.2179   0.1875E-04  0.2564E-04 -0.7271E-06  0.0000E+00      -1  -0.135E-06   20.00
  14    -1.8092   -1002.595 0.2179   0.1876E-04  0.2564E-04 -0.7701E-06  0.0000E+00      -1  -0.143E-06   20.00
  15    -1.9258   -1002.483 0.2179   0.1876E-04  0.2564E-04 -0.8104E-06  0.0000E+00      -1  -0.150E-06   20.00
  16    -2.0393   -1002.375 0.2179   0.1877E-04  0.2565E-04 -0.8429E-06  0.0000E+00      -1  -0.156E-06   20.00
  17    -2.1496   -1002.269 0.2179   0.1877E-04  0.2565E-04 -0.8774E-06  0.0000E+00      -1  -0.162E-06   20.00
  18    -2.2566   -1002.167 0.2180   0.1878E-04  0.2566E-04 -0.9084E-06  0.0000E+00      -1  -0.168E-06   20.00
  19    -2.3605   -1002.069 0.2180   0.1878E-04  0.2566E-04 -0.9359E-06  0.0000E+00      -1  -0.173E-06   20.00
  20    -2.4611   -1001.973 0.2180   0.1879E-04  0.2566E-04 -0.9650E-06  0.0000E+00      -1  -0.179E-06   20.00
  21    -2.5585   -1001.881 0.2180   0.1879E-04  0.2566E-04 -0.9901E-06  0.0000E+00      -1  -0.183E-06   20.00
  22    -2.6527   -1001.792 0.2180   0.1880E-04  0.2567E-04 -0.1011E-05  0.0000E+00      -1  -0.187E-06   20.00
  23    -2.7437   -1001.706 0.2180   0.1880E-04  0.2567E-04 -0.1027E-05  0.0000E+00      -1  -0.190E-06   20.00
  24    -2.8315   -1001.623 0.2180   0.1881E-04  0.2567E-04 -0.1043E-05  0.0000E+00      -1  -0.193E-06   20.00
  25    -2.9160   -1001.543 0.2180   0.1881E-04  0.2568E-04 -0.1062E-05  0.0000E+00      -1  -0.197E-06   20.00
  26    -2.9974   -1001.466 0.2180   0.1881E-04  0.2568E-04 -0.1081E-05  0.0000E+00      -1  -0.200E-06   20.00
  27    -3.0755   -1001.393 0.2180   0.1882E-04  0.2568E-04 -0.1095E-05  0.0000E+00      -1  -0.203E-06   20.00
  28    -3.1505   -1001.322 0.2180   0.1882E-04  0.2568E-04 -0.1102E-05  0.0000E+00      -1  -0.204E-06   20.00
  29    -3.2222   -1001.254 0.2180   0.1882E-04  0.2569E-04 -0.1110E-05  0.0000E+00      -1  -0.206E-06   20.00
  30    -3.2907   -1001.190 0.2180   0.1883E-04  0.2569E-04 -0.1118E-05  0.0000E+00      -1  -0.207E-06   20.00
  31    -3.3560   -1001.129 0.2180   0.1883E-04  0.2569E-04 -0.1128E-05  0.0000E+00      -1  -0.209E-06   20.00
  32    -3.4181   -1001.070 0.2180   0.1883E-04  0.2569E-04 -0.1138E-05  0.0000E+00      -1  -0.211E-06   20.00
  33    -3.4769   -1001.015 0.2180   0.1883E-04  0.2569E-04 -0.1139E-05  0.0000E+00      -1  -0.211E-06   20.00
  34    -3.5326   -1000.963 0.2180   0.1884E-04  0.2569E-04 -0.1141E-05  0.0000E+00      -1  -0.211E-06   20.00
  35    -3.5850   -1000.913 0.2180   0.1884E-04  0.2570E-04 -0.1153E-05  0.0000E+00      -1  -0.214E-06   20.00
  36    -3.6343   -1000.867 0.2180   0.1884E-04  0.2570E-04 -0.1156E-05  0.0000E+00      -1  -0.214E-06   20.00
  37    -3.6803   -1000.824 0.2180   0.1884E-04  0.2570E-04 -0.1146E-05  0.0000E+00      -1  -0.212E-06   20.00
  38    -3.7231   -1000.784 0.2180   0.1885E-04  0.2570E-04 -0.1148E-05  0.0000E+00      -1  -0.213E-06   20.00
  39    -3.7627   -1000.747 0.2180   0.1885E-04  0.2570E-04 -0.1151E-05  0.0000E+00      -1  -0.213E-06   20.00
  40    -3.7991   -1000.712 0.2180   0.1885E-04  0.2570E-04 -0.1154E-05  0.0000E+00      -1  -0.214E-06   20.00
  41    -3.8323   -1000.681 0.2180   0.1885E-04  0.2570E-04 -0.1158E-05  0.0000E+00      -1  -0.214E-06   20.00
  42    -3.8623   -1000.653 0.2180   0.1885E-04  0.2570E-04 -0.1162E-05  0.0000E+00      -1  -0.215E-06   20.00
  43    -3.8890   -1000.628 0.2180   0.1885E-04  0.2571E-04 -0.1168E-05  0.0000E+00      -1  -0.216E-06   20.00
  44    -3.9126   -1000.606 0.2180   0.1885E-04  0.2571E-04 -0.1175E-05  0.0000E+00      -1  -0.218E-06   20.00
  45    -3.9329   -1000.587 0.2180   0.1885E-04  0.2571E-04 -0.1820E-05  0.0000E+00      -1  -0.337E-06   20.00
  46    -3.9500   -1000.570 1.0000   0.3000E-02  0.0000E+00 -0.1104E-05  0.0000E+00      -1  -0.204E-06   20.00
  47    -4.0925   -1000.427 1.0000   0.3000E-02  0.0000E+00 -0.9261E-06  0.0000E+00      -1  -0.171E-06   20.00
  48    -4.2350   -1000.285 1.0000   0.3000E-02  0.0000E+00 -0.9236E-06  0.0000E+00      -1  -0.171E-06   20.00
  49    -4.3775   -1000.142 1.0000   0.3000E-02  0.0000E+00 -0.9236E-06  0.0000E+00      -1  -0.171E-06   20.00
  50    -4.5200   -1000.000 1.0000   0.3000E-02  0.0000E+00 -0.9236E-06  0.0000E+00      -1  -0.171E-06   20.00
end
