 ******* Program HYDRUS
 ******* 
 Test example for Onestep outflow method                                 
 Date:   6. 6.    Time:   9:59:59
 Units: L = cm   , T = hours, M = mmol 



                               Node(  6)                      Node( 14)                      Node( 24)                      Node( 39)

         time            h        theta    Temp           h        theta    Temp           h        theta    Temp           h        theta    Temp  
          0.0010       -2.23  0.3863   20.000         -1.79  0.3867   20.000         -1.91  0.3866   20.000         -2.85  0.3856   20.000
          0.0020       -3.10  0.3853   20.000         -2.81  0.3856   20.000         -3.26  0.3851   20.000         -4.88  0.3832   20.000
          0.0030       -3.92  0.3844   20.000         -3.76  0.3845   20.000         -4.48  0.3837   20.000         -6.70  0.3808   20.000
          0.0043       -4.92  0.3831   20.000         -4.91  0.3831   20.000         -5.97  0.3818   20.000         -8.99  0.3777   20.000
          0.0059       -6.07  0.3816   20.000         -6.22  0.3814   20.000         -7.70  0.3795   20.000        -11.77  0.3738   20.000
          0.0081       -7.58  0.3796   20.000         -7.96  0.3791   20.000        -10.03  0.3762   20.000        -15.80  0.3683   20.000
          0.0111       -9.50  0.3770   20.000        -10.17  0.3761   20.000        -13.06  0.3720   20.000        -21.61  0.3606   20.000
          0.0140      -11.31  0.3745   20.000        -12.29  0.3731   20.000        -16.06  0.3679   20.000        -28.18  0.3525   20.000
          0.0170      -13.06  0.3720   20.000        -14.35  0.3702   20.000        -19.04  0.3639   20.000        -35.79  0.3441   20.000
          0.0210      -15.32  0.3689   20.000        -17.02  0.3666   20.000        -23.04  0.3587   20.000        -48.12  0.3325   20.000
          0.0250      -17.50  0.3659   20.000        -19.61  0.3631   20.000        -26.96  0.3539   20.000        -62.90  0.3212   20.000
          0.0277      -18.93  0.3640   20.000        -21.30  0.3609   20.000        -29.53  0.3510   20.000        -73.74  0.3142   20.000
          0.0294      -19.87  0.3628   20.000        -22.41  0.3595   20.000        -31.22  0.3490   20.000        -81.10  0.3100   20.000
          0.0306      -20.49  0.3620   20.000        -23.14  0.3586   20.000        -32.33  0.3478   20.000        -86.00  0.3074   20.000
          0.0318      -21.11  0.3612   20.000        -23.87  0.3577   20.000        -33.42  0.3467   20.000        -90.69  0.3051   20.000
          0.0330      -21.72  0.3604   20.000        -24.59  0.3568   20.000        -34.48  0.3455   20.000        -95.29  0.3029   20.000
          0.0343      -22.36  0.3596   20.000        -25.35  0.3559   20.000        -35.60  0.3443   20.000        -99.62  0.3009   20.000
          0.0355      -22.99  0.3588   20.000        -26.09  0.3550   20.000        -36.70  0.3432   20.000       -103.98  0.2990   20.000
          0.0364      -23.44  0.3582   20.000        -26.61  0.3543   20.000        -37.45  0.3425   20.000       -106.88  0.2978   20.000
          0.0373      -23.89  0.3577   20.000        -27.12  0.3537   20.000        -38.19  0.3417   20.000       -109.53  0.2967   20.000
          0.0382      -24.33  0.3571   20.000        -27.63  0.3531   20.000        -38.91  0.3410   20.000       -111.90  0.2957   20.000
          0.0391      -24.76  0.3566   20.000        -28.14  0.3526   20.000        -39.62  0.3403   20.000       -114.16  0.2948   20.000
          0.0400      -25.19  0.3561   20.000        -28.63  0.3520   20.000        -40.33  0.3396   20.000       -116.51  0.2940   20.000
          0.0406      -25.48  0.3557   20.000        -28.98  0.3516   20.000        -40.81  0.3391   20.000       -118.15  0.2934   20.000
          0.0413      -25.78  0.3554   20.000        -29.32  0.3512   20.000        -41.29  0.3387   20.000       -119.71  0.2928   20.000
          0.0419      -26.07  0.3550   20.000        -29.66  0.3508   20.000        -41.77  0.3382   20.000       -121.21  0.2923   20.000
          0.0427      -26.45  0.3545   20.000        -30.09  0.3503   20.000        -42.39  0.3377   20.000       -123.11  0.2916   20.000
          0.0437      -26.93  0.3540   20.000        -30.65  0.3497   20.000        -43.15  0.3370   20.000       -125.36  0.2908   20.000
          0.0450      -27.52  0.3533   20.000        -31.31  0.3489   20.000        -44.05  0.3362   20.000       -127.92  0.2899   20.000
          0.0462      -28.09  0.3526   20.000        -31.96  0.3482   20.000        -44.93  0.3354   20.000       -130.22  0.2890   20.000
          0.0472      -28.52  0.3521   20.000        -32.44  0.3477   20.000        -45.58  0.3348   20.000       -131.96  0.2885   20.000
          0.0481      -28.94  0.3516   20.000        -32.92  0.3472   20.000        -46.23  0.3342   20.000       -133.77  0.2879   20.000
          0.0491      -29.35  0.3512   20.000        -33.39  0.3467   20.000        -46.87  0.3336   20.000       -135.57  0.2874   20.000
          0.0500      -29.76  0.3507   20.000        -33.85  0.3462   20.000        -47.49  0.3331   20.000       -137.35  0.2868   20.000
          0.0510      -30.17  0.3502   20.000        -34.32  0.3457   20.000        -48.13  0.3325   20.000       -139.17  0.2863   20.000
          0.0522      -30.70  0.3496   20.000        -34.92  0.3450   20.000        -48.94  0.3319   20.000       -141.43  0.2856   20.000
          0.0538      -31.39  0.3488   20.000        -35.70  0.3442   20.000        -49.97  0.3310   20.000       -144.21  0.2847   20.000
          0.0555      -32.08  0.3481   20.000        -36.47  0.3434   20.000        -50.98  0.3302   20.000       -146.71  0.2840   20.000
          0.0576      -32.95  0.3472   20.000        -37.44  0.3425   20.000        -52.25  0.3292   20.000       -149.76  0.2830   20.000
          0.0597      -33.80  0.3463   20.000        -38.39  0.3415   20.000        -53.51  0.3281   20.000       -152.80  0.2822   20.000
          0.0618      -34.62  0.3454   20.000        -39.32  0.3406   20.000        -54.74  0.3271   20.000       -156.09  0.2813   20.000
          0.0639      -35.43  0.3445   20.000        -40.24  0.3397   20.000        -55.96  0.3262   20.000       -159.35  0.2805   20.000
          0.0666      -36.49  0.3434   20.000        -41.41  0.3385   20.000        -57.50  0.3251   20.000       -163.40  0.2794   20.000
          0.0694      -37.53  0.3424   20.000        -42.57  0.3375   20.000        -58.99  0.3240   20.000       -167.16  0.2785   20.000
          0.0729      -38.83  0.3411   20.000        -44.02  0.3362   20.000        -60.87  0.3227   20.000       -171.72  0.2773   20.000
          0.0765      -40.09  0.3399   20.000        -45.43  0.3349   20.000        -62.73  0.3213   20.000       -175.81  0.2763   20.000
          0.0790      -40.96  0.3390   20.000        -46.41  0.3340   20.000        -64.00  0.3204   20.000       -178.98  0.2756   20.000
          0.0815      -41.83  0.3382   20.000        -47.38  0.3332   20.000        -65.28  0.3196   20.000       -182.17  0.2749   20.000
          0.0840      -42.71  0.3374   20.000        -48.34  0.3323   20.000        -66.52  0.3188   20.000       -185.30  0.2742   20.000
          0.0865      -43.57  0.3366   20.000        -49.28  0.3316   20.000        -67.74  0.3180   20.000       -188.42  0.2735   20.000
          0.0890      -44.40  0.3358   20.000        -50.21  0.3308   20.000        -68.94  0.3172   20.000       -191.47  0.2729   20.000
          0.0922      -45.45  0.3349   20.000        -51.39  0.3299   20.000        -70.46  0.3163   20.000       -195.12  0.2721   20.000
          0.0964      -46.78  0.3337   20.000        -52.89  0.3286   20.000        -72.43  0.3150   20.000       -199.57  0.2711   20.000
          0.1006      -48.11  0.3325   20.000        -54.36  0.3274   20.000        -74.35  0.3138   20.000       -203.87  0.2703   20.000
          0.1049      -49.44  0.3314   20.000        -55.82  0.3263   20.000        -76.24  0.3128   20.000       -208.48  0.2694   20.000
          0.1091      -50.74  0.3304   20.000        -57.26  0.3253   20.000        -78.08  0.3117   20.000       -213.11  0.2686   20.000
          0.1145      -52.35  0.3291   20.000        -59.06  0.3240   20.000        -80.42  0.3104   20.000       -218.74  0.2675   20.000
          0.1198      -53.85  0.3279   20.000        -60.75  0.3227   20.000        -82.62  0.3092   20.000       -223.84  0.2666   20.000
          0.1250      -55.34  0.3267   20.000        -62.40  0.3215   20.000        -84.77  0.3080   20.000       -228.65  0.2657   20.000
          0.1320      -57.33  0.3252   20.000        -64.59  0.3200   20.000        -87.60  0.3066   20.000       -234.85  0.2646   20.000
          0.1390      -59.24  0.3238   20.000        -66.72  0.3187   20.000        -90.33  0.3053   20.000       -241.32  0.2636   20.000
          0.1460      -61.08  0.3225   20.000        -68.78  0.3173   20.000        -93.00  0.3040   20.000       -248.07  0.2626   20.000
          0.1565      -63.74  0.3206   20.000        -71.75  0.3154   20.000        -96.87  0.3021   20.000       -256.62  0.2613   20.000
          0.1670      -66.45  0.3188   20.000        -74.71  0.3136   20.000       -100.69  0.3004   20.000       -264.96  0.2600   20.000
          0.1763      -68.72  0.3174   20.000        -77.25  0.3122   20.000       -103.94  0.2990   20.000       -271.76  0.2590   20.000
          0.1883      -71.56  0.3156   20.000        -80.43  0.3104   20.000       -108.04  0.2973   20.000       -281.54  0.2578   20.000
          0.2040      -75.17  0.3134   20.000        -84.42  0.3082   20.000       -113.25  0.2951   20.000       -293.83  0.2562   20.000
          0.2196      -78.72  0.3114   20.000        -88.34  0.3062   20.000       -118.30  0.2933   20.000       -304.96  0.2548   20.000
          0.2353      -82.08  0.3095   20.000        -92.12  0.3044   20.000       -123.19  0.2916   20.000       -314.91  0.2536   20.000
          0.2509      -85.37  0.3077   20.000        -95.78  0.3026   20.000       -127.91  0.2899   20.000       -324.73  0.2525   20.000
          0.2713      -89.64  0.3056   20.000       -100.46  0.3005   20.000       -133.91  0.2879   20.000       -338.11  0.2511   20.000
          0.2916      -93.67  0.3036   20.000       -104.97  0.2986   20.000       -139.71  0.2861   20.000       -350.61  0.2498   20.000
          0.3176      -98.58  0.3013   20.000       -110.45  0.2963   20.000       -146.77  0.2839   20.000       -364.32  0.2484   20.000
          0.3541     -105.41  0.2984   20.000       -117.96  0.2934   20.000       -156.42  0.2813   20.000       -383.57  0.2467   20.000
          0.4027     -113.71  0.2950   20.000       -127.23  0.2901   20.000       -168.26  0.2782   20.000       -408.13  0.2445   20.000
          0.4514     -121.93  0.2920   20.000       -136.27  0.2872   20.000       -179.80  0.2754   20.000       -430.35  0.2428   20.000
          0.5000     -129.59  0.2893   20.000       -144.86  0.2845   20.000       -190.85  0.2730   20.000       -451.15  0.2412   20.000
          0.5592     -138.85  0.2864   20.000       -155.01  0.2816   20.000       -203.71  0.2703   20.000       -473.50  0.2396   20.000
          0.6382     -150.13  0.2829   20.000       -167.59  0.2784   20.000       -219.67  0.2673   20.000       -501.17  0.2378   20.000
          0.7369     -163.81  0.2793   20.000       -182.62  0.2748   20.000       -238.57  0.2641   20.000       -532.82  0.2359   20.000
          0.8849     -182.43  0.2749   20.000       -203.21  0.2704   20.000       -264.47  0.2601   20.000       -573.68  0.2336   20.000
          1.0330     -200.00  0.2710   20.000       -222.64  0.2668   20.000       -288.75  0.2569   20.000       -608.61  0.2318   20.000
          1.2047     -219.59  0.2674   20.000       -244.05  0.2632   20.000       -314.92  0.2536   20.000       -643.32  0.2301   20.000
          1.4255     -242.77  0.2634   20.000       -269.37  0.2594   20.000       -345.66  0.2503   20.000       -681.25  0.2285   20.000
          1.6904     -268.47  0.2595   20.000       -297.50  0.2557   20.000       -379.73  0.2470   20.000       -718.18  0.2269   20.000
          2.0436     -300.40  0.2554   20.000       -332.05  0.2518   20.000       -420.15  0.2435   20.000       -757.73  0.2254   20.000
          2.7500     -354.05  0.2494   20.000       -389.91  0.2462   20.000       -486.81  0.2387   20.000       -811.76  0.2236   20.000
          3.1945     -387.09  0.2464   20.000       -424.67  0.2432   20.000       -524.42  0.2364   20.000       -838.24  0.2226   20.000
          3.7501     -424.30  0.2432   20.000       -463.94  0.2402   20.000       -567.14  0.2339   20.000       -864.24  0.2218   20.000
          4.5836     -473.67  0.2395   20.000       -515.28  0.2369   20.000       -619.50  0.2312   20.000       -891.64  0.2210   20.000
          5.4170     -520.07  0.2366   20.000       -562.65  0.2342   20.000       -666.53  0.2291   20.000       -912.01  0.2204   20.000
          6.5627     -573.72  0.2336   20.000       -616.43  0.2314   20.000       -717.00  0.2269   20.000       -931.41  0.2199   20.000
          7.7085     -622.10  0.2311   20.000       -664.88  0.2292   20.000       -760.51  0.2253   20.000       -945.55  0.2194   20.000
         10.0000     -698.65  0.2278   20.000       -738.04  0.2262   20.000       -821.16  0.2232   20.000       -962.92  0.2190   20.000
         11.6667     -744.72  0.2259   20.000       -781.27  0.2246   20.000       -855.11  0.2221   20.000       -971.54  0.2187   20.000
         15.0000     -812.48  0.2234   20.000       -842.07  0.2224   20.000       -899.79  0.2207   20.000       -981.76  0.2184   20.000
         17.9745     -861.17  0.2219   20.000       -885.37  0.2212   20.000       -929.01  0.2199   20.000       -987.78  0.2183   20.000
         21.8414     -904.44  0.2206   20.000       -921.53  0.2201   20.000       -952.46  0.2192   20.000       -992.30  0.2182   20.000
         26.8684     -939.60  0.2196   20.000       -950.92  0.2193   20.000       -971.10  0.2187   20.000       -995.65  0.2181   20.000
         33.4035     -966.01  0.2188   20.000       -972.70  0.2186   20.000       -984.44  0.2184   20.000       -997.92  0.2181   20.000
         41.7280     -985.11  0.2183   20.000       -988.04  0.2183   20.000       -993.31  0.2181   20.000       -999.39  0.2180   20.000
         53.3824     -996.12  0.2181   20.000       -996.70  0.2181   20.000       -998.27  0.2180   20.000      -1000.20  0.2180   20.000
         68.9216    -1001.35  0.2180   20.000      -1000.82  0.2180   20.000      -1000.62  0.2180   20.000      -1000.58  0.2180   20.000
         84.4608    -1003.13  0.2179   20.000      -1002.21  0.2179   20.000      -1001.41  0.2180   20.000      -1000.71  0.2180   20.000
        100.0000    -1003.61  0.2179   20.000      -1002.59  0.2179   20.000      -1001.62  0.2180   20.000      -1000.75  0.2180   20.000
end
