 ******* Program HYDRUS
 ******* 
 Test example for Onestep outflow method                                 
 Date:   6. 6.    Time:   9:59:59
 Units: L = cm   , T = hours, M = mmol 


    n      depth     THr       THs       hs       Ks        Ks/KsTop     Beta      Ah        AK        ATh

    1      0.00     0.142     0.388       0.0   0.540E+01     1.000     0.000     1.000     1.000     1.000
    2      0.16     0.142     0.388       0.0   0.540E+01     1.000     0.000     1.000     1.000     1.000
    3      0.31     0.142     0.388       0.0   0.540E+01     1.000     0.000     1.000     1.000     1.000
    4      0.47     0.142     0.388       0.0   0.540E+01     1.000     0.000     1.000     1.000     1.000
    5      0.61     0.142     0.388       0.0   0.540E+01     1.000     0.000     1.000     1.000     1.000
    6      0.76     0.142     0.388       0.0   0.540E+01     1.000     0.000     1.000     1.000     1.000
    7      0.90     0.142     0.388       0.0   0.540E+01     1.000     0.000     1.000     1.000     1.000
    8      1.04     0.142     0.388       0.0   0.540E+01     1.000     0.000     1.000     1.000     1.000
    9      1.18     0.142     0.388       0.0   0.540E+01     1.000     0.000     1.000     1.000     1.000
   10      1.31     0.142     0.388       0.0   0.540E+01     1.000     0.000     1.000     1.000     1.000
   11      1.44     0.142     0.388       0.0   0.540E+01     1.000     0.000     1.000     1.000     1.000
   12      1.57     0.142     0.388       0.0   0.540E+01     1.000     0.000     1.000     1.000     1.000
   13      1.69     0.142     0.388       0.0   0.540E+01     1.000     0.000     1.000     1.000     1.000
   14      1.81     0.142     0.388       0.0   0.540E+01     1.000     0.000     1.000     1.000     1.000
   15      1.93     0.142     0.388       0.0   0.540E+01     1.000     0.000     1.000     1.000     1.000
   16      2.04     0.142     0.388       0.0   0.540E+01     1.000     0.000     1.000     1.000     1.000
   17      2.15     0.142     0.388       0.0   0.540E+01     1.000     0.000     1.000     1.000     1.000
   18      2.26     0.142     0.388       0.0   0.540E+01     1.000     0.000     1.000     1.000     1.000
   19      2.36     0.142     0.388       0.0   0.540E+01     1.000     0.000     1.000     1.000     1.000
   20      2.46     0.142     0.388       0.0   0.540E+01     1.000     0.000     1.000     1.000     1.000
   21      2.56     0.142     0.388       0.0   0.540E+01     1.000     0.000     1.000     1.000     1.000
   22      2.65     0.142     0.388       0.0   0.540E+01     1.000     0.000     1.000     1.000     1.000
   23      2.74     0.142     0.388       0.0   0.540E+01     1.000     0.000     1.000     1.000     1.000
   24      2.83     0.142     0.388       0.0   0.540E+01     1.000     0.000     1.000     1.000     1.000
   25      2.92     0.142     0.388       0.0   0.540E+01     1.000     0.000     1.000     1.000     1.000
   26      3.00     0.142     0.388       0.0   0.540E+01     1.000     0.000     1.000     1.000     1.000
   27      3.08     0.142     0.388       0.0   0.540E+01     1.000     0.000     1.000     1.000     1.000
   28      3.15     0.142     0.388       0.0   0.540E+01     1.000     0.000     1.000     1.000     1.000
   29      3.22     0.142     0.388       0.0   0.540E+01     1.000     0.000     1.000     1.000     1.000
   30      3.29     0.142     0.388       0.0   0.540E+01     1.000     0.000     1.000     1.000     1.000
   31      3.36     0.142     0.388       0.0   0.540E+01     1.000     0.000     1.000     1.000     1.000
   32      3.42     0.142     0.388       0.0   0.540E+01     1.000     0.000     1.000     1.000     1.000
   33      3.48     0.142     0.388       0.0   0.540E+01     1.000     0.000     1.000     1.000     1.000
   34      3.53     0.142     0.388       0.0   0.540E+01     1.000     0.000     1.000     1.000     1.000
   35      3.59     0.142     0.388       0.0   0.540E+01     1.000     0.000     1.000     1.000     1.000
   36      3.63     0.142     0.388       0.0   0.540E+01     1.000     0.000     1.000     1.000     1.000
   37      3.68     0.142     0.388       0.0   0.540E+01     1.000     0.000     1.000     1.000     1.000
   38      3.72     0.142     0.388       0.0   0.540E+01     1.000     0.000     1.000     1.000     1.000
   39      3.76     0.142     0.388       0.0   0.540E+01     1.000     0.000     1.000     1.000     1.000
   40      3.80     0.142     0.388       0.0   0.540E+01     1.000     0.000     1.000     1.000     1.000
   41      3.83     0.142     0.388       0.0   0.540E+01     1.000     0.000     1.000     1.000     1.000
   42      3.86     0.142     0.388       0.0   0.540E+01     1.000     0.000     1.000     1.000     1.000
   43      3.89     0.142     0.388       0.0   0.540E+01     1.000     0.000     1.000     1.000     1.000
   44      3.91     0.142     0.388       0.0   0.540E+01     1.000     0.000     1.000     1.000     1.000
   45      3.93     0.142     0.388       0.0   0.540E+01     1.000     0.000     1.000     1.000     1.000
   46      3.95     0.000     1.000**********   0.300E-02     0.001     0.000     1.000     1.000     1.000
   47      4.09     0.000     1.000**********   0.300E-02     0.001     0.000     1.000     1.000     1.000
   48      4.24     0.000     1.000**********   0.300E-02     0.001     0.000     1.000     1.000     1.000
   49      4.38     0.000     1.000**********   0.300E-02     0.001     0.000     1.000     1.000     1.000
   50      4.52     0.000     1.000**********   0.300E-02     0.001     0.000     1.000     1.000     1.000
end
