 ******* Program HYDRUS
 ******* 
 Test example for Onestep outflow method                                 
 Date:   6. 6.    Time:   9:59:59
 Units: L = cm   , T = hours, M = mmol 

       Time          rTop        rRoot        vTop         vRoot        vBot       sum(rTop)   sum(rRoot)    sum(vTop)   sum(vRoot)    sum(vBot)      hTop         hRoot        hBot        RunOff    sum(RunOff)     Volume     sum(Infil)    sum(Evap) TLevel Cum(WTrans)  SnowLayer
        [T]         [L/T]        [L/T]        [L/T]        [L/T]        [L/T]         [L]          [L]          [L]         [L]           [L]         [L]           [L]         [L]          [L/T]         [L]          [L]          [L]          [L]

       0.0010  0.00000E+00  0.00000E+00 -0.67800E-06  0.00000E+00 -0.52489E+01  0.00000E+00  0.00000E+00 -0.67800E-09  0.00000E+00 -0.52489E-02 -0.28605E+01  0.00000E+00 -0.10000E+04  0.00000E+00  0.00000E+00  0.21013E+01  0.00000E+00  0.00000E+00      1  0.00000E+00      0.000
       0.0020  0.00000E+00  0.00000E+00 -0.14156E-06  0.00000E+00 -0.52369E+01  0.00000E+00  0.00000E+00 -0.81956E-09  0.00000E+00 -0.10486E-01 -0.36824E+01  0.00000E+00 -0.10000E+04  0.00000E+00  0.00000E+00  0.20961E+01  0.00000E+00  0.00000E+00      2  0.00000E+00      0.000
       0.0030  0.00000E+00  0.00000E+00  0.18775E-05  0.00000E+00 -0.52260E+01  0.00000E+00  0.00000E+00  0.10580E-08  0.00000E+00 -0.15712E-01 -0.44813E+01  0.00000E+00 -0.10000E+04  0.00000E+00  0.00000E+00  0.20908E+01  0.00000E+00  0.18775E-08      3  0.00000E+00      0.000
       0.0043  0.00000E+00  0.00000E+00 -0.25332E-06  0.00000E+00 -0.52121E+01  0.00000E+00  0.00000E+00  0.72867E-09  0.00000E+00 -0.22488E-01 -0.54544E+01  0.00000E+00 -0.10000E+04  0.00000E+00  0.00000E+00  0.20841E+01  0.00000E+00  0.18775E-08      4  0.00000E+00      0.000
       0.0059  0.00000E+00  0.00000E+00 -0.13635E-05  0.00000E+00 -0.51949E+01  0.00000E+00  0.00000E+00 -0.14358E-08  0.00000E+00 -0.30734E-01 -0.65746E+01  0.00000E+00 -0.10000E+04  0.00000E+00  0.00000E+00  0.20758E+01  0.00000E+00  0.18775E-08      5  0.00000E+00      0.000
       0.0081  0.00000E+00  0.00000E+00  0.23842E-06  0.00000E+00 -0.51691E+01  0.00000E+00  0.00000E+00 -0.90593E-09  0.00000E+00 -0.42223E-01 -0.80455E+01  0.00000E+00 -0.10000E+04  0.00000E+00  0.00000E+00  0.20643E+01  0.00000E+00  0.24074E-08      6  0.00000E+00      0.000
       0.0111  0.00000E+00  0.00000E+00 -0.12666E-06  0.00000E+00 -0.51293E+01  0.00000E+00  0.00000E+00 -0.12813E-08  0.00000E+00 -0.57423E-01 -0.99034E+01  0.00000E+00 -0.10000E+04  0.00000E+00  0.00000E+00  0.20491E+01  0.00000E+00  0.24074E-08      7  0.00000E+00      0.000
       0.0140  0.00000E+00  0.00000E+00 -0.17136E-05  0.00000E+00 -0.50797E+01  0.00000E+00  0.00000E+00 -0.63593E-08  0.00000E+00 -0.72476E-01 -0.11663E+02  0.00000E+00 -0.10000E+04  0.00000E+00  0.00000E+00  0.20341E+01  0.00000E+00  0.24074E-08      8  0.00000E+00      0.000
       0.0170  0.00000E+00  0.00000E+00  0.52154E-07  0.00000E+00 -0.50144E+01  0.00000E+00  0.00000E+00 -0.62048E-08  0.00000E+00 -0.87335E-01 -0.13356E+02  0.00000E+00 -0.10000E+04  0.00000E+00  0.00000E+00  0.20192E+01  0.00000E+00  0.25620E-08      9  0.00000E+00      0.000
       0.0210  0.00000E+00  0.00000E+00  0.26450E-06  0.00000E+00 -0.48808E+01  0.00000E+00  0.00000E+00 -0.51468E-08  0.00000E+00 -0.10686E+00 -0.15548E+02  0.00000E+00 -0.10000E+04  0.00000E+00  0.00000E+00  0.19997E+01  0.00000E+00  0.36200E-08     10  0.00000E+00      0.000
       0.0250  0.00000E+00  0.00000E+00  0.14380E-05  0.00000E+00 -0.46500E+01  0.00000E+00  0.00000E+00  0.60504E-09  0.00000E+00 -0.12546E+00 -0.17656E+02  0.00000E+00 -0.10000E+04  0.00000E+00  0.00000E+00  0.19811E+01  0.00000E+00  0.93718E-08     11  0.00000E+00      0.000
       0.0277  0.00000E+00  0.00000E+00  0.17807E-05  0.00000E+00 -0.44045E+01  0.00000E+00  0.00000E+00  0.53535E-08  0.00000E+00 -0.13720E+00 -0.19044E+02  0.00000E+00 -0.10000E+04  0.00000E+00  0.00000E+00  0.19693E+01  0.00000E+00  0.14120E-07     12  0.00000E+00      0.000
       0.0294  0.00000E+00  0.00000E+00  0.12740E-05  0.00000E+00 -0.41874E+01  0.00000E+00  0.00000E+00  0.76185E-08  0.00000E+00 -0.14465E+00 -0.19945E+02  0.00000E+00 -0.10000E+04  0.00000E+00  0.00000E+00  0.19619E+01  0.00000E+00  0.16385E-07     13  0.00000E+00      0.000
       0.0306  0.00000E+00  0.00000E+00 -0.17770E-05  0.00000E+00 -0.40281E+01  0.00000E+00  0.00000E+00  0.55125E-08  0.00000E+00 -0.14942E+00 -0.20546E+02  0.00000E+00 -0.10000E+04  0.00000E+00  0.00000E+00  0.19571E+01  0.00000E+00  0.16385E-07     14  0.00000E+00      0.000
       0.0318  0.00000E+00  0.00000E+00  0.98348E-06  0.00000E+00 -0.38531E+01  0.00000E+00  0.00000E+00  0.66781E-08  0.00000E+00 -0.15399E+00 -0.21149E+02  0.00000E+00 -0.10000E+04  0.00000E+00  0.00000E+00  0.19526E+01  0.00000E+00  0.17551E-07     15  0.00000E+00      0.000
       0.0330  0.00000E+00  0.00000E+00 -0.32037E-06  0.00000E+00 -0.36767E+01  0.00000E+00  0.00000E+00  0.62984E-08  0.00000E+00 -0.15835E+00 -0.21741E+02  0.00000E+00 -0.10000E+04  0.00000E+00  0.00000E+00  0.19482E+01  0.00000E+00  0.17551E-07     16  0.00000E+00      0.000
       0.0343  0.00000E+00  0.00000E+00 -0.89407E-06  0.00000E+00 -0.34868E+01  0.00000E+00  0.00000E+00  0.51598E-08  0.00000E+00 -0.16279E+00 -0.22363E+02  0.00000E+00 -0.10000E+04  0.00000E+00  0.00000E+00  0.19438E+01  0.00000E+00  0.17551E-07     17  0.00000E+00      0.000
       0.0355  0.00000E+00  0.00000E+00 -0.12107E-05  0.00000E+00 -0.33108E+01  0.00000E+00  0.00000E+00  0.36179E-08  0.00000E+00 -0.16700E+00 -0.22974E+02  0.00000E+00 -0.10000E+04  0.00000E+00  0.00000E+00  0.19395E+01  0.00000E+00  0.17551E-07     18  0.00000E+00      0.000
       0.0364  0.00000E+00  0.00000E+00 -0.10133E-05  0.00000E+00 -0.31922E+01  0.00000E+00  0.00000E+00  0.27146E-08  0.00000E+00 -0.16985E+00 -0.23399E+02  0.00000E+00 -0.10000E+04  0.00000E+00  0.00000E+00  0.19367E+01  0.00000E+00  0.17551E-07     19  0.00000E+00      0.000
       0.0373  0.00000E+00  0.00000E+00 -0.24587E-06  0.00000E+00 -0.30761E+01  0.00000E+00  0.00000E+00  0.24954E-08  0.00000E+00 -0.17259E+00 -0.23836E+02  0.00000E+00 -0.10000E+04  0.00000E+00  0.00000E+00  0.19339E+01  0.00000E+00  0.17551E-07     20  0.00000E+00      0.000
       0.0382  0.00000E+00  0.00000E+00 -0.23320E-05  0.00000E+00 -0.29732E+01  0.00000E+00  0.00000E+00  0.41642E-09  0.00000E+00 -0.17524E+00 -0.24268E+02  0.00000E+00 -0.10000E+04  0.00000E+00  0.00000E+00  0.19313E+01  0.00000E+00  0.17551E-07     21  0.00000E+00      0.000
       0.0391  0.00000E+00  0.00000E+00 -0.11548E-06  0.00000E+00 -0.28785E+01  0.00000E+00  0.00000E+00  0.31347E-09  0.00000E+00 -0.17781E+00 -0.24693E+02  0.00000E+00 -0.10000E+04  0.00000E+00  0.00000E+00  0.19287E+01  0.00000E+00  0.17551E-07     22  0.00000E+00      0.000
       0.0400  0.00000E+00  0.00000E+00 -0.28312E-06  0.00000E+00 -0.27900E+01  0.00000E+00  0.00000E+00  0.61075E-10  0.00000E+00 -0.18030E+00 -0.25111E+02  0.00000E+00 -0.10000E+04  0.00000E+00  0.00000E+00  0.19262E+01  0.00000E+00  0.17551E-07     23  0.00000E+00      0.000
       0.0406  0.00000E+00  0.00000E+00  0.82329E-06  0.00000E+00 -0.27316E+01  0.00000E+00  0.00000E+00  0.57483E-09  0.00000E+00 -0.18200E+00 -0.25400E+02  0.00000E+00 -0.10000E+04  0.00000E+00  0.00000E+00  0.19245E+01  0.00000E+00  0.18065E-07     24  0.00000E+00      0.000
       0.0413  0.00000E+00  0.00000E+00  0.15944E-05  0.00000E+00 -0.26735E+01  0.00000E+00  0.00000E+00  0.15698E-08  0.00000E+00 -0.18367E+00 -0.25687E+02  0.00000E+00 -0.10000E+04  0.00000E+00  0.00000E+00  0.19229E+01  0.00000E+00  0.19060E-07     25  0.00000E+00      0.000
       0.0419  0.00000E+00  0.00000E+00  0.15162E-05  0.00000E+00 -0.26219E+01  0.00000E+00  0.00000E+00  0.25160E-08  0.00000E+00 -0.18530E+00 -0.25970E+02  0.00000E+00 -0.10000E+04  0.00000E+00  0.00000E+00  0.19212E+01  0.00000E+00  0.20006E-07     26  0.00000E+00      0.000
       0.0427  0.00000E+00  0.00000E+00 -0.46566E-06  0.00000E+00 -0.25655E+01  0.00000E+00  0.00000E+00  0.21377E-08  0.00000E+00 -0.18739E+00 -0.26334E+02  0.00000E+00 -0.10000E+04  0.00000E+00  0.00000E+00  0.19192E+01  0.00000E+00  0.20006E-07     27  0.00000E+00      0.000
       0.0437  0.00000E+00  0.00000E+00  0.18626E-06  0.00000E+00 -0.24907E+01  0.00000E+00  0.00000E+00  0.23322E-08  0.00000E+00 -0.18999E+00 -0.26798E+02  0.00000E+00 -0.10000E+04  0.00000E+00  0.00000E+00  0.19166E+01  0.00000E+00  0.20200E-07     28  0.00000E+00      0.000
       0.0450  0.00000E+00  0.00000E+00  0.62957E-06  0.00000E+00 -0.24074E+01  0.00000E+00  0.00000E+00  0.31213E-08  0.00000E+00 -0.19301E+00 -0.27368E+02  0.00000E+00 -0.10000E+04  0.00000E+00  0.00000E+00  0.19135E+01  0.00000E+00  0.20989E-07     29  0.00000E+00      0.000
       0.0462  0.00000E+00  0.00000E+00  0.35390E-06  0.00000E+00 -0.23258E+01  0.00000E+00  0.00000E+00  0.35648E-08  0.00000E+00 -0.19592E+00 -0.27936E+02  0.00000E+00 -0.10000E+04  0.00000E+00  0.00000E+00  0.19106E+01  0.00000E+00  0.21433E-07     30  0.00000E+00      0.000
       0.0472  0.00000E+00  0.00000E+00  0.12852E-05  0.00000E+00 -0.22691E+01  0.00000E+00  0.00000E+00  0.47730E-08  0.00000E+00 -0.19805E+00 -0.28354E+02  0.00000E+00 -0.10000E+04  0.00000E+00  0.00000E+00  0.19085E+01  0.00000E+00  0.22641E-07     31  0.00000E+00      0.000
       0.0481  0.00000E+00  0.00000E+00 -0.17993E-05  0.00000E+00 -0.22151E+01  0.00000E+00  0.00000E+00  0.30816E-08  0.00000E+00 -0.20014E+00 -0.28765E+02  0.00000E+00 -0.10000E+04  0.00000E+00  0.00000E+00  0.19064E+01  0.00000E+00  0.22641E-07     32  0.00000E+00      0.000
       0.0491  0.00000E+00  0.00000E+00 -0.14380E-05  0.00000E+00 -0.21688E+01  0.00000E+00  0.00000E+00  0.17299E-08  0.00000E+00 -0.20218E+00 -0.29169E+02  0.00000E+00 -0.10000E+04  0.00000E+00  0.00000E+00  0.19044E+01  0.00000E+00  0.22641E-07     33  0.00000E+00      0.000
       0.0500  0.00000E+00  0.00000E+00  0.70781E-07  0.00000E+00 -0.21289E+01  0.00000E+00  0.00000E+00  0.17965E-08  0.00000E+00 -0.20418E+00 -0.29568E+02  0.00000E+00 -0.10000E+04  0.00000E+00  0.00000E+00  0.19024E+01  0.00000E+00  0.22708E-07     34  0.00000E+00      0.000
       0.0510  0.00000E+00  0.00000E+00  0.44703E-07  0.00000E+00 -0.20903E+01  0.00000E+00  0.00000E+00  0.18394E-08  0.00000E+00 -0.20618E+00 -0.29968E+02  0.00000E+00 -0.10000E+04  0.00000E+00  0.00000E+00  0.19004E+01  0.00000E+00  0.22750E-07     35  0.00000E+00      0.000
       0.0522  0.00000E+00  0.00000E+00  0.26450E-06  0.00000E+00 -0.20381E+01  0.00000E+00  0.00000E+00  0.21693E-08  0.00000E+00 -0.20873E+00 -0.30480E+02  0.00000E+00 -0.10000E+04  0.00000E+00  0.00000E+00  0.18978E+01  0.00000E+00  0.23080E-07     36  0.00000E+00      0.000
       0.0538  0.00000E+00  0.00000E+00  0.26077E-06  0.00000E+00 -0.19726E+01  0.00000E+00  0.00000E+00  0.25923E-08  0.00000E+00 -0.21193E+00 -0.31140E+02  0.00000E+00 -0.10000E+04  0.00000E+00  0.00000E+00  0.18946E+01  0.00000E+00  0.23503E-07     37  0.00000E+00      0.000
       0.0555  0.00000E+00  0.00000E+00 -0.60722E-06  0.00000E+00 -0.19039E+01  0.00000E+00  0.00000E+00  0.16074E-08  0.00000E+00 -0.21501E+00 -0.31827E+02  0.00000E+00 -0.10000E+04  0.00000E+00  0.00000E+00  0.18915E+01  0.00000E+00  0.23503E-07     38  0.00000E+00      0.000
       0.0576  0.00000E+00  0.00000E+00  0.16391E-06  0.00000E+00 -0.18280E+01  0.00000E+00  0.00000E+00  0.19530E-08  0.00000E+00 -0.21887E+00 -0.32686E+02  0.00000E+00 -0.10000E+04  0.00000E+00  0.00000E+00  0.18877E+01  0.00000E+00  0.23849E-07     39  0.00000E+00      0.000
       0.0597  0.00000E+00  0.00000E+00  0.21607E-06  0.00000E+00 -0.17606E+01  0.00000E+00  0.00000E+00  0.24086E-08  0.00000E+00 -0.22258E+00 -0.33518E+02  0.00000E+00 -0.10000E+04  0.00000E+00  0.00000E+00  0.18840E+01  0.00000E+00  0.24305E-07     40  0.00000E+00      0.000
       0.0618  0.00000E+00  0.00000E+00  0.16131E-05  0.00000E+00 -0.17011E+01  0.00000E+00  0.00000E+00  0.58097E-08  0.00000E+00 -0.22617E+00 -0.34324E+02  0.00000E+00 -0.10000E+04  0.00000E+00  0.00000E+00  0.18804E+01  0.00000E+00  0.27706E-07     41  0.00000E+00      0.000
       0.0639  0.00000E+00  0.00000E+00 -0.42841E-06  0.00000E+00 -0.16497E+01  0.00000E+00  0.00000E+00  0.49064E-08  0.00000E+00 -0.22964E+00 -0.35109E+02  0.00000E+00 -0.10000E+04  0.00000E+00  0.00000E+00  0.18769E+01  0.00000E+00  0.27706E-07     42  0.00000E+00      0.000
       0.0666  0.00000E+00  0.00000E+00 -0.44331E-06  0.00000E+00 -0.15835E+01  0.00000E+00  0.00000E+00  0.36913E-08  0.00000E+00 -0.23398E+00 -0.36127E+02  0.00000E+00 -0.10000E+04  0.00000E+00  0.00000E+00  0.18726E+01  0.00000E+00  0.27706E-07     43  0.00000E+00      0.000
       0.0694  0.00000E+00  0.00000E+00 -0.62399E-06  0.00000E+00 -0.15176E+01  0.00000E+00  0.00000E+00  0.19809E-08  0.00000E+00 -0.23814E+00 -0.37168E+02  0.00000E+00 -0.10000E+04  0.00000E+00  0.00000E+00  0.18684E+01  0.00000E+00  0.27706E-07     44  0.00000E+00      0.000
       0.0729  0.00000E+00  0.00000E+00  0.10673E-05  0.00000E+00 -0.14425E+01  0.00000E+00  0.00000E+00  0.57840E-08  0.00000E+00 -0.24328E+00 -0.38451E+02  0.00000E+00 -0.10000E+04  0.00000E+00  0.00000E+00  0.18633E+01  0.00000E+00  0.31509E-07     45  0.00000E+00      0.000
       0.0765  0.00000E+00  0.00000E+00 -0.16019E-06  0.00000E+00 -0.13696E+01  0.00000E+00  0.00000E+00  0.52132E-08  0.00000E+00 -0.24817E+00 -0.39680E+02  0.00000E+00 -0.10000E+04  0.00000E+00  0.00000E+00  0.18584E+01  0.00000E+00  0.31509E-07     46  0.00000E+00      0.000
       0.0790  0.00000E+00  0.00000E+00 -0.47125E-06  0.00000E+00 -0.13264E+01  0.00000E+00  0.00000E+00  0.40378E-08  0.00000E+00 -0.25147E+00 -0.40520E+02  0.00000E+00 -0.10000E+04  0.00000E+00  0.00000E+00  0.18551E+01  0.00000E+00  0.31509E-07     47  0.00000E+00      0.000
       0.0815  0.00000E+00  0.00000E+00 -0.91828E-06  0.00000E+00 -0.12874E+01  0.00000E+00  0.00000E+00  0.17473E-08  0.00000E+00 -0.25468E+00 -0.41349E+02  0.00000E+00 -0.10000E+04  0.00000E+00  0.00000E+00  0.18519E+01  0.00000E+00  0.31509E-07     48  0.00000E+00      0.000
       0.0840  0.00000E+00  0.00000E+00 -0.82329E-06  0.00000E+00 -0.12516E+01  0.00000E+00  0.00000E+00 -0.30624E-09  0.00000E+00 -0.25781E+00 -0.42226E+02  0.00000E+00 -0.10000E+04  0.00000E+00  0.00000E+00  0.18487E+01  0.00000E+00  0.31509E-07     49  0.00000E+00      0.000
       0.0865  0.00000E+00  0.00000E+00 -0.52899E-06  0.00000E+00 -0.12183E+01  0.00000E+00  0.00000E+00 -0.16257E-08  0.00000E+00 -0.26085E+00 -0.43079E+02  0.00000E+00 -0.10000E+04  0.00000E+00  0.00000E+00  0.18457E+01  0.00000E+00  0.31509E-07     50  0.00000E+00      0.000
       0.0890  0.00000E+00  0.00000E+00  0.20675E-06  0.00000E+00 -0.11850E+01  0.00000E+00  0.00000E+00 -0.11100E-08  0.00000E+00 -0.26380E+00 -0.43902E+02  0.00000E+00 -0.10000E+04  0.00000E+00  0.00000E+00  0.18427E+01  0.00000E+00  0.32024E-07     51  0.00000E+00      0.000
       0.0922  0.00000E+00  0.00000E+00 -0.48615E-06  0.00000E+00 -0.11407E+01  0.00000E+00  0.00000E+00 -0.26864E-08  0.00000E+00 -0.26750E+00 -0.44937E+02  0.00000E+00 -0.10000E+04  0.00000E+00  0.00000E+00  0.18390E+01  0.00000E+00  0.32024E-07     52  0.00000E+00      0.000
       0.0964  0.00000E+00  0.00000E+00 -0.84564E-06  0.00000E+00 -0.10907E+01  0.00000E+00  0.00000E+00 -0.62511E-08  0.00000E+00 -0.27210E+00 -0.46236E+02  0.00000E+00 -0.10000E+04  0.00000E+00  0.00000E+00  0.18344E+01  0.00000E+00  0.32024E-07     53  0.00000E+00      0.000
       0.1006  0.00000E+00  0.00000E+00  0.69849E-06  0.00000E+00 -0.10433E+01  0.00000E+00  0.00000E+00 -0.33067E-08  0.00000E+00 -0.27650E+00 -0.47499E+02  0.00000E+00 -0.10000E+04  0.00000E+00  0.00000E+00  0.18300E+01  0.00000E+00  0.34969E-07     54  0.00000E+00      0.000
       0.1049  0.00000E+00  0.00000E+00  0.31665E-06  0.00000E+00 -0.10017E+01  0.00000E+00  0.00000E+00 -0.19719E-08  0.00000E+00 -0.28072E+00 -0.48821E+02  0.00000E+00 -0.10000E+04  0.00000E+00  0.00000E+00  0.18258E+01  0.00000E+00  0.36304E-07     55  0.00000E+00      0.000
       0.1091  0.00000E+00  0.00000E+00 -0.26077E-06  0.00000E+00 -0.96479E+00  0.00000E+00  0.00000E+00 -0.30711E-08  0.00000E+00 -0.28479E+00 -0.50111E+02  0.00000E+00 -0.10000E+04  0.00000E+00  0.00000E+00  0.18218E+01  0.00000E+00  0.36304E-07     56  0.00000E+00      0.000
       0.1145  0.00000E+00  0.00000E+00  0.27940E-06  0.00000E+00 -0.91797E+00  0.00000E+00  0.00000E+00 -0.15400E-08  0.00000E+00 -0.28982E+00 -0.51703E+02  0.00000E+00 -0.10000E+04  0.00000E+00  0.00000E+00  0.18167E+01  0.00000E+00  0.37835E-07     57  0.00000E+00      0.000
       0.1198  0.00000E+00  0.00000E+00 -0.50291E-06  0.00000E+00 -0.87739E+00  0.00000E+00  0.00000E+00 -0.41779E-08  0.00000E+00 -0.29442E+00 -0.53164E+02  0.00000E+00 -0.10000E+04  0.00000E+00  0.00000E+00  0.18121E+01  0.00000E+00  0.37835E-07     58  0.00000E+00      0.000
       0.1250  0.00000E+00  0.00000E+00  0.18440E-06  0.00000E+00 -0.84100E+00  0.00000E+00  0.00000E+00 -0.32107E-08  0.00000E+00 -0.29883E+00 -0.54586E+02  0.00000E+00 -0.10000E+04  0.00000E+00  0.00000E+00  0.18077E+01  0.00000E+00  0.38802E-07     59  0.00000E+00      0.000
       0.1320  0.00000E+00  0.00000E+00 -0.36135E-06  0.00000E+00 -0.79586E+00  0.00000E+00  0.00000E+00 -0.57378E-08  0.00000E+00 -0.30439E+00 -0.56550E+02  0.00000E+00 -0.10000E+04  0.00000E+00  0.00000E+00  0.18021E+01  0.00000E+00  0.38802E-07     60  0.00000E+00      0.000
       0.1390  0.00000E+00  0.00000E+00 -0.67055E-07  0.00000E+00 -0.75635E+00  0.00000E+00  0.00000E+00 -0.62067E-08  0.00000E+00 -0.30968E+00 -0.58457E+02  0.00000E+00 -0.10000E+04  0.00000E+00  0.00000E+00  0.17969E+01  0.00000E+00  0.38802E-07     61  0.00000E+00      0.000
       0.1460  0.00000E+00  0.00000E+00 -0.35297E-06  0.00000E+00 -0.72158E+00  0.00000E+00  0.00000E+00 -0.86752E-08  0.00000E+00 -0.31473E+00 -0.60266E+02  0.00000E+00 -0.10000E+04  0.00000E+00  0.00000E+00  0.17918E+01  0.00000E+00  0.38802E-07     62  0.00000E+00      0.000
       0.1565  0.00000E+00  0.00000E+00 -0.62399E-07  0.00000E+00 -0.66890E+00  0.00000E+00  0.00000E+00 -0.93298E-08  0.00000E+00 -0.32175E+00 -0.62825E+02  0.00000E+00 -0.10000E+04  0.00000E+00  0.00000E+00  0.17848E+01  0.00000E+00  0.38802E-07     63  0.00000E+00      0.000
       0.1670  0.00000E+00  0.00000E+00  0.10245E-07  0.00000E+00 -0.62812E+00  0.00000E+00  0.00000E+00 -0.92223E-08  0.00000E+00 -0.32834E+00 -0.65488E+02  0.00000E+00 -0.10000E+04  0.00000E+00  0.00000E+00  0.17782E+01  0.00000E+00  0.38909E-07     64  0.00000E+00      0.000
       0.1763  0.00000E+00  0.00000E+00 -0.23190E-06  0.00000E+00 -0.59323E+00  0.00000E+00  0.00000E+00 -0.11370E-07  0.00000E+00 -0.33383E+00 -0.67753E+02  0.00000E+00 -0.10000E+04  0.00000E+00  0.00000E+00  0.17727E+01  0.00000E+00  0.38909E-07     65  0.00000E+00      0.000
       0.1883  0.00000E+00  0.00000E+00  0.11362E-06  0.00000E+00 -0.55684E+00  0.00000E+00  0.00000E+00 -0.10002E-07  0.00000E+00 -0.34053E+00 -0.70528E+02  0.00000E+00 -0.10000E+04  0.00000E+00  0.00000E+00  0.17660E+01  0.00000E+00  0.40277E-07     66  0.00000E+00      0.000
       0.2040  0.00000E+00  0.00000E+00 -0.22259E-06  0.00000E+00 -0.51494E+00  0.00000E+00  0.00000E+00 -0.13486E-07  0.00000E+00 -0.34859E+00 -0.74004E+02  0.00000E+00 -0.10000E+04  0.00000E+00  0.00000E+00  0.17579E+01  0.00000E+00  0.40277E-07     67  0.00000E+00      0.000
       0.2196  0.00000E+00  0.00000E+00  0.47404E-06  0.00000E+00 -0.47622E+00  0.00000E+00  0.00000E+00 -0.60664E-08  0.00000E+00 -0.35605E+00 -0.77551E+02  0.00000E+00 -0.10000E+04  0.00000E+00  0.00000E+00  0.17505E+01  0.00000E+00  0.47697E-07     68  0.00000E+00      0.000
       0.2353  0.00000E+00  0.00000E+00 -0.17043E-06  0.00000E+00 -0.44262E+00  0.00000E+00  0.00000E+00 -0.87339E-08  0.00000E+00 -0.36298E+00 -0.80849E+02  0.00000E+00 -0.10000E+04  0.00000E+00  0.00000E+00  0.17436E+01  0.00000E+00  0.47697E-07     69  0.00000E+00      0.000
       0.2509  0.00000E+00  0.00000E+00  0.25705E-06  0.00000E+00 -0.41257E+00  0.00000E+00  0.00000E+00 -0.47107E-08  0.00000E+00 -0.36943E+00 -0.83998E+02  0.00000E+00 -0.10000E+04  0.00000E+00  0.00000E+00  0.17371E+01  0.00000E+00  0.51720E-07     70  0.00000E+00      0.000
       0.2713  0.00000E+00  0.00000E+00  0.74506E-07  0.00000E+00 -0.38163E+00  0.00000E+00  0.00000E+00 -0.31948E-08  0.00000E+00 -0.37720E+00 -0.88232E+02  0.00000E+00 -0.10000E+04  0.00000E+00  0.00000E+00  0.17293E+01  0.00000E+00  0.53236E-07     71  0.00000E+00      0.000
       0.2916  0.00000E+00  0.00000E+00 -0.15181E-06  0.00000E+00 -0.35411E+00  0.00000E+00  0.00000E+00 -0.62836E-08  0.00000E+00 -0.38440E+00 -0.92216E+02  0.00000E+00 -0.10000E+04  0.00000E+00  0.00000E+00  0.17221E+01  0.00000E+00  0.53236E-07     72  0.00000E+00      0.000
       0.3176  0.00000E+00  0.00000E+00 -0.32596E-08  0.00000E+00 -0.32187E+00  0.00000E+00  0.00000E+00 -0.63685E-08  0.00000E+00 -0.39279E+00 -0.96940E+02  0.00000E+00 -0.10000E+04  0.00000E+00  0.00000E+00  0.17138E+01  0.00000E+00  0.53236E-07     73  0.00000E+00      0.000
       0.3541  0.00000E+00  0.00000E+00  0.97789E-07  0.00000E+00 -0.28863E+00  0.00000E+00  0.00000E+00 -0.28021E-08  0.00000E+00 -0.40331E+00 -0.10371E+03  0.00000E+00 -0.10000E+04  0.00000E+00  0.00000E+00  0.17032E+01  0.00000E+00  0.56802E-07     74  0.00000E+00      0.000
       0.4027  0.00000E+00  0.00000E+00 -0.51688E-07  0.00000E+00 -0.25205E+00  0.00000E+00  0.00000E+00 -0.53155E-08  0.00000E+00 -0.41557E+00 -0.11180E+03  0.00000E+00 -0.10000E+04  0.00000E+00  0.00000E+00  0.16910E+01  0.00000E+00  0.56802E-07     75  0.00000E+00      0.000
       0.4514  0.00000E+00  0.00000E+00  0.41910E-08  0.00000E+00 -0.22293E+00  0.00000E+00  0.00000E+00 -0.51117E-08  0.00000E+00 -0.42641E+00 -0.11992E+03  0.00000E+00 -0.10000E+04  0.00000E+00  0.00000E+00  0.16801E+01  0.00000E+00  0.57006E-07     76  0.00000E+00      0.000
       0.5000  0.00000E+00  0.00000E+00 -0.12340E-06  0.00000E+00 -0.19934E+00  0.00000E+00  0.00000E+00 -0.11112E-07  0.00000E+00 -0.43610E+00 -0.12739E+03  0.00000E+00 -0.10000E+04  0.00000E+00  0.00000E+00  0.16704E+01  0.00000E+00  0.57006E-07     77  0.00000E+00      0.000
       0.5592  0.00000E+00  0.00000E+00 -0.61467E-07  0.00000E+00 -0.17636E+00  0.00000E+00  0.00000E+00 -0.14753E-07  0.00000E+00 -0.44655E+00 -0.13647E+03  0.00000E+00 -0.10000E+04  0.00000E+00  0.00000E+00  0.16600E+01  0.00000E+00  0.57006E-07     78  0.00000E+00      0.000
       0.6382  0.00000E+00  0.00000E+00 -0.12666E-06  0.00000E+00 -0.15249E+00  0.00000E+00  0.00000E+00 -0.24754E-07  0.00000E+00 -0.45859E+00 -0.14753E+03  0.00000E+00 -0.10000E+04  0.00000E+00  0.00000E+00  0.16480E+01  0.00000E+00  0.57006E-07     79  0.00000E+00      0.000
       0.7369  0.00000E+00  0.00000E+00  0.41910E-08  0.00000E+00 -0.13037E+00  0.00000E+00  0.00000E+00 -0.24340E-07  0.00000E+00 -0.47146E+00 -0.16098E+03  0.00000E+00 -0.10000E+04  0.00000E+00  0.00000E+00  0.16351E+01  0.00000E+00  0.57420E-07     80  0.00000E+00      0.000
       0.8849  0.00000E+00  0.00000E+00 -0.88010E-07  0.00000E+00 -0.10652E+00  0.00000E+00  0.00000E+00 -0.37371E-07  0.00000E+00 -0.48723E+00 -0.17921E+03  0.00000E+00 -0.10000E+04  0.00000E+00  0.00000E+00  0.16193E+01  0.00000E+00  0.57420E-07     81  0.00000E+00      0.000
       1.0330  0.00000E+00  0.00000E+00  0.17462E-07  0.00000E+00 -0.89265E-01  0.00000E+00  0.00000E+00 -0.34785E-07  0.00000E+00 -0.50044E+00 -0.19646E+03  0.00000E+00 -0.10000E+04  0.00000E+00  0.00000E+00  0.16061E+01  0.00000E+00  0.60005E-07     82  0.00000E+00      0.000
       1.2047  0.00000E+00  0.00000E+00  0.62049E-07  0.00000E+00 -0.74515E-01  0.00000E+00  0.00000E+00 -0.24131E-07  0.00000E+00 -0.51324E+00 -0.21575E+03  0.00000E+00 -0.10000E+04  0.00000E+00  0.00000E+00  0.15933E+01  0.00000E+00  0.70659E-07     83  0.00000E+00      0.000
       1.4255  0.00000E+00  0.00000E+00 -0.21653E-07  0.00000E+00 -0.61219E-01  0.00000E+00  0.00000E+00 -0.28912E-07  0.00000E+00 -0.52675E+00 -0.23843E+03  0.00000E+00 -0.10000E+04  0.00000E+00  0.00000E+00  0.15798E+01  0.00000E+00  0.70659E-07     84  0.00000E+00      0.000
       1.6904  0.00000E+00  0.00000E+00  0.10710E-07  0.00000E+00 -0.49939E-01  0.00000E+00  0.00000E+00 -0.26074E-07  0.00000E+00 -0.53998E+00 -0.26369E+03  0.00000E+00 -0.10000E+04  0.00000E+00  0.00000E+00  0.15666E+01  0.00000E+00  0.73496E-07     85  0.00000E+00      0.000
       2.0436  0.00000E+00  0.00000E+00 -0.66939E-08  0.00000E+00 -0.39707E-01  0.00000E+00  0.00000E+00 -0.28439E-07  0.00000E+00 -0.55401E+00 -0.29521E+03  0.00000E+00 -0.10000E+04  0.00000E+00  0.00000E+00  0.15525E+01  0.00000E+00  0.73496E-07     86  0.00000E+00      0.000
       2.7500  0.00000E+00  0.00000E+00  0.28522E-08  0.00000E+00 -0.27882E-01  0.00000E+00  0.00000E+00 -0.26424E-07  0.00000E+00 -0.57370E+00 -0.34793E+03  0.00000E+00 -0.10000E+04  0.00000E+00  0.00000E+00  0.15328E+01  0.00000E+00  0.75511E-07     87  0.00000E+00      0.000
       3.1945  0.00000E+00  0.00000E+00 -0.97789E-08  0.00000E+00 -0.22730E-01  0.00000E+00  0.00000E+00 -0.30771E-07  0.00000E+00 -0.58381E+00 -0.38072E+03  0.00000E+00 -0.10000E+04  0.00000E+00  0.00000E+00  0.15227E+01  0.00000E+00  0.75511E-07     88  0.00000E+00      0.000
       3.7501  0.00000E+00  0.00000E+00  0.17637E-07  0.00000E+00 -0.18306E-01  0.00000E+00  0.00000E+00 -0.20971E-07  0.00000E+00 -0.59398E+00 -0.41730E+03  0.00000E+00 -0.10000E+04  0.00000E+00  0.00000E+00  0.15126E+01  0.00000E+00  0.85311E-07     89  0.00000E+00      0.000
       4.5836  0.00000E+00  0.00000E+00 -0.34925E-08  0.00000E+00 -0.13955E-01  0.00000E+00  0.00000E+00 -0.23882E-07  0.00000E+00 -0.60561E+00 -0.46640E+03  0.00000E+00 -0.10000E+04  0.00000E+00  0.00000E+00  0.15009E+01  0.00000E+00  0.85311E-07     90  0.00000E+00      0.000
       5.4170  0.00000E+00  0.00000E+00 -0.19936E-07  0.00000E+00 -0.10982E-01  0.00000E+00  0.00000E+00 -0.40497E-07  0.00000E+00 -0.61476E+00 -0.51260E+03  0.00000E+00 -0.10000E+04  0.00000E+00  0.00000E+00  0.14918E+01  0.00000E+00  0.85311E-07     91  0.00000E+00      0.000
       6.5627  0.00000E+00  0.00000E+00  0.56607E-08  0.00000E+00 -0.82889E-02  0.00000E+00  0.00000E+00 -0.34012E-07  0.00000E+00 -0.62426E+00 -0.56593E+03  0.00000E+00 -0.10000E+04  0.00000E+00  0.00000E+00  0.14823E+01  0.00000E+00  0.91796E-07     92  0.00000E+00      0.000
       7.7085  0.00000E+00  0.00000E+00 -0.14275E-07  0.00000E+00 -0.64488E-02  0.00000E+00  0.00000E+00 -0.50368E-07  0.00000E+00 -0.63165E+00 -0.61447E+03  0.00000E+00 -0.10000E+04  0.00000E+00  0.00000E+00  0.14749E+01  0.00000E+00  0.91796E-07     93  0.00000E+00      0.000
      10.0000  0.00000E+00  0.00000E+00 -0.99535E-08  0.00000E+00 -0.43042E-02  0.00000E+00  0.00000E+00 -0.73176E-07  0.00000E+00 -0.64151E+00 -0.69142E+03  0.00000E+00 -0.10000E+04  0.00000E+00  0.00000E+00  0.14650E+01  0.00000E+00  0.91796E-07     94  0.00000E+00      0.000
      11.6667  0.00000E+00  0.00000E+00  0.82655E-08  0.00000E+00 -0.32763E-02  0.00000E+00  0.00000E+00 -0.59400E-07  0.00000E+00 -0.64697E+00 -0.73770E+03  0.00000E+00 -0.10000E+04  0.00000E+00  0.00000E+00  0.14596E+01  0.00000E+00  0.10557E-06     95  0.00000E+00      0.000
      15.0000  0.00000E+00  0.00000E+00 -0.11678E-08  0.00000E+00 -0.21031E-02  0.00000E+00  0.00000E+00 -0.63293E-07  0.00000E+00 -0.65398E+00 -0.80701E+03  0.00000E+00 -0.10000E+04  0.00000E+00  0.00000E+00  0.14526E+01  0.00000E+00  0.10557E-06     96  0.00000E+00      0.000
      17.9745  0.00000E+00  0.00000E+00  0.30377E-08  0.00000E+00 -0.14285E-02  0.00000E+00  0.00000E+00 -0.54257E-07  0.00000E+00 -0.65823E+00 -0.85652E+03  0.00000E+00 -0.10000E+04  0.00000E+00  0.00000E+00  0.14483E+01  0.00000E+00  0.11461E-06     97  0.00000E+00      0.000
      21.8414  0.00000E+00  0.00000E+00 -0.30504E-08  0.00000E+00 -0.92609E-03  0.00000E+00  0.00000E+00 -0.66053E-07  0.00000E+00 -0.66181E+00 -0.90132E+03  0.00000E+00 -0.10000E+04  0.00000E+00  0.00000E+00  0.14447E+01  0.00000E+00  0.11461E-06     98  0.00000E+00      0.000
      26.8684  0.00000E+00  0.00000E+00  0.15061E-08  0.00000E+00 -0.55731E-03  0.00000E+00  0.00000E+00 -0.58482E-07  0.00000E+00 -0.66461E+00 -0.93767E+03  0.00000E+00 -0.10000E+04  0.00000E+00  0.00000E+00  0.14419E+01  0.00000E+00  0.12218E-06     99  0.00000E+00      0.000
      33.4035  0.00000E+00  0.00000E+00  0.47930E-09  0.00000E+00 -0.30931E-03  0.00000E+00  0.00000E+00 -0.55349E-07  0.00000E+00 -0.66664E+00 -0.96508E+03  0.00000E+00 -0.10000E+04  0.00000E+00  0.00000E+00  0.14399E+01  0.00000E+00  0.12531E-06    100  0.00000E+00      0.000
      41.7280  0.00000E+00  0.00000E+00 -0.10773E-08  0.00000E+00 -0.14869E-03  0.00000E+00  0.00000E+00 -0.64317E-07  0.00000E+00 -0.66787E+00 -0.98498E+03  0.00000E+00 -0.10000E+04  0.00000E+00  0.00000E+00  0.14387E+01  0.00000E+00  0.12531E-06    101  0.00000E+00      0.000
      53.3824  0.00000E+00  0.00000E+00 -0.20277E-08  0.00000E+00 -0.60031E-04  0.00000E+00  0.00000E+00 -0.87949E-07  0.00000E+00 -0.66857E+00 -0.99652E+03  0.00000E+00 -0.10000E+04  0.00000E+00  0.00000E+00  0.14380E+01  0.00000E+00  0.12531E-06    102  0.00000E+00      0.000
      68.9216  0.00000E+00  0.00000E+00 -0.23978E-08  0.00000E+00 -0.18913E-04  0.00000E+00  0.00000E+00 -0.12521E-06  0.00000E+00 -0.66887E+00 -0.10020E+04  0.00000E+00 -0.10000E+04  0.00000E+00  0.00000E+00  0.14377E+01  0.00000E+00  0.12531E-06    103  0.00000E+00      0.000
      84.4608  0.00000E+00  0.00000E+00  0.74053E-10  0.00000E+00 -0.60634E-05  0.00000E+00  0.00000E+00 -0.12406E-06  0.00000E+00 -0.66896E+00 -0.10039E+04  0.00000E+00 -0.10000E+04  0.00000E+00  0.00000E+00  0.14376E+01  0.00000E+00  0.12646E-06    104  0.00000E+00      0.000
     100.0000  0.00000E+00  0.00000E+00  0.20065E-08  0.00000E+00 -0.92357E-06  0.00000E+00  0.00000E+00 -0.92879E-07  0.00000E+00 -0.66898E+00 -0.10044E+04  0.00000E+00 -0.10000E+04  0.00000E+00  0.00000E+00  0.14376E+01  0.00000E+00  0.15764E-06    105  0.00000E+00      0.000
end
