 ******* Program HYDRUS
 ******* Heat transport under fluctuating atmospheric condition                 
  
 Date:   1.10.    Time:  14: 4:58
 Units: L = cm   , T = sec  , M = mmol 

-----------------------------------------------------
 Time       [T]       .0000
-----------------------------------------------------
 Sub-region num.                   1
-----------------------------------------------------
 Area     [L]         .200E+03   .200E+03
 W-volume [L]         .200E+03   .200E+03
 In-flow  [L/T]       .000E+00   .000E+00
 h Mean   [L]         .000E+00   .000E+00
 HeatVol  [M/T2]      .566E+05   .566E+05
 tMean    [K]           10.000     10.000
 Top Flux [L/T]      -.116E-02
 Bot Flux [L/T]      -.116E-02
-----------------------------------------------------

-----------------------------------------------------
 Time       [T]  25200.0000
-----------------------------------------------------
 Sub-region num.                   1
-----------------------------------------------------
 Area     [L]         .200E+03   .200E+03
 HeatVol  [M/T2]      .567E+05   .567E+05
 tMean    [K]           10.233     10.233
-----------------------------------------------------

-----------------------------------------------------
 Time       [T]  46800.0000
-----------------------------------------------------
 Sub-region num.                   1
-----------------------------------------------------
 Area     [L]         .200E+03   .200E+03
 HeatVol  [M/T2]      .569E+05   .569E+05
 tMean    [K]           11.261     11.261
-----------------------------------------------------

-----------------------------------------------------
 Time       [T]  68400.0000
-----------------------------------------------------
 Sub-region num.                   1
-----------------------------------------------------
 Area     [L]         .200E+03   .200E+03
 HeatVol  [M/T2]      .571E+05   .571E+05
 tMean    [K]           12.279     12.279
-----------------------------------------------------

-----------------------------------------------------
 Time       [T]  86400.0000
-----------------------------------------------------
 Sub-region num.                   1
-----------------------------------------------------
 Area     [L]         .200E+03   .200E+03
 HeatVol  [M/T2]      .571E+05   .571E+05
 tMean    [K]           12.500     12.500
-----------------------------------------------------

-----------------------------------------------------
 Time       [T] 111600.0000
-----------------------------------------------------
 Sub-region num.                   1
-----------------------------------------------------
 Area     [L]         .200E+03   .200E+03
 HeatVol  [M/T2]      .572E+05   .572E+05
 tMean    [K]           12.733     12.733
-----------------------------------------------------

-----------------------------------------------------
 Time       [T] 133200.0000
-----------------------------------------------------
 Sub-region num.                   1
-----------------------------------------------------
 Area     [L]         .200E+03   .200E+03
 HeatVol  [M/T2]      .574E+05   .574E+05
 tMean    [K]           13.761     13.761
-----------------------------------------------------

-----------------------------------------------------
 Time       [T] 154800.0000
-----------------------------------------------------
 Sub-region num.                   1
-----------------------------------------------------
 Area     [L]         .200E+03   .200E+03
 HeatVol  [M/T2]      .576E+05   .576E+05
 tMean    [K]           14.779     14.779
-----------------------------------------------------

-----------------------------------------------------
 Time       [T] 172800.0000
-----------------------------------------------------
 Sub-region num.                   1
-----------------------------------------------------
 Area     [L]         .200E+03   .200E+03
 HeatVol  [M/T2]      .576E+05   .576E+05
 tMean    [K]           14.984     14.984
-----------------------------------------------------
