 ******* Program HYDRUS
 ******* Heat transport under fluctuating atmospheric condition                 
  
 Date:   1.10.    Time:  14: 4:58
 Units: L = cm   , T = sec  , M = mmol 
 
 CosAlf,MaxIt,TolTh,  TolH
 1.000   20    .000  .10000
 
 TopInF,BotInF,AtmBC,SinkF,WLayer,qGWLF,FreeD,SeepF,lWat,lChem,lTemp,lRoot,lWDep
 
     F     F     F     F     F     F     F     F     F     F     T     F     F

Nodal point information

node      x         hOld    MatN LayN  Beta      Ah       AK      ATh     Temp    Conc(1...NS)         Sorb(1...NS)

   1       .000       .000    1    1    .000    1.000    1.000    1.000   10.00
   2     -1.000       .000    1    1    .000    1.000    1.000    1.000   10.00
   3     -2.000       .000    1    1    .000    1.000    1.000    1.000   10.00
   4     -3.000       .000    1    1    .000    1.000    1.000    1.000   10.00
   5     -4.000       .000    1    1    .000    1.000    1.000    1.000   10.00
   6     -5.000       .000    1    1    .000    1.000    1.000    1.000   10.00
   7     -6.000       .000    1    1    .000    1.000    1.000    1.000   10.00
   8     -7.000       .000    1    1    .000    1.000    1.000    1.000   10.00
   9     -8.000       .000    1    1    .000    1.000    1.000    1.000   10.00
  10     -9.000       .000    1    1    .000    1.000    1.000    1.000   10.00
  11    -10.000       .000    1    1    .000    1.000    1.000    1.000   10.00
  12    -11.000       .000    1    1    .000    1.000    1.000    1.000   10.00
  13    -12.000       .000    1    1    .000    1.000    1.000    1.000   10.00
  14    -13.000       .000    1    1    .000    1.000    1.000    1.000   10.00
  15    -14.000       .000    1    1    .000    1.000    1.000    1.000   10.00
  16    -15.000       .000    1    1    .000    1.000    1.000    1.000   10.00
  17    -16.000       .000    1    1    .000    1.000    1.000    1.000   10.00
  18    -17.000       .000    1    1    .000    1.000    1.000    1.000   10.00
  19    -18.000       .000    1    1    .000    1.000    1.000    1.000   10.00
  20    -19.000       .000    1    1    .000    1.000    1.000    1.000   10.00
  21    -20.000       .000    1    1    .000    1.000    1.000    1.000   10.00
  22    -21.000       .000    1    1    .000    1.000    1.000    1.000   10.00
  23    -22.000       .000    1    1    .000    1.000    1.000    1.000   10.00
  24    -23.000       .000    1    1    .000    1.000    1.000    1.000   10.00
  25    -24.000       .000    1    1    .000    1.000    1.000    1.000   10.00
  26    -25.000       .000    1    1    .000    1.000    1.000    1.000   10.00
  27    -26.000       .000    1    1    .000    1.000    1.000    1.000   10.00
  28    -27.000       .000    1    1    .000    1.000    1.000    1.000   10.00
  29    -28.000       .000    1    1    .000    1.000    1.000    1.000   10.00
  30    -29.000       .000    1    1    .000    1.000    1.000    1.000   10.00
  31    -30.000       .000    1    1    .000    1.000    1.000    1.000   10.00
  32    -31.000       .000    1    1    .000    1.000    1.000    1.000   10.00
  33    -32.000       .000    1    1    .000    1.000    1.000    1.000   10.00
  34    -33.000       .000    1    1    .000    1.000    1.000    1.000   10.00
  35    -34.000       .000    1    1    .000    1.000    1.000    1.000   10.00
  36    -35.000       .000    1    1    .000    1.000    1.000    1.000   10.00
  37    -36.000       .000    1    1    .000    1.000    1.000    1.000   10.00
  38    -37.000       .000    1    1    .000    1.000    1.000    1.000   10.00
  39    -38.000       .000    1    1    .000    1.000    1.000    1.000   10.00
  40    -39.000       .000    1    1    .000    1.000    1.000    1.000   10.00
  41    -40.000       .000    1    1    .000    1.000    1.000    1.000   10.00
  42    -41.000       .000    1    1    .000    1.000    1.000    1.000   10.00
  43    -42.000       .000    1    1    .000    1.000    1.000    1.000   10.00
  44    -43.000       .000    1    1    .000    1.000    1.000    1.000   10.00
  45    -44.000       .000    1    1    .000    1.000    1.000    1.000   10.00
  46    -45.000       .000    1    1    .000    1.000    1.000    1.000   10.00
  47    -46.000       .000    1    1    .000    1.000    1.000    1.000   10.00
  48    -47.000       .000    1    1    .000    1.000    1.000    1.000   10.00
  49    -48.000       .000    1    1    .000    1.000    1.000    1.000   10.00
  50    -49.000       .000    1    1    .000    1.000    1.000    1.000   10.00
  51    -50.000       .000    1    1    .000    1.000    1.000    1.000   10.00
  52    -51.000       .000    1    1    .000    1.000    1.000    1.000   10.00
  53    -52.000       .000    1    1    .000    1.000    1.000    1.000   10.00
  54    -53.000       .000    1    1    .000    1.000    1.000    1.000   10.00
  55    -54.000       .000    1    1    .000    1.000    1.000    1.000   10.00
  56    -55.000       .000    1    1    .000    1.000    1.000    1.000   10.00
  57    -56.000       .000    1    1    .000    1.000    1.000    1.000   10.00
  58    -57.000       .000    1    1    .000    1.000    1.000    1.000   10.00
  59    -58.000       .000    1    1    .000    1.000    1.000    1.000   10.00
  60    -59.000       .000    1    1    .000    1.000    1.000    1.000   10.00
  61    -60.000       .000    1    1    .000    1.000    1.000    1.000   10.00
  62    -61.000       .000    1    1    .000    1.000    1.000    1.000   10.00
  63    -62.000       .000    1    1    .000    1.000    1.000    1.000   10.00
  64    -63.000       .000    1    1    .000    1.000    1.000    1.000   10.00
  65    -64.000       .000    1    1    .000    1.000    1.000    1.000   10.00
  66    -65.000       .000    1    1    .000    1.000    1.000    1.000   10.00
  67    -66.000       .000    1    1    .000    1.000    1.000    1.000   10.00
  68    -67.000       .000    1    1    .000    1.000    1.000    1.000   10.00
  69    -68.000       .000    1    1    .000    1.000    1.000    1.000   10.00
  70    -69.000       .000    1    1    .000    1.000    1.000    1.000   10.00
  71    -70.000       .000    1    1    .000    1.000    1.000    1.000   10.00
  72    -71.000       .000    1    1    .000    1.000    1.000    1.000   10.00
  73    -72.000       .000    1    1    .000    1.000    1.000    1.000   10.00
  74    -73.000       .000    1    1    .000    1.000    1.000    1.000   10.00
  75    -74.000       .000    1    1    .000    1.000    1.000    1.000   10.00
  76    -75.000       .000    1    1    .000    1.000    1.000    1.000   10.00
  77    -76.000       .000    1    1    .000    1.000    1.000    1.000   10.00
  78    -77.000       .000    1    1    .000    1.000    1.000    1.000   10.00
  79    -78.000       .000    1    1    .000    1.000    1.000    1.000   10.00
  80    -79.000       .000    1    1    .000    1.000    1.000    1.000   10.00
  81    -80.000       .000    1    1    .000    1.000    1.000    1.000   10.00
  82    -81.000       .000    1    1    .000    1.000    1.000    1.000   10.00
  83    -82.000       .000    1    1    .000    1.000    1.000    1.000   10.00
  84    -83.000       .000    1    1    .000    1.000    1.000    1.000   10.00
  85    -84.000       .000    1    1    .000    1.000    1.000    1.000   10.00
  86    -85.000       .000    1    1    .000    1.000    1.000    1.000   10.00
  87    -86.000       .000    1    1    .000    1.000    1.000    1.000   10.00
  88    -87.000       .000    1    1    .000    1.000    1.000    1.000   10.00
  89    -88.000       .000    1    1    .000    1.000    1.000    1.000   10.00
  90    -89.000       .000    1    1    .000    1.000    1.000    1.000   10.00
  91    -90.000       .000    1    1    .000    1.000    1.000    1.000   10.00
  92    -91.000       .000    1    1    .000    1.000    1.000    1.000   10.00
  93    -92.000       .000    1    1    .000    1.000    1.000    1.000   10.00
  94    -93.000       .000    1    1    .000    1.000    1.000    1.000   10.00
  95    -94.000       .000    1    1    .000    1.000    1.000    1.000   10.00
  96    -95.000       .000    1    1    .000    1.000    1.000    1.000   10.00
  97    -96.000       .000    1    1    .000    1.000    1.000    1.000   10.00
  98    -97.000       .000    1    1    .000    1.000    1.000    1.000   10.00
  99    -98.000       .000    1    1    .000    1.000    1.000    1.000   10.00
 100    -99.000       .000    1    1    .000    1.000    1.000    1.000   10.00
 101   -100.000       .000    1    1    .000    1.000    1.000    1.000   10.00
 102   -101.000       .000    1    1    .000    1.000    1.000    1.000   10.00
 103   -102.000       .000    1    1    .000    1.000    1.000    1.000   10.00
 104   -103.000       .000    1    1    .000    1.000    1.000    1.000   10.00
 105   -104.000       .000    1    1    .000    1.000    1.000    1.000   10.00
 106   -105.000       .000    1    1    .000    1.000    1.000    1.000   10.00
 107   -106.000       .000    1    1    .000    1.000    1.000    1.000   10.00
 108   -107.000       .000    1    1    .000    1.000    1.000    1.000   10.00
 109   -108.000       .000    1    1    .000    1.000    1.000    1.000   10.00
 110   -109.000       .000    1    1    .000    1.000    1.000    1.000   10.00
 111   -110.000       .000    1    1    .000    1.000    1.000    1.000   10.00
 112   -111.000       .000    1    1    .000    1.000    1.000    1.000   10.00
 113   -112.000       .000    1    1    .000    1.000    1.000    1.000   10.00
 114   -113.000       .000    1    1    .000    1.000    1.000    1.000   10.00
 115   -114.000       .000    1    1    .000    1.000    1.000    1.000   10.00
 116   -115.000       .000    1    1    .000    1.000    1.000    1.000   10.00
 117   -116.000       .000    1    1    .000    1.000    1.000    1.000   10.00
 118   -117.000       .000    1    1    .000    1.000    1.000    1.000   10.00
 119   -118.000       .000    1    1    .000    1.000    1.000    1.000   10.00
 120   -119.000       .000    1    1    .000    1.000    1.000    1.000   10.00
 121   -120.000       .000    1    1    .000    1.000    1.000    1.000   10.00
 122   -121.000       .000    1    1    .000    1.000    1.000    1.000   10.00
 123   -122.000       .000    1    1    .000    1.000    1.000    1.000   10.00
 124   -123.000       .000    1    1    .000    1.000    1.000    1.000   10.00
 125   -124.000       .000    1    1    .000    1.000    1.000    1.000   10.00
 126   -125.000       .000    1    1    .000    1.000    1.000    1.000   10.00
 127   -126.000       .000    1    1    .000    1.000    1.000    1.000   10.00
 128   -127.000       .000    1    1    .000    1.000    1.000    1.000   10.00
 129   -128.000       .000    1    1    .000    1.000    1.000    1.000   10.00
 130   -129.000       .000    1    1    .000    1.000    1.000    1.000   10.00
 131   -130.000       .000    1    1    .000    1.000    1.000    1.000   10.00
 132   -131.000       .000    1    1    .000    1.000    1.000    1.000   10.00
 133   -132.000       .000    1    1    .000    1.000    1.000    1.000   10.00
 134   -133.000       .000    1    1    .000    1.000    1.000    1.000   10.00
 135   -134.000       .000    1    1    .000    1.000    1.000    1.000   10.00
 136   -135.000       .000    1    1    .000    1.000    1.000    1.000   10.00
 137   -136.000       .000    1    1    .000    1.000    1.000    1.000   10.00
 138   -137.000       .000    1    1    .000    1.000    1.000    1.000   10.00
 139   -138.000       .000    1    1    .000    1.000    1.000    1.000   10.00
 140   -139.000       .000    1    1    .000    1.000    1.000    1.000   10.00
 141   -140.000       .000    1    1    .000    1.000    1.000    1.000   10.00
 142   -141.000       .000    1    1    .000    1.000    1.000    1.000   10.00
 143   -142.000       .000    1    1    .000    1.000    1.000    1.000   10.00
 144   -143.000       .000    1    1    .000    1.000    1.000    1.000   10.00
 145   -144.000       .000    1    1    .000    1.000    1.000    1.000   10.00
 146   -145.000       .000    1    1    .000    1.000    1.000    1.000   10.00
 147   -146.000       .000    1    1    .000    1.000    1.000    1.000   10.00
 148   -147.000       .000    1    1    .000    1.000    1.000    1.000   10.00
 149   -148.000       .000    1    1    .000    1.000    1.000    1.000   10.00
 150   -149.000       .000    1    1    .000    1.000    1.000    1.000   10.00
 151   -150.000       .000    1    1    .000    1.000    1.000    1.000   10.00
 152   -151.000       .000    1    1    .000    1.000    1.000    1.000   10.00
 153   -152.000       .000    1    1    .000    1.000    1.000    1.000   10.00
 154   -153.000       .000    1    1    .000    1.000    1.000    1.000   10.00
 155   -154.000       .000    1    1    .000    1.000    1.000    1.000   10.00
 156   -155.000       .000    1    1    .000    1.000    1.000    1.000   10.00
 157   -156.000       .000    1    1    .000    1.000    1.000    1.000   10.00
 158   -157.000       .000    1    1    .000    1.000    1.000    1.000   10.00
 159   -158.000       .000    1    1    .000    1.000    1.000    1.000   10.00
 160   -159.000       .000    1    1    .000    1.000    1.000    1.000   10.00
 161   -160.000       .000    1    1    .000    1.000    1.000    1.000   10.00
 162   -161.000       .000    1    1    .000    1.000    1.000    1.000   10.00
 163   -162.000       .000    1    1    .000    1.000    1.000    1.000   10.00
 164   -163.000       .000    1    1    .000    1.000    1.000    1.000   10.00
 165   -164.000       .000    1    1    .000    1.000    1.000    1.000   10.00
 166   -165.000       .000    1    1    .000    1.000    1.000    1.000   10.00
 167   -166.000       .000    1    1    .000    1.000    1.000    1.000   10.00
 168   -167.000       .000    1    1    .000    1.000    1.000    1.000   10.00
 169   -168.000       .000    1    1    .000    1.000    1.000    1.000   10.00
 170   -169.000       .000    1    1    .000    1.000    1.000    1.000   10.00
 171   -170.000       .000    1    1    .000    1.000    1.000    1.000   10.00
 172   -171.000       .000    1    1    .000    1.000    1.000    1.000   10.00
 173   -172.000       .000    1    1    .000    1.000    1.000    1.000   10.00
 174   -173.000       .000    1    1    .000    1.000    1.000    1.000   10.00
 175   -174.000       .000    1    1    .000    1.000    1.000    1.000   10.00
 176   -175.000       .000    1    1    .000    1.000    1.000    1.000   10.00
 177   -176.000       .000    1    1    .000    1.000    1.000    1.000   10.00
 178   -177.000       .000    1    1    .000    1.000    1.000    1.000   10.00
 179   -178.000       .000    1    1    .000    1.000    1.000    1.000   10.00
 180   -179.000       .000    1    1    .000    1.000    1.000    1.000   10.00
 181   -180.000       .000    1    1    .000    1.000    1.000    1.000   10.00
 182   -181.000       .000    1    1    .000    1.000    1.000    1.000   10.00
 183   -182.000       .000    1    1    .000    1.000    1.000    1.000   10.00
 184   -183.000       .000    1    1    .000    1.000    1.000    1.000   10.00
 185   -184.000       .000    1    1    .000    1.000    1.000    1.000   10.00
 186   -185.000       .000    1    1    .000    1.000    1.000    1.000   10.00
 187   -186.000       .000    1    1    .000    1.000    1.000    1.000   10.00
 188   -187.000       .000    1    1    .000    1.000    1.000    1.000   10.00
 189   -188.000       .000    1    1    .000    1.000    1.000    1.000   10.00
 190   -189.000       .000    1    1    .000    1.000    1.000    1.000   10.00
 191   -190.000       .000    1    1    .000    1.000    1.000    1.000   10.00
 192   -191.000       .000    1    1    .000    1.000    1.000    1.000   10.00
 193   -192.000       .000    1    1    .000    1.000    1.000    1.000   10.00
 194   -193.000       .000    1    1    .000    1.000    1.000    1.000   10.00
 195   -194.000       .000    1    1    .000    1.000    1.000    1.000   10.00
 196   -195.000       .000    1    1    .000    1.000    1.000    1.000   10.00
 197   -196.000       .000    1    1    .000    1.000    1.000    1.000   10.00
 198   -197.000       .000    1    1    .000    1.000    1.000    1.000   10.00
 199   -198.000       .000    1    1    .000    1.000    1.000    1.000   10.00
 200   -199.000       .000    1    1    .000    1.000    1.000    1.000   10.00
 201   -200.000       .000    1    1    .000    1.000    1.000    1.000   10.00
end

 Number of species in the chain :   0


MatNum, Param. array:

   Mat     Qr     Qs        Alfa         n          Ks      l

    1     .078  1.000    .360E-01    .156E+01    .116E-02   .500

       Table of Hydraulic Properties which are interpolated in simulation
       =================================================================

  theta         h        log h        C             K        log K          S
  1.0000   -.100E-05  -.6000E+01   .1261E-05   .1157E-02  -.2937E+01    1.0000
  1.0000   -.126E-05  -.5899E+01   .1437E-05   .1157E-02  -.2937E+01    1.0000
  1.0000   -.159E-05  -.5798E+01   .1636E-05   .1157E-02  -.2937E+01    1.0000
  1.0000   -.201E-05  -.5697E+01   .1864E-05   .1157E-02  -.2937E+01    1.0000
  1.0000   -.254E-05  -.5596E+01   .2123E-05   .1157E-02  -.2937E+01    1.0000
  1.0000   -.320E-05  -.5495E+01   .2419E-05   .1157E-02  -.2937E+01    1.0000
  1.0000   -.404E-05  -.5394E+01   .2755E-05   .1157E-02  -.2937E+01    1.0000
  1.0000   -.509E-05  -.5293E+01   .3138E-05   .1157E-02  -.2937E+01    1.0000
  1.0000   -.643E-05  -.5192E+01   .3575E-05   .1157E-02  -.2937E+01    1.0000
  1.0000   -.811E-05  -.5091E+01   .4072E-05   .1157E-02  -.2937E+01    1.0000
  1.0000   -.102E-04  -.4990E+01   .4639E-05   .1157E-02  -.2937E+01    1.0000
  1.0000   -.129E-04  -.4889E+01   .5284E-05   .1157E-02  -.2937E+01    1.0000
  1.0000   -.163E-04  -.4788E+01   .6019E-05   .1157E-02  -.2937E+01    1.0000
  1.0000   -.206E-04  -.4687E+01   .6857E-05   .1157E-02  -.2937E+01    1.0000
  1.0000   -.260E-04  -.4586E+01   .7810E-05   .1156E-02  -.2937E+01    1.0000
  1.0000   -.327E-04  -.4485E+01   .8897E-05   .1156E-02  -.2937E+01    1.0000
  1.0000   -.413E-04  -.4384E+01   .1013E-04   .1156E-02  -.2937E+01    1.0000
  1.0000   -.521E-04  -.4283E+01   .1154E-04   .1156E-02  -.2937E+01    1.0000
  1.0000   -.658E-04  -.4182E+01   .1315E-04   .1156E-02  -.2937E+01    1.0000
  1.0000   -.830E-04  -.4081E+01   .1498E-04   .1156E-02  -.2937E+01    1.0000
  1.0000   -.105E-03  -.3980E+01   .1706E-04   .1155E-02  -.2937E+01    1.0000
  1.0000   -.132E-03  -.3879E+01   .1944E-04   .1155E-02  -.2937E+01    1.0000
  1.0000   -.167E-03  -.3778E+01   .2214E-04   .1155E-02  -.2938E+01    1.0000
  1.0000   -.210E-03  -.3677E+01   .2522E-04   .1154E-02  -.2938E+01    1.0000
  1.0000   -.266E-03  -.3576E+01   .2873E-04   .1154E-02  -.2938E+01    1.0000
  1.0000   -.335E-03  -.3475E+01   .3273E-04   .1153E-02  -.2938E+01    1.0000
  1.0000   -.423E-03  -.3374E+01   .3728E-04   .1153E-02  -.2938E+01    1.0000
  1.0000   -.534E-03  -.3273E+01   .4246E-04   .1152E-02  -.2938E+01    1.0000
  1.0000   -.673E-03  -.3172E+01   .4837E-04   .1151E-02  -.2939E+01    1.0000
  1.0000   -.850E-03  -.3071E+01   .5510E-04   .1151E-02  -.2939E+01    1.0000
  1.0000   -.107E-02  -.2970E+01   .6277E-04   .1150E-02  -.2939E+01    1.0000
  1.0000   -.135E-02  -.2869E+01   .7150E-04   .1149E-02  -.2940E+01    1.0000
  1.0000   -.171E-02  -.2768E+01   .8144E-04   .1147E-02  -.2940E+01    1.0000
  1.0000   -.215E-02  -.2667E+01   .9277E-04   .1146E-02  -.2941E+01    1.0000
  1.0000   -.272E-02  -.2566E+01   .1057E-03   .1144E-02  -.2941E+01    1.0000
  1.0000   -.343E-02  -.2465E+01   .1204E-03   .1142E-02  -.2942E+01    1.0000
  1.0000   -.433E-02  -.2364E+01   .1371E-03   .1140E-02  -.2943E+01    1.0000
  1.0000   -.546E-02  -.2263E+01   .1562E-03   .1138E-02  -.2944E+01    1.0000
  1.0000   -.689E-02  -.2162E+01   .1779E-03   .1135E-02  -.2945E+01    1.0000
  1.0000   -.870E-02  -.2061E+01   .2027E-03   .1132E-02  -.2946E+01    1.0000
  1.0000   -.110E-01  -.1960E+01   .2309E-03   .1129E-02  -.2947E+01    1.0000
  1.0000   -.138E-01  -.1859E+01   .2630E-03   .1125E-02  -.2949E+01    1.0000
  1.0000   -.175E-01  -.1758E+01   .2996E-03   .1120E-02  -.2951E+01    1.0000
  1.0000   -.221E-01  -.1657E+01   .3412E-03   .1115E-02  -.2953E+01    1.0000
  1.0000   -.278E-01  -.1556E+01   .3887E-03   .1110E-02  -.2955E+01    1.0000
  1.0000   -.351E-01  -.1455E+01   .4428E-03   .1103E-02  -.2957E+01    1.0000
  1.0000   -.443E-01  -.1354E+01   .5044E-03   .1095E-02  -.2960E+01    1.0000
  1.0000   -.559E-01  -.1253E+01   .5745E-03   .1087E-02  -.2964E+01    1.0000
  1.0000   -.705E-01  -.1152E+01   .6544E-03   .1077E-02  -.2968E+01    1.0000
  1.0000   -.890E-01  -.1051E+01   .7454E-03   .1066E-02  -.2972E+01    1.0000
   .9999   -.112E+00  -.9495E+00   .8490E-03   .1054E-02  -.2977E+01     .9999
   .9999   -.142E+00  -.8485E+00   .9670E-03   .1040E-02  -.2983E+01     .9999
   .9999   -.179E+00  -.7475E+00   .1101E-02   .1024E-02  -.2990E+01     .9999
   .9998   -.226E+00  -.6465E+00   .1254E-02   .1006E-02  -.2997E+01     .9998
   .9997   -.285E+00  -.5455E+00   .1428E-02   .9861E-03  -.3006E+01     .9997
   .9996   -.359E+00  -.4444E+00   .1626E-02   .9633E-03  -.3016E+01     .9996
   .9995   -.453E+00  -.3434E+00   .1851E-02   .9377E-03  -.3028E+01     .9994
   .9992   -.572E+00  -.2424E+00   .2107E-02   .9090E-03  -.3041E+01     .9992
   .9989   -.722E+00  -.1414E+00   .2396E-02   .8768E-03  -.3057E+01     .9988
   .9984   -.911E+00  -.4040E-01   .2724E-02   .8409E-03  -.3075E+01     .9983
   .9977   -.115E+01   .6061E-01   .3095E-02   .8009E-03  -.3096E+01     .9975
   .9967   -.145E+01   .1616E+00   .3511E-02   .7566E-03  -.3121E+01     .9964
   .9953   -.183E+01   .2626E+00   .3976E-02   .7079E-03  -.3150E+01     .9949
   .9933   -.231E+01   .3636E+00   .4491E-02   .6546E-03  -.3184E+01     .9927
   .9904   -.292E+01   .4646E+00   .5055E-02   .5969E-03  -.3224E+01     .9896
   .9863   -.368E+01   .5657E+00   .5660E-02   .5351E-03  -.3272E+01     .9851
   .9805   -.464E+01   .6667E+00   .6294E-02   .4699E-03  -.3328E+01     .9789
   .9724   -.586E+01   .7677E+00   .6931E-02   .4026E-03  -.3395E+01     .9701
   .9613   -.739E+01   .8687E+00   .7530E-02   .3347E-03  -.3475E+01     .9581
   .9462   -.933E+01   .9697E+00   .8035E-02   .2685E-03  -.3571E+01     .9417
   .9261   -.118E+02   .1071E+01   .8376E-02   .2065E-03  -.3685E+01     .9199
   .9001   -.148E+02   .1172E+01   .8479E-02   .1513E-03  -.3820E+01     .8916
   .8674   -.187E+02   .1273E+01   .8284E-02   .1051E-03  -.3979E+01     .8562
   .8279   -.236E+02   .1374E+01   .7771E-02   .6882E-04  -.4162E+01     .8134
   .7823   -.298E+02   .1475E+01   .6977E-02   .4249E-04  -.4372E+01     .7638
   .7317   -.376E+02   .1576E+01   .5993E-02   .2477E-04  -.4606E+01     .7090
   .6780   -.475E+02   .1677E+01   .4935E-02   .1370E-04  -.4863E+01     .6507
   .6233   -.599E+02   .1778E+01   .3914E-02   .7239E-05  -.5140E+01     .5914
   .5694   -.756E+02   .1879E+01   .3007E-02   .3682E-05  -.5434E+01     .5330
   .5178   -.955E+02   .1980E+01   .2252E-02   .1817E-05  -.5741E+01     .4771
   .4696   -.120E+03   .2081E+01   .1653E-02   .8762E-06  -.6057E+01     .4248
   .4253   -.152E+03   .2182E+01   .1195E-02   .4153E-06  -.6382E+01     .3767
   .3851   -.192E+03   .2283E+01   .8549E-03   .1943E-06  -.6712E+01     .3331
   .3490   -.242E+03   .2384E+01   .6064E-03   .9009E-07  -.7045E+01     .2940
   .3168   -.305E+03   .2485E+01   .4277E-03   .4150E-07  -.7382E+01     .2590
   .2882   -.385E+03   .2586E+01   .3005E-03   .1902E-07  -.7721E+01     .2279
   .2628   -.486E+03   .2687E+01   .2104E-03   .8694E-08  -.8061E+01     .2005
   .2405   -.614E+03   .2788E+01   .1471E-03   .3963E-08  -.8402E+01     .1762
   .2207   -.774E+03   .2889E+01   .1027E-03   .1804E-08  -.8744E+01     .1548
   .2034   -.977E+03   .2990E+01   .7159E-04   .8203E-09  -.9086E+01     .1360
   .1881   -.123E+04   .3091E+01   .4989E-04   .3727E-09  -.9429E+01     .1194
   .1747   -.156E+04   .3192E+01   .3474E-04   .1692E-09  -.9772E+01     .1049
   .1629   -.196E+04   .3293E+01   .2419E-04   .7680E-10  -.1011E+02     .0921
   .1526   -.248E+04   .3394E+01   .1684E-04   .3485E-10  -.1046E+02     .0809
   .1435   -.313E+04   .3495E+01   .1172E-04   .1581E-10  -.1080E+02     .0710
   .1355   -.394E+04   .3596E+01   .8155E-05   .7172E-11  -.1114E+02     .0623
   .1284   -.498E+04   .3697E+01   .5675E-05   .3253E-11  -.1149E+02     .0547
   .1223   -.628E+04   .3798E+01   .3948E-05   .1475E-11  -.1183E+02     .0480
   .1169   -.792E+04   .3899E+01   .2747E-05   .6692E-12  -.1217E+02     .0422
   .1121   -.100E+05   .4000E+01   .1911E-05   .3035E-12  -.1252E+02     .0370
end


 Heat transport information
 ==========================

 ample =      5.000

   Beta    Qn     Qo        B1         B2         B3         Cn         Co         Cw
   .000   .000   .500   .000E+00   .000E+00   .000E+00   .000E+00   .000E+00   .100E+01
