 ******* Program HYDRUS
 ******* Heat transport under fluctuating atmospheric condition                 
  
 Date:   1.10.    Time:  14: 4:58
 Units: L = cm   , T = sec  , M = mmol 



                             Node( 11)                      Node( 21)                      Node( 31)

       time         h        theta    Temp         h        theta    Temp         h        theta    Temp   
       360.000        .000  1.0000   10.000          .000  1.0000   10.000          .000  1.0000   10.000
       720.000        .000  1.0000   10.000          .000  1.0000   10.000          .000  1.0000   10.000
      1080.000        .000  1.0000   10.000          .000  1.0000   10.000          .000  1.0000   10.000
      1440.000        .000  1.0000   10.000          .000  1.0000   10.000          .000  1.0000   10.000
      1800.000        .000  1.0000   10.000          .000  1.0000   10.000          .000  1.0000   10.000
      2160.000        .000  1.0000   10.000          .000  1.0000   10.000          .000  1.0000   10.000
      2520.000        .000  1.0000   10.000          .000  1.0000   10.000          .000  1.0000   10.000
      2880.000        .000  1.0000   10.000          .000  1.0000   10.000          .000  1.0000   10.000
      3240.000        .000  1.0000   10.000          .000  1.0000   10.000          .000  1.0000   10.000
      3600.000        .000  1.0000   10.000          .000  1.0000   10.000          .000  1.0000   10.000
      3960.000        .000  1.0000   10.000          .000  1.0000   10.000          .000  1.0000   10.000
      4320.000        .000  1.0000   10.001          .000  1.0000   10.000          .000  1.0000   10.000
      4680.000        .000  1.0000   10.002          .000  1.0000   10.000          .000  1.0000   10.000
      5040.000        .000  1.0000   10.004          .000  1.0000   10.000          .000  1.0000   10.000
      5400.000        .000  1.0000   10.006          .000  1.0000   10.000          .000  1.0000   10.000
      5760.000        .000  1.0000   10.009          .000  1.0000   10.000          .000  1.0000   10.000
      6120.000        .000  1.0000   10.012          .000  1.0000   10.000          .000  1.0000   10.000
      6480.000        .000  1.0000   10.015          .000  1.0000   10.000          .000  1.0000   10.000
      6840.000        .000  1.0000   10.018          .000  1.0000   10.000          .000  1.0000   10.000
      7200.000        .000  1.0000   10.021          .000  1.0000   10.000          .000  1.0000   10.000
      7560.000        .000  1.0000   10.023          .000  1.0000   10.000          .000  1.0000   10.000
      7920.000        .000  1.0000   10.025          .000  1.0000   10.000          .000  1.0000   10.000
      8280.000        .000  1.0000   10.026          .000  1.0000   10.000          .000  1.0000   10.000
      8640.000        .000  1.0000   10.027          .000  1.0000   10.000          .000  1.0000   10.000
      9000.000        .000  1.0000   10.027          .000  1.0000   10.000          .000  1.0000   10.000
      9360.000        .000  1.0000   10.027          .000  1.0000   10.000          .000  1.0000   10.000
      9720.000        .000  1.0000   10.027          .000  1.0000   10.000          .000  1.0000   10.000
     10080.000        .000  1.0000   10.027          .000  1.0000   10.001          .000  1.0000   10.000
     10440.000        .000  1.0000   10.028          .000  1.0000   10.001          .000  1.0000   10.000
     10800.000        .000  1.0000   10.029          .000  1.0000   10.002          .000  1.0000   10.000
     11160.000        .000  1.0000   10.032          .000  1.0000   10.002          .000  1.0000   10.000
     11520.000        .000  1.0000   10.035          .000  1.0000   10.003          .000  1.0000   10.000
     11880.000        .000  1.0000   10.040          .000  1.0000   10.004          .000  1.0000   10.000
     12240.000        .000  1.0000   10.047          .000  1.0000   10.005          .000  1.0000   10.000
     12600.000        .000  1.0000   10.055          .000  1.0000   10.006          .000  1.0000   10.000
     12960.000        .000  1.0000   10.066          .000  1.0000   10.007          .000  1.0000   10.000
     13320.000        .000  1.0000   10.078          .000  1.0000   10.009          .000  1.0000   10.000
     13680.000        .000  1.0000   10.093          .000  1.0000   10.010          .000  1.0000   10.000
     14040.000        .000  1.0000   10.111          .000  1.0000   10.011          .000  1.0000   10.000
     14400.000        .000  1.0000   10.131          .000  1.0000   10.013          .000  1.0000   10.000
     14760.000        .000  1.0000   10.154          .000  1.0000   10.014          .000  1.0000   10.000
     15120.000        .000  1.0000   10.180          .000  1.0000   10.016          .000  1.0000   10.000
     15480.000        .000  1.0000   10.208          .000  1.0000   10.017          .000  1.0000   10.000
     15840.000        .000  1.0000   10.239          .000  1.0000   10.019          .000  1.0000   10.000
     16200.000        .000  1.0000   10.274          .000  1.0000   10.020          .000  1.0000   10.000
     16560.000        .000  1.0000   10.311          .000  1.0000   10.022          .000  1.0000   10.001
     16920.000        .000  1.0000   10.351          .000  1.0000   10.023          .000  1.0000   10.001
     17280.000        .000  1.0000   10.394          .000  1.0000   10.025          .000  1.0000   10.001
     17640.000        .000  1.0000   10.441          .000  1.0000   10.028          .000  1.0000   10.001
     18000.000        .000  1.0000   10.490          .000  1.0000   10.031          .000  1.0000   10.002
     18360.000        .000  1.0000   10.542          .000  1.0000   10.034          .000  1.0000   10.002
     18720.000        .000  1.0000   10.597          .000  1.0000   10.038          .000  1.0000   10.003
     19080.000        .000  1.0000   10.655          .000  1.0000   10.043          .000  1.0000   10.003
     19440.000        .000  1.0000   10.716          .000  1.0000   10.049          .000  1.0000   10.004
     19800.000        .000  1.0000   10.780          .000  1.0000   10.056          .000  1.0000   10.005
     20160.000        .000  1.0000   10.847          .000  1.0000   10.065          .000  1.0000   10.006
     20520.000        .000  1.0000   10.916          .000  1.0000   10.075          .000  1.0000   10.006
     20880.000        .000  1.0000   10.989          .000  1.0000   10.086          .000  1.0000   10.007
     21240.000        .000  1.0000   11.064          .000  1.0000   10.100          .000  1.0000   10.008
     21600.000        .000  1.0000   11.142          .000  1.0000   10.115          .000  1.0000   10.009
     21960.000        .000  1.0000   11.222          .000  1.0000   10.132          .000  1.0000   10.011
     22320.000        .000  1.0000   11.305          .000  1.0000   10.151          .000  1.0000   10.012
     22680.000        .000  1.0000   11.390          .000  1.0000   10.172          .000  1.0000   10.013
     23040.000        .000  1.0000   11.478          .000  1.0000   10.196          .000  1.0000   10.015
     23400.000        .000  1.0000   11.569          .000  1.0000   10.222          .000  1.0000   10.016
     23760.000        .000  1.0000   11.661          .000  1.0000   10.250          .000  1.0000   10.018
     24120.000        .000  1.0000   11.756          .000  1.0000   10.281          .000  1.0000   10.020
     24480.000        .000  1.0000   11.853          .000  1.0000   10.314          .000  1.0000   10.022
     24840.000        .000  1.0000   11.953          .000  1.0000   10.350          .000  1.0000   10.025
     25200.000        .000  1.0000   12.054          .000  1.0000   10.389          .000  1.0000   10.028
     25560.000        .000  1.0000   12.158          .000  1.0000   10.431          .000  1.0000   10.031
     25920.000        .000  1.0000   12.263          .000  1.0000   10.475          .000  1.0000   10.035
     26280.000        .000  1.0000   12.370          .000  1.0000   10.522          .000  1.0000   10.040
     26640.000        .000  1.0000   12.479          .000  1.0000   10.571          .000  1.0000   10.045
     27000.000        .000  1.0000   12.590          .000  1.0000   10.624          .000  1.0000   10.052
     27360.000        .000  1.0000   12.702          .000  1.0000   10.679          .000  1.0000   10.059
     27720.000        .000  1.0000   12.816          .000  1.0000   10.737          .000  1.0000   10.067
     28080.000        .000  1.0000   12.932          .000  1.0000   10.798          .000  1.0000   10.076
     28440.000        .000  1.0000   13.049          .000  1.0000   10.861          .000  1.0000   10.087
     28800.000        .000  1.0000   13.167          .000  1.0000   10.927          .000  1.0000   10.099
     29160.000        .000  1.0000   13.287          .000  1.0000   10.996          .000  1.0000   10.112
     29520.000        .000  1.0000   13.407          .000  1.0000   11.068          .000  1.0000   10.127
     29880.000        .000  1.0000   13.529          .000  1.0000   11.142          .000  1.0000   10.144
     30240.000        .000  1.0000   13.652          .000  1.0000   11.218          .000  1.0000   10.162
     30600.000        .000  1.0000   13.776          .000  1.0000   11.298          .000  1.0000   10.182
     30960.000        .000  1.0000   13.900          .000  1.0000   11.379          .000  1.0000   10.204
     31320.000        .000  1.0000   14.025          .000  1.0000   11.463          .000  1.0000   10.228
     31680.000        .000  1.0000   14.151          .000  1.0000   11.550          .000  1.0000   10.255
     32040.000        .000  1.0000   14.278          .000  1.0000   11.639          .000  1.0000   10.283
     32400.000        .000  1.0000   14.405          .000  1.0000   11.730          .000  1.0000   10.314
     32760.000        .000  1.0000   14.533          .000  1.0000   11.823          .000  1.0000   10.347
     33120.000        .000  1.0000   14.660          .000  1.0000   11.919          .000  1.0000   10.382
     33480.000        .000  1.0000   14.788          .000  1.0000   12.016          .000  1.0000   10.420
     33840.000        .000  1.0000   14.916          .000  1.0000   12.116          .000  1.0000   10.460
     34200.000        .000  1.0000   15.045          .000  1.0000   12.217          .000  1.0000   10.503
     34560.000        .000  1.0000   15.173          .000  1.0000   12.321          .000  1.0000   10.548
     34920.000        .000  1.0000   15.301          .000  1.0000   12.426          .000  1.0000   10.596
     35280.000        .000  1.0000   15.429          .000  1.0000   12.533          .000  1.0000   10.647
     35640.000        .000  1.0000   15.556          .000  1.0000   12.642          .000  1.0000   10.700
     36000.000        .000  1.0000   15.684          .000  1.0000   12.752          .000  1.0000   10.755
     36360.000        .000  1.0000   15.810          .000  1.0000   12.864          .000  1.0000   10.813
     36720.000        .000  1.0000   15.936          .000  1.0000   12.977          .000  1.0000   10.874
     37080.000        .000  1.0000   16.062          .000  1.0000   13.092          .000  1.0000   10.937
     37440.000        .000  1.0000   16.187          .000  1.0000   13.208          .000  1.0000   11.003
     37800.000        .000  1.0000   16.311          .000  1.0000   13.325          .000  1.0000   11.071
     38160.000        .000  1.0000   16.434          .000  1.0000   13.444          .000  1.0000   11.142
     38520.000        .000  1.0000   16.556          .000  1.0000   13.563          .000  1.0000   11.216
     38880.000        .000  1.0000   16.677          .000  1.0000   13.684          .000  1.0000   11.292
     39240.000        .000  1.0000   16.797          .000  1.0000   13.805          .000  1.0000   11.370
     39600.000        .000  1.0000   16.915          .000  1.0000   13.927          .000  1.0000   11.450
     39960.000        .000  1.0000   17.033          .000  1.0000   14.050          .000  1.0000   11.533
     40320.000        .000  1.0000   17.149          .000  1.0000   14.174          .000  1.0000   11.619
     40680.000        .000  1.0000   17.263          .000  1.0000   14.298          .000  1.0000   11.706
     41040.000        .000  1.0000   17.376          .000  1.0000   14.422          .000  1.0000   11.796
     41400.000        .000  1.0000   17.487          .000  1.0000   14.547          .000  1.0000   11.888
     41760.000        .000  1.0000   17.597          .000  1.0000   14.673          .000  1.0000   11.982
     42120.000        .000  1.0000   17.705          .000  1.0000   14.798          .000  1.0000   12.077
     42480.000        .000  1.0000   17.811          .000  1.0000   14.924          .000  1.0000   12.175
     42840.000        .000  1.0000   17.915          .000  1.0000   15.050          .000  1.0000   12.275
     43200.000        .000  1.0000   18.017          .000  1.0000   15.175          .000  1.0000   12.377
     43560.000        .000  1.0000   18.117          .000  1.0000   15.301          .000  1.0000   12.480
     43920.000        .000  1.0000   18.215          .000  1.0000   15.426          .000  1.0000   12.585
     44280.000        .000  1.0000   18.310          .000  1.0000   15.551          .000  1.0000   12.692
     44640.000        .000  1.0000   18.403          .000  1.0000   15.676          .000  1.0000   12.800
     45000.000        .000  1.0000   18.495          .000  1.0000   15.800          .000  1.0000   12.910
     45360.000        .000  1.0000   18.583          .000  1.0000   15.924          .000  1.0000   13.022
     45720.000        .000  1.0000   18.669          .000  1.0000   16.047          .000  1.0000   13.134
     46080.000        .000  1.0000   18.753          .000  1.0000   16.169          .000  1.0000   13.248
     46440.000        .000  1.0000   18.834          .000  1.0000   16.291          .000  1.0000   13.363
     46800.000        .000  1.0000   18.912          .000  1.0000   16.411          .000  1.0000   13.479
     47160.000        .000  1.0000   18.988          .000  1.0000   16.531          .000  1.0000   13.596
     47520.000        .000  1.0000   19.061          .000  1.0000   16.650          .000  1.0000   13.715
     47880.000        .000  1.0000   19.132          .000  1.0000   16.767          .000  1.0000   13.834
     48240.000        .000  1.0000   19.199          .000  1.0000   16.883          .000  1.0000   13.953
     48600.000        .000  1.0000   19.264          .000  1.0000   16.998          .000  1.0000   14.074
     48960.000        .000  1.0000   19.325          .000  1.0000   17.112          .000  1.0000   14.195
     49320.000        .000  1.0000   19.384          .000  1.0000   17.224          .000  1.0000   14.317
     49680.000        .000  1.0000   19.439          .000  1.0000   17.335          .000  1.0000   14.439
     50040.000        .000  1.0000   19.492          .000  1.0000   17.444          .000  1.0000   14.562
     50400.000        .000  1.0000   19.542          .000  1.0000   17.551          .000  1.0000   14.685
     50760.000        .000  1.0000   19.588          .000  1.0000   17.657          .000  1.0000   14.808
     51120.000        .000  1.0000   19.631          .000  1.0000   17.761          .000  1.0000   14.931
     51480.000        .000  1.0000   19.671          .000  1.0000   17.863          .000  1.0000   15.054
     51840.000        .000  1.0000   19.708          .000  1.0000   17.963          .000  1.0000   15.177
     52200.000        .000  1.0000   19.742          .000  1.0000   18.060          .000  1.0000   15.301
     52560.000        .000  1.0000   19.772          .000  1.0000   18.156          .000  1.0000   15.423
     52920.000        .000  1.0000   19.800          .000  1.0000   18.250          .000  1.0000   15.546
     53280.000        .000  1.0000   19.823          .000  1.0000   18.341          .000  1.0000   15.668
     53640.000        .000  1.0000   19.844          .000  1.0000   18.431          .000  1.0000   15.790
     54000.000        .000  1.0000   19.861          .000  1.0000   18.517          .000  1.0000   15.911
     54360.000        .000  1.0000   19.875          .000  1.0000   18.602          .000  1.0000   16.032
     54720.000        .000  1.0000   19.886          .000  1.0000   18.684          .000  1.0000   16.152
     55080.000        .000  1.0000   19.893          .000  1.0000   18.763          .000  1.0000   16.271
     55440.000        .000  1.0000   19.897          .000  1.0000   18.840          .000  1.0000   16.389
     55800.000        .000  1.0000   19.897          .000  1.0000   18.914          .000  1.0000   16.507
     56160.000        .000  1.0000   19.894          .000  1.0000   18.985          .000  1.0000   16.623
     56520.000        .000  1.0000   19.888          .000  1.0000   19.054          .000  1.0000   16.738
     56880.000        .000  1.0000   19.879          .000  1.0000   19.120          .000  1.0000   16.852
     57240.000        .000  1.0000   19.866          .000  1.0000   19.183          .000  1.0000   16.965
     57600.000        .000  1.0000   19.850          .000  1.0000   19.244          .000  1.0000   17.076
     57960.000        .000  1.0000   19.830          .000  1.0000   19.301          .000  1.0000   17.186
     58320.000        .000  1.0000   19.807          .000  1.0000   19.356          .000  1.0000   17.294
     58680.000        .000  1.0000   19.781          .000  1.0000   19.407          .000  1.0000   17.401
     59040.000        .000  1.0000   19.752          .000  1.0000   19.455          .000  1.0000   17.506
     59400.000        .000  1.0000   19.719          .000  1.0000   19.501          .000  1.0000   17.610
     59760.000        .000  1.0000   19.683          .000  1.0000   19.543          .000  1.0000   17.712
     60120.000        .000  1.0000   19.644          .000  1.0000   19.582          .000  1.0000   17.811
     60480.000        .000  1.0000   19.601          .000  1.0000   19.618          .000  1.0000   17.909
     60840.000        .000  1.0000   19.556          .000  1.0000   19.651          .000  1.0000   18.005
     61200.000        .000  1.0000   19.507          .000  1.0000   19.681          .000  1.0000   18.099
     61560.000        .000  1.0000   19.456          .000  1.0000   19.707          .000  1.0000   18.191
     61920.000        .000  1.0000   19.401          .000  1.0000   19.731          .000  1.0000   18.280
     62280.000        .000  1.0000   19.343          .000  1.0000   19.751          .000  1.0000   18.368
     62640.000        .000  1.0000   19.283          .000  1.0000   19.767          .000  1.0000   18.453
     63000.000        .000  1.0000   19.219          .000  1.0000   19.781          .000  1.0000   18.535
     63360.000        .000  1.0000   19.152          .000  1.0000   19.791          .000  1.0000   18.616
     63720.000        .000  1.0000   19.083          .000  1.0000   19.798          .000  1.0000   18.693
     64080.000        .000  1.0000   19.011          .000  1.0000   19.802          .000  1.0000   18.768
     64440.000        .000  1.0000   18.936          .000  1.0000   19.802          .000  1.0000   18.841
     64800.000        .000  1.0000   18.858          .000  1.0000   19.799          .000  1.0000   18.911
     65160.000        .000  1.0000   18.778          .000  1.0000   19.793          .000  1.0000   18.978
     65520.000        .000  1.0000   18.695          .000  1.0000   19.783          .000  1.0000   19.043
     65880.000        .000  1.0000   18.610          .000  1.0000   19.770          .000  1.0000   19.105
     66240.000        .000  1.0000   18.522          .000  1.0000   19.754          .000  1.0000   19.164
     66600.000        .000  1.0000   18.431          .000  1.0000   19.735          .000  1.0000   19.220
     66960.000        .000  1.0000   18.339          .000  1.0000   19.713          .000  1.0000   19.273
     67320.000        .000  1.0000   18.244          .000  1.0000   19.687          .000  1.0000   19.323
     67680.000        .000  1.0000   18.147          .000  1.0000   19.658          .000  1.0000   19.371
     68040.000        .000  1.0000   18.047          .000  1.0000   19.625          .000  1.0000   19.415
     68400.000        .000  1.0000   17.946          .000  1.0000   19.590          .000  1.0000   19.456
     68760.000        .000  1.0000   17.842          .000  1.0000   19.552          .000  1.0000   19.495
     69120.000        .000  1.0000   17.737          .000  1.0000   19.510          .000  1.0000   19.530
     69480.000        .000  1.0000   17.630          .000  1.0000   19.465          .000  1.0000   19.562
     69840.000        .000  1.0000   17.521          .000  1.0000   19.417          .000  1.0000   19.591
     70200.000        .000  1.0000   17.410          .000  1.0000   19.367          .000  1.0000   19.617
     70560.000        .000  1.0000   17.298          .000  1.0000   19.313          .000  1.0000   19.639
     70920.000        .000  1.0000   17.184          .000  1.0000   19.256          .000  1.0000   19.659
     71280.000        .000  1.0000   17.068          .000  1.0000   19.196          .000  1.0000   19.675
     71640.000        .000  1.0000   16.951          .000  1.0000   19.134          .000  1.0000   19.688
     72000.000        .000  1.0000   16.833          .000  1.0000   19.068          .000  1.0000   19.698
     72360.000        .000  1.0000   16.713          .000  1.0000   19.000          .000  1.0000   19.705
     72720.000        .000  1.0000   16.593          .000  1.0000   18.929          .000  1.0000   19.708
     73080.000        .000  1.0000   16.471          .000  1.0000   18.856          .000  1.0000   19.708
     73440.000        .000  1.0000   16.348          .000  1.0000   18.779          .000  1.0000   19.705
     73800.000        .000  1.0000   16.224          .000  1.0000   18.701          .000  1.0000   19.699
     74160.000        .000  1.0000   16.100          .000  1.0000   18.619          .000  1.0000   19.690
     74520.000        .000  1.0000   15.975          .000  1.0000   18.535          .000  1.0000   19.677
     74880.000        .000  1.0000   15.849          .000  1.0000   18.449          .000  1.0000   19.661
     75240.000        .000  1.0000   15.722          .000  1.0000   18.360          .000  1.0000   19.642
     75600.000        .000  1.0000   15.595          .000  1.0000   18.269          .000  1.0000   19.620
     75960.000        .000  1.0000   15.467          .000  1.0000   18.176          .000  1.0000   19.594
     76320.000        .000  1.0000   15.340          .000  1.0000   18.081          .000  1.0000   19.566
     76680.000        .000  1.0000   15.212          .000  1.0000   17.983          .000  1.0000   19.534
     77040.000        .000  1.0000   15.084          .000  1.0000   17.884          .000  1.0000   19.499
     77400.000        .000  1.0000   14.955          .000  1.0000   17.782          .000  1.0000   19.461
     77760.000        .000  1.0000   14.827          .000  1.0000   17.679          .000  1.0000   19.420
     78120.000        .000  1.0000   14.699          .000  1.0000   17.574          .000  1.0000   19.376
     78480.000        .000  1.0000   14.571          .000  1.0000   17.467          .000  1.0000   19.329
     78840.000        .000  1.0000   14.444          .000  1.0000   17.358          .000  1.0000   19.279
     79200.000        .000  1.0000   14.316          .000  1.0000   17.248          .000  1.0000   19.226
     79560.000        .000  1.0000   14.190          .000  1.0000   17.136          .000  1.0000   19.171
     79920.000        .000  1.0000   14.064          .000  1.0000   17.023          .000  1.0000   19.112
     80280.000        .000  1.0000   13.938          .000  1.0000   16.908          .000  1.0000   19.051
     80640.000        .000  1.0000   13.813          .000  1.0000   16.792          .000  1.0000   18.986
     81000.000        .000  1.0000   13.689          .000  1.0000   16.675          .000  1.0000   18.919
     81360.000        .000  1.0000   13.566          .000  1.0000   16.556          .000  1.0000   18.850
     81720.000        .000  1.0000   13.444          .000  1.0000   16.437          .000  1.0000   18.777
     82080.000        .000  1.0000   13.323          .000  1.0000   16.316          .000  1.0000   18.702
     82440.000        .000  1.0000   13.203          .000  1.0000   16.195          .000  1.0000   18.625
     82800.000        .000  1.0000   13.085          .000  1.0000   16.073          .000  1.0000   18.545
     83160.000        .000  1.0000   12.967          .000  1.0000   15.950          .000  1.0000   18.463
     83520.000        .000  1.0000   12.851          .000  1.0000   15.826          .000  1.0000   18.378
     83880.000        .000  1.0000   12.737          .000  1.0000   15.702          .000  1.0000   18.291
     84240.000        .000  1.0000   12.624          .000  1.0000   15.578          .000  1.0000   18.202
     84600.000        .000  1.0000   12.513          .000  1.0000   15.453          .000  1.0000   18.110
     84960.000        .000  1.0000   12.403          .000  1.0000   15.327          .000  1.0000   18.017
     85320.000        .000  1.0000   12.295          .000  1.0000   15.202          .000  1.0000   17.921
     85680.000        .000  1.0000   12.189          .000  1.0000   15.076          .000  1.0000   17.823
     86040.000        .000  1.0000   12.085          .000  1.0000   14.950          .000  1.0000   17.724
     86400.000        .000  1.0000   11.983          .000  1.0000   14.825          .000  1.0000   17.622
     86760.000        .000  1.0000   11.883          .000  1.0000   14.699          .000  1.0000   17.519
     87120.000        .000  1.0000   11.785          .000  1.0000   14.574          .000  1.0000   17.414
     87480.000        .000  1.0000   11.690          .000  1.0000   14.449          .000  1.0000   17.307
     87840.000        .000  1.0000   11.597          .000  1.0000   14.324          .000  1.0000   17.199
     88200.000        .000  1.0000   11.505          .000  1.0000   14.200          .000  1.0000   17.089
     88560.000        .000  1.0000   11.417          .000  1.0000   14.076          .000  1.0000   16.978
     88920.000        .000  1.0000   11.331          .000  1.0000   13.953          .000  1.0000   16.866
     89280.000        .000  1.0000   11.247          .000  1.0000   13.831          .000  1.0000   16.752
     89640.000        .000  1.0000   11.166          .000  1.0000   13.709          .000  1.0000   16.637
     90000.000        .000  1.0000   11.088          .000  1.0000   13.589          .000  1.0000   16.521
     90360.000        .000  1.0000   11.012          .000  1.0000   13.469          .000  1.0000   16.403
     90720.000        .000  1.0000   10.939          .000  1.0000   13.350          .000  1.0000   16.285
     91080.000        .000  1.0000   10.868          .000  1.0000   13.233          .000  1.0000   16.166
     91440.000        .000  1.0000   10.801          .000  1.0000   13.117          .000  1.0000   16.046
     91800.000        .000  1.0000   10.736          .000  1.0000   13.002          .000  1.0000   15.926
     92160.000        .000  1.0000   10.675          .000  1.0000   12.888          .000  1.0000   15.805
     92520.000        .000  1.0000   10.616          .000  1.0000   12.776          .000  1.0000   15.683
     92880.000        .000  1.0000   10.561          .000  1.0000   12.665          .000  1.0000   15.561
     93240.000        .000  1.0000   10.508          .000  1.0000   12.556          .000  1.0000   15.438
     93600.000        .000  1.0000   10.458          .000  1.0000   12.449          .000  1.0000   15.315
     93960.000        .000  1.0000   10.412          .000  1.0000   12.343          .000  1.0000   15.192
     94320.000        .000  1.0000   10.369          .000  1.0000   12.239          .000  1.0000   15.069
     94680.000        .000  1.0000   10.329          .000  1.0000   12.137          .000  1.0000   14.946
     95040.000        .000  1.0000   10.292          .000  1.0000   12.037          .000  1.0000   14.823
     95400.000        .000  1.0000   10.258          .000  1.0000   11.940          .000  1.0000   14.699
     95760.000        .000  1.0000   10.228          .000  1.0000   11.844          .000  1.0000   14.577
     96120.000        .000  1.0000   10.200          .000  1.0000   11.750          .000  1.0000   14.454
     96480.000        .000  1.0000   10.177          .000  1.0000   11.659          .000  1.0000   14.332
     96840.000        .000  1.0000   10.156          .000  1.0000   11.569          .000  1.0000   14.210
     97200.000        .000  1.0000   10.139          .000  1.0000   11.483          .000  1.0000   14.089
     97560.000        .000  1.0000   10.125          .000  1.0000   11.398          .000  1.0000   13.968
     97920.000        .000  1.0000   10.114          .000  1.0000   11.316          .000  1.0000   13.848
     98280.000        .000  1.0000   10.107          .000  1.0000   11.237          .000  1.0000   13.729
     98640.000        .000  1.0000   10.103          .000  1.0000   11.160          .000  1.0000   13.611
     99000.000        .000  1.0000   10.103          .000  1.0000   11.086          .000  1.0000   13.493
     99360.000        .000  1.0000   10.106          .000  1.0000   11.015          .000  1.0000   13.377
     99720.000        .000  1.0000   10.112          .000  1.0000   10.946          .000  1.0000   13.262
    100080.000        .000  1.0000   10.121          .000  1.0000   10.880          .000  1.0000   13.148
    100440.000        .000  1.0000   10.134          .000  1.0000   10.817          .000  1.0000   13.035
    100800.000        .000  1.0000   10.150          .000  1.0000   10.756          .000  1.0000   12.924
    101160.000        .000  1.0000   10.170          .000  1.0000   10.699          .000  1.0000   12.814
    101520.000        .000  1.0000   10.193          .000  1.0000   10.644          .000  1.0000   12.706
    101880.000        .000  1.0000   10.219          .000  1.0000   10.593          .000  1.0000   12.599
    102240.000        .000  1.0000   10.248          .000  1.0000   10.545          .000  1.0000   12.494
    102600.000        .000  1.0000   10.281          .000  1.0000   10.499          .000  1.0000   12.390
    102960.000        .000  1.0000   10.317          .000  1.0000   10.457          .000  1.0000   12.288
    103320.000        .000  1.0000   10.356          .000  1.0000   10.418          .000  1.0000   12.189
    103680.000        .000  1.0000   10.399          .000  1.0000   10.382          .000  1.0000   12.091
    104040.000        .000  1.0000   10.444          .000  1.0000   10.349          .000  1.0000   11.995
    104400.000        .000  1.0000   10.493          .000  1.0000   10.319          .000  1.0000   11.901
    104760.000        .000  1.0000   10.544          .000  1.0000   10.293          .000  1.0000   11.809
    105120.000        .000  1.0000   10.599          .000  1.0000   10.269          .000  1.0000   11.720
    105480.000        .000  1.0000   10.657          .000  1.0000   10.249          .000  1.0000   11.632
    105840.000        .000  1.0000   10.717          .000  1.0000   10.233          .000  1.0000   11.547
    106200.000        .000  1.0000   10.781          .000  1.0000   10.219          .000  1.0000   11.465
    106560.000        .000  1.0000   10.848          .000  1.0000   10.209          .000  1.0000   11.384
    106920.000        .000  1.0000   10.917          .000  1.0000   10.202          .000  1.0000   11.307
    107280.000        .000  1.0000   10.989          .000  1.0000   10.198          .000  1.0000   11.232
    107640.000        .000  1.0000   11.064          .000  1.0000   10.198          .000  1.0000   11.159
    108000.000        .000  1.0000   11.142          .000  1.0000   10.201          .000  1.0000   11.089
    108360.000        .000  1.0000   11.222          .000  1.0000   10.207          .000  1.0000   11.022
    108720.000        .000  1.0000   11.305          .000  1.0000   10.217          .000  1.0000   10.957
    109080.000        .000  1.0000   11.390          .000  1.0000   10.230          .000  1.0000   10.895
    109440.000        .000  1.0000   11.478          .000  1.0000   10.246          .000  1.0000   10.836
    109800.000        .000  1.0000   11.569          .000  1.0000   10.265          .000  1.0000   10.780
    110160.000        .000  1.0000   11.661          .000  1.0000   10.287          .000  1.0000   10.727
    110520.000        .000  1.0000   11.756          .000  1.0000   10.313          .000  1.0000   10.677
    110880.000        .000  1.0000   11.853          .000  1.0000   10.342          .000  1.0000   10.629
    111240.000        .000  1.0000   11.953          .000  1.0000   10.375          .000  1.0000   10.585
    111600.000        .000  1.0000   12.054          .000  1.0000   10.410          .000  1.0000   10.544
    111960.000        .000  1.0000   12.158          .000  1.0000   10.448          .000  1.0000   10.505
    112320.000        .000  1.0000   12.263          .000  1.0000   10.490          .000  1.0000   10.470
    112680.000        .000  1.0000   12.370          .000  1.0000   10.535          .000  1.0000   10.438
    113040.000        .000  1.0000   12.479          .000  1.0000   10.583          .000  1.0000   10.409
    113400.000        .000  1.0000   12.590          .000  1.0000   10.633          .000  1.0000   10.383
    113760.000        .000  1.0000   12.702          .000  1.0000   10.687          .000  1.0000   10.361
    114120.000        .000  1.0000   12.816          .000  1.0000   10.744          .000  1.0000   10.341
    114480.000        .000  1.0000   12.932          .000  1.0000   10.804          .000  1.0000   10.325
    114840.000        .000  1.0000   13.049          .000  1.0000   10.866          .000  1.0000   10.312
    115200.000        .000  1.0000   13.167          .000  1.0000   10.932          .000  1.0000   10.302
    115560.000        .000  1.0000   13.287          .000  1.0000   11.000          .000  1.0000   10.295
    115920.000        .000  1.0000   13.407          .000  1.0000   11.071          .000  1.0000   10.292
    116280.000        .000  1.0000   13.529          .000  1.0000   11.144          .000  1.0000   10.292
    116640.000        .000  1.0000   13.652          .000  1.0000   11.221          .000  1.0000   10.295
    117000.000        .000  1.0000   13.776          .000  1.0000   11.299          .000  1.0000   10.301
    117360.000        .000  1.0000   13.900          .000  1.0000   11.381          .000  1.0000   10.310
    117720.000        .000  1.0000   14.025          .000  1.0000   11.465          .000  1.0000   10.323
    118080.000        .000  1.0000   14.151          .000  1.0000   11.551          .000  1.0000   10.339
    118440.000        .000  1.0000   14.278          .000  1.0000   11.640          .000  1.0000   10.358
    118800.000        .000  1.0000   14.405          .000  1.0000   11.731          .000  1.0000   10.380
    119160.000        .000  1.0000   14.533          .000  1.0000   11.824          .000  1.0000   10.406
    119520.000        .000  1.0000   14.660          .000  1.0000   11.919          .000  1.0000   10.434
    119880.000        .000  1.0000   14.788          .000  1.0000   12.017          .000  1.0000   10.466
    120240.000        .000  1.0000   14.916          .000  1.0000   12.116          .000  1.0000   10.501
    120600.000        .000  1.0000   15.045          .000  1.0000   12.218          .000  1.0000   10.539
    120960.000        .000  1.0000   15.173          .000  1.0000   12.321          .000  1.0000   10.580
    121320.000        .000  1.0000   15.301          .000  1.0000   12.426          .000  1.0000   10.624
    121680.000        .000  1.0000   15.429          .000  1.0000   12.533          .000  1.0000   10.671
    122040.000        .000  1.0000   15.556          .000  1.0000   12.642          .000  1.0000   10.721
    122400.000        .000  1.0000   15.684          .000  1.0000   12.752          .000  1.0000   10.774
    122760.000        .000  1.0000   15.810          .000  1.0000   12.864          .000  1.0000   10.829
    123120.000        .000  1.0000   15.936          .000  1.0000   12.977          .000  1.0000   10.888
    123480.000        .000  1.0000   16.062          .000  1.0000   13.092          .000  1.0000   10.949
    123840.000        .000  1.0000   16.187          .000  1.0000   13.208          .000  1.0000   11.014
    124200.000        .000  1.0000   16.311          .000  1.0000   13.325          .000  1.0000   11.081
    124560.000        .000  1.0000   16.434          .000  1.0000   13.444          .000  1.0000   11.150
    124920.000        .000  1.0000   16.556          .000  1.0000   13.563          .000  1.0000   11.223
    125280.000        .000  1.0000   16.677          .000  1.0000   13.684          .000  1.0000   11.298
    125640.000        .000  1.0000   16.797          .000  1.0000   13.805          .000  1.0000   11.375
    126000.000        .000  1.0000   16.915          .000  1.0000   13.927          .000  1.0000   11.455
    126360.000        .000  1.0000   17.033          .000  1.0000   14.050          .000  1.0000   11.537
    126720.000        .000  1.0000   17.149          .000  1.0000   14.174          .000  1.0000   11.622
    127080.000        .000  1.0000   17.263          .000  1.0000   14.298          .000  1.0000   11.709
    127440.000        .000  1.0000   17.376          .000  1.0000   14.422          .000  1.0000   11.798
    127800.000        .000  1.0000   17.487          .000  1.0000   14.547          .000  1.0000   11.890
    128160.000        .000  1.0000   17.597          .000  1.0000   14.673          .000  1.0000   11.983
    128520.000        .000  1.0000   17.705          .000  1.0000   14.798          .000  1.0000   12.079
    128880.000        .000  1.0000   17.811          .000  1.0000   14.924          .000  1.0000   12.177
    129240.000        .000  1.0000   17.915          .000  1.0000   15.050          .000  1.0000   12.276
    129600.000        .000  1.0000   18.017          .000  1.0000   15.175          .000  1.0000   12.378
    129960.000        .000  1.0000   18.117          .000  1.0000   15.301          .000  1.0000   12.481
    130320.000        .000  1.0000   18.215          .000  1.0000   15.426          .000  1.0000   12.586
    130680.000        .000  1.0000   18.310          .000  1.0000   15.551          .000  1.0000   12.693
    131040.000        .000  1.0000   18.403          .000  1.0000   15.676          .000  1.0000   12.801
    131400.000        .000  1.0000   18.495          .000  1.0000   15.800          .000  1.0000   12.911
    131760.000        .000  1.0000   18.583          .000  1.0000   15.924          .000  1.0000   13.022
    132120.000        .000  1.0000   18.669          .000  1.0000   16.047          .000  1.0000   13.134
    132480.000        .000  1.0000   18.753          .000  1.0000   16.169          .000  1.0000   13.248
    132840.000        .000  1.0000   18.834          .000  1.0000   16.291          .000  1.0000   13.363
    133200.000        .000  1.0000   18.912          .000  1.0000   16.411          .000  1.0000   13.479
    133560.000        .000  1.0000   18.988          .000  1.0000   16.531          .000  1.0000   13.597
    133920.000        .000  1.0000   19.061          .000  1.0000   16.650          .000  1.0000   13.715
    134280.000        .000  1.0000   19.132          .000  1.0000   16.767          .000  1.0000   13.834
    134640.000        .000  1.0000   19.199          .000  1.0000   16.883          .000  1.0000   13.954
    135000.000        .000  1.0000   19.264          .000  1.0000   16.998          .000  1.0000   14.074
    135360.000        .000  1.0000   19.325          .000  1.0000   17.112          .000  1.0000   14.195
    135720.000        .000  1.0000   19.384          .000  1.0000   17.224          .000  1.0000   14.317
    136080.000        .000  1.0000   19.439          .000  1.0000   17.335          .000  1.0000   14.439
    136440.000        .000  1.0000   19.492          .000  1.0000   17.444          .000  1.0000   14.562
    136800.000        .000  1.0000   19.542          .000  1.0000   17.551          .000  1.0000   14.685
    137160.000        .000  1.0000   19.588          .000  1.0000   17.657          .000  1.0000   14.808
    137520.000        .000  1.0000   19.631          .000  1.0000   17.761          .000  1.0000   14.931
    137880.000        .000  1.0000   19.671          .000  1.0000   17.863          .000  1.0000   15.054
    138240.000        .000  1.0000   19.708          .000  1.0000   17.963          .000  1.0000   15.177
    138600.000        .000  1.0000   19.742          .000  1.0000   18.060          .000  1.0000   15.301
    138960.000        .000  1.0000   19.772          .000  1.0000   18.156          .000  1.0000   15.423
    139320.000        .000  1.0000   19.800          .000  1.0000   18.250          .000  1.0000   15.546
    139680.000        .000  1.0000   19.823          .000  1.0000   18.341          .000  1.0000   15.668
    140040.000        .000  1.0000   19.844          .000  1.0000   18.431          .000  1.0000   15.790
    140400.000        .000  1.0000   19.861          .000  1.0000   18.517          .000  1.0000   15.911
    140760.000        .000  1.0000   19.875          .000  1.0000   18.602          .000  1.0000   16.032
    141120.000        .000  1.0000   19.886          .000  1.0000   18.684          .000  1.0000   16.152
    141480.000        .000  1.0000   19.893          .000  1.0000   18.763          .000  1.0000   16.271
    141840.000        .000  1.0000   19.897          .000  1.0000   18.840          .000  1.0000   16.389
    142200.000        .000  1.0000   19.897          .000  1.0000   18.914          .000  1.0000   16.507
    142560.000        .000  1.0000   19.894          .000  1.0000   18.985          .000  1.0000   16.623
    142920.000        .000  1.0000   19.888          .000  1.0000   19.054          .000  1.0000   16.738
    143280.000        .000  1.0000   19.879          .000  1.0000   19.120          .000  1.0000   16.852
    143640.000        .000  1.0000   19.866          .000  1.0000   19.183          .000  1.0000   16.965
    144000.000        .000  1.0000   19.850          .000  1.0000   19.244          .000  1.0000   17.076
    144360.000        .000  1.0000   19.830          .000  1.0000   19.301          .000  1.0000   17.186
    144720.000        .000  1.0000   19.807          .000  1.0000   19.356          .000  1.0000   17.294
    145080.000        .000  1.0000   19.781          .000  1.0000   19.407          .000  1.0000   17.401
    145440.000        .000  1.0000   19.752          .000  1.0000   19.455          .000  1.0000   17.506
    145800.000        .000  1.0000   19.719          .000  1.0000   19.501          .000  1.0000   17.610
    146160.000        .000  1.0000   19.683          .000  1.0000   19.543          .000  1.0000   17.712
    146520.000        .000  1.0000   19.644          .000  1.0000   19.582          .000  1.0000   17.811
    146880.000        .000  1.0000   19.601          .000  1.0000   19.618          .000  1.0000   17.909
    147240.000        .000  1.0000   19.556          .000  1.0000   19.651          .000  1.0000   18.005
    147600.000        .000  1.0000   19.507          .000  1.0000   19.681          .000  1.0000   18.099
    147960.000        .000  1.0000   19.456          .000  1.0000   19.707          .000  1.0000   18.191
    148320.000        .000  1.0000   19.401          .000  1.0000   19.731          .000  1.0000   18.280
    148680.000        .000  1.0000   19.343          .000  1.0000   19.751          .000  1.0000   18.368
    149040.000        .000  1.0000   19.283          .000  1.0000   19.767          .000  1.0000   18.453
    149400.000        .000  1.0000   19.219          .000  1.0000   19.781          .000  1.0000   18.535
    149760.000        .000  1.0000   19.152          .000  1.0000   19.791          .000  1.0000   18.616
    150120.000        .000  1.0000   19.083          .000  1.0000   19.798          .000  1.0000   18.693
    150480.000        .000  1.0000   19.011          .000  1.0000   19.802          .000  1.0000   18.768
    150840.000        .000  1.0000   18.936          .000  1.0000   19.802          .000  1.0000   18.841
    151200.000        .000  1.0000   18.858          .000  1.0000   19.799          .000  1.0000   18.911
    151560.000        .000  1.0000   18.778          .000  1.0000   19.793          .000  1.0000   18.978
    151920.000        .000  1.0000   18.695          .000  1.0000   19.783          .000  1.0000   19.043
    152280.000        .000  1.0000   18.610          .000  1.0000   19.770          .000  1.0000   19.105
    152640.000        .000  1.0000   18.522          .000  1.0000   19.754          .000  1.0000   19.164
    153000.000        .000  1.0000   18.431          .000  1.0000   19.735          .000  1.0000   19.220
    153360.000        .000  1.0000   18.339          .000  1.0000   19.713          .000  1.0000   19.273
    153720.000        .000  1.0000   18.244          .000  1.0000   19.687          .000  1.0000   19.323
    154080.000        .000  1.0000   18.147          .000  1.0000   19.658          .000  1.0000   19.371
    154440.000        .000  1.0000   18.047          .000  1.0000   19.625          .000  1.0000   19.415
    154800.000        .000  1.0000   17.946          .000  1.0000   19.590          .000  1.0000   19.456
    155160.000        .000  1.0000   17.842          .000  1.0000   19.552          .000  1.0000   19.495
    155520.000        .000  1.0000   17.737          .000  1.0000   19.510          .000  1.0000   19.530
    155880.000        .000  1.0000   17.630          .000  1.0000   19.465          .000  1.0000   19.562
    156240.000        .000  1.0000   17.521          .000  1.0000   19.417          .000  1.0000   19.591
    156600.000        .000  1.0000   17.410          .000  1.0000   19.367          .000  1.0000   19.617
    156960.000        .000  1.0000   17.298          .000  1.0000   19.313          .000  1.0000   19.639
    157320.000        .000  1.0000   17.184          .000  1.0000   19.256          .000  1.0000   19.659
    157680.000        .000  1.0000   17.068          .000  1.0000   19.196          .000  1.0000   19.675
    158040.000        .000  1.0000   16.951          .000  1.0000   19.134          .000  1.0000   19.688
    158400.000        .000  1.0000   16.833          .000  1.0000   19.068          .000  1.0000   19.698
    158760.000        .000  1.0000   16.713          .000  1.0000   19.000          .000  1.0000   19.705
    159120.000        .000  1.0000   16.593          .000  1.0000   18.929          .000  1.0000   19.708
    159480.000        .000  1.0000   16.471          .000  1.0000   18.856          .000  1.0000   19.708
    159840.000        .000  1.0000   16.348          .000  1.0000   18.779          .000  1.0000   19.705
    160200.000        .000  1.0000   16.224          .000  1.0000   18.701          .000  1.0000   19.699
    160560.000        .000  1.0000   16.100          .000  1.0000   18.619          .000  1.0000   19.690
    160920.000        .000  1.0000   15.975          .000  1.0000   18.535          .000  1.0000   19.677
    161280.000        .000  1.0000   15.849          .000  1.0000   18.449          .000  1.0000   19.661
    161640.000        .000  1.0000   15.722          .000  1.0000   18.360          .000  1.0000   19.642
    162000.000        .000  1.0000   15.595          .000  1.0000   18.269          .000  1.0000   19.620
    162360.000        .000  1.0000   15.467          .000  1.0000   18.176          .000  1.0000   19.594
    162720.000        .000  1.0000   15.340          .000  1.0000   18.081          .000  1.0000   19.566
    163080.000        .000  1.0000   15.212          .000  1.0000   17.983          .000  1.0000   19.534
    163440.000        .000  1.0000   15.084          .000  1.0000   17.884          .000  1.0000   19.499
    163800.000        .000  1.0000   14.955          .000  1.0000   17.782          .000  1.0000   19.461
    164160.000        .000  1.0000   14.827          .000  1.0000   17.679          .000  1.0000   19.420
    164520.000        .000  1.0000   14.699          .000  1.0000   17.574          .000  1.0000   19.376
    164880.000        .000  1.0000   14.571          .000  1.0000   17.467          .000  1.0000   19.329
    165240.000        .000  1.0000   14.444          .000  1.0000   17.358          .000  1.0000   19.279
    165600.000        .000  1.0000   14.316          .000  1.0000   17.248          .000  1.0000   19.226
    165960.000        .000  1.0000   14.190          .000  1.0000   17.136          .000  1.0000   19.171
    166320.000        .000  1.0000   14.064          .000  1.0000   17.023          .000  1.0000   19.112
    166680.000        .000  1.0000   13.938          .000  1.0000   16.908          .000  1.0000   19.051
    167040.000        .000  1.0000   13.813          .000  1.0000   16.792          .000  1.0000   18.986
    167400.000        .000  1.0000   13.689          .000  1.0000   16.675          .000  1.0000   18.919
    167760.000        .000  1.0000   13.566          .000  1.0000   16.556          .000  1.0000   18.850
    168120.000        .000  1.0000   13.444          .000  1.0000   16.437          .000  1.0000   18.777
    168480.000        .000  1.0000   13.323          .000  1.0000   16.316          .000  1.0000   18.702
    168840.000        .000  1.0000   13.203          .000  1.0000   16.195          .000  1.0000   18.625
    169200.000        .000  1.0000   13.085          .000  1.0000   16.073          .000  1.0000   18.545
    169560.000        .000  1.0000   12.967          .000  1.0000   15.950          .000  1.0000   18.463
    169920.000        .000  1.0000   12.851          .000  1.0000   15.826          .000  1.0000   18.378
    170280.000        .000  1.0000   12.737          .000  1.0000   15.702          .000  1.0000   18.291
    170640.000        .000  1.0000   12.624          .000  1.0000   15.578          .000  1.0000   18.202
    171000.000        .000  1.0000   12.513          .000  1.0000   15.453          .000  1.0000   18.110
    171360.000        .000  1.0000   12.403          .000  1.0000   15.327          .000  1.0000   18.017
    171720.000        .000  1.0000   12.295          .000  1.0000   15.202          .000  1.0000   17.921
    172080.000        .000  1.0000   12.189          .000  1.0000   15.076          .000  1.0000   17.823
    172440.000        .000  1.0000   12.085          .000  1.0000   14.950          .000  1.0000   17.724
    172800.000        .000  1.0000   11.983          .000  1.0000   14.825          .000  1.0000   17.622
end
