 ******* Program HYDRUS
 ******* Heat transport under fluctuating atmospheric condition                 
  
 Date:   1.10.    Time:  14: 4:58
 Units: L = cm   , T = sec  , M = mmol 


  TLevel   Time         dt      Iter  ItCum  KodT  KodB  Convergency

     1  .36000E+03  .36000E+03    1     1     1     1     F
     2  .72000E+03  .36000E+03    1     2     1     1     F
     3  .10800E+04  .36000E+03    1     3     1     1     F
     4  .14400E+04  .36000E+03    1     4     1     1     F
     5  .18000E+04  .36000E+03    1     5     1     1     F
     6  .21600E+04  .36000E+03    1     6     1     1     F
     7  .25200E+04  .36000E+03    1     7     1     1     F
     8  .28800E+04  .36000E+03    1     8     1     1     F
     9  .32400E+04  .36000E+03    1     9     1     1     F
    10  .36000E+04  .36000E+03    1    10     1     1     F
    11  .39600E+04  .36000E+03    1    11     1     1     F
    12  .43200E+04  .36000E+03    1    12     1     1     F
    13  .46800E+04  .36000E+03    1    13     1     1     F
    14  .50400E+04  .36000E+03    1    14     1     1     F
    15  .54000E+04  .36000E+03    1    15     1     1     F
    16  .57600E+04  .36000E+03    1    16     1     1     F
    17  .61200E+04  .36000E+03    1    17     1     1     F
    18  .64800E+04  .36000E+03    1    18     1     1     F
    19  .68400E+04  .36000E+03    1    19     1     1     F
    20  .72000E+04  .36000E+03    1    20     1     1     F
    21  .75600E+04  .36000E+03    1    21     1     1     F
    22  .79200E+04  .36000E+03    1    22     1     1     F
    23  .82800E+04  .36000E+03    1    23     1     1     F
    24  .86400E+04  .36000E+03    1    24     1     1     F
    25  .90000E+04  .36000E+03    1    25     1     1     F
    26  .93600E+04  .36000E+03    1    26     1     1     F
    27  .97200E+04  .36000E+03    1    27     1     1     F
    28  .10080E+05  .36000E+03    1    28     1     1     F
    29  .10440E+05  .36000E+03    1    29     1     1     F
    30  .10800E+05  .36000E+03    1    30     1     1     F
    31  .11160E+05  .36000E+03    1    31     1     1     F
    32  .11520E+05  .36000E+03    1    32     1     1     F
    33  .11880E+05  .36000E+03    1    33     1     1     F
    34  .12240E+05  .36000E+03    1    34     1     1     F
    35  .12600E+05  .36000E+03    1    35     1     1     F
    36  .12960E+05  .36000E+03    1    36     1     1     F
    37  .13320E+05  .36000E+03    1    37     1     1     F
    38  .13680E+05  .36000E+03    1    38     1     1     F
    39  .14040E+05  .36000E+03    1    39     1     1     F
    40  .14400E+05  .36000E+03    1    40     1     1     F
    41  .14760E+05  .36000E+03    1    41     1     1     F
    42  .15120E+05  .36000E+03    1    42     1     1     F
    43  .15480E+05  .36000E+03    1    43     1     1     F
    44  .15840E+05  .36000E+03    1    44     1     1     F
    45  .16200E+05  .36000E+03    1    45     1     1     F
    46  .16560E+05  .36000E+03    1    46     1     1     F
    47  .16920E+05  .36000E+03    1    47     1     1     F
    48  .17280E+05  .36000E+03    1    48     1     1     F
    49  .17640E+05  .36000E+03    1    49     1     1     F
    50  .18000E+05  .36000E+03    1    50     1     1     F
    51  .18360E+05  .36000E+03    1    51     1     1     F
    52  .18720E+05  .36000E+03    1    52     1     1     F
    53  .19080E+05  .36000E+03    1    53     1     1     F
    54  .19440E+05  .36000E+03    1    54     1     1     F
    55  .19800E+05  .36000E+03    1    55     1     1     F
    56  .20160E+05  .36000E+03    1    56     1     1     F
    57  .20520E+05  .36000E+03    1    57     1     1     F
    58  .20880E+05  .36000E+03    1    58     1     1     F
    59  .21240E+05  .36000E+03    1    59     1     1     F
    60  .21600E+05  .36000E+03    1    60     1     1     F
    61  .21960E+05  .36000E+03    1    61     1     1     F
    62  .22320E+05  .36000E+03    1    62     1     1     F
    63  .22680E+05  .36000E+03    1    63     1     1     F
    64  .23040E+05  .36000E+03    1    64     1     1     F
    65  .23400E+05  .36000E+03    1    65     1     1     F
    66  .23760E+05  .36000E+03    1    66     1     1     F
    67  .24120E+05  .36000E+03    1    67     1     1     F
    68  .24480E+05  .36000E+03    1    68     1     1     F
    69  .24840E+05  .36000E+03    1    69     1     1     F
    70  .25200E+05  .36000E+03    1    70     1     1     F
    71  .25560E+05  .36000E+03    1    71     1     1     F
    72  .25920E+05  .36000E+03    1    72     1     1     F
    73  .26280E+05  .36000E+03    1    73     1     1     F
    74  .26640E+05  .36000E+03    1    74     1     1     F
    75  .27000E+05  .36000E+03    1    75     1     1     F
    76  .27360E+05  .36000E+03    1    76     1     1     F
    77  .27720E+05  .36000E+03    1    77     1     1     F
    78  .28080E+05  .36000E+03    1    78     1     1     F
    79  .28440E+05  .36000E+03    1    79     1     1     F
    80  .28800E+05  .36000E+03    1    80     1     1     F
    81  .29160E+05  .36000E+03    1    81     1     1     F
    82  .29520E+05  .36000E+03    1    82     1     1     F
    83  .29880E+05  .36000E+03    1    83     1     1     F
    84  .30240E+05  .36000E+03    1    84     1     1     F
    85  .30600E+05  .36000E+03    1    85     1     1     F
    86  .30960E+05  .36000E+03    1    86     1     1     F
    87  .31320E+05  .36000E+03    1    87     1     1     F
    88  .31680E+05  .36000E+03    1    88     1     1     F
    89  .32040E+05  .36000E+03    1    89     1     1     F
    90  .32400E+05  .36000E+03    1    90     1     1     F
    91  .32760E+05  .36000E+03    1    91     1     1     F
    92  .33120E+05  .36000E+03    1    92     1     1     F
    93  .33480E+05  .36000E+03    1    93     1     1     F
    94  .33840E+05  .36000E+03    1    94     1     1     F
    95  .34200E+05  .36000E+03    1    95     1     1     F
    96  .34560E+05  .36000E+03    1    96     1     1     F
    97  .34920E+05  .36000E+03    1    97     1     1     F
    98  .35280E+05  .36000E+03    1    98     1     1     F
    99  .35640E+05  .36000E+03    1    99     1     1     F
   100  .36000E+05  .36000E+03    1   100     1     1     F
   101  .36360E+05  .36000E+03    1   101     1     1     F
   102  .36720E+05  .36000E+03    1   102     1     1     F
   103  .37080E+05  .36000E+03    1   103     1     1     F
   104  .37440E+05  .36000E+03    1   104     1     1     F
   105  .37800E+05  .36000E+03    1   105     1     1     F
   106  .38160E+05  .36000E+03    1   106     1     1     F
   107  .38520E+05  .36000E+03    1   107     1     1     F
   108  .38880E+05  .36000E+03    1   108     1     1     F
   109  .39240E+05  .36000E+03    1   109     1     1     F
   110  .39600E+05  .36000E+03    1   110     1     1     F
   111  .39960E+05  .36000E+03    1   111     1     1     F
   112  .40320E+05  .36000E+03    1   112     1     1     F
   113  .40680E+05  .36000E+03    1   113     1     1     F
   114  .41040E+05  .36000E+03    1   114     1     1     F
   115  .41400E+05  .36000E+03    1   115     1     1     F
   116  .41760E+05  .36000E+03    1   116     1     1     F
   117  .42120E+05  .36000E+03    1   117     1     1     F
   118  .42480E+05  .36000E+03    1   118     1     1     F
   119  .42840E+05  .36000E+03    1   119     1     1     F
   120  .43200E+05  .36000E+03    1   120     1     1     F
   121  .43560E+05  .36000E+03    1   121     1     1     F
   122  .43920E+05  .36000E+03    1   122     1     1     F
   123  .44280E+05  .36000E+03    1   123     1     1     F
   124  .44640E+05  .36000E+03    1   124     1     1     F
   125  .45000E+05  .36000E+03    1   125     1     1     F
   126  .45360E+05  .36000E+03    1   126     1     1     F
   127  .45720E+05  .36000E+03    1   127     1     1     F
   128  .46080E+05  .36000E+03    1   128     1     1     F
   129  .46440E+05  .36000E+03    1   129     1     1     F
   130  .46800E+05  .36000E+03    1   130     1     1     F
   131  .47160E+05  .36000E+03    1   131     1     1     F
   132  .47520E+05  .36000E+03    1   132     1     1     F
   133  .47880E+05  .36000E+03    1   133     1     1     F
   134  .48240E+05  .36000E+03    1   134     1     1     F
   135  .48600E+05  .36000E+03    1   135     1     1     F
   136  .48960E+05  .36000E+03    1   136     1     1     F
   137  .49320E+05  .36000E+03    1   137     1     1     F
   138  .49680E+05  .36000E+03    1   138     1     1     F
   139  .50040E+05  .36000E+03    1   139     1     1     F
   140  .50400E+05  .36000E+03    1   140     1     1     F
   141  .50760E+05  .36000E+03    1   141     1     1     F
   142  .51120E+05  .36000E+03    1   142     1     1     F
   143  .51480E+05  .36000E+03    1   143     1     1     F
   144  .51840E+05  .36000E+03    1   144     1     1     F
   145  .52200E+05  .36000E+03    1   145     1     1     F
   146  .52560E+05  .36000E+03    1   146     1     1     F
   147  .52920E+05  .36000E+03    1   147     1     1     F
   148  .53280E+05  .36000E+03    1   148     1     1     F
   149  .53640E+05  .36000E+03    1   149     1     1     F
   150  .54000E+05  .36000E+03    1   150     1     1     F
   151  .54360E+05  .36000E+03    1   151     1     1     F
   152  .54720E+05  .36000E+03    1   152     1     1     F
   153  .55080E+05  .36000E+03    1   153     1     1     F
   154  .55440E+05  .36000E+03    1   154     1     1     F
   155  .55800E+05  .36000E+03    1   155     1     1     F
   156  .56160E+05  .36000E+03    1   156     1     1     F
   157  .56520E+05  .36000E+03    1   157     1     1     F
   158  .56880E+05  .36000E+03    1   158     1     1     F
   159  .57240E+05  .36000E+03    1   159     1     1     F
   160  .57600E+05  .36000E+03    1   160     1     1     F
   161  .57960E+05  .36000E+03    1   161     1     1     F
   162  .58320E+05  .36000E+03    1   162     1     1     F
   163  .58680E+05  .36000E+03    1   163     1     1     F
   164  .59040E+05  .36000E+03    1   164     1     1     F
   165  .59400E+05  .36000E+03    1   165     1     1     F
   166  .59760E+05  .36000E+03    1   166     1     1     F
   167  .60120E+05  .36000E+03    1   167     1     1     F
   168  .60480E+05  .36000E+03    1   168     1     1     F
   169  .60840E+05  .36000E+03    1   169     1     1     F
   170  .61200E+05  .36000E+03    1   170     1     1     F
   171  .61560E+05  .36000E+03    1   171     1     1     F
   172  .61920E+05  .36000E+03    1   172     1     1     F
   173  .62280E+05  .36000E+03    1   173     1     1     F
   174  .62640E+05  .36000E+03    1   174     1     1     F
   175  .63000E+05  .36000E+03    1   175     1     1     F
   176  .63360E+05  .36000E+03    1   176     1     1     F
   177  .63720E+05  .36000E+03    1   177     1     1     F
   178  .64080E+05  .36000E+03    1   178     1     1     F
   179  .64440E+05  .36000E+03    1   179     1     1     F
   180  .64800E+05  .36000E+03    1   180     1     1     F
   181  .65160E+05  .36000E+03    1   181     1     1     F
   182  .65520E+05  .36000E+03    1   182     1     1     F
   183  .65880E+05  .36000E+03    1   183     1     1     F
   184  .66240E+05  .36000E+03    1   184     1     1     F
   185  .66600E+05  .36000E+03    1   185     1     1     F
   186  .66960E+05  .36000E+03    1   186     1     1     F
   187  .67320E+05  .36000E+03    1   187     1     1     F
   188  .67680E+05  .36000E+03    1   188     1     1     F
   189  .68040E+05  .36000E+03    1   189     1     1     F
   190  .68400E+05  .36000E+03    1   190     1     1     F
   191  .68760E+05  .36000E+03    1   191     1     1     F
   192  .69120E+05  .36000E+03    1   192     1     1     F
   193  .69480E+05  .36000E+03    1   193     1     1     F
   194  .69840E+05  .36000E+03    1   194     1     1     F
   195  .70200E+05  .36000E+03    1   195     1     1     F
   196  .70560E+05  .36000E+03    1   196     1     1     F
   197  .70920E+05  .36000E+03    1   197     1     1     F
   198  .71280E+05  .36000E+03    1   198     1     1     F
   199  .71640E+05  .36000E+03    1   199     1     1     F
   200  .72000E+05  .36000E+03    1   200     1     1     F
   201  .72360E+05  .36000E+03    1   201     1     1     F
   202  .72720E+05  .36000E+03    1   202     1     1     F
   203  .73080E+05  .36000E+03    1   203     1     1     F
   204  .73440E+05  .36000E+03    1   204     1     1     F
   205  .73800E+05  .36000E+03    1   205     1     1     F
   206  .74160E+05  .36000E+03    1   206     1     1     F
   207  .74520E+05  .36000E+03    1   207     1     1     F
   208  .74880E+05  .36000E+03    1   208     1     1     F
   209  .75240E+05  .36000E+03    1   209     1     1     F
   210  .75600E+05  .36000E+03    1   210     1     1     F
   211  .75960E+05  .36000E+03    1   211     1     1     F
   212  .76320E+05  .36000E+03    1   212     1     1     F
   213  .76680E+05  .36000E+03    1   213     1     1     F
   214  .77040E+05  .36000E+03    1   214     1     1     F
   215  .77400E+05  .36000E+03    1   215     1     1     F
   216  .77760E+05  .36000E+03    1   216     1     1     F
   217  .78120E+05  .36000E+03    1   217     1     1     F
   218  .78480E+05  .36000E+03    1   218     1     1     F
   219  .78840E+05  .36000E+03    1   219     1     1     F
   220  .79200E+05  .36000E+03    1   220     1     1     F
   221  .79560E+05  .36000E+03    1   221     1     1     F
   222  .79920E+05  .36000E+03    1   222     1     1     F
   223  .80280E+05  .36000E+03    1   223     1     1     F
   224  .80640E+05  .36000E+03    1   224     1     1     F
   225  .81000E+05  .36000E+03    1   225     1     1     F
   226  .81360E+05  .36000E+03    1   226     1     1     F
   227  .81720E+05  .36000E+03    1   227     1     1     F
   228  .82080E+05  .36000E+03    1   228     1     1     F
   229  .82440E+05  .36000E+03    1   229     1     1     F
   230  .82800E+05  .36000E+03    1   230     1     1     F
   231  .83160E+05  .36000E+03    1   231     1     1     F
   232  .83520E+05  .36000E+03    1   232     1     1     F
   233  .83880E+05  .36000E+03    1   233     1     1     F
   234  .84240E+05  .36000E+03    1   234     1     1     F
   235  .84600E+05  .36000E+03    1   235     1     1     F
   236  .84960E+05  .36000E+03    1   236     1     1     F
   237  .85320E+05  .36000E+03    1   237     1     1     F
   238  .85680E+05  .36000E+03    1   238     1     1     F
   239  .86040E+05  .36000E+03    1   239     1     1     F
   240  .86400E+05  .36000E+03    1   240     1     1     F
   241  .86760E+05  .36000E+03    1   241     1     1     F
   242  .87120E+05  .36000E+03    1   242     1     1     F
   243  .87480E+05  .36000E+03    1   243     1     1     F
   244  .87840E+05  .36000E+03    1   244     1     1     F
   245  .88200E+05  .36000E+03    1   245     1     1     F
   246  .88560E+05  .36000E+03    1   246     1     1     F
   247  .88920E+05  .36000E+03    1   247     1     1     F
   248  .89280E+05  .36000E+03    1   248     1     1     F
   249  .89640E+05  .36000E+03    1   249     1     1     F
   250  .90000E+05  .36000E+03    1   250     1     1     F
   251  .90360E+05  .36000E+03    1   251     1     1     F
   252  .90720E+05  .36000E+03    1   252     1     1     F
   253  .91080E+05  .36000E+03    1   253     1     1     F
   254  .91440E+05  .36000E+03    1   254     1     1     F
   255  .91800E+05  .36000E+03    1   255     1     1     F
   256  .92160E+05  .36000E+03    1   256     1     1     F
   257  .92520E+05  .36000E+03    1   257     1     1     F
   258  .92880E+05  .36000E+03    1   258     1     1     F
   259  .93240E+05  .36000E+03    1   259     1     1     F
   260  .93600E+05  .36000E+03    1   260     1     1     F
   261  .93960E+05  .36000E+03    1   261     1     1     F
   262  .94320E+05  .36000E+03    1   262     1     1     F
   263  .94680E+05  .36000E+03    1   263     1     1     F
   264  .95040E+05  .36000E+03    1   264     1     1     F
   265  .95400E+05  .36000E+03    1   265     1     1     F
   266  .95760E+05  .36000E+03    1   266     1     1     F
   267  .96120E+05  .36000E+03    1   267     1     1     F
   268  .96480E+05  .36000E+03    1   268     1     1     F
   269  .96840E+05  .36000E+03    1   269     1     1     F
   270  .97200E+05  .36000E+03    1   270     1     1     F
   271  .97560E+05  .36000E+03    1   271     1     1     F
   272  .97920E+05  .36000E+03    1   272     1     1     F
   273  .98280E+05  .36000E+03    1   273     1     1     F
   274  .98640E+05  .36000E+03    1   274     1     1     F
   275  .99000E+05  .36000E+03    1   275     1     1     F
   276  .99360E+05  .36000E+03    1   276     1     1     F
   277  .99720E+05  .36000E+03    1   277     1     1     F
   278  .10008E+06  .36000E+03    1   278     1     1     F
   279  .10044E+06  .36000E+03    1   279     1     1     F
   280  .10080E+06  .36000E+03    1   280     1     1     F
   281  .10116E+06  .36000E+03    1   281     1     1     F
   282  .10152E+06  .36000E+03    1   282     1     1     F
   283  .10188E+06  .36000E+03    1   283     1     1     F
   284  .10224E+06  .36000E+03    1   284     1     1     F
   285  .10260E+06  .36000E+03    1   285     1     1     F
   286  .10296E+06  .36000E+03    1   286     1     1     F
   287  .10332E+06  .36000E+03    1   287     1     1     F
   288  .10368E+06  .36000E+03    1   288     1     1     F
   289  .10404E+06  .36000E+03    1   289     1     1     F
   290  .10440E+06  .36000E+03    1   290     1     1     F
   291  .10476E+06  .36000E+03    1   291     1     1     F
   292  .10512E+06  .36000E+03    1   292     1     1     F
   293  .10548E+06  .36000E+03    1   293     1     1     F
   294  .10584E+06  .36000E+03    1   294     1     1     F
   295  .10620E+06  .36000E+03    1   295     1     1     F
   296  .10656E+06  .36000E+03    1   296     1     1     F
   297  .10692E+06  .36000E+03    1   297     1     1     F
   298  .10728E+06  .36000E+03    1   298     1     1     F
   299  .10764E+06  .36000E+03    1   299     1     1     F
   300  .10800E+06  .36000E+03    1   300     1     1     F
   301  .10836E+06  .36000E+03    1   301     1     1     F
   302  .10872E+06  .36000E+03    1   302     1     1     F
   303  .10908E+06  .36000E+03    1   303     1     1     F
   304  .10944E+06  .36000E+03    1   304     1     1     F
   305  .10980E+06  .36000E+03    1   305     1     1     F
   306  .11016E+06  .36000E+03    1   306     1     1     F
   307  .11052E+06  .36000E+03    1   307     1     1     F
   308  .11088E+06  .36000E+03    1   308     1     1     F
   309  .11124E+06  .36000E+03    1   309     1     1     F
   310  .11160E+06  .36000E+03    1   310     1     1     F
   311  .11196E+06  .36000E+03    1   311     1     1     F
   312  .11232E+06  .36000E+03    1   312     1     1     F
   313  .11268E+06  .36000E+03    1   313     1     1     F
   314  .11304E+06  .36000E+03    1   314     1     1     F
   315  .11340E+06  .36000E+03    1   315     1     1     F
   316  .11376E+06  .36000E+03    1   316     1     1     F
   317  .11412E+06  .36000E+03    1   317     1     1     F
   318  .11448E+06  .36000E+03    1   318     1     1     F
   319  .11484E+06  .36000E+03    1   319     1     1     F
   320  .11520E+06  .36000E+03    1   320     1     1     F
   321  .11556E+06  .36000E+03    1   321     1     1     F
   322  .11592E+06  .36000E+03    1   322     1     1     F
   323  .11628E+06  .36000E+03    1   323     1     1     F
   324  .11664E+06  .36000E+03    1   324     1     1     F
   325  .11700E+06  .36000E+03    1   325     1     1     F
   326  .11736E+06  .36000E+03    1   326     1     1     F
   327  .11772E+06  .36000E+03    1   327     1     1     F
   328  .11808E+06  .36000E+03    1   328     1     1     F
   329  .11844E+06  .36000E+03    1   329     1     1     F
   330  .11880E+06  .36000E+03    1   330     1     1     F
   331  .11916E+06  .36000E+03    1   331     1     1     F
   332  .11952E+06  .36000E+03    1   332     1     1     F
   333  .11988E+06  .36000E+03    1   333     1     1     F
   334  .12024E+06  .36000E+03    1   334     1     1     F
   335  .12060E+06  .36000E+03    1   335     1     1     F
   336  .12096E+06  .36000E+03    1   336     1     1     F
   337  .12132E+06  .36000E+03    1   337     1     1     F
   338  .12168E+06  .36000E+03    1   338     1     1     F
   339  .12204E+06  .36000E+03    1   339     1     1     F
   340  .12240E+06  .36000E+03    1   340     1     1     F
   341  .12276E+06  .36000E+03    1   341     1     1     F
   342  .12312E+06  .36000E+03    1   342     1     1     F
   343  .12348E+06  .36000E+03    1   343     1     1     F
   344  .12384E+06  .36000E+03    1   344     1     1     F
   345  .12420E+06  .36000E+03    1   345     1     1     F
   346  .12456E+06  .36000E+03    1   346     1     1     F
   347  .12492E+06  .36000E+03    1   347     1     1     F
   348  .12528E+06  .36000E+03    1   348     1     1     F
   349  .12564E+06  .36000E+03    1   349     1     1     F
   350  .12600E+06  .36000E+03    1   350     1     1     F
   351  .12636E+06  .36000E+03    1   351     1     1     F
   352  .12672E+06  .36000E+03    1   352     1     1     F
   353  .12708E+06  .36000E+03    1   353     1     1     F
   354  .12744E+06  .36000E+03    1   354     1     1     F
   355  .12780E+06  .36000E+03    1   355     1     1     F
   356  .12816E+06  .36000E+03    1   356     1     1     F
   357  .12852E+06  .36000E+03    1   357     1     1     F
   358  .12888E+06  .36000E+03    1   358     1     1     F
   359  .12924E+06  .36000E+03    1   359     1     1     F
   360  .12960E+06  .36000E+03    1   360     1     1     F
   361  .12996E+06  .36000E+03    1   361     1     1     F
   362  .13032E+06  .36000E+03    1   362     1     1     F
   363  .13068E+06  .36000E+03    1   363     1     1     F
   364  .13104E+06  .36000E+03    1   364     1     1     F
   365  .13140E+06  .36000E+03    1   365     1     1     F
   366  .13176E+06  .36000E+03    1   366     1     1     F
   367  .13212E+06  .36000E+03    1   367     1     1     F
   368  .13248E+06  .36000E+03    1   368     1     1     F
   369  .13284E+06  .36000E+03    1   369     1     1     F
   370  .13320E+06  .36000E+03    1   370     1     1     F
   371  .13356E+06  .36000E+03    1   371     1     1     F
   372  .13392E+06  .36000E+03    1   372     1     1     F
   373  .13428E+06  .36000E+03    1   373     1     1     F
   374  .13464E+06  .36000E+03    1   374     1     1     F
   375  .13500E+06  .36000E+03    1   375     1     1     F
   376  .13536E+06  .36000E+03    1   376     1     1     F
   377  .13572E+06  .36000E+03    1   377     1     1     F
   378  .13608E+06  .36000E+03    1   378     1     1     F
   379  .13644E+06  .36000E+03    1   379     1     1     F
   380  .13680E+06  .36000E+03    1   380     1     1     F
   381  .13716E+06  .36000E+03    1   381     1     1     F
   382  .13752E+06  .36000E+03    1   382     1     1     F
   383  .13788E+06  .36000E+03    1   383     1     1     F
   384  .13824E+06  .36000E+03    1   384     1     1     F
   385  .13860E+06  .36000E+03    1   385     1     1     F
   386  .13896E+06  .36000E+03    1   386     1     1     F
   387  .13932E+06  .36000E+03    1   387     1     1     F
   388  .13968E+06  .36000E+03    1   388     1     1     F
   389  .14004E+06  .36000E+03    1   389     1     1     F
   390  .14040E+06  .36000E+03    1   390     1     1     F
   391  .14076E+06  .36000E+03    1   391     1     1     F
   392  .14112E+06  .36000E+03    1   392     1     1     F
   393  .14148E+06  .36000E+03    1   393     1     1     F
   394  .14184E+06  .36000E+03    1   394     1     1     F
   395  .14220E+06  .36000E+03    1   395     1     1     F
   396  .14256E+06  .36000E+03    1   396     1     1     F
   397  .14292E+06  .36000E+03    1   397     1     1     F
   398  .14328E+06  .36000E+03    1   398     1     1     F
   399  .14364E+06  .36000E+03    1   399     1     1     F
   400  .14400E+06  .36000E+03    1   400     1     1     F
   401  .14436E+06  .36000E+03    1   401     1     1     F
   402  .14472E+06  .36000E+03    1   402     1     1     F
   403  .14508E+06  .36000E+03    1   403     1     1     F
   404  .14544E+06  .36000E+03    1   404     1     1     F
   405  .14580E+06  .36000E+03    1   405     1     1     F
   406  .14616E+06  .36000E+03    1   406     1     1     F
   407  .14652E+06  .36000E+03    1   407     1     1     F
   408  .14688E+06  .36000E+03    1   408     1     1     F
   409  .14724E+06  .36000E+03    1   409     1     1     F
   410  .14760E+06  .36000E+03    1   410     1     1     F
   411  .14796E+06  .36000E+03    1   411     1     1     F
   412  .14832E+06  .36000E+03    1   412     1     1     F
   413  .14868E+06  .36000E+03    1   413     1     1     F
   414  .14904E+06  .36000E+03    1   414     1     1     F
   415  .14940E+06  .36000E+03    1   415     1     1     F
   416  .14976E+06  .36000E+03    1   416     1     1     F
   417  .15012E+06  .36000E+03    1   417     1     1     F
   418  .15048E+06  .36000E+03    1   418     1     1     F
   419  .15084E+06  .36000E+03    1   419     1     1     F
   420  .15120E+06  .36000E+03    1   420     1     1     F
   421  .15156E+06  .36000E+03    1   421     1     1     F
   422  .15192E+06  .36000E+03    1   422     1     1     F
   423  .15228E+06  .36000E+03    1   423     1     1     F
   424  .15264E+06  .36000E+03    1   424     1     1     F
   425  .15300E+06  .36000E+03    1   425     1     1     F
   426  .15336E+06  .36000E+03    1   426     1     1     F
   427  .15372E+06  .36000E+03    1   427     1     1     F
   428  .15408E+06  .36000E+03    1   428     1     1     F
   429  .15444E+06  .36000E+03    1   429     1     1     F
   430  .15480E+06  .36000E+03    1   430     1     1     F
   431  .15516E+06  .36000E+03    1   431     1     1     F
   432  .15552E+06  .36000E+03    1   432     1     1     F
   433  .15588E+06  .36000E+03    1   433     1     1     F
   434  .15624E+06  .36000E+03    1   434     1     1     F
   435  .15660E+06  .36000E+03    1   435     1     1     F
   436  .15696E+06  .36000E+03    1   436     1     1     F
   437  .15732E+06  .36000E+03    1   437     1     1     F
   438  .15768E+06  .36000E+03    1   438     1     1     F
   439  .15804E+06  .36000E+03    1   439     1     1     F
   440  .15840E+06  .36000E+03    1   440     1     1     F
   441  .15876E+06  .36000E+03    1   441     1     1     F
   442  .15912E+06  .36000E+03    1   442     1     1     F
   443  .15948E+06  .36000E+03    1   443     1     1     F
   444  .15984E+06  .36000E+03    1   444     1     1     F
   445  .16020E+06  .36000E+03    1   445     1     1     F
   446  .16056E+06  .36000E+03    1   446     1     1     F
   447  .16092E+06  .36000E+03    1   447     1     1     F
   448  .16128E+06  .36000E+03    1   448     1     1     F
   449  .16164E+06  .36000E+03    1   449     1     1     F
   450  .16200E+06  .36000E+03    1   450     1     1     F
   451  .16236E+06  .36000E+03    1   451     1     1     F
   452  .16272E+06  .36000E+03    1   452     1     1     F
   453  .16308E+06  .36000E+03    1   453     1     1     F
   454  .16344E+06  .36000E+03    1   454     1     1     F
   455  .16380E+06  .36000E+03    1   455     1     1     F
   456  .16416E+06  .36000E+03    1   456     1     1     F
   457  .16452E+06  .36000E+03    1   457     1     1     F
   458  .16488E+06  .36000E+03    1   458     1     1     F
   459  .16524E+06  .36000E+03    1   459     1     1     F
   460  .16560E+06  .36000E+03    1   460     1     1     F
   461  .16596E+06  .36000E+03    1   461     1     1     F
   462  .16632E+06  .36000E+03    1   462     1     1     F
   463  .16668E+06  .36000E+03    1   463     1     1     F
   464  .16704E+06  .36000E+03    1   464     1     1     F
   465  .16740E+06  .36000E+03    1   465     1     1     F
   466  .16776E+06  .36000E+03    1   466     1     1     F
   467  .16812E+06  .36000E+03    1   467     1     1     F
   468  .16848E+06  .36000E+03    1   468     1     1     F
   469  .16884E+06  .36000E+03    1   469     1     1     F
   470  .16920E+06  .36000E+03    1   470     1     1     F
   471  .16956E+06  .36000E+03    1   471     1     1     F
   472  .16992E+06  .36000E+03    1   472     1     1     F
   473  .17028E+06  .36000E+03    1   473     1     1     F
   474  .17064E+06  .36000E+03    1   474     1     1     F
   475  .17100E+06  .36000E+03    1   475     1     1     F
   476  .17136E+06  .36000E+03    1   476     1     1     F
   477  .17172E+06  .36000E+03    1   477     1     1     F
   478  .17208E+06  .36000E+03    1   478     1     1     F
   479  .17244E+06  .36000E+03    1   479     1     1     F
   480  .17280E+06  .36000E+03    1   480     1     1     F
end
 
 Real time [sec]       3.000000000000000
