 ******* Program HYDRUS
 ******* Evaporation Experiment - Ole Wendroth                                  
  
 Date:   1.10.    Time:  14:45:45
 Units: L = cm   , T = days , M = mmol 

-----------------------------------------------------
 Time       [T]       .0000
-----------------------------------------------------
 Sub-region num.                   1
-----------------------------------------------------
 Area     [L]         .100E+02   .100E+02
 W-volume [L]         .311E+01   .311E+01
 In-flow  [L/T]       .000E+00   .000E+00
 h Mean   [L]        -.157E+02  -.157E+02
 Top Flux [L/T]      -.543E-03
 Bot Flux [L/T]      -.297E+00
-----------------------------------------------------

-----------------------------------------------------
 Time       [T]       .4167
-----------------------------------------------------
 Sub-region num.                   1
-----------------------------------------------------
 Area     [L]         .100E+02   .100E+02
 W-volume [L]         .264E+01   .264E+01
 In-flow  [L/T]      -.113E+01  -.113E+01
 h Mean   [L]        -.786E+02  -.786E+02
 Top Flux [L/T]       .112E+01
 Bot Flux [L/T]       .574E-02
 WatBalT  [L]        -.396E-05
 WatBalR  [%]             .001
-----------------------------------------------------

-----------------------------------------------------
 Time       [T]       .8333
-----------------------------------------------------
 Sub-region num.                   1
-----------------------------------------------------
 Area     [L]         .100E+02   .100E+02
 W-volume [L]         .258E+01   .258E+01
 In-flow  [L/T]      -.484E-02  -.484E-02
 h Mean   [L]        -.924E+02  -.924E+02
 Top Flux [L/T]       .489E-02
 Bot Flux [L/T]       .228E-04
 WatBalT  [L]        -.119E-06
 WatBalR  [%]             .000
-----------------------------------------------------

-----------------------------------------------------
 Time       [T]      1.2500
-----------------------------------------------------
 Sub-region num.                   1
-----------------------------------------------------
 Area     [L]         .100E+02   .100E+02
 W-volume [L]         .251E+01   .251E+01
 In-flow  [L/T]      -.243E+00  -.243E+00
 h Mean   [L]        -.109E+03  -.109E+03
 Top Flux [L/T]       .243E+00
 Bot Flux [L/T]       .129E-02
 WatBalT  [L]         .960E-05
 WatBalR  [%]             .002
-----------------------------------------------------

-----------------------------------------------------
 Time       [T]      1.6667
-----------------------------------------------------
 Sub-region num.                   1
-----------------------------------------------------
 Area     [L]         .100E+02   .100E+02
 W-volume [L]         .243E+01   .243E+01
 In-flow  [L/T]      -.185E+00  -.185E+00
 h Mean   [L]        -.134E+03  -.134E+03
 Top Flux [L/T]       .185E+00
 Bot Flux [L/T]       .992E-03
 WatBalT  [L]         .739E-05
 WatBalR  [%]             .001
-----------------------------------------------------

-----------------------------------------------------
 Time       [T]      2.0833
-----------------------------------------------------
 Sub-region num.                   1
-----------------------------------------------------
 Area     [L]         .100E+02   .100E+02
 W-volume [L]         .234E+01   .234E+01
 In-flow  [L/T]      -.247E+00  -.247E+00
 h Mean   [L]        -.163E+03  -.163E+03
 Top Flux [L/T]       .246E+00
 Bot Flux [L/T]       .139E-02
 WatBalT  [L]         .103E-04
 WatBalR  [%]             .001
-----------------------------------------------------

-----------------------------------------------------
 Time       [T]      2.5000
-----------------------------------------------------
 Sub-region num.                   1
-----------------------------------------------------
 Area     [L]         .100E+02   .100E+02
 W-volume [L]         .225E+01   .225E+01
 In-flow  [L/T]      -.177E+00  -.177E+00
 h Mean   [L]        -.203E+03  -.203E+03
 Top Flux [L/T]       .177E+00
 Bot Flux [L/T]       .110E-02
 WatBalT  [L]         .983E-05
 WatBalR  [%]             .001
-----------------------------------------------------

-----------------------------------------------------
 Time       [T]      2.9167
-----------------------------------------------------
 Sub-region num.                   1
-----------------------------------------------------
 Area     [L]         .100E+02   .100E+02
 W-volume [L]         .218E+01   .218E+01
 In-flow  [L/T]      -.172E+00  -.172E+00
 h Mean   [L]        -.242E+03  -.242E+03
 Top Flux [L/T]       .172E+00
 Bot Flux [L/T]       .895E-03
 WatBalT  [L]         .685E-05
 WatBalR  [%]             .001
-----------------------------------------------------

-----------------------------------------------------
 Time       [T]      3.3333
-----------------------------------------------------
 Sub-region num.                   1
-----------------------------------------------------
 Area     [L]         .100E+02   .100E+02
 W-volume [L]         .209E+01   .209E+01
 In-flow  [L/T]      -.230E+00  -.230E+00
 h Mean   [L]        -.307E+03  -.307E+03
 Top Flux [L/T]       .229E+00
 Bot Flux [L/T]       .111E-02
 WatBalT  [L]         .620E-05
 WatBalR  [%]             .001
-----------------------------------------------------

-----------------------------------------------------
 Time       [T]      3.7500
-----------------------------------------------------
 Sub-region num.                   1
-----------------------------------------------------
 Area     [L]         .100E+02   .100E+02
 W-volume [L]         .200E+01   .200E+01
 In-flow  [L/T]      -.214E+00  -.214E+00
 h Mean   [L]        -.383E+03  -.383E+03
 Top Flux [L/T]       .213E+00
 Bot Flux [L/T]       .977E-03
 WatBalT  [L]         .715E-05
 WatBalR  [%]             .001
-----------------------------------------------------

-----------------------------------------------------
 Time       [T]      4.1667
-----------------------------------------------------
 Sub-region num.                   1
-----------------------------------------------------
 Area     [L]         .100E+02   .100E+02
 W-volume [L]         .191E+01   .191E+01
 In-flow  [L/T]      -.258E+00  -.258E+00
 h Mean   [L]        -.502E+03  -.502E+03
 Top Flux [L/T]       .258E+00
 Bot Flux [L/T]       .101E-02
 WatBalT  [L]         .679E-05
 WatBalR  [%]             .001
-----------------------------------------------------
