 ******* Program HYDRUS
 ******* Evaporation Experiment - Ole Wendroth                                  
  
 Date:   1.10.    Time:  14:45:45
 Units: L = cm   , T = days , M = mmol 
 
 CosAlf,MaxIt,TolTh,  TolH
 1.000   20    .000  .10000
 
 TopInF,BotInF,AtmBC,SinkF,WLayer,qGWLF,FreeD,SeepF,lWat,lChem,lTemp,lRoot,lWDep
 
     T     F     T     F     T     F     F     F     T     F     F     F     F

Nodal point information

node      x         hOld    MatN LayN  Beta      Ah       AK      ATh     Temp    Conc(1...NS)         Sorb(1...NS)

   1       .000    -20.730    1    1    .000    1.000    1.000    1.000
   2      -.020    -20.710    1    1    .000    1.000    1.000    1.000
   3      -.047    -20.683    1    1    .000    1.000    1.000    1.000
   4      -.078    -20.652    1    1    .000    1.000    1.000    1.000
   5      -.116    -20.614    1    1    .000    1.000    1.000    1.000
   6      -.158    -20.572    1    1    .000    1.000    1.000    1.000
   7      -.207    -20.523    1    1    .000    1.000    1.000    1.000
   8      -.261    -20.469    1    1    .000    1.000    1.000    1.000
   9      -.321    -20.409    1    1    .000    1.000    1.000    1.000
  10      -.386    -20.344    1    1    .000    1.000    1.000    1.000
  11      -.457    -20.273    1    1    .000    1.000    1.000    1.000
  12      -.533    -20.197    1    1    .000    1.000    1.000    1.000
  13      -.616    -20.114    1    1    .000    1.000    1.000    1.000
  14      -.703    -20.027    1    1    .000    1.000    1.000    1.000
  15      -.797    -19.933    1    1    .000    1.000    1.000    1.000
  16      -.895    -19.835    1    1    .000    1.000    1.000    1.000
  17     -1.000    -19.730    1    1    .000    1.000    1.000    1.000
  18     -1.111    -19.619    1    1    .000    1.000    1.000    1.000
  19     -1.222    -19.508    1    1    .000    1.000    1.000    1.000
  20     -1.333    -19.397    1    1    .000    1.000    1.000    1.000
  21     -1.444    -19.286    1    1    .000    1.000    1.000    1.000
  22     -1.556    -19.174    1    1    .000    1.000    1.000    1.000
  23     -1.667    -19.063    1    1    .000    1.000    1.000    1.000
  24     -1.778    -18.952    1    1    .000    1.000    1.000    1.000
  25     -1.889    -18.841    1    1    .000    1.000    1.000    1.000
  26     -2.000    -18.730    1    1    .000    1.000    1.000    1.000
  27     -2.111    -18.619    1    1    .000    1.000    1.000    1.000
  28     -2.222    -18.508    1    1    .000    1.000    1.000    1.000
  29     -2.333    -18.397    1    1    .000    1.000    1.000    1.000
  30     -2.444    -18.286    1    1    .000    1.000    1.000    1.000
  31     -2.556    -18.174    1    1    .000    1.000    1.000    1.000
  32     -2.667    -18.063    1    1    .000    1.000    1.000    1.000
  33     -2.778    -17.952    1    1    .000    1.000    1.000    1.000
  34     -2.889    -17.841    1    1    .000    1.000    1.000    1.000
  35     -3.000    -17.730    1    1    .000    1.000    1.000    1.000
  36     -3.105    -17.608    1    1    .000    1.000    1.000    1.000
  37     -3.211    -17.487    1    1    .000    1.000    1.000    1.000
  38     -3.316    -17.365    1    1    .000    1.000    1.000    1.000
  39     -3.421    -17.244    1    1    .000    1.000    1.000    1.000
  40     -3.526    -17.122    1    1    .000    1.000    1.000    1.000
  41     -3.632    -17.001    1    1    .000    1.000    1.000    1.000
  42     -3.737    -16.879    1    1    .000    1.000    1.000    1.000
  43     -3.842    -16.757    1    1    .000    1.000    1.000    1.000
  44     -3.947    -16.636    1    1    .000    1.000    1.000    1.000
  45     -4.053    -16.514    1    1    .000    1.000    1.000    1.000
  46     -4.158    -16.393    1    1    .000    1.000    1.000    1.000
  47     -4.263    -16.271    1    1    .000    1.000    1.000    1.000
  48     -4.368    -16.149    1    1    .000    1.000    1.000    1.000
  49     -4.474    -16.028    1    1    .000    1.000    1.000    1.000
  50     -4.579    -15.906    1    1    .000    1.000    1.000    1.000
  51     -4.684    -15.785    1    1    .000    1.000    1.000    1.000
  52     -4.789    -15.663    1    1    .000    1.000    1.000    1.000
  53     -4.895    -15.542    1    1    .000    1.000    1.000    1.000
  54     -5.000    -15.420    1    1    .000    1.000    1.000    1.000
  55     -5.105    -15.331    1    1    .000    1.000    1.000    1.000
  56     -5.211    -15.242    1    1    .000    1.000    1.000    1.000
  57     -5.316    -15.153    1    1    .000    1.000    1.000    1.000
  58     -5.421    -15.064    1    1    .000    1.000    1.000    1.000
  59     -5.526    -14.975    1    1    .000    1.000    1.000    1.000
  60     -5.632    -14.886    1    1    .000    1.000    1.000    1.000
  61     -5.737    -14.797    1    1    .000    1.000    1.000    1.000
  62     -5.842    -14.708    1    1    .000    1.000    1.000    1.000
  63     -5.947    -14.619    1    1    .000    1.000    1.000    1.000
  64     -6.053    -14.531    1    1    .000    1.000    1.000    1.000
  65     -6.158    -14.442    1    1    .000    1.000    1.000    1.000
  66     -6.263    -14.353    1    1    .000    1.000    1.000    1.000
  67     -6.368    -14.264    1    1    .000    1.000    1.000    1.000
  68     -6.474    -14.175    1    1    .000    1.000    1.000    1.000
  69     -6.579    -14.086    1    1    .000    1.000    1.000    1.000
  70     -6.684    -13.997    1    1    .000    1.000    1.000    1.000
  71     -6.789    -13.908    1    1    .000    1.000    1.000    1.000
  72     -6.895    -13.819    1    1    .000    1.000    1.000    1.000
  73     -7.000    -13.730    1    1    .000    1.000    1.000    1.000
  74     -7.105    -13.630    1    1    .000    1.000    1.000    1.000
  75     -7.211    -13.530    1    1    .000    1.000    1.000    1.000
  76     -7.316    -13.430    1    1    .000    1.000    1.000    1.000
  77     -7.421    -13.330    1    1    .000    1.000    1.000    1.000
  78     -7.526    -13.230    1    1    .000    1.000    1.000    1.000
  79     -7.632    -13.130    1    1    .000    1.000    1.000    1.000
  80     -7.737    -13.030    1    1    .000    1.000    1.000    1.000
  81     -7.842    -12.930    1    1    .000    1.000    1.000    1.000
  82     -7.947    -12.830    1    1    .000    1.000    1.000    1.000
  83     -8.053    -12.730    1    1    .000    1.000    1.000    1.000
  84     -8.158    -12.630    1    1    .000    1.000    1.000    1.000
  85     -8.263    -12.530    1    1    .000    1.000    1.000    1.000
  86     -8.368    -12.430    1    1    .000    1.000    1.000    1.000
  87     -8.474    -12.330    1    1    .000    1.000    1.000    1.000
  88     -8.579    -12.230    1    1    .000    1.000    1.000    1.000
  89     -8.684    -12.130    1    1    .000    1.000    1.000    1.000
  90     -8.789    -12.030    1    1    .000    1.000    1.000    1.000
  91     -8.895    -11.930    1    1    .000    1.000    1.000    1.000
  92     -9.000    -11.830    1    1    .000    1.000    1.000    1.000
  93     -9.111    -11.724    1    1    .000    1.000    1.000    1.000
  94     -9.222    -11.619    1    1    .000    1.000    1.000    1.000
  95     -9.333    -11.513    1    1    .000    1.000    1.000    1.000
  96     -9.444    -11.408    1    1    .000    1.000    1.000    1.000
  97     -9.556    -11.302    1    1    .000    1.000    1.000    1.000
  98     -9.667    -11.197    1    1    .000    1.000    1.000    1.000
  99     -9.778    -11.091    1    1    .000    1.000    1.000    1.000
 100     -9.889    -10.986    1    1    .000    1.000    1.000    1.000
 101    -10.000    -10.880    1    1    .000    1.000    1.000    1.000
end

 Number of species in the chain :   0


MatNum, Param. array:

   Mat     Qr     Qs        Alfa         n          Ks      l

    1     .013   .327    .273E-01    .122E+01    .886E+02   .500

       Table of Hydraulic Properties which are interpolated in simulation
       =================================================================

  theta         h        log h        C             K        log K          S
   .3274   -.100E-05  -.6000E+01   .4191E-04   .8516E+02   .1930E+01    1.0000
   .3274   -.126E-05  -.5899E+01   .4409E-04   .8495E+02   .1929E+01    1.0000
   .3274   -.159E-05  -.5798E+01   .4639E-04   .8474E+02   .1928E+01    1.0000
   .3274   -.201E-05  -.5697E+01   .4880E-04   .8452E+02   .1927E+01    1.0000
   .3274   -.254E-05  -.5596E+01   .5134E-04   .8428E+02   .1926E+01    1.0000
   .3274   -.320E-05  -.5495E+01   .5401E-04   .8403E+02   .1924E+01    1.0000
   .3274   -.404E-05  -.5394E+01   .5682E-04   .8377E+02   .1923E+01    1.0000
   .3274   -.509E-05  -.5293E+01   .5978E-04   .8350E+02   .1922E+01    1.0000
   .3274   -.643E-05  -.5192E+01   .6289E-04   .8321E+02   .1920E+01    1.0000
   .3274   -.811E-05  -.5091E+01   .6616E-04   .8291E+02   .1919E+01    1.0000
   .3274   -.102E-04  -.4990E+01   .6961E-04   .8260E+02   .1917E+01    1.0000
   .3274   -.129E-04  -.4889E+01   .7323E-04   .8226E+02   .1915E+01    1.0000
   .3274   -.163E-04  -.4788E+01   .7704E-04   .8192E+02   .1913E+01    1.0000
   .3274   -.206E-04  -.4687E+01   .8105E-04   .8155E+02   .1911E+01    1.0000
   .3274   -.260E-04  -.4586E+01   .8526E-04   .8117E+02   .1909E+01    1.0000
   .3274   -.327E-04  -.4485E+01   .8970E-04   .8076E+02   .1907E+01    1.0000
   .3274   -.413E-04  -.4384E+01   .9437E-04   .8034E+02   .1905E+01    1.0000
   .3274   -.521E-04  -.4283E+01   .9928E-04   .7990E+02   .1903E+01    1.0000
   .3274   -.658E-04  -.4182E+01   .1044E-03   .7943E+02   .1900E+01    1.0000
   .3274   -.830E-04  -.4081E+01   .1099E-03   .7894E+02   .1897E+01    1.0000
   .3274   -.105E-03  -.3980E+01   .1156E-03   .7843E+02   .1894E+01    1.0000
   .3274   -.132E-03  -.3879E+01   .1216E-03   .7789E+02   .1892E+01    1.0000
   .3274   -.167E-03  -.3778E+01   .1279E-03   .7733E+02   .1888E+01    1.0000
   .3274   -.210E-03  -.3677E+01   .1346E-03   .7674E+02   .1885E+01    1.0000
   .3274   -.266E-03  -.3576E+01   .1416E-03   .7612E+02   .1882E+01    1.0000
   .3274   -.335E-03  -.3475E+01   .1490E-03   .7548E+02   .1878E+01    1.0000
   .3274   -.423E-03  -.3374E+01   .1567E-03   .7480E+02   .1874E+01    1.0000
   .3274   -.534E-03  -.3273E+01   .1649E-03   .7409E+02   .1870E+01    1.0000
   .3274   -.673E-03  -.3172E+01   .1734E-03   .7334E+02   .1865E+01    1.0000
   .3274   -.850E-03  -.3071E+01   .1825E-03   .7257E+02   .1861E+01    1.0000
   .3274   -.107E-02  -.2970E+01   .1920E-03   .7175E+02   .1856E+01    1.0000
   .3274   -.135E-02  -.2869E+01   .2019E-03   .7090E+02   .1851E+01    1.0000
   .3274   -.171E-02  -.2768E+01   .2125E-03   .7001E+02   .1845E+01    1.0000
   .3274   -.215E-02  -.2667E+01   .2235E-03   .6908E+02   .1839E+01    1.0000
   .3274   -.272E-02  -.2566E+01   .2351E-03   .6811E+02   .1833E+01    1.0000
   .3274   -.343E-02  -.2465E+01   .2474E-03   .6709E+02   .1827E+01    1.0000
   .3274   -.433E-02  -.2364E+01   .2602E-03   .6603E+02   .1820E+01    1.0000
   .3274   -.546E-02  -.2263E+01   .2738E-03   .6492E+02   .1812E+01    1.0000
   .3274   -.689E-02  -.2162E+01   .2880E-03   .6377E+02   .1805E+01    1.0000
   .3274   -.870E-02  -.2061E+01   .3030E-03   .6257E+02   .1796E+01    1.0000
   .3274   -.110E-01  -.1960E+01   .3188E-03   .6132E+02   .1788E+01    1.0000
   .3274   -.138E-01  -.1859E+01   .3353E-03   .6001E+02   .1778E+01    1.0000
   .3274   -.175E-01  -.1758E+01   .3528E-03   .5865E+02   .1768E+01    1.0000
   .3274   -.221E-01  -.1657E+01   .3711E-03   .5724E+02   .1758E+01    1.0000
   .3274   -.278E-01  -.1556E+01   .3904E-03   .5578E+02   .1746E+01    1.0000
   .3274   -.351E-01  -.1455E+01   .4107E-03   .5426E+02   .1734E+01    1.0000
   .3274   -.443E-01  -.1354E+01   .4320E-03   .5268E+02   .1722E+01     .9999
   .3273   -.559E-01  -.1253E+01   .4545E-03   .5104E+02   .1708E+01     .9999
   .3273   -.705E-01  -.1152E+01   .4781E-03   .4935E+02   .1693E+01     .9999
   .3273   -.890E-01  -.1051E+01   .5028E-03   .4760E+02   .1678E+01     .9999
   .3273   -.112E+00  -.9495E+00   .5289E-03   .4580E+02   .1661E+01     .9998
   .3273   -.142E+00  -.8485E+00   .5562E-03   .4394E+02   .1643E+01     .9998
   .3273   -.179E+00  -.7475E+00   .5849E-03   .4202E+02   .1623E+01     .9997
   .3273   -.226E+00  -.6465E+00   .6149E-03   .4005E+02   .1603E+01     .9996
   .3272   -.285E+00  -.5455E+00   .6464E-03   .3803E+02   .1580E+01     .9995
   .3272   -.359E+00  -.4444E+00   .6794E-03   .3597E+02   .1556E+01     .9994
   .3271   -.453E+00  -.3434E+00   .7137E-03   .3386E+02   .1530E+01     .9992
   .3270   -.572E+00  -.2424E+00   .7495E-03   .3171E+02   .1501E+01     .9989
   .3269   -.722E+00  -.1414E+00   .7866E-03   .2953E+02   .1470E+01     .9985
   .3267   -.911E+00  -.4040E-01   .8249E-03   .2732E+02   .1437E+01     .9980
   .3265   -.115E+01   .6061E-01   .8641E-03   .2510E+02   .1400E+01     .9974
   .3263   -.145E+01   .1616E+00   .9040E-03   .2288E+02   .1359E+01     .9965
   .3259   -.183E+01   .2626E+00   .9440E-03   .2066E+02   .1315E+01     .9954
   .3255   -.231E+01   .3636E+00   .9835E-03   .1847E+02   .1266E+01     .9939
   .3249   -.292E+01   .4646E+00   .1021E-02   .1631E+02   .1213E+01     .9920
   .3241   -.368E+01   .5657E+00   .1057E-02   .1422E+02   .1153E+01     .9895
   .3230   -.464E+01   .6667E+00   .1088E-02   .1221E+02   .1087E+01     .9862
   .3217   -.586E+01   .7677E+00   .1112E-02   .1030E+02   .1013E+01     .9819
   .3200   -.739E+01   .8687E+00   .1128E-02   .8527E+01   .9308E+00     .9764
   .3178   -.933E+01   .9697E+00   .1132E-02   .6905E+01   .8391E+00     .9695
   .3150   -.118E+02   .1071E+01   .1121E-02   .5456E+01   .7369E+00     .9607
   .3116   -.148E+02   .1172E+01   .1094E-02   .4198E+01   .6230E+00     .9498
   .3074   -.187E+02   .1273E+01   .1049E-02   .3137E+01   .4966E+00     .9365
   .3024   -.236E+02   .1374E+01   .9861E-03   .2274E+01   .3569E+00     .9206
   .2966   -.298E+02   .1475E+01   .9066E-03   .1598E+01   .2035E+00     .9020
   .2899   -.376E+02   .1576E+01   .8143E-03   .1087E+01   .3638E-01     .8806
   .2824   -.475E+02   .1677E+01   .7144E-03   .7178E+00  -.1440E+00     .8566
   .2741   -.599E+02   .1778E+01   .6125E-03   .4604E+00  -.3368E+00     .8304
   .2653   -.756E+02   .1879E+01   .5139E-03   .2877E+00  -.5411E+00     .8024
   .2561   -.955E+02   .1980E+01   .4228E-03   .1757E+00  -.7553E+00     .7730
   .2466   -.120E+03   .2081E+01   .3420E-03   .1052E+00  -.9781E+00     .7427
   .2370   -.152E+03   .2182E+01   .2726E-03   .6192E-01  -.1208E+01     .7121
   .2274   -.192E+03   .2283E+01   .2147E-03   .3597E-01  -.1444E+01     .6815
   .2179   -.242E+03   .2384E+01   .1674E-03   .2067E-01  -.1685E+01     .6512
   .2085   -.305E+03   .2485E+01   .1296E-03   .1177E-01  -.1929E+01     .6215
   .1995   -.385E+03   .2586E+01   .9963E-04   .6659E-02  -.2177E+01     .5926
   .1907   -.486E+03   .2687E+01   .7624E-04   .3748E-02  -.2426E+01     .5646
   .1822   -.614E+03   .2788E+01   .5812E-04   .2100E-02  -.2678E+01     .5377
   .1741   -.774E+03   .2889E+01   .4419E-04   .1173E-02  -.2931E+01     .5118
   .1663   -.977E+03   .2990E+01   .3352E-04   .6541E-03  -.3184E+01     .4870
   .1589   -.123E+04   .3091E+01   .2538E-04   .3639E-03  -.3439E+01     .4633
   .1518   -.156E+04   .3192E+01   .1919E-04   .2022E-03  -.3694E+01     .4406
   .1450   -.196E+04   .3293E+01   .1450E-04   .1122E-03  -.3950E+01     .4190
   .1385   -.248E+04   .3394E+01   .1095E-04   .6223E-04  -.4206E+01     .3985
   .1324   -.313E+04   .3495E+01   .8262E-05   .3449E-04  -.4462E+01     .3788
   .1265   -.394E+04   .3596E+01   .6232E-05   .1911E-04  -.4719E+01     .3602
   .1209   -.498E+04   .3697E+01   .4699E-05   .1058E-04  -.4975E+01     .3424
   .1156   -.628E+04   .3798E+01   .3542E-05   .5859E-05  -.5232E+01     .3255
   .1106   -.792E+04   .3899E+01   .2670E-05   .3244E-05  -.5489E+01     .3094
   .1058   -.100E+05   .4000E+01   .2012E-05   .1795E-05  -.5746E+01     .2942
end
