 ******* Program HYDRUS
 ******* Evaporation Experiment - Ole Wendroth                                  
  
 Date:   1.10.    Time:  14:45:45
 Units: L = cm   , T = days , M = mmol 

       Time        rTop      rRoot      vTop       vRoot      vBot     sum(rTop) sum(rRoot)  sum(vTop) sum(vRoot)  sum(vBot)    hTop       hRoot      hBot      t-level
        [T]       [L/T]      [L/T]      [L/T]      [L/T]      [L/T]       [L]        [L]        [L]        [L]        [L]        [L]        [L]        [L]

        .00060   .000E+00   .000E+00   .126E-05   .000E+00   .297E-04   .000E+00   .000E+00   .758E-09   .000E+00   .178E-07  -.207E+02   .000E+00  -.108E+02       1
        .00139   .000E+00   .000E+00   .211E-04   .000E+00   .204E-04   .000E+00   .000E+00   .174E-07   .000E+00   .339E-07  -.207E+02   .000E+00  -.107E+02       2
        .00199   .128E+01   .000E+00   .128E+01   .000E+00   .121E-04   .768E-03   .000E+00   .768E-03   .000E+00   .412E-07  -.213E+02   .000E+00  -.107E+02       3
        .00276   .128E+01   .000E+00   .128E+01   .000E+00   .248E-04   .176E-02   .000E+00   .176E-02   .000E+00   .604E-07  -.216E+02   .000E+00  -.107E+02       4
        .00377   .128E+01   .000E+00   .128E+01   .000E+00   .187E-05   .306E-02   .000E+00   .306E-02   .000E+00   .623E-07  -.219E+02   .000E+00  -.107E+02       5
        .00505   .128E+01   .000E+00   .128E+01   .000E+00  -.441E-05   .469E-02   .000E+00   .469E-02   .000E+00   .567E-07  -.222E+02   .000E+00  -.108E+02       6
        .00683   .128E+01   .000E+00   .128E+01   .000E+00  -.301E-05   .699E-02   .000E+00   .699E-02   .000E+00   .513E-07  -.226E+02   .000E+00  -.109E+02       7
        .00913   .128E+01   .000E+00   .128E+01   .000E+00  -.283E-04   .994E-02   .000E+00   .994E-02   .000E+00  -.138E-07  -.230E+02   .000E+00  -.111E+02       8
        .01189   .128E+01   .000E+00   .128E+01   .000E+00  -.191E-04   .135E-01   .000E+00   .135E-01   .000E+00  -.665E-07  -.234E+02   .000E+00  -.114E+02       9
        .01556   .128E+01   .000E+00   .128E+01   .000E+00   .125E-04   .182E-01   .000E+00   .182E-01   .000E+00  -.207E-07  -.239E+02   .000E+00  -.118E+02      10
        .01924   .128E+01   .000E+00   .128E+01   .000E+00   .288E-04   .229E-01   .000E+00   .229E-01   .000E+00   .851E-07  -.244E+02   .000E+00  -.122E+02      11
        .02292   .128E+01   .000E+00   .128E+01   .000E+00  -.344E-05   .276E-01   .000E+00   .276E-01   .000E+00   .724E-07  -.249E+02   .000E+00  -.127E+02      12
        .02351   .134E+01   .000E+00   .134E+01   .000E+00   .101E-04   .284E-01   .000E+00   .284E-01   .000E+00   .784E-07  -.250E+02   .000E+00  -.127E+02      13
        .02429   .134E+01   .000E+00   .134E+01   .000E+00   .886E-05   .295E-01   .000E+00   .295E-01   .000E+00   .853E-07  -.252E+02   .000E+00  -.128E+02      14
        .02528   .134E+01   .000E+00   .134E+01   .000E+00   .148E-04   .308E-01   .000E+00   .308E-01   .000E+00   .999E-07  -.253E+02   .000E+00  -.129E+02      15
        .02665   .134E+01   .000E+00   .134E+01   .000E+00   .148E-04   .326E-01   .000E+00   .326E-01   .000E+00   .120E-06  -.255E+02   .000E+00  -.131E+02      16
        .02829   .134E+01   .000E+00   .134E+01   .000E+00  -.217E-04   .348E-01   .000E+00   .348E-01   .000E+00   .846E-07  -.258E+02   .000E+00  -.133E+02      17
        .03040   .134E+01   .000E+00   .134E+01   .000E+00   .263E-04   .377E-01   .000E+00   .377E-01   .000E+00   .140E-06  -.261E+02   .000E+00  -.135E+02      18
        .03356   .134E+01   .000E+00   .134E+01   .000E+00  -.320E-04   .419E-01   .000E+00   .419E-01   .000E+00   .388E-07  -.265E+02   .000E+00  -.139E+02      19
        .03673   .134E+01   .000E+00   .134E+01   .000E+00  -.213E-04   .461E-01   .000E+00   .461E-01   .000E+00  -.286E-07  -.270E+02   .000E+00  -.143E+02      20
        .04306   .134E+01   .000E+00   .134E+01   .000E+00   .115E-05   .546E-01   .000E+00   .546E-01   .000E+00  -.213E-07  -.279E+02   .000E+00  -.151E+02      21
        .04366   .122E+01   .000E+00   .122E+01   .000E+00   .462E-06   .553E-01   .000E+00   .553E-01   .000E+00  -.210E-07  -.279E+02   .000E+00  -.152E+02      22
        .04443   .122E+01   .000E+00   .122E+01   .000E+00   .710E-05   .563E-01   .000E+00   .563E-01   .000E+00  -.155E-07  -.280E+02   .000E+00  -.153E+02      23
        .04544   .122E+01   .000E+00   .122E+01   .000E+00  -.172E-05   .575E-01   .000E+00   .575E-01   .000E+00  -.173E-07  -.281E+02   .000E+00  -.154E+02      24
        .04675   .122E+01   .000E+00   .122E+01   .000E+00  -.317E-04   .591E-01   .000E+00   .591E-01   .000E+00  -.588E-07  -.283E+02   .000E+00  -.156E+02      25
        .04847   .122E+01   .000E+00   .122E+01   .000E+00   .812E-05   .612E-01   .000E+00   .612E-01   .000E+00  -.448E-07  -.285E+02   .000E+00  -.158E+02      26
        .05074   .122E+01   .000E+00   .122E+01   .000E+00   .776E-05   .640E-01   .000E+00   .640E-01   .000E+00  -.272E-07  -.288E+02   .000E+00  -.160E+02      27
        .05357   .122E+01   .000E+00   .122E+01   .000E+00  -.222E-04   .674E-01   .000E+00   .674E-01   .000E+00  -.899E-07  -.292E+02   .000E+00  -.164E+02      28
        .05746   .122E+01   .000E+00   .122E+01   .000E+00   .411E-04   .722E-01   .000E+00   .722E-01   .000E+00   .700E-07  -.297E+02   .000E+00  -.168E+02      29
        .06201   .122E+01   .000E+00   .122E+01   .000E+00  -.134E-05   .777E-01   .000E+00   .777E-01   .000E+00   .639E-07  -.303E+02   .000E+00  -.174E+02      30
        .06769   .122E+01   .000E+00   .122E+01   .000E+00  -.556E-05   .846E-01   .000E+00   .846E-01   .000E+00   .324E-07  -.311E+02   .000E+00  -.180E+02      31
        .07620   .122E+01   .000E+00   .122E+01   .000E+00  -.171E-04   .950E-01   .000E+00   .950E-01   .000E+00  -.113E-06  -.323E+02   .000E+00  -.190E+02      32
        .08472   .122E+01   .000E+00   .122E+01   .000E+00   .102E-04   .105E+00   .000E+00   .105E+00   .000E+00  -.258E-07  -.336E+02   .000E+00  -.201E+02      33
        .08532   .111E+01   .000E+00   .111E+01   .000E+00  -.144E-04   .106E+00   .000E+00   .106E+00   .000E+00  -.344E-07  -.336E+02   .000E+00  -.201E+02      34
        .08610   .111E+01   .000E+00   .111E+01   .000E+00  -.140E-04   .107E+00   .000E+00   .107E+00   .000E+00  -.453E-07  -.336E+02   .000E+00  -.202E+02      35
        .08710   .111E+01   .000E+00   .111E+01   .000E+00   .668E-06   .108E+00   .000E+00   .108E+00   .000E+00  -.446E-07  -.337E+02   .000E+00  -.204E+02      36
        .08841   .111E+01   .000E+00   .111E+01   .000E+00  -.163E-04   .109E+00   .000E+00   .109E+00   .000E+00  -.659E-07  -.339E+02   .000E+00  -.205E+02      37
        .09014   .111E+01   .000E+00   .111E+01   .000E+00   .173E-04   .111E+00   .000E+00   .111E+00   .000E+00  -.361E-07  -.341E+02   .000E+00  -.207E+02      38
        .09241   .111E+01   .000E+00   .111E+01   .000E+00  -.134E-04   .114E+00   .000E+00   .114E+00   .000E+00  -.664E-07  -.344E+02   .000E+00  -.210E+02      39
        .09524   .111E+01   .000E+00   .111E+01   .000E+00   .111E-04   .117E+00   .000E+00   .117E+00   .000E+00  -.350E-07  -.347E+02   .000E+00  -.213E+02      40
        .09913   .111E+01   .000E+00   .111E+01   .000E+00  -.740E-05   .121E+00   .000E+00   .121E+00   .000E+00  -.639E-07  -.353E+02   .000E+00  -.217E+02      41
        .10367   .111E+01   .000E+00   .111E+01   .000E+00   .266E-04   .126E+00   .000E+00   .126E+00   .000E+00   .570E-07  -.359E+02   .000E+00  -.223E+02      42
        .10935   .111E+01   .000E+00   .111E+01   .000E+00  -.144E-04   .133E+00   .000E+00   .133E+00   .000E+00  -.245E-07  -.366E+02   .000E+00  -.229E+02      43
        .11787   .111E+01   .000E+00   .111E+01   .000E+00  -.231E-04   .142E+00   .000E+00   .142E+00   .000E+00  -.221E-06  -.378E+02   .000E+00  -.239E+02      44
        .12639   .111E+01   .000E+00   .111E+01   .000E+00   .496E-05   .152E+00   .000E+00   .152E+00   .000E+00  -.179E-06  -.390E+02   .000E+00  -.249E+02      45
        .12699   .987E+00   .000E+00   .987E+00   .000E+00   .331E-04   .152E+00   .000E+00   .152E+00   .000E+00  -.159E-06  -.390E+02   .000E+00  -.250E+02      46
        .12776   .987E+00   .000E+00   .987E+00   .000E+00   .224E-05   .153E+00   .000E+00   .153E+00   .000E+00  -.157E-06  -.391E+02   .000E+00  -.251E+02      47
        .12877   .987E+00   .000E+00   .987E+00   .000E+00   .116E-04   .154E+00   .000E+00   .154E+00   .000E+00  -.145E-06  -.392E+02   .000E+00  -.252E+02      48
        .13008   .987E+00   .000E+00   .987E+00   .000E+00   .705E-05   .155E+00   .000E+00   .155E+00   .000E+00  -.136E-06  -.393E+02   .000E+00  -.253E+02      49
        .13181   .987E+00   .000E+00   .987E+00   .000E+00   .985E-05   .157E+00   .000E+00   .157E+00   .000E+00  -.119E-06  -.395E+02   .000E+00  -.255E+02      50
        .13407   .987E+00   .000E+00   .987E+00   .000E+00   .202E-04   .159E+00   .000E+00   .159E+00   .000E+00  -.734E-07  -.397E+02   .000E+00  -.258E+02      51
        .13690   .987E+00   .000E+00   .987E+00   .000E+00   .829E-05   .162E+00   .000E+00   .162E+00   .000E+00  -.499E-07  -.401E+02   .000E+00  -.261E+02      52
        .14080   .987E+00   .000E+00   .987E+00   .000E+00  -.252E-04   .166E+00   .000E+00   .166E+00   .000E+00  -.148E-06  -.406E+02   .000E+00  -.265E+02      53
        .14534   .987E+00   .000E+00   .987E+00   .000E+00  -.191E-04   .170E+00   .000E+00   .170E+00   .000E+00  -.235E-06  -.411E+02   .000E+00  -.270E+02      54
        .15102   .987E+00   .000E+00   .987E+00   .000E+00  -.101E-04   .176E+00   .000E+00   .176E+00   .000E+00  -.293E-06  -.419E+02   .000E+00  -.276E+02      55
        .15954   .987E+00   .000E+00   .987E+00   .000E+00   .607E-05   .184E+00   .000E+00   .184E+00   .000E+00  -.241E-06  -.430E+02   .000E+00  -.286E+02      56
        .16806   .987E+00   .000E+00   .987E+00   .000E+00   .289E-05   .193E+00   .000E+00   .193E+00   .000E+00  -.216E-06  -.442E+02   .000E+00  -.295E+02      57
        .16866   .113E+01   .000E+00   .113E+01   .000E+00   .673E-05   .193E+00   .000E+00   .193E+00   .000E+00  -.212E-06  -.444E+02   .000E+00  -.296E+02      58
        .16943   .113E+01   .000E+00   .113E+01   .000E+00   .455E-05   .194E+00   .000E+00   .194E+00   .000E+00  -.209E-06  -.446E+02   .000E+00  -.297E+02      59
        .17045   .113E+01   .000E+00   .113E+01   .000E+00  -.153E-04   .195E+00   .000E+00   .195E+00   .000E+00  -.224E-06  -.448E+02   .000E+00  -.298E+02      60
        .17178   .113E+01   .000E+00   .113E+01   .000E+00   .527E-05   .197E+00   .000E+00   .197E+00   .000E+00  -.217E-06  -.450E+02   .000E+00  -.300E+02      61
        .17347   .113E+01   .000E+00   .113E+01   .000E+00  -.512E-05   .199E+00   .000E+00   .199E+00   .000E+00  -.226E-06  -.454E+02   .000E+00  -.302E+02      62
        .17569   .113E+01   .000E+00   .113E+01   .000E+00   .748E-05   .201E+00   .000E+00   .201E+00   .000E+00  -.209E-06  -.458E+02   .000E+00  -.304E+02      63
        .17847   .113E+01   .000E+00   .113E+01   .000E+00   .225E-04   .204E+00   .000E+00   .204E+00   .000E+00  -.147E-06  -.462E+02   .000E+00  -.308E+02      64
        .18229   .113E+01   .000E+00   .113E+01   .000E+00  -.105E-04   .209E+00   .000E+00   .209E+00   .000E+00  -.187E-06  -.469E+02   .000E+00  -.312E+02      65
        .18764   .113E+01   .000E+00   .113E+01   .000E+00  -.224E-05   .215E+00   .000E+00   .215E+00   .000E+00  -.199E-06  -.478E+02   .000E+00  -.319E+02      66
        .19477   .113E+01   .000E+00   .113E+01   .000E+00  -.204E-04   .223E+00   .000E+00   .223E+00   .000E+00  -.344E-06  -.490E+02   .000E+00  -.328E+02      67
        .20190   .113E+01   .000E+00   .113E+01   .000E+00   .320E-04   .231E+00   .000E+00   .231E+00   .000E+00  -.116E-06  -.503E+02   .000E+00  -.337E+02      68
        .20903   .113E+01   .000E+00   .113E+01   .000E+00  -.135E-04   .239E+00   .000E+00   .239E+00   .000E+00  -.212E-06  -.515E+02   .000E+00  -.347E+02      69
        .20963   .109E+01   .000E+00   .109E+01   .000E+00   .287E-04   .240E+00   .000E+00   .240E+00   .000E+00  -.195E-06  -.516E+02   .000E+00  -.348E+02      70
        .21041   .109E+01   .000E+00   .109E+01   .000E+00   .698E-05   .240E+00   .000E+00   .240E+00   .000E+00  -.190E-06  -.517E+02   .000E+00  -.349E+02      71
        .21143   .109E+01   .000E+00   .109E+01   .000E+00   .227E-04   .242E+00   .000E+00   .242E+00   .000E+00  -.167E-06  -.519E+02   .000E+00  -.350E+02      72
        .21274   .109E+01   .000E+00   .109E+01   .000E+00   .220E-04   .243E+00   .000E+00   .243E+00   .000E+00  -.138E-06  -.521E+02   .000E+00  -.352E+02      73
        .21442   .109E+01   .000E+00   .109E+01   .000E+00   .108E-04   .245E+00   .000E+00   .245E+00   .000E+00  -.120E-06  -.524E+02   .000E+00  -.354E+02      74
        .21662   .109E+01   .000E+00   .109E+01   .000E+00   .141E-04   .247E+00   .000E+00   .247E+00   .000E+00  -.888E-07  -.527E+02   .000E+00  -.357E+02      75
        .21960   .109E+01   .000E+00   .109E+01   .000E+00   .112E-04   .251E+00   .000E+00   .251E+00   .000E+00  -.553E-07  -.532E+02   .000E+00  -.361E+02      76
        .22347   .109E+01   .000E+00   .109E+01   .000E+00   .861E-05   .255E+00   .000E+00   .255E+00   .000E+00  -.220E-07  -.539E+02   .000E+00  -.366E+02      77
        .22845   .109E+01   .000E+00   .109E+01   .000E+00   .108E-04   .260E+00   .000E+00   .260E+00   .000E+00   .316E-07  -.548E+02   .000E+00  -.373E+02      78
        .23443   .109E+01   .000E+00   .109E+01   .000E+00  -.205E-04   .267E+00   .000E+00   .267E+00   .000E+00  -.908E-07  -.559E+02   .000E+00  -.382E+02      79
        .24240   .109E+01   .000E+00   .109E+01   .000E+00   .184E-05   .275E+00   .000E+00   .276E+00   .000E+00  -.761E-07  -.573E+02   .000E+00  -.393E+02      80
        .25833   .109E+01   .000E+00   .109E+01   .000E+00   .343E-05   .293E+00   .000E+00   .293E+00   .000E+00  -.215E-07  -.604E+02   .000E+00  -.415E+02      81
        .25893   .104E+01   .000E+00   .104E+01   .000E+00   .786E-05   .294E+00   .000E+00   .294E+00   .000E+00  -.168E-07  -.604E+02   .000E+00  -.416E+02      82
        .25971   .104E+01   .000E+00   .104E+01   .000E+00   .532E-06   .294E+00   .000E+00   .294E+00   .000E+00  -.164E-07  -.605E+02   .000E+00  -.417E+02      83
        .26072   .104E+01   .000E+00   .104E+01   .000E+00  -.125E-04   .295E+00   .000E+00   .295E+00   .000E+00  -.290E-07  -.606E+02   .000E+00  -.418E+02      84
        .26201   .104E+01   .000E+00   .104E+01   .000E+00   .262E-04   .297E+00   .000E+00   .297E+00   .000E+00   .478E-08  -.608E+02   .000E+00  -.420E+02      85
        .26374   .104E+01   .000E+00   .104E+01   .000E+00  -.115E-04   .299E+00   .000E+00   .299E+00   .000E+00  -.151E-07  -.611E+02   .000E+00  -.423E+02      86
        .26599   .104E+01   .000E+00   .104E+01   .000E+00   .761E-05   .301E+00   .000E+00   .301E+00   .000E+00   .209E-08  -.615E+02   .000E+00  -.426E+02      87
        .26900   .104E+01   .000E+00   .104E+01   .000E+00   .151E-05   .304E+00   .000E+00   .304E+00   .000E+00   .664E-08  -.621E+02   .000E+00  -.430E+02      88
        .27301   .104E+01   .000E+00   .104E+01   .000E+00   .144E-04   .308E+00   .000E+00   .308E+00   .000E+00   .645E-07  -.628E+02   .000E+00  -.436E+02      89
        .27802   .104E+01   .000E+00   .104E+01   .000E+00  -.802E-05   .313E+00   .000E+00   .313E+00   .000E+00   .243E-07  -.637E+02   .000E+00  -.443E+02      90
        .28554   .104E+01   .000E+00   .104E+01   .000E+00   .656E-05   .321E+00   .000E+00   .321E+00   .000E+00   .736E-07  -.652E+02   .000E+00  -.453E+02      91
        .29306   .104E+01   .000E+00   .104E+01   .000E+00  -.121E-04   .329E+00   .000E+00   .329E+00   .000E+00  -.170E-07  -.666E+02   .000E+00  -.464E+02      92
        .29366   .107E+01   .000E+00   .107E+01   .000E+00  -.333E-05   .330E+00   .000E+00   .330E+00   .000E+00  -.190E-07  -.668E+02   .000E+00  -.465E+02      93
        .29443   .107E+01   .000E+00   .107E+01   .000E+00   .774E-05   .330E+00   .000E+00   .330E+00   .000E+00  -.130E-07  -.670E+02   .000E+00  -.466E+02      94
        .29545   .107E+01   .000E+00   .107E+01   .000E+00   .167E-04   .331E+00   .000E+00   .331E+00   .000E+00   .401E-08  -.672E+02   .000E+00  -.468E+02      95
        .29678   .107E+01   .000E+00   .107E+01   .000E+00  -.687E-05   .333E+00   .000E+00   .333E+00   .000E+00  -.513E-08  -.675E+02   .000E+00  -.470E+02      96
        .29847   .107E+01   .000E+00   .107E+01   .000E+00   .489E-05   .335E+00   .000E+00   .335E+00   .000E+00   .316E-08  -.679E+02   .000E+00  -.472E+02      97
        .30069   .107E+01   .000E+00   .107E+01   .000E+00   .911E-05   .337E+00   .000E+00   .337E+00   .000E+00   .234E-07  -.684E+02   .000E+00  -.476E+02      98
        .30347   .107E+01   .000E+00   .107E+01   .000E+00  -.261E-05   .340E+00   .000E+00   .340E+00   .000E+00   .161E-07  -.690E+02   .000E+00  -.480E+02      99
        .30729   .107E+01   .000E+00   .107E+01   .000E+00   .869E-05   .344E+00   .000E+00   .344E+00   .000E+00   .493E-07  -.698E+02   .000E+00  -.486E+02     100
        .31264   .107E+01   .000E+00   .107E+01   .000E+00  -.182E-04   .350E+00   .000E+00   .350E+00   .000E+00  -.482E-07  -.710E+02   .000E+00  -.494E+02     101
        .31977   .107E+01   .000E+00   .107E+01   .000E+00  -.971E-05   .357E+00   .000E+00   .357E+00   .000E+00  -.117E-06  -.726E+02   .000E+00  -.505E+02     102
        .32690   .107E+01   .000E+00   .107E+01   .000E+00  -.545E-05   .365E+00   .000E+00   .365E+00   .000E+00  -.156E-06  -.742E+02   .000E+00  -.515E+02     103
        .33403   .107E+01   .000E+00   .107E+01   .000E+00   .137E-04   .373E+00   .000E+00   .373E+00   .000E+00  -.588E-07  -.758E+02   .000E+00  -.526E+02     104
        .33463   .113E+01   .000E+00   .113E+01   .000E+00  -.208E-05   .373E+00   .000E+00   .373E+00   .000E+00  -.600E-07  -.761E+02   .000E+00  -.527E+02     105
        .33540   .113E+01   .000E+00   .113E+01   .000E+00   .123E-04   .374E+00   .000E+00   .374E+00   .000E+00  -.505E-07  -.763E+02   .000E+00  -.528E+02     106
        .33641   .113E+01   .000E+00   .113E+01   .000E+00  -.303E-05   .375E+00   .000E+00   .375E+00   .000E+00  -.536E-07  -.766E+02   .000E+00  -.530E+02     107
        .33772   .113E+01   .000E+00   .113E+01   .000E+00   .384E-05   .377E+00   .000E+00   .377E+00   .000E+00  -.485E-07  -.770E+02   .000E+00  -.532E+02     108
        .33945   .113E+01   .000E+00   .113E+01   .000E+00  -.111E-04   .379E+00   .000E+00   .379E+00   .000E+00  -.678E-07  -.775E+02   .000E+00  -.535E+02     109
        .34171   .113E+01   .000E+00   .113E+01   .000E+00   .410E-05   .381E+00   .000E+00   .381E+00   .000E+00  -.585E-07  -.781E+02   .000E+00  -.538E+02     110
        .34454   .113E+01   .000E+00   .113E+01   .000E+00  -.152E-05   .384E+00   .000E+00   .384E+00   .000E+00  -.628E-07  -.789E+02   .000E+00  -.543E+02     111
        .34844   .113E+01   .000E+00   .113E+01   .000E+00   .395E-05   .389E+00   .000E+00   .389E+00   .000E+00  -.474E-07  -.800E+02   .000E+00  -.549E+02     112
        .35298   .113E+01   .000E+00   .113E+01   .000E+00  -.712E-05   .394E+00   .000E+00   .394E+00   .000E+00  -.797E-07  -.812E+02   .000E+00  -.556E+02     113
        .35866   .113E+01   .000E+00   .113E+01   .000E+00  -.348E-05   .400E+00   .000E+00   .400E+00   .000E+00  -.995E-07  -.828E+02   .000E+00  -.566E+02     114
        .36718   .113E+01   .000E+00   .113E+01   .000E+00  -.179E-04   .410E+00   .000E+00   .410E+00   .000E+00  -.252E-06  -.851E+02   .000E+00  -.580E+02     115
        .37569   .113E+01   .000E+00   .113E+01   .000E+00  -.360E-05   .419E+00   .000E+00   .419E+00   .000E+00  -.283E-06  -.876E+02   .000E+00  -.595E+02     116
        .37629   .113E+01   .000E+00   .113E+01   .000E+00  -.142E-04   .420E+00   .000E+00   .420E+00   .000E+00  -.291E-06  -.877E+02   .000E+00  -.597E+02     117
        .37707   .113E+01   .000E+00   .113E+01   .000E+00   .419E-05   .421E+00   .000E+00   .421E+00   .000E+00  -.288E-06  -.879E+02   .000E+00  -.598E+02     118
        .37809   .113E+01   .000E+00   .113E+01   .000E+00  -.183E-04   .422E+00   .000E+00   .422E+00   .000E+00  -.307E-06  -.882E+02   .000E+00  -.600E+02     119
        .37942   .113E+01   .000E+00   .113E+01   .000E+00  -.151E-04   .424E+00   .000E+00   .424E+00   .000E+00  -.327E-06  -.886E+02   .000E+00  -.603E+02     120
        .38111   .113E+01   .000E+00   .113E+01   .000E+00   .983E-05   .426E+00   .000E+00   .426E+00   .000E+00  -.310E-06  -.891E+02   .000E+00  -.606E+02     121
        .38333   .113E+01   .000E+00   .113E+01   .000E+00  -.940E-05   .428E+00   .000E+00   .428E+00   .000E+00  -.331E-06  -.898E+02   .000E+00  -.610E+02     122
        .38611   .113E+01   .000E+00   .113E+01   .000E+00  -.742E-05   .431E+00   .000E+00   .431E+00   .000E+00  -.352E-06  -.906E+02   .000E+00  -.615E+02     123
        .38993   .113E+01   .000E+00   .113E+01   .000E+00   .211E-05   .436E+00   .000E+00   .436E+00   .000E+00  -.343E-06  -.917E+02   .000E+00  -.622E+02     124
        .39528   .113E+01   .000E+00   .113E+01   .000E+00  -.155E-05   .442E+00   .000E+00   .442E+00   .000E+00  -.352E-06  -.934E+02   .000E+00  -.632E+02     125
        .40241   .113E+01   .000E+00   .113E+01   .000E+00   .501E-06   .450E+00   .000E+00   .450E+00   .000E+00  -.348E-06  -.956E+02   .000E+00  -.645E+02     126
        .40954   .113E+01   .000E+00   .113E+01   .000E+00   .131E-04   .458E+00   .000E+00   .458E+00   .000E+00  -.255E-06  -.979E+02   .000E+00  -.658E+02     127
        .41667   .113E+01   .000E+00   .113E+01   .000E+00  -.114E-04   .466E+00   .000E+00   .466E+00   .000E+00  -.336E-06  -.100E+03   .000E+00  -.671E+02     128
        .41736   .113E+01   .000E+00   .113E+01   .000E+00  -.605E-05   .466E+00   .000E+00   .466E+00   .000E+00  -.340E-06  -.101E+03   .000E+00  -.673E+02     129
        .41796   .114E+01   .000E+00   .114E+01   .000E+00  -.106E-05   .467E+00   .000E+00   .467E+00   .000E+00  -.340E-06  -.101E+03   .000E+00  -.674E+02     130
        .41874   .114E+01   .000E+00   .114E+01   .000E+00   .215E-05   .468E+00   .000E+00   .468E+00   .000E+00  -.339E-06  -.101E+03   .000E+00  -.675E+02     131
        .41975   .114E+01   .000E+00   .114E+01   .000E+00   .131E-04   .469E+00   .000E+00   .469E+00   .000E+00  -.325E-06  -.101E+03   .000E+00  -.677E+02     132
        .42108   .114E+01   .000E+00   .114E+01   .000E+00   .972E-05   .471E+00   .000E+00   .471E+00   .000E+00  -.312E-06  -.102E+03   .000E+00  -.680E+02     133
        .42278   .114E+01   .000E+00   .114E+01   .000E+00  -.952E-05   .473E+00   .000E+00   .473E+00   .000E+00  -.329E-06  -.103E+03   .000E+00  -.683E+02     134
        .42500   .114E+01   .000E+00   .114E+01   .000E+00  -.400E-05   .475E+00   .000E+00   .475E+00   .000E+00  -.337E-06  -.103E+03   .000E+00  -.687E+02     135
        .42778   .114E+01   .000E+00   .114E+01   .000E+00  -.868E-05   .478E+00   .000E+00   .478E+00   .000E+00  -.362E-06  -.104E+03   .000E+00  -.692E+02     136
        .43160   .114E+01   .000E+00   .114E+01   .000E+00   .139E-05   .483E+00   .000E+00   .483E+00   .000E+00  -.356E-06  -.106E+03   .000E+00  -.699E+02     137
        .43694   .114E+01   .000E+00   .114E+01   .000E+00  -.181E-04   .489E+00   .000E+00   .489E+00   .000E+00  -.453E-06  -.108E+03   .000E+00  -.710E+02     138
        .44407   .114E+01   .000E+00   .114E+01   .000E+00  -.797E-05   .497E+00   .000E+00   .497E+00   .000E+00  -.510E-06  -.110E+03   .000E+00  -.724E+02     139
        .45120   .114E+01   .000E+00   .114E+01   .000E+00  -.833E-05   .505E+00   .000E+00   .505E+00   .000E+00  -.569E-06  -.113E+03   .000E+00  -.738E+02     140
        .45833   .114E+01   .000E+00   .114E+01   .000E+00  -.950E-05   .513E+00   .000E+00   .513E+00   .000E+00  -.637E-06  -.116E+03   .000E+00  -.753E+02     141
        .45893   .961E+00   .000E+00   .961E+00   .000E+00   .371E-05   .514E+00   .000E+00   .514E+00   .000E+00  -.635E-06  -.116E+03   .000E+00  -.755E+02     142
        .45973   .961E+00   .000E+00   .961E+00   .000E+00   .183E-05   .515E+00   .000E+00   .515E+00   .000E+00  -.633E-06  -.115E+03   .000E+00  -.757E+02     143
        .46077   .961E+00   .000E+00   .961E+00   .000E+00  -.150E-04   .516E+00   .000E+00   .516E+00   .000E+00  -.649E-06  -.115E+03   .000E+00  -.759E+02     144
        .46207   .961E+00   .000E+00   .961E+00   .000E+00  -.141E-04   .517E+00   .000E+00   .517E+00   .000E+00  -.667E-06  -.116E+03   .000E+00  -.762E+02     145
        .46386   .961E+00   .000E+00   .961E+00   .000E+00  -.553E-05   .519E+00   .000E+00   .519E+00   .000E+00  -.677E-06  -.116E+03   .000E+00  -.766E+02     146
        .46595   .961E+00   .000E+00   .961E+00   .000E+00   .609E-05   .521E+00   .000E+00   .521E+00   .000E+00  -.665E-06  -.116E+03   .000E+00  -.771E+02     147
        .46856   .961E+00   .000E+00   .961E+00   .000E+00   .366E-05   .523E+00   .000E+00   .523E+00   .000E+00  -.655E-06  -.117E+03   .000E+00  -.777E+02     148
        .47247   .961E+00   .000E+00   .961E+00   .000E+00  -.111E-05   .527E+00   .000E+00   .527E+00   .000E+00  -.659E-06  -.118E+03   .000E+00  -.785E+02     149
        .47639   .961E+00   .000E+00   .961E+00   .000E+00   .473E-05   .531E+00   .000E+00   .531E+00   .000E+00  -.641E-06  -.119E+03   .000E+00  -.793E+02     150
        .47699   .491E-02   .000E+00   .491E-02   .000E+00  -.160E-04   .531E+00   .000E+00   .531E+00   .000E+00  -.650E-06  -.116E+03   .000E+00  -.795E+02     151
        .47759   .491E-02   .000E+00   .490E-02   .000E+00   .955E-05   .531E+00   .000E+00   .531E+00   .000E+00  -.645E-06  -.114E+03   .000E+00  -.796E+02     152
        .47837   .491E-02   .000E+00   .492E-02   .000E+00   .101E-04   .531E+00   .000E+00   .531E+00   .000E+00  -.637E-06  -.112E+03   .000E+00  -.798E+02     153
        .47938   .491E-02   .000E+00   .490E-02   .000E+00  -.839E-05   .531E+00   .000E+00   .531E+00   .000E+00  -.645E-06  -.111E+03   .000E+00  -.800E+02     154
        .48070   .491E-02   .000E+00   .492E-02   .000E+00   .668E-06   .531E+00   .000E+00   .531E+00   .000E+00  -.644E-06  -.110E+03   .000E+00  -.802E+02     155
        .48241   .491E-02   .000E+00   .490E-02   .000E+00   .236E-05   .531E+00   .000E+00   .531E+00   .000E+00  -.640E-06  -.108E+03   .000E+00  -.806E+02     156
        .48463   .491E-02   .000E+00   .490E-02   .000E+00  -.272E-05   .531E+00   .000E+00   .531E+00   .000E+00  -.646E-06  -.107E+03   .000E+00  -.810E+02     157
        .48754   .491E-02   .000E+00   .489E-02   .000E+00   .111E-04   .531E+00   .000E+00   .531E+00   .000E+00  -.614E-06  -.105E+03   .000E+00  -.816E+02     158
        .49130   .491E-02   .000E+00   .490E-02   .000E+00  -.618E-05   .531E+00   .000E+00   .531E+00   .000E+00  -.637E-06  -.104E+03   .000E+00  -.823E+02     159
        .49618   .491E-02   .000E+00   .492E-02   .000E+00   .176E-06   .531E+00   .000E+00   .531E+00   .000E+00  -.637E-06  -.103E+03   .000E+00  -.830E+02     160
        .50254   .491E-02   .000E+00   .491E-02   .000E+00   .573E-05   .531E+00   .000E+00   .531E+00   .000E+00  -.600E-06  -.101E+03   .000E+00  -.839E+02     161
        .51081   .491E-02   .000E+00   .492E-02   .000E+00  -.103E-04   .531E+00   .000E+00   .531E+00   .000E+00  -.685E-06  -.100E+03   .000E+00  -.847E+02     162
        .52156   .491E-02   .000E+00   .490E-02   .000E+00  -.652E-05   .531E+00   .000E+00   .531E+00   .000E+00  -.755E-06  -.991E+02   .000E+00  -.854E+02     163
        .53574   .491E-02   .000E+00   .493E-02   .000E+00  -.117E-04   .531E+00   .000E+00   .531E+00   .000E+00  -.920E-06  -.984E+02   .000E+00  -.861E+02     164
        .55433   .491E-02   .000E+00   .488E-02   .000E+00  -.139E-05   .531E+00   .000E+00   .531E+00   .000E+00  -.946E-06  -.979E+02   .000E+00  -.865E+02     165
        .57758   .491E-02   .000E+00   .490E-02   .000E+00  -.854E-05   .531E+00   .000E+00   .531E+00   .000E+00  -.114E-05  -.976E+02   .000E+00  -.868E+02     166
        .60955   .491E-02   .000E+00   .488E-02   .000E+00  -.101E-04   .531E+00   .000E+00   .531E+00   .000E+00  -.147E-05  -.974E+02   .000E+00  -.870E+02     167
        .64685   .491E-02   .000E+00   .490E-02   .000E+00  -.304E-05   .531E+00   .000E+00   .531E+00   .000E+00  -.158E-05  -.974E+02   .000E+00  -.872E+02     168
        .69347   .491E-02   .000E+00   .490E-02   .000E+00  -.238E-05   .532E+00   .000E+00   .532E+00   .000E+00  -.169E-05  -.974E+02   .000E+00  -.872E+02     169
        .76340   .491E-02   .000E+00   .490E-02   .000E+00  -.737E-05   .532E+00   .000E+00   .532E+00   .000E+00  -.221E-05  -.975E+02   .000E+00  -.873E+02     170
        .83333   .491E-02   .000E+00   .489E-02   .000E+00  -.526E-05   .532E+00   .000E+00   .532E+00   .000E+00  -.257E-05  -.975E+02   .000E+00  -.874E+02     171
        .91666   .491E-02   .000E+00   .488E-02   .000E+00   .102E-04   .533E+00   .000E+00   .533E+00   .000E+00  -.172E-05  -.976E+02   .000E+00  -.875E+02     172
       1.00000   .491E-02   .000E+00   .494E-02   .000E+00  -.558E-05   .533E+00   .000E+00   .533E+00   .000E+00  -.219E-05  -.977E+02   .000E+00  -.876E+02     173
       1.00060   .285E+00   .000E+00   .285E+00   .000E+00   .737E-05   .533E+00   .000E+00   .533E+00   .000E+00  -.218E-05  -.986E+02   .000E+00  -.876E+02     174
       1.00138   .285E+00   .000E+00   .285E+00   .000E+00   .102E-04   .534E+00   .000E+00   .534E+00   .000E+00  -.217E-05  -.991E+02   .000E+00  -.876E+02     175
       1.00239   .285E+00   .000E+00   .285E+00   .000E+00  -.354E-05   .534E+00   .000E+00   .534E+00   .000E+00  -.218E-05  -.996E+02   .000E+00  -.876E+02     176
       1.00372   .285E+00   .000E+00   .285E+00   .000E+00   .904E-05   .534E+00   .000E+00   .534E+00   .000E+00  -.216E-05  -.100E+03   .000E+00  -.876E+02     177
       1.00545   .285E+00   .000E+00   .285E+00   .000E+00   .234E-05   .535E+00   .000E+00   .535E+00   .000E+00  -.216E-05  -.101E+03   .000E+00  -.876E+02     178
       1.00767   .285E+00   .000E+00   .285E+00   .000E+00  -.742E-06   .535E+00   .000E+00   .535E+00   .000E+00  -.216E-05  -.101E+03   .000E+00  -.876E+02     179
       1.01058   .285E+00   .000E+00   .285E+00   .000E+00  -.433E-05   .536E+00   .000E+00   .536E+00   .000E+00  -.218E-05  -.102E+03   .000E+00  -.876E+02     180
       1.01441   .285E+00   .000E+00   .285E+00   .000E+00  -.112E-06   .537E+00   .000E+00   .537E+00   .000E+00  -.218E-05  -.102E+03   .000E+00  -.876E+02     181
       1.01934   .285E+00   .000E+00   .285E+00   .000E+00   .655E-05   .539E+00   .000E+00   .539E+00   .000E+00  -.214E-05  -.103E+03   .000E+00  -.877E+02     182
       1.02573   .285E+00   .000E+00   .285E+00   .000E+00  -.189E-05   .541E+00   .000E+00   .541E+00   .000E+00  -.216E-05  -.104E+03   .000E+00  -.879E+02     183
       1.03396   .285E+00   .000E+00   .285E+00   .000E+00  -.118E-04   .543E+00   .000E+00   .543E+00   .000E+00  -.225E-05  -.105E+03   .000E+00  -.881E+02     184
       1.04384   .285E+00   .000E+00   .285E+00   .000E+00  -.415E-06   .546E+00   .000E+00   .546E+00   .000E+00  -.226E-05  -.106E+03   .000E+00  -.885E+02     185
       1.05700   .285E+00   .000E+00   .285E+00   .000E+00   .233E-05   .549E+00   .000E+00   .549E+00   .000E+00  -.223E-05  -.107E+03   .000E+00  -.892E+02     186
       1.08333   .285E+00   .000E+00   .285E+00   .000E+00   .508E-06   .557E+00   .000E+00   .557E+00   .000E+00  -.221E-05  -.109E+03   .000E+00  -.907E+02     187
       1.08393   .247E+00   .000E+00   .247E+00   .000E+00  -.776E-06   .557E+00   .000E+00   .557E+00   .000E+00  -.221E-05  -.109E+03   .000E+00  -.907E+02     188
       1.08471   .247E+00   .000E+00   .247E+00   .000E+00  -.293E-05   .557E+00   .000E+00   .557E+00   .000E+00  -.222E-05  -.109E+03   .000E+00  -.907E+02     189
       1.08572   .247E+00   .000E+00   .247E+00   .000E+00  -.407E-06   .558E+00   .000E+00   .558E+00   .000E+00  -.222E-05  -.109E+03   .000E+00  -.908E+02     190
       1.08705   .247E+00   .000E+00   .247E+00   .000E+00  -.144E-05   .558E+00   .000E+00   .558E+00   .000E+00  -.222E-05  -.109E+03   .000E+00  -.909E+02     191
       1.08878   .247E+00   .000E+00   .247E+00   .000E+00  -.759E-05   .558E+00   .000E+00   .558E+00   .000E+00  -.223E-05  -.110E+03   .000E+00  -.910E+02     192
       1.09101   .247E+00   .000E+00   .247E+00   .000E+00  -.443E-05   .559E+00   .000E+00   .559E+00   .000E+00  -.224E-05  -.110E+03   .000E+00  -.911E+02     193
       1.09392   .247E+00   .000E+00   .247E+00   .000E+00   .356E-06   .560E+00   .000E+00   .560E+00   .000E+00  -.224E-05  -.110E+03   .000E+00  -.913E+02     194
       1.09774   .247E+00   .000E+00   .247E+00   .000E+00   .500E-05   .561E+00   .000E+00   .561E+00   .000E+00  -.222E-05  -.110E+03   .000E+00  -.915E+02     195
       1.10267   .247E+00   .000E+00   .247E+00   .000E+00  -.315E-05   .562E+00   .000E+00   .562E+00   .000E+00  -.224E-05  -.110E+03   .000E+00  -.918E+02     196
       1.10907   .247E+00   .000E+00   .247E+00   .000E+00   .277E-05   .563E+00   .000E+00   .563E+00   .000E+00  -.222E-05  -.111E+03   .000E+00  -.922E+02     197
       1.11730   .247E+00   .000E+00   .247E+00   .000E+00   .501E-05   .565E+00   .000E+00   .565E+00   .000E+00  -.218E-05  -.111E+03   .000E+00  -.927E+02     198
       1.12717   .247E+00   .000E+00   .247E+00   .000E+00  -.311E-05   .568E+00   .000E+00   .568E+00   .000E+00  -.221E-05  -.112E+03   .000E+00  -.933E+02     199
       1.14034   .247E+00   .000E+00   .247E+00   .000E+00   .238E-05   .571E+00   .000E+00   .571E+00   .000E+00  -.218E-05  -.113E+03   .000E+00  -.942E+02     200
       1.16667   .247E+00   .000E+00   .247E+00   .000E+00   .415E-05   .578E+00   .000E+00   .578E+00   .000E+00  -.207E-05  -.115E+03   .000E+00  -.959E+02     201
       1.16727   .243E+00   .000E+00   .243E+00   .000E+00   .261E-05   .578E+00   .000E+00   .578E+00   .000E+00  -.207E-05  -.115E+03   .000E+00  -.959E+02     202
       1.16805   .243E+00   .000E+00   .243E+00   .000E+00   .179E-05   .578E+00   .000E+00   .578E+00   .000E+00  -.206E-05  -.115E+03   .000E+00  -.960E+02     203
       1.16906   .243E+00   .000E+00   .243E+00   .000E+00   .105E-04   .578E+00   .000E+00   .578E+00   .000E+00  -.205E-05  -.115E+03   .000E+00  -.960E+02     204
       1.17039   .243E+00   .000E+00   .243E+00   .000E+00   .588E-05   .578E+00   .000E+00   .578E+00   .000E+00  -.205E-05  -.115E+03   .000E+00  -.961E+02     205
       1.17212   .243E+00   .000E+00   .243E+00   .000E+00  -.141E-05   .579E+00   .000E+00   .579E+00   .000E+00  -.205E-05  -.115E+03   .000E+00  -.962E+02     206
       1.17434   .243E+00   .000E+00   .243E+00   .000E+00  -.976E-06   .579E+00   .000E+00   .579E+00   .000E+00  -.205E-05  -.115E+03   .000E+00  -.964E+02     207
       1.17725   .243E+00   .000E+00   .243E+00   .000E+00  -.495E-05   .580E+00   .000E+00   .580E+00   .000E+00  -.206E-05  -.115E+03   .000E+00  -.966E+02     208
       1.18108   .243E+00   .000E+00   .243E+00   .000E+00   .396E-05   .581E+00   .000E+00   .581E+00   .000E+00  -.205E-05  -.115E+03   .000E+00  -.968E+02     209
       1.18601   .243E+00   .000E+00   .243E+00   .000E+00  -.339E-05   .582E+00   .000E+00   .582E+00   .000E+00  -.207E-05  -.116E+03   .000E+00  -.971E+02     210
       1.19240   .243E+00   .000E+00   .243E+00   .000E+00   .229E-05   .584E+00   .000E+00   .584E+00   .000E+00  -.205E-05  -.116E+03   .000E+00  -.975E+02     211
       1.20063   .243E+00   .000E+00   .243E+00   .000E+00   .120E-05   .586E+00   .000E+00   .586E+00   .000E+00  -.204E-05  -.117E+03   .000E+00  -.981E+02     212
       1.21051   .243E+00   .000E+00   .243E+00   .000E+00  -.145E-06   .588E+00   .000E+00   .588E+00   .000E+00  -.204E-05  -.118E+03   .000E+00  -.987E+02     213
       1.22367   .243E+00   .000E+00   .243E+00   .000E+00   .281E-05   .591E+00   .000E+00   .591E+00   .000E+00  -.201E-05  -.118E+03   .000E+00  -.995E+02     214
       1.25000   .243E+00   .000E+00   .243E+00   .000E+00   .199E-05   .598E+00   .000E+00   .598E+00   .000E+00  -.195E-05  -.120E+03   .000E+00  -.101E+03     215
       1.27083   .243E+00   .000E+00   .243E+00   .000E+00   .223E-06   .603E+00   .000E+00   .603E+00   .000E+00  -.195E-05  -.122E+03   .000E+00  -.102E+03     216
       1.30206   .243E+00   .000E+00   .243E+00   .000E+00  -.240E-05   .610E+00   .000E+00   .610E+00   .000E+00  -.202E-05  -.124E+03   .000E+00  -.104E+03     217
       1.33330   .243E+00   .000E+00   .243E+00   .000E+00   .558E-05   .618E+00   .000E+00   .618E+00   .000E+00  -.185E-05  -.127E+03   .000E+00  -.106E+03     218
       1.33390   .193E+00   .000E+00   .193E+00   .000E+00   .555E-05   .618E+00   .000E+00   .618E+00   .000E+00  -.185E-05  -.127E+03   .000E+00  -.106E+03     219
       1.33468   .193E+00   .000E+00   .193E+00   .000E+00  -.674E-05   .618E+00   .000E+00   .618E+00   .000E+00  -.185E-05  -.127E+03   .000E+00  -.106E+03     220
       1.33569   .193E+00   .000E+00   .193E+00   .000E+00   .347E-05   .618E+00   .000E+00   .618E+00   .000E+00  -.185E-05  -.126E+03   .000E+00  -.106E+03     221
       1.33702   .193E+00   .000E+00   .193E+00   .000E+00   .971E-06   .619E+00   .000E+00   .619E+00   .000E+00  -.185E-05  -.126E+03   .000E+00  -.106E+03     222
       1.33873   .193E+00   .000E+00   .193E+00   .000E+00  -.237E-05   .619E+00   .000E+00   .619E+00   .000E+00  -.185E-05  -.126E+03   .000E+00  -.106E+03     223
       1.34095   .193E+00   .000E+00   .193E+00   .000E+00  -.548E-05   .619E+00   .000E+00   .619E+00   .000E+00  -.186E-05  -.126E+03   .000E+00  -.107E+03     224
       1.34384   .193E+00   .000E+00   .193E+00   .000E+00   .369E-05   .620E+00   .000E+00   .620E+00   .000E+00  -.185E-05  -.127E+03   .000E+00  -.107E+03     225
       1.34763   .193E+00   .000E+00   .193E+00   .000E+00   .400E-05   .621E+00   .000E+00   .621E+00   .000E+00  -.184E-05  -.127E+03   .000E+00  -.107E+03     226
       1.35254   .193E+00   .000E+00   .193E+00   .000E+00   .217E-05   .622E+00   .000E+00   .622E+00   .000E+00  -.183E-05  -.127E+03   .000E+00  -.107E+03     227
       1.35880   .193E+00   .000E+00   .193E+00   .000E+00   .499E-05   .623E+00   .000E+00   .623E+00   .000E+00  -.180E-05  -.127E+03   .000E+00  -.108E+03     228
       1.36699   .193E+00   .000E+00   .193E+00   .000E+00   .236E-05   .625E+00   .000E+00   .625E+00   .000E+00  -.178E-05  -.128E+03   .000E+00  -.108E+03     229
       1.37791   .193E+00   .000E+00   .193E+00   .000E+00  -.608E-05   .627E+00   .000E+00   .627E+00   .000E+00  -.184E-05  -.128E+03   .000E+00  -.109E+03     230
       1.39247   .193E+00   .000E+00   .193E+00   .000E+00  -.287E-05   .629E+00   .000E+00   .629E+00   .000E+00  -.188E-05  -.129E+03   .000E+00  -.110E+03     231
       1.41067   .193E+00   .000E+00   .193E+00   .000E+00   .572E-05   .633E+00   .000E+00   .633E+00   .000E+00  -.178E-05  -.130E+03   .000E+00  -.111E+03     232
       1.43798   .193E+00   .000E+00   .193E+00   .000E+00  -.268E-06   .638E+00   .000E+00   .638E+00   .000E+00  -.179E-05  -.132E+03   .000E+00  -.112E+03     233
       1.46528   .193E+00   .000E+00   .193E+00   .000E+00   .498E-05   .644E+00   .000E+00   .644E+00   .000E+00  -.165E-05  -.133E+03   .000E+00  -.113E+03     234
       1.46588   .193E+00   .000E+00   .193E+00   .000E+00  -.346E-05   .644E+00   .000E+00   .644E+00   .000E+00  -.165E-05  -.133E+03   .000E+00  -.113E+03     235
       1.46666   .193E+00   .000E+00   .193E+00   .000E+00  -.554E-05   .644E+00   .000E+00   .644E+00   .000E+00  -.166E-05  -.133E+03   .000E+00  -.113E+03     236
       1.46767   .193E+00   .000E+00   .193E+00   .000E+00  -.673E-05   .644E+00   .000E+00   .644E+00   .000E+00  -.166E-05  -.134E+03   .000E+00  -.114E+03     237
       1.46899   .193E+00   .000E+00   .193E+00   .000E+00   .857E-05   .644E+00   .000E+00   .644E+00   .000E+00  -.165E-05  -.134E+03   .000E+00  -.114E+03     238
       1.47069   .193E+00   .000E+00   .193E+00   .000E+00   .472E-05   .645E+00   .000E+00   .645E+00   .000E+00  -.165E-05  -.134E+03   .000E+00  -.114E+03     239
       1.47292   .193E+00   .000E+00   .193E+00   .000E+00  -.251E-06   .645E+00   .000E+00   .645E+00   .000E+00  -.165E-05  -.134E+03   .000E+00  -.114E+03     240
       1.47581   .193E+00   .000E+00   .193E+00   .000E+00   .856E-06   .646E+00   .000E+00   .646E+00   .000E+00  -.164E-05  -.134E+03   .000E+00  -.114E+03     241
       1.47958   .193E+00   .000E+00   .193E+00   .000E+00   .110E-05   .646E+00   .000E+00   .646E+00   .000E+00  -.164E-05  -.134E+03   .000E+00  -.114E+03     242
       1.48446   .193E+00   .000E+00   .193E+00   .000E+00  -.294E-05   .647E+00   .000E+00   .647E+00   .000E+00  -.165E-05  -.135E+03   .000E+00  -.114E+03     243
       1.49096   .193E+00   .000E+00   .193E+00   .000E+00  -.991E-06   .648E+00   .000E+00   .648E+00   .000E+00  -.166E-05  -.135E+03   .000E+00  -.115E+03     244
       1.49891   .193E+00   .000E+00   .193E+00   .000E+00  -.388E-05   .650E+00   .000E+00   .650E+00   .000E+00  -.169E-05  -.135E+03   .000E+00  -.115E+03     245
       1.50951   .193E+00   .000E+00   .193E+00   .000E+00   .178E-05   .652E+00   .000E+00   .652E+00   .000E+00  -.167E-05  -.136E+03   .000E+00  -.116E+03     246
       1.52276   .193E+00   .000E+00   .193E+00   .000E+00  -.170E-05   .655E+00   .000E+00   .655E+00   .000E+00  -.169E-05  -.137E+03   .000E+00  -.117E+03     247
       1.54263   .193E+00   .000E+00   .193E+00   .000E+00   .377E-05   .658E+00   .000E+00   .658E+00   .000E+00  -.162E-05  -.138E+03   .000E+00  -.118E+03     248
       1.56250   .193E+00   .000E+00   .193E+00   .000E+00   .601E-05   .662E+00   .000E+00   .662E+00   .000E+00  -.150E-05  -.140E+03   .000E+00  -.119E+03     249
       1.56310   .185E+00   .000E+00   .185E+00   .000E+00  -.217E-05   .662E+00   .000E+00   .662E+00   .000E+00  -.150E-05  -.140E+03   .000E+00  -.119E+03     250
       1.56388   .185E+00   .000E+00   .185E+00   .000E+00   .527E-06   .663E+00   .000E+00   .663E+00   .000E+00  -.150E-05  -.140E+03   .000E+00  -.119E+03     251
       1.56490   .185E+00   .000E+00   .185E+00   .000E+00  -.496E-07   .663E+00   .000E+00   .663E+00   .000E+00  -.150E-05  -.140E+03   .000E+00  -.119E+03     252
       1.56622   .185E+00   .000E+00   .185E+00   .000E+00   .970E-07   .663E+00   .000E+00   .663E+00   .000E+00  -.150E-05  -.140E+03   .000E+00  -.119E+03     253
       1.56792   .185E+00   .000E+00   .185E+00   .000E+00   .116E-05   .663E+00   .000E+00   .663E+00   .000E+00  -.150E-05  -.140E+03   .000E+00  -.119E+03     254
       1.57017   .185E+00   .000E+00   .185E+00   .000E+00  -.503E-05   .664E+00   .000E+00   .664E+00   .000E+00  -.151E-05  -.140E+03   .000E+00  -.119E+03     255
       1.57309   .185E+00   .000E+00   .185E+00   .000E+00   .125E-05   .664E+00   .000E+00   .664E+00   .000E+00  -.151E-05  -.140E+03   .000E+00  -.119E+03     256
       1.57684   .185E+00   .000E+00   .185E+00   .000E+00   .189E-05   .665E+00   .000E+00   .665E+00   .000E+00  -.150E-05  -.140E+03   .000E+00  -.120E+03     257
       1.58183   .185E+00   .000E+00   .185E+00   .000E+00   .375E-05   .666E+00   .000E+00   .666E+00   .000E+00  -.148E-05  -.141E+03   .000E+00  -.120E+03     258
       1.58836   .185E+00   .000E+00   .185E+00   .000E+00   .341E-05   .667E+00   .000E+00   .667E+00   .000E+00  -.146E-05  -.141E+03   .000E+00  -.120E+03     259
       1.59706   .185E+00   .000E+00   .185E+00   .000E+00  -.598E-05   .669E+00   .000E+00   .669E+00   .000E+00  -.151E-05  -.142E+03   .000E+00  -.121E+03     260
       1.60867   .185E+00   .000E+00   .185E+00   .000E+00   .198E-05   .671E+00   .000E+00   .671E+00   .000E+00  -.149E-05  -.142E+03   .000E+00  -.122E+03     261
       1.62318   .185E+00   .000E+00   .185E+00   .000E+00   .296E-05   .674E+00   .000E+00   .674E+00   .000E+00  -.145E-05  -.143E+03   .000E+00  -.123E+03     262
       1.64494   .185E+00   .000E+00   .185E+00   .000E+00  -.278E-05   .678E+00   .000E+00   .678E+00   .000E+00  -.151E-05  -.145E+03   .000E+00  -.124E+03     263
       1.66670   .185E+00   .000E+00   .185E+00   .000E+00  -.490E-06   .682E+00   .000E+00   .682E+00   .000E+00  -.152E-05  -.146E+03   .000E+00  -.125E+03     264
       1.67361   .185E+00   .000E+00   .185E+00   .000E+00  -.240E-05   .683E+00   .000E+00   .683E+00   .000E+00  -.153E-05  -.147E+03   .000E+00  -.126E+03     265
       1.67421   .185E+00   .000E+00   .185E+00   .000E+00   .316E-05   .683E+00   .000E+00   .683E+00   .000E+00  -.153E-05  -.147E+03   .000E+00  -.126E+03     266
       1.67499   .185E+00   .000E+00   .185E+00   .000E+00  -.374E-05   .683E+00   .000E+00   .683E+00   .000E+00  -.153E-05  -.147E+03   .000E+00  -.126E+03     267
       1.67600   .185E+00   .000E+00   .185E+00   .000E+00   .312E-05   .683E+00   .000E+00   .683E+00   .000E+00  -.153E-05  -.147E+03   .000E+00  -.126E+03     268
       1.67732   .185E+00   .000E+00   .185E+00   .000E+00  -.374E-05   .684E+00   .000E+00   .684E+00   .000E+00  -.154E-05  -.147E+03   .000E+00  -.126E+03     269
       1.67903   .185E+00   .000E+00   .185E+00   .000E+00   .239E-05   .684E+00   .000E+00   .684E+00   .000E+00  -.153E-05  -.147E+03   .000E+00  -.126E+03     270
       1.68127   .185E+00   .000E+00   .185E+00   .000E+00   .894E-06   .684E+00   .000E+00   .684E+00   .000E+00  -.153E-05  -.147E+03   .000E+00  -.126E+03     271
       1.68416   .185E+00   .000E+00   .185E+00   .000E+00  -.170E-06   .685E+00   .000E+00   .685E+00   .000E+00  -.153E-05  -.147E+03   .000E+00  -.126E+03     272
       1.68797   .185E+00   .000E+00   .185E+00   .000E+00  -.214E-05   .686E+00   .000E+00   .686E+00   .000E+00  -.154E-05  -.148E+03   .000E+00  -.126E+03     273
       1.69288   .185E+00   .000E+00   .185E+00   .000E+00  -.369E-05   .686E+00   .000E+00   .686E+00   .000E+00  -.156E-05  -.148E+03   .000E+00  -.127E+03     274
       1.69929   .185E+00   .000E+00   .185E+00   .000E+00  -.141E-05   .688E+00   .000E+00   .688E+00   .000E+00  -.157E-05  -.148E+03   .000E+00  -.127E+03     275
       1.70759   .185E+00   .000E+00   .185E+00   .000E+00   .592E-06   .689E+00   .000E+00   .689E+00   .000E+00  -.156E-05  -.149E+03   .000E+00  -.128E+03     276
       1.71864   .185E+00   .000E+00   .185E+00   .000E+00   .124E-05   .691E+00   .000E+00   .691E+00   .000E+00  -.155E-05  -.150E+03   .000E+00  -.128E+03     277
       1.73216   .185E+00   .000E+00   .185E+00   .000E+00  -.767E-05   .694E+00   .000E+00   .694E+00   .000E+00  -.165E-05  -.151E+03   .000E+00  -.129E+03     278
       1.75018   .185E+00   .000E+00   .185E+00   .000E+00  -.660E-05   .697E+00   .000E+00   .697E+00   .000E+00  -.177E-05  -.152E+03   .000E+00  -.130E+03     279
       1.77270   .185E+00   .000E+00   .185E+00   .000E+00   .180E-05   .701E+00   .000E+00   .701E+00   .000E+00  -.173E-05  -.154E+03   .000E+00  -.131E+03     280
       1.80649   .185E+00   .000E+00   .185E+00   .000E+00  -.315E-05   .707E+00   .000E+00   .707E+00   .000E+00  -.184E-05  -.156E+03   .000E+00  -.133E+03     281
       1.84028   .185E+00   .000E+00   .185E+00   .000E+00  -.805E-06   .714E+00   .000E+00   .714E+00   .000E+00  -.186E-05  -.159E+03   .000E+00  -.135E+03     282
       1.84088   .185E+00   .000E+00   .185E+00   .000E+00  -.271E-06   .714E+00   .000E+00   .714E+00   .000E+00  -.186E-05  -.159E+03   .000E+00  -.135E+03     283
       1.84166   .185E+00   .000E+00   .185E+00   .000E+00  -.288E-05   .714E+00   .000E+00   .714E+00   .000E+00  -.186E-05  -.159E+03   .000E+00  -.135E+03     284
       1.84267   .185E+00   .000E+00   .185E+00   .000E+00  -.439E-05   .714E+00   .000E+00   .714E+00   .000E+00  -.187E-05  -.159E+03   .000E+00  -.135E+03     285
       1.84400   .185E+00   .000E+00   .185E+00   .000E+00   .681E-05   .714E+00   .000E+00   .714E+00   .000E+00  -.186E-05  -.159E+03   .000E+00  -.135E+03     286
       1.84571   .185E+00   .000E+00   .185E+00   .000E+00   .529E-05   .715E+00   .000E+00   .715E+00   .000E+00  -.185E-05  -.159E+03   .000E+00  -.135E+03     287
       1.84795   .185E+00   .000E+00   .185E+00   .000E+00   .372E-05   .715E+00   .000E+00   .715E+00   .000E+00  -.184E-05  -.159E+03   .000E+00  -.136E+03     288
       1.85082   .185E+00   .000E+00   .185E+00   .000E+00   .670E-06   .716E+00   .000E+00   .716E+00   .000E+00  -.184E-05  -.159E+03   .000E+00  -.136E+03     289
       1.85455   .185E+00   .000E+00   .185E+00   .000E+00  -.304E-05   .716E+00   .000E+00   .716E+00   .000E+00  -.185E-05  -.160E+03   .000E+00  -.136E+03     290
       1.85939   .185E+00   .000E+00   .185E+00   .000E+00   .272E-05   .717E+00   .000E+00   .717E+00   .000E+00  -.184E-05  -.160E+03   .000E+00  -.136E+03     291
       1.86579   .185E+00   .000E+00   .185E+00   .000E+00  -.576E-05   .718E+00   .000E+00   .718E+00   .000E+00  -.188E-05  -.161E+03   .000E+00  -.137E+03     292
       1.87417   .185E+00   .000E+00   .185E+00   .000E+00  -.446E-05   .720E+00   .000E+00   .720E+00   .000E+00  -.191E-05  -.161E+03   .000E+00  -.137E+03     293
       1.88466   .185E+00   .000E+00   .185E+00   .000E+00  -.702E-05   .722E+00   .000E+00   .722E+00   .000E+00  -.199E-05  -.162E+03   .000E+00  -.138E+03     294
       1.89908   .185E+00   .000E+00   .185E+00   .000E+00   .641E-05   .725E+00   .000E+00   .725E+00   .000E+00  -.189E-05  -.163E+03   .000E+00  -.139E+03     295
       1.91590   .185E+00   .000E+00   .185E+00   .000E+00   .396E-05   .728E+00   .000E+00   .728E+00   .000E+00  -.183E-05  -.164E+03   .000E+00  -.140E+03     296
       1.93692   .185E+00   .000E+00   .185E+00   .000E+00   .384E-05   .732E+00   .000E+00   .732E+00   .000E+00  -.175E-05  -.166E+03   .000E+00  -.141E+03     297
       1.96846   .185E+00   .000E+00   .185E+00   .000E+00   .524E-05   .737E+00   .000E+00   .737E+00   .000E+00  -.158E-05  -.168E+03   .000E+00  -.143E+03     298
       2.00000   .185E+00   .000E+00   .185E+00   .000E+00   .771E-05   .743E+00   .000E+00   .743E+00   .000E+00  -.134E-05  -.171E+03   .000E+00  -.145E+03     299
       2.00060   .247E+00   .000E+00   .247E+00   .000E+00  -.325E-05   .743E+00   .000E+00   .743E+00   .000E+00  -.134E-05  -.171E+03   .000E+00  -.145E+03     300
       2.00138   .247E+00   .000E+00   .247E+00   .000E+00   .666E-05   .744E+00   .000E+00   .744E+00   .000E+00  -.134E-05  -.172E+03   .000E+00  -.145E+03     301
       2.00239   .247E+00   .000E+00   .247E+00   .000E+00   .374E-05   .744E+00   .000E+00   .744E+00   .000E+00  -.133E-05  -.172E+03   .000E+00  -.145E+03     302
       2.00372   .247E+00   .000E+00   .247E+00   .000E+00   .936E-06   .744E+00   .000E+00   .744E+00   .000E+00  -.133E-05  -.172E+03   .000E+00  -.145E+03     303
       2.00545   .247E+00   .000E+00   .247E+00   .000E+00   .694E-05   .745E+00   .000E+00   .745E+00   .000E+00  -.132E-05  -.173E+03   .000E+00  -.145E+03     304
       2.00767   .247E+00   .000E+00   .247E+00   .000E+00  -.867E-05   .745E+00   .000E+00   .745E+00   .000E+00  -.134E-05  -.173E+03   .000E+00  -.145E+03     305
       2.01058   .247E+00   .000E+00   .247E+00   .000E+00   .231E-05   .746E+00   .000E+00   .746E+00   .000E+00  -.133E-05  -.174E+03   .000E+00  -.145E+03     306
       2.01441   .247E+00   .000E+00   .247E+00   .000E+00   .863E-05   .747E+00   .000E+00   .747E+00   .000E+00  -.130E-05  -.175E+03   .000E+00  -.145E+03     307
       2.01933   .247E+00   .000E+00   .247E+00   .000E+00   .575E-05   .748E+00   .000E+00   .748E+00   .000E+00  -.127E-05  -.175E+03   .000E+00  -.146E+03     308
       2.02573   .247E+00   .000E+00   .247E+00   .000E+00  -.137E-05   .750E+00   .000E+00   .750E+00   .000E+00  -.128E-05  -.176E+03   .000E+00  -.146E+03     309
       2.03395   .247E+00   .000E+00   .247E+00   .000E+00   .311E-05   .752E+00   .000E+00   .752E+00   .000E+00  -.125E-05  -.178E+03   .000E+00  -.147E+03     310
       2.04382   .247E+00   .000E+00   .247E+00   .000E+00   .379E-06   .754E+00   .000E+00   .754E+00   .000E+00  -.125E-05  -.179E+03   .000E+00  -.147E+03     311
       2.05698   .247E+00   .000E+00   .247E+00   .000E+00   .628E-05   .757E+00   .000E+00   .757E+00   .000E+00  -.117E-05  -.181E+03   .000E+00  -.148E+03     312
       2.08330   .247E+00   .000E+00   .247E+00   .000E+00  -.105E-05   .764E+00   .000E+00   .764E+00   .000E+00  -.119E-05  -.184E+03   .000E+00  -.151E+03     313
       2.10414   .247E+00   .000E+00   .247E+00   .000E+00  -.157E-05   .769E+00   .000E+00   .769E+00   .000E+00  -.123E-05  -.187E+03   .000E+00  -.153E+03     314
       2.13541   .247E+00   .000E+00   .247E+00   .000E+00  -.647E-05   .777E+00   .000E+00   .777E+00   .000E+00  -.143E-05  -.191E+03   .000E+00  -.156E+03     315
       2.16667   .247E+00   .000E+00   .247E+00   .000E+00  -.308E-06   .784E+00   .000E+00   .784E+00   .000E+00  -.144E-05  -.195E+03   .000E+00  -.158E+03     316
       2.16727   .243E+00   .000E+00   .243E+00   .000E+00   .219E-05   .785E+00   .000E+00   .785E+00   .000E+00  -.144E-05  -.195E+03   .000E+00  -.159E+03     317
       2.16805   .243E+00   .000E+00   .243E+00   .000E+00  -.213E-05   .785E+00   .000E+00   .785E+00   .000E+00  -.144E-05  -.195E+03   .000E+00  -.159E+03     318
       2.16906   .243E+00   .000E+00   .243E+00   .000E+00  -.368E-05   .785E+00   .000E+00   .785E+00   .000E+00  -.144E-05  -.195E+03   .000E+00  -.159E+03     319
       2.17038   .243E+00   .000E+00   .243E+00   .000E+00  -.520E-05   .785E+00   .000E+00   .785E+00   .000E+00  -.145E-05  -.195E+03   .000E+00  -.159E+03     320
       2.17209   .243E+00   .000E+00   .243E+00   .000E+00   .967E-06   .786E+00   .000E+00   .786E+00   .000E+00  -.145E-05  -.195E+03   .000E+00  -.159E+03     321
       2.17433   .243E+00   .000E+00   .243E+00   .000E+00  -.315E-05   .786E+00   .000E+00   .786E+00   .000E+00  -.146E-05  -.196E+03   .000E+00  -.159E+03     322
       2.17722   .243E+00   .000E+00   .243E+00   .000E+00   .268E-05   .787E+00   .000E+00   .787E+00   .000E+00  -.145E-05  -.196E+03   .000E+00  -.159E+03     323
       2.18103   .243E+00   .000E+00   .243E+00   .000E+00   .711E-05   .788E+00   .000E+00   .788E+00   .000E+00  -.142E-05  -.197E+03   .000E+00  -.160E+03     324
       2.18594   .243E+00   .000E+00   .243E+00   .000E+00   .204E-05   .789E+00   .000E+00   .789E+00   .000E+00  -.141E-05  -.197E+03   .000E+00  -.160E+03     325
       2.19235   .243E+00   .000E+00   .243E+00   .000E+00   .282E-05   .791E+00   .000E+00   .791E+00   .000E+00  -.139E-05  -.198E+03   .000E+00  -.161E+03     326
       2.20064   .243E+00   .000E+00   .243E+00   .000E+00   .303E-05   .793E+00   .000E+00   .793E+00   .000E+00  -.137E-05  -.199E+03   .000E+00  -.162E+03     327
       2.21170   .243E+00   .000E+00   .243E+00   .000E+00  -.146E-05   .795E+00   .000E+00   .795E+00   .000E+00  -.138E-05  -.201E+03   .000E+00  -.163E+03     328
       2.22522   .243E+00   .000E+00   .243E+00   .000E+00  -.175E-05   .799E+00   .000E+00   .799E+00   .000E+00  -.141E-05  -.203E+03   .000E+00  -.164E+03     329
       2.24323   .243E+00   .000E+00   .243E+00   .000E+00  -.316E-05   .803E+00   .000E+00   .803E+00   .000E+00  -.146E-05  -.205E+03   .000E+00  -.166E+03     330
       2.26576   .243E+00   .000E+00   .243E+00   .000E+00   .683E-06   .808E+00   .000E+00   .808E+00   .000E+00  -.145E-05  -.208E+03   .000E+00  -.168E+03     331
       2.29954   .243E+00   .000E+00   .243E+00   .000E+00  -.540E-05   .817E+00   .000E+00   .817E+00   .000E+00  -.163E-05  -.213E+03   .000E+00  -.171E+03     332
       2.33333   .243E+00   .000E+00   .243E+00   .000E+00   .525E-06   .825E+00   .000E+00   .825E+00   .000E+00  -.161E-05  -.218E+03   .000E+00  -.174E+03     333
       2.33393   .177E+00   .000E+00   .177E+00   .000E+00   .494E-06   .825E+00   .000E+00   .825E+00   .000E+00  -.161E-05  -.217E+03   .000E+00  -.174E+03     334
       2.33471   .177E+00   .000E+00   .177E+00   .000E+00  -.780E-07   .825E+00   .000E+00   .825E+00   .000E+00  -.161E-05  -.217E+03   .000E+00  -.174E+03     335
       2.33572   .177E+00   .000E+00   .177E+00   .000E+00  -.397E-05   .825E+00   .000E+00   .825E+00   .000E+00  -.162E-05  -.217E+03   .000E+00  -.174E+03     336
       2.33704   .177E+00   .000E+00   .177E+00   .000E+00   .181E-05   .826E+00   .000E+00   .826E+00   .000E+00  -.162E-05  -.216E+03   .000E+00  -.174E+03     337
       2.33875   .177E+00   .000E+00   .177E+00   .000E+00   .509E-05   .826E+00   .000E+00   .826E+00   .000E+00  -.161E-05  -.216E+03   .000E+00  -.174E+03     338
       2.34099   .177E+00   .000E+00   .177E+00   .000E+00   .103E-05   .826E+00   .000E+00   .826E+00   .000E+00  -.160E-05  -.216E+03   .000E+00  -.175E+03     339
       2.34388   .177E+00   .000E+00   .177E+00   .000E+00   .175E-05   .827E+00   .000E+00   .827E+00   .000E+00  -.160E-05  -.216E+03   .000E+00  -.175E+03     340
       2.34769   .177E+00   .000E+00   .177E+00   .000E+00   .213E-05   .827E+00   .000E+00   .827E+00   .000E+00  -.159E-05  -.216E+03   .000E+00  -.175E+03     341
       2.35260   .177E+00   .000E+00   .177E+00   .000E+00   .788E-06   .828E+00   .000E+00   .828E+00   .000E+00  -.159E-05  -.216E+03   .000E+00  -.176E+03     342
       2.35901   .177E+00   .000E+00   .177E+00   .000E+00  -.476E-05   .829E+00   .000E+00   .829E+00   .000E+00  -.162E-05  -.216E+03   .000E+00  -.176E+03     343
       2.36731   .177E+00   .000E+00   .177E+00   .000E+00   .281E-06   .831E+00   .000E+00   .831E+00   .000E+00  -.162E-05  -.217E+03   .000E+00  -.177E+03     344
       2.37836   .177E+00   .000E+00   .177E+00   .000E+00  -.208E-05   .833E+00   .000E+00   .833E+00   .000E+00  -.164E-05  -.217E+03   .000E+00  -.178E+03     345
       2.39188   .177E+00   .000E+00   .177E+00   .000E+00   .844E-06   .835E+00   .000E+00   .835E+00   .000E+00  -.163E-05  -.218E+03   .000E+00  -.179E+03     346
       2.40990   .177E+00   .000E+00   .177E+00   .000E+00   .187E-05   .838E+00   .000E+00   .838E+00   .000E+00  -.159E-05  -.220E+03   .000E+00  -.181E+03     347
       2.43242   .177E+00   .000E+00   .177E+00   .000E+00   .741E-07   .842E+00   .000E+00   .842E+00   .000E+00  -.159E-05  -.222E+03   .000E+00  -.183E+03     348
       2.46621   .177E+00   .000E+00   .177E+00   .000E+00  -.104E-06   .848E+00   .000E+00   .848E+00   .000E+00  -.159E-05  -.225E+03   .000E+00  -.185E+03     349
       2.50000   .177E+00   .000E+00   .177E+00   .000E+00  -.138E-05   .854E+00   .000E+00   .854E+00   .000E+00  -.164E-05  -.228E+03   .000E+00  -.188E+03     350
       2.50060   .172E+00   .000E+00   .172E+00   .000E+00  -.342E-05   .855E+00   .000E+00   .854E+00   .000E+00  -.164E-05  -.228E+03   .000E+00  -.188E+03     351
       2.50138   .172E+00   .000E+00   .172E+00   .000E+00  -.280E-05   .855E+00   .000E+00   .855E+00   .000E+00  -.165E-05  -.228E+03   .000E+00  -.188E+03     352
       2.50239   .172E+00   .000E+00   .172E+00   .000E+00  -.824E-06   .855E+00   .000E+00   .855E+00   .000E+00  -.165E-05  -.228E+03   .000E+00  -.188E+03     353
       2.50371   .172E+00   .000E+00   .172E+00   .000E+00  -.309E-05   .855E+00   .000E+00   .855E+00   .000E+00  -.165E-05  -.228E+03   .000E+00  -.189E+03     354
       2.50542   .172E+00   .000E+00   .172E+00   .000E+00  -.499E-05   .855E+00   .000E+00   .855E+00   .000E+00  -.166E-05  -.229E+03   .000E+00  -.189E+03     355
       2.50766   .172E+00   .000E+00   .172E+00   .000E+00  -.248E-05   .856E+00   .000E+00   .856E+00   .000E+00  -.167E-05  -.229E+03   .000E+00  -.189E+03     356
       2.51055   .172E+00   .000E+00   .172E+00   .000E+00   .124E-05   .856E+00   .000E+00   .856E+00   .000E+00  -.166E-05  -.229E+03   .000E+00  -.189E+03     357
       2.51436   .172E+00   .000E+00   .172E+00   .000E+00  -.366E-05   .857E+00   .000E+00   .857E+00   .000E+00  -.168E-05  -.229E+03   .000E+00  -.189E+03     358
       2.51927   .172E+00   .000E+00   .172E+00   .000E+00  -.742E-07   .858E+00   .000E+00   .858E+00   .000E+00  -.168E-05  -.230E+03   .000E+00  -.190E+03     359
       2.52568   .172E+00   .000E+00   .172E+00   .000E+00  -.149E-09   .859E+00   .000E+00   .859E+00   .000E+00  -.168E-05  -.230E+03   .000E+00  -.190E+03     360
       2.53398   .172E+00   .000E+00   .172E+00   .000E+00  -.380E-06   .860E+00   .000E+00   .860E+00   .000E+00  -.168E-05  -.231E+03   .000E+00  -.191E+03     361
       2.54503   .172E+00   .000E+00   .172E+00   .000E+00  -.504E-06   .862E+00   .000E+00   .862E+00   .000E+00  -.168E-05  -.232E+03   .000E+00  -.192E+03     362
       2.55855   .172E+00   .000E+00   .172E+00   .000E+00  -.473E-06   .864E+00   .000E+00   .864E+00   .000E+00  -.169E-05  -.234E+03   .000E+00  -.194E+03     363
       2.57657   .172E+00   .000E+00   .172E+00   .000E+00  -.257E-06   .868E+00   .000E+00   .868E+00   .000E+00  -.170E-05  -.236E+03   .000E+00  -.195E+03     364
       2.59909   .172E+00   .000E+00   .172E+00   .000E+00   .470E-05   .871E+00   .000E+00   .871E+00   .000E+00  -.159E-05  -.238E+03   .000E+00  -.197E+03     365
       2.63288   .172E+00   .000E+00   .172E+00   .000E+00   .678E-06   .877E+00   .000E+00   .877E+00   .000E+00  -.157E-05  -.242E+03   .000E+00  -.200E+03     366
       2.66667   .172E+00   .000E+00   .172E+00   .000E+00  -.170E-05   .883E+00   .000E+00   .883E+00   .000E+00  -.162E-05  -.246E+03   .000E+00  -.203E+03     367
       2.66727   .172E+00   .000E+00   .172E+00   .000E+00  -.125E-05   .883E+00   .000E+00   .883E+00   .000E+00  -.162E-05  -.246E+03   .000E+00  -.203E+03     368
       2.66805   .172E+00   .000E+00   .172E+00   .000E+00  -.213E-05   .883E+00   .000E+00   .883E+00   .000E+00  -.163E-05  -.246E+03   .000E+00  -.203E+03     369
       2.66906   .172E+00   .000E+00   .172E+00   .000E+00  -.870E-06   .884E+00   .000E+00   .883E+00   .000E+00  -.163E-05  -.246E+03   .000E+00  -.203E+03     370
       2.67038   .172E+00   .000E+00   .172E+00   .000E+00  -.129E-05   .884E+00   .000E+00   .884E+00   .000E+00  -.163E-05  -.246E+03   .000E+00  -.203E+03     371
       2.67209   .172E+00   .000E+00   .172E+00   .000E+00  -.175E-05   .884E+00   .000E+00   .884E+00   .000E+00  -.163E-05  -.246E+03   .000E+00  -.204E+03     372
       2.67433   .172E+00   .000E+00   .172E+00   .000E+00  -.347E-05   .884E+00   .000E+00   .884E+00   .000E+00  -.164E-05  -.246E+03   .000E+00  -.204E+03     373
       2.67722   .172E+00   .000E+00   .172E+00   .000E+00   .903E-06   .885E+00   .000E+00   .885E+00   .000E+00  -.164E-05  -.247E+03   .000E+00  -.204E+03     374
       2.68103   .172E+00   .000E+00   .172E+00   .000E+00   .338E-07   .886E+00   .000E+00   .886E+00   .000E+00  -.164E-05  -.247E+03   .000E+00  -.204E+03     375
       2.68594   .172E+00   .000E+00   .172E+00   .000E+00  -.194E-05   .886E+00   .000E+00   .886E+00   .000E+00  -.165E-05  -.248E+03   .000E+00  -.205E+03     376
       2.69235   .172E+00   .000E+00   .172E+00   .000E+00   .929E-06   .888E+00   .000E+00   .888E+00   .000E+00  -.164E-05  -.249E+03   .000E+00  -.205E+03     377
       2.70064   .172E+00   .000E+00   .172E+00   .000E+00   .166E-05   .889E+00   .000E+00   .889E+00   .000E+00  -.163E-05  -.250E+03   .000E+00  -.206E+03     378
       2.71170   .172E+00   .000E+00   .172E+00   .000E+00  -.380E-05   .891E+00   .000E+00   .891E+00   .000E+00  -.167E-05  -.251E+03   .000E+00  -.207E+03     379
       2.72522   .172E+00   .000E+00   .172E+00   .000E+00  -.229E-05   .893E+00   .000E+00   .893E+00   .000E+00  -.170E-05  -.253E+03   .000E+00  -.208E+03     380
       2.74323   .172E+00   .000E+00   .172E+00   .000E+00  -.640E-06   .896E+00   .000E+00   .896E+00   .000E+00  -.171E-05  -.255E+03   .000E+00  -.210E+03     381
       2.76576   .172E+00   .000E+00   .172E+00   .000E+00  -.346E-05   .900E+00   .000E+00   .900E+00   .000E+00  -.179E-05  -.258E+03   .000E+00  -.211E+03     382
       2.79954   .172E+00   .000E+00   .172E+00   .000E+00  -.980E-06   .906E+00   .000E+00   .906E+00   .000E+00  -.182E-05  -.262E+03   .000E+00  -.214E+03     383
       2.83333   .172E+00   .000E+00   .172E+00   .000E+00  -.198E-05   .912E+00   .000E+00   .912E+00   .000E+00  -.189E-05  -.266E+03   .000E+00  -.217E+03     384
       2.83393   .172E+00   .000E+00   .172E+00   .000E+00   .150E-05   .912E+00   .000E+00   .912E+00   .000E+00  -.189E-05  -.266E+03   .000E+00  -.217E+03     385
       2.83471   .172E+00   .000E+00   .172E+00   .000E+00  -.332E-05   .912E+00   .000E+00   .912E+00   .000E+00  -.189E-05  -.266E+03   .000E+00  -.217E+03     386
       2.83572   .172E+00   .000E+00   .172E+00   .000E+00   .143E-05   .912E+00   .000E+00   .912E+00   .000E+00  -.189E-05  -.267E+03   .000E+00  -.217E+03     387
       2.83705   .172E+00   .000E+00   .172E+00   .000E+00  -.693E-06   .912E+00   .000E+00   .912E+00   .000E+00  -.189E-05  -.267E+03   .000E+00  -.217E+03     388
       2.83878   .172E+00   .000E+00   .172E+00   .000E+00  -.272E-05   .913E+00   .000E+00   .913E+00   .000E+00  -.190E-05  -.267E+03   .000E+00  -.217E+03     389
       2.84101   .172E+00   .000E+00   .172E+00   .000E+00  -.624E-06   .913E+00   .000E+00   .913E+00   .000E+00  -.190E-05  -.267E+03   .000E+00  -.218E+03     390
       2.84392   .172E+00   .000E+00   .172E+00   .000E+00   .135E-05   .914E+00   .000E+00   .914E+00   .000E+00  -.189E-05  -.268E+03   .000E+00  -.218E+03     391
       2.84775   .172E+00   .000E+00   .172E+00   .000E+00   .154E-05   .914E+00   .000E+00   .914E+00   .000E+00  -.189E-05  -.268E+03   .000E+00  -.218E+03     392
       2.85267   .172E+00   .000E+00   .172E+00   .000E+00   .813E-06   .915E+00   .000E+00   .915E+00   .000E+00  -.188E-05  -.269E+03   .000E+00  -.219E+03     393
       2.85908   .172E+00   .000E+00   .172E+00   .000E+00  -.141E-05   .916E+00   .000E+00   .916E+00   .000E+00  -.189E-05  -.270E+03   .000E+00  -.219E+03     394
       2.86731   .172E+00   .000E+00   .172E+00   .000E+00  -.204E-05   .918E+00   .000E+00   .918E+00   .000E+00  -.191E-05  -.271E+03   .000E+00  -.220E+03     395
       2.87719   .172E+00   .000E+00   .172E+00   .000E+00   .261E-05   .919E+00   .000E+00   .919E+00   .000E+00  -.188E-05  -.272E+03   .000E+00  -.221E+03     396
       2.89036   .172E+00   .000E+00   .172E+00   .000E+00  -.576E-06   .922E+00   .000E+00   .922E+00   .000E+00  -.189E-05  -.274E+03   .000E+00  -.222E+03     397
       2.91670   .172E+00   .000E+00   .172E+00   .000E+00   .187E-05   .926E+00   .000E+00   .926E+00   .000E+00  -.184E-05  -.277E+03   .000E+00  -.224E+03     398
       2.93752   .172E+00   .000E+00   .172E+00   .000E+00  -.211E-05   .930E+00   .000E+00   .930E+00   .000E+00  -.189E-05  -.280E+03   .000E+00  -.226E+03     399
       2.96876   .172E+00   .000E+00   .172E+00   .000E+00   .103E-05   .935E+00   .000E+00   .935E+00   .000E+00  -.185E-05  -.284E+03   .000E+00  -.228E+03     400
       3.00000   .172E+00   .000E+00   .172E+00   .000E+00  -.245E-05   .940E+00   .000E+00   .940E+00   .000E+00  -.193E-05  -.289E+03   .000E+00  -.231E+03     401
       3.00060   .247E+00   .000E+00   .247E+00   .000E+00   .399E-06   .941E+00   .000E+00   .941E+00   .000E+00  -.193E-05  -.290E+03   .000E+00  -.231E+03     402
       3.00138   .247E+00   .000E+00   .247E+00   .000E+00   .246E-06   .941E+00   .000E+00   .941E+00   .000E+00  -.193E-05  -.291E+03   .000E+00  -.231E+03     403
       3.00239   .247E+00   .000E+00   .247E+00   .000E+00   .941E-06   .941E+00   .000E+00   .941E+00   .000E+00  -.193E-05  -.292E+03   .000E+00  -.231E+03     404
       3.00371   .247E+00   .000E+00   .247E+00   .000E+00  -.900E-06   .941E+00   .000E+00   .941E+00   .000E+00  -.193E-05  -.293E+03   .000E+00  -.232E+03     405
       3.00542   .247E+00   .000E+00   .247E+00   .000E+00  -.286E-05   .942E+00   .000E+00   .942E+00   .000E+00  -.193E-05  -.294E+03   .000E+00  -.232E+03     406
       3.00766   .247E+00   .000E+00   .247E+00   .000E+00  -.326E-06   .942E+00   .000E+00   .942E+00   .000E+00  -.193E-05  -.295E+03   .000E+00  -.232E+03     407
       3.01055   .247E+00   .000E+00   .247E+00   .000E+00   .143E-06   .943E+00   .000E+00   .943E+00   .000E+00  -.193E-05  -.296E+03   .000E+00  -.232E+03     408
       3.01436   .247E+00   .000E+00   .247E+00   .000E+00   .266E-05   .944E+00   .000E+00   .944E+00   .000E+00  -.192E-05  -.298E+03   .000E+00  -.233E+03     409
       3.01927   .247E+00   .000E+00   .247E+00   .000E+00   .987E-06   .945E+00   .000E+00   .945E+00   .000E+00  -.192E-05  -.300E+03   .000E+00  -.233E+03     410
       3.02568   .247E+00   .000E+00   .247E+00   .000E+00   .140E-06   .947E+00   .000E+00   .947E+00   .000E+00  -.192E-05  -.302E+03   .000E+00  -.234E+03     411
       3.03398   .247E+00   .000E+00   .247E+00   .000E+00  -.363E-06   .949E+00   .000E+00   .949E+00   .000E+00  -.192E-05  -.305E+03   .000E+00  -.234E+03     412
       3.04503   .247E+00   .000E+00   .247E+00   .000E+00  -.156E-05   .952E+00   .000E+00   .952E+00   .000E+00  -.194E-05  -.309E+03   .000E+00  -.235E+03     413
       3.05855   .247E+00   .000E+00   .247E+00   .000E+00   .548E-06   .955E+00   .000E+00   .955E+00   .000E+00  -.193E-05  -.313E+03   .000E+00  -.237E+03     414
       3.07657   .247E+00   .000E+00   .247E+00   .000E+00   .848E-07   .959E+00   .000E+00   .959E+00   .000E+00  -.193E-05  -.319E+03   .000E+00  -.239E+03     415
       3.09909   .247E+00   .000E+00   .247E+00   .000E+00  -.354E-06   .965E+00   .000E+00   .965E+00   .000E+00  -.194E-05  -.325E+03   .000E+00  -.241E+03     416
       3.13288   .247E+00   .000E+00   .247E+00   .000E+00  -.190E-05   .973E+00   .000E+00   .973E+00   .000E+00  -.200E-05  -.335E+03   .000E+00  -.246E+03     417
       3.16667   .247E+00   .000E+00   .247E+00   .000E+00   .905E-06   .982E+00   .000E+00   .982E+00   .000E+00  -.197E-05  -.345E+03   .000E+00  -.251E+03     418
       3.16727   .230E+00   .000E+00   .230E+00   .000E+00  -.238E-05   .982E+00   .000E+00   .982E+00   .000E+00  -.197E-05  -.345E+03   .000E+00  -.251E+03     419
       3.16805   .230E+00   .000E+00   .230E+00   .000E+00   .225E-06   .982E+00   .000E+00   .982E+00   .000E+00  -.197E-05  -.345E+03   .000E+00  -.251E+03     420
       3.16906   .230E+00   .000E+00   .230E+00   .000E+00  -.148E-05   .982E+00   .000E+00   .982E+00   .000E+00  -.197E-05  -.345E+03   .000E+00  -.251E+03     421
       3.17038   .230E+00   .000E+00   .230E+00   .000E+00  -.203E-05   .982E+00   .000E+00   .982E+00   .000E+00  -.198E-05  -.345E+03   .000E+00  -.251E+03     422
       3.17209   .230E+00   .000E+00   .230E+00   .000E+00   .113E-05   .983E+00   .000E+00   .983E+00   .000E+00  -.197E-05  -.346E+03   .000E+00  -.251E+03     423
       3.17433   .230E+00   .000E+00   .230E+00   .000E+00   .157E-05   .983E+00   .000E+00   .983E+00   .000E+00  -.197E-05  -.346E+03   .000E+00  -.252E+03     424
       3.17722   .230E+00   .000E+00   .230E+00   .000E+00   .899E-06   .984E+00   .000E+00   .984E+00   .000E+00  -.197E-05  -.347E+03   .000E+00  -.252E+03     425
       3.18103   .230E+00   .000E+00   .230E+00   .000E+00  -.113E-05   .985E+00   .000E+00   .985E+00   .000E+00  -.197E-05  -.347E+03   .000E+00  -.253E+03     426
       3.18594   .230E+00   .000E+00   .230E+00   .000E+00  -.170E-05   .986E+00   .000E+00   .986E+00   .000E+00  -.198E-05  -.349E+03   .000E+00  -.253E+03     427
       3.19235   .230E+00   .000E+00   .230E+00   .000E+00  -.208E-05   .987E+00   .000E+00   .987E+00   .000E+00  -.199E-05  -.350E+03   .000E+00  -.254E+03     428
       3.20064   .230E+00   .000E+00   .230E+00   .000E+00  -.187E-05   .989E+00   .000E+00   .989E+00   .000E+00  -.201E-05  -.352E+03   .000E+00  -.255E+03     429
       3.21169   .230E+00   .000E+00   .230E+00   .000E+00   .806E-06   .992E+00   .000E+00   .992E+00   .000E+00  -.200E-05  -.355E+03   .000E+00  -.257E+03     430
       3.22521   .230E+00   .000E+00   .230E+00   .000E+00   .177E-05   .995E+00   .000E+00   .995E+00   .000E+00  -.198E-05  -.358E+03   .000E+00  -.259E+03     431
       3.24322   .230E+00   .000E+00   .230E+00   .000E+00   .273E-05   .999E+00   .000E+00   .999E+00   .000E+00  -.193E-05  -.363E+03   .000E+00  -.261E+03     432
       3.26574   .230E+00   .000E+00   .230E+00   .000E+00   .341E-05   .100E+01   .000E+00   .100E+01   .000E+00  -.185E-05  -.369E+03   .000E+00  -.264E+03     433
       3.29952   .230E+00   .000E+00   .230E+00   .000E+00  -.108E-05   .101E+01   .000E+00   .101E+01   .000E+00  -.189E-05  -.379E+03   .000E+00  -.269E+03     434
       3.33330   .230E+00   .000E+00   .230E+00   .000E+00  -.504E-06   .102E+01   .000E+00   .102E+01   .000E+00  -.191E-05  -.389E+03   .000E+00  -.273E+03     435
       3.35417   .230E+00   .000E+00   .230E+00   .000E+00  -.223E-06   .102E+01   .000E+00   .102E+01   .000E+00  -.191E-05  -.395E+03   .000E+00  -.276E+03     436
       3.35477   .189E+00   .000E+00   .189E+00   .000E+00  -.125E-05   .102E+01   .000E+00   .102E+01   .000E+00  -.191E-05  -.394E+03   .000E+00  -.276E+03     437
       3.35555   .189E+00   .000E+00   .189E+00   .000E+00  -.202E-05   .102E+01   .000E+00   .102E+01   .000E+00  -.191E-05  -.393E+03   .000E+00  -.276E+03     438
       3.35657   .189E+00   .000E+00   .189E+00   .000E+00   .114E-05   .103E+01   .000E+00   .103E+01   .000E+00  -.191E-05  -.393E+03   .000E+00  -.277E+03     439
       3.35788   .189E+00   .000E+00   .189E+00   .000E+00  -.316E-06   .103E+01   .000E+00   .103E+01   .000E+00  -.191E-05  -.393E+03   .000E+00  -.277E+03     440
       3.35960   .189E+00   .000E+00   .189E+00   .000E+00   .155E-05   .103E+01   .000E+00   .103E+01   .000E+00  -.191E-05  -.392E+03   .000E+00  -.277E+03     441
       3.36183   .189E+00   .000E+00   .189E+00   .000E+00  -.955E-06   .103E+01   .000E+00   .103E+01   .000E+00  -.191E-05  -.392E+03   .000E+00  -.277E+03     442
       3.36473   .189E+00   .000E+00   .189E+00   .000E+00  -.116E-05   .103E+01   .000E+00   .103E+01   .000E+00  -.191E-05  -.392E+03   .000E+00  -.278E+03     443
       3.36848   .189E+00   .000E+00   .189E+00   .000E+00  -.197E-05   .103E+01   .000E+00   .103E+01   .000E+00  -.192E-05  -.393E+03   .000E+00  -.278E+03     444
       3.37342   .189E+00   .000E+00   .189E+00   .000E+00  -.842E-07   .103E+01   .000E+00   .103E+01   .000E+00  -.192E-05  -.393E+03   .000E+00  -.279E+03     445
       3.37978   .189E+00   .000E+00   .189E+00   .000E+00  -.850E-06   .103E+01   .000E+00   .103E+01   .000E+00  -.193E-05  -.394E+03   .000E+00  -.280E+03     446
       3.38826   .189E+00   .000E+00   .189E+00   .000E+00  -.222E-06   .103E+01   .000E+00   .103E+01   .000E+00  -.193E-05  -.395E+03   .000E+00  -.281E+03     447
       3.39905   .189E+00   .000E+00   .189E+00   .000E+00  -.237E-05   .103E+01   .000E+00   .103E+01   .000E+00  -.195E-05  -.396E+03   .000E+00  -.282E+03     448
       3.41253   .189E+00   .000E+00   .189E+00   .000E+00   .130E-05   .104E+01   .000E+00   .104E+01   .000E+00  -.194E-05  -.399E+03   .000E+00  -.284E+03     449
       3.43141   .189E+00   .000E+00   .189E+00   .000E+00  -.486E-06   .104E+01   .000E+00   .104E+01   .000E+00  -.195E-05  -.402E+03   .000E+00  -.287E+03     450
       3.45659   .189E+00   .000E+00   .189E+00   .000E+00   .984E-06   .104E+01   .000E+00   .104E+01   .000E+00  -.192E-05  -.408E+03   .000E+00  -.290E+03     451
       3.48176   .189E+00   .000E+00   .189E+00   .000E+00  -.626E-06   .105E+01   .000E+00   .105E+01   .000E+00  -.194E-05  -.413E+03   .000E+00  -.293E+03     452
       3.50694   .189E+00   .000E+00   .189E+00   .000E+00   .581E-06   .105E+01   .000E+00   .105E+01   .000E+00  -.192E-05  -.419E+03   .000E+00  -.297E+03     453
       3.50754   .214E+00   .000E+00   .214E+00   .000E+00   .125E-05   .105E+01   .000E+00   .105E+01   .000E+00  -.192E-05  -.420E+03   .000E+00  -.297E+03     454
       3.50832   .214E+00   .000E+00   .214E+00   .000E+00  -.119E-05   .105E+01   .000E+00   .105E+01   .000E+00  -.192E-05  -.421E+03   .000E+00  -.297E+03     455
       3.50933   .214E+00   .000E+00   .214E+00   .000E+00   .837E-06   .105E+01   .000E+00   .105E+01   .000E+00  -.192E-05  -.422E+03   .000E+00  -.297E+03     456
       3.51065   .214E+00   .000E+00   .214E+00   .000E+00   .189E-05   .105E+01   .000E+00   .105E+01   .000E+00  -.192E-05  -.423E+03   .000E+00  -.297E+03     457
       3.51236   .214E+00   .000E+00   .214E+00   .000E+00   .570E-06   .105E+01   .000E+00   .105E+01   .000E+00  -.192E-05  -.423E+03   .000E+00  -.298E+03     458
       3.51460   .214E+00   .000E+00   .214E+00   .000E+00  -.204E-05   .106E+01   .000E+00   .106E+01   .000E+00  -.192E-05  -.425E+03   .000E+00  -.298E+03     459
       3.51749   .214E+00   .000E+00   .214E+00   .000E+00  -.945E-06   .106E+01   .000E+00   .106E+01   .000E+00  -.193E-05  -.426E+03   .000E+00  -.298E+03     460
       3.52130   .214E+00   .000E+00   .214E+00   .000E+00  -.191E-08   .106E+01   .000E+00   .106E+01   .000E+00  -.193E-05  -.428E+03   .000E+00  -.299E+03     461
       3.52621   .214E+00   .000E+00   .214E+00   .000E+00  -.317E-06   .106E+01   .000E+00   .106E+01   .000E+00  -.193E-05  -.430E+03   .000E+00  -.300E+03     462
       3.53262   .214E+00   .000E+00   .214E+00   .000E+00  -.337E-06   .106E+01   .000E+00   .106E+01   .000E+00  -.193E-05  -.432E+03   .000E+00  -.300E+03     463
       3.54092   .214E+00   .000E+00   .214E+00   .000E+00  -.105E-05   .106E+01   .000E+00   .106E+01   .000E+00  -.194E-05  -.435E+03   .000E+00  -.302E+03     464
       3.55197   .214E+00   .000E+00   .214E+00   .000E+00  -.203E-05   .106E+01   .000E+00   .106E+01   .000E+00  -.196E-05  -.439E+03   .000E+00  -.303E+03     465
       3.56549   .214E+00   .000E+00   .214E+00   .000E+00  -.946E-06   .107E+01   .000E+00   .107E+01   .000E+00  -.197E-05  -.444E+03   .000E+00  -.305E+03     466
       3.58351   .214E+00   .000E+00   .214E+00   .000E+00   .164E-06   .107E+01   .000E+00   .107E+01   .000E+00  -.197E-05  -.451E+03   .000E+00  -.308E+03     467
       3.60603   .214E+00   .000E+00   .214E+00   .000E+00  -.759E-07   .107E+01   .000E+00   .107E+01   .000E+00  -.197E-05  -.459E+03   .000E+00  -.312E+03     468
       3.63982   .214E+00   .000E+00   .214E+00   .000E+00   .512E-06   .108E+01   .000E+00   .108E+01   .000E+00  -.196E-05  -.471E+03   .000E+00  -.318E+03     469
       3.67361   .214E+00   .000E+00   .214E+00   .000E+00  -.147E-05   .109E+01   .000E+00   .109E+01   .000E+00  -.200E-05  -.484E+03   .000E+00  -.323E+03     470
       3.67421   .214E+00   .000E+00   .214E+00   .000E+00   .176E-05   .109E+01   .000E+00   .109E+01   .000E+00  -.200E-05  -.485E+03   .000E+00  -.323E+03     471
       3.67499   .214E+00   .000E+00   .214E+00   .000E+00  -.788E-06   .109E+01   .000E+00   .109E+01   .000E+00  -.200E-05  -.485E+03   .000E+00  -.323E+03     472
       3.67600   .214E+00   .000E+00   .214E+00   .000E+00  -.184E-05   .109E+01   .000E+00   .109E+01   .000E+00  -.201E-05  -.485E+03   .000E+00  -.323E+03     473
       3.67733   .214E+00   .000E+00   .214E+00   .000E+00   .107E-06   .109E+01   .000E+00   .109E+01   .000E+00  -.201E-05  -.486E+03   .000E+00  -.324E+03     474
       3.67906   .214E+00   .000E+00   .214E+00   .000E+00  -.133E-06   .109E+01   .000E+00   .109E+01   .000E+00  -.201E-05  -.487E+03   .000E+00  -.324E+03     475
       3.68127   .214E+00   .000E+00   .214E+00   .000E+00  -.211E-05   .109E+01   .000E+00   .109E+01   .000E+00  -.201E-05  -.487E+03   .000E+00  -.324E+03     476
       3.68414   .214E+00   .000E+00   .214E+00   .000E+00  -.191E-06   .109E+01   .000E+00   .109E+01   .000E+00  -.201E-05  -.489E+03   .000E+00  -.325E+03     477
       3.68801   .214E+00   .000E+00   .214E+00   .000E+00  -.283E-06   .109E+01   .000E+00   .109E+01   .000E+00  -.201E-05  -.490E+03   .000E+00  -.325E+03     478
       3.69278   .214E+00   .000E+00   .214E+00   .000E+00  -.544E-06   .109E+01   .000E+00   .109E+01   .000E+00  -.202E-05  -.492E+03   .000E+00  -.326E+03     479
       3.69914   .214E+00   .000E+00   .214E+00   .000E+00  -.219E-05   .109E+01   .000E+00   .109E+01   .000E+00  -.203E-05  -.495E+03   .000E+00  -.327E+03     480
       3.70761   .214E+00   .000E+00   .214E+00   .000E+00   .453E-06   .110E+01   .000E+00   .110E+01   .000E+00  -.203E-05  -.498E+03   .000E+00  -.328E+03     481
       3.71821   .214E+00   .000E+00   .214E+00   .000E+00   .452E-06   .110E+01   .000E+00   .110E+01   .000E+00  -.202E-05  -.503E+03   .000E+00  -.330E+03     482
       3.73411   .214E+00   .000E+00   .214E+00   .000E+00  -.148E-05   .110E+01   .000E+00   .110E+01   .000E+00  -.204E-05  -.510E+03   .000E+00  -.332E+03     483
       3.75000   .214E+00   .000E+00   .214E+00   .000E+00  -.154E-05   .111E+01   .000E+00   .111E+01   .000E+00  -.207E-05  -.516E+03   .000E+00  -.335E+03     484
       3.76806   .214E+00   .000E+00   .214E+00   .000E+00   .822E-06   .111E+01   .000E+00   .111E+01   .000E+00  -.205E-05  -.524E+03   .000E+00  -.338E+03     485
       3.79213   .214E+00   .000E+00   .214E+00   .000E+00   .834E-06   .111E+01   .000E+00   .111E+01   .000E+00  -.203E-05  -.535E+03   .000E+00  -.341E+03     486
       3.81621   .214E+00   .000E+00   .214E+00   .000E+00  -.146E-05   .112E+01   .000E+00   .112E+01   .000E+00  -.207E-05  -.546E+03   .000E+00  -.345E+03     487
       3.84028   .214E+00   .000E+00   .214E+00   .000E+00   .166E-05   .112E+01   .000E+00   .112E+01   .000E+00  -.203E-05  -.557E+03   .000E+00  -.349E+03     488
       3.84088   .214E+00   .000E+00   .214E+00   .000E+00   .263E-05   .112E+01   .000E+00   .112E+01   .000E+00  -.203E-05  -.558E+03   .000E+00  -.349E+03     489
       3.84166   .214E+00   .000E+00   .214E+00   .000E+00   .255E-05   .113E+01   .000E+00   .113E+01   .000E+00  -.203E-05  -.558E+03   .000E+00  -.349E+03     490
       3.84268   .214E+00   .000E+00   .214E+00   .000E+00   .127E-05   .113E+01   .000E+00   .113E+01   .000E+00  -.202E-05  -.559E+03   .000E+00  -.349E+03     491
       3.84400   .214E+00   .000E+00   .214E+00   .000E+00  -.149E-06   .113E+01   .000E+00   .113E+01   .000E+00  -.202E-05  -.559E+03   .000E+00  -.349E+03     492
       3.84571   .214E+00   .000E+00   .214E+00   .000E+00   .804E-06   .113E+01   .000E+00   .113E+01   .000E+00  -.202E-05  -.560E+03   .000E+00  -.350E+03     493
       3.84795   .214E+00   .000E+00   .214E+00   .000E+00  -.177E-05   .113E+01   .000E+00   .113E+01   .000E+00  -.203E-05  -.561E+03   .000E+00  -.350E+03     494
       3.85082   .214E+00   .000E+00   .214E+00   .000E+00  -.302E-06   .113E+01   .000E+00   .113E+01   .000E+00  -.203E-05  -.562E+03   .000E+00  -.351E+03     495
       3.85455   .214E+00   .000E+00   .214E+00   .000E+00   .386E-06   .113E+01   .000E+00   .113E+01   .000E+00  -.203E-05  -.564E+03   .000E+00  -.351E+03     496
       3.85939   .214E+00   .000E+00   .214E+00   .000E+00   .179E-05   .113E+01   .000E+00   .113E+01   .000E+00  -.202E-05  -.567E+03   .000E+00  -.352E+03     497
       3.86579   .214E+00   .000E+00   .214E+00   .000E+00  -.140E-05   .113E+01   .000E+00   .113E+01   .000E+00  -.203E-05  -.570E+03   .000E+00  -.353E+03     498
       3.87417   .214E+00   .000E+00   .214E+00   .000E+00  -.566E-06   .113E+01   .000E+00   .113E+01   .000E+00  -.203E-05  -.574E+03   .000E+00  -.354E+03     499
       3.88466   .214E+00   .000E+00   .214E+00   .000E+00  -.617E-06   .113E+01   .000E+00   .113E+01   .000E+00  -.204E-05  -.579E+03   .000E+00  -.356E+03     500
       3.89908   .214E+00   .000E+00   .214E+00   .000E+00  -.415E-06   .114E+01   .000E+00   .114E+01   .000E+00  -.204E-05  -.586E+03   .000E+00  -.358E+03     501
       3.91590   .214E+00   .000E+00   .214E+00   .000E+00   .152E-05   .114E+01   .000E+00   .114E+01   .000E+00  -.202E-05  -.595E+03   .000E+00  -.361E+03     502
       3.93692   .214E+00   .000E+00   .214E+00   .000E+00   .249E-06   .115E+01   .000E+00   .115E+01   .000E+00  -.201E-05  -.607E+03   .000E+00  -.364E+03     503
       3.96846   .214E+00   .000E+00   .214E+00   .000E+00   .505E-06   .115E+01   .000E+00   .115E+01   .000E+00  -.200E-05  -.624E+03   .000E+00  -.369E+03     504
       4.00000   .214E+00   .000E+00   .214E+00   .000E+00   .769E-06   .116E+01   .000E+00   .116E+01   .000E+00  -.197E-05  -.643E+03   .000E+00  -.374E+03     505
       4.00060   .258E+00   .000E+00   .258E+00   .000E+00  -.255E-05   .116E+01   .000E+00   .116E+01   .000E+00  -.197E-05  -.647E+03   .000E+00  -.374E+03     506
       4.00138   .258E+00   .000E+00   .258E+00   .000E+00  -.185E-05   .116E+01   .000E+00   .116E+01   .000E+00  -.198E-05  -.649E+03   .000E+00  -.375E+03     507
       4.00239   .258E+00   .000E+00   .258E+00   .000E+00   .164E-05   .116E+01   .000E+00   .116E+01   .000E+00  -.197E-05  -.652E+03   .000E+00  -.375E+03     508
       4.00371   .258E+00   .000E+00   .258E+00   .000E+00   .220E-06   .116E+01   .000E+00   .116E+01   .000E+00  -.197E-05  -.655E+03   .000E+00  -.375E+03     509
       4.00542   .258E+00   .000E+00   .258E+00   .000E+00   .992E-06   .116E+01   .000E+00   .116E+01   .000E+00  -.197E-05  -.658E+03   .000E+00  -.375E+03     510
       4.00766   .258E+00   .000E+00   .258E+00   .000E+00  -.207E-05   .116E+01   .000E+00   .116E+01   .000E+00  -.198E-05  -.662E+03   .000E+00  -.376E+03     511
       4.01055   .258E+00   .000E+00   .258E+00   .000E+00   .227E-06   .116E+01   .000E+00   .116E+01   .000E+00  -.198E-05  -.666E+03   .000E+00  -.376E+03     512
       4.01436   .258E+00   .000E+00   .258E+00   .000E+00   .542E-08   .116E+01   .000E+00   .116E+01   .000E+00  -.198E-05  -.672E+03   .000E+00  -.377E+03     513
       4.01927   .258E+00   .000E+00   .258E+00   .000E+00   .641E-06   .116E+01   .000E+00   .116E+01   .000E+00  -.197E-05  -.678E+03   .000E+00  -.378E+03     514
       4.02568   .258E+00   .000E+00   .258E+00   .000E+00  -.278E-06   .117E+01   .000E+00   .117E+01   .000E+00  -.197E-05  -.686E+03   .000E+00  -.379E+03     515
       4.03397   .258E+00   .000E+00   .258E+00   .000E+00  -.146E-06   .117E+01   .000E+00   .117E+01   .000E+00  -.198E-05  -.696E+03   .000E+00  -.380E+03     516
       4.04503   .258E+00   .000E+00   .258E+00   .000E+00  -.119E-05   .117E+01   .000E+00   .117E+01   .000E+00  -.199E-05  -.709E+03   .000E+00  -.382E+03     517
       4.05855   .258E+00   .000E+00   .258E+00   .000E+00   .241E-06   .117E+01   .000E+00   .117E+01   .000E+00  -.199E-05  -.725E+03   .000E+00  -.385E+03     518
       4.07656   .258E+00   .000E+00   .258E+00   .000E+00  -.380E-06   .118E+01   .000E+00   .118E+01   .000E+00  -.199E-05  -.746E+03   .000E+00  -.389E+03     519
       4.09909   .258E+00   .000E+00   .258E+00   .000E+00   .925E-06   .118E+01   .000E+00   .118E+01   .000E+00  -.197E-05  -.773E+03   .000E+00  -.394E+03     520
       4.13287   .258E+00   .000E+00   .258E+00   .000E+00  -.615E-06   .119E+01   .000E+00   .119E+01   .000E+00  -.199E-05  -.816E+03   .000E+00  -.401E+03     521
       4.16666   .258E+00   .000E+00   .258E+00   .000E+00   .202E-06   .120E+01   .000E+00   .120E+01   .000E+00  -.199E-05  -.861E+03   .000E+00  -.408E+03     522
end
