 ******* Program HYDRUS
 ******* Heavy metal transport in a medium with a pH-dependent cation exchange c
 o
 Date:  30.10.    Time:   9:25:13
 Units: L = m    , T = years, M = mmol 


  TLevel   Time         dt     ItrW ItrC  ItCum  KodT  KodB Converg Peclet   Courant

        33  .10000E-02  .25362E-04      2      1        67    -1    -5     T      .202      .320
        59  .20000E-02  .23931E-04      2      1       119    -1    -5     T      .202      .302
        85  .30000E-02  .24033E-04      2      1       171    -1    -5     T      .202      .303
       111  .40000E-02  .24067E-04      2      1       223    -1    -5     T      .202      .303
       137  .50000E-02  .24078E-04      2      1       275    -1    -5     T      .202      .304
       163  .60000E-02  .24081E-04      2      1       327    -1    -5     T      .202      .304
       189  .70000E-02  .24083E-04      2      1       379    -1    -5     T      .202      .304
       215  .80000E-02  .24083E-04      2      1       431    -1    -5     T      .202      .304
       241  .90000E-02  .24083E-04      2      1       483    -1    -5     T      .202      .304
       267  .10000E-01  .24083E-04      2      1       535    -1    -5     T      .202      .304
       293  .11000E-01  .24083E-04      2      1       587    -1    -5     T      .202      .304
       319  .12000E-01  .24083E-04      2      1       639    -1    -5     T      .202      .304
       345  .13000E-01  .24083E-04      2      1       691    -1    -5     T      .202      .304
       371  .14000E-01  .24083E-04      2      1       743    -1    -5     T      .202      .304
       397  .15000E-01  .24083E-04      2      1       795    -1    -5     T      .202      .304
       423  .16000E-01  .24083E-04      2      1       847    -1    -5     T      .202      .304
       449  .17000E-01  .24083E-04      2      1       899    -1    -5     T      .202      .304
       475  .18000E-01  .24083E-04      2      1       951    -1    -5     T      .202      .304
       501  .19000E-01  .24083E-04      2      1      1003    -1    -5     T      .202      .304
       527  .20000E-01  .24083E-04      2      1      1055    -1    -5     T      .202      .304
       553  .21000E-01  .24083E-04      2      1      1107    -1    -5     T      .202      .304
       579  .22000E-01  .24083E-04      2      1      1159    -1    -5     T      .202      .304
       605  .23000E-01  .24083E-04      2      1      1211    -1    -5     T      .202      .304
       631  .24000E-01  .24083E-04      2      1      1263    -1    -5     T      .202      .304
       657  .25000E-01  .24083E-04      2      1      1315    -1    -5     T      .202      .304
       683  .26000E-01  .24083E-04      2      1      1367    -1    -5     T      .202      .304
       709  .27000E-01  .24083E-04      2      1      1419    -1    -5     T      .202      .304
       735  .28000E-01  .24083E-04      2      1      1471    -1    -5     T      .202      .304
       761  .29000E-01  .24083E-04      2      1      1523    -1    -5     T      .202      .304
       787  .30000E-01  .24083E-04      2      1      1575    -1    -5     T      .202      .304
       813  .31000E-01  .24083E-04      2      1      1627    -1    -5     T      .202      .304
       839  .32000E-01  .24083E-04      2      1      1679    -1    -5     T      .202      .304
       865  .33000E-01  .24083E-04      2      1      1731    -1    -5     T      .202      .304
       891  .34000E-01  .24083E-04      2      1      1783    -1    -5     T      .202      .304
       917  .35000E-01  .24083E-04      2      1      1835    -1    -5     T      .202      .304
       943  .36000E-01  .24083E-04      2      1      1887    -1    -5     T      .202      .304
       969  .37000E-01  .24083E-04      2      1      1939    -1    -5     T      .202      .304
       995  .38000E-01  .24083E-04      2      1      1991    -1    -5     T      .202      .304
      1021  .39000E-01  .24083E-04      2      1      2043    -1    -5     T      .202      .304
      1047  .40000E-01  .24083E-04      2      1      2095    -1    -5     T      .202      .304
      1073  .41000E-01  .24083E-04      2      1      2147    -1    -5     T      .202      .304
      1099  .42000E-01  .24083E-04      2      1      2199    -1    -5     T      .202      .304
      1125  .43000E-01  .24083E-04      2      1      2251    -1    -5     T      .202      .304
      1151  .44000E-01  .24083E-04      2      1      2303    -1    -5     T      .202      .304
      1177  .45000E-01  .24083E-04      2      1      2355    -1    -5     T      .202      .304
      1203  .46000E-01  .24083E-04      2      1      2407    -1    -5     T      .202      .304
      1229  .47000E-01  .24083E-04      2      1      2459    -1    -5     T      .202      .304
      1255  .48000E-01  .24083E-04      2      1      2511    -1    -5     T      .202      .304
      1281  .49000E-01  .24083E-04      2      1      2563    -1    -5     T      .202      .304
      1307  .50000E-01  .24083E-04      2      1      2615    -1    -5     T      .202      .304
      1333  .51000E-01  .24083E-04      2      1      2667    -1    -5     T      .202      .304
      1359  .52000E-01  .24083E-04      2      1      2719    -1    -5     T      .202      .304
      1385  .53000E-01  .24083E-04      2      1      2771    -1    -5     T      .202      .304
      1411  .54000E-01  .24083E-04      2      1      2823    -1    -5     T      .202      .304
      1437  .55000E-01  .24083E-04      2      1      2875    -1    -5     T      .202      .304
      1463  .56000E-01  .24083E-04      2      1      2927    -1    -5     T      .202      .304
      1489  .57000E-01  .24083E-04      2      1      2979    -1    -5     T      .202      .304
      1515  .58000E-01  .24083E-04      2      1      3031    -1    -5     T      .202      .304
      1541  .59000E-01  .24083E-04      2      1      3083    -1    -5     T      .202      .304
      1567  .60000E-01  .24083E-04      2      1      3135    -1    -5     T      .202      .304
      1593  .61000E-01  .24083E-04      2      1      3187    -1    -5     T      .202      .304
      1619  .62000E-01  .24083E-04      2      1      3239    -1    -5     T      .202      .304
      1645  .63000E-01  .24083E-04      2      1      3291    -1    -5     T      .202      .304
      1671  .64000E-01  .24083E-04      2      1      3343    -1    -5     T      .202      .304
      1697  .65000E-01  .24083E-04      2      1      3395    -1    -5     T      .202      .304
      1723  .66000E-01  .24083E-04      2      1      3447    -1    -5     T      .202      .304
      1749  .67000E-01  .24083E-04      2      1      3499    -1    -5     T      .202      .304
      1775  .68000E-01  .24083E-04      2      1      3551    -1    -5     T      .202      .304
      1801  .69000E-01  .24083E-04      2      1      3603    -1    -5     T      .202      .304
      1827  .70000E-01  .24083E-04      2      1      3655    -1    -5     T      .202      .304
      1853  .71000E-01  .24083E-04      2      1      3707    -1    -5     T      .202      .304
      1879  .72000E-01  .24083E-04      2      1      3759    -1    -5     T      .202      .304
      1905  .73000E-01  .24083E-04      2      1      3811    -1    -5     T      .202      .304
      1931  .74000E-01  .24083E-04      2      1      3863    -1    -5     T      .202      .304
      1957  .75000E-01  .24083E-04      2      1      3915    -1    -5     T      .202      .304
      1983  .76000E-01  .24083E-04      2      1      3967    -1    -5     T      .202      .304
      2009  .77000E-01  .24083E-04      2      1      4019    -1    -5     T      .202      .304
      2035  .78000E-01  .24083E-04      2      1      4071    -1    -5     T      .202      .304
      2061  .79000E-01  .24083E-04      2      1      4123    -1    -5     T      .202      .304
      2087  .80000E-01  .24083E-04      2      1      4175    -1    -5     T      .202      .304
      2113  .81000E-01  .24083E-04      2      1      4227    -1    -5     T      .202      .304
      2139  .82000E-01  .24083E-04      2      1      4279    -1    -5     T      .202      .304
      2165  .83000E-01  .24083E-04      2      1      4331    -1    -5     T      .202      .304
      2191  .84000E-01  .24083E-04      2      1      4383    -1    -5     T      .202      .304
      2217  .85000E-01  .24083E-04      2      1      4435    -1    -5     T      .202      .304
      2243  .86000E-01  .24083E-04      2      1      4487    -1    -5     T      .202      .304
      2269  .87000E-01  .24083E-04      2      1      4539    -1    -5     T      .202      .304
      2295  .88000E-01  .24083E-04      2      1      4591    -1    -5     T      .202      .304
      2321  .89000E-01  .24083E-04      2      1      4643    -1    -5     T      .202      .304
      2347  .90000E-01  .24083E-04      2      1      4695    -1    -5     T      .202      .304
      2373  .91000E-01  .24083E-04      2      1      4747    -1    -5     T      .202      .304
      2399  .92000E-01  .24083E-04      2      1      4799    -1    -5     T      .202      .304
      2425  .93000E-01  .24083E-04      2      1      4851    -1    -5     T      .202      .304
      2451  .94000E-01  .24083E-04      2      1      4903    -1    -5     T      .202      .304
      2477  .95000E-01  .24083E-04      2      1      4955    -1    -5     T      .202      .304
      2503  .96000E-01  .24083E-04      2      1      5007    -1    -5     T      .202      .304
      2529  .97000E-01  .24083E-04      2      1      5059    -1    -5     T      .202      .304
      2555  .98000E-01  .24083E-04      2      1      5111    -1    -5     T      .202      .304
      2581  .99000E-01  .24083E-04      2      1      5163    -1    -5     T      .202      .304
      2607  .10000E+00  .24083E-04      2      1      5215    -1    -5     T      .202      .304
      2633  .10100E+00  .24083E-04      2      1      5267    -1    -5     T      .202      .304
      2659  .10200E+00  .24083E-04      2      1      5319    -1    -5     T      .202      .304
      2685  .10300E+00  .24083E-04      2      1      5371    -1    -5     T      .202      .304
      2711  .10400E+00  .24083E-04      2      1      5423    -1    -5     T      .202      .304
      2737  .10500E+00  .24083E-04      2      1      5475    -1    -5     T      .202      .304
      2763  .10600E+00  .24083E-04      2      1      5527    -1    -5     T      .202      .304
      2789  .10700E+00  .24083E-04      2      1      5579    -1    -5     T      .202      .304
      2815  .10800E+00  .24083E-04      2      1      5631    -1    -5     T      .202      .304
      2841  .10900E+00  .24083E-04      2      1      5683    -1    -5     T      .202      .304
      2867  .11000E+00  .24083E-04      2      1      5735    -1    -5     T      .202      .304
      2893  .11100E+00  .24083E-04      2      1      5787    -1    -5     T      .202      .304
      2919  .11200E+00  .24083E-04      2      1      5839    -1    -5     T      .202      .304
      2945  .11300E+00  .24083E-04      2      1      5891    -1    -5     T      .202      .304
      2971  .11400E+00  .24083E-04      2      1      5943    -1    -5     T      .202      .304
      2997  .11500E+00  .24083E-04      2      1      5995    -1    -5     T      .202      .304
      3023  .11600E+00  .24083E-04      2      1      6047    -1    -5     T      .202      .304
      3049  .11700E+00  .24083E-04      2      1      6099    -1    -5     T      .202      .304
      3075  .11800E+00  .24083E-04      2      1      6151    -1    -5     T      .202      .304
      3101  .11900E+00  .24083E-04      2      1      6203    -1    -5     T      .202      .304
      3127  .12000E+00  .24083E-04      2      1      6255    -1    -5     T      .202      .304
      3153  .12100E+00  .24083E-04      2      1      6307    -1    -5     T      .202      .304
      3179  .12200E+00  .24083E-04      2      1      6359    -1    -5     T      .202      .304
      3205  .12300E+00  .24083E-04      2      1      6411    -1    -5     T      .202      .304
      3231  .12400E+00  .24083E-04      2      1      6463    -1    -5     T      .202      .304
      3257  .12500E+00  .24083E-04      2      1      6515    -1    -5     T      .202      .304
      3283  .12600E+00  .24083E-04      2      1      6567    -1    -5     T      .202      .304
      3309  .12700E+00  .24083E-04      2      1      6619    -1    -5     T      .202      .304
      3335  .12800E+00  .24083E-04      2      1      6671    -1    -5     T      .202      .304
      3361  .12900E+00  .24083E-04      2      1      6723    -1    -5     T      .202      .304
      3387  .13000E+00  .24083E-04      2      1      6775    -1    -5     T      .202      .304
      3413  .13100E+00  .24083E-04      2      1      6827    -1    -5     T      .202      .304
      3439  .13200E+00  .24083E-04      2      1      6879    -1    -5     T      .202      .304
      3465  .13300E+00  .24083E-04      2      1      6931    -1    -5     T      .202      .304
      3491  .13400E+00  .24083E-04      2      1      6983    -1    -5     T      .202      .304
      3517  .13500E+00  .24083E-04      2      1      7035    -1    -5     T      .202      .304
      3543  .13600E+00  .24083E-04      2      1      7087    -1    -5     T      .202      .304
      3569  .13700E+00  .24083E-04      2      1      7139    -1    -5     T      .202      .304
      3595  .13800E+00  .24083E-04      2      1      7191    -1    -5     T      .202      .304
      3621  .13900E+00  .24083E-04      2      1      7243    -1    -5     T      .202      .304
      3647  .14000E+00  .24083E-04      2      1      7295    -1    -5     T      .202      .304
      3673  .14100E+00  .24083E-04      2      1      7347    -1    -5     T      .202      .304
      3699  .14200E+00  .24083E-04      2      1      7399    -1    -5     T      .202      .304
      3725  .14300E+00  .24083E-04      2      1      7451    -1    -5     T      .202      .304
      3751  .14400E+00  .24083E-04      2      1      7503    -1    -5     T      .202      .304
      3777  .14500E+00  .24083E-04      2      1      7555    -1    -5     T      .202      .304
      3803  .14600E+00  .24083E-04      2      1      7607    -1    -5     T      .202      .304
      3829  .14700E+00  .24083E-04      2      1      7659    -1    -5     T      .202      .304
      3855  .14800E+00  .24083E-04      2      1      7711    -1    -5     T      .202      .304
      3881  .14900E+00  .24083E-04      2      1      7763    -1    -5     T      .202      .304
      3907  .15000E+00  .24083E-04      2      1      7815    -1    -5     T      .202      .304
      3933  .15100E+00  .24083E-04      2      1      7867    -1    -5     T      .202      .304
      3959  .15200E+00  .24083E-04      2      1      7919    -1    -5     T      .202      .304
      3985  .15300E+00  .24083E-04      2      1      7971    -1    -5     T      .202      .304
      4011  .15400E+00  .24083E-04      2      1      8023    -1    -5     T      .202      .304
      4037  .15500E+00  .24083E-04      2      1      8075    -1    -5     T      .202      .304
      4063  .15600E+00  .24083E-04      2      1      8127    -1    -5     T      .202      .304
      4089  .15700E+00  .24083E-04      2      1      8179    -1    -5     T      .202      .304
      4115  .15800E+00  .24083E-04      2      1      8231    -1    -5     T      .202      .304
      4141  .15900E+00  .24083E-04      2      1      8283    -1    -5     T      .202      .304
      4167  .16000E+00  .24083E-04      2      1      8335    -1    -5     T      .202      .304
      4193  .16100E+00  .24083E-04      2      1      8387    -1    -5     T      .202      .304
      4219  .16200E+00  .24083E-04      2      1      8439    -1    -5     T      .202      .304
      4245  .16300E+00  .24083E-04      2      1      8491    -1    -5     T      .202      .304
      4271  .16400E+00  .24083E-04      2      1      8543    -1    -5     T      .202      .304
      4297  .16500E+00  .24083E-04      2      1      8595    -1    -5     T      .202      .304
      4323  .16600E+00  .24083E-04      2      1      8647    -1    -5     T      .202      .304
      4349  .16700E+00  .24083E-04      2      1      8699    -1    -5     T      .202      .304
      4375  .16800E+00  .24083E-04      2      1      8751    -1    -5     T      .202      .304
      4401  .16900E+00  .24083E-04      2      1      8803    -1    -5     T      .202      .304
      4427  .17000E+00  .24083E-04      2      1      8855    -1    -5     T      .202      .304
      4453  .17100E+00  .24083E-04      2      1      8907    -1    -5     T      .202      .304
      4479  .17200E+00  .24083E-04      2      1      8959    -1    -5     T      .202      .304
      4505  .17300E+00  .24083E-04      2      1      9011    -1    -5     T      .202      .304
      4531  .17400E+00  .24083E-04      2      1      9063    -1    -5     T      .202      .304
      4557  .17500E+00  .24083E-04      2      1      9115    -1    -5     T      .202      .304
      4583  .17600E+00  .24083E-04      2      1      9167    -1    -5     T      .202      .304
      4609  .17700E+00  .24083E-04      2      1      9219    -1    -5     T      .202      .304
      4635  .17800E+00  .24083E-04      2      1      9271    -1    -5     T      .202      .304
      4661  .17900E+00  .24083E-04      2      1      9323    -1    -5     T      .202      .304
      4687  .18000E+00  .24083E-04      2      1      9375    -1    -5     T      .202      .304
      4713  .18100E+00  .24083E-04      2      1      9427    -1    -5     T      .202      .304
      4739  .18200E+00  .24083E-04      2      1      9479    -1    -5     T      .202      .304
      4765  .18300E+00  .24083E-04      2      1      9531    -1    -5     T      .202      .304
      4791  .18400E+00  .24083E-04      2      1      9583    -1    -5     T      .202      .304
      4817  .18500E+00  .24083E-04      2      1      9635    -1    -5     T      .202      .304
      4843  .18600E+00  .24083E-04      2      1      9687    -1    -5     T      .202      .304
      4869  .18700E+00  .24083E-04      2      1      9739    -1    -5     T      .202      .304
      4895  .18800E+00  .24083E-04      2      1      9791    -1    -5     T      .202      .304
      4921  .18900E+00  .24083E-04      2      1      9843    -1    -5     T      .202      .304
      4947  .19000E+00  .24083E-04      2      1      9895    -1    -5     T      .202      .304
      4973  .19100E+00  .24083E-04      2      1      9947    -1    -5     T      .202      .304
      4999  .19200E+00  .24083E-04      2      1      9999    -1    -5     T      .202      .304
      5025  .19300E+00  .24083E-04      2      1     10051    -1    -5     T      .202      .304
      5051  .19400E+00  .24083E-04      2      1     10103    -1    -5     T      .202      .304
      5077  .19500E+00  .24083E-04      2      1     10155    -1    -5     T      .202      .304
      5103  .19600E+00  .24083E-04      2      1     10207    -1    -5     T      .202      .304
      5129  .19700E+00  .24083E-04      2      1     10259    -1    -5     T      .202      .304
      5155  .19800E+00  .24083E-04      2      1     10311    -1    -5     T      .202      .304
      5181  .19900E+00  .24083E-04      2      1     10363    -1    -5     T      .202      .304
      5207  .20000E+00  .24083E-04      2      1     10415    -1    -5     T      .202      .304
      5233  .20100E+00  .24083E-04      2      1     10467    -1    -5     T      .202      .304
      5259  .20200E+00  .24083E-04      2      1     10519    -1    -5     T      .202      .304
      5285  .20300E+00  .24083E-04      2      1     10571    -1    -5     T      .202      .304
      5311  .20400E+00  .24083E-04      2      1     10623    -1    -5     T      .202      .304
      5337  .20500E+00  .24083E-04      2      1     10675    -1    -5     T      .202      .304
      5363  .20600E+00  .24083E-04      2      1     10727    -1    -5     T      .202      .304
      5389  .20700E+00  .24083E-04      2      1     10779    -1    -5     T      .202      .304
      5415  .20800E+00  .24083E-04      2      1     10831    -1    -5     T      .202      .304
      5441  .20900E+00  .24083E-04      2      1     10883    -1    -5     T      .202      .304
      5467  .21000E+00  .24083E-04      2      1     10935    -1    -5     T      .202      .304
      5493  .21100E+00  .24083E-04      2      1     10987    -1    -5     T      .202      .304
      5519  .21200E+00  .24083E-04      2      1     11039    -1    -5     T      .202      .304
      5545  .21300E+00  .24083E-04      2      1     11091    -1    -5     T      .202      .304
      5571  .21400E+00  .24083E-04      2      1     11143    -1    -5     T      .202      .304
      5597  .21500E+00  .24083E-04      2      1     11195    -1    -5     T      .202      .304
      5623  .21600E+00  .24083E-04      2      1     11247    -1    -5     T      .202      .304
      5649  .21700E+00  .24083E-04      2      1     11299    -1    -5     T      .202      .304
      5675  .21800E+00  .24083E-04      2      1     11351    -1    -5     T      .202      .304
      5701  .21900E+00  .24083E-04      2      1     11403    -1    -5     T      .202      .304
      5727  .22000E+00  .24083E-04      2      1     11455    -1    -5     T      .202      .304
      5753  .22100E+00  .24083E-04      2      1     11507    -1    -5     T      .202      .304
      5779  .22200E+00  .24083E-04      2      1     11559    -1    -5     T      .202      .304
      5805  .22300E+00  .24083E-04      2      1     11611    -1    -5     T      .202      .304
      5831  .22400E+00  .24083E-04      2      1     11663    -1    -5     T      .202      .304
      5857  .22500E+00  .24083E-04      2      1     11715    -1    -5     T      .202      .304
      5883  .22600E+00  .24083E-04      2      1     11767    -1    -5     T      .202      .304
      5909  .22700E+00  .24083E-04      2      1     11819    -1    -5     T      .202      .304
      5935  .22800E+00  .24083E-04      2      1     11871    -1    -5     T      .202      .304
      5961  .22900E+00  .24083E-04      2      1     11923    -1    -5     T      .202      .304
      5987  .23000E+00  .24083E-04      2      1     11975    -1    -5     T      .202      .304
      6013  .23100E+00  .24083E-04      2      1     12027    -1    -5     T      .202      .304
      6039  .23200E+00  .24083E-04      2      1     12079    -1    -5     T      .202      .304
      6065  .23300E+00  .24083E-04      2      1     12131    -1    -5     T      .202      .304
      6091  .23400E+00  .24083E-04      2      1     12183    -1    -5     T      .202      .304
      6117  .23500E+00  .24083E-04      2      1     12235    -1    -5     T      .202      .304
      6143  .23600E+00  .24083E-04      2      1     12287    -1    -5     T      .202      .304
      6169  .23700E+00  .24083E-04      2      1     12339    -1    -5     T      .202      .304
      6195  .23800E+00  .24083E-04      2      1     12391    -1    -5     T      .202      .304
      6221  .23900E+00  .24083E-04      2      1     12443    -1    -5     T      .202      .304
      6247  .24000E+00  .24083E-04      2      1     12495    -1    -5     T      .202      .304
      6273  .24100E+00  .24083E-04      2      1     12547    -1    -5     T      .202      .304
      6299  .24200E+00  .24083E-04      2      1     12599    -1    -5     T      .202      .304
      6325  .24300E+00  .24083E-04      2      1     12651    -1    -5     T      .202      .304
      6351  .24400E+00  .24083E-04      2      1     12703    -1    -5     T      .202      .304
      6377  .24500E+00  .24083E-04      2      1     12755    -1    -5     T      .202      .304
      6403  .24600E+00  .24083E-04      2      1     12807    -1    -5     T      .202      .304
      6429  .24700E+00  .24083E-04      2      1     12859    -1    -5     T      .202      .304
      6455  .24800E+00  .24083E-04      2      1     12911    -1    -5     T      .202      .304
      6481  .24900E+00  .24083E-04      2      1     12963    -1    -5     T      .202      .304
      6507  .25000E+00  .24083E-04      2      1     13015    -1    -5     T      .202      .304
      6533  .25100E+00  .24083E-04      2      1     13067    -1    -5     T      .202      .304
      6559  .25200E+00  .24083E-04      2      1     13119    -1    -5     T      .202      .304
      6585  .25300E+00  .24083E-04      2      1     13171    -1    -5     T      .202      .304
      6611  .25400E+00  .24083E-04      2      1     13223    -1    -5     T      .202      .304
      6637  .25500E+00  .24083E-04      2      1     13275    -1    -5     T      .202      .304
      6663  .25600E+00  .24083E-04      2      1     13327    -1    -5     T      .202      .304
      6689  .25700E+00  .24083E-04      2      1     13379    -1    -5     T      .202      .304
      6715  .25800E+00  .24083E-04      2      1     13431    -1    -5     T      .202      .304
      6741  .25900E+00  .24083E-04      2      1     13483    -1    -5     T      .202      .304
      6767  .26000E+00  .24083E-04      2      1     13535    -1    -5     T      .202      .304
      6793  .26100E+00  .24083E-04      2      1     13587    -1    -5     T      .202      .304
      6819  .26200E+00  .24083E-04      2      1     13639    -1    -5     T      .202      .304
      6845  .26300E+00  .24083E-04      2      1     13691    -1    -5     T      .202      .304
      6871  .26400E+00  .24083E-04      2      1     13743    -1    -5     T      .202      .304
      6897  .26500E+00  .24083E-04      2      1     13795    -1    -5     T      .202      .304
      6923  .26600E+00  .24083E-04      2      1     13847    -1    -5     T      .202      .304
      6949  .26700E+00  .24083E-04      2      1     13899    -1    -5     T      .202      .304
      6975  .26800E+00  .24083E-04      2      1     13951    -1    -5     T      .202      .304
      7001  .26900E+00  .24083E-04      2      1     14003    -1    -5     T      .202      .304
      7027  .27000E+00  .24083E-04      2      1     14055    -1    -5     T      .202      .304
      7053  .27100E+00  .24083E-04      2      1     14107    -1    -5     T      .202      .304
      7079  .27200E+00  .24083E-04      2      1     14159    -1    -5     T      .202      .304
      7105  .27300E+00  .24083E-04      2      1     14211    -1    -5     T      .202      .304
      7131  .27400E+00  .24083E-04      2      1     14263    -1    -5     T      .202      .304
      7157  .27500E+00  .24083E-04      2      1     14315    -1    -5     T      .202      .304
      7183  .27600E+00  .24083E-04      2      1     14367    -1    -5     T      .202      .304
      7209  .27700E+00  .24083E-04      2      1     14419    -1    -5     T      .202      .304
      7235  .27800E+00  .24083E-04      2      1     14471    -1    -5     T      .202      .304
      7261  .27900E+00  .24083E-04      2      1     14523    -1    -5     T      .202      .304
      7287  .28000E+00  .24083E-04      2      1     14575    -1    -5     T      .202      .304
      7313  .28100E+00  .24083E-04      2      1     14627    -1    -5     T      .202      .304
      7339  .28200E+00  .24083E-04      2      1     14679    -1    -5     T      .202      .304
      7365  .28300E+00  .24083E-04      2      1     14731    -1    -5     T      .202      .304
      7391  .28400E+00  .24083E-04      2      1     14783    -1    -5     T      .202      .304
      7417  .28500E+00  .24083E-04      2      1     14835    -1    -5     T      .202      .304
      7443  .28600E+00  .24083E-04      2      1     14887    -1    -5     T      .202      .304
      7469  .28700E+00  .24083E-04      2      1     14939    -1    -5     T      .202      .304
      7495  .28800E+00  .24083E-04      2      1     14991    -1    -5     T      .202      .304
      7521  .28900E+00  .24083E-04      2      1     15043    -1    -5     T      .202      .304
      7547  .29000E+00  .24083E-04      2      1     15095    -1    -5     T      .202      .304
      7573  .29100E+00  .24083E-04      2      1     15147    -1    -5     T      .202      .304
      7599  .29200E+00  .24083E-04      2      1     15199    -1    -5     T      .202      .304
      7625  .29300E+00  .24083E-04      2      1     15251    -1    -5     T      .202      .304
      7651  .29400E+00  .24083E-04      2      1     15303    -1    -5     T      .202      .304
      7677  .29500E+00  .24083E-04      2      1     15355    -1    -5     T      .202      .304
      7703  .29600E+00  .24083E-04      2      1     15407    -1    -5     T      .202      .304
      7729  .29700E+00  .24083E-04      2      1     15459    -1    -5     T      .202      .304
      7755  .29800E+00  .24083E-04      2      1     15511    -1    -5     T      .202      .304
      7781  .29900E+00  .24083E-04      2      1     15563    -1    -5     T      .202      .304
      7807  .30000E+00  .24083E-04      2      1     15615    -1    -5     T      .202      .304
      7833  .30100E+00  .24083E-04      2      1     15667    -1    -5     T      .202      .304
      7859  .30200E+00  .24083E-04      2      1     15719    -1    -5     T      .202      .304
      7885  .30300E+00  .24083E-04      2      1     15771    -1    -5     T      .202      .304
      7911  .30400E+00  .24083E-04      2      1     15823    -1    -5     T      .202      .304
      7937  .30500E+00  .24083E-04      2      1     15875    -1    -5     T      .202      .304
      7963  .30600E+00  .24083E-04      2      1     15927    -1    -5     T      .202      .304
      7989  .30700E+00  .24083E-04      2      1     15979    -1    -5     T      .202      .304
      8015  .30800E+00  .24083E-04      2      1     16031    -1    -5     T      .202      .304
      8041  .30900E+00  .24083E-04      2      1     16083    -1    -5     T      .202      .304
      8067  .31000E+00  .24083E-04      2      1     16135    -1    -5     T      .202      .304
      8093  .31100E+00  .24083E-04      2      1     16187    -1    -5     T      .202      .304
      8119  .31200E+00  .24083E-04      2      1     16239    -1    -5     T      .202      .304
      8145  .31300E+00  .24083E-04      2      1     16291    -1    -5     T      .202      .304
      8171  .31400E+00  .24083E-04      2      1     16343    -1    -5     T      .202      .304
      8197  .31500E+00  .24083E-04      2      1     16395    -1    -5     T      .202      .304
      8223  .31600E+00  .24083E-04      2      1     16447    -1    -5     T      .202      .304
      8249  .31700E+00  .24083E-04      2      1     16499    -1    -5     T      .202      .304
      8275  .31800E+00  .24083E-04      2      1     16551    -1    -5     T      .202      .304
      8301  .31900E+00  .24083E-04      2      1     16603    -1    -5     T      .202      .304
      8327  .32000E+00  .24083E-04      2      1     16655    -1    -5     T      .202      .304
      8353  .32100E+00  .24083E-04      2      1     16707    -1    -5     T      .202      .304
      8379  .32200E+00  .24083E-04      2      1     16759    -1    -5     T      .202      .304
      8405  .32300E+00  .24083E-04      2      1     16811    -1    -5     T      .202      .304
      8431  .32400E+00  .24083E-04      2      1     16863    -1    -5     T      .202      .304
      8457  .32500E+00  .24083E-04      2      1     16915    -1    -5     T      .202      .304
      8483  .32600E+00  .24083E-04      2      1     16967    -1    -5     T      .202      .304
      8509  .32700E+00  .24083E-04      2      1     17019    -1    -5     T      .202      .304
      8535  .32800E+00  .24083E-04      2      1     17071    -1    -5     T      .202      .304
      8561  .32900E+00  .24083E-04      2      1     17123    -1    -5     T      .202      .304
      8587  .33000E+00  .24083E-04      2      1     17175    -1    -5     T      .202      .304
      8613  .33100E+00  .24083E-04      2      1     17227    -1    -5     T      .202      .304
      8639  .33200E+00  .24083E-04      2      1     17279    -1    -5     T      .202      .304
      8665  .33300E+00  .24083E-04      2      1     17331    -1    -5     T      .202      .304
      8691  .33400E+00  .24083E-04      2      1     17383    -1    -5     T      .202      .304
      8717  .33500E+00  .24083E-04      2      1     17435    -1    -5     T      .202      .304
      8743  .33600E+00  .24083E-04      2      1     17487    -1    -5     T      .202      .304
      8769  .33700E+00  .24083E-04      2      1     17539    -1    -5     T      .202      .304
      8795  .33800E+00  .24083E-04      2      1     17591    -1    -5     T      .202      .304
      8821  .33900E+00  .24083E-04      2      1     17643    -1    -5     T      .202      .304
      8847  .34000E+00  .24083E-04      2      1     17695    -1    -5     T      .202      .304
      8873  .34100E+00  .24083E-04      2      1     17747    -1    -5     T      .202      .304
      8899  .34200E+00  .24083E-04      2      1     17799    -1    -5     T      .202      .304
      8925  .34300E+00  .24083E-04      2      1     17851    -1    -5     T      .202      .304
      8951  .34400E+00  .24083E-04      2      1     17903    -1    -5     T      .202      .304
      8977  .34500E+00  .24083E-04      2      1     17955    -1    -5     T      .202      .304
      9003  .34600E+00  .24083E-04      2      1     18007    -1    -5     T      .202      .304
      9029  .34700E+00  .24083E-04      2      1     18059    -1    -5     T      .202      .304
      9055  .34800E+00  .24083E-04      2      1     18111    -1    -5     T      .202      .304
      9081  .34900E+00  .24083E-04      2      1     18163    -1    -5     T      .202      .304
      9107  .35000E+00  .24083E-04      2      1     18215    -1    -5     T      .202      .304
      9133  .35100E+00  .24083E-04      2      1     18267    -1    -5     T      .202      .304
      9159  .35200E+00  .24083E-04      2      1     18319    -1    -5     T      .202      .304
      9185  .35300E+00  .24083E-04      2      1     18371    -1    -5     T      .202      .304
      9211  .35400E+00  .24083E-04      2      1     18423    -1    -5     T      .202      .304
      9237  .35500E+00  .24083E-04      2      1     18475    -1    -5     T      .202      .304
      9263  .35600E+00  .24083E-04      2      1     18527    -1    -5     T      .202      .304
      9289  .35700E+00  .24083E-04      2      1     18579    -1    -5     T      .202      .304
      9315  .35800E+00  .24083E-04      2      1     18631    -1    -5     T      .202      .304
      9341  .35900E+00  .24083E-04      2      1     18683    -1    -5     T      .202      .304
      9367  .36000E+00  .24083E-04      2      1     18735    -1    -5     T      .202      .304
      9393  .36100E+00  .24083E-04      2      1     18787    -1    -5     T      .202      .304
      9419  .36200E+00  .24083E-04      2      1     18839    -1    -5     T      .202      .304
      9445  .36300E+00  .24083E-04      2      1     18891    -1    -5     T      .202      .304
      9471  .36400E+00  .24083E-04      2      1     18943    -1    -5     T      .202      .304
      9497  .36500E+00  .24083E-04      2      1     18995    -1    -5     T      .202      .304
      9523  .36600E+00  .24083E-04      2      1     19047    -1    -5     T      .202      .304
      9549  .36700E+00  .24083E-04      2      1     19099    -1    -5     T      .202      .304
      9575  .36800E+00  .24083E-04      2      1     19151    -1    -5     T      .202      .304
      9601  .36900E+00  .24083E-04      2      1     19203    -1    -5     T      .202      .304
      9627  .37000E+00  .24083E-04      2      1     19255    -1    -5     T      .202      .304
      9653  .37100E+00  .24083E-04      2      1     19307    -1    -5     T      .202      .304
      9679  .37200E+00  .24083E-04      2      1     19359    -1    -5     T      .202      .304
      9705  .37300E+00  .24083E-04      2      1     19411    -1    -5     T      .202      .304
      9731  .37400E+00  .24083E-04      2      1     19463    -1    -5     T      .202      .304
      9757  .37500E+00  .24083E-04      2      1     19515    -1    -5     T      .202      .304
      9783  .37600E+00  .24083E-04      2      1     19567    -1    -5     T      .202      .304
      9809  .37700E+00  .24083E-04      2      1     19619    -1    -5     T      .202      .304
      9835  .37800E+00  .24083E-04      2      1     19671    -1    -5     T      .202      .304
      9861  .37900E+00  .24083E-04      2      1     19723    -1    -5     T      .202      .304
      9887  .38000E+00  .24083E-04      2      1     19775    -1    -5     T      .202      .304
      9913  .38100E+00  .24083E-04      2      1     19827    -1    -5     T      .202      .304
      9939  .38200E+00  .24083E-04      2      1     19879    -1    -5     T      .202      .304
      9965  .38300E+00  .24083E-04      2      1     19931    -1    -5     T      .202      .304
      9991  .38400E+00  .24083E-04      2      1     19983    -1    -5     T      .202      .304
     10017  .38500E+00  .24083E-04      2      1     20035    -1    -5     T      .202      .304
     10043  .38600E+00  .24083E-04      2      1     20087    -1    -5     T      .202      .304
     10069  .38700E+00  .24083E-04      2      1     20139    -1    -5     T      .202      .304
     10095  .38800E+00  .24083E-04      2      1     20191    -1    -5     T      .202      .304
     10121  .38900E+00  .24083E-04      2      1     20243    -1    -5     T      .202      .304
     10147  .39000E+00  .24083E-04      2      1     20295    -1    -5     T      .202      .304
     10173  .39100E+00  .24083E-04      2      1     20347    -1    -5     T      .202      .304
     10199  .39200E+00  .24083E-04      2      1     20399    -1    -5     T      .202      .304
     10225  .39300E+00  .24083E-04      2      1     20451    -1    -5     T      .202      .304
     10251  .39400E+00  .24083E-04      2      1     20503    -1    -5     T      .202      .304
     10277  .39500E+00  .24083E-04      2      1     20555    -1    -5     T      .202      .304
     10303  .39600E+00  .24083E-04      2      1     20607    -1    -5     T      .202      .304
     10329  .39700E+00  .24083E-04      2      1     20659    -1    -5     T      .202      .304
     10355  .39800E+00  .24083E-04      2      1     20711    -1    -5     T      .202      .304
     10381  .39900E+00  .24083E-04      2      1     20763    -1    -5     T      .202      .304
     10407  .40000E+00  .24083E-04      2      1     20815    -1    -5     T      .202      .304
     10433  .40100E+00  .24083E-04      2      1     20867    -1    -5     T      .202      .304
     10459  .40200E+00  .24083E-04      2      1     20919    -1    -5     T      .202      .304
     10485  .40300E+00  .24083E-04      2      1     20971    -1    -5     T      .202      .304
     10511  .40400E+00  .24083E-04      2      1     21023    -1    -5     T      .202      .304
     10537  .40500E+00  .24083E-04      2      1     21075    -1    -5     T      .202      .304
     10563  .40600E+00  .24083E-04      2      1     21127    -1    -5     T      .202      .304
     10589  .40700E+00  .24083E-04      2      1     21179    -1    -5     T      .202      .304
     10615  .40800E+00  .24083E-04      2      1     21231    -1    -5     T      .202      .304
     10641  .40900E+00  .24083E-04      2      1     21283    -1    -5     T      .202      .304
     10667  .41000E+00  .24083E-04      2      1     21335    -1    -5     T      .202      .304
     10693  .41100E+00  .24083E-04      2      1     21387    -1    -5     T      .202      .304
     10719  .41200E+00  .24083E-04      2      1     21439    -1    -5     T      .202      .304
     10745  .41300E+00  .24083E-04      2      1     21491    -1    -5     T      .202      .304
     10771  .41400E+00  .24083E-04      2      1     21543    -1    -5     T      .202      .304
     10797  .41500E+00  .24083E-04      2      1     21595    -1    -5     T      .202      .304
     10823  .41600E+00  .24083E-04      2      1     21647    -1    -5     T      .202      .304
     10849  .41700E+00  .24083E-04      2      1     21699    -1    -5     T      .202      .304
     10875  .41800E+00  .24083E-04      2      1     21751    -1    -5     T      .202      .304
     10901  .41900E+00  .24083E-04      2      1     21803    -1    -5     T      .202      .304
     10927  .42000E+00  .24083E-04      2      1     21855    -1    -5     T      .202      .304
     10953  .42100E+00  .24083E-04      2      1     21907    -1    -5     T      .202      .304
     10979  .42200E+00  .24083E-04      2      1     21959    -1    -5     T      .202      .304
     11005  .42300E+00  .24083E-04      2      1     22011    -1    -5     T      .202      .304
     11031  .42400E+00  .24083E-04      2      1     22063    -1    -5     T      .202      .304
     11057  .42500E+00  .24083E-04      2      1     22115    -1    -5     T      .202      .304
     11083  .42600E+00  .24083E-04      2      1     22167    -1    -5     T      .202      .304
     11109  .42700E+00  .24083E-04      2      1     22219    -1    -5     T      .202      .304
     11135  .42800E+00  .24083E-04      2      1     22271    -1    -5     T      .202      .304
     11161  .42900E+00  .24083E-04      2      1     22323    -1    -5     T      .202      .304
     11187  .43000E+00  .24083E-04      2      1     22375    -1    -5     T      .202      .304
     11213  .43100E+00  .24083E-04      2      1     22427    -1    -5     T      .202      .304
     11239  .43200E+00  .24083E-04      2      1     22479    -1    -5     T      .202      .304
     11265  .43300E+00  .24083E-04      2      1     22531    -1    -5     T      .202      .304
     11291  .43400E+00  .24083E-04      2      1     22583    -1    -5     T      .202      .304
     11317  .43500E+00  .24083E-04      2      1     22635    -1    -5     T      .202      .304
     11343  .43600E+00  .24083E-04      2      1     22687    -1    -5     T      .202      .304
     11369  .43700E+00  .24083E-04      2      1     22739    -1    -5     T      .202      .304
     11395  .43800E+00  .24083E-04      2      1     22791    -1    -5     T      .202      .304
     11421  .43900E+00  .24083E-04      2      1     22843    -1    -5     T      .202      .304
     11447  .44000E+00  .24083E-04      2      1     22895    -1    -5     T      .202      .304
     11473  .44100E+00  .24083E-04      2      1     22947    -1    -5     T      .202      .304
     11499  .44200E+00  .24083E-04      2      1     22999    -1    -5     T      .202      .304
     11525  .44300E+00  .24083E-04      2      1     23051    -1    -5     T      .202      .304
     11551  .44400E+00  .24083E-04      2      1     23103    -1    -5     T      .202      .304
     11577  .44500E+00  .24083E-04      2      1     23155    -1    -5     T      .202      .304
     11603  .44600E+00  .24083E-04      2      1     23207    -1    -5     T      .202      .304
     11629  .44700E+00  .24083E-04      2      1     23259    -1    -5     T      .202      .304
     11655  .44800E+00  .24083E-04      2      1     23311    -1    -5     T      .202      .304
     11681  .44900E+00  .24083E-04      2      1     23363    -1    -5     T      .202      .304
     11707  .45000E+00  .24083E-04      2      1     23415    -1    -5     T      .202      .304
     11733  .45100E+00  .24083E-04      2      1     23467    -1    -5     T      .202      .304
     11759  .45200E+00  .24083E-04      2      1     23519    -1    -5     T      .202      .304
     11785  .45300E+00  .24083E-04      2      1     23571    -1    -5     T      .202      .304
     11811  .45400E+00  .24083E-04      2      1     23623    -1    -5     T      .202      .304
     11837  .45500E+00  .24083E-04      2      1     23675    -1    -5     T      .202      .304
     11863  .45600E+00  .24083E-04      2      1     23727    -1    -5     T      .202      .304
     11889  .45700E+00  .24083E-04      2      1     23779    -1    -5     T      .202      .304
     11915  .45800E+00  .24083E-04      2      1     23831    -1    -5     T      .202      .304
     11941  .45900E+00  .24083E-04      2      1     23883    -1    -5     T      .202      .304
     11967  .46000E+00  .24083E-04      2      1     23935    -1    -5     T      .202      .304
     11993  .46100E+00  .24083E-04      2      1     23987    -1    -5     T      .202      .304
     12019  .46200E+00  .24083E-04      2      1     24039    -1    -5     T      .202      .304
     12045  .46300E+00  .24083E-04      2      1     24091    -1    -5     T      .202      .304
     12071  .46400E+00  .24083E-04      2      1     24143    -1    -5     T      .202      .304
     12097  .46500E+00  .24083E-04      2      1     24195    -1    -5     T      .202      .304
     12123  .46600E+00  .24083E-04      2      1     24247    -1    -5     T      .202      .304
     12149  .46700E+00  .24083E-04      2      1     24299    -1    -5     T      .202      .304
     12175  .46800E+00  .24083E-04      2      1     24351    -1    -5     T      .202      .304
     12201  .46900E+00  .24083E-04      2      1     24403    -1    -5     T      .202      .304
     12227  .47000E+00  .24083E-04      2      1     24455    -1    -5     T      .202      .304
     12253  .47100E+00  .24083E-04      2      1     24507    -1    -5     T      .202      .304
     12279  .47200E+00  .24083E-04      2      1     24559    -1    -5     T      .202      .304
     12305  .47300E+00  .24083E-04      2      1     24611    -1    -5     T      .202      .304
     12331  .47400E+00  .24083E-04      2      1     24663    -1    -5     T      .202      .304
     12357  .47500E+00  .24083E-04      2      1     24715    -1    -5     T      .202      .304
     12383  .47600E+00  .24083E-04      2      1     24767    -1    -5     T      .202      .304
     12409  .47700E+00  .24083E-04      2      1     24819    -1    -5     T      .202      .304
     12435  .47800E+00  .24083E-04      2      1     24871    -1    -5     T      .202      .304
     12461  .47900E+00  .24083E-04      2      1     24923    -1    -5     T      .202      .304
     12487  .48000E+00  .24083E-04      2      1     24975    -1    -5     T      .202      .304
     12513  .48100E+00  .24083E-04      2      1     25027    -1    -5     T      .202      .304
     12539  .48200E+00  .24083E-04      2      1     25079    -1    -5     T      .202      .304
     12565  .48300E+00  .24083E-04      2      1     25131    -1    -5     T      .202      .304
     12591  .48400E+00  .24083E-04      2      1     25183    -1    -5     T      .202      .304
     12617  .48500E+00  .24083E-04      2      1     25235    -1    -5     T      .202      .304
     12643  .48600E+00  .24083E-04      2      1     25287    -1    -5     T      .202      .304
     12669  .48700E+00  .24083E-04      2      1     25339    -1    -5     T      .202      .304
     12695  .48800E+00  .24083E-04      2      1     25391    -1    -5     T      .202      .304
     12721  .48900E+00  .24083E-04      2      1     25443    -1    -5     T      .202      .304
     12747  .49000E+00  .24083E-04      2      1     25495    -1    -5     T      .202      .304
     12773  .49100E+00  .24083E-04      2      1     25547    -1    -5     T      .202      .304
     12799  .49200E+00  .24083E-04      2      1     25599    -1    -5     T      .202      .304
     12825  .49300E+00  .24083E-04      2      1     25651    -1    -5     T      .202      .304
     12851  .49400E+00  .24083E-04      2      1     25703    -1    -5     T      .202      .304
     12877  .49500E+00  .24083E-04      2      1     25755    -1    -5     T      .202      .304
     12903  .49600E+00  .24083E-04      2      1     25807    -1    -5     T      .202      .304
     12929  .49700E+00  .24083E-04      2      1     25859    -1    -5     T      .202      .304
     12955  .49800E+00  .24083E-04      2      1     25911    -1    -5     T      .202      .304
     12981  .49900E+00  .24083E-04      2      1     25963    -1    -5     T      .202      .304
     13007  .50000E+00  .24083E-04      2      1     26015    -1    -5     T      .202      .304
     13033  .50100E+00  .24083E-04      2      1     26067    -1    -5     T      .202      .304
     13059  .50200E+00  .24083E-04      2      1     26119    -1    -5     T      .202      .304
     13085  .50300E+00  .24083E-04      2      1     26171    -1    -5     T      .202      .304
     13111  .50400E+00  .24083E-04      2      1     26223    -1    -5     T      .202      .304
     13137  .50500E+00  .24083E-04      2      1     26275    -1    -5     T      .202      .304
     13163  .50600E+00  .24083E-04      2      1     26327    -1    -5     T      .202      .304
     13189  .50700E+00  .24083E-04      2      1     26379    -1    -5     T      .202      .304
     13215  .50800E+00  .24083E-04      2      1     26431    -1    -5     T      .202      .304
     13241  .50900E+00  .24083E-04      2      1     26483    -1    -5     T      .202      .304
     13267  .51000E+00  .24083E-04      2      1     26535    -1    -5     T      .202      .304
     13293  .51100E+00  .24083E-04      2      1     26587    -1    -5     T      .202      .304
     13319  .51200E+00  .24083E-04      2      1     26639    -1    -5     T      .202      .304
     13345  .51300E+00  .24083E-04      2      1     26691    -1    -5     T      .202      .304
     13371  .51400E+00  .24083E-04      2      1     26743    -1    -5     T      .202      .304
     13397  .51500E+00  .24083E-04      2      1     26795    -1    -5     T      .202      .304
     13423  .51600E+00  .24083E-04      2      1     26847    -1    -5     T      .202      .304
     13449  .51700E+00  .24083E-04      2      1     26899    -1    -5     T      .202      .304
     13475  .51800E+00  .24083E-04      2      1     26951    -1    -5     T      .202      .304
     13501  .51900E+00  .24083E-04      2      1     27003    -1    -5     T      .202      .304
     13527  .52000E+00  .24083E-04      2      1     27055    -1    -5     T      .202      .304
     13553  .52100E+00  .24083E-04      2      1     27107    -1    -5     T      .202      .304
     13579  .52200E+00  .24083E-04      2      1     27159    -1    -5     T      .202      .304
     13605  .52300E+00  .24083E-04      2      1     27211    -1    -5     T      .202      .304
     13631  .52400E+00  .24083E-04      2      1     27263    -1    -5     T      .202      .304
     13657  .52500E+00  .24083E-04      2      1     27315    -1    -5     T      .202      .304
     13683  .52600E+00  .24083E-04      2      1     27367    -1    -5     T      .202      .304
     13709  .52700E+00  .24083E-04      2      1     27419    -1    -5     T      .202      .304
     13735  .52800E+00  .24083E-04      2      1     27471    -1    -5     T      .202      .304
     13761  .52900E+00  .24083E-04      2      1     27523    -1    -5     T      .202      .304
     13787  .53000E+00  .24083E-04      2      1     27575    -1    -5     T      .202      .304
     13813  .53100E+00  .24083E-04      2      1     27627    -1    -5     T      .202      .304
     13839  .53200E+00  .24083E-04      2      1     27679    -1    -5     T      .202      .304
     13865  .53300E+00  .24083E-04      2      1     27731    -1    -5     T      .202      .304
     13891  .53400E+00  .24083E-04      2      1     27783    -1    -5     T      .202      .304
     13917  .53500E+00  .24083E-04      2      1     27835    -1    -5     T      .202      .304
     13943  .53600E+00  .24083E-04      2      1     27887    -1    -5     T      .202      .304
     13969  .53700E+00  .24083E-04      2      1     27939    -1    -5     T      .202      .304
     13995  .53800E+00  .24083E-04      2      1     27991    -1    -5     T      .202      .304
     14021  .53900E+00  .24083E-04      2      1     28043    -1    -5     T      .202      .304
     14047  .54000E+00  .24083E-04      2      1     28095    -1    -5     T      .202      .304
     14073  .54100E+00  .24083E-04      2      1     28147    -1    -5     T      .202      .304
     14099  .54200E+00  .24083E-04      2      1     28199    -1    -5     T      .202      .304
     14125  .54300E+00  .24083E-04      2      1     28251    -1    -5     T      .202      .304
     14151  .54400E+00  .24083E-04      2      1     28303    -1    -5     T      .202      .304
     14177  .54500E+00  .24083E-04      2      1     28355    -1    -5     T      .202      .304
     14203  .54600E+00  .24083E-04      2      1     28407    -1    -5     T      .202      .304
     14229  .54700E+00  .24083E-04      2      1     28459    -1    -5     T      .202      .304
     14255  .54800E+00  .24083E-04      2      1     28511    -1    -5     T      .202      .304
     14281  .54900E+00  .24083E-04      2      1     28563    -1    -5     T      .202      .304
     14307  .55000E+00  .24083E-04      2      1     28615    -1    -5     T      .202      .304
     14333  .55100E+00  .24083E-04      2      1     28667    -1    -5     T      .202      .304
     14359  .55200E+00  .24083E-04      2      1     28719    -1    -5     T      .202      .304
     14385  .55300E+00  .24083E-04      2      1     28771    -1    -5     T      .202      .304
     14411  .55400E+00  .24083E-04      2      1     28823    -1    -5     T      .202      .304
     14437  .55500E+00  .24083E-04      2      1     28875    -1    -5     T      .202      .304
     14463  .55600E+00  .24083E-04      2      1     28927    -1    -5     T      .202      .304
     14489  .55700E+00  .24083E-04      2      1     28979    -1    -5     T      .202      .304
     14515  .55800E+00  .24083E-04      2      1     29031    -1    -5     T      .202      .304
     14541  .55900E+00  .24083E-04      2      1     29083    -1    -5     T      .202      .304
     14567  .56000E+00  .24083E-04      2      1     29135    -1    -5     T      .202      .304
     14593  .56100E+00  .24083E-04      2      1     29187    -1    -5     T      .202      .304
     14619  .56200E+00  .24083E-04      2      1     29239    -1    -5     T      .202      .304
     14645  .56300E+00  .24083E-04      2      1     29291    -1    -5     T      .202      .304
     14671  .56400E+00  .24083E-04      2      1     29343    -1    -5     T      .202      .304
     14697  .56500E+00  .24083E-04      2      1     29395    -1    -5     T      .202      .304
     14723  .56600E+00  .24083E-04      2      1     29447    -1    -5     T      .202      .304
     14749  .56700E+00  .24083E-04      2      1     29499    -1    -5     T      .202      .304
     14775  .56800E+00  .24083E-04      2      1     29551    -1    -5     T      .202      .304
     14801  .56900E+00  .24083E-04      2      1     29603    -1    -5     T      .202      .304
     14827  .57000E+00  .24083E-04      2      1     29655    -1    -5     T      .202      .304
     14853  .57100E+00  .24083E-04      2      1     29707    -1    -5     T      .202      .304
     14879  .57200E+00  .24083E-04      2      1     29759    -1    -5     T      .202      .304
     14905  .57300E+00  .24083E-04      2      1     29811    -1    -5     T      .202      .304
     14931  .57400E+00  .24083E-04      2      1     29863    -1    -5     T      .202      .304
     14957  .57500E+00  .24083E-04      2      1     29915    -1    -5     T      .202      .304
     14983  .57600E+00  .24083E-04      2      1     29967    -1    -5     T      .202      .304
     15009  .57700E+00  .24083E-04      2      1     30019    -1    -5     T      .202      .304
     15035  .57800E+00  .24083E-04      2      1     30071    -1    -5     T      .202      .304
     15061  .57900E+00  .24083E-04      2      1     30123    -1    -5     T      .202      .304
     15087  .58000E+00  .24083E-04      2      1     30175    -1    -5     T      .202      .304
     15113  .58100E+00  .24083E-04      2      1     30227    -1    -5     T      .202      .304
     15139  .58200E+00  .24083E-04      2      1     30279    -1    -5     T      .202      .304
     15165  .58300E+00  .24083E-04      2      1     30331    -1    -5     T      .202      .304
     15191  .58400E+00  .24083E-04      2      1     30383    -1    -5     T      .202      .304
     15217  .58500E+00  .24083E-04      2      1     30435    -1    -5     T      .202      .304
     15243  .58600E+00  .24083E-04      2      1     30487    -1    -5     T      .202      .304
     15269  .58700E+00  .24083E-04      2      1     30539    -1    -5     T      .202      .304
     15295  .58800E+00  .24083E-04      2      1     30591    -1    -5     T      .202      .304
     15321  .58900E+00  .24083E-04      2      1     30643    -1    -5     T      .202      .304
     15347  .59000E+00  .24083E-04      2      1     30695    -1    -5     T      .202      .304
     15373  .59100E+00  .24083E-04      2      1     30747    -1    -5     T      .202      .304
     15399  .59200E+00  .24083E-04      2      1     30799    -1    -5     T      .202      .304
     15425  .59300E+00  .24083E-04      2      1     30851    -1    -5     T      .202      .304
     15451  .59400E+00  .24083E-04      2      1     30903    -1    -5     T      .202      .304
     15477  .59500E+00  .24083E-04      2      1     30955    -1    -5     T      .202      .304
     15503  .59600E+00  .24083E-04      2      1     31007    -1    -5     T      .202      .304
     15529  .59700E+00  .24083E-04      2      1     31059    -1    -5     T      .202      .304
     15555  .59800E+00  .24083E-04      2      1     31111    -1    -5     T      .202      .304
     15581  .59900E+00  .24083E-04      2      1     31163    -1    -5     T      .202      .304
     15607  .60000E+00  .24083E-04      2      1     31215    -1    -5     T      .202      .304
     15633  .60100E+00  .24083E-04      2      1     31267    -1    -5     T      .202      .304
     15659  .60200E+00  .24083E-04      2      1     31319    -1    -5     T      .202      .304
     15685  .60300E+00  .24083E-04      2      1     31371    -1    -5     T      .202      .304
     15711  .60400E+00  .24083E-04      2      1     31423    -1    -5     T      .202      .304
     15737  .60500E+00  .24083E-04      2      1     31475    -1    -5     T      .202      .304
     15763  .60600E+00  .24083E-04      2      1     31527    -1    -5     T      .202      .304
     15789  .60700E+00  .24083E-04      2      1     31579    -1    -5     T      .202      .304
     15815  .60800E+00  .24083E-04      2      1     31631    -1    -5     T      .202      .304
     15841  .60900E+00  .24083E-04      2      1     31683    -1    -5     T      .202      .304
     15867  .61000E+00  .24083E-04      2      1     31735    -1    -5     T      .202      .304
     15893  .61100E+00  .24083E-04      2      1     31787    -1    -5     T      .202      .304
     15919  .61200E+00  .24083E-04      2      1     31839    -1    -5     T      .202      .304
     15945  .61300E+00  .24083E-04      2      1     31891    -1    -5     T      .202      .304
     15971  .61400E+00  .24083E-04      2      1     31943    -1    -5     T      .202      .304
     15997  .61500E+00  .24083E-04      2      1     31995    -1    -5     T      .202      .304
     16023  .61600E+00  .24083E-04      2      1     32047    -1    -5     T      .202      .304
     16049  .61700E+00  .24083E-04      2      1     32099    -1    -5     T      .202      .304
     16075  .61800E+00  .24083E-04      2      1     32151    -1    -5     T      .202      .304
     16101  .61900E+00  .24083E-04      2      1     32203    -1    -5     T      .202      .304
     16127  .62000E+00  .24083E-04      2      1     32255    -1    -5     T      .202      .304
     16153  .62100E+00  .24083E-04      2      1     32307    -1    -5     T      .202      .304
     16179  .62200E+00  .24083E-04      2      1     32359    -1    -5     T      .202      .304
     16205  .62300E+00  .24083E-04      2      1     32411    -1    -5     T      .202      .304
     16231  .62400E+00  .24083E-04      2      1     32463    -1    -5     T      .202      .304
     16257  .62500E+00  .24083E-04      2      1     32515    -1    -5     T      .202      .304
     16283  .62600E+00  .24083E-04      2      1     32567    -1    -5     T      .202      .304
     16309  .62700E+00  .24083E-04      2      1     32619    -1    -5     T      .202      .304
     16335  .62800E+00  .24083E-04      2      1     32671    -1    -5     T      .202      .304
     16361  .62900E+00  .24083E-04      2      1     32723    -1    -5     T      .202      .304
     16387  .63000E+00  .24083E-04      2      1     32775    -1    -5     T      .202      .304
     16413  .63100E+00  .24083E-04      2      1     32827    -1    -5     T      .202      .304
     16439  .63200E+00  .24083E-04      2      1     32879    -1    -5     T      .202      .304
     16465  .63300E+00  .24083E-04      2      1     32931    -1    -5     T      .202      .304
     16491  .63400E+00  .24083E-04      2      1     32983    -1    -5     T      .202      .304
     16517  .63500E+00  .24083E-04      2      1     33035    -1    -5     T      .202      .304
     16543  .63600E+00  .24083E-04      2      1     33087    -1    -5     T      .202      .304
     16569  .63700E+00  .24083E-04      2      1     33139    -1    -5     T      .202      .304
     16595  .63800E+00  .24083E-04      2      1     33191    -1    -5     T      .202      .304
     16621  .63900E+00  .24083E-04      2      1     33243    -1    -5     T      .202      .304
     16647  .64000E+00  .24083E-04      2      1     33295    -1    -5     T      .202      .304
     16673  .64100E+00  .24083E-04      2      1     33347    -1    -5     T      .202      .304
     16699  .64200E+00  .24083E-04      2      1     33399    -1    -5     T      .202      .304
     16725  .64300E+00  .24083E-04      2      1     33451    -1    -5     T      .202      .304
     16751  .64400E+00  .24083E-04      2      1     33503    -1    -5     T      .202      .304
     16777  .64500E+00  .24083E-04      2      1     33555    -1    -5     T      .202      .304
     16803  .64600E+00  .24083E-04      2      1     33607    -1    -5     T      .202      .304
     16829  .64700E+00  .24083E-04      2      1     33659    -1    -5     T      .202      .304
     16855  .64800E+00  .24083E-04      2      1     33711    -1    -5     T      .202      .304
     16881  .64900E+00  .24083E-04      2      1     33763    -1    -5     T      .202      .304
     16907  .65000E+00  .24083E-04      2      1     33815    -1    -5     T      .202      .304
     16933  .65100E+00  .24083E-04      2      1     33867    -1    -5     T      .202      .304
     16959  .65200E+00  .24083E-04      2      1     33919    -1    -5     T      .202      .304
     16985  .65300E+00  .24083E-04      2      1     33971    -1    -5     T      .202      .304
     17011  .65400E+00  .24083E-04      2      1     34023    -1    -5     T      .202      .304
     17037  .65500E+00  .24083E-04      2      1     34075    -1    -5     T      .202      .304
     17063  .65600E+00  .24083E-04      2      1     34127    -1    -5     T      .202      .304
     17089  .65700E+00  .24083E-04      2      1     34179    -1    -5     T      .202      .304
     17115  .65800E+00  .24083E-04      2      1     34231    -1    -5     T      .202      .304
     17141  .65900E+00  .24083E-04      2      1     34283    -1    -5     T      .202      .304
     17167  .66000E+00  .24083E-04      2      1     34335    -1    -5     T      .202      .304
     17193  .66100E+00  .24083E-04      2      1     34387    -1    -5     T      .202      .304
     17219  .66200E+00  .24083E-04      2      1     34439    -1    -5     T      .202      .304
     17245  .66300E+00  .24083E-04      2      1     34491    -1    -5     T      .202      .304
     17271  .66400E+00  .24083E-04      2      1     34543    -1    -5     T      .202      .304
     17297  .66500E+00  .24083E-04      2      1     34595    -1    -5     T      .202      .304
     17323  .66600E+00  .24083E-04      2      1     34647    -1    -5     T      .202      .304
     17349  .66700E+00  .24083E-04      2      1     34699    -1    -5     T      .202      .304
     17375  .66800E+00  .24083E-04      2      1     34751    -1    -5     T      .202      .304
     17401  .66900E+00  .24083E-04      2      1     34803    -1    -5     T      .202      .304
     17427  .67000E+00  .24083E-04      2      1     34855    -1    -5     T      .202      .304
     17453  .67100E+00  .24083E-04      2      1     34907    -1    -5     T      .202      .304
     17479  .67200E+00  .24083E-04      2      1     34959    -1    -5     T      .202      .304
     17505  .67300E+00  .24083E-04      2      1     35011    -1    -5     T      .202      .304
     17531  .67400E+00  .24083E-04      2      1     35063    -1    -5     T      .202      .304
     17557  .67500E+00  .24083E-04      2      1     35115    -1    -5     T      .202      .304
     17583  .67600E+00  .24083E-04      2      1     35167    -1    -5     T      .202      .304
     17609  .67700E+00  .24083E-04      2      1     35219    -1    -5     T      .202      .304
     17635  .67800E+00  .24083E-04      2      1     35271    -1    -5     T      .202      .304
     17661  .67900E+00  .24083E-04      2      1     35323    -1    -5     T      .202      .304
     17687  .68000E+00  .24083E-04      2      1     35375    -1    -5     T      .202      .304
     17713  .68100E+00  .24083E-04      2      1     35427    -1    -5     T      .202      .304
     17739  .68200E+00  .24083E-04      2      1     35479    -1    -5     T      .202      .304
     17765  .68300E+00  .24083E-04      2      1     35531    -1    -5     T      .202      .304
     17791  .68400E+00  .24083E-04      2      1     35583    -1    -5     T      .202      .304
     17817  .68500E+00  .24083E-04      2      1     35635    -1    -5     T      .202      .304
     17843  .68600E+00  .24083E-04      2      1     35687    -1    -5     T      .202      .304
     17869  .68700E+00  .24083E-04      2      1     35739    -1    -5     T      .202      .304
     17895  .68800E+00  .24083E-04      2      1     35791    -1    -5     T      .202      .304
     17921  .68900E+00  .24083E-04      2      1     35843    -1    -5     T      .202      .304
     17947  .69000E+00  .24083E-04      2      1     35895    -1    -5     T      .202      .304
     17973  .69100E+00  .24083E-04      2      1     35947    -1    -5     T      .202      .304
     17999  .69200E+00  .24083E-04      2      1     35999    -1    -5     T      .202      .304
     18025  .69300E+00  .24083E-04      2      1     36051    -1    -5     T      .202      .304
     18051  .69400E+00  .24083E-04      2      1     36103    -1    -5     T      .202      .304
     18077  .69500E+00  .24083E-04      2      1     36155    -1    -5     T      .202      .304
     18103  .69600E+00  .24083E-04      2      1     36207    -1    -5     T      .202      .304
     18129  .69700E+00  .24083E-04      2      1     36259    -1    -5     T      .202      .304
     18155  .69800E+00  .24083E-04      2      1     36311    -1    -5     T      .202      .304
     18181  .69900E+00  .24083E-04      2      1     36363    -1    -5     T      .202      .304
     18207  .70000E+00  .24083E-04      2      1     36415    -1    -5     T      .202      .304
     18233  .70100E+00  .24083E-04      2      1     36467    -1    -5     T      .202      .304
     18259  .70200E+00  .24083E-04      2      1     36519    -1    -5     T      .202      .304
     18285  .70300E+00  .24083E-04      2      1     36571    -1    -5     T      .202      .304
     18311  .70400E+00  .24083E-04      2      1     36623    -1    -5     T      .202      .304
     18337  .70500E+00  .24083E-04      2      1     36675    -1    -5     T      .202      .304
     18363  .70600E+00  .24083E-04      2      1     36727    -1    -5     T      .202      .304
     18389  .70700E+00  .24083E-04      2      1     36779    -1    -5     T      .202      .304
     18415  .70800E+00  .24083E-04      2      1     36831    -1    -5     T      .202      .304
     18441  .70900E+00  .24083E-04      2      1     36883    -1    -5     T      .202      .304
     18467  .71000E+00  .24083E-04      2      1     36935    -1    -5     T      .202      .304
     18493  .71100E+00  .24083E-04      2      1     36987    -1    -5     T      .202      .304
     18519  .71200E+00  .24083E-04      2      1     37039    -1    -5     T      .202      .304
     18545  .71300E+00  .24083E-04      2      1     37091    -1    -5     T      .202      .304
     18571  .71400E+00  .24083E-04      2      1     37143    -1    -5     T      .202      .304
     18597  .71500E+00  .24083E-04      2      1     37195    -1    -5     T      .202      .304
     18623  .71600E+00  .24083E-04      2      1     37247    -1    -5     T      .202      .304
     18649  .71700E+00  .24083E-04      2      1     37299    -1    -5     T      .202      .304
     18675  .71800E+00  .24083E-04      2      1     37351    -1    -5     T      .202      .304
     18701  .71900E+00  .24083E-04      2      1     37403    -1    -5     T      .202      .304
     18727  .72000E+00  .24083E-04      2      1     37455    -1    -5     T      .202      .304
     18753  .72100E+00  .24083E-04      2      1     37507    -1    -5     T      .202      .304
     18779  .72200E+00  .24083E-04      2      1     37559    -1    -5     T      .202      .304
     18805  .72300E+00  .24083E-04      2      1     37611    -1    -5     T      .202      .304
     18831  .72400E+00  .24083E-04      2      1     37663    -1    -5     T      .202      .304
     18857  .72500E+00  .24083E-04      2      1     37715    -1    -5     T      .202      .304
     18883  .72600E+00  .24083E-04      2      1     37767    -1    -5     T      .202      .304
     18909  .72700E+00  .24083E-04      2      1     37819    -1    -5     T      .202      .304
     18935  .72800E+00  .24083E-04      2      1     37871    -1    -5     T      .202      .304
     18961  .72900E+00  .24083E-04      2      1     37923    -1    -5     T      .202      .304
     18987  .73000E+00  .24083E-04      2      1     37975    -1    -5     T      .202      .304
     19013  .73100E+00  .24083E-04      2      1     38027    -1    -5     T      .202      .304
     19039  .73200E+00  .24083E-04      2      1     38079    -1    -5     T      .202      .304
     19065  .73300E+00  .24083E-04      2      1     38131    -1    -5     T      .202      .304
     19091  .73400E+00  .24083E-04      2      1     38183    -1    -5     T      .202      .304
     19117  .73500E+00  .24083E-04      2      1     38235    -1    -5     T      .202      .304
     19143  .73600E+00  .24083E-04      2      1     38287    -1    -5     T      .202      .304
     19169  .73700E+00  .24083E-04      2      1     38339    -1    -5     T      .202      .304
     19195  .73800E+00  .24083E-04      2      1     38391    -1    -5     T      .202      .304
     19221  .73900E+00  .24083E-04      2      1     38443    -1    -5     T      .202      .304
     19247  .74000E+00  .24083E-04      2      1     38495    -1    -5     T      .202      .304
     19273  .74100E+00  .24083E-04      2      1     38547    -1    -5     T      .202      .304
     19299  .74200E+00  .24083E-04      2      1     38599    -1    -5     T      .202      .304
     19325  .74300E+00  .24083E-04      2      1     38651    -1    -5     T      .202      .304
     19351  .74400E+00  .24083E-04      2      1     38703    -1    -5     T      .202      .304
     19377  .74500E+00  .24083E-04      2      1     38755    -1    -5     T      .202      .304
     19403  .74600E+00  .24083E-04      2      1     38807    -1    -5     T      .202      .304
     19429  .74700E+00  .24083E-04      2      1     38859    -1    -5     T      .202      .304
     19455  .74800E+00  .24083E-04      2      1     38911    -1    -5     T      .202      .304
     19481  .74900E+00  .24083E-04      2      1     38963    -1    -5     T      .202      .304
     19507  .75000E+00  .24083E-04      2      1     39015    -1    -5     T      .202      .304
     19533  .75100E+00  .24083E-04      2      1     39067    -1    -5     T      .202      .304
     19559  .75200E+00  .24083E-04      2      1     39119    -1    -5     T      .202      .304
     19585  .75300E+00  .24083E-04      2      1     39171    -1    -5     T      .202      .304
     19611  .75400E+00  .24083E-04      2      1     39223    -1    -5     T      .202      .304
     19637  .75500E+00  .24083E-04      2      1     39275    -1    -5     T      .202      .304
     19663  .75600E+00  .24083E-04      2      1     39327    -1    -5     T      .202      .304
     19689  .75700E+00  .24083E-04      2      1     39379    -1    -5     T      .202      .304
     19715  .75800E+00  .24083E-04      2      1     39431    -1    -5     T      .202      .304
     19741  .75900E+00  .24083E-04      2      1     39483    -1    -5     T      .202      .304
     19767  .76000E+00  .24083E-04      2      1     39535    -1    -5     T      .202      .304
     19793  .76100E+00  .24083E-04      2      1     39587    -1    -5     T      .202      .304
     19819  .76200E+00  .24083E-04      2      1     39639    -1    -5     T      .202      .304
     19845  .76300E+00  .24083E-04      2      1     39691    -1    -5     T      .202      .304
     19871  .76400E+00  .24083E-04      2      1     39743    -1    -5     T      .202      .304
     19897  .76500E+00  .24083E-04      2      1     39795    -1    -5     T      .202      .304
     19923  .76600E+00  .24083E-04      2      1     39847    -1    -5     T      .202      .304
     19949  .76700E+00  .24083E-04      2      1     39899    -1    -5     T      .202      .304
     19975  .76800E+00  .24083E-04      2      1     39951    -1    -5     T      .202      .304
     20001  .76900E+00  .24083E-04      2      1     40003    -1    -5     T      .202      .304
     20027  .77000E+00  .24083E-04      2      1     40055    -1    -5     T      .202      .304
     20053  .77100E+00  .24083E-04      2      1     40107    -1    -5     T      .202      .304
     20079  .77200E+00  .24083E-04      2      1     40159    -1    -5     T      .202      .304
     20105  .77300E+00  .24083E-04      2      1     40211    -1    -5     T      .202      .304
     20131  .77400E+00  .24083E-04      2      1     40263    -1    -5     T      .202      .304
     20157  .77500E+00  .24083E-04      2      1     40315    -1    -5     T      .202      .304
     20183  .77600E+00  .24083E-04      2      1     40367    -1    -5     T      .202      .304
     20209  .77700E+00  .24083E-04      2      1     40419    -1    -5     T      .202      .304
     20235  .77800E+00  .24083E-04      2      1     40471    -1    -5     T      .202      .304
     20261  .77900E+00  .24083E-04      2      1     40523    -1    -5     T      .202      .304
     20287  .78000E+00  .24083E-04      2      1     40575    -1    -5     T      .202      .304
     20313  .78100E+00  .24083E-04      2      1     40627    -1    -5     T      .202      .304
     20339  .78200E+00  .24083E-04      2      1     40679    -1    -5     T      .202      .304
     20365  .78300E+00  .24083E-04      2      1     40731    -1    -5     T      .202      .304
     20391  .78400E+00  .24083E-04      2      1     40783    -1    -5     T      .202      .304
     20417  .78500E+00  .24083E-04      2      1     40835    -1    -5     T      .202      .304
     20443  .78600E+00  .24083E-04      2      1     40887    -1    -5     T      .202      .304
     20469  .78700E+00  .24083E-04      2      1     40939    -1    -5     T      .202      .304
     20495  .78800E+00  .24083E-04      2      1     40991    -1    -5     T      .202      .304
     20521  .78900E+00  .24083E-04      2      1     41043    -1    -5     T      .202      .304
     20547  .79000E+00  .24083E-04      2      1     41095    -1    -5     T      .202      .304
     20573  .79100E+00  .24083E-04      2      1     41147    -1    -5     T      .202      .304
     20599  .79200E+00  .24083E-04      2      1     41199    -1    -5     T      .202      .304
     20625  .79300E+00  .24083E-04      2      1     41251    -1    -5     T      .202      .304
     20651  .79400E+00  .24083E-04      2      1     41303    -1    -5     T      .202      .304
     20677  .79500E+00  .24083E-04      2      1     41355    -1    -5     T      .202      .304
     20703  .79600E+00  .24083E-04      2      1     41407    -1    -5     T      .202      .304
     20729  .79700E+00  .24083E-04      2      1     41459    -1    -5     T      .202      .304
     20755  .79800E+00  .24083E-04      2      1     41511    -1    -5     T      .202      .304
     20781  .79900E+00  .24083E-04      2      1     41563    -1    -5     T      .202      .304
     20807  .80000E+00  .24083E-04      2      1     41615    -1    -5     T      .202      .304
     20833  .80100E+00  .24083E-04      2      1     41667    -1    -5     T      .202      .304
     20859  .80200E+00  .24083E-04      2      1     41719    -1    -5     T      .202      .304
     20885  .80300E+00  .24083E-04      2      1     41771    -1    -5     T      .202      .304
     20911  .80400E+00  .24083E-04      2      1     41823    -1    -5     T      .202      .304
     20937  .80500E+00  .24083E-04      2      1     41875    -1    -5     T      .202      .304
     20963  .80600E+00  .24083E-04      2      1     41927    -1    -5     T      .202      .304
     20989  .80700E+00  .24083E-04      2      1     41979    -1    -5     T      .202      .304
     21015  .80800E+00  .24083E-04      2      1     42031    -1    -5     T      .202      .304
     21041  .80900E+00  .24083E-04      2      1     42083    -1    -5     T      .202      .304
     21067  .81000E+00  .24083E-04      2      1     42135    -1    -5     T      .202      .304
     21093  .81100E+00  .24083E-04      2      1     42187    -1    -5     T      .202      .304
     21119  .81200E+00  .24083E-04      2      1     42239    -1    -5     T      .202      .304
     21145  .81300E+00  .24083E-04      2      1     42291    -1    -5     T      .202      .304
     21171  .81400E+00  .24083E-04      2      1     42343    -1    -5     T      .202      .304
     21197  .81500E+00  .24083E-04      2      1     42395    -1    -5     T      .202      .304
     21223  .81600E+00  .24083E-04      2      1     42447    -1    -5     T      .202      .304
     21249  .81700E+00  .24083E-04      2      1     42499    -1    -5     T      .202      .304
     21275  .81800E+00  .24083E-04      2      1     42551    -1    -5     T      .202      .304
     21301  .81900E+00  .24083E-04      2      1     42603    -1    -5     T      .202      .304
     21327  .82000E+00  .24083E-04      2      1     42655    -1    -5     T      .202      .304
     21353  .82100E+00  .24083E-04      2      1     42707    -1    -5     T      .202      .304
     21379  .82200E+00  .24083E-04      2      1     42759    -1    -5     T      .202      .304
     21405  .82300E+00  .24083E-04      2      1     42811    -1    -5     T      .202      .304
     21431  .82400E+00  .24083E-04      2      1     42863    -1    -5     T      .202      .304
     21457  .82500E+00  .24083E-04      2      1     42915    -1    -5     T      .202      .304
     21483  .82600E+00  .24083E-04      2      1     42967    -1    -5     T      .202      .304
     21509  .82700E+00  .24083E-04      2      1     43019    -1    -5     T      .202      .304
     21535  .82800E+00  .24083E-04      2      1     43071    -1    -5     T      .202      .304
     21561  .82900E+00  .24083E-04      2      1     43123    -1    -5     T      .202      .304
     21587  .83000E+00  .24083E-04      2      1     43175    -1    -5     T      .202      .304
     21613  .83100E+00  .24083E-04      2      1     43227    -1    -5     T      .202      .304
     21639  .83200E+00  .24083E-04      2      1     43279    -1    -5     T      .202      .304
     21665  .83300E+00  .24083E-04      2      1     43331    -1    -5     T      .202      .304
     21691  .83400E+00  .24083E-04      2      1     43383    -1    -5     T      .202      .304
     21717  .83500E+00  .24083E-04      2      1     43435    -1    -5     T      .202      .304
     21743  .83600E+00  .24083E-04      2      1     43487    -1    -5     T      .202      .304
     21769  .83700E+00  .24083E-04      2      1     43539    -1    -5     T      .202      .304
     21795  .83800E+00  .24083E-04      2      1     43591    -1    -5     T      .202      .304
     21821  .83900E+00  .24083E-04      2      1     43643    -1    -5     T      .202      .304
     21847  .84000E+00  .24083E-04      2      1     43695    -1    -5     T      .202      .304
     21873  .84100E+00  .24083E-04      2      1     43747    -1    -5     T      .202      .304
     21899  .84200E+00  .24083E-04      2      1     43799    -1    -5     T      .202      .304
     21925  .84300E+00  .24083E-04      2      1     43851    -1    -5     T      .202      .304
     21951  .84400E+00  .24083E-04      2      1     43903    -1    -5     T      .202      .304
     21977  .84500E+00  .24083E-04      2      1     43955    -1    -5     T      .202      .304
     22003  .84600E+00  .24083E-04      2      1     44007    -1    -5     T      .202      .304
     22029  .84700E+00  .24083E-04      2      1     44059    -1    -5     T      .202      .304
     22055  .84800E+00  .24083E-04      2      1     44111    -1    -5     T      .202      .304
     22081  .84900E+00  .24083E-04      2      1     44163    -1    -5     T      .202      .304
     22107  .85000E+00  .24083E-04      2      1     44215    -1    -5     T      .202      .304
     22133  .85100E+00  .24083E-04      2      1     44267    -1    -5     T      .202      .304
     22159  .85200E+00  .24083E-04      2      1     44319    -1    -5     T      .202      .304
     22185  .85300E+00  .24083E-04      2      1     44371    -1    -5     T      .202      .304
     22211  .85400E+00  .24083E-04      2      1     44423    -1    -5     T      .202      .304
     22237  .85500E+00  .24083E-04      2      1     44475    -1    -5     T      .202      .304
     22263  .85600E+00  .24083E-04      2      1     44527    -1    -5     T      .202      .304
     22289  .85700E+00  .24083E-04      2      1     44579    -1    -5     T      .202      .304
     22315  .85800E+00  .24083E-04      2      1     44631    -1    -5     T      .202      .304
     22341  .85900E+00  .24083E-04      2      1     44683    -1    -5     T      .202      .304
     22367  .86000E+00  .24083E-04      2      1     44735    -1    -5     T      .202      .304
     22393  .86100E+00  .24083E-04      2      1     44787    -1    -5     T      .202      .304
     22419  .86200E+00  .24083E-04      2      1     44839    -1    -5     T      .202      .304
     22445  .86300E+00  .24083E-04      2      1     44891    -1    -5     T      .202      .304
     22471  .86400E+00  .24083E-04      2      1     44943    -1    -5     T      .202      .304
     22497  .86500E+00  .24083E-04      2      1     44995    -1    -5     T      .202      .304
     22523  .86600E+00  .24083E-04      2      1     45047    -1    -5     T      .202      .304
     22549  .86700E+00  .24083E-04      2      1     45099    -1    -5     T      .202      .304
     22575  .86800E+00  .24083E-04      2      1     45151    -1    -5     T      .202      .304
     22601  .86900E+00  .24083E-04      2      1     45203    -1    -5     T      .202      .304
     22627  .87000E+00  .24083E-04      2      1     45255    -1    -5     T      .202      .304
     22653  .87100E+00  .24083E-04      2      1     45307    -1    -5     T      .202      .304
     22679  .87200E+00  .24083E-04      2      1     45359    -1    -5     T      .202      .304
     22705  .87300E+00  .24083E-04      2      1     45411    -1    -5     T      .202      .304
     22731  .87400E+00  .24083E-04      2      1     45463    -1    -5     T      .202      .304
     22757  .87500E+00  .24083E-04      2      1     45515    -1    -5     T      .202      .304
     22783  .87600E+00  .24083E-04      2      1     45567    -1    -5     T      .202      .304
     22809  .87700E+00  .24083E-04      2      1     45619    -1    -5     T      .202      .304
     22835  .87800E+00  .24083E-04      2      1     45671    -1    -5     T      .202      .304
     22861  .87900E+00  .24083E-04      2      1     45723    -1    -5     T      .202      .304
     22887  .88000E+00  .24083E-04      2      1     45775    -1    -5     T      .202      .304
     22913  .88100E+00  .24083E-04      2      1     45827    -1    -5     T      .202      .304
     22939  .88200E+00  .24083E-04      2      1     45879    -1    -5     T      .202      .304
     22965  .88300E+00  .24083E-04      2      1     45931    -1    -5     T      .202      .304
     22991  .88400E+00  .24083E-04      2      1     45983    -1    -5     T      .202      .304
     23017  .88500E+00  .24083E-04      2      1     46035    -1    -5     T      .202      .304
     23043  .88600E+00  .24083E-04      2      1     46087    -1    -5     T      .202      .304
     23069  .88700E+00  .24083E-04      2      1     46139    -1    -5     T      .202      .304
     23095  .88800E+00  .24083E-04      2      1     46191    -1    -5     T      .202      .304
     23121  .88900E+00  .24083E-04      2      1     46243    -1    -5     T      .202      .304
     23147  .89000E+00  .24083E-04      2      1     46295    -1    -5     T      .202      .304
     23173  .89100E+00  .24083E-04      2      1     46347    -1    -5     T      .202      .304
     23199  .89200E+00  .24083E-04      2      1     46399    -1    -5     T      .202      .304
     23225  .89300E+00  .24083E-04      2      1     46451    -1    -5     T      .202      .304
     23251  .89400E+00  .24083E-04      2      1     46503    -1    -5     T      .202      .304
     23277  .89500E+00  .24083E-04      2      1     46555    -1    -5     T      .202      .304
     23303  .89600E+00  .24083E-04      2      1     46607    -1    -5     T      .202      .304
     23329  .89700E+00  .24083E-04      2      1     46659    -1    -5     T      .202      .304
     23355  .89800E+00  .24083E-04      2      1     46711    -1    -5     T      .202      .304
     23381  .89900E+00  .24083E-04      2      1     46763    -1    -5     T      .202      .304
     23407  .90000E+00  .24083E-04      2      1     46815    -1    -5     T      .202      .304
     23433  .90100E+00  .24083E-04      2      1     46867    -1    -5     T      .202      .304
     23459  .90200E+00  .24083E-04      2      1     46919    -1    -5     T      .202      .304
     23485  .90300E+00  .24083E-04      2      1     46971    -1    -5     T      .202      .304
     23511  .90400E+00  .24083E-04      2      1     47023    -1    -5     T      .202      .304
     23537  .90500E+00  .24083E-04      2      1     47075    -1    -5     T      .202      .304
     23563  .90600E+00  .24083E-04      2      1     47127    -1    -5     T      .202      .304
     23589  .90700E+00  .24083E-04      2      1     47179    -1    -5     T      .202      .304
     23615  .90800E+00  .24083E-04      2      1     47231    -1    -5     T      .202      .304
     23641  .90900E+00  .24083E-04      2      1     47283    -1    -5     T      .202      .304
     23667  .91000E+00  .24083E-04      2      1     47335    -1    -5     T      .202      .304
     23693  .91100E+00  .24083E-04      2      1     47387    -1    -5     T      .202      .304
     23719  .91200E+00  .24083E-04      2      1     47439    -1    -5     T      .202      .304
     23745  .91300E+00  .24083E-04      2      1     47491    -1    -5     T      .202      .304
     23771  .91400E+00  .24083E-04      2      1     47543    -1    -5     T      .202      .304
     23797  .91500E+00  .24083E-04      2      1     47595    -1    -5     T      .202      .304
     23823  .91600E+00  .24083E-04      2      1     47647    -1    -5     T      .202      .304
     23849  .91700E+00  .24083E-04      2      1     47699    -1    -5     T      .202      .304
     23875  .91800E+00  .24083E-04      2      1     47751    -1    -5     T      .202      .304
     23901  .91900E+00  .24083E-04      2      1     47803    -1    -5     T      .202      .304
     23927  .92000E+00  .24083E-04      2      1     47855    -1    -5     T      .202      .304
     23953  .92100E+00  .24083E-04      2      1     47907    -1    -5     T      .202      .304
     23979  .92200E+00  .24083E-04      2      1     47959    -1    -5     T      .202      .304
     24005  .92300E+00  .24083E-04      2      1     48011    -1    -5     T      .202      .304
     24031  .92400E+00  .24083E-04      2      1     48063    -1    -5     T      .202      .304
     24057  .92500E+00  .24083E-04      2      1     48115    -1    -5     T      .202      .304
     24083  .92600E+00  .24083E-04      2      1     48167    -1    -5     T      .202      .304
     24109  .92700E+00  .24083E-04      2      1     48219    -1    -5     T      .202      .304
     24135  .92800E+00  .24083E-04      2      1     48271    -1    -5     T      .202      .304
     24161  .92900E+00  .24083E-04      2      1     48323    -1    -5     T      .202      .304
     24187  .93000E+00  .24083E-04      2      1     48375    -1    -5     T      .202      .304
     24213  .93100E+00  .24083E-04      2      1     48427    -1    -5     T      .202      .304
     24239  .93200E+00  .24083E-04      2      1     48479    -1    -5     T      .202      .304
     24265  .93300E+00  .24083E-04      2      1     48531    -1    -5     T      .202      .304
     24291  .93400E+00  .24083E-04      2      1     48583    -1    -5     T      .202      .304
     24317  .93500E+00  .24083E-04      2      1     48635    -1    -5     T      .202      .304
     24343  .93600E+00  .24083E-04      2      1     48687    -1    -5     T      .202      .304
     24369  .93700E+00  .24083E-04      2      1     48739    -1    -5     T      .202      .304
     24395  .93800E+00  .24083E-04      2      1     48791    -1    -5     T      .202      .304
     24421  .93900E+00  .24083E-04      2      1     48843    -1    -5     T      .202      .304
     24447  .94000E+00  .24083E-04      2      1     48895    -1    -5     T      .202      .304
     24473  .94100E+00  .24083E-04      2      1     48947    -1    -5     T      .202      .304
     24499  .94200E+00  .24083E-04      2      1     48999    -1    -5     T      .202      .304
     24525  .94300E+00  .24083E-04      2      1     49051    -1    -5     T      .202      .304
     24551  .94400E+00  .24083E-04      2      1     49103    -1    -5     T      .202      .304
     24577  .94500E+00  .24083E-04      2      1     49155    -1    -5     T      .202      .304
     24603  .94600E+00  .24083E-04      2      1     49207    -1    -5     T      .202      .304
     24629  .94700E+00  .24083E-04      2      1     49259    -1    -5     T      .202      .304
     24655  .94800E+00  .24083E-04      2      1     49311    -1    -5     T      .202      .304
     24681  .94900E+00  .24083E-04      2      1     49363    -1    -5     T      .202      .304
     24707  .95000E+00  .24083E-04      2      1     49415    -1    -5     T      .202      .304
     24733  .95100E+00  .24083E-04      2      1     49467    -1    -5     T      .202      .304
     24759  .95200E+00  .24083E-04      2      1     49519    -1    -5     T      .202      .304
     24785  .95300E+00  .24083E-04      2      1     49571    -1    -5     T      .202      .304
     24811  .95400E+00  .24083E-04      2      1     49623    -1    -5     T      .202      .304
     24837  .95500E+00  .24083E-04      2      1     49675    -1    -5     T      .202      .304
     24863  .95600E+00  .24083E-04      2      1     49727    -1    -5     T      .202      .304
     24889  .95700E+00  .24083E-04      2      1     49779    -1    -5     T      .202      .304
     24915  .95800E+00  .24083E-04      2      1     49831    -1    -5     T      .202      .304
     24941  .95900E+00  .24083E-04      2      1     49883    -1    -5     T      .202      .304
     24967  .96000E+00  .24083E-04      2      1     49935    -1    -5     T      .202      .304
     24993  .96100E+00  .24083E-04      2      1     49987    -1    -5     T      .202      .304
     25019  .96200E+00  .24083E-04      2      1     50039    -1    -5     T      .202      .304
     25045  .96300E+00  .24083E-04      2      1     50091    -1    -5     T      .202      .304
     25071  .96400E+00  .24083E-04      2      1     50143    -1    -5     T      .202      .304
     25097  .96500E+00  .24083E-04      2      1     50195    -1    -5     T      .202      .304
     25123  .96600E+00  .24083E-04      2      1     50247    -1    -5     T      .202      .304
     25149  .96700E+00  .24083E-04      2      1     50299    -1    -5     T      .202      .304
     25175  .96800E+00  .24083E-04      2      1     50351    -1    -5     T      .202      .304
     25201  .96900E+00  .24083E-04      2      1     50403    -1    -5     T      .202      .304
     25227  .97000E+00  .24083E-04      2      1     50455    -1    -5     T      .202      .304
     25253  .97100E+00  .24083E-04      2      1     50507    -1    -5     T      .202      .304
     25279  .97200E+00  .24083E-04      2      1     50559    -1    -5     T      .202      .304
     25305  .97300E+00  .24083E-04      2      1     50611    -1    -5     T      .202      .304
     25331  .97400E+00  .24083E-04      2      1     50663    -1    -5     T      .202      .304
     25357  .97500E+00  .24083E-04      2      1     50715    -1    -5     T      .202      .304
     25383  .97600E+00  .24083E-04      2      1     50767    -1    -5     T      .202      .304
     25409  .97700E+00  .24083E-04      2      1     50819    -1    -5     T      .202      .304
     25435  .97800E+00  .24083E-04      2      1     50871    -1    -5     T      .202      .304
     25461  .97900E+00  .24083E-04      2      1     50923    -1    -5     T      .202      .304
     25487  .98000E+00  .24083E-04      2      1     50975    -1    -5     T      .202      .304
     25513  .98100E+00  .24083E-04      2      1     51027    -1    -5     T      .202      .304
     25539  .98200E+00  .24083E-04      2      1     51079    -1    -5     T      .202      .304
     25565  .98300E+00  .24083E-04      2      1     51131    -1    -5     T      .202      .304
     25591  .98400E+00  .24083E-04      2      1     51183    -1    -5     T      .202      .304
     25617  .98500E+00  .24083E-04      2      1     51235    -1    -5     T      .202      .304
     25643  .98600E+00  .24083E-04      2      1     51287    -1    -5     T      .202      .304
     25669  .98700E+00  .24083E-04      2      1     51339    -1    -5     T      .202      .304
     25695  .98800E+00  .24083E-04      2      1     51391    -1    -5     T      .202      .304
     25721  .98900E+00  .24083E-04      2      1     51443    -1    -5     T      .202      .304
     25747  .99000E+00  .24083E-04      2      1     51495    -1    -5     T      .202      .304
     25773  .99100E+00  .24083E-04      2      1     51547    -1    -5     T      .202      .304
     25799  .99200E+00  .24083E-04      2      1     51599    -1    -5     T      .202      .304
     25825  .99300E+00  .24083E-04      2      1     51651    -1    -5     T      .202      .304
     25851  .99400E+00  .24083E-04      2      1     51703    -1    -5     T      .202      .304
     25877  .99500E+00  .24083E-04      2      1     51755    -1    -5     T      .202      .304
     25903  .99600E+00  .24083E-04      2      1     51807    -1    -5     T      .202      .304
     25929  .99700E+00  .24083E-04      2      1     51859    -1    -5     T      .202      .304
     25955  .99800E+00  .24083E-04      2      1     51911    -1    -5     T      .202      .304
     25981  .99900E+00  .24083E-04      2      1     51963    -1    -5     T      .202      .304
     26007  .10000E+01  .24083E-04      2      1     52015    -1    -5     T      .202      .304
end
 
 Real time [sec]     935.000000000000000
