 ******* Program HYDRUS
 ******* Transient flow infolving hysteresis                                    
  
 Date:   1.10.    Time:  14: 2:55
 Units: L = cm   , T = hours, M = mmol 


  TLevel   Time         dt      Iter  ItCum  KodT  KodB  Convergency

     1  .33333E-03  .33333E-03    8    28    -4    -5     T
     2  .10352E-02  .70188E-03    7    35    -4    -5     T
     3  .15251E-02  .48992E-03    6    41    -4    -5     T
     4  .20151E-02  .48992E-03    5    46    -4    -5     T
     5  .25050E-02  .48992E-03    5    51    -4    -5     T
     6  .29949E-02  .48992E-03    5    56    -4    -5     T
     7  .34848E-02  .48992E-03    5    61    -4    -5     T
     8  .39748E-02  .48992E-03    5    66    -4    -5     T
     9  .44647E-02  .48992E-03    3    69    -4    -5     T
    10  .51016E-02  .63690E-03    6    75    -4    -5     T
    11  .57385E-02  .63690E-03    4    79    -4    -5     T
    12  .63754E-02  .63690E-03    6    85    -4    -5     T
    13  .70123E-02  .63690E-03    4    89    -4    -5     T
    14  .76492E-02  .63690E-03    3    92    -4    -5     T
    15  .84738E-02  .82456E-03    6    98    -4    -5     T
    16  .92983E-02  .82456E-03    4   102    -4    -5     T
    17  .10123E-01  .82456E-03    4   106    -4    -5     T
    18  .10947E-01  .82456E-03    5   111    -4    -5     T
    19  .11772E-01  .82456E-03    5   116    -4    -5     T
    20  .12597E-01  .82456E-03    3   119    -4    -5     T
    21  .13676E-01  .10791E-02    5   124    -4    -5     T
    22  .14755E-01  .10791E-02    5   129    -4    -5     T
    23  .15834E-01  .10791E-02    5   134    -4    -5     T
    24  .16913E-01  .10791E-02    4   138    -4    -5     T
    25  .17992E-01  .10791E-02    5   143    -4    -5     T
    26  .19071E-01  .10791E-02    3   146    -4    -5     T
    27  .20466E-01  .13953E-02    5   151    -4    -5     T
    28  .21862E-01  .13953E-02    3   154    -4    -5     T
    29  .23679E-01  .18172E-02    6   160    -4    -5     T
    30  .25496E-01  .18172E-02    4   164    -4    -5     T
    31  .27313E-01  .18172E-02    6   170    -4    -5     T
    32  .29130E-01  .18172E-02    4   174    -4    -5     T
    33  .30947E-01  .18172E-02    6   180    -4    -5     T
    34  .32765E-01  .18172E-02    5   185    -4    -5     T
    35  .34582E-01  .18172E-02    5   190    -4    -5     T
    36  .36399E-01  .18172E-02    6   196    -4    -5     T
    37  .38216E-01  .18172E-02    5   201    -4    -5     T
    38  .40033E-01  .18172E-02    5   206    -4    -5     T
    39  .41850E-01  .18172E-02    4   210    -4    -5     T
    40  .43668E-01  .18172E-02    6   216    -4    -5     T
    41  .45485E-01  .18172E-02    4   220    -4    -5     T
    42  .47302E-01  .18172E-02    5   225    -4    -5     T
    43  .49119E-01  .18172E-02    3   228    -4    -5     T
    44  .51432E-01  .23128E-02    6   234    -4    -5     T
    45  .53745E-01  .23128E-02    5   239    -4    -5     T
    46  .56057E-01  .23128E-02    4   243    -4    -5     T
    47  .58370E-01  .23128E-02    5   248    -4    -5     T
    48  .60683E-01  .23128E-02    5   253    -4    -5     T
    49  .62996E-01  .23128E-02    6   259    -4    -5     T
    50  .65309E-01  .23128E-02    5   264    -4    -5     T
    51  .67621E-01  .23128E-02    4   268    -4    -5     T
    52  .69934E-01  .23128E-02    6   274    -4    -5     T
    53  .72247E-01  .23128E-02    5   279    -4    -5     T
    54  .74560E-01  .23128E-02    4   283    -4    -5     T
    55  .76872E-01  .23128E-02    5   288    -4    -5     T
    56  .79185E-01  .23128E-02    5   293    -4    -5     T
    57  .81498E-01  .23128E-02    5   298    -4    -5     T
    58  .83811E-01  .23128E-02    3   301    -4    -5     T
    59  .87049E-01  .32379E-02    6   307    -4    -5     T
    60  .90286E-01  .32379E-02    5   312    -4    -5     T
    61  .93524E-01  .32379E-02    5   317    -4    -5     T
    62  .96762E-01  .32379E-02    5   322    -4    -5     T
    63  .10000E+00  .32379E-02    6   328    -4    -5     T
    64  .10308E+00  .30769E-02    5   333    -4    -5     T
    65  .10615E+00  .30769E-02    6   339    -4    -5     T
    66  .10923E+00  .30769E-02    5   344    -4    -5     T
    67  .11231E+00  .30769E-02    5   349    -4    -5     T
    68  .11538E+00  .30769E-02    6   355    -4    -5     T
    69  .11846E+00  .30769E-02    5   360    -4    -5     T
    70  .12154E+00  .30769E-02    4   364    -4    -5     T
    71  .12462E+00  .30769E-02    5   369    -4    -5     T
    72  .12769E+00  .30769E-02    5   374    -4    -5     T
    73  .13077E+00  .30769E-02    5   379    -4    -5     T
    74  .13385E+00  .30769E-02    5   384    -4    -5     T
    75  .13692E+00  .30769E-02    5   389    -4    -5     T
    76  .14000E+00  .30769E-02    4   393    -4    -5     T
    77  .14308E+00  .30769E-02    5   398    -4    -5     T
    78  .14615E+00  .30769E-02    5   403    -4    -5     T
    79  .14923E+00  .30769E-02    5   408    -4    -5     T
    80  .15231E+00  .30769E-02    6   414    -4    -5     T
    81  .15538E+00  .30769E-02    5   419    -4    -5     T
    82  .15846E+00  .30769E-02    4   423    -4    -5     T
    83  .16154E+00  .30769E-02    5   428    -4    -5     T
    84  .16462E+00  .30769E-02    5   433    -4    -5     T
    85  .16769E+00  .30769E-02    5   438    -4    -5     T
    86  .17077E+00  .30769E-02    4   442    -4    -5     T
    87  .17385E+00  .30769E-02    6   448    -4    -5     T
    88  .17692E+00  .30769E-02    4   452    -4    -5     T
    89  .18000E+00  .30769E-02    5   457    -4    -5     T
    90  .18308E+00  .30769E-02    5   462     4    -5     T
    91  .18615E+00  .30769E-02    4   466     4    -5     T
    92  .18923E+00  .30769E-02    5   471     4    -5     T
    93  .19231E+00  .30769E-02    5   476     4    -5     T
    94  .19538E+00  .30769E-02    4   480     4    -5     T
    95  .19846E+00  .30769E-02    5   485     4    -5     T
    96  .20154E+00  .30769E-02    4   489     4    -5     T
    97  .20462E+00  .30769E-02    5   494     4    -5     T
    98  .20769E+00  .30769E-02    4   498     4    -5     T
    99  .21077E+00  .30769E-02    5   503     4    -5     T
   100  .21385E+00  .30769E-02    5   508     4    -5     T
   101  .21692E+00  .30769E-02    5   513     4    -5     T
   102  .22000E+00  .30769E-02    5   518     4    -5     T
   103  .22308E+00  .30769E-02    5   523     4    -5     T
   104  .22615E+00  .30769E-02    5   528     4    -5     T
   105  .22923E+00  .30769E-02    3   531     4    -5     T
   106  .23321E+00  .39819E-02    6   537     4    -5     T
   107  .23719E+00  .39819E-02    4   541     4    -5     T
   108  .24118E+00  .39819E-02    5   546     4    -5     T
   109  .24516E+00  .39819E-02    5   551     4    -5     T
   110  .24914E+00  .39819E-02    5   556     4    -5     T
   111  .25312E+00  .39819E-02    4   560     4    -5     T
   112  .25710E+00  .39819E-02    5   565     4    -5     T
   113  .26109E+00  .39819E-02    5   570     4    -5     T
   114  .26507E+00  .39819E-02    5   575     4    -5     T
   115  .26905E+00  .39819E-02    6   581     4    -5     T
   116  .27303E+00  .39819E-02    5   586     4    -5     T
   117  .27701E+00  .39819E-02    4   590     4    -5     T
   118  .28100E+00  .39819E-02    5   595     4    -5     T
   119  .28498E+00  .39819E-02    5   600     4    -5     T
   120  .28896E+00  .39819E-02    5   605     4    -5     T
   121  .29294E+00  .39819E-02    5   610     4    -5     T
   122  .29692E+00  .39819E-02    5   615     4    -5     T
   123  .30090E+00  .39819E-02    4   619     4    -5     T
   124  .30489E+00  .39819E-02    5   624     4    -5     T
   125  .30887E+00  .39819E-02    5   629     4    -5     T
   126  .31285E+00  .39819E-02    4   633     4    -5     T
   127  .31683E+00  .39819E-02    5   638     4    -5     T
   128  .32081E+00  .39819E-02    5   643     4    -5     T
   129  .32480E+00  .39819E-02    4   647     4    -5     T
   130  .32878E+00  .39819E-02    4   651     4    -5     T
   131  .33276E+00  .39819E-02    5   656     4    -5     T
   132  .33674E+00  .39819E-02    5   661     4    -5     T
   133  .34072E+00  .39819E-02    5   666     4    -5     T
   134  .34471E+00  .39819E-02    4   670     4    -5     T
   135  .34869E+00  .39819E-02    5   675     4    -5     T
   136  .35267E+00  .39819E-02    5   680     4    -5     T
   137  .35665E+00  .39819E-02    4   684     4    -5     T
   138  .36063E+00  .39819E-02    5   689     4    -5     T
   139  .36462E+00  .39819E-02    5   694     4    -5     T
   140  .36860E+00  .39819E-02    4   698     4    -5     T
   141  .37258E+00  .39819E-02    5   703     4    -5     T
   142  .37656E+00  .39819E-02    5   708     4    -5     T
   143  .38054E+00  .39819E-02    3   711     4    -5     T
   144  .38574E+00  .51938E-02    5   716     4    -5     T
   145  .39093E+00  .51938E-02    5   721     4    -5     T
   146  .39612E+00  .51938E-02    5   726     4    -5     T
   147  .40132E+00  .51938E-02    4   730     4    -5     T
   148  .40651E+00  .51938E-02    5   735     4    -5     T
   149  .41171E+00  .51938E-02    5   740     4    -5     T
   150  .41690E+00  .51938E-02    5   745     4    -5     T
   151  .42209E+00  .51938E-02    6   751     4    -5     T
   152  .42729E+00  .51938E-02    4   755     4    -5     T
   153  .43248E+00  .51938E-02    5   760     4    -5     T
   154  .43767E+00  .51938E-02    6   766     4    -5     T
   155  .44287E+00  .51938E-02    4   770     4    -5     T
   156  .44806E+00  .51938E-02    5   775     4    -5     T
   157  .45326E+00  .51938E-02    4   779     4    -5     T
   158  .45845E+00  .51938E-02    6   785     4    -5     T
   159  .46364E+00  .51938E-02    3   788     4    -5     T
   160  .47091E+00  .72713E-02    6   794     4    -5     T
   161  .47819E+00  .72713E-02    5   799     4    -5     T
   162  .48546E+00  .72713E-02    6   805     4    -5     T
   163  .49273E+00  .72713E-02    5   810     4    -5     T
   164  .50000E+00  .72713E-02    5   815     4    -5     T
   165  .50676E+00  .67568E-02    6   821     4    -5     T
   166  .51351E+00  .67568E-02    5   826     4    -5     T
   167  .52027E+00  .67568E-02    4   830     4    -5     T
   168  .52703E+00  .67568E-02    6   836     4    -5     T
   169  .53378E+00  .67568E-02    5   841     4    -5     T
   170  .54054E+00  .67568E-02    5   846     4    -5     T
   171  .54730E+00  .67568E-02    4   850     4    -5     T
   172  .55405E+00  .67568E-02    6   856     4    -5     T
   173  .56081E+00  .67568E-02    5   861     4    -5     T
   174  .56757E+00  .67568E-02    5   866     4    -5     T
   175  .57432E+00  .67568E-02    6   872     4    -5     T
   176  .58108E+00  .67568E-02    5   877     4    -5     T
   177  .58784E+00  .67568E-02    4   881     4    -5     T
   178  .59459E+00  .67568E-02    6   887     4    -5     T
   179  .60135E+00  .67568E-02    4   891     4    -5     T
   180  .60811E+00  .67568E-02    5   896     4    -5     T
   181  .61487E+00  .67568E-02    5   901     4    -5     T
   182  .62162E+00  .67568E-02    5   906     4    -5     T
   183  .62838E+00  .67568E-02    5   911     4    -5     T
   184  .63514E+00  .67568E-02    5   916     4    -5     T
   185  .64189E+00  .67568E-02    5   921     4    -5     T
   186  .64865E+00  .67568E-02    5   926     4    -5     T
   187  .65541E+00  .67568E-02    5   931     4    -5     T
   188  .66216E+00  .67568E-02    4   935     4    -5     T
   189  .66892E+00  .67568E-02    5   940     4    -5     T
   190  .67568E+00  .67568E-02    4   944     4    -5     T
   191  .68243E+00  .67568E-02    6   950     4    -5     T
   192  .68919E+00  .67568E-02    4   954     4    -5     T
   193  .69595E+00  .67568E-02    5   959     4    -5     T
   194  .70270E+00  .67568E-02    5   964     4    -5     T
   195  .70946E+00  .67568E-02    4   968     4    -5     T
   196  .71622E+00  .67568E-02    5   973     4    -5     T
   197  .72297E+00  .67568E-02    6   979     4    -5     T
   198  .72973E+00  .67568E-02    5   984     4    -5     T
   199  .73649E+00  .67568E-02    4   988     4    -5     T
   200  .74324E+00  .67568E-02    5   993     4    -5     T
   201  .75000E+00  .67568E-02    5   998     4    -5     T
   202  .75676E+00  .67568E-02    5  1003     4    -5     T
   203  .76351E+00  .67568E-02    5  1008     4    -5     T
   204  .77027E+00  .67568E-02    4  1012     4    -5     T
   205  .77703E+00  .67568E-02    6  1018     4    -5     T
   206  .78378E+00  .67568E-02    5  1023     4    -5     T
   207  .79054E+00  .67568E-02    4  1027     4    -5     T
   208  .79730E+00  .67568E-02    5  1032     4    -5     T
   209  .80405E+00  .67568E-02    5  1037     4    -5     T
   210  .81081E+00  .67568E-02    5  1042     4    -5     T
   211  .81757E+00  .67568E-02    4  1046     4    -5     T
   212  .82432E+00  .67568E-02    5  1051     4    -5     T
   213  .83108E+00  .67568E-02    4  1055     4    -5     T
   214  .83784E+00  .67568E-02    5  1060     4    -5     T
   215  .84459E+00  .67568E-02    4  1064     4    -5     T
   216  .85135E+00  .67568E-02    4  1068     4    -5     T
   217  .85811E+00  .67568E-02    6  1074     4    -5     T
   218  .86486E+00  .67568E-02    5  1079     4    -5     T
   219  .87162E+00  .67568E-02    4  1083     4    -5     T
   220  .87838E+00  .67568E-02    5  1088     4    -5     T
   221  .88514E+00  .67568E-02    5  1093     4    -5     T
   222  .89189E+00  .67568E-02    5  1098     4    -5     T
   223  .89865E+00  .67568E-02    4  1102     4    -5     T
   224  .90541E+00  .67568E-02    5  1107     4    -5     T
   225  .91216E+00  .67568E-02    5  1112     4    -5     T
   226  .91892E+00  .67568E-02    5  1117     4    -5     T
   227  .92568E+00  .67568E-02    5  1122     4    -5     T
   228  .93243E+00  .67567E-02    4  1126     4    -5     T
   229  .93919E+00  .67568E-02    5  1131     4    -5     T
   230  .94595E+00  .67568E-02    5  1136     4    -5     T
   231  .95270E+00  .67568E-02    4  1140     4    -5     T
   232  .95946E+00  .67567E-02    5  1145     4    -5     T
   233  .96622E+00  .67568E-02    5  1150     4    -5     T
   234  .97297E+00  .67568E-02    5  1155     4    -5     T
   235  .97973E+00  .67568E-02    3  1158     4    -5     T
   236  .98986E+00  .10135E-01    6  1164     4    -5     T
   237  .10000E+01  .10135E-01    6  1170     4    -5     T
   238  .10010E+01  .10000E-02    7  1177    -4    -5     T
   239  .10071E+01  .61288E-02    7  1184    -4    -5     T
   240  .10114E+01  .42981E-02    5  1189    -4    -5     T
   241  .10157E+01  .42981E-02    4  1193    -4    -5     T
   242  .10200E+01  .42981E-02    3  1196    -4    -5     T
   243  .10256E+01  .55999E-02    5  1201    -4    -5     T
   244  .10312E+01  .55999E-02    5  1206    -4    -5     T
   245  .10368E+01  .55999E-02    4  1210    -4    -5     T
   246  .10424E+01  .55999E-02    4  1214    -4    -5     T
   247  .10480E+01  .55999E-02    3  1217    -4    -5     T
   248  .10553E+01  .72670E-02    5  1222    -4    -5     T
   249  .10626E+01  .72670E-02    5  1227    -4    -5     T
   250  .10698E+01  .72670E-02    4  1231    -4    -5     T
   251  .10771E+01  .72670E-02    5  1236    -4    -5     T
   252  .10844E+01  .72670E-02    4  1240    -4    -5     T
   253  .10916E+01  .72670E-02    4  1244    -4    -5     T
   254  .10989E+01  .72670E-02    3  1247    -4    -5     T
   255  .11084E+01  .94854E-02    5  1252    -4    -5     T
   256  .11179E+01  .94854E-02    5  1257    -4    -5     T
   257  .11273E+01  .94854E-02    4  1261    -4    -5     T
   258  .11368E+01  .94854E-02    5  1266    -4    -5     T
   259  .11463E+01  .94854E-02    5  1271    -4    -5     T
   260  .11558E+01  .94854E-02    5  1276    -4    -5     T
   261  .11653E+01  .94854E-02    4  1280    -4    -5     T
   262  .11748E+01  .94854E-02    3  1283    -4    -5     T
   263  .11871E+01  .12317E-01    5  1288    -4    -5     T
   264  .11994E+01  .12317E-01    3  1291    -4    -5     T
   265  .12154E+01  .16012E-01    6  1297    -4    -5     T
   266  .12314E+01  .16012E-01    6  1303    -4    -5     T
   267  .12474E+01  .16012E-01    4  1307    -4    -5     T
   268  .12635E+01  .16012E-01    4  1311    -4    -5     T
   269  .12795E+01  .16012E-01    5  1316    -4    -5     T
   270  .12955E+01  .16012E-01    4  1320    -4    -5     T
   271  .13115E+01  .16012E-01    3  1323    -4    -5     T
   272  .13324E+01  .20864E-01    4  1327    -4    -5     T
   273  .13532E+01  .20864E-01    5  1332    -4    -5     T
   274  .13741E+01  .20864E-01    5  1337    -4    -5     T
   275  .13949E+01  .20864E-01    5  1342    -4    -5     T
   276  .14158E+01  .20864E-01    4  1346    -4    -5     T
   277  .14367E+01  .20864E-01    5  1351    -4    -5     T
   278  .14575E+01  .20864E-01    5  1356    -4    -5     T
   279  .14784E+01  .20864E-01    4  1360    -4    -5     T
   280  .14993E+01  .20864E-01    3  1363    -4    -5     T
   281  .15256E+01  .26354E-01    6  1369    -4    -5     T
   282  .15520E+01  .26354E-01    6  1375    -4    -5     T
   283  .15783E+01  .26354E-01    4  1379    -4    -5     T
   284  .16047E+01  .26354E-01    4  1383    -4    -5     T
   285  .16310E+01  .26354E-01    4  1387    -4    -5     T
   286  .16574E+01  .26354E-01    5  1392    -4    -5     T
   287  .16837E+01  .26354E-01    5  1397    -4    -5     T
   288  .17101E+01  .26354E-01    4  1401    -4    -5     T
   289  .17365E+01  .26354E-01    5  1406    -4    -5     T
   290  .17628E+01  .26354E-01    5  1411    -4    -5     T
   291  .17892E+01  .26354E-01    4  1415    -4    -5     T
   292  .18155E+01  .26354E-01    4  1419    -4    -5     T
   293  .18419E+01  .26354E-01    4  1423    -4    -5     T
   294  .18682E+01  .26354E-01    4  1427    -4    -5     T
   295  .18946E+01  .26354E-01    5  1432    -4    -5     T
   296  .19209E+01  .26354E-01    4  1436    -4    -5     T
   297  .19473E+01  .26354E-01    3  1439    -4    -5     T
   298  .19736E+01  .26354E-01    3  1442    -4    -5     T
   299  .20000E+01  .26354E-01    5  1447    -4    -5     T
   300  .20351E+01  .35088E-01    5  1452    -4    -5     T
   301  .20702E+01  .35088E-01    4  1456    -4    -5     T
   302  .21053E+01  .35088E-01    3  1459    -4    -5     T
   303  .21504E+01  .45113E-01    5  1464    -4    -5     T
   304  .21955E+01  .45113E-01    6  1470    -4    -5     T
   305  .22406E+01  .45113E-01    4  1474    -4    -5     T
   306  .22857E+01  .45113E-01    4  1478    -4    -5     T
   307  .23308E+01  .45113E-01    5  1483    -4    -5     T
   308  .23759E+01  .45113E-01    5  1488    -4    -5     T
   309  .24211E+01  .45113E-01    5  1493    -4    -5     T
   310  .24662E+01  .45113E-01    5  1498    -4    -5     T
   311  .25113E+01  .45113E-01    5  1503    -4    -5     T
   312  .25564E+01  .45113E-01    4  1507    -4    -5     T
   313  .26015E+01  .45113E-01    3  1510    -4    -5     T
   314  .26515E+01  .49946E-01    4  1514    -4    -5     T
   315  .27014E+01  .49946E-01    5  1519    -4    -5     T
   316  .27513E+01  .49946E-01    4  1523    -4    -5     T
   317  .28013E+01  .49946E-01    4  1527    -4    -5     T
   318  .28512E+01  .49946E-01    3  1530    -4    -5     T
   319  .29012E+01  .49946E-01    5  1535    -4    -5     T
   320  .29511E+01  .49946E-01    3  1538    -4    -5     T
   321  .30011E+01  .49946E-01    5  1543    -4    -5     T
   322  .30510E+01  .49946E-01    4  1547    -4    -5     T
   323  .31010E+01  .49946E-01    5  1552    -4    -5     T
   324  .31509E+01  .49946E-01    4  1556    -4    -5     T
   325  .32009E+01  .49946E-01    3  1559    -4    -5     T
   326  .32508E+01  .49946E-01    4  1563    -4    -5     T
   327  .33008E+01  .49946E-01    3  1566    -4    -5     T
   328  .33507E+01  .49946E-01    4  1570    -4    -5     T
   329  .34006E+01  .49946E-01    5  1575    -4    -5     T
   330  .34506E+01  .49946E-01    3  1578    -4    -5     T
   331  .35005E+01  .49946E-01    3  1581    -4    -5     T
   332  .35505E+01  .49946E-01    4  1585    -4    -5     T
   333  .36004E+01  .49946E-01    4  1589    -4    -5     T
   334  .36504E+01  .49946E-01    3  1592    -4    -5     T
   335  .37003E+01  .49946E-01    4  1596    -4    -5     T
   336  .37503E+01  .49946E-01    3  1599    -4    -5     T
   337  .38002E+01  .49946E-01    4  1603    -4    -5     T
   338  .38502E+01  .49946E-01    5  1608    -4    -5     T
   339  .39001E+01  .49946E-01    3  1611    -4    -5     T
   340  .39501E+01  .49946E-01    4  1615    -4    -5     T
   341  .40000E+01  .49946E-01    4  1619    -4    -5     T
   342  .40500E+01  .50000E-01    3  1622    -4    -5     T
   343  .41000E+01  .50000E-01    3  1625    -4    -5     T
   344  .41500E+01  .50000E-01    4  1629    -4    -5     T
   345  .42000E+01  .50000E-01    5  1634    -4    -5     T
   346  .42500E+01  .50000E-01    3  1637    -4    -5     T
   347  .43000E+01  .50000E-01    4  1641    -4    -5     T
   348  .43500E+01  .50000E-01    4  1645    -4    -5     T
   349  .44000E+01  .50000E-01    4  1649    -4    -5     T
   350  .44500E+01  .50000E-01    4  1653    -4    -5     T
   351  .45000E+01  .50000E-01    4  1657    -4    -5     T
   352  .45500E+01  .50000E-01    3  1660    -4    -5     T
   353  .46000E+01  .50000E-01    3  1663    -4    -5     T
   354  .46500E+01  .50000E-01    4  1667    -4    -5     T
   355  .47000E+01  .50000E-01    3  1670    -4    -5     T
   356  .47500E+01  .50000E-01    3  1673    -4    -5     T
   357  .48000E+01  .50000E-01    4  1677    -4    -5     T
   358  .48500E+01  .50000E-01    4  1681    -4    -5     T
   359  .49000E+01  .50000E-01    3  1684    -4    -5     T
   360  .49500E+01  .50000E-01    3  1687    -4    -5     T
   361  .50000E+01  .50000E-01    3  1690    -4    -5     T
   362  .50500E+01  .50000E-01    3  1693    -4    -5     T
   363  .51000E+01  .50000E-01    4  1697    -4    -5     T
   364  .51500E+01  .50000E-01    3  1700    -4    -5     T
   365  .52000E+01  .50000E-01    3  1703    -4    -5     T
   366  .52500E+01  .50000E-01    3  1706    -4    -5     T
   367  .53000E+01  .50000E-01    3  1709    -4    -5     T
   368  .53500E+01  .50000E-01    3  1712    -4    -5     T
   369  .54000E+01  .50000E-01    3  1715    -4    -5     T
   370  .54500E+01  .50000E-01    4  1719    -4    -5     T
   371  .55000E+01  .50000E-01    3  1722    -4    -5     T
   372  .55500E+01  .50000E-01    3  1725    -4    -5     T
   373  .56000E+01  .50000E-01    3  1728    -4    -5     T
   374  .56500E+01  .50000E-01    4  1732    -4    -5     T
   375  .57000E+01  .50000E-01    3  1735    -4    -5     T
   376  .57500E+01  .50000E-01    3  1738    -4    -5     T
   377  .58000E+01  .50000E-01    3  1741    -4    -5     T
   378  .58500E+01  .50000E-01    3  1744    -4    -5     T
   379  .59000E+01  .50000E-01    4  1748    -4    -5     T
   380  .59500E+01  .50000E-01    3  1751    -4    -5     T
   381  .59750E+01  .25000E-01    3  1754    -4    -5     T
   382  .60000E+01  .25000E-01    3  1757    -4    -5     T
   383  .60500E+01  .50000E-01    3  1760    -4    -5     T
   384  .61000E+01  .50000E-01    3  1763    -4    -5     T
   385  .61500E+01  .50000E-01    3  1766    -4    -5     T
   386  .62000E+01  .50000E-01    4  1770    -4    -5     T
   387  .62500E+01  .50000E-01    3  1773    -4    -5     T
   388  .63000E+01  .50000E-01    3  1776    -4    -5     T
   389  .63500E+01  .50000E-01    3  1779    -4    -5     T
   390  .64000E+01  .50000E-01    3  1782    -4    -5     T
   391  .64500E+01  .50000E-01    3  1785    -4    -5     T
   392  .65000E+01  .50000E-01    3  1788    -4    -5     T
   393  .65500E+01  .50000E-01    3  1791    -4    -5     T
   394  .66000E+01  .50000E-01    4  1795    -4    -5     T
   395  .66500E+01  .50000E-01    4  1799    -4    -5     T
   396  .67000E+01  .50000E-01    3  1802    -4    -5     T
   397  .67500E+01  .50000E-01    3  1805    -4    -5     T
   398  .68000E+01  .50000E-01    3  1808    -4    -5     T
   399  .68500E+01  .50000E-01    4  1812    -4    -5     T
   400  .69000E+01  .50000E-01    3  1815    -4    -5     T
   401  .69500E+01  .50000E-01    3  1818    -4    -5     T
   402  .70000E+01  .50000E-01    3  1821    -4    -5     T
   403  .70500E+01  .50000E-01    3  1824    -4    -5     T
   404  .71000E+01  .50000E-01    4  1828    -4    -5     T
   405  .71500E+01  .50000E-01    3  1831    -4    -5     T
   406  .72000E+01  .50000E-01    3  1834    -4    -5     T
   407  .72500E+01  .50000E-01    4  1838    -4    -5     T
   408  .73000E+01  .50000E-01    3  1841    -4    -5     T
   409  .73500E+01  .50000E-01    3  1844    -4    -5     T
   410  .74000E+01  .50000E-01    3  1847    -4    -5     T
   411  .74500E+01  .50000E-01    3  1850    -4    -5     T
   412  .75000E+01  .50000E-01    4  1854    -4    -5     T
   413  .75500E+01  .50000E-01    3  1857    -4    -5     T
   414  .76000E+01  .50000E-01    3  1860    -4    -5     T
   415  .76500E+01  .50000E-01    4  1864    -4    -5     T
   416  .77000E+01  .50000E-01    3  1867    -4    -5     T
   417  .77500E+01  .50000E-01    3  1870    -4    -5     T
   418  .78000E+01  .50000E-01    3  1873    -4    -5     T
   419  .78500E+01  .50000E-01    3  1876    -4    -5     T
   420  .79000E+01  .50000E-01    4  1880    -4    -5     T
   421  .79500E+01  .50000E-01    3  1883    -4    -5     T
   422  .79750E+01  .25000E-01    3  1886    -4    -5     T
   423  .80000E+01  .25000E-01    3  1889    -4    -5     T
   424  .80500E+01  .50000E-01    3  1892    -4    -5     T
   425  .81000E+01  .50000E-01    3  1895    -4    -5     T
   426  .81500E+01  .50000E-01    3  1898    -4    -5     T
   427  .82000E+01  .50000E-01    4  1902    -4    -5     T
   428  .82500E+01  .50000E-01    3  1905    -4    -5     T
   429  .83000E+01  .50000E-01    3  1908    -4    -5     T
   430  .83500E+01  .50000E-01    3  1911    -4    -5     T
   431  .84000E+01  .50000E-01    3  1914    -4    -5     T
   432  .84500E+01  .50000E-01    3  1917    -4    -5     T
   433  .85000E+01  .50000E-01    3  1920    -4    -5     T
   434  .85500E+01  .50000E-01    4  1924    -4    -5     T
   435  .86000E+01  .50000E-01    3  1927    -4    -5     T
   436  .86500E+01  .50000E-01    3  1930    -4    -5     T
   437  .87000E+01  .50000E-01    3  1933    -4    -5     T
   438  .87500E+01  .50000E-01    3  1936    -4    -5     T
   439  .88000E+01  .50000E-01    3  1939    -4    -5     T
   440  .88500E+01  .50000E-01    3  1942    -4    -5     T
   441  .89000E+01  .50000E-01    3  1945    -4    -5     T
   442  .89500E+01  .50000E-01    3  1948    -4    -5     T
   443  .90000E+01  .50000E-01    3  1951    -4    -5     T
   444  .90500E+01  .50000E-01    4  1955    -4    -5     T
   445  .91000E+01  .50000E-01    3  1958    -4    -5     T
   446  .91500E+01  .50000E-01    3  1961    -4    -5     T
   447  .92000E+01  .50000E-01    3  1964    -4    -5     T
   448  .92500E+01  .50000E-01    3  1967    -4    -5     T
   449  .93000E+01  .50000E-01    3  1970    -4    -5     T
   450  .93500E+01  .50000E-01    3  1973    -4    -5     T
   451  .94000E+01  .50000E-01    3  1976    -4    -5     T
   452  .94500E+01  .50000E-01    3  1979    -4    -5     T
   453  .95000E+01  .50000E-01    3  1982    -4    -5     T
   454  .95500E+01  .50000E-01    3  1985    -4    -5     T
   455  .96000E+01  .50000E-01    3  1988    -4    -5     T
   456  .96500E+01  .50000E-01    3  1991    -4    -5     T
   457  .97000E+01  .50000E-01    3  1994    -4    -5     T
   458  .97500E+01  .50000E-01    3  1997    -4    -5     T
   459  .98000E+01  .50000E-01    3  2000    -4    -5     T
   460  .98500E+01  .50000E-01    3  2003    -4    -5     T
   461  .99000E+01  .50000E-01    3  2006    -4    -5     T
   462  .99500E+01  .50000E-01    3  2009    -4    -5     T
   463  .10000E+02  .49999E-01    3  2012    -4    -5     T
   464  .10050E+02  .50000E-01    3  2015    -4    -5     T
   465  .10100E+02  .50000E-01    3  2018    -4    -5     T
   466  .10150E+02  .50000E-01    3  2021    -4    -5     T
   467  .10200E+02  .50000E-01    4  2025    -4    -5     T
   468  .10250E+02  .50000E-01    3  2028    -4    -5     T
   469  .10300E+02  .50000E-01    3  2031    -4    -5     T
   470  .10350E+02  .50000E-01    3  2034    -4    -5     T
   471  .10400E+02  .50000E-01    3  2037    -4    -5     T
   472  .10450E+02  .50000E-01    3  2040    -4    -5     T
   473  .10500E+02  .50000E-01    3  2043    -4    -5     T
   474  .10550E+02  .50000E-01    3  2046    -4    -5     T
   475  .10600E+02  .50000E-01    3  2049    -4    -5     T
   476  .10650E+02  .50000E-01    3  2052    -4    -5     T
   477  .10700E+02  .50000E-01    3  2055    -4    -5     T
   478  .10750E+02  .50000E-01    3  2058    -4    -5     T
   479  .10800E+02  .50000E-01    4  2062    -4    -5     T
   480  .10850E+02  .50000E-01    3  2065    -4    -5     T
   481  .10900E+02  .50000E-01    3  2068    -4    -5     T
   482  .10950E+02  .50000E-01    3  2071    -4    -5     T
   483  .11000E+02  .50000E-01    3  2074    -4    -5     T
   484  .11050E+02  .50000E-01    3  2077    -4    -5     T
   485  .11100E+02  .50000E-01    3  2080    -4    -5     T
   486  .11150E+02  .50000E-01    3  2083    -4    -5     T
   487  .11200E+02  .50000E-01    3  2086    -4    -5     T
   488  .11250E+02  .50000E-01    3  2089    -4    -5     T
   489  .11300E+02  .50000E-01    3  2092    -4    -5     T
   490  .11350E+02  .50000E-01    3  2095    -4    -5     T
   491  .11400E+02  .50000E-01    3  2098    -4    -5     T
   492  .11450E+02  .50000E-01    3  2101    -4    -5     T
   493  .11500E+02  .50000E-01    3  2104    -4    -5     T
   494  .11550E+02  .50000E-01    3  2107    -4    -5     T
   495  .11600E+02  .50000E-01    3  2110    -4    -5     T
   496  .11650E+02  .50000E-01    3  2113    -4    -5     T
   497  .11700E+02  .50000E-01    3  2116    -4    -5     T
   498  .11750E+02  .50000E-01    3  2119    -4    -5     T
   499  .11800E+02  .50000E-01    3  2122    -4    -5     T
   500  .11850E+02  .50000E-01    3  2125    -4    -5     T
   501  .11900E+02  .50000E-01    3  2128    -4    -5     T
   502  .11950E+02  .50000E-01    3  2131    -4    -5     T
   503  .12000E+02  .49999E-01    3  2134    -4    -5     T
   504  .12000E+02  .50020E-03    6  2140    -4    -5     T
   505  .12001E+02  .50068E-03    3  2143    -4    -5     T
   506  .12002E+02  .13026E-02    4  2147    -4    -5     T
   507  .12004E+02  .13026E-02    5  2152    -4    -5     T
   508  .12005E+02  .13026E-02    3  2155    -4    -5     T
   509  .12007E+02  .16981E-02    3  2158    -4    -5     T
   510  .12009E+02  .21719E-02    3  2161    -4    -5     T
   511  .12012E+02  .28507E-02    4  2165    -4    -5     T
   512  .12014E+02  .28507E-02    4  2169    -4    -5     T
   513  .12017E+02  .28507E-02    3  2172    -4    -5     T
   514  .12021E+02  .37577E-02    3  2175    -4    -5     T
   515  .12026E+02  .49320E-02    3  2178    -4    -5     T
   516  .12032E+02  .61650E-02    5  2183    -4    -5     T
   517  .12038E+02  .61651E-02    5  2188    -4    -5     T
   518  .12045E+02  .61650E-02    3  2191    -4    -5     T
   519  .12052E+02  .79264E-02    3  2194    -4    -5     T
   520  .12064E+02  .11890E-01    5  2199    -4    -5     T
   521  .12076E+02  .11890E-01    5  2204    -4    -5     T
   522  .12088E+02  .11890E-01    5  2209    -4    -5     T
   523  .12100E+02  .11890E-01    4  2213    -4    -5     T
   524  .12111E+02  .10526E-01    5  2218    -4    -5     T
   525  .12121E+02  .10526E-01    4  2222    -4    -5     T
   526  .12132E+02  .10526E-01    5  2227    -4    -5     T
   527  .12142E+02  .10526E-01    3  2230    -4    -5     T
   528  .12156E+02  .13765E-01    5  2235    -4    -5     T
   529  .12170E+02  .13765E-01    5  2240    -4    -5     T
   530  .12183E+02  .13765E-01    4  2244    -4    -5     T
   531  .12197E+02  .13765E-01    4  2248    -4    -5     T
   532  .12211E+02  .13765E-01    3  2251    -4    -5     T
   533  .12229E+02  .18067E-01    4  2255    -4    -5     T
   534  .12247E+02  .18067E-01    6  2261    -4    -5     T
   535  .12265E+02  .18067E-01    4  2265    -4    -5     T
   536  .12283E+02  .18067E-01    6  2271    -4    -5     T
   537  .12301E+02  .18067E-01    3  2274    -4    -5     T
   538  .12323E+02  .22082E-01    4  2278    -4    -5     T
   539  .12345E+02  .22082E-01    6  2284    -4    -5     T
   540  .12368E+02  .22082E-01    4  2288    -4    -5     T
   541  .12390E+02  .22082E-01    4  2292    -4    -5     T
   542  .12412E+02  .22082E-01    3  2295    -4    -5     T
   543  .12441E+02  .29442E-01    4  2299    -4    -5     T
   544  .12471E+02  .29442E-01    4  2303    -4    -5     T
   545  .12500E+02  .29442E-01    6  2309    -4    -5     T
   546  .12529E+02  .29412E-01    4  2313    -4    -5     T
   547  .12559E+02  .29412E-01    7  2320    -4    -5     T
   548  .12580E+02  .21008E-01    4  2324    -4    -5     T
   549  .12601E+02  .21008E-01    3  2327    -4    -5     T
   550  .12629E+02  .28511E-01    3  2330    -4    -5     T
   551  .12666E+02  .37065E-01    4  2334    -4    -5     T
   552  .12703E+02  .37065E-01    4  2338    -4    -5     T
   553  .12741E+02  .37065E-01    4  2342    -4    -5     T
   554  .12778E+02  .37065E-01    4  2346    -4    -5     T
   555  .12815E+02  .37065E-01    4  2350    -4    -5     T
   556  .12852E+02  .37065E-01    4  2354    -4    -5     T
   557  .12889E+02  .37065E-01    4  2358    -4    -5     T
   558  .12926E+02  .37065E-01    4  2362    -4    -5     T
   559  .12963E+02  .37065E-01    4  2366    -4    -5     T
   560  .13000E+02  .37066E-01    4  2370    -4    -5     T
   561  .13001E+02  .10004E-02    6  2376    -4    -5     T
   562  .13037E+02  .35679E-01    8  2384    -4    -5     T
   563  .13062E+02  .25351E-01    5  2389    -4    -5     T
   564  .13087E+02  .25351E-01    5  2394    -4    -5     T
   565  .13113E+02  .25351E-01    4  2398    -4    -5     T
   566  .13138E+02  .25351E-01    4  2402    -4    -5     T
   567  .13163E+02  .25351E-01    4  2406    -4    -5     T
   568  .13189E+02  .25351E-01    5  2411    -4    -5     T
   569  .13214E+02  .25351E-01    3  2414    -4    -5     T
   570  .13247E+02  .32744E-01    4  2418    -4    -5     T
   571  .13280E+02  .32744E-01    4  2422    -4    -5     T
   572  .13312E+02  .32744E-01    4  2426    -4    -5     T
   573  .13345E+02  .32744E-01    3  2429    -4    -5     T
   574  .13389E+02  .43659E-01    4  2433    -4    -5     T
   575  .13432E+02  .43659E-01    4  2437    -4    -5     T
   576  .13476E+02  .43659E-01    4  2441    -4    -5     T
   577  .13520E+02  .43659E-01    5  2446    -4    -5     T
   578  .13563E+02  .43659E-01    3  2449    -4    -5     T
   579  .13612E+02  .48510E-01    3  2452    -4    -5     T
   580  .13660E+02  .48510E-01    4  2456    -4    -5     T
   581  .13709E+02  .48510E-01    5  2461    -4    -5     T
   582  .13757E+02  .48510E-01    3  2464    -4    -5     T
   583  .13806E+02  .48510E-01    3  2467    -4    -5     T
   584  .13854E+02  .48510E-01    3  2470    -4    -5     T
   585  .13903E+02  .48510E-01    3  2473    -4    -5     T
   586  .13951E+02  .48510E-01    4  2477    -4    -5     T
   587  .14000E+02  .48510E-01    3  2480    -4    -5     T
   588  .14050E+02  .50000E-01    3  2483    -4    -5     T
   589  .14100E+02  .50000E-01    3  2486    -4    -5     T
   590  .14150E+02  .50000E-01    3  2489    -4    -5     T
   591  .14200E+02  .50000E-01    3  2492    -4    -5     T
   592  .14250E+02  .50000E-01    3  2495    -4    -5     T
   593  .14300E+02  .50000E-01    3  2498    -4    -5     T
   594  .14350E+02  .50000E-01    3  2501    -4    -5     T
   595  .14400E+02  .50000E-01    4  2505    -4    -5     T
   596  .14450E+02  .50000E-01    3  2508    -4    -5     T
   597  .14500E+02  .50000E-01    4  2512    -4    -5     T
   598  .14550E+02  .50000E-01    3  2515    -4    -5     T
   599  .14600E+02  .50000E-01    3  2518    -4    -5     T
   600  .14650E+02  .50000E-01    4  2522    -4    -5     T
   601  .14700E+02  .50000E-01    3  2525    -4    -5     T
   602  .14750E+02  .50000E-01    3  2528    -4    -5     T
   603  .14800E+02  .50000E-01    3  2531    -4    -5     T
   604  .14850E+02  .50000E-01    3  2534    -4    -5     T
   605  .14900E+02  .50000E-01    3  2537    -4    -5     T
   606  .14950E+02  .50000E-01    3  2540    -4    -5     T
   607  .15000E+02  .50000E-01    4  2544    -4    -5     T
   608  .15050E+02  .50000E-01    4  2548    -4    -5     T
   609  .15100E+02  .50000E-01    3  2551    -4    -5     T
   610  .15150E+02  .50000E-01    4  2555    -4    -5     T
   611  .15200E+02  .50000E-01    4  2559    -4    -5     T
   612  .15250E+02  .50000E-01    3  2562    -4    -5     T
   613  .15300E+02  .50000E-01    3  2565    -4    -5     T
   614  .15350E+02  .50000E-01    4  2569    -4    -5     T
   615  .15400E+02  .50000E-01    3  2572    -4    -5     T
   616  .15450E+02  .50000E-01    3  2575    -4    -5     T
   617  .15500E+02  .50000E-01    3  2578    -4    -5     T
   618  .15550E+02  .50000E-01    4  2582    -4    -5     T
   619  .15600E+02  .50000E-01    3  2585    -4    -5     T
   620  .15650E+02  .50000E-01    3  2588    -4    -5     T
   621  .15700E+02  .50000E-01    3  2591    -4    -5     T
   622  .15750E+02  .50000E-01    3  2594    -4    -5     T
   623  .15800E+02  .50000E-01    4  2598    -4    -5     T
   624  .15850E+02  .50000E-01    4  2602    -4    -5     T
   625  .15900E+02  .50000E-01    3  2605    -4    -5     T
   626  .15950E+02  .50000E-01    3  2608    -4    -5     T
   627  .16000E+02  .49999E-01    4  2612    -4    -5     T
   628  .16050E+02  .50000E-01    4  2616    -4    -5     T
   629  .16100E+02  .50000E-01    3  2619    -4    -5     T
   630  .16150E+02  .50000E-01    4  2623    -4    -5     T
   631  .16200E+02  .50000E-01    3  2626    -4    -5     T
   632  .16250E+02  .50000E-01    3  2629    -4    -5     T
   633  .16300E+02  .50000E-01    3  2632    -4    -5     T
   634  .16350E+02  .50000E-01    4  2636    -4    -5     T
   635  .16400E+02  .50000E-01    3  2639    -4    -5     T
   636  .16450E+02  .50000E-01    3  2642    -4    -5     T
   637  .16500E+02  .50000E-01    4  2646    -4    -5     T
   638  .16550E+02  .50000E-01    4  2650    -4    -5     T
   639  .16600E+02  .50000E-01    3  2653    -4    -5     T
   640  .16650E+02  .50000E-01    3  2656    -4    -5     T
   641  .16700E+02  .50000E-01    3  2659    -4    -5     T
   642  .16750E+02  .50000E-01    3  2662    -4    -5     T
   643  .16800E+02  .50000E-01    4  2666    -4    -5     T
   644  .16850E+02  .50000E-01    3  2669    -4    -5     T
   645  .16900E+02  .50000E-01    3  2672    -4    -5     T
   646  .16950E+02  .50000E-01    3  2675    -4    -5     T
   647  .17000E+02  .50000E-01    3  2678    -4    -5     T
   648  .17050E+02  .50000E-01    3  2681    -4    -5     T
   649  .17100E+02  .50000E-01    4  2685    -4    -5     T
   650  .17150E+02  .50000E-01    4  2689    -4    -5     T
   651  .17200E+02  .50000E-01    3  2692    -4    -5     T
   652  .17250E+02  .50000E-01    3  2695    -4    -5     T
   653  .17300E+02  .50000E-01    4  2699    -4    -5     T
   654  .17350E+02  .50000E-01    4  2703    -4    -5     T
   655  .17400E+02  .50000E-01    3  2706    -4    -5     T
   656  .17450E+02  .50000E-01    3  2709    -4    -5     T
   657  .17500E+02  .50000E-01    4  2713    -4    -5     T
   658  .17550E+02  .50000E-01    4  2717    -4    -5     T
   659  .17600E+02  .50000E-01    3  2720    -4    -5     T
   660  .17650E+02  .50000E-01    3  2723    -4    -5     T
   661  .17700E+02  .50000E-01    3  2726    -4    -5     T
   662  .17750E+02  .50000E-01    3  2729    -4    -5     T
   663  .17800E+02  .50000E-01    4  2733    -4    -5     T
   664  .17850E+02  .50000E-01    3  2736    -4    -5     T
   665  .17900E+02  .50000E-01    3  2739    -4    -5     T
   666  .17950E+02  .50000E-01    3  2742    -4    -5     T
   667  .18000E+02  .50000E-01    4  2746    -4    -5     T
   668  .18050E+02  .50000E-01    3  2749    -4    -5     T
   669  .18100E+02  .50000E-01    3  2752    -4    -5     T
   670  .18150E+02  .50000E-01    4  2756    -4    -5     T
   671  .18200E+02  .50000E-01    4  2760    -4    -5     T
   672  .18250E+02  .50000E-01    3  2763    -4    -5     T
   673  .18300E+02  .50000E-01    3  2766    -4    -5     T
   674  .18350E+02  .50000E-01    3  2769    -4    -5     T
   675  .18400E+02  .50000E-01    4  2773    -4    -5     T
   676  .18450E+02  .50000E-01    3  2776    -4    -5     T
   677  .18500E+02  .50000E-01    3  2779    -4    -5     T
   678  .18550E+02  .50000E-01    3  2782    -4    -5     T
   679  .18600E+02  .50000E-01    3  2785    -4    -5     T
   680  .18650E+02  .50000E-01    4  2789    -4    -5     T
   681  .18700E+02  .50000E-01    3  2792    -4    -5     T
   682  .18750E+02  .50000E-01    3  2795    -4    -5     T
   683  .18800E+02  .50000E-01    3  2798    -4    -5     T
   684  .18850E+02  .50000E-01    3  2801    -4    -5     T
   685  .18900E+02  .50000E-01    3  2804    -4    -5     T
   686  .18950E+02  .50000E-01    4  2808    -4    -5     T
   687  .19000E+02  .50000E-01    3  2811    -4    -5     T
   688  .19050E+02  .50000E-01    3  2814    -4    -5     T
   689  .19100E+02  .50000E-01    3  2817    -4    -5     T
   690  .19150E+02  .50000E-01    3  2820    -4    -5     T
   691  .19200E+02  .50000E-01    3  2823    -4    -5     T
   692  .19250E+02  .50000E-01    3  2826    -4    -5     T
   693  .19300E+02  .50000E-01    3  2829    -4    -5     T
   694  .19350E+02  .50000E-01    4  2833    -4    -5     T
   695  .19400E+02  .50000E-01    4  2837    -4    -5     T
   696  .19450E+02  .50000E-01    4  2841    -4    -5     T
   697  .19500E+02  .50000E-01    3  2844    -4    -5     T
   698  .19550E+02  .50000E-01    3  2847    -4    -5     T
   699  .19600E+02  .50000E-01    4  2851    -4    -5     T
   700  .19650E+02  .50000E-01    3  2854    -4    -5     T
   701  .19700E+02  .50000E-01    3  2857    -4    -5     T
   702  .19750E+02  .50000E-01    3  2860    -4    -5     T
   703  .19800E+02  .50000E-01    3  2863    -4    -5     T
   704  .19850E+02  .50000E-01    4  2867    -4    -5     T
   705  .19900E+02  .50000E-01    3  2870    -4    -5     T
   706  .19950E+02  .50000E-01    4  2874    -4    -5     T
   707  .19975E+02  .25030E-01    3  2877    -4    -5     T
   708  .20000E+02  .25030E-01    3  2880    -4    -5     T
   709  .20050E+02  .50000E-01    3  2883    -4    -5     T
   710  .20100E+02  .50000E-01    3  2886    -4    -5     T
   711  .20150E+02  .50000E-01    3  2889    -4    -5     T
   712  .20200E+02  .50000E-01    3  2892    -4    -5     T
   713  .20250E+02  .50000E-01    4  2896    -4    -5     T
   714  .20300E+02  .50000E-01    3  2899    -4    -5     T
   715  .20350E+02  .50000E-01    3  2902    -4    -5     T
   716  .20400E+02  .50000E-01    3  2905    -4    -5     T
   717  .20450E+02  .50000E-01    3  2908    -4    -5     T
   718  .20500E+02  .50000E-01    3  2911    -4    -5     T
   719  .20550E+02  .50000E-01    3  2914    -4    -5     T
   720  .20600E+02  .50000E-01    3  2917    -4    -5     T
   721  .20650E+02  .50000E-01    3  2920    -4    -5     T
   722  .20700E+02  .50000E-01    3  2923    -4    -5     T
   723  .20750E+02  .50000E-01    4  2927    -4    -5     T
   724  .20800E+02  .50000E-01    3  2930    -4    -5     T
   725  .20850E+02  .50000E-01    3  2933    -4    -5     T
   726  .20900E+02  .50000E-01    4  2937    -4    -5     T
   727  .20950E+02  .50000E-01    3  2940    -4    -5     T
   728  .21000E+02  .50000E-01    3  2943    -4    -5     T
   729  .21050E+02  .50000E-01    3  2946    -4    -5     T
   730  .21100E+02  .50000E-01    3  2949    -4    -5     T
   731  .21150E+02  .50000E-01    3  2952    -4    -5     T
   732  .21200E+02  .50000E-01    3  2955    -4    -5     T
   733  .21250E+02  .50000E-01    4  2959    -4    -5     T
   734  .21300E+02  .50000E-01    3  2962    -4    -5     T
   735  .21350E+02  .50000E-01    3  2965    -4    -5     T
   736  .21400E+02  .50000E-01    3  2968    -4    -5     T
   737  .21450E+02  .50000E-01    4  2972    -4    -5     T
   738  .21500E+02  .50000E-01    3  2975    -4    -5     T
   739  .21550E+02  .50000E-01    3  2978    -4    -5     T
   740  .21600E+02  .50000E-01    3  2981    -4    -5     T
   741  .21650E+02  .50000E-01    3  2984    -4    -5     T
   742  .21700E+02  .50000E-01    3  2987    -4    -5     T
   743  .21750E+02  .50000E-01    3  2990    -4    -5     T
   744  .21800E+02  .50000E-01    3  2993    -4    -5     T
   745  .21850E+02  .50000E-01    3  2996    -4    -5     T
   746  .21900E+02  .50000E-01    3  2999    -4    -5     T
   747  .21950E+02  .50000E-01    3  3002    -4    -5     T
   748  .22000E+02  .50000E-01    3  3005    -4    -5     T
   749  .22050E+02  .50000E-01    4  3009    -4    -5     T
   750  .22100E+02  .50000E-01    3  3012    -4    -5     T
   751  .22150E+02  .50000E-01    3  3015    -4    -5     T
   752  .22200E+02  .50000E-01    3  3018    -4    -5     T
   753  .22250E+02  .50000E-01    3  3021    -4    -5     T
   754  .22300E+02  .50000E-01    3  3024    -4    -5     T
   755  .22350E+02  .50000E-01    4  3028    -4    -5     T
   756  .22400E+02  .50000E-01    3  3031    -4    -5     T
   757  .22450E+02  .50000E-01    3  3034    -4    -5     T
   758  .22500E+02  .50000E-01    3  3037    -4    -5     T
   759  .22550E+02  .50000E-01    3  3040    -4    -5     T
   760  .22600E+02  .50000E-01    3  3043    -4    -5     T
   761  .22650E+02  .50000E-01    3  3046    -4    -5     T
   762  .22700E+02  .50000E-01    3  3049    -4    -5     T
   763  .22750E+02  .50000E-01    4  3053    -4    -5     T
   764  .22800E+02  .50000E-01    3  3056    -4    -5     T
   765  .22850E+02  .50000E-01    3  3059    -4    -5     T
   766  .22900E+02  .50000E-01    3  3062    -4    -5     T
   767  .22950E+02  .50000E-01    3  3065    -4    -5     T
   768  .23000E+02  .50000E-01    3  3068    -4    -5     T
   769  .23050E+02  .50000E-01    3  3071    -4    -5     T
   770  .23100E+02  .50000E-01    3  3074    -4    -5     T
   771  .23150E+02  .50000E-01    3  3077    -4    -5     T
   772  .23200E+02  .50000E-01    3  3080    -4    -5     T
   773  .23250E+02  .50000E-01    4  3084    -4    -5     T
   774  .23300E+02  .50000E-01    3  3087    -4    -5     T
   775  .23350E+02  .50000E-01    3  3090    -4    -5     T
   776  .23400E+02  .50000E-01    3  3093    -4    -5     T
   777  .23450E+02  .50000E-01    3  3096    -4    -5     T
   778  .23500E+02  .50000E-01    3  3099    -4    -5     T
   779  .23550E+02  .50000E-01    3  3102    -4    -5     T
   780  .23600E+02  .50000E-01    3  3105    -4    -5     T
   781  .23650E+02  .50000E-01    3  3108    -4    -5     T
   782  .23700E+02  .50000E-01    3  3111    -4    -5     T
   783  .23750E+02  .50000E-01    3  3114    -4    -5     T
   784  .23800E+02  .50000E-01    3  3117    -4    -5     T
   785  .23850E+02  .50000E-01    3  3120    -4    -5     T
   786  .23900E+02  .50000E-01    3  3123    -4    -5     T
   787  .23950E+02  .50000E-01    3  3126    -4    -5     T
   788  .23975E+02  .25030E-01    3  3129    -4    -5     T
   789  .24000E+02  .25030E-01    3  3132    -4    -5     T
end
 
 Real time [sec]       6.000000000000000
