 ******* Program HYDRUS
 ******* Example 2 - Grass Field Problem (Hupselse Beek 1982)                   
  
 Date:   1.10.    Time:  14: 9: 4
 Units: L = cm   , T = days , M = -    

-----------------------------------------------------
 Time       [T]     90.0000
-----------------------------------------------------
 Sub-region num.                   1          2
-----------------------------------------------------
 Area     [L]         .230E+03   .400E+02   .190E+03
 W-volume [L]         .789E+02   .143E+02   .646E+02
 In-flow  [L/T]       .000E+00   .000E+00   .000E+00
 h Mean   [L]         .600E+02  -.350E+02   .800E+02
 HeatVol  [M/T2]      .674E+20   .117E+20   .557E+20
 tMean    [K]            7.500      5.435      7.935
 ConcVol  [M/L2] 1    .000E+00   .000E+00   .000E+00
 cMean    [M/L3] 1    .000E+00   .000E+00   .000E+00
 Top Flux [L/T]       .000E+00
 Bot Flux [L/T]       .000E+00
-----------------------------------------------------

-----------------------------------------------------
 Time       [T]    120.0000
-----------------------------------------------------
 Sub-region num.                   1          2
-----------------------------------------------------
 Area     [L]         .230E+03   .400E+02   .190E+03
 W-volume [L]         .758E+02   .126E+02   .632E+02
 In-flow  [L/T]       .117E+00   .635E-01   .537E-01
 h Mean   [L]         .194E+02  -.719E+02   .386E+02
 HeatVol  [M/T2]      .674E+20   .117E+20   .558E+20
 tMean    [K]            8.822      8.477      8.895
 ConcVol  [M/L2] 1    .288E+00   .271E+00   .174E-01
 cMean    [M/L3] 1    .283E-02   .153E-01   .207E-03
 Top Flux [L/T]      -.239E+00
 Bot Flux [L/T]      -.125E-01
 WatBalT  [L]         .266E-01
 WatBalR  [%]             .308
 CncBalT  [M]    1   -.894E-07
 CncBalR  [%]    1        .000
-----------------------------------------------------

-----------------------------------------------------
 Time       [T]    151.0000
-----------------------------------------------------
 Sub-region num.                   1          2
-----------------------------------------------------
 Area     [L]         .230E+03   .400E+02   .190E+03
 W-volume [L]         .729E+02   .113E+02   .616E+02
 In-flow  [L/T]      -.437E+00  -.178E+00  -.259E+00
 h Mean   [L]        -.619E+01  -.116E+03   .169E+02
 HeatVol  [M/T2]      .678E+20   .117E+20   .561E+20
 tMean    [K]           11.603     12.077     11.503
 ConcVol  [M/L2] 1    .465E+00   .390E+00   .749E-01
 cMean    [M/L3] 1    .490E-02   .237E-01   .945E-03
 Top Flux [L/T]      -.267E-02
 Bot Flux [L/T]      -.726E-02
 WatBalT  [L]         .203E+00
 WatBalR  [%]             .926
 CncBalT  [M]    1    .707E-02
 CncBalR  [%]    1        .203
-----------------------------------------------------

-----------------------------------------------------
 Time       [T]    181.0000
-----------------------------------------------------
 Sub-region num.                   1          2
-----------------------------------------------------
 Area     [L]         .230E+03   .400E+02   .190E+03
 W-volume [L]         .731E+02   .118E+02   .612E+02
 In-flow  [L/T]      -.286E+00  -.384E+00   .974E-01
 h Mean   [L]        -.653E+01  -.951E+02   .121E+02
 HeatVol  [M/T2]      .686E+20   .120E+20   .566E+20
 tMean    [K]           14.967     18.524     14.218
 ConcVol  [M/L2] 1    .137E+01   .123E+01   .143E+00
 cMean    [M/L3] 1    .141E-01   .722E-01   .181E-02
 Top Flux [L/T]      -.168E-01
 Bot Flux [L/T]      -.623E-02
 WatBalT  [L]         .172E+00
 WatBalR  [%]             .450
 CncBalT  [M]    1    .222E-01
 CncBalR  [%]    1        .298
-----------------------------------------------------

-----------------------------------------------------
 Time       [T]    212.0000
-----------------------------------------------------
 Sub-region num.                   1          2
-----------------------------------------------------
 Area     [L]         .230E+03   .400E+02   .190E+03
 W-volume [L]         .632E+02   .846E+01   .547E+02
 In-flow  [L/T]      -.642E+00  -.354E+00  -.288E+00
 h Mean   [L]        -.904E+02  -.306E+03  -.450E+02
 HeatVol  [M/T2]      .682E+20   .117E+20   .566E+20
 tMean    [K]           17.009     17.754     16.852
 ConcVol  [M/L2] 1    .489E+00   .388E+00   .101E+00
 cMean    [M/L3] 1    .619E-02   .285E-01   .148E-02
 Top Flux [L/T]      -.607E-02
 Bot Flux [L/T]      -.156E-02
 WatBalT  [L]         .270E+00
 WatBalR  [%]             .538
 CncBalT  [M]    1    .232E-01
 CncBalR  [%]    1        .268
-----------------------------------------------------

-----------------------------------------------------
 Time       [T]    243.0000
-----------------------------------------------------
 Sub-region num.                   1          2
-----------------------------------------------------
 Area     [L]         .230E+03   .400E+02   .190E+03
 W-volume [L]         .612E+02   .968E+01   .515E+02
 In-flow  [L/T]      -.808E-01  -.375E-01  -.433E-01
 h Mean   [L]        -.897E+02  -.193E+03  -.678E+02
 HeatVol  [M/T2]      .683E+20   .117E+20   .565E+20
 tMean    [K]           17.870     16.811     18.093
 ConcVol  [M/L2] 1    .745E+00   .650E+00   .943E-01
 cMean    [M/L3] 1    .878E-02   .437E-01   .141E-02
 Top Flux [L/T]      -.502E-01
 Bot Flux [L/T]      -.778E-03
 WatBalT  [L]         .272E+00
 WatBalR  [%]             .431
 CncBalT  [M]    1    .419E-01
 CncBalR  [%]    1        .387
-----------------------------------------------------

-----------------------------------------------------
 Time       [T]    273.0000
-----------------------------------------------------
 Sub-region num.                   1          2
-----------------------------------------------------
 Area     [L]         .230E+03   .400E+02   .190E+03
 W-volume [L]         .588E+02   .101E+02   .487E+02
 In-flow  [L/T]       .104E+01   .107E+01  -.331E-01
 h Mean   [L]        -.102E+03  -.172E+03  -.871E+02
 HeatVol  [M/T2]      .672E+20   .114E+20   .558E+20
 tMean    [K]           14.028      7.443     15.414
 ConcVol  [M/L2] 1    .911E+00   .824E+00   .874E-01
 cMean    [M/L3] 1    .101E-01   .517E-01   .136E-02
 Top Flux [L/T]      -.103E+01
 Bot Flux [L/T]      -.476E-03
 WatBalT  [L]         .289E+00
 WatBalR  [%]             .405
 CncBalT  [M]    1    .538E-01
 CncBalR  [%]    1        .444
-----------------------------------------------------
