 ******* Program HYDRUS
 ******* Example 2 - Grass Field Problem (Hupselse Beek 1982)                   
  
 Date:   1.10.    Time:  14: 9: 4
 Units: L = cm   , T = days , M = -    


 Time:    90.000000

 Node    Depth      Head Moisture       K          C         Flux        Sink         Kappa   v/KsTop   Temp      Conc(1...NS)
         [L]       [L]     [-]        [L/T]      [1/L]      [L/T]        [1/T]         [-]      [-]      [C]        [M/L*3]

   1      .00     -55.00   .333      .900E+00    .110E-02    .000E+00    .000E+00      -1        .000    5.00    .000E+00    .000E+00
   2    -1.00     -54.00   .334      .932E+00    .111E-02    .000E+00    .000E+00      -1        .000    5.02    .000E+00    .000E+00
   3    -2.00     -53.00   .335      .964E+00    .112E-02    .000E+00    .478E-02      -1        .000    5.04    .000E+00    .000E+00
   4    -4.00     -51.00   .338      .103E+01    .114E-02    .000E+00    .478E-02      -1        .000    5.09    .000E+00    .000E+00
   5    -6.00     -49.00   .340      .109E+01    .116E-02    .000E+00    .478E-02      -1        .000    5.13    .000E+00    .000E+00
   6   -10.00     -45.00   .344      .127E+01    .120E-02    .000E+00    .478E-02      -1        .000    5.22    .000E+00    .000E+00
   7   -15.00     -40.00   .351      .154E+01    .124E-02    .000E+00    .478E-02      -1        .000    5.33    .000E+00    .000E+00
   8   -20.00     -35.00   .357      .190E+01    .128E-02    .000E+00    .478E-02      -1        .000    5.43    .000E+00    .000E+00
   9   -25.00     -30.00   .363      .234E+01    .132E-02    .000E+00    .478E-02      -1        .000    5.54    .000E+00    .000E+00
  10   -30.00     -25.00   .370      .300E+01    .134E-02    .000E+00    .478E-02      -1        .000    5.65    .000E+00    .000E+00
  11   -40.00     -15.00   .383      .515E+01    .131E-02    .000E+00    .000E+00      -1        .000    5.87    .000E+00    .000E+00
  12   -50.00      -5.00   .337      .290E+02    .558E-03    .000E+00    .000E+00      -1        .000    6.09    .000E+00    .000E+00
  13   -60.00       5.00   .339      .453E+02    .000E+00    .000E+00    .000E+00      -1        .000    6.30    .000E+00    .000E+00
  14   -70.00      15.00   .339      .453E+02    .000E+00    .000E+00    .000E+00      -1        .000    6.52    .000E+00    .000E+00
  15   -80.00      25.00   .339      .453E+02    .000E+00    .000E+00    .000E+00      -1        .000    6.74    .000E+00    .000E+00
  16   -90.00      35.00   .339      .453E+02    .000E+00    .000E+00    .000E+00      -1        .000    6.96    .000E+00    .000E+00
  17  -100.00      45.00   .339      .453E+02    .000E+00    .000E+00    .000E+00      -1        .000    7.17    .000E+00    .000E+00
  18  -110.00      55.00   .339      .453E+02    .000E+00    .000E+00    .000E+00      -1        .000    7.39    .000E+00    .000E+00
  19  -120.00      65.00   .339      .453E+02    .000E+00    .000E+00    .000E+00      -1        .000    7.61    .000E+00    .000E+00
  20  -130.00      75.00   .339      .453E+02    .000E+00    .000E+00    .000E+00      -1        .000    7.83    .000E+00    .000E+00
  21  -140.00      85.00   .339      .453E+02    .000E+00    .000E+00    .000E+00      -1        .000    8.04    .000E+00    .000E+00
  22  -150.00      95.00   .339      .453E+02    .000E+00    .000E+00    .000E+00      -1        .000    8.26    .000E+00    .000E+00
  23  -160.00     105.00   .339      .453E+02    .000E+00    .000E+00    .000E+00      -1        .000    8.48    .000E+00    .000E+00
  24  -170.00     115.00   .339      .453E+02    .000E+00    .000E+00    .000E+00      -1        .000    8.70    .000E+00    .000E+00
  25  -180.00     125.00   .339      .453E+02    .000E+00    .000E+00    .000E+00      -1        .000    8.91    .000E+00    .000E+00
  26  -190.00     135.00   .339      .453E+02    .000E+00    .000E+00    .000E+00      -1        .000    9.13    .000E+00    .000E+00
  27  -200.00     145.00   .339      .453E+02    .000E+00    .000E+00    .000E+00      -1        .000    9.35    .000E+00    .000E+00
  28  -210.00     155.00   .339      .453E+02    .000E+00    .000E+00    .000E+00      -1        .000    9.57    .000E+00    .000E+00
  29  -220.00     165.00   .339      .453E+02    .000E+00    .000E+00    .000E+00      -1        .000    9.78    .000E+00    .000E+00
  30  -225.00     170.00   .339      .453E+02    .000E+00    .000E+00    .000E+00      -1        .000    9.89    .000E+00    .000E+00
  31  -228.00     173.00   .339      .453E+02    .000E+00    .000E+00    .000E+00      -1        .000    9.96    .000E+00    .000E+00
  32  -229.00     174.00   .339      .453E+02    .000E+00    .000E+00    .000E+00      -1        .000    9.98    .000E+00    .000E+00
  33  -230.00     175.00   .339      .453E+02    .000E+00    .000E+00    .000E+00      -1        .000   10.00    .000E+00    .000E+00
end


 Time:   120.000000

 Node    Depth      Head Moisture       K          C         Flux        Sink         Kappa   v/KsTop   Temp      Conc(1...NS)
         [L]       [L]     [-]        [L/T]      [1/L]      [L/T]        [1/T]         [-]      [-]      [C]        [M/L*3]

   1      .00     -83.93   .305      .387E+00    .859E-03   -.239E+00    .000E+00      -1       -.008    4.14    .666E-01    .000E+00
   2    -1.00     -83.54   .305      .391E+00    .862E-03   -.238E+00    .000E+00      -1       -.008    4.59    .591E-01    .000E+00
   3    -2.00     -83.15   .306      .394E+00    .865E-03   -.233E+00    .328E-02      -1       -.008    5.08    .515E-01    .000E+00
   4    -4.00     -82.30   .306      .402E+00    .871E-03   -.225E+00    .328E-02      -1       -.008    6.04    .370E-01    .000E+00
   5    -6.00     -81.38   .307      .411E+00    .878E-03   -.210E+00    .328E-02      -1       -.007    6.83    .254E-01    .000E+00
   6   -10.00     -79.33   .309      .430E+00    .893E-03   -.192E+00    .328E-02      -1       -.006    7.96    .145E-01    .000E+00
   7   -15.00     -76.39   .311      .457E+00    .914E-03   -.170E+00    .328E-02      -1       -.006    8.81    .119E-01    .000E+00
   8   -20.00     -73.02   .315      .511E+00    .942E-03   -.145E+00    .328E-02      -1       -.005    9.25    .107E-01    .000E+00
   9   -25.00     -69.23   .318      .578E+00    .975E-03   -.120E+00    .328E-02      -1       -.004    9.42    .902E-02    .000E+00
  10   -30.00     -65.11   .322      .651E+00    .101E-02   -.840E-01    .328E-02      -1       -.003    9.49    .697E-02    .000E+00
  11   -40.00     -56.06   .332      .866E+00    .109E-02   -.665E-01    .000E+00      -1       -.002    9.57    .343E-02    .000E+00
  12   -50.00     -46.27   .292      .493E+01    .125E-02   -.550E-01    .000E+00      -1       -.002    9.69    .143E-02    .000E+00
  13   -60.00     -36.35   .304      .711E+01    .126E-02   -.435E-01    .000E+00      -1       -.001    9.77    .515E-03    .000E+00
  14   -70.00     -26.39   .316      .106E+02    .120E-02   -.327E-01    .000E+00      -1       -.001    9.77    .177E-03    .000E+00
  15   -80.00     -16.41   .328      .163E+02    .103E-02   -.229E-01    .000E+00      -1       -.001    9.69    .594E-04    .000E+00
  16   -90.00      -6.42   .336      .267E+02    .643E-03   -.156E-01    .000E+00      -1       -.001    9.55    .192E-04    .000E+00
  17  -100.00       3.57   .339      .453E+02    .000E+00   -.128E-01    .000E+00      -1        .000    9.38    .591E-05    .000E+00
  18  -110.00      13.57   .339      .453E+02    .000E+00   -.128E-01    .000E+00      -1        .000    9.21    .167E-05    .000E+00
  19  -120.00      23.57   .339      .453E+02    .000E+00   -.128E-01    .000E+00      -1        .000    9.03    .435E-06    .000E+00
  20  -130.00      33.57   .339      .453E+02    .000E+00   -.128E-01    .000E+00      -1        .000    8.87    .104E-06    .000E+00
  21  -140.00      43.56   .339      .453E+02    .000E+00   -.128E-01    .000E+00      -1        .000    8.72    .232E-07    .000E+00
  22  -150.00      53.56   .339      .453E+02    .000E+00   -.128E-01    .000E+00      -1        .000    8.59    .484E-08    .000E+00
  23  -160.00      63.56   .339      .453E+02    .000E+00   -.128E-01    .000E+00      -1        .000    8.47    .949E-09    .000E+00
  24  -170.00      73.55   .339      .453E+02    .000E+00   -.128E-01    .000E+00      -1        .000    8.38    .176E-09    .000E+00
  25  -180.00      83.55   .339      .453E+02    .000E+00   -.128E-01    .000E+00      -1        .000    8.30    .310E-10    .000E+00
  26  -190.00      93.55   .339      .453E+02    .000E+00   -.128E-01    .000E+00      -1        .000    8.24    .521E-11    .000E+00
  27  -200.00     103.55   .339      .453E+02    .000E+00   -.128E-01    .000E+00      -1        .000    8.19    .838E-12    .000E+00
  28  -210.00     113.54   .339      .453E+02    .000E+00   -.128E-01    .000E+00      -1        .000    8.16    .130E-12    .000E+00
  29  -220.00     123.54   .339      .453E+02    .000E+00   -.128E-01    .000E+00      -1        .000    8.14    .222E-13    .000E+00
  30  -225.00     128.54   .339      .453E+02    .000E+00   -.128E-01    .000E+00      -1        .000    8.14    .874E-14    .000E+00
  31  -228.00     131.54   .339      .453E+02    .000E+00   -.126E-01    .000E+00      -1        .000    8.14    .599E-14    .000E+00
  32  -229.00     132.54   .339      .453E+02    .000E+00   -.125E-01    .000E+00      -1        .000    8.14    .569E-14    .000E+00
  33  -230.00     133.54   .339      .453E+02    .000E+00   -.125E-01    .000E+00      -1        .000    8.14    .569E-14    .000E+00
end


 Time:   151.000000

 Node    Depth      Head Moisture       K          C         Flux        Sink         Kappa   v/KsTop   Temp      Conc(1...NS)
         [L]       [L]     [-]        [L/T]      [1/L]      [L/T]        [1/T]         [-]      [-]      [C]        [M/L*3]

   1      .00    -144.82   .264      .107E+00    .538E-03   -.267E-02    .000E+00      -1        .000    7.17    .336E-02    .000E+00
   2    -1.00    -143.84   .264      .110E+00    .542E-03   -.534E-02    .000E+00      -1        .000    7.73    .844E-02    .000E+00
   3    -2.00    -142.91   .265      .112E+00    .545E-03   -.510E-03    .128E-01      -1        .000    8.29    .132E-01    .000E+00
   4    -4.00    -140.86   .266      .116E+00    .554E-03    .108E-01    .128E-01      -1        .000    9.37    .217E-01    .000E+00
   5    -6.00    -138.55   .267      .121E+00    .563E-03    .335E-01    .128E-01      -1        .001   10.31    .279E-01    .000E+00
   6   -10.00    -133.26   .270      .133E+00    .584E-03    .605E-01    .128E-01      -1        .002   11.71    .337E-01    .000E+00
   7   -15.00    -125.58   .275      .151E+00    .615E-03    .966E-01    .128E-01      -1        .003   12.68    .333E-01    .000E+00
   8   -20.00    -117.01   .280      .178E+00    .655E-03    .136E+00    .128E-01      -1        .005   13.06    .296E-01    .000E+00
   9   -25.00    -108.10   .286      .220E+00    .705E-03    .177E+00    .128E-01      -1        .006   13.12    .246E-01    .000E+00
  10   -30.00     -98.98   .293      .263E+00    .756E-03    .244E+00    .128E-01      -1        .008   13.07    .195E-01    .000E+00
  11   -40.00     -81.08   .307      .414E+00    .880E-03    .252E+00    .000E+00      -1        .008   12.92    .114E-01    .000E+00
  12   -50.00     -69.37   .264      .235E+01    .111E-02    .217E+00    .000E+00      -1        .007   12.82    .609E-02    .000E+00
  13   -60.00     -58.66   .276      .322E+01    .119E-02    .178E+00    .000E+00      -1        .006   12.72    .302E-02    .000E+00
  14   -70.00     -48.25   .289      .457E+01    .124E-02    .140E+00    .000E+00      -1        .005   12.57    .153E-02    .000E+00
  15   -80.00     -38.04   .302      .663E+01    .127E-02    .101E+00    .000E+00      -1        .003   12.39    .790E-03    .000E+00
  16   -90.00     -27.94   .315      .994E+01    .122E-02    .638E-01    .000E+00      -1        .002   12.19    .410E-03    .000E+00
  17  -100.00     -17.90   .326      .152E+02    .106E-02    .299E-01    .000E+00      -1        .001   11.98    .211E-03    .000E+00
  18  -110.00      -7.89   .335      .246E+02    .719E-03    .351E-02    .000E+00      -1        .000   11.78    .106E-03    .000E+00
  19  -120.00       2.10   .339      .453E+02    .000E+00   -.721E-02    .000E+00      -1        .000   11.59    .503E-04    .000E+00
  20  -130.00      12.10   .339      .453E+02    .000E+00   -.721E-02    .000E+00      -1        .000   11.41    .226E-04    .000E+00
  21  -140.00      22.10   .339      .453E+02    .000E+00   -.721E-02    .000E+00      -1        .000   11.24    .951E-05    .000E+00
  22  -150.00      32.10   .339      .453E+02    .000E+00   -.721E-02    .000E+00      -1        .000   11.10    .380E-05    .000E+00
  23  -160.00      42.10   .339      .453E+02    .000E+00   -.721E-02    .000E+00      -1        .000   10.97    .145E-05    .000E+00
  24  -170.00      52.10   .339      .453E+02    .000E+00   -.721E-02    .000E+00      -1        .000   10.85    .528E-06    .000E+00
  25  -180.00      62.09   .339      .453E+02    .000E+00   -.720E-02    .000E+00      -1        .000   10.76    .185E-06    .000E+00
  26  -190.00      72.09   .339      .453E+02    .000E+00   -.720E-02    .000E+00      -1        .000   10.69    .626E-07    .000E+00
  27  -200.00      82.09   .339      .453E+02    .000E+00   -.720E-02    .000E+00      -1        .000   10.63    .204E-07    .000E+00
  28  -210.00      92.09   .339      .453E+02    .000E+00   -.720E-02    .000E+00      -1        .000   10.59    .649E-08    .000E+00
  29  -220.00     102.09   .339      .453E+02    .000E+00   -.720E-02    .000E+00      -1        .000   10.56    .223E-08    .000E+00
  30  -225.00     107.09   .339      .453E+02    .000E+00   -.722E-02    .000E+00      -1        .000   10.56    .143E-08    .000E+00
  31  -228.00     110.09   .339      .453E+02    .000E+00   -.726E-02    .000E+00      -1        .000   10.55    .124E-08    .000E+00
  32  -229.00     111.09   .339      .453E+02    .000E+00   -.726E-02    .000E+00      -1        .000   10.55    .122E-08    .000E+00
  33  -230.00     112.09   .339      .453E+02    .000E+00   -.726E-02    .000E+00      -1        .000   10.55    .122E-08    .000E+00
end


 Time:   181.000000

 Node    Depth      Head Moisture       K          C         Flux        Sink         Kappa   v/KsTop   Temp      Conc(1...NS)
         [L]       [L]     [-]        [L/T]      [1/L]      [L/T]        [1/T]         [-]      [-]      [C]        [M/L*3]

   1      .00    -109.76   .285      .212E+00    .695E-03   -.168E-01    .000E+00      -1       -.001   15.17    .304E-01    .000E+00
   2    -1.00    -108.83   .286      .216E+00    .700E-03   -.235E-01    .000E+00      -1       -.001   15.81    .622E-01    .000E+00
   3    -2.00    -107.97   .286      .220E+00    .705E-03   -.352E-01    .866E-02      -1       -.001   16.32    .880E-01    .000E+00
   4    -4.00    -106.31   .288      .228E+00    .715E-03   -.425E-01    .866E-02      -1       -.001   17.14    .121E+00    .000E+00
   5    -6.00    -104.72   .289      .235E+00    .724E-03   -.566E-01    .866E-02      -1       -.002   17.84    .131E+00    .000E+00
   6   -10.00    -101.73   .291      .249E+00    .740E-03   -.713E-01    .866E-02      -1       -.002   18.85    .117E+00    .000E+00
   7   -15.00     -98.27   .293      .266E+00    .760E-03   -.875E-01    .866E-02      -1       -.003   19.42    .952E-01    .000E+00
   8   -20.00     -95.01   .296      .283E+00    .779E-03   -.102E+00    .866E-02      -1       -.003   19.43    .746E-01    .000E+00
   9   -25.00     -91.85   .298      .313E+00    .802E-03   -.110E+00    .866E-02      -1       -.004   19.14    .552E-01    .000E+00
  10   -30.00     -88.54   .301      .344E+00    .826E-03   -.101E+00    .866E-02      -1       -.003   18.75    .387E-01    .000E+00
  11   -40.00     -81.06   .308      .414E+00    .880E-03   -.104E+00    .000E+00      -1       -.003   17.98    .205E-01    .000E+00
  12   -50.00     -71.93   .261      .216E+01    .109E-02   -.113E+00    .000E+00      -1       -.004   17.32    .113E-01    .000E+00
  13   -60.00     -62.38   .272      .287E+01    .116E-02   -.109E+00    .000E+00      -1       -.004   16.74    .594E-02    .000E+00
  14   -70.00     -52.69   .284      .400E+01    .122E-02   -.984E-01    .000E+00      -1       -.003   16.20    .314E-02    .000E+00
  15   -80.00     -42.88   .296      .563E+01    .126E-02   -.815E-01    .000E+00      -1       -.003   15.68    .168E-02    .000E+00
  16   -90.00     -32.99   .308      .816E+01    .125E-02   -.614E-01    .000E+00      -1       -.002   15.21    .908E-03    .000E+00
  17  -100.00     -23.04   .320      .122E+02    .116E-02   -.409E-01    .000E+00      -1       -.001   14.78    .501E-03    .000E+00
  18  -110.00     -13.05   .331      .191E+02    .927E-03   -.226E-01    .000E+00      -1       -.001   14.40    .282E-03    .000E+00
  19  -120.00      -3.06   .338      .329E+02    .417E-03   -.102E-01    .000E+00      -1        .000   14.07    .161E-03    .000E+00
  20  -130.00       6.94   .339      .453E+02    .000E+00   -.628E-02    .000E+00      -1        .000   13.79    .926E-04    .000E+00
  21  -140.00      16.94   .339      .453E+02    .000E+00   -.628E-02    .000E+00      -1        .000   13.54    .526E-04    .000E+00
  22  -150.00      26.94   .339      .453E+02    .000E+00   -.628E-02    .000E+00      -1        .000   13.33    .293E-04    .000E+00
  23  -160.00      36.93   .339      .453E+02    .000E+00   -.628E-02    .000E+00      -1        .000   13.15    .158E-04    .000E+00
  24  -170.00      46.93   .339      .453E+02    .000E+00   -.628E-02    .000E+00      -1        .000   13.00    .823E-05    .000E+00
  25  -180.00      56.93   .339      .453E+02    .000E+00   -.629E-02    .000E+00      -1        .000   12.88    .412E-05    .000E+00
  26  -190.00      66.93   .339      .453E+02    .000E+00   -.630E-02    .000E+00      -1        .000   12.78    .198E-05    .000E+00
  27  -200.00      76.93   .339      .453E+02    .000E+00   -.630E-02    .000E+00      -1        .000   12.70    .913E-06    .000E+00
  28  -210.00      86.93   .339      .453E+02    .000E+00   -.630E-02    .000E+00      -1        .000   12.65    .415E-06    .000E+00
  29  -220.00      96.93   .339      .453E+02    .000E+00   -.630E-02    .000E+00      -1        .000   12.62    .205E-06    .000E+00
  30  -225.00     101.92   .339      .453E+02    .000E+00   -.627E-02    .000E+00      -1        .000   12.61    .160E-06    .000E+00
  31  -228.00     104.92   .339      .453E+02    .000E+00   -.623E-02    .000E+00      -1        .000   12.61    .149E-06    .000E+00
  32  -229.00     105.92   .339      .453E+02    .000E+00   -.623E-02    .000E+00      -1        .000   12.61    .148E-06    .000E+00
  33  -230.00     106.92   .339      .453E+02    .000E+00   -.623E-02    .000E+00      -1        .000   12.61    .148E-06    .000E+00
end


 Time:   212.000000

 Node    Depth      Head Moisture       K          C         Flux        Sink         Kappa   v/KsTop   Temp      Conc(1...NS)
         [L]       [L]     [-]        [L/T]      [1/L]      [L/T]        [1/T]         [-]      [-]      [C]        [M/L*3]

   1      .00    -408.41   .188      .670E-02    .164E-03   -.607E-02    .000E+00      -1        .000   14.17    .134E-02    .000E+00
   2    -1.00    -408.32   .188      .670E-02    .164E-03   -.122E-01    .000E+00      -1        .000   14.69    .679E-02    .000E+00
   3    -2.00    -410.06   .188      .664E-02    .164E-03   -.117E-01    .189E-01      -1        .000   15.22    .120E-01    .000E+00
   4    -4.00    -410.58   .188      .662E-02    .163E-03   -.192E-02    .189E-01      -1        .000   16.16    .214E-01    .000E+00
   5    -6.00    -407.23   .188      .674E-02    .165E-03    .178E-01    .189E-01      -1        .001   16.89    .290E-01    .000E+00
   6   -10.00    -389.38   .191      .736E-02    .172E-03    .389E-01    .189E-01      -1        .001   17.88    .387E-01    .000E+00
   7   -15.00    -355.41   .198      .101E-01    .196E-03    .704E-01    .190E-01      -1        .002   18.48    .422E-01    .000E+00
   8   -20.00    -312.41   .206      .137E-01    .227E-03    .115E+00    .191E-01      -1        .004   18.57    .382E-01    .000E+00
   9   -25.00    -268.25   .217      .217E-01    .275E-03    .169E+00    .192E-01      -1        .006   18.40    .310E-01    .000E+00
  10   -30.00    -227.39   .230      .337E-01    .333E-03    .267E+00    .193E-01      -1        .009   18.15    .240E-01    .000E+00
  11   -40.00    -164.01   .254      .788E-01    .475E-03    .287E+00    .000E+00      -1        .010   17.76    .149E-01    .000E+00
  12   -50.00    -142.45   .202      .393E+00    .643E-03    .259E+00    .000E+00      -1        .009   17.59    .862E-02    .000E+00
  13   -60.00    -127.14   .212      .530E+00    .720E-03    .234E+00    .000E+00      -1        .008   17.56    .471E-02    .000E+00
  14   -70.00    -113.60   .223      .725E+00    .799E-03    .211E+00    .000E+00      -1        .007   17.55    .279E-02    .000E+00
  15   -80.00    -101.24   .233      .969E+00    .879E-03    .190E+00    .000E+00      -1        .006   17.51    .170E-02    .000E+00
  16   -90.00     -89.66   .243      .131E+01    .960E-03    .169E+00    .000E+00      -1        .006   17.44    .106E-02    .000E+00
  17  -100.00     -78.63   .254      .176E+01    .104E-02    .149E+00    .000E+00      -1        .005   17.34    .669E-03    .000E+00
  18  -110.00     -67.97   .266      .245E+01    .112E-02    .128E+00    .000E+00      -1        .004   17.22    .427E-03    .000E+00
  19  -120.00     -57.57   .278      .336E+01    .119E-02    .106E+00    .000E+00      -1        .004   17.09    .276E-03    .000E+00
  20  -130.00     -47.33   .290      .471E+01    .125E-02    .835E-01    .000E+00      -1        .003   16.94    .179E-03    .000E+00
  21  -140.00     -37.21   .303      .685E+01    .126E-02    .609E-01    .000E+00      -1        .002   16.79    .116E-03    .000E+00
  22  -150.00     -27.15   .316      .103E+02    .121E-02    .391E-01    .000E+00      -1        .001   16.65    .748E-04    .000E+00
  23  -160.00     -17.13   .327      .158E+02    .104E-02    .192E-01    .000E+00      -1        .001   16.52    .477E-04    .000E+00
  24  -170.00      -7.12   .336      .257E+02    .681E-03    .429E-02    .000E+00      -1        .000   16.39    .298E-04    .000E+00
  25  -180.00       2.88   .339      .453E+02    .000E+00   -.148E-02    .000E+00      -1        .000   16.28    .180E-04    .000E+00
  26  -190.00      12.88   .339      .453E+02    .000E+00   -.148E-02    .000E+00      -1        .000   16.19    .105E-04    .000E+00
  27  -200.00      22.88   .339      .453E+02    .000E+00   -.148E-02    .000E+00      -1        .000   16.12    .595E-05    .000E+00
  28  -210.00      32.87   .339      .453E+02    .000E+00   -.149E-02    .000E+00      -1        .000   16.07    .339E-05    .000E+00
  29  -220.00      42.87   .339      .453E+02    .000E+00   -.149E-02    .000E+00      -1        .000   16.04    .214E-05    .000E+00
  30  -225.00      47.87   .339      .453E+02    .000E+00   -.149E-02    .000E+00      -1        .000   16.03    .185E-05    .000E+00
  31  -228.00      50.87   .339      .453E+02    .000E+00   -.151E-02    .000E+00      -1        .000   16.03    .178E-05    .000E+00
  32  -229.00      51.87   .339      .453E+02    .000E+00   -.156E-02    .000E+00      -1        .000   16.03    .177E-05    .000E+00
  33  -230.00      52.87   .339      .453E+02    .000E+00   -.156E-02    .000E+00      -1        .000   16.03    .177E-05    .000E+00
end


 Time:   243.000000

 Node    Depth      Head Moisture       K          C         Flux        Sink         Kappa   v/KsTop   Temp      Conc(1...NS)
         [L]       [L]     [-]        [L/T]      [1/L]      [L/T]        [1/T]         [-]      [-]      [C]        [M/L*3]

   1      .00    -206.63   .237      .433E-01    .371E-03   -.502E-01    .000E+00      -1       -.002   13.10    .194E-01    .000E+00
   2    -1.00    -206.80   .237      .432E-01    .370E-03   -.504E-01    .000E+00      -1       -.002   13.47    .259E-01    .000E+00
   3    -2.00    -206.97   .237      .431E-01    .370E-03   -.472E-01    .388E-02      -1       -.002   13.85    .329E-01    .000E+00
   4    -4.00    -207.08   .237      .431E-01    .370E-03   -.421E-01    .388E-02      -1       -.001   14.55    .478E-01    .000E+00
   5    -6.00    -206.88   .237      .432E-01    .370E-03   -.321E-01    .388E-02      -1       -.001   15.19    .602E-01    .000E+00
   6   -10.00    -205.53   .237      .438E-01    .373E-03   -.210E-01    .388E-02      -1       -.001   16.18    .703E-01    .000E+00
   7   -15.00    -202.17   .238      .453E-01    .379E-03   -.734E-02    .388E-02      -1        .000   16.98    .656E-01    .000E+00
   8   -20.00    -197.17   .240      .476E-01    .388E-03    .712E-02    .388E-02      -1        .000   17.43    .534E-01    .000E+00
   9   -25.00    -190.73   .242      .512E-01    .401E-03    .206E-01    .388E-02      -1        .001   17.68    .395E-01    .000E+00
  10   -30.00    -183.28   .246      .589E-01    .422E-03    .404E-01    .388E-02      -1        .001   17.83    .275E-01    .000E+00
  11   -40.00    -166.31   .253      .765E-01    .469E-03    .425E-01    .000E+00      -1        .001   18.00    .147E-01    .000E+00
  12   -50.00    -154.29   .194      .298E+00    .587E-03    .336E-01    .000E+00      -1        .001   18.15    .826E-02    .000E+00
  13   -60.00    -143.43   .201      .384E+00    .639E-03    .247E-01    .000E+00      -1        .001   18.27    .432E-02    .000E+00
  14   -70.00    -132.96   .208      .478E+00    .691E-03    .168E-01    .000E+00      -1        .001   18.35    .248E-02    .000E+00
  15   -80.00    -122.71   .215      .570E+00    .743E-03    .110E-01    .000E+00      -1        .000   18.37    .152E-02    .000E+00
  16   -90.00    -112.58   .223      .746E+00    .805E-03    .643E-02    .000E+00      -1        .000   18.37    .971E-03    .000E+00
  17  -100.00    -102.53   .232      .943E+00    .871E-03    .300E-02    .000E+00      -1        .000   18.35    .636E-03    .000E+00
  18  -110.00     -92.51   .241      .120E+01    .939E-03    .672E-03    .000E+00      -1        .000   18.31    .423E-03    .000E+00
  19  -120.00     -82.51   .250      .160E+01    .101E-02   -.857E-03    .000E+00      -1        .000   18.27    .284E-03    .000E+00
  20  -130.00     -72.52   .261      .211E+01    .109E-02   -.170E-02    .000E+00      -1        .000   18.21    .193E-03    .000E+00
  21  -140.00     -62.53   .272      .286E+01    .116E-02   -.208E-02    .000E+00      -1        .000   18.15    .131E-03    .000E+00
  22  -150.00     -52.53   .284      .402E+01    .122E-02   -.212E-02    .000E+00      -1        .000   18.08    .899E-04    .000E+00
  23  -160.00     -42.54   .296      .570E+01    .126E-02   -.195E-02    .000E+00      -1        .000   18.02    .616E-04    .000E+00
  24  -170.00     -32.54   .309      .829E+01    .125E-02   -.166E-02    .000E+00      -1        .000   17.95    .422E-04    .000E+00
  25  -180.00     -22.54   .321      .124E+02    .115E-02   -.132E-02    .000E+00      -1        .000   17.89    .289E-04    .000E+00
  26  -190.00     -12.54   .332      .195E+02    .911E-03   -.101E-02    .000E+00      -1        .000   17.84    .199E-04    .000E+00
  27  -200.00      -2.54   .338      .341E+02    .376E-03   -.808E-03    .000E+00      -1        .000   17.80    .138E-04    .000E+00
  28  -210.00       7.46   .339      .453E+02    .000E+00   -.748E-03    .000E+00      -1        .000   17.76    .983E-05    .000E+00
  29  -220.00      17.46   .339      .453E+02    .000E+00   -.745E-03    .000E+00      -1        .000   17.75    .756E-05    .000E+00
  30  -225.00      22.46   .339      .453E+02    .000E+00   -.746E-03    .000E+00      -1        .000   17.74    .702E-05    .000E+00
  31  -228.00      25.46   .339      .453E+02    .000E+00   -.757E-03    .000E+00      -1        .000   17.74    .688E-05    .000E+00
  32  -229.00      26.46   .339      .453E+02    .000E+00   -.778E-03    .000E+00      -1        .000   17.74    .686E-05    .000E+00
  33  -230.00      27.46   .339      .453E+02    .000E+00   -.778E-03    .000E+00      -1        .000   17.74    .686E-05    .000E+00
end


 Time:   273.000000

 Node    Depth      Head Moisture       K          C         Flux        Sink         Kappa   v/KsTop   Temp      Conc(1...NS)
         [L]       [L]     [-]        [L/T]      [1/L]      [L/T]        [1/T]         [-]      [-]      [C]        [M/L*3]

   1      .00    -100.15   .292      .256E+00    .749E-03   -.103E+01    .000E+00      -1       -.035    2.10    .240E+00    .000E+00
   2    -1.00    -103.27   .290      .242E+00    .732E-03   -.102E+01    .000E+00      -1       -.034    2.51    .214E+00    .000E+00
   3    -2.00    -106.54   .288      .227E+00    .714E-03   -.974E+00    .000E+00      -1       -.033    2.95    .184E+00    .000E+00
   4    -4.00    -113.65   .283      .194E+00    .675E-03   -.925E+00    .000E+00      -1       -.031    3.77    .119E+00    .000E+00
   5    -6.00    -121.71   .277      .160E+00    .632E-03   -.825E+00    .000E+00      -1       -.028    4.52    .709E-01    .000E+00
   6   -10.00    -140.55   .266      .118E+00    .556E-03   -.684E+00    .000E+00      -1       -.023    5.81    .480E-01    .000E+00
   7   -15.00    -166.31   .253      .767E-01    .469E-03   -.485E+00    .000E+00      -1       -.016    7.09    .411E-01    .000E+00
   8   -20.00    -190.17   .243      .519E-01    .403E-03   -.282E+00    .000E+00      -1       -.009    8.05    .362E-01    .000E+00
   9   -25.00    -205.44   .237      .438E-01    .373E-03   -.135E+00    .000E+00      -1       -.005    8.79    .304E-01    .000E+00
  10   -30.00    -209.30   .236      .420E-01    .366E-03   -.124E-01    .000E+00      -1        .000    9.41    .240E-01    .000E+00
  11   -40.00    -195.02   .241      .486E-01    .392E-03    .326E-01    .000E+00      -1        .001   10.45    .146E-01    .000E+00
  12   -50.00    -181.24   .180      .194E+00    .492E-03    .516E-01    .000E+00      -1        .002   11.44    .799E-02    .000E+00
  13   -60.00    -168.61   .187      .242E+00    .537E-03    .592E-01    .000E+00      -1        .002   12.40    .398E-02    .000E+00
  14   -70.00    -156.31   .193      .290E+00    .580E-03    .613E-01    .000E+00      -1        .002   13.23    .227E-02    .000E+00
  15   -80.00    -144.46   .201      .374E+00    .633E-03    .609E-01    .000E+00      -1        .002   13.93    .141E-02    .000E+00
  16   -90.00    -133.05   .208      .477E+00    .691E-03    .591E-01    .000E+00      -1        .002   14.52    .911E-03    .000E+00
  17  -100.00    -121.95   .216      .577E+00    .746E-03    .567E-01    .000E+00      -1        .002   15.02    .609E-03    .000E+00
  18  -110.00    -111.13   .225      .774E+00    .815E-03    .536E-01    .000E+00      -1        .002   15.43    .414E-03    .000E+00
  19  -120.00    -100.54   .233      .982E+00    .883E-03    .499E-01    .000E+00      -1        .002   15.77    .286E-03    .000E+00
  20  -130.00     -90.12   .243      .130E+01    .957E-03    .457E-01    .000E+00      -1        .002   16.06    .199E-03    .000E+00
  21  -140.00     -79.83   .253      .171E+01    .103E-02    .409E-01    .000E+00      -1        .001   16.30    .140E-03    .000E+00
  22  -150.00     -69.64   .264      .233E+01    .111E-02    .358E-01    .000E+00      -1        .001   16.49    .989E-04    .000E+00
  23  -160.00     -59.52   .275      .311E+01    .118E-02    .301E-01    .000E+00      -1        .001   16.66    .704E-04    .000E+00
  24  -170.00     -49.44   .288      .442E+01    .124E-02    .241E-01    .000E+00      -1        .001   16.78    .505E-04    .000E+00
  25  -180.00     -39.40   .300      .635E+01    .126E-02    .181E-01    .000E+00      -1        .001   16.89    .366E-04    .000E+00
  26  -190.00     -29.38   .313      .932E+01    .123E-02    .120E-01    .000E+00      -1        .000   16.97    .270E-04    .000E+00
  27  -200.00     -19.38   .325      .142E+02    .110E-02    .633E-02    .000E+00      -1        .000   17.03    .205E-04    .000E+00
  28  -210.00      -9.38   .334      .228E+02    .790E-03    .155E-02    .000E+00      -1        .000   17.07    .163E-04    .000E+00
  29  -220.00        .62   .339      .453E+02    .000E+00   -.478E-03    .000E+00      -1        .000   17.09    .140E-04    .000E+00
  30  -225.00       5.62   .339      .453E+02    .000E+00   -.480E-03    .000E+00      -1        .000   17.10    .134E-04    .000E+00
  31  -228.00       8.62   .339      .453E+02    .000E+00   -.481E-03    .000E+00      -1        .000   17.10    .133E-04    .000E+00
  32  -229.00       9.62   .339      .453E+02    .000E+00   -.476E-03    .000E+00      -1        .000   17.10    .133E-04    .000E+00
  33  -230.00      10.62   .339      .453E+02    .000E+00   -.476E-03    .000E+00      -1        .000   17.10    .133E-04    .000E+00
end
