 ******* Program HYDRUS
 ******* Example 2 - Grass Field Problem (Hupselse Beek 1982)                   
  
 Date:   1.10.    Time:  14: 9: 4
 Units: L = cm   , T = days , M = -    


  TLevel   Time         dt     ItrW ItrC  ItCum  KodT  KodB Converg Peclet   Courant

     1  .90100E+02  .10000E+00    2    1      2    -4    -7     T      .062      .008
     2  .90229E+02  .12857E+00    2    1      4    -4    -7     T      .062      .010
     3  .90383E+02  .15429E+00    2    1      6    -4    -7     T      .061      .012
     4  .90589E+02  .20571E+00    2    1      8    -4    -7     T      .060      .016
     5  .90794E+02  .20572E+00    2    1     10    -4    -7     T      .059      .016
     6  .91000E+02  .20572E+00    2    1     12    -4    -7     T      .058      .016
     7  .91100E+02  .10000E+00    2    1     14    -4    -7     T      .057      .015
     8  .91229E+02  .12857E+00    2    1     16    -4    -7     T      .057      .020
     9  .91383E+02  .15429E+00    2    1     18    -4    -7     T      .056      .024
    10  .91589E+02  .20571E+00    2    1     20    -4    -7     T      .056      .032
    11  .91794E+02  .20572E+00    2    1     22    -4    -7     T      .055      .032
    12  .92000E+02  .20572E+00    2    1     24    -4    -7     T      .054      .032
    13  .92100E+02  .10000E+00    2    1     26    -4    -7     T      .054      .007
    14  .92229E+02  .12857E+00    2    1     28    -4    -7     T      .053      .009
    15  .92383E+02  .15429E+00    2    1     30    -4    -7     T      .053      .011
    16  .92589E+02  .20571E+00    2    1     32    -4    -7     T      .052      .014
    17  .92794E+02  .20572E+00    2    1     34    -4    -7     T      .052      .014
    18  .93000E+02  .20572E+00    2    1     36    -4    -7     T      .051      .014
    19  .93250E+02  .25000E+00    2    1     38    -4    -7     T      .051      .017
    20  .93500E+02  .25000E+00    2    1     40    -4    -7     T      .061      .016
    21  .93750E+02  .25000E+00    2    1     42    -4    -7     T      .073      .016
    22  .94000E+02  .25000E+00    2    1     44    -4    -7     T      .083      .016
    23  .94250E+02  .25000E+00    2    1     46    -4    -7     T      .089      .015
    24  .94500E+02  .25000E+00    2    1     48    -4    -7     T      .125      .015
    25  .94750E+02  .25000E+00    2    1     50    -4    -7     T      .140      .014
    26  .95000E+02  .25000E+00    2    1     52    -4    -7     T      .152      .014
    27  .95100E+02  .10000E+00    2    1     54    -4    -7     T      .150      .016
    28  .95229E+02  .12857E+00    2    1     56    -4    -7     T      .116      .020
    29  .95383E+02  .15429E+00    2    1     58    -4    -7     T      .094      .024
    30  .95589E+02  .20571E+00    2    1     60    -4    -7     T      .075      .032
    31  .95794E+02  .20572E+00    2    1     62    -4    -7     T      .064      .033
    32  .96000E+02  .20572E+00    2    1     64    -4    -7     T      .058      .033
    33  .96100E+02  .10000E+00    2    1     66    -4    -7     T      .145      .064
    34  .96229E+02  .12857E+00    2    1     68    -4    -7     T      .184      .083
    35  .96383E+02  .15429E+00    2    1     70    -4    -7     T      .214      .099
    36  .96589E+02  .20571E+00    2    1     72    -4    -7     T      .237      .132
    37  .96794E+02  .20572E+00    2    1     74    -4    -7     T      .253      .131
    38  .97000E+02  .20572E+00    2    1     76    -4    -7     T      .261      .131
    39  .97100E+02  .10000E+00    2    1     78    -4    -7     T      .314      .096
    40  .97229E+02  .12857E+00    2    1     80    -4    -7     T      .342      .124
    41  .97383E+02  .15429E+00    2    1     82    -4    -7     T      .365      .148
    42  .97589E+02  .20571E+00    2    1     84    -4    -7     T      .374      .197
    43  .97794E+02  .20572E+00    2    1     86    -4    -7     T      .379      .197
    44  .98000E+02  .20572E+00    2    1     88    -4    -7     T      .379      .196
    45  .98100E+02  .10000E+00    2    1     90    -4    -7     T      .299      .051
    46  .98229E+02  .12857E+00    2    1     92    -4    -7     T      .253      .060
    47  .98383E+02  .15429E+00    2    1     94    -4    -7     T      .215      .068
    48  .98589E+02  .20571E+00    2    1     96    -4    -7     T      .195      .090
    49  .98794E+02  .20572E+00    2    1     98    -4    -7     T      .183      .090
    50  .99000E+02  .20572E+00    2    1    100    -4    -7     T      .178      .090
    51  .99100E+02  .10000E+00    2    1    102    -4    -7     T      .206      .063
    52  .99229E+02  .12857E+00    2    1    104    -4    -7     T      .222      .081
    53  .99383E+02  .15429E+00    2    1    106    -4    -7     T      .235      .097
    54  .99589E+02  .20571E+00    2    1    108    -4    -7     T      .241      .130
    55  .99794E+02  .20572E+00    2    1    110    -4    -7     T      .244      .130
    56  .10000E+03  .20572E+00    2    1    112    -4    -7     T      .244      .130
    57  .10025E+03  .25000E+00    2    1    114    -4    -7     T      .260      .173
    58  .10050E+03  .25000E+00    2    1    116    -4    -7     T      .263      .173
    59  .10075E+03  .25000E+00    2    1    118    -4    -7     T      .264      .173
    60  .10100E+03  .25000E+00    2    1    120    -4    -7     T      .263      .173
    61  .10110E+03  .10000E+00    2    1    122    -4    -7     T      .321      .105
    62  .10123E+03  .12857E+00    2    1    124    -4    -7     T      .351      .135
    63  .10138E+03  .15429E+00    2    1    126    -4    -7     T      .372      .162
    64  .10159E+03  .20571E+00    2    1    128    -4    -7     T      .377      .215
    65  .10179E+03  .20572E+00    2    1    130    -4    -7     T      .377      .215
    66  .10200E+03  .20572E+00    2    1    132    -4    -7     T      .373      .214
    67  .10210E+03  .10000E+00    2    1    134    -4    -7     T      .201      .016
    68  .10223E+03  .12857E+00    2    1    136    -4    -7     T      .115      .011
    69  .10238E+03  .15429E+00    2    1    138    -4    -7     T      .062      .013
    70  .10259E+03  .20571E+00    2    1    140    -4    -7     T      .061      .016
    71  .10279E+03  .20572E+00    2    1    142    -4    -7     T      .060      .016
    72  .10300E+03  .20572E+00    2    1    144    -4    -7     T      .059      .016
    73  .10325E+03  .25000E+00    2    1    146    -4    -7     T      .058      .019
    74  .10350E+03  .25000E+00    2    1    148    -4    -7     T      .057      .019
    75  .10375E+03  .25000E+00    2    1    150    -4    -7     T      .056      .018
    76  .10400E+03  .25000E+00    2    1    152    -4    -7     T      .055      .018
    77  .10425E+03  .25000E+00    2    1    154    -4    -7     T      .054      .018
    78  .10450E+03  .25000E+00    2    1    156    -4    -7     T      .063      .017
    79  .10475E+03  .25000E+00    2    1    158    -4    -7     T      .075      .017
    80  .10500E+03  .25000E+00    2    1    160    -4    -7     T      .084      .017
    81  .10525E+03  .25000E+00    2    1    162    -4    -7     T      .090      .016
    82  .10550E+03  .25000E+00    2    1    164    -4    -7     T      .092      .016
    83  .10575E+03  .25000E+00    2    1    166    -4    -7     T      .097      .015
    84  .10600E+03  .25000E+00    2    1    168    -4    -7     T      .101      .015
    85  .10625E+03  .25000E+00    2    1    170    -4    -7     T      .105      .015
    86  .10650E+03  .25000E+00    2    1    172    -4    -7     T      .117      .014
    87  .10675E+03  .25000E+00    2    1    174    -4    -7     T      .124      .014
    88  .10700E+03  .25000E+00    2    1    176    -4    -7     T      .131      .014
    89  .10725E+03  .25000E+00    2    1    178    -4    -7     T      .138      .013
    90  .10750E+03  .25000E+00    2    1    180    -4    -7     T      .145      .013
    91  .10775E+03  .25000E+00    2    1    182    -4    -7     T      .152      .013
    92  .10800E+03  .25000E+00    2    1    184    -4    -7     T      .158      .013
    93  .10825E+03  .25000E+00    2    1    186    -4    -7     T      .164      .012
    94  .10850E+03  .25000E+00    2    1    188    -4    -7     T      .174      .012
    95  .10875E+03  .25000E+00    2    1    190    -4    -7     T      .181      .012
    96  .10900E+03  .25000E+00    2    1    192    -4    -7     T      .187      .011
    97  .10925E+03  .25000E+00    2    1    194    -4    -7     T      .193      .011
    98  .10950E+03  .25000E+00    2    1    196    -4    -7     T      .172      .011
    99  .10975E+03  .25000E+00    2    1    198    -4    -7     T      .166      .011
   100  .11000E+03  .25000E+00    2    1    200    -4    -7     T      .162      .011
   101  .11025E+03  .25000E+00    2    1    202    -4    -7     T      .163      .011
   102  .11050E+03  .25000E+00    2    1    204    -4    -7     T      .151      .010
   103  .11075E+03  .25000E+00    2    1    206    -4    -7     T      .147      .010
   104  .11100E+03  .25000E+00    2    1    208    -4    -7     T      .145      .010
   105  .11125E+03  .25000E+00    2    1    210    -4    -7     T      .145      .010
   106  .11150E+03  .25000E+00    2    1    212    -4    -7     T      .164      .010
   107  .11175E+03  .25000E+00    2    1    214    -4    -7     T      .173      .010
   108  .11200E+03  .25000E+00    2    1    216    -4    -7     T      .182      .010
   109  .11210E+03  .10000E+00    2    1    218    -4    -7     T      .185      .004
   110  .11223E+03  .12857E+00    2    1    220    -4    -7     T      .175      .005
   111  .11238E+03  .15429E+00    2    1    222    -4    -7     T      .169      .006
   112  .11259E+03  .20571E+00    2    1    224    -4    -7     T      .163      .008
   113  .11279E+03  .20572E+00    2    1    226    -4    -7     T      .159      .008
   114  .11300E+03  .20572E+00    2    1    228    -4    -7     T      .157      .008
   115  .11325E+03  .25000E+00    2    1    230    -4    -7     T      .155      .009
   116  .11350E+03  .25000E+00    2    1    232    -4    -7     T      .187      .009
   117  .11375E+03  .25000E+00    2    1    234    -4    -7     T      .201      .009
   118  .11400E+03  .25000E+00    2    1    236    -4    -7     T      .215      .010
   119  .11425E+03  .25000E+00    2    1    238    -4    -7     T      .226      .010
   120  .11450E+03  .25000E+00    2    1    240    -4    -7     T      .242      .011
   121  .11475E+03  .25000E+00    2    1    242    -4    -7     T      .253      .011
   122  .11500E+03  .25000E+00    2    1    244    -4    -7     T      .263      .012
   123  .11510E+03  .10000E+00    2    1    246    -4    -7     T      .266      .005
   124  .11523E+03  .12857E+00    2    1    248    -4    -7     T      .259      .006
   125  .11538E+03  .15429E+00    2    1    250    -4    -7     T      .255      .008
   126  .11559E+03  .20571E+00    2    1    252    -4    -7     T      .249      .010
   127  .11579E+03  .20572E+00    2    1    254    -4    -7     T      .245      .010
   128  .11600E+03  .20572E+00    2    1    256    -4    -7     T      .243      .010
   129  .11625E+03  .25000E+00    2    1    258    -4    -7     T      .246      .011
   130  .11650E+03  .25000E+00    2    1    260    -4    -7     T      .236      .010
   131  .11675E+03  .25000E+00    2    1    262    -4    -7     T      .236      .010
   132  .11700E+03  .25000E+00    2    1    264    -4    -7     T      .234      .010
   133  .11710E+03  .10000E+00    2    1    266    -4    -7     T      .234      .005
   134  .11723E+03  .12857E+00    2    1    268    -4    -7     T      .224      .006
   135  .11738E+03  .15429E+00    2    1    270    -4    -7     T      .215      .007
   136  .11759E+03  .20571E+00    2    1    272    -4    -7     T      .205      .010
   137  .11779E+03  .20572E+00    2    1    274    -4    -7     T      .197      .010
   138  .11800E+03  .20572E+00    2    1    276    -4    -7     T      .190      .010
   139  .11810E+03  .10000E+00    2    1    278    -4    -7     T      .178      .061
   140  .11823E+03  .12857E+00    2    1    280    -4    -7     T      .155      .078
   141  .11838E+03  .15429E+00    2    1    282    -4    -7     T      .199      .093
   142  .11859E+03  .20571E+00    2    1    284    -4    -7     T      .222      .124
   143  .11879E+03  .20572E+00    2    1    286    -4    -7     T      .237      .123
   144  .11900E+03  .20572E+00    2    1    288    -4    -7     T      .248      .123
   145  .11925E+03  .25000E+00    2    1    290    -4    -7     T      .252      .138
   146  .11950E+03  .25000E+00    2    1    292    -4    -7     T      .259      .138
   147  .11975E+03  .25000E+00    2    1    294    -4    -7     T      .264      .138
   148  .12000E+03  .25000E+00    2    1    296    -4    -7     T      .269      .138
   149  .12010E+03  .10000E+00    4    1    300    -4    -7     T      .394      .138
   150  .12020E+03  .10000E+00    2    1    302    -4    -7     T      .464      .138
   151  .12033E+03  .13333E+00    2    1    304    -4    -7     T      .527      .183
   152  .12050E+03  .16667E+00    2    1    306    -4    -7     T      .573      .227
   153  .12075E+03  .25000E+00    2    1    308    -4    -7     T      .605      .339
   154  .12100E+03  .25000E+00    2    1    310    -4    -7     T      .672      .338
   155  .12125E+03  .25000E+00    4    1    314    -4    -7     T      .579      .047
   156  .12150E+03  .25000E+00    3    1    317    -4    -7     T      .368      .022
   157  .12175E+03  .25000E+00    2    1    319    -4    -7     T      .198      .013
   158  .12200E+03  .25000E+00    2    1    321    -4    -7     T      .065      .009
   159  .12210E+03  .10000E+00    2    1    323    -4    -7     T      .111      .044
   160  .12223E+03  .12857E+00    2    1    325    -4    -7     T      .141      .056
   161  .12238E+03  .15429E+00    2    1    327    -4    -7     T      .165      .067
   162  .12259E+03  .20571E+00    2    1    329    -4    -7     T      .175      .090
   163  .12279E+03  .20572E+00    2    1    331    -4    -7     T      .183      .090
   164  .12300E+03  .20572E+00    2    1    333    -4    -7     T      .189      .090
   165  .12325E+03  .25000E+00    2    1    335    -4    -7     T      .182      .098
   166  .12350E+03  .25000E+00    2    1    337    -4    -7     T      .177      .098
   167  .12375E+03  .25000E+00    2    1    339    -4    -7     T      .172      .098
   168  .12400E+03  .25000E+00    2    1    341    -4    -7     T      .169      .098
   169  .12410E+03  .10000E+00    4    1    345    -4    -7     T      .413      .176
   170  .12420E+03  .10000E+00    3    1    348    -4    -7     T      .527      .175
   171  .12433E+03  .13333E+00    3    1    351    -4    -7     T      .590      .231
   172  .12450E+03  .16667E+00    2    1    353    -4    -7     T      .658      .288
   173  .12475E+03  .25000E+00    2    1    355    -4    -7     T      .711      .428
   174  .12500E+03  .25000E+00    2    1    357    -4    -7     T      .791      .426
   175  .12510E+03  .10000E+00    4    1    361    -4    -7     T      .873      .255
   176  .12520E+03  .10000E+00    3    1    364    -4    -7     T      .961      .254
   177  .12533E+03  .13333E+00    2    1    366    -4    -7     T     1.077      .337
   178  .12550E+03  .16667E+00    2    1    368    -4    -7     T     1.188      .420
   179  .12575E+03  .25000E+00    2    1    370    -4    -7     T     1.264      .627
   180  .12600E+03  .25000E+00    2    1    372    -4    -7     T     1.264      .625
   181  .12610E+03  .10000E+00    4    1    376    -4    -7     T     1.195      .159
   182  .12620E+03  .10000E+00    2    1    378    -4    -7     T     1.085      .151
   183  .12633E+03  .13333E+00    2    1    380    -4    -7     T      .943      .196
   184  .12650E+03  .16667E+00    2    1    382    -4    -7     T      .801      .243
   185  .12675E+03  .25000E+00    2    1    384    -4    -7     T      .663      .364
   186  .12700E+03  .25000E+00    2    1    386    -4    -7     T      .597      .363
   187  .12725E+03  .25000E+00    4    1    390    -4    -7     T      .322      .040
   188  .12750E+03  .25000E+00    4    1    394    -4    -7     T      .125      .016
   189  .12775E+03  .25000E+00    2    1    396    -4    -7     T      .049      .016
   190  .12800E+03  .25000E+00    2    1    398    -4    -7     T      .048      .016
   191  .12825E+03  .25000E+00    2    1    400    -4    -7     T      .048      .016
   192  .12850E+03  .25000E+00    2    1    402    -4    -7     T      .097      .015
   193  .12875E+03  .25000E+00    2    1    404    -4    -7     T      .116      .015
   194  .12900E+03  .25000E+00    2    1    406    -4    -7     T      .131      .014
   195  .12925E+03  .25000E+00    2    1    408    -4    -7     T      .139      .014
   196  .12950E+03  .25000E+00    2    1    410    -4    -7     T      .148      .014
   197  .12975E+03  .25000E+00    2    1    412    -4    -7     T      .156      .014
   198  .13000E+03  .25000E+00    2    1    414    -4    -7     T      .164      .013
   199  .13025E+03  .25000E+00    2    1    416    -4    -7     T      .174      .013
   200  .13050E+03  .25000E+00    2    1    418    -4    -7     T      .176      .013
   201  .13075E+03  .25000E+00    2    1    420    -4    -7     T      .183      .012
   202  .13100E+03  .25000E+00    2    1    422    -4    -7     T      .188      .012
   203  .13125E+03  .25000E+00    2    1    424    -4    -7     T      .194      .012
   204  .13150E+03  .25000E+00    2    1    426    -4    -7     T      .225      .012
   205  .13175E+03  .25000E+00    2    1    428    -4    -7     T      .241      .012
   206  .13200E+03  .25000E+00    2    1    430    -4    -7     T      .256      .013
   207  .13225E+03  .25000E+00    2    1    432    -4    -7     T      .267      .014
   208  .13250E+03  .25000E+00    2    1    434    -4    -7     T      .296      .015
   209  .13275E+03  .25000E+00    2    1    436    -4    -7     T      .313      .015
   210  .13300E+03  .25000E+00    2    1    438    -4    -7     T      .332      .016
   211  .13325E+03  .25000E+00    2    1    440    -4    -7     T      .346      .017
   212  .13350E+03  .25000E+00    2    1    442    -4    -7     T      .384      .018
   213  .13375E+03  .25000E+00    2    1    444    -4    -7     T      .407      .019
   214  .13400E+03  .25000E+00    2    1    446    -4    -7     T      .427      .020
   215  .13425E+03  .25000E+00    2    1    448    -4    -7     T      .445      .020
   216  .13450E+03  .25000E+00    2    1    450    -4    -7     T      .452      .020
   217  .13475E+03  .25000E+00    2    1    452    -4    -7     T      .462      .021
   218  .13500E+03  .25000E+00    2    1    454    -4    -7     T      .474      .021
   219  .13525E+03  .25000E+00    2    1    456    -4    -7     T      .485      .021
   220  .13550E+03  .25000E+00    2    1    458    -4    -7     T      .500      .022
   221  .13575E+03  .25000E+00    2    1    460    -4    -7     T      .512      .022
   222  .13600E+03  .25000E+00    2    1    462    -4    -7     T      .526      .022
   223  .13610E+03  .10000E+00    2    1    464    -4    -7     T      .526      .045
   224  .13623E+03  .12857E+00    2    1    466    -4    -7     T      .452      .058
   225  .13638E+03  .15428E+00    2    1    468    -4    -7     T      .385      .069
   226  .13659E+03  .20571E+00    2    1    470    -4    -7     T      .298      .092
   227  .13679E+03  .20571E+00    2    1    472    -4    -7     T      .228      .092
   228  .13700E+03  .20572E+00    2    1    474    -4    -7     T      .177      .091
   229  .13710E+03  .10000E+00    2    1    476    -4    -7     T      .193      .061
   230  .13723E+03  .12857E+00    2    1    478    -4    -7     T      .214      .078
   231  .13738E+03  .15428E+00    2    1    480    -4    -7     T      .230      .093
   232  .13759E+03  .20571E+00    2    1    482    -4    -7     T      .239      .124
   233  .13779E+03  .20571E+00    2    1    484    -4    -7     T      .246      .124
   234  .13800E+03  .20572E+00    2    1    486    -4    -7     T      .250      .124
   235  .13810E+03  .10000E+00    2    1    488    -4    -7     T      .176      .015
   236  .13823E+03  .12857E+00    2    1    490    -4    -7     T      .122      .013
   237  .13838E+03  .15428E+00    2    1    492    -4    -7     T      .095      .010
   238  .13859E+03  .20571E+00    2    1    494    -4    -7     T      .140      .011
   239  .13879E+03  .20571E+00    2    1    496    -4    -7     T      .194      .009
   240  .13900E+03  .20572E+00    2    1    498    -4    -7     T      .239      .008
   241  .13910E+03  .10000E+00    2    1    500    -4    -7     T      .253      .047
   242  .13923E+03  .12857E+00    2    1    502    -4    -7     T      .218      .061
   243  .13938E+03  .15428E+00    2    1    504    -4    -7     T      .191      .072
   244  .13959E+03  .20571E+00    2    1    506    -4    -7     T      .172      .096
   245  .13979E+03  .20571E+00    2    1    508    -4    -7     T      .183      .096
   246  .14000E+03  .20572E+00    2    1    510    -4    -7     T      .190      .096
   247  .14025E+03  .25000E+00    2    1    512    -4    -7     T      .082      .015
   248  .14050E+03  .25000E+00    2    1    514    -4    -7     T      .075      .008
   249  .14075E+03  .25000E+00    2    1    516    -4    -7     T      .099      .006
   250  .14100E+03  .25000E+00    2    1    518    -4    -7     T      .129      .006
   251  .14110E+03  .10000E+00    3    1    521    -4    -7     T      .134      .059
   252  .14123E+03  .12857E+00    2    1    523    -4    -7     T      .167      .075
   253  .14138E+03  .15428E+00    2    1    525    -4    -7     T      .204      .090
   254  .14159E+03  .20571E+00    2    1    527    -4    -7     T      .225      .120
   255  .14179E+03  .20571E+00    2    1    529    -4    -7     T      .239      .120
   256  .14200E+03  .20572E+00    2    1    531    -4    -7     T      .248      .119
   257  .14210E+03  .10000E+00    2    1    533    -4    -7     T      .241      .047
   258  .14223E+03  .12857E+00    2    1    535    -4    -7     T      .235      .061
   259  .14238E+03  .15428E+00    2    1    537    -4    -7     T      .229      .072
   260  .14259E+03  .20571E+00    2    1    539    -4    -7     T      .224      .096
   261  .14279E+03  .20571E+00    2    1    541    -4    -7     T      .221      .096
   262  .14300E+03  .20572E+00    2    1    543    -4    -7     T      .219      .096
   263  .14310E+03  .10000E+00    2    1    545    -4    -7     T      .181      .024
   264  .14323E+03  .12857E+00    2    1    547    -4    -7     T      .150      .026
   265  .14338E+03  .15428E+00    2    1    549    -4    -7     T      .121      .028
   266  .14359E+03  .20571E+00    2    1    551    -4    -7     T      .099      .036
   267  .14379E+03  .20571E+00    2    1    553    -4    -7     T      .084      .036
   268  .14400E+03  .20572E+00    2    1    555    -4    -7     T      .079      .035
   269  .14425E+03  .25000E+00    2    1    557    -4    -7     T      .110      .008
   270  .14450E+03  .25000E+00    2    1    559    -4    -7     T      .179      .007
   271  .14475E+03  .25000E+00    2    1    561    -4    -7     T      .232      .009
   272  .14500E+03  .25000E+00    2    1    563    -4    -7     T      .280      .011
   273  .14525E+03  .25000E+00    2    1    565    -4    -7     T      .317      .012
   274  .14550E+03  .25000E+00    2    1    567    -4    -7     T      .424      .016
   275  .14575E+03  .25000E+00    2    1    569    -4    -7     T      .487      .018
   276  .14600E+03  .25000E+00    2    1    571    -4    -7     T      .546      .021
   277  .14610E+03  .10000E+00    4    1    575    -4    -7     T      .561      .070
   278  .14620E+03  .99999E-01    2    1    577    -4    -7     T      .555      .070
   279  .14633E+03  .13333E+00    2    1    579    -4    -7     T      .540      .093
   280  .14650E+03  .16666E+00    2    1    581    -4    -7     T      .517      .115
   281  .14675E+03  .25000E+00    2    1    583    -4    -7     T      .477      .173
   282  .14700E+03  .25000E+00    2    1    585    -4    -7     T      .435      .172
   283  .14710E+03  .10000E+00    4    1    589    -4    -7     T      .420      .018
   284  .14720E+03  .99999E-01    2    1    591    -4    -7     T      .382      .010
   285  .14733E+03  .13333E+00    2    1    593    -4    -7     T      .352      .008
   286  .14750E+03  .16666E+00    2    1    595    -4    -7     T      .328      .008
   287  .14775E+03  .25000E+00    2    1    597    -4    -7     T      .321      .011
   288  .14800E+03  .25000E+00    2    1    599    -4    -7     T      .325      .012
   289  .14825E+03  .25000E+00    2    1    601    -4    -7     T      .337      .012
   290  .14850E+03  .25000E+00    2    1    603    -4    -7     T      .386      .014
   291  .14875E+03  .25000E+00    2    1    605    -4    -7     T      .419      .015
   292  .14900E+03  .25000E+00    2    1    607    -4    -7     T      .450      .016
   293  .14925E+03  .25000E+00    2    1    609    -4    -7     T      .478      .017
   294  .14950E+03  .25000E+00    2    1    611    -4    -7     T      .547      .019
   295  .14975E+03  .25000E+00    2    1    613    -4    -7     T      .594      .021
   296  .15000E+03  .25000E+00    2    1    615    -4    -7     T      .637      .022
   297  .15025E+03  .25000E+00    2    1    617    -4    -7     T      .670      .023
   298  .15050E+03  .25000E+00    2    1    619    -4    -7     T      .707      .024
   299  .15075E+03  .25000E+00    2    1    621    -4    -7     T      .738      .025
   300  .15100E+03  .25000E+00    2    1    623    -4    -7     T      .765      .026
   301  .15125E+03  .25000E+00    2    1    625    -4    -7     T      .788      .027
   302  .15150E+03  .25000E+00    2    1    627    -4    -7     T      .798      .027
   303  .15175E+03  .25000E+00    2    1    629    -4    -7     T      .811      .027
   304  .15200E+03  .25000E+00    2    1    631    -4    -7     T      .823      .027
   305  .15225E+03  .25000E+00    2    1    633    -4    -7     T      .836      .028
   306  .15250E+03  .25000E+00    2    1    635    -4    -7     T      .868      .028
   307  .15275E+03  .25000E+00    2    1    637    -4    -7     T      .892      .029
   308  .15300E+03  .25000E+00    2    1    639    -4    -7     T      .917      .029
   309  .15325E+03  .25000E+00    2    1    641    -4    -7     T      .940      .030
   310  .15350E+03  .25000E+00    2    1    643    -4    -7     T      .949      .030
   311  .15375E+03  .25000E+00    2    1    645    -4    -7     T      .960      .030
   312  .15400E+03  .25000E+00    2    1    647    -4    -7     T      .969      .030
   313  .15425E+03  .25000E+00    2    1    649    -4    -7     T      .978      .030
   314  .15450E+03  .25000E+00    2    1    651    -4    -7     T      .942      .029
   315  .15475E+03  .25000E+00    2    1    653    -4    -7     T      .922      .028
   316  .15500E+03  .25000E+00    2    1    655    -4    -7     T      .899      .027
   317  .15525E+03  .25000E+00    2    1    657    -4    -7     T      .885      .027
   318  .15550E+03  .25000E+00    2    1    659    -4    -7     T      .928      .028
   319  .15575E+03  .25000E+00    2    1    661    -4    -7     T      .953      .028
   320  .15600E+03  .25000E+00    2    1    663    -4    -7     T      .990      .029
   321  .15610E+03  .10000E+00    5    1    668    -4    -7     T     1.001      .267
   322  .15620E+03  .99999E-01    4    1    672    -4    -7     T      .988      .261
   323  .15630E+03  .99998E-01    4    1    676    -4    -7     T      .967      .257
   324  .15640E+03  .99997E-01    4    1    680    -4    -7     T      .934      .254
   325  .15650E+03  .99998E-01    3    1    683    -4    -7     T      .967      .252
   326  .15663E+03  .12500E+00    3    1    686    -4    -7     T      .992      .312
   327  .15681E+03  .18750E+00    4    1    690    -4    -7     T     1.009      .462
   328  .15700E+03  .18750E+00    4    1    694    -4    -7     T     1.070      .458
   329  .15710E+03  .10000E+00    4    1    698    -4    -7     T      .829      .052
   330  .15720E+03  .99999E-01    2    1    700    -4    -7     T      .626      .031
   331  .15733E+03  .13333E+00    2    1    702    -4    -7     T      .453      .026
   332  .15750E+03  .16666E+00    2    1    704    -4    -7     T      .325      .022
   333  .15775E+03  .25000E+00    2    1    706    -4    -7     T      .204      .024
   334  .15800E+03  .25000E+00    2    1    708    -4    -7     T      .127      .020
   335  .15825E+03  .25000E+00    2    1    710    -4    -7     T      .197      .012
   336  .15850E+03  .25000E+00    2    1    712    -4    -7     T      .274      .010
   337  .15875E+03  .25000E+00    2    1    714    -4    -7     T      .349      .009
   338  .15900E+03  .25000E+00    2    1    716    -4    -7     T      .420      .011
   339  .15925E+03  .25000E+00    2    1    718    -4    -7     T      .485      .013
   340  .15950E+03  .25000E+00    2    1    720    -4    -7     T      .522      .014
   341  .15975E+03  .25000E+00    2    1    722    -4    -7     T      .559      .015
   342  .16000E+03  .25000E+00    2    1    724    -4    -7     T      .588      .016
   343  .16025E+03  .25000E+00    2    1    726    -4    -7     T      .617      .017
   344  .16050E+03  .25000E+00    2    1    728    -4    -7     T      .659      .018
   345  .16075E+03  .25000E+00    2    1    730    -4    -7     T      .697      .019
   346  .16100E+03  .25000E+00    2    1    732    -4    -7     T      .732      .019
   347  .16110E+03  .10000E+00    4    1    736    -4    -7     T      .745      .057
   348  .16120E+03  .99999E-01    2    1    738    -4    -7     T      .733      .056
   349  .16133E+03  .13333E+00    2    1    740    -4    -7     T      .719      .075
   350  .16150E+03  .16666E+00    2    1    742    -4    -7     T      .693      .093
   351  .16175E+03  .25000E+00    2    1    744    -4    -7     T      .650      .139
   352  .16200E+03  .25000E+00    2    1    746    -4    -7     T      .603      .138
   353  .16210E+03  .10000E+00    4    1    750    -4    -7     T      .585      .124
   354  .16220E+03  .99999E-01    2    1    752    -4    -7     T      .571      .123
   355  .16233E+03  .13333E+00    2    1    754    -4    -7     T      .549      .163
   356  .16250E+03  .16666E+00    2    1    756    -4    -7     T      .535      .202
   357  .16275E+03  .25000E+00    3    1    759    -4    -7     T      .557      .301
   358  .16300E+03  .25000E+00    3    1    762    -4    -7     T      .567      .299
   359  .16325E+03  .25000E+00    3    1    765    -4    -7     T      .570      .275
   360  .16350E+03  .25000E+00    2    1    767    -4    -7     T      .587      .274
   361  .16375E+03  .25000E+00    2    1    769    -4    -7     T      .597      .272
   362  .16400E+03  .25000E+00    2    1    771    -4    -7     T      .604      .271
   363  .16410E+03  .10000E+00    4    1    775    -4    -7     T      .494      .028
   364  .16420E+03  .99999E-01    2    1    777    -4    -7     T      .400      .019
   365  .16433E+03  .13333E+00    2    1    779    -4    -7     T      .350      .017
   366  .16450E+03  .16666E+00    2    1    781    -4    -7     T      .300      .016
   367  .16475E+03  .25000E+00    2    1    783    -4    -7     T      .214      .018
   368  .16500E+03  .25000E+00    2    1    785    -4    -7     T      .151      .017
   369  .16525E+03  .25000E+00    2    1    787    -4    -7     T      .083      .010
   370  .16550E+03  .25000E+00    2    1    789    -4    -7     T      .048      .008
   371  .16575E+03  .25000E+00    2    1    791    -4    -7     T      .079      .006
   372  .16600E+03  .25000E+00    2    1    793    -4    -7     T      .133      .006
   373  .16610E+03  .10000E+00    4    1    797    -4    -7     T      .382      .195
   374  .16620E+03  .99999E-01    4    1    801    -4    -7     T      .544      .192
   375  .16630E+03  .99998E-01    4    1    805    -4    -7     T      .651      .190
   376  .16640E+03  .99997E-01    2    1    807    -4    -7     T      .719      .189
   377  .16652E+03  .12000E+00    2    1    809    -4    -7     T      .768      .225
   378  .16668E+03  .16000E+00    3    1    812    -4    -7     T      .823      .297
   379  .16684E+03  .16000E+00    3    1    815    -4    -7     T      .865      .295
   380  .16700E+03  .16000E+00    2    1    817    -4    -7     T      .889      .294
   381  .16725E+03  .25000E+00    4    1    821    -4    -7     T      .643      .069
   382  .16750E+03  .25000E+00    3    1    824    -4    -7     T      .568      .035
   383  .16775E+03  .25000E+00    2    1    826    -4    -7     T      .465      .023
   384  .16800E+03  .25000E+00    2    1    828    -4    -7     T      .402      .016
   385  .16810E+03  .10000E+00    2    1    830    -4    -7     T      .374      .046
   386  .16823E+03  .12857E+00    2    1    832    -4    -7     T      .341      .059
   387  .16838E+03  .15428E+00    2    1    834    -4    -7     T      .307      .071
   388  .16859E+03  .20571E+00    2    1    836    -4    -7     T      .271      .095
   389  .16879E+03  .20571E+00    2    1    838    -4    -7     T      .278      .095
   390  .16900E+03  .20572E+00    2    1    840    -4    -7     T      .283      .095
   391  .16910E+03  .10000E+00    4    1    844    -4    -7     T      .491      .185
   392  .16920E+03  .99999E-01    3    1    847    -4    -7     T      .630      .183
   393  .16933E+03  .13333E+00    3    1    850    -4    -7     T      .709      .242
   394  .16950E+03  .16666E+00    3    1    853    -4    -7     T      .785      .300
   395  .16975E+03  .25000E+00    4    1    857    -4    -7     T      .846      .447
   396  .17000E+03  .25000E+00    3    1    860    -4    -7     T      .880      .444
   397  .17010E+03  .10000E+00    4    1    864    -4    -7     T      .878      .041
   398  .17020E+03  .99999E-01    2    1    866    -4    -7     T      .862      .026
   399  .17033E+03  .13333E+00    2    1    868    -4    -7     T      .810      .022
   400  .17050E+03  .16666E+00    2    1    870    -4    -7     T      .734      .021
   401  .17075E+03  .25000E+00    2    1    872    -4    -7     T      .637      .024
   402  .17100E+03  .25000E+00    2    1    874    -4    -7     T      .519      .021
   403  .17125E+03  .25000E+00    2    1    876    -4    -7     T      .393      .013
   404  .17150E+03  .25000E+00    2    1    878    -4    -7     T      .285      .009
   405  .17175E+03  .25000E+00    2    1    880    -4    -7     T      .185      .008
   406  .17200E+03  .25000E+00    2    1    882    -4    -7     T      .102      .007
   407  .17210E+03  .10000E+00    6    1    888    -4    -7     T      .654      .366
   408  .17220E+03  .99999E-01    4    1    892    -4    -7     T      .997      .357
   409  .17230E+03  .99998E-01    4    1    896    -4    -7     T     1.140      .352
   410  .17240E+03  .99997E-01    4    1    900    -4    -7     T     1.223      .349
   411  .17250E+03  .99998E-01    4    1    904    -4    -7     T     1.315      .346
   412  .17260E+03  .10000E+00    3    1    907    -4    -7     T     1.372      .344
   413  .17273E+03  .13333E+00    4    1    911    -4    -7     T     1.416      .455
   414  .17287E+03  .13333E+00    3    1    914    -4    -7     T     1.433      .452
   415  .17300E+03  .13333E+00    3    1    917    -4    -7     T     1.520      .450
   416  .17310E+03  .10000E+00    4    1    921    -4    -7     T     1.613      .090
   417  .17320E+03  .99999E-01    3    1    924    -4    -7     T     1.593      .065
   418  .17333E+03  .13333E+00    2    1    926    -4    -7     T     1.494      .075
   419  .17350E+03  .16666E+00    2    1    928    -4    -7     T     1.413      .087
   420  .17375E+03  .25000E+00    2    1    930    -4    -7     T     1.241      .123
   421  .17400E+03  .25000E+00    2    1    932    -4    -7     T     1.060      .119
   422  .17410E+03  .10000E+00    2    1    934    -4    -7     T      .984      .055
   423  .17423E+03  .12857E+00    2    1    936    -4    -7     T      .906      .071
   424  .17438E+03  .15428E+00    2    1    938    -4    -7     T      .823      .085
   425  .17459E+03  .20571E+00    2    1    940    -4    -7     T      .734      .114
   426  .17479E+03  .20571E+00    2    1    942    -4    -7     T      .656      .113
   427  .17500E+03  .20572E+00    2    1    944    -4    -7     T      .590      .113
   428  .17510E+03  .10000E+00    3    1    947    -4    -7     T      .558      .019
   429  .17523E+03  .12857E+00    2    1    949    -4    -7     T      .499      .018
   430  .17538E+03  .15428E+00    2    1    951    -4    -7     T      .421      .018
   431  .17559E+03  .20571E+00    2    1    953    -4    -7     T      .310      .021
   432  .17579E+03  .20571E+00    2    1    955    -4    -7     T      .203      .020
   433  .17600E+03  .20572E+00    2    1    957    -4    -7     T      .105      .018
   434  .17610E+03  .10000E+00    4    1    961    -4    -7     T      .316      .156
   435  .17620E+03  .99999E-01    4    1    965    -4    -7     T      .471      .154
   436  .17630E+03  .99998E-01    2    1    967    -4    -7     T      .551      .153
   437  .17644E+03  .14000E+00    2    1    969    -4    -7     T      .608      .213
   438  .17663E+03  .18666E+00    3    1    972    -4    -7     T      .644      .283
   439  .17681E+03  .18666E+00    2    1    974    -4    -7     T      .681      .282
   440  .17700E+03  .18666E+00    2    1    976    -4    -7     T      .705      .281
   441  .17710E+03  .10000E+00    4    1    980    -4    -7     T      .584      .055
   442  .17720E+03  .99999E-01    2    1    982    -4    -7     T      .478      .041
   443  .17733E+03  .13333E+00    2    1    984    -4    -7     T      .388      .048
   444  .17750E+03  .16666E+00    2    1    986    -4    -7     T      .320      .056
   445  .17775E+03  .25000E+00    2    1    988    -4    -7     T      .266      .080
   446  .17800E+03  .25000E+00    2    1    990    -4    -7     T      .233      .077
   447  .17810E+03  .10000E+00    4    1    994    -4    -7     T      .469      .193
   448  .17820E+03  .99999E-01    4    1    998    -4    -7     T      .619      .191
   449  .17830E+03  .99998E-01    3    1   1001    -4    -7     T      .688      .189
   450  .17844E+03  .14000E+00    3    1   1004    -4    -7     T      .751      .263
   451  .17863E+03  .18666E+00    3    1   1007    -4    -7     T      .822      .349
   452  .17881E+03  .18666E+00    2    1   1009    -4    -7     T      .868      .347
   453  .17900E+03  .18666E+00    2    1   1011    -4    -7     T      .891      .346
   454  .17910E+03  .10000E+00    2    1   1013    -4    -7     T      .844      .145
   455  .17923E+03  .12857E+00    2    1   1015    -4    -7     T      .885      .182
   456  .17938E+03  .15428E+00    2    1   1017    -4    -7     T      .938      .217
   457  .17959E+03  .20571E+00    2    1   1019    -4    -7     T      .986      .289
   458  .17979E+03  .20571E+00    2    1   1021    -4    -7     T     1.018      .289
   459  .18000E+03  .20572E+00    2    1   1023    -4    -7     T     1.041      .288
   460  .18010E+03  .10000E+00    4    1   1027    -4    -7     T     1.026      .034
   461  .18020E+03  .99999E-01    2    1   1029    -4    -7     T      .962      .023
   462  .18033E+03  .13333E+00    2    1   1031    -4    -7     T      .880      .021
   463  .18050E+03  .16666E+00    2    1   1033    -4    -7     T      .751      .019
   464  .18075E+03  .25000E+00    2    1   1035    -4    -7     T      .566      .022
   465  .18100E+03  .25000E+00    2    1   1037    -4    -7     T      .393      .020
   466  .18110E+03  .10000E+00    2    1   1039    -4    -7     T      .324      .013
   467  .18123E+03  .12857E+00    2    1   1041    -4    -7     T      .252      .016
   468  .18138E+03  .15428E+00    2    1   1043    -4    -7     T      .175      .019
   469  .18159E+03  .20571E+00    2    1   1045    -4    -7     T      .095      .025
   470  .18179E+03  .20571E+00    2    1   1047    -4    -7     T      .080      .025
   471  .18200E+03  .20572E+00    2    1   1049    -4    -7     T      .072      .024
   472  .18210E+03  .10000E+00    2    1   1051    -4    -7     T      .100      .006
   473  .18223E+03  .12857E+00    2    1   1053    -4    -7     T      .160      .008
   474  .18238E+03  .15428E+00    2    1   1055    -4    -7     T      .223      .008
   475  .18259E+03  .20571E+00    2    1   1057    -4    -7     T      .303      .011
   476  .18279E+03  .20571E+00    2    1   1059    -4    -7     T      .369      .010
   477  .18300E+03  .20572E+00    2    1   1061    -4    -7     T      .427      .011
   478  .18310E+03  .10000E+00    4    1   1065    -4    -7     T      .452      .108
   479  .18320E+03  .99999E-01    3    1   1068    -4    -7     T      .430      .107
   480  .18333E+03  .13333E+00    3    1   1071    -4    -7     T      .390      .141
   481  .18350E+03  .16666E+00    2    1   1073    -4    -7     T      .407      .175
   482  .18375E+03  .25000E+00    2    1   1075    -4    -7     T      .441      .261
   483  .18400E+03  .25000E+00    2    1   1077    -4    -7     T      .458      .259
   484  .18410E+03  .10000E+00    4    1   1081    -4    -7     T      .364      .026
   485  .18420E+03  .99999E-01    2    1   1083    -4    -7     T      .283      .017
   486  .18433E+03  .13333E+00    2    1   1085    -4    -7     T      .209      .016
   487  .18450E+03  .16666E+00    2    1   1087    -4    -7     T      .150      .017
   488  .18475E+03  .25000E+00    2    1   1089    -4    -7     T      .099      .022
   489  .18500E+03  .25000E+00    2    1   1091    -4    -7     T      .121      .019
   490  .18510E+03  .10000E+00    2    1   1093    -4    -7     T      .144      .013
   491  .18523E+03  .12857E+00    2    1   1095    -4    -7     T      .186      .017
   492  .18538E+03  .15428E+00    2    1   1097    -4    -7     T      .231      .021
   493  .18559E+03  .20571E+00    2    1   1099    -4    -7     T      .285      .028
   494  .18579E+03  .20571E+00    2    1   1101    -4    -7     T      .331      .028
   495  .18600E+03  .20572E+00    2    1   1103    -4    -7     T      .372      .028
   496  .18610E+03  .10000E+00    2    1   1105    -4    -7     T      .391      .007
   497  .18623E+03  .12857E+00    2    1   1107    -4    -7     T      .390      .006
   498  .18638E+03  .15428E+00    2    1   1109    -4    -7     T      .395      .007
   499  .18659E+03  .20571E+00    2    1   1111    -4    -7     T      .399      .010
   500  .18679E+03  .20571E+00    2    1   1113    -4    -7     T      .406      .010
   501  .18700E+03  .20572E+00    2    1   1115    -4    -7     T      .414      .010
   502  .18725E+03  .25000E+00    2    1   1117    -4    -7     T      .426      .013
   503  .18750E+03  .25000E+00    2    1   1119    -4    -7     T      .485      .015
   504  .18775E+03  .25000E+00    2    1   1121    -4    -7     T      .528      .016
   505  .18800E+03  .25000E+00    2    1   1123    -4    -7     T      .573      .017
   506  .18825E+03  .25000E+00    2    1   1125    -4    -7     T      .608      .018
   507  .18850E+03  .25000E+00    2    1   1127    -4    -7     T      .664      .020
   508  .18875E+03  .25000E+00    2    1   1129    -4    -7     T      .706      .021
   509  .18900E+03  .25000E+00    2    1   1131    -4    -7     T      .749      .022
   510  .18925E+03  .25000E+00    2    1   1133    -4    -7     T      .784      .023
   511  .18950E+03  .25000E+00    2    1   1135    -4    -7     T      .853      .025
   512  .18975E+03  .25000E+00    2    1   1137    -4    -7     T      .906      .026
   513  .19000E+03  .25000E+00    2    1   1139    -4    -7     T      .960      .028
   514  .19025E+03  .25000E+00    2    1   1141    -4    -7     T     1.011      .029
   515  .19050E+03  .25000E+00    3    1   1144    -4    -7     T      .991      .028
   516  .19075E+03  .25000E+00    2    1   1146    -4    -7     T      .974      .028
   517  .19100E+03  .25000E+00    2    1   1148    -4    -7     T      .961      .027
   518  .19125E+03  .25000E+00    2    1   1150    -4    -7     T      .953      .027
   519  .19150E+03  .25000E+00    2    1   1152    -4    -7     T      .971      .027
   520  .19175E+03  .25000E+00    2    1   1154    -4    -7     T      .982      .027
   521  .19200E+03  .25000E+00    2    1   1156    -4    -7     T      .996      .027
   522  .19210E+03  .10000E+00    2    1   1158    -4    -7     T     1.001      .011
   523  .19223E+03  .12857E+00    2    1   1160    -4    -7     T     1.023      .014
   524  .19238E+03  .15428E+00    2    1   1162    -4    -7     T     1.044      .018
   525  .19259E+03  .20571E+00    2    1   1164    -4    -7     T     1.072      .024
   526  .19279E+03  .20571E+00    2    1   1166    -4    -7     T     1.095      .024
   527  .19300E+03  .20572E+00    2    1   1168    -4    -7     T     1.116      .025
   528  .19325E+03  .25000E+00    2    1   1170    -4    -7     T     1.138      .030
   529  .19350E+03  .25000E+00    2    1   1172    -4    -7     T     1.164      .031
   530  .19375E+03  .25000E+00    2    1   1174    -4    -7     T     1.190      .031
   531  .19400E+03  .25000E+00    2    1   1176    -4    -7     T     1.214      .032
   532  .19425E+03  .25000E+00    2    1   1178    -4    -7     T     1.236      .032
   533  .19450E+03  .25000E+00    2    1   1180    -4    -7     T     1.259      .033
   534  .19475E+03  .25000E+00    2    1   1182    -4    -7     T     1.278      .033
   535  .19500E+03  .25000E+00    2    1   1184    -4    -7     T     1.296      .033
   536  .19510E+03  .10000E+00    4    1   1188    -4    -7     T     1.303      .066
   537  .19520E+03  .99999E-01    2    1   1190    -4    -7     T     1.297      .065
   538  .19533E+03  .13333E+00    2    1   1192    -4    -7     T     1.292      .086
   539  .19550E+03  .16666E+00    2    1   1194    -4    -7     T     1.280      .107
   540  .19575E+03  .25000E+00    2    1   1196    -4    -7     T     1.260      .159
   541  .19600E+03  .25000E+00    2    1   1198    -4    -7     T     1.236      .158
   542  .19610E+03  .10000E+00    4    1   1202    -4    -7     T     1.226      .022
   543  .19620E+03  .99999E-01    2    1   1204    -4    -7     T     1.214      .012
   544  .19633E+03  .13333E+00    2    1   1206    -4    -7     T     1.200      .015
   545  .19650E+03  .16666E+00    2    1   1208    -4    -7     T     1.181      .018
   546  .19675E+03  .25000E+00    2    1   1210    -4    -7     T     1.155      .026
   547  .19700E+03  .25000E+00    2    1   1212    -4    -7     T     1.135      .026
   548  .19725E+03  .25000E+00    2    1   1214    -4    -7     T     1.123      .026
   549  .19750E+03  .25000E+00    2    1   1216    -4    -7     T     1.128      .026
   550  .19775E+03  .25000E+00    2    1   1218    -4    -7     T     1.134      .026
   551  .19800E+03  .25000E+00    2    1   1220    -4    -7     T     1.150      .027
   552  .19825E+03  .25000E+00    2    1   1222    -4    -7     T     1.167      .027
   553  .19850E+03  .25000E+00    2    1   1224    -4    -7     T     1.196      .028
   554  .19875E+03  .25000E+00    2    1   1226    -4    -7     T     1.222      .028
   555  .19900E+03  .25000E+00    2    1   1228    -4    -7     T     1.250      .029
   556  .19925E+03  .25000E+00    2    1   1230    -4    -7     T     1.275      .029
   557  .19950E+03  .25000E+00    2    1   1232    -4    -7     T     1.276      .029
   558  .19975E+03  .25000E+00    2    1   1234    -4    -7     T     1.277      .028
   559  .20000E+03  .25000E+00    2    1   1236    -4    -7     T     1.273      .028
   560  .20025E+03  .25000E+00    2    1   1238    -4    -7     T     1.271      .028
   561  .20050E+03  .25000E+00    2    1   1240    -4    -7     T     1.278      .028
   562  .20075E+03  .25000E+00    2    1   1242    -4    -7     T     1.285      .028
   563  .20100E+03  .25000E+00    2    1   1244    -4    -7     T     1.295      .028
   564  .20125E+03  .25000E+00    2    1   1246    -4    -7     T     1.304      .028
   565  .20150E+03  .25000E+00    2    1   1248    -4    -7     T     1.311      .028
   566  .20175E+03  .25000E+00    2    1   1250    -4    -7     T     1.318      .028
   567  .20200E+03  .25000E+00    2    1   1252    -4    -7     T     1.325      .028
   568  .20225E+03  .25000E+00    2    1   1254    -4    -7     T     1.332      .028
   569  .20250E+03  .25000E+00    2    1   1256    -4    -7     T     1.326      .028
   570  .20275E+03  .25000E+00    2    1   1258    -4    -7     T     1.321      .028
   571  .20300E+03  .25000E+00    2    1   1260    -4    -7     T     1.317      .027
   572  .20325E+03  .25000E+00    2    1   1262    -4    -7     T     1.316      .027
   573  .20350E+03  .25000E+00    2    1   1264    -4    -7     T     1.319      .027
   574  .20375E+03  .25000E+00    2    1   1266    -4    -7     T     1.322      .027
   575  .20400E+03  .25000E+00    2    1   1268    -4    -7     T     1.326      .027
   576  .20425E+03  .25000E+00    2    1   1270    -4    -7     T     1.330      .027
   577  .20450E+03  .25000E+00    2    1   1272    -4    -7     T     1.325      .026
   578  .20475E+03  .25000E+00    2    1   1274    -4    -7     T     1.321      .026
   579  .20500E+03  .25000E+00    2    1   1276    -4    -7     T     1.315      .026
   580  .20525E+03  .25000E+00    2    1   1278    -4    -7     T     1.311      .026
   581  .20550E+03  .25000E+00    2    1   1280    -4    -7     T     1.307      .025
   582  .20575E+03  .25000E+00    2    1   1282    -4    -7     T     1.305      .025
   583  .20600E+03  .25000E+00    2    1   1284    -4    -7     T     1.303      .025
   584  .20610E+03  .10000E+00    2    1   1286    -4    -7     T     1.302      .010
   585  .20623E+03  .12857E+00    2    1   1288    -4    -7     T     1.299      .013
   586  .20638E+03  .15428E+00    2    1   1290    -4    -7     T     1.295      .015
   587  .20659E+03  .20571E+00    2    1   1292    -4    -7     T     1.288      .020
   588  .20679E+03  .20571E+00    2    1   1294    -4    -7     T     1.281      .020
   589  .20700E+03  .20572E+00    2    1   1296    -4    -7     T     1.274      .020
   590  .20710E+03  .10000E+00    2    1   1298    -4    -7     T     1.271      .020
   591  .20723E+03  .12857E+00    2    1   1300    -4    -7     T     1.268      .026
   592  .20738E+03  .15428E+00    2    1   1302    -4    -7     T     1.266      .031
   593  .20759E+03  .20571E+00    2    1   1304    -4    -7     T     1.263      .041
   594  .20779E+03  .20571E+00    2    1   1306    -4    -7     T     1.261      .041
   595  .20800E+03  .20572E+00    2    1   1308    -4    -7     T     1.259      .041
   596  .20810E+03  .10000E+00    2    1   1310    -4    -7     T     1.257      .015
   597  .20823E+03  .12857E+00    2    1   1312    -4    -7     T     1.260      .019
   598  .20838E+03  .15428E+00    2    1   1314    -4    -7     T     1.265      .022
   599  .20859E+03  .20571E+00    2    1   1316    -4    -7     T     1.274      .030
   600  .20879E+03  .20571E+00    2    1   1318    -4    -7     T     1.283      .030
   601  .20900E+03  .20572E+00    2    1   1320    -4    -7     T     1.292      .030
   602  .20925E+03  .25000E+00    2    1   1322    -4    -7     T     1.302      .023
   603  .20950E+03  .25000E+00    3    1   1325    -4    -7     T     1.324      .024
   604  .20975E+03  .25000E+00    2    1   1327    -4    -7     T     1.361      .025
   605  .21000E+03  .25000E+00    2    1   1329    -4    -7     T     1.407      .025
   606  .21025E+03  .25000E+00    2    1   1331    -4    -7     T     1.456      .026
   607  .21050E+03  .25000E+00    2    1   1333    -4    -7     T     1.513      .027
   608  .21075E+03  .25000E+00    2    1   1335    -4    -7     T     1.566      .028
   609  .21100E+03  .25000E+00    2    1   1337    -4    -7     T     1.617      .028
   610  .21125E+03  .25000E+00    2    1   1339    -4    -7     T     1.666      .030
   611  .21150E+03  .25000E+00    2    1   1341    -4    -7     T     1.724      .031
   612  .21175E+03  .25000E+00    2    1   1343    -4    -7     T     1.778      .031
   613  .21200E+03  .25000E+00    2    1   1345    -4    -7     T     1.832      .032
   614  .21225E+03  .25000E+00    2    1   1347    -4    -7     T     1.880      .033
   615  .21250E+03  .25000E+00    4    1   1351    -4    -7     T     1.885      .032
   616  .21275E+03  .25000E+00    2    1   1353    -4    -7     T     1.868      .031
   617  .21300E+03  .25000E+00    2    1   1355    -4    -7     T     1.848      .030
   618  .21325E+03  .25000E+00    2    1   1357    -4    -7     T     1.825      .030
   619  .21350E+03  .25000E+00    4    1   1361    -4    -7     T     1.837      .031
   620  .21375E+03  .25000E+00    2    1   1363    -4    -7     T     1.865      .031
   621  .21400E+03  .25000E+00    2    1   1365    -4    -7     T     1.894      .032
   622  .21425E+03  .25000E+00    2    1   1367    -4    -7     T     1.924      .032
   623  .21450E+03  .25000E+00    2    1   1369    -4    -7     T     1.957      .032
   624  .21475E+03  .25000E+00    2    1   1371    -4    -7     T     1.990      .033
   625  .21500E+03  .25000E+00    2    1   1373    -4    -7     T     2.021      .033
   626  .21510E+03  .10000E+00    2    1   1375    -4    -7     T     2.037      .013
   627  .21523E+03  .12857E+00    2    1   1377    -4    -7     T     2.052      .017
   628  .21538E+03  .15428E+00    2    1   1379    -4    -7     T     2.063      .020
   629  .21559E+03  .20571E+00    2    1   1381    -4    -7     T     2.069      .027
   630  .21579E+03  .20571E+00    2    1   1383    -4    -7     T     2.073      .027
   631  .21600E+03  .20572E+00    2    1   1385    -4    -7     T     2.076      .027
   632  .21610E+03  .10000E+00    7    1   1392    -4    -7     T     2.077      .162
   633  .21613E+03  .30000E-01    4    1   1396    -4    -7     T     2.076      .048
   634  .21616E+03  .30000E-01    3    1   1399    -4    -7     T     2.074      .048
   635  .21620E+03  .38182E-01    3    1   1402    -4    -7     T     2.071      .060
   636  .21625E+03  .50114E-01    4    1   1406    -4    -7     T     2.066      .078
   637  .21630E+03  .50114E-01    2    1   1408    -4    -7     T     2.058      .077
   638  .21636E+03  .63782E-01    4    1   1412    -4    -7     T     2.048      .097
   639  .21643E+03  .63782E-01    3    1   1415    -4    -7     T     2.036      .096
   640  .21651E+03  .82005E-01    3    1   1418    -4    -7     T     2.019      .122
   641  .21663E+03  .12301E+00    5    1   1423    -4    -7     T     1.994      .181
   642  .21675E+03  .12301E+00    4    1   1427    -4    -7     T     1.969      .179
   643  .21688E+03  .12301E+00    4    1   1431    -4    -7     T     1.945      .177
   644  .21700E+03  .12302E+00    3    1   1434    -4    -7     T     1.922      .176
   645  .21714E+03  .14286E+00    5    1   1439    -4    -7     T     1.897      .060
   646  .21729E+03  .14286E+00    4    1   1443    -4    -7     T     1.881      .032
   647  .21743E+03  .14286E+00    2    1   1445    -4    -7     T     1.871      .024
   648  .21762E+03  .19048E+00    2    1   1447    -4    -7     T     1.864      .021
   649  .21781E+03  .19048E+00    2    1   1449    -4    -7     T     1.859      .020
   650  .21800E+03  .19049E+00    2    1   1451    -4    -7     T     1.855      .020
   651  .21810E+03  .10000E+00    2    1   1453    -4    -7     T     1.852      .018
   652  .21823E+03  .12857E+00    2    1   1455    -4    -7     T     1.842      .023
   653  .21838E+03  .15428E+00    2    1   1457    -4    -7     T     1.828      .028
   654  .21859E+03  .20571E+00    2    1   1459    -4    -7     T     1.804      .037
   655  .21879E+03  .20571E+00    2    1   1461    -4    -7     T     1.781      .037
   656  .21900E+03  .20572E+00    2    1   1463    -4    -7     T     1.755      .037
   657  .21925E+03  .25000E+00    3    1   1466    -4    -7     T     1.725      .023
   658  .21950E+03  .25000E+00    2    1   1468    -4    -7     T     1.702      .023
   659  .21975E+03  .25000E+00    2    1   1470    -4    -7     T     1.680      .023
   660  .22000E+03  .25000E+00    2    1   1472    -4    -7     T     1.662      .022
   661  .22010E+03  .10000E+00    4    1   1476    -4    -7     T     1.654      .060
   662  .22020E+03  .99999E-01    2    1   1478    -4    -7     T     1.645      .059
   663  .22033E+03  .13333E+00    2    1   1480    -4    -7     T     1.630      .078
   664  .22050E+03  .16666E+00    3    1   1483    -4    -7     T     1.610      .097
   665  .22075E+03  .25000E+00    4    1   1487    -4    -7     T     1.577      .143
   666  .22100E+03  .25000E+00    2    1   1489    -4    -7     T     1.543      .142
   667  .22110E+03  .10000E+00    2    1   1491    -4    -7     T     1.530      .034
   668  .22123E+03  .12857E+00    2    1   1493    -4    -7     T     1.521      .041
   669  .22138E+03  .15428E+00    2    1   1495    -4    -7     T     1.515      .046
   670  .22159E+03  .20571E+00    2    1   1497    -4    -7     T     1.515      .061
   671  .22179E+03  .20571E+00    2    1   1499    -4    -7     T     1.517      .060
   672  .22200E+03  .20572E+00    2    1   1501    -4    -7     T     1.520      .060
   673  .22225E+03  .25000E+00    2    1   1503    -4    -7     T     1.524      .023
   674  .22250E+03  .25000E+00    2    1   1505    -4    -7     T     1.529      .020
   675  .22275E+03  .25000E+00    2    1   1507    -4    -7     T     1.533      .020
   676  .22300E+03  .25000E+00    2    1   1509    -4    -7     T     1.537      .020
   677  .22325E+03  .25000E+00    2    1   1511    -4    -7     T     1.542      .020
   678  .22350E+03  .25000E+00    2    1   1513    -4    -7     T     1.552      .021
   679  .22375E+03  .25000E+00    2    1   1515    -4    -7     T     1.562      .021
   680  .22400E+03  .25000E+00    2    1   1517    -4    -7     T     1.575      .021
   681  .22410E+03  .10000E+00    2    1   1519    -4    -7     T     1.581      .008
   682  .22423E+03  .12857E+00    2    1   1521    -4    -7     T     1.585      .011
   683  .22438E+03  .15428E+00    2    1   1523    -4    -7     T     1.588      .013
   684  .22459E+03  .20571E+00    2    1   1525    -4    -7     T     1.591      .017
   685  .22479E+03  .20571E+00    2    1   1527    -4    -7     T     1.592      .017
   686  .22500E+03  .20572E+00    2    1   1529    -4    -7     T     1.594      .017
   687  .22510E+03  .10000E+00    4    1   1533    -4    -7     T     1.594      .092
   688  .22520E+03  .99999E-01    4    1   1537    -4    -7     T     1.595      .091
   689  .22530E+03  .99998E-01    4    1   1541    -4    -7     T     1.596      .090
   690  .22540E+03  .99997E-01    3    1   1544    -4    -7     T     1.598      .089
   691  .22552E+03  .12000E+00    2    1   1546    -4    -7     T     1.599      .106
   692  .22568E+03  .16000E+00    2    1   1548    -4    -7     T     1.601      .140
   693  .22584E+03  .16000E+00    2    1   1550    -4    -7     T     1.603      .139
   694  .22600E+03  .16000E+00    2    1   1552    -4    -7     T     1.604      .138
   695  .22610E+03  .10000E+00    6    1   1558    -4    -7     T     1.605      .252
   696  .22620E+03  .99999E-01    4    1   1562    -4    -7     T     1.602      .247
   697  .22630E+03  .99998E-01    4    1   1566    -4    -7     T     1.596      .244
   698  .22640E+03  .99997E-01    4    1   1570    -4    -7     T     1.587      .240
   699  .22650E+03  .99998E-01    4    1   1574    -4    -7     T     1.576      .238
   700  .22660E+03  .10000E+00    4    1   1578    -4    -7     T     1.563      .236
   701  .22670E+03  .99998E-01    2    1   1580    -4    -7     T     1.549      .234
   702  .22685E+03  .14999E+00    4    1   1584    -4    -7     T     1.523      .348
   703  .22700E+03  .14999E+00    4    1   1588    -4    -7     T     1.489      .345
   704  .22713E+03  .12500E+00    5    1   1593    -4    -7     T     1.455      .067
   705  .22725E+03  .12500E+00    3    1   1596    -4    -7     T     1.419      .043
   706  .22744E+03  .18750E+00    3    1   1599    -4    -7     T     1.360      .040
   707  .22763E+03  .18750E+00    2    1   1601    -4    -7     T     1.297      .028
   708  .22781E+03  .18750E+00    2    1   1603    -4    -7     T     1.235      .021
   709  .22800E+03  .18750E+00    2    1   1605    -4    -7     T     1.176      .016
   710  .22810E+03  .10000E+00    6    1   1611    -4    -7     T     1.145      .248
   711  .22820E+03  .99999E-01    4    1   1615    -4    -7     T     1.115      .242
   712  .22830E+03  .99998E-01    4    1   1619    -4    -7     T     1.085      .239
   713  .22840E+03  .99997E-01    4    1   1623    -4    -7     T     1.069      .237
   714  .22850E+03  .99998E-01    3    1   1626    -4    -7     T     1.119      .235
   715  .22863E+03  .12500E+00    3    1   1629    -4    -7     T     1.176      .291
   716  .22881E+03  .18750E+00    4    1   1633    -4    -7     T     1.253      .432
   717  .22900E+03  .18750E+00    4    1   1637    -4    -7     T     1.280      .429
   718  .22910E+03  .10000E+00    4    1   1641    -4    -7     T     1.252      .189
   719  .22920E+03  .99999E-01    2    1   1643    -4    -7     T     1.224      .185
   720  .22933E+03  .13333E+00    2    1   1645    -4    -7     T     1.189      .245
   721  .22950E+03  .16666E+00    2    1   1647    -4    -7     T     1.159      .306
   722  .22975E+03  .25000E+00    2    1   1649    -4    -7     T     1.143      .457
   723  .23000E+03  .25000E+00    2    1   1651    -4    -7     T     1.120      .455
   724  .23025E+03  .25000E+00    5    1   1656    -4    -7     T      .886      .081
   725  .23050E+03  .25000E+00    3    1   1659    -4    -7     T      .817      .046
   726  .23075E+03  .25000E+00    2    1   1661    -4    -7     T      .717      .031
   727  .23100E+03  .25000E+00    2    1   1663    -4    -7     T      .608      .023
   728  .23110E+03  .10000E+00    4    1   1667    -4    -7     T      .571      .066
   729  .23120E+03  .99999E-01    2    1   1669    -4    -7     T      .549      .065
   730  .23133E+03  .13333E+00    2    1   1671    -4    -7     T      .527      .087
   731  .23150E+03  .16666E+00    2    1   1673    -4    -7     T      .489      .109
   732  .23175E+03  .25000E+00    2    1   1675    -4    -7     T      .453      .164
   733  .23200E+03  .25000E+00    2    1   1677    -4    -7     T      .468      .165
   734  .23210E+03  .10000E+00    2    1   1679    -4    -7     T      .435      .035
   735  .23223E+03  .12857E+00    2    1   1681    -4    -7     T      .394      .037
   736  .23238E+03  .15428E+00    2    1   1683    -4    -7     T      .347      .040
   737  .23259E+03  .20571E+00    2    1   1685    -4    -7     T      .304      .050
   738  .23279E+03  .20571E+00    2    1   1687    -4    -7     T      .273      .049
   739  .23300E+03  .20572E+00    2    1   1689    -4    -7     T      .251      .048
   740  .23310E+03  .10000E+00    2    1   1691    -4    -7     T      .239      .020
   741  .23323E+03  .12857E+00    2    1   1693    -4    -7     T      .228      .024
   742  .23338E+03  .15428E+00    2    1   1695    -4    -7     T      .214      .028
   743  .23359E+03  .20571E+00    2    1   1697    -4    -7     T      .196      .036
   744  .23379E+03  .20571E+00    2    1   1699    -4    -7     T      .181      .036
   745  .23400E+03  .20572E+00    2    1   1701    -4    -7     T      .171      .035
   746  .23410E+03  .10000E+00    2    1   1703    -4    -7     T      .171      .021
   747  .23423E+03  .12857E+00    2    1   1705    -4    -7     T      .171      .027
   748  .23438E+03  .15428E+00    2    1   1707    -4    -7     T      .172      .033
   749  .23459E+03  .20571E+00    2    1   1709    -4    -7     T      .172      .044
   750  .23479E+03  .20571E+00    2    1   1711    -4    -7     T      .171      .044
   751  .23500E+03  .20572E+00    2    1   1713    -4    -7     T      .170      .044
   752  .23510E+03  .10000E+00    2    1   1715    -4    -7     T      .208      .050
   753  .23523E+03  .12857E+00    2    1   1717    -4    -7     T      .244      .064
   754  .23538E+03  .15428E+00    2    1   1719    -4    -7     T      .276      .076
   755  .23559E+03  .20571E+00    2    1   1721    -4    -7     T      .299      .102
   756  .23579E+03  .20571E+00    2    1   1723    -4    -7     T      .313      .102
   757  .23600E+03  .20572E+00    2    1   1725    -4    -7     T      .322      .101
   758  .23610E+03  .10000E+00    2    1   1727    -4    -7     T      .297      .028
   759  .23623E+03  .12857E+00    2    1   1729    -4    -7     T      .272      .031
   760  .23638E+03  .15428E+00    2    1   1731    -4    -7     T      .244      .033
   761  .23659E+03  .20571E+00    2    1   1733    -4    -7     T      .218      .043
   762  .23679E+03  .20571E+00    2    1   1735    -4    -7     T      .197      .042
   763  .23700E+03  .20572E+00    2    1   1737    -4    -7     T      .183      .041
   764  .23710E+03  .10000E+00    4    1   1741    -4    -7     T      .337      .137
   765  .23720E+03  .99999E-01    3    1   1744    -4    -7     T      .483      .135
   766  .23733E+03  .13333E+00    4    1   1748    -4    -7     T      .591      .178
   767  .23747E+03  .13333E+00    3    1   1751    -4    -7     T      .647      .177
   768  .23764E+03  .17778E+00    3    1   1754    -4    -7     T      .685      .234
   769  .23782E+03  .17777E+00    2    1   1756    -4    -7     T      .718      .232
   770  .23800E+03  .17776E+00    2    1   1758    -4    -7     T      .757      .231
   771  .23810E+03  .10000E+00    4    1   1762    -4    -7     T      .700      .068
   772  .23820E+03  .99999E-01    2    1   1764    -4    -7     T      .640      .059
   773  .23833E+03  .13333E+00    2    1   1766    -4    -7     T      .579      .073
   774  .23850E+03  .16666E+00    2    1   1768    -4    -7     T      .528      .088
   775  .23875E+03  .25000E+00    2    1   1770    -4    -7     T      .485      .130
   776  .23900E+03  .25000E+00    2    1   1772    -4    -7     T      .457      .128
   777  .23910E+03  .10000E+00    2    1   1774    -4    -7     T      .423      .031
   778  .23923E+03  .12857E+00    2    1   1776    -4    -7     T      .386      .035
   779  .23938E+03  .15428E+00    2    1   1778    -4    -7     T      .348      .038
   780  .23959E+03  .20571E+00    2    1   1780    -4    -7     T      .336      .049
   781  .23979E+03  .20571E+00    2    1   1782    -4    -7     T      .318      .047
   782  .24000E+03  .20572E+00    2    1   1784    -4    -7     T      .316      .047
   783  .24025E+03  .25000E+00    2    1   1786    -4    -7     T      .311      .017
   784  .24050E+03  .25000E+00    2    1   1788    -4    -7     T      .276      .014
   785  .24075E+03  .25000E+00    2    1   1790    -4    -7     T      .231      .011
   786  .24100E+03  .25000E+00    2    1   1792    -4    -7     T      .180      .010
   787  .24125E+03  .25000E+00    2    1   1794    -4    -7     T      .144      .009
   788  .24150E+03  .25000E+00    2    1   1796    -4    -7     T      .113      .009
   789  .24175E+03  .25000E+00    2    1   1798    -4    -7     T      .122      .009
   790  .24200E+03  .25000E+00    2    1   1800    -4    -7     T      .191      .008
   791  .24210E+03  .10000E+00    2    1   1802    -4    -7     T      .218      .014
   792  .24223E+03  .12857E+00    2    1   1804    -4    -7     T      .230      .017
   793  .24238E+03  .15428E+00    2    1   1806    -4    -7     T      .245      .021
   794  .24259E+03  .20571E+00    2    1   1808    -4    -7     T      .258      .028
   795  .24279E+03  .20571E+00    2    1   1810    -4    -7     T      .271      .028
   796  .24300E+03  .20572E+00    2    1   1812    -4    -7     T      .281      .028
   797  .24310E+03  .10000E+00    2    1   1814    -4    -7     T      .287      .030
   798  .24323E+03  .12857E+00    2    1   1816    -4    -7     T      .295      .038
   799  .24338E+03  .15428E+00    2    1   1818    -4    -7     T      .306      .046
   800  .24359E+03  .20571E+00    2    1   1820    -4    -7     T      .324      .061
   801  .24379E+03  .20571E+00    2    1   1822    -4    -7     T      .339      .061
   802  .24400E+03  .20572E+00    2    1   1824    -4    -7     T      .352      .061
   803  .24410E+03  .10000E+00    2    1   1826    -4    -7     T      .358      .043
   804  .24423E+03  .12857E+00    2    1   1828    -4    -7     T      .370      .055
   805  .24438E+03  .15428E+00    2    1   1830    -4    -7     T      .385      .066
   806  .24459E+03  .20571E+00    2    1   1832    -4    -7     T      .406      .087
   807  .24479E+03  .20571E+00    2    1   1834    -4    -7     T      .425      .087
   808  .24500E+03  .20572E+00    2    1   1836    -4    -7     T      .444      .087
   809  .24525E+03  .25000E+00    4    1   1840    -4    -7     T      .464      .027
   810  .24550E+03  .25000E+00    2    1   1842    -4    -7     T      .486      .016
   811  .24575E+03  .25000E+00    2    1   1844    -4    -7     T      .513      .011
   812  .24600E+03  .25000E+00    2    1   1846    -4    -7     T      .541      .009
   813  .24625E+03  .25000E+00    2    1   1848    -4    -7     T      .572      .008
   814  .24650E+03  .25000E+00    2    1   1850    -4    -7     T      .614      .009
   815  .24675E+03  .25000E+00    2    1   1852    -4    -7     T      .659      .009
   816  .24700E+03  .25000E+00    2    1   1854    -4    -7     T      .705      .010
   817  .24710E+03  .10000E+00    2    1   1856    -4    -7     T      .724      .006
   818  .24723E+03  .12857E+00    2    1   1858    -4    -7     T      .740      .008
   819  .24738E+03  .15428E+00    2    1   1860    -4    -7     T      .757      .010
   820  .24759E+03  .20571E+00    2    1   1862    -4    -7     T      .772      .013
   821  .24779E+03  .20571E+00    2    1   1864    -4    -7     T      .786      .013
   822  .24800E+03  .20572E+00    2    1   1866    -4    -7     T      .798      .013
   823  .24810E+03  .10000E+00    2    1   1868    -4    -7     T      .804      .011
   824  .24823E+03  .12857E+00    2    1   1870    -4    -7     T      .806      .015
   825  .24838E+03  .15428E+00    2    1   1872    -4    -7     T      .805      .017
   826  .24859E+03  .20571E+00    2    1   1874    -4    -7     T      .800      .023
   827  .24879E+03  .20571E+00    2    1   1876    -4    -7     T      .793      .023
   828  .24900E+03  .20572E+00    2    1   1878    -4    -7     T      .785      .023
   829  .24925E+03  .25000E+00    3    1   1881    -4    -7     T      .775      .009
   830  .24950E+03  .25000E+00    2    1   1883    -4    -7     T      .771      .009
   831  .24975E+03  .25000E+00    2    1   1885    -4    -7     T      .769      .009
   832  .25000E+03  .25000E+00    2    1   1887    -4    -7     T      .769      .009
   833  .25025E+03  .25000E+00    2    1   1889    -4    -7     T      .770      .009
   834  .25050E+03  .25000E+00    2    1   1891    -4    -7     T      .784      .010
   835  .25075E+03  .25000E+00    2    1   1893    -4    -7     T      .799      .010
   836  .25100E+03  .25000E+00    2    1   1895    -4    -7     T      .819      .011
   837  .25125E+03  .25000E+00    2    1   1897    -4    -7     T      .839      .011
   838  .25150E+03  .25000E+00    2    1   1899    -4    -7     T      .860      .011
   839  .25175E+03  .25000E+00    2    1   1901    -4    -7     T      .880      .012
   840  .25200E+03  .25000E+00    2    1   1903    -4    -7     T      .901      .012
   841  .25225E+03  .25000E+00    2    1   1905    -4    -7     T      .920      .012
   842  .25250E+03  .25000E+00    2    1   1907    -4    -7     T      .942      .013
   843  .25275E+03  .25000E+00    2    1   1909    -4    -7     T      .963      .013
   844  .25300E+03  .25000E+00    2    1   1911    -4    -7     T      .984      .013
   845  .25325E+03  .25000E+00    2    1   1913    -4    -7     T     1.004      .013
   846  .25350E+03  .25000E+00    2    1   1915    -4    -7     T     1.019      .013
   847  .25375E+03  .25000E+00    2    1   1917    -4    -7     T     1.033      .014
   848  .25400E+03  .25000E+00    2    1   1919    -4    -7     T     1.045      .014
   849  .25425E+03  .25000E+00    2    1   1921    -4    -7     T     1.056      .014
   850  .25450E+03  .25000E+00    2    1   1923    -4    -7     T     1.061      .014
   851  .25475E+03  .25000E+00    2    1   1925    -4    -7     T     1.066      .014
   852  .25500E+03  .25000E+00    2    1   1927    -4    -7     T     1.068      .014
   853  .25525E+03  .25000E+00    2    1   1929    -4    -7     T     1.071      .014
   854  .25550E+03  .25000E+00    2    1   1931    -4    -7     T     1.071      .013
   855  .25575E+03  .25000E+00    2    1   1933    -4    -7     T     1.072      .013
   856  .25600E+03  .25000E+00    2    1   1935    -4    -7     T     1.072      .013
   857  .25625E+03  .25000E+00    2    1   1937    -4    -7     T     1.072      .013
   858  .25650E+03  .25000E+00    2    1   1939    -4    -7     T     1.074      .013
   859  .25675E+03  .25000E+00    2    1   1941    -4    -7     T     1.075      .013
   860  .25700E+03  .25000E+00    2    1   1943    -4    -7     T     1.077      .013
   861  .25725E+03  .25000E+00    2    1   1945    -4    -7     T     1.081      .013
   862  .25750E+03  .25000E+00    2    1   1947    -4    -7     T     1.094      .014
   863  .25775E+03  .25000E+00    2    1   1949    -4    -7     T     1.106      .014
   864  .25800E+03  .25000E+00    2    1   1951    -4    -7     T     1.121      .014
   865  .25825E+03  .25000E+00    2    1   1953    -4    -7     T     1.136      .014
   866  .25850E+03  .25000E+00    2    1   1955    -4    -7     T     1.143      .014
   867  .25875E+03  .25000E+00    2    1   1957    -4    -7     T     1.149      .014
   868  .25900E+03  .25000E+00    2    1   1959    -4    -7     T     1.152      .014
   869  .25925E+03  .25000E+00    2    1   1961    -4    -7     T     1.155      .014
   870  .25950E+03  .25000E+00    2    1   1963    -4    -7     T     1.163      .014
   871  .25975E+03  .25000E+00    2    1   1965    -4    -7     T     1.171      .014
   872  .26000E+03  .25000E+00    2    1   1967    -4    -7     T     1.181      .015
   873  .26025E+03  .25000E+00    2    1   1969    -4    -7     T     1.191      .015
   874  .26050E+03  .25000E+00    2    1   1971    -4    -7     T     1.196      .015
   875  .26075E+03  .25000E+00    2    1   1973    -4    -7     T     1.200      .015
   876  .26100E+03  .25000E+00    2    1   1975    -4    -7     T     1.201      .015
   877  .26125E+03  .25000E+00    2    1   1977    -4    -7     T     1.203      .014
   878  .26150E+03  .25000E+00    2    1   1979    -4    -7     T     1.212      .015
   879  .26175E+03  .25000E+00    2    1   1981    -4    -7     T     1.223      .015
   880  .26200E+03  .25000E+00    2    1   1983    -4    -7     T     1.236      .015
   881  .26210E+03  .10000E+00    4    1   1987    -4    -7     T     1.241      .102
   882  .26220E+03  .99999E-01    4    1   1991    -4    -7     T     1.247      .101
   883  .26230E+03  .99998E-01    4    1   1995    -4    -7     T     1.254      .099
   884  .26240E+03  .99997E-01    2    1   1997    -4    -7     T     1.261      .099
   885  .26252E+03  .12000E+00    2    1   1999    -4    -7     T     1.269      .117
   886  .26268E+03  .15999E+00    3    1   2002    -4    -7     T     1.279      .155
   887  .26284E+03  .15999E+00    3    1   2005    -4    -7     T     1.289      .154
   888  .26300E+03  .15997E+00    2    1   2007    -4    -7     T     1.297      .153
   889  .26310E+03  .10000E+00    4    1   2011    -4    -7     T     1.302      .140
   890  .26320E+03  .99999E-01    3    1   2014    -4    -7     T     1.305      .139
   891  .26333E+03  .13333E+00    3    1   2017    -4    -7     T     1.305      .183
   892  .26350E+03  .16666E+00    3    1   2020    -4    -7     T     1.300      .227
   893  .26375E+03  .25000E+00    4    1   2024    -4    -7     T     1.282      .336
   894  .26400E+03  .25000E+00    4    1   2028    -4    -7     T     1.251      .334
   895  .26420E+03  .20000E+00    4    1   2032    -4    -7     T     1.220      .060
   896  .26440E+03  .20000E+00    3    1   2035    -4    -7     T     1.189      .035
   897  .26465E+03  .25000E+00    2    1   2037    -4    -7     T     1.148      .027
   898  .26483E+03  .17499E+00    2    1   2039    -4    -7     T     1.120      .014
   899  .26500E+03  .17499E+00    2    1   2041    -4    -7     T     1.093      .011
   900  .26525E+03  .25000E+00    2    1   2043    -4    -7     T     1.059      .013
   901  .26550E+03  .25000E+00    2    1   2045    -4    -7     T     1.028      .010
   902  .26575E+03  .25000E+00    2    1   2047    -4    -7     T     1.002      .009
   903  .26600E+03  .25000E+00    2    1   2049    -4    -7     T      .982      .008
   904  .26625E+03  .25000E+00    2    1   2051    -4    -7     T      .968      .008
   905  .26650E+03  .25000E+00    2    1   2053    -4    -7     T      .958      .008
   906  .26675E+03  .25000E+00    2    1   2055    -4    -7     T      .952      .008
   907  .26700E+03  .25000E+00    2    1   2057    -4    -7     T      .950      .009
   908  .26725E+03  .25000E+00    2    1   2059    -4    -7     T      .951      .009
   909  .26750E+03  .25000E+00    2    1   2061    -4    -7     T      .954      .009
   910  .26775E+03  .25000E+00    2    1   2063    -4    -7     T      .959      .010
   911  .26800E+03  .25000E+00    2    1   2065    -4    -7     T      .966      .010
   912  .26810E+03  .10000E+00    5    1   2070    -4    -7     T      .969      .147
   913  .26820E+03  .99999E-01    4    1   2074    -4    -7     T      .970      .145
   914  .26830E+03  .99998E-01    4    1   2078    -4    -7     T      .970      .143
   915  .26840E+03  .99997E-01    3    1   2081    -4    -7     T      .969      .141
   916  .26852E+03  .12000E+00    3    1   2084    -4    -7     T      .965      .167
   917  .26868E+03  .15999E+00    4    1   2088    -4    -7     T      .958      .221
   918  .26884E+03  .15999E+00    3    1   2091    -4    -7     T      .947      .219
   919  .26900E+03  .15997E+00    3    1   2094    -4    -7     T      .932      .217
   920  .26910E+03  .10000E+00    4    1   2098    -4    -7     T      .920      .051
   921  .26920E+03  .99999E-01    2    1   2100    -4    -7     T      .911      .037
   922  .26933E+03  .13333E+00    2    1   2102    -4    -7     T      .899      .040
   923  .26950E+03  .16666E+00    2    1   2104    -4    -7     T      .884      .044
   924  .26975E+03  .25000E+00    2    1   2106    -4    -7     T      .862      .060
   925  .27000E+03  .25000E+00    2    1   2108    -4    -7     T      .842      .056
   926  .27025E+03  .25000E+00    2    1   2110    -4    -7     T      .824      .021
   927  .27050E+03  .25000E+00    2    1   2112    -4    -7     T      .802      .014
   928  .27075E+03  .25000E+00    2    1   2114    -4    -7     T      .784      .010
   929  .27100E+03  .25000E+00    2    1   2116    -4    -7     T      .768      .009
   930  .27125E+03  .25000E+00    2    1   2118    -4    -7     T      .757      .007
   931  .27150E+03  .25000E+00    2    1   2120    -4    -7     T      .756      .007
   932  .27175E+03  .25000E+00    2    1   2122    -4    -7     T      .761      .007
   933  .27200E+03  .25000E+00    2    1   2124    -4    -7     T      .772      .007
   934  .27210E+03  .10000E+00    6    1   2130    -4    -7     T      .777      .275
   935  .27220E+03  .99999E-01    5    1   2135    -4    -7     T      .777      .267
   936  .27230E+03  .99998E-01    5    1   2140    -4    -7     T      .983      .262
   937  .27240E+03  .99997E-01    4    1   2144    -4    -7     T     1.127      .258
   938  .27250E+03  .99996E-01    4    1   2148    -4    -7     T     1.188      .255
   939  .27260E+03  .99994E-01    4    1   2152    -4    -7     T     1.231      .253
   940  .27270E+03  .99991E-01    4    1   2156    -4    -7     T     1.250      .251
   941  .27280E+03  .99996E-01    3    1   2159    -4    -7     T     1.302      .249
   942  .27290E+03  .99991E-01    3    1   2162    -4    -7     T     1.350      .247
   943  .27300E+03  .99976E-01    2    1   2164    -4    -7     T     1.375      .246
end
 
 Real time [sec]       9.000000000000000
