 ******* Program HYDRUS
 ******* Physical equilibrium transport of chloride (verification problem 1)    
  
 Date:  30.10.    Time:   9:22:59
 Units: L = cm   , T = days , M = mmol 

-----------------------------------------------------
 Time       [T]         .0000
-----------------------------------------------------
 Sub-region num.                   1
-----------------------------------------------------
 Area     [L]         .200E+02   .200E+02
 W-volume [L]         .100E+02   .100E+02
 In-flow  [L/T]       .000E+00   .000E+00
 h Mean   [L]         .000E+00   .000E+00
 ConcVol  [M/L2] 1    .100E-05   .100E-05
 cMean    [M/L3] 1    .100E-06   .100E-06
 ConcVol  [M/L2] 2    .200E-05   .200E-05
 cMean    [M/L3] 2    .200E-06   .200E-06
 ConcVol  [M/L2] 3    .000E+00   .000E+00
 cMean    [M/L3] 3    .000E+00   .000E+00
 Top Flux [L/T]      -.100E+01
 Bot Flux [L/T]      -.100E+01
-----------------------------------------------------

-----------------------------------------------------
 Time       [T]        5.0000
-----------------------------------------------------
 Sub-region num.                   1
-----------------------------------------------------
 Area     [L]         .200E+02   .200E+02
 ConcVol  [M/L2] 1    .101E-05   .101E-05
 cMean    [M/L3] 1    .101E-06   .101E-06
 ConcVol  [M/L2] 2    .203E-05   .203E-05
 cMean    [M/L3] 2    .203E-06   .203E-06
 ConcVol  [M/L2] 3    .466E-02   .466E-02
 cMean    [M/L3] 3    .466E-03   .466E-03
 CncBalT  [M]    1    .218E-09
 CncBalR  [%]    1        .021
 CncBalT  [M]    2    .332E-09
 CncBalR  [%]    2        .016
 CncBalT  [M]    3    .662E-04
 CncBalR  [%]    3       1.225
-----------------------------------------------------

-----------------------------------------------------
 Time       [T]       10.0000
-----------------------------------------------------
 Sub-region num.                   1
-----------------------------------------------------
 Area     [L]         .200E+02   .200E+02
 ConcVol  [M/L2] 1    .102E-05   .102E-05
 cMean    [M/L3] 1    .102E-06   .102E-06
 ConcVol  [M/L2] 2    .204E-05   .204E-05
 cMean    [M/L3] 2    .204E-06   .204E-06
 ConcVol  [M/L2] 3    .742E-02   .742E-02
 cMean    [M/L3] 3    .742E-03   .742E-03
 CncBalT  [M]    1    .434E-09
 CncBalR  [%]    1        .021
 CncBalT  [M]    2    .797E-09
 CncBalR  [%]    2        .020
 CncBalT  [M]    3    .159E-03
 CncBalR  [%]    3       1.245
-----------------------------------------------------

-----------------------------------------------------
 Time       [T]       15.0000
-----------------------------------------------------
 Sub-region num.                   1
-----------------------------------------------------
 Area     [L]         .200E+02   .200E+02
 ConcVol  [M/L2] 1    .102E-05   .102E-05
 cMean    [M/L3] 1    .102E-06   .102E-06
 ConcVol  [M/L2] 2    .205E-05   .205E-05
 cMean    [M/L3] 2    .205E-06   .205E-06
 ConcVol  [M/L2] 3    .876E-02   .876E-02
 cMean    [M/L3] 3    .876E-03   .876E-03
 CncBalT  [M]    1    .539E-09
 CncBalR  [%]    1        .018
 CncBalT  [M]    2    .103E-08
 CncBalR  [%]    2        .017
 CncBalT  [M]    3    .206E-03
 CncBalR  [%]    3        .961
-----------------------------------------------------

-----------------------------------------------------
 Time       [T]       20.0000
-----------------------------------------------------
 Sub-region num.                   1
-----------------------------------------------------
 Area     [L]         .200E+02   .200E+02
 ConcVol  [M/L2] 1    .103E-05   .103E-05
 cMean    [M/L3] 1    .103E-06   .103E-06
 ConcVol  [M/L2] 2    .205E-05   .205E-05
 cMean    [M/L3] 2    .205E-06   .205E-06
 ConcVol  [M/L2] 3    .941E-02   .941E-02
 cMean    [M/L3] 3    .941E-03   .941E-03
 CncBalT  [M]    1    .588E-09
 CncBalR  [%]    1        .014
 CncBalT  [M]    2    .114E-08
 CncBalR  [%]    2        .014
 CncBalT  [M]    3    .229E-03
 CncBalR  [%]    3        .743
-----------------------------------------------------

-----------------------------------------------------
 Time       [T]       25.0000
-----------------------------------------------------
 Sub-region num.                   1
-----------------------------------------------------
 Area     [L]         .200E+02   .200E+02
 ConcVol  [M/L2] 1    .103E-05   .103E-05
 cMean    [M/L3] 1    .103E-06   .103E-06
 ConcVol  [M/L2] 2    .205E-05   .205E-05
 cMean    [M/L3] 2    .205E-06   .205E-06
 ConcVol  [M/L2] 3    .972E-02   .972E-02
 cMean    [M/L3] 3    .972E-03   .972E-03
 CncBalT  [M]    1    .611E-09
 CncBalR  [%]    1        .012
 CncBalT  [M]    2    .119E-08
 CncBalR  [%]    2        .012
 CncBalT  [M]    3    .240E-03
 CncBalR  [%]    3        .592
-----------------------------------------------------

-----------------------------------------------------
 Time       [T]       30.0000
-----------------------------------------------------
 Sub-region num.                   1
-----------------------------------------------------
 Area     [L]         .200E+02   .200E+02
 ConcVol  [M/L2] 1    .103E-05   .103E-05
 cMean    [M/L3] 1    .103E-06   .103E-06
 ConcVol  [M/L2] 2    .205E-05   .205E-05
 cMean    [M/L3] 2    .205E-06   .205E-06
 ConcVol  [M/L2] 3    .986E-02   .986E-02
 cMean    [M/L3] 3    .986E-03   .986E-03
 CncBalT  [M]    1    .623E-09
 CncBalR  [%]    1        .010
 CncBalT  [M]    2    .122E-08
 CncBalR  [%]    2        .010
 CncBalT  [M]    3    .245E-03
 CncBalR  [%]    3        .487
-----------------------------------------------------

-----------------------------------------------------
 Time       [T]       35.0000
-----------------------------------------------------
 Sub-region num.                   1
-----------------------------------------------------
 Area     [L]         .200E+02   .200E+02
 ConcVol  [M/L2] 1    .104E-05   .104E-05
 cMean    [M/L3] 1    .104E-06   .104E-06
 ConcVol  [M/L2] 2    .208E-05   .208E-05
 cMean    [M/L3] 2    .208E-06   .208E-06
 ConcVol  [M/L2] 3    .993E-02   .993E-02
 cMean    [M/L3] 3    .993E-03   .993E-03
 CncBalT  [M]    1    .649E-09
 CncBalR  [%]    1        .009
 CncBalT  [M]    2    .127E-08
 CncBalR  [%]    2        .009
 CncBalT  [M]    3    .248E-03
 CncBalR  [%]    3        .411
-----------------------------------------------------

-----------------------------------------------------
 Time       [T]       40.0000
-----------------------------------------------------
 Sub-region num.                   1
-----------------------------------------------------
 Area     [L]         .200E+02   .200E+02
 ConcVol  [M/L2] 1    .120E-05   .120E-05
 cMean    [M/L3] 1    .120E-06   .120E-06
 ConcVol  [M/L2] 2    .239E-05   .239E-05
 cMean    [M/L3] 2    .239E-06   .239E-06
 ConcVol  [M/L2] 3    .997E-02   .997E-02
 cMean    [M/L3] 3    .997E-03   .997E-03
 CncBalT  [M]    1    .308E-08
 CncBalR  [%]    1        .038
 CncBalT  [M]    2    .614E-08
 CncBalR  [%]    2        .037
 CncBalT  [M]    3    .249E-03
 CncBalR  [%]    3        .354
-----------------------------------------------------

-----------------------------------------------------
 Time       [T]       45.0000
-----------------------------------------------------
 Sub-region num.                   1
-----------------------------------------------------
 Area     [L]         .200E+02   .200E+02
 ConcVol  [M/L2] 1    .146E-05   .146E-05
 cMean    [M/L3] 1    .146E-06   .146E-06
 ConcVol  [M/L2] 2    .292E-05   .292E-05
 cMean    [M/L3] 2    .292E-06   .292E-06
 ConcVol  [M/L2] 3    .999E-02   .999E-02
 cMean    [M/L3] 3    .999E-03   .999E-03
 CncBalT  [M]    1    .509E-08
 CncBalR  [%]    1        .054
 CncBalT  [M]    2    .102E-07
 CncBalR  [%]    2        .054
 CncBalT  [M]    3    .249E-03
 CncBalR  [%]    3        .311
-----------------------------------------------------

-----------------------------------------------------
 Time       [T]       50.0000
-----------------------------------------------------
 Sub-region num.                   1
-----------------------------------------------------
 Area     [L]         .200E+02   .200E+02
 ConcVol  [M/L2] 1    .159E-05   .159E-05
 cMean    [M/L3] 1    .159E-06   .159E-06
 ConcVol  [M/L2] 2    .318E-05   .318E-05
 cMean    [M/L3] 2    .318E-06   .318E-06
 ConcVol  [M/L2] 3    .999E-02   .999E-02
 cMean    [M/L3] 3    .999E-03   .999E-03
 CncBalT  [M]    1   -.151E-08
 CncBalR  [%]    1        .014
 CncBalT  [M]    2   -.304E-08
 CncBalR  [%]    2        .014
 CncBalT  [M]    3    .250E-03
 CncBalR  [%]    3        .277
-----------------------------------------------------
