 ******* Program HYDRUS
 ******* Physical equilibrium transport of chloride (verification problem 1)    
  
 Date:  30.10.    Time:   9:22:59
 Units: L = cm   , T = days , M = mmol 


  TLevel   Time         dt     ItrW ItrC  ItCum  KodT  KodB Converg Peclet   Courant

        17  .25000E+00  .41113E-01      1      1        17     1     1     F      .125      .082
        20  .50000E+00  .93750E-01      1      1        20     1     1     F      .125      .188
        22  .75000E+00  .12500E+00      1      1        22     1     1     F      .126      .250
        24  .10000E+01  .12500E+00      1      1        24     1     1     F      .126      .250
        25  .12500E+01  .25000E+00      1      1        25     1     1     F      .126      .500
        26  .15000E+01  .25000E+00      1      1        26     1     1     F      .126      .500
        27  .17500E+01  .25000E+00      1      1        27     1     1     F      .126      .500
        28  .20000E+01  .25000E+00      1      1        28     1     1     F      .126      .500
        29  .22500E+01  .25000E+00      1      1        29     1     1     F      .126      .500
        30  .25000E+01  .25000E+00      1      1        30     1     1     F      .126      .500
        31  .27500E+01  .25000E+00      1      1        31     1     1     F      .126      .500
        32  .30000E+01  .25000E+00      1      1        32     1     1     F      .126      .500
        33  .32500E+01  .25000E+00      1      1        33     1     1     F      .126      .500
        34  .35000E+01  .25000E+00      1      1        34     1     1     F      .126      .500
        35  .37500E+01  .25000E+00      1      1        35     1     1     F      .126      .500
        36  .40000E+01  .25000E+00      1      1        36     1     1     F      .126      .500
        37  .42500E+01  .25000E+00      1      1        37     1     1     F      .126      .500
        38  .45000E+01  .25000E+00      1      1        38     1     1     F      .126      .500
        39  .47500E+01  .25000E+00      1      1        39     1     1     F      .126      .500
        40  .50000E+01  .25000E+00      1      1        40     1     1     F      .126      .500
        41  .52500E+01  .25000E+00      1      1        41     1     1     F      .126      .500
        42  .55000E+01  .25000E+00      1      1        42     1     1     F      .126      .500
        43  .57500E+01  .25000E+00      1      1        43     1     1     F      .126      .500
        44  .60000E+01  .25000E+00      1      1        44     1     1     F      .126      .500
        45  .62500E+01  .25000E+00      1      1        45     1     1     F      .126      .500
        46  .65000E+01  .25000E+00      1      1        46     1     1     F      .126      .500
        47  .67500E+01  .25000E+00      1      1        47     1     1     F      .126      .500
        48  .70000E+01  .25000E+00      1      1        48     1     1     F      .126      .500
        49  .72500E+01  .25000E+00      1      1        49     1     1     F      .126      .500
        50  .75000E+01  .25000E+00      1      1        50     1     1     F      .126      .500
        51  .77500E+01  .25000E+00      1      1        51     1     1     F      .126      .500
        52  .80000E+01  .25000E+00      1      1        52     1     1     F      .126      .500
        53  .82500E+01  .25000E+00      1      1        53     1     1     F      .126      .500
        54  .85000E+01  .25000E+00      1      1        54     1     1     F      .126      .500
        55  .87500E+01  .25000E+00      1      1        55     1     1     F      .126      .500
        56  .90000E+01  .25000E+00      1      1        56     1     1     F      .126      .500
        57  .92500E+01  .25000E+00      1      1        57     1     1     F      .126      .500
        58  .95000E+01  .25000E+00      1      1        58     1     1     F      .126      .500
        59  .97500E+01  .25000E+00      1      1        59     1     1     F      .126      .500
        60  .10000E+02  .25000E+00      1      1        60     1     1     F      .126      .500
        61  .10250E+02  .25000E+00      1      1        61     1     1     F      .126      .500
        62  .10500E+02  .25000E+00      1      1        62     1     1     F      .126      .500
        63  .10750E+02  .25000E+00      1      1        63     1     1     F      .126      .500
        64  .11000E+02  .25000E+00      1      1        64     1     1     F      .126      .500
        65  .11250E+02  .25000E+00      1      1        65     1     1     F      .126      .500
        66  .11500E+02  .25000E+00      1      1        66     1     1     F      .126      .500
        67  .11750E+02  .25000E+00      1      1        67     1     1     F      .126      .500
        68  .12000E+02  .25000E+00      1      1        68     1     1     F      .126      .500
        69  .12250E+02  .25000E+00      1      1        69     1     1     F      .126      .500
        70  .12500E+02  .25000E+00      1      1        70     1     1     F      .126      .500
        71  .12750E+02  .25000E+00      1      1        71     1     1     F      .126      .500
        72  .13000E+02  .25000E+00      1      1        72     1     1     F      .126      .500
        73  .13250E+02  .25000E+00      1      1        73     1     1     F      .126      .500
        74  .13500E+02  .25000E+00      1      1        74     1     1     F      .126      .500
        75  .13750E+02  .25000E+00      1      1        75     1     1     F      .126      .500
        76  .14000E+02  .25000E+00      1      1        76     1     1     F      .126      .500
        77  .14250E+02  .25000E+00      1      1        77     1     1     F      .126      .500
        78  .14500E+02  .25000E+00      1      1        78     1     1     F      .126      .500
        79  .14750E+02  .25000E+00      1      1        79     1     1     F      .126      .500
        80  .15000E+02  .25000E+00      1      1        80     1     1     F      .126      .500
        81  .15250E+02  .25000E+00      1      1        81     1     1     F      .126      .500
        82  .15500E+02  .25000E+00      1      1        82     1     1     F      .126      .500
        83  .15750E+02  .25000E+00      1      1        83     1     1     F      .126      .500
        84  .16000E+02  .25000E+00      1      1        84     1     1     F      .126      .500
        85  .16250E+02  .25000E+00      1      1        85     1     1     F      .126      .500
        86  .16500E+02  .25000E+00      1      1        86     1     1     F      .126      .500
        87  .16750E+02  .25000E+00      1      1        87     1     1     F      .126      .500
        88  .17000E+02  .25000E+00      1      1        88     1     1     F      .126      .500
        89  .17250E+02  .25000E+00      1      1        89     1     1     F      .126      .500
        90  .17500E+02  .25000E+00      1      1        90     1     1     F      .126      .500
        91  .17750E+02  .25000E+00      1      1        91     1     1     F      .126      .500
        92  .18000E+02  .25000E+00      1      1        92     1     1     F      .126      .500
        93  .18250E+02  .25000E+00      1      1        93     1     1     F      .126      .500
        94  .18500E+02  .25000E+00      1      1        94     1     1     F      .126      .500
        95  .18750E+02  .25000E+00      1      1        95     1     1     F      .126      .500
        96  .19000E+02  .25000E+00      1      1        96     1     1     F      .126      .500
        97  .19250E+02  .25000E+00      1      1        97     1     1     F      .126      .500
        98  .19500E+02  .25000E+00      1      1        98     1     1     F      .126      .500
        99  .19750E+02  .25000E+00      1      1        99     1     1     F      .126      .500
       100  .20000E+02  .25000E+00      1      1       100     1     1     F      .126      .500
       101  .20250E+02  .25000E+00      1      1       101     1     1     F      .126      .500
       102  .20500E+02  .25000E+00      1      1       102     1     1     F      .126      .500
       103  .20750E+02  .25000E+00      1      1       103     1     1     F      .126      .500
       104  .21000E+02  .25000E+00      1      1       104     1     1     F      .126      .500
       105  .21250E+02  .25000E+00      1      1       105     1     1     F      .126      .500
       106  .21500E+02  .25000E+00      1      1       106     1     1     F      .126      .500
       107  .21750E+02  .25000E+00      1      1       107     1     1     F      .126      .500
       108  .22000E+02  .25000E+00      1      1       108     1     1     F      .126      .500
       109  .22250E+02  .25000E+00      1      1       109     1     1     F      .126      .500
       110  .22500E+02  .25000E+00      1      1       110     1     1     F      .126      .500
       111  .22750E+02  .25000E+00      1      1       111     1     1     F      .126      .500
       112  .23000E+02  .25000E+00      1      1       112     1     1     F      .126      .500
       113  .23250E+02  .25000E+00      1      1       113     1     1     F      .126      .500
       114  .23500E+02  .25000E+00      1      1       114     1     1     F      .126      .500
       115  .23750E+02  .25000E+00      1      1       115     1     1     F      .126      .500
       116  .24000E+02  .25000E+00      1      1       116     1     1     F      .126      .500
       117  .24250E+02  .25000E+00      1      1       117     1     1     F      .126      .500
       118  .24500E+02  .25000E+00      1      1       118     1     1     F      .126      .500
       119  .24750E+02  .25000E+00      1      1       119     1     1     F      .126      .500
       120  .25000E+02  .25000E+00      1      1       120     1     1     F      .126      .500
       121  .25250E+02  .25000E+00      1      1       121     1     1     F      .126      .500
       122  .25500E+02  .25000E+00      1      1       122     1     1     F      .126      .500
       123  .25750E+02  .25000E+00      1      1       123     1     1     F      .126      .500
       124  .26000E+02  .25000E+00      1      1       124     1     1     F      .126      .500
       125  .26250E+02  .25000E+00      1      1       125     1     1     F      .126      .500
       126  .26500E+02  .25000E+00      1      1       126     1     1     F      .126      .500
       127  .26750E+02  .25000E+00      1      1       127     1     1     F      .126      .500
       128  .27000E+02  .25000E+00      1      1       128     1     1     F      .126      .500
       129  .27250E+02  .25000E+00      1      1       129     1     1     F      .126      .500
       130  .27500E+02  .25000E+00      1      1       130     1     1     F      .126      .500
       131  .27750E+02  .25000E+00      1      1       131     1     1     F      .126      .500
       132  .28000E+02  .25000E+00      1      1       132     1     1     F      .126      .500
       133  .28250E+02  .25000E+00      1      1       133     1     1     F      .126      .500
       134  .28500E+02  .25000E+00      1      1       134     1     1     F      .126      .500
       135  .28750E+02  .25000E+00      1      1       135     1     1     F      .126      .500
       136  .29000E+02  .25000E+00      1      1       136     1     1     F      .126      .500
       137  .29250E+02  .25000E+00      1      1       137     1     1     F      .126      .500
       138  .29500E+02  .25000E+00      1      1       138     1     1     F      .126      .500
       139  .29750E+02  .25000E+00      1      1       139     1     1     F      .126      .500
       140  .30000E+02  .25000E+00      1      1       140     1     1     F      .126      .500
       141  .30250E+02  .25000E+00      1      1       141     1     1     F      .126      .500
       142  .30500E+02  .25000E+00      1      1       142     1     1     F      .126      .500
       143  .30750E+02  .25000E+00      1      1       143     1     1     F      .126      .500
       144  .31000E+02  .25000E+00      1      1       144     1     1     F      .126      .500
       145  .31250E+02  .25000E+00      1      1       145     1     1     F      .126      .500
       146  .31500E+02  .25000E+00      1      1       146     1     1     F      .126      .500
       147  .31750E+02  .25000E+00      1      1       147     1     1     F      .126      .500
       148  .32000E+02  .25000E+00      1      1       148     1     1     F      .126      .500
       149  .32250E+02  .25000E+00      1      1       149     1     1     F      .126      .500
       150  .32500E+02  .25000E+00      1      1       150     1     1     F      .126      .500
       151  .32750E+02  .25000E+00      1      1       151     1     1     F      .126      .500
       152  .33000E+02  .25000E+00      1      1       152     1     1     F      .126      .500
       153  .33250E+02  .25000E+00      1      1       153     1     1     F      .126      .500
       154  .33500E+02  .25000E+00      1      1       154     1     1     F      .126      .500
       155  .33750E+02  .25000E+00      1      1       155     1     1     F      .126      .500
       156  .34000E+02  .25000E+00      1      1       156     1     1     F      .126      .500
       157  .34250E+02  .25000E+00      1      1       157     1     1     F      .126      .500
       158  .34500E+02  .25000E+00      1      1       158     1     1     F      .126      .500
       159  .34750E+02  .25000E+00      1      1       159     1     1     F      .126      .500
       160  .35000E+02  .25000E+00      1      1       160     1     1     F      .126      .500
       161  .35250E+02  .25000E+00      1      1       161     1     1     F      .126      .500
       162  .35500E+02  .25000E+00      1      1       162     1     1     F      .126      .500
       163  .35750E+02  .25000E+00      1      1       163     1     1     F      .126      .500
       164  .36000E+02  .25000E+00      1      1       164     1     1     F      .126      .500
       165  .36250E+02  .25000E+00      1      1       165     1     1     F      .126      .500
       166  .36500E+02  .25000E+00      1      1       166     1     1     F      .126      .500
       167  .36750E+02  .25000E+00      1      1       167     1     1     F      .126      .500
       168  .37000E+02  .25000E+00      1      1       168     1     1     F      .126      .500
       169  .37250E+02  .25000E+00      1      1       169     1     1     F      .126      .500
       170  .37500E+02  .25000E+00      1      1       170     1     1     F      .126      .500
       171  .37750E+02  .25000E+00      1      1       171     1     1     F      .126      .500
       172  .38000E+02  .25000E+00      1      1       172     1     1     F      .126      .500
       173  .38250E+02  .25000E+00      1      1       173     1     1     F      .126      .500
       174  .38500E+02  .25000E+00      1      1       174     1     1     F      .126      .500
       175  .38750E+02  .25000E+00      1      1       175     1     1     F      .126      .500
       176  .39000E+02  .25000E+00      1      1       176     1     1     F      .126      .500
       177  .39250E+02  .25000E+00      1      1       177     1     1     F      .126      .500
       178  .39500E+02  .25000E+00      1      1       178     1     1     F      .126      .500
       179  .39750E+02  .25000E+00      1      1       179     1     1     F      .126      .500
       180  .40000E+02  .25000E+00      1      1       180     1     1     F      .126      .500
       181  .40250E+02  .25000E+00      1      1       181     1     1     F      .126      .500
       182  .40500E+02  .25000E+00      1      1       182     1     1     F      .126      .500
       183  .40750E+02  .25000E+00      1      1       183     1     1     F      .126      .500
       184  .41000E+02  .25000E+00      1      1       184     1     1     F      .126      .500
       185  .41250E+02  .25000E+00      1      1       185     1     1     F      .126      .500
       186  .41500E+02  .25000E+00      1      1       186     1     1     F      .126      .500
       187  .41750E+02  .25000E+00      1      1       187     1     1     F      .126      .500
       188  .42000E+02  .25000E+00      1      1       188     1     1     F      .126      .500
       189  .42250E+02  .25000E+00      1      1       189     1     1     F      .126      .500
       190  .42500E+02  .25000E+00      1      1       190     1     1     F      .126      .500
       191  .42750E+02  .25000E+00      1      1       191     1     1     F      .126      .500
       192  .43000E+02  .25000E+00      1      1       192     1     1     F      .126      .500
       193  .43250E+02  .25000E+00      1      1       193     1     1     F      .126      .500
       194  .43500E+02  .25000E+00      1      1       194     1     1     F      .126      .500
       195  .43750E+02  .25000E+00      1      1       195     1     1     F      .126      .500
       196  .44000E+02  .25000E+00      1      1       196     1     1     F      .126      .500
       197  .44250E+02  .25000E+00      1      1       197     1     1     F      .126      .500
       198  .44500E+02  .25000E+00      1      1       198     1     1     F      .126      .500
       199  .44750E+02  .25000E+00      1      1       199     1     1     F      .126      .500
       200  .45000E+02  .25000E+00      1      1       200     1     1     F      .126      .500
       201  .45250E+02  .25000E+00      1      1       201     1     1     F      .126      .500
       202  .45500E+02  .25000E+00      1      1       202     1     1     F      .126      .500
       203  .45750E+02  .25000E+00      1      1       203     1     1     F      .126      .500
       204  .46000E+02  .25000E+00      1      1       204     1     1     F      .126      .500
       205  .46250E+02  .25000E+00      1      1       205     1     1     F      .126      .500
       206  .46500E+02  .25000E+00      1      1       206     1     1     F      .126      .500
       207  .46750E+02  .25000E+00      1      1       207     1     1     F      .126      .500
       208  .47000E+02  .25000E+00      1      1       208     1     1     F      .126      .500
       209  .47250E+02  .25000E+00      1      1       209     1     1     F      .126      .500
       210  .47500E+02  .25000E+00      1      1       210     1     1     F      .126      .500
       211  .47750E+02  .25000E+00      1      1       211     1     1     F      .126      .500
       212  .48000E+02  .25000E+00      1      1       212     1     1     F      .126      .500
       213  .48250E+02  .25000E+00      1      1       213     1     1     F      .126      .500
       214  .48500E+02  .25000E+00      1      1       214     1     1     F      .126      .500
       215  .48750E+02  .25000E+00      1      1       215     1     1     F      .126      .500
       216  .49000E+02  .25000E+00      1      1       216     1     1     F      .126      .500
       217  .49250E+02  .25000E+00      1      1       217     1     1     F      .126      .500
       218  .49500E+02  .25000E+00      1      1       218     1     1     F      .126      .500
       219  .49750E+02  .25000E+00      1      1       219     1     1     F      .126      .500
       220  .50000E+02  .25000E+00      1      1       220     1     1     F      .126      .500
end
 
 Real time [sec]       1.000000000000000
