 All solute fluxes and cumulative solute fluxes are positive into the region

       Time       cvTop      cvBot    Sum(cvTop) Sum(cvBot)   cvCh0      cvCh1       cTop      cRoot       cBot      cvRoot   Sum(cvRoot) Sum(cvNEql) TLevel   PhrExch
        [T]      [M/L2/T]   [M/L2/T]    [M/L2]     [M/L2]     [M/L2]     [M/L2]      [M/L3]    [M/L3]      [M/L3]   [M/L2/T]    [M/L2]      [M/L2]              [M/L2]
        .25000   .205E-06  -.200E-06   .513E-07  -.500E-07   .000E+00   .000E+00   .201E-06   .000E+00   .200E-06   .000E+00   .000E+00   .000E+00      17   .2096E-11
        .50000   .205E-06  -.200E-06   .103E-06  -.100E-06   .000E+00   .000E+00   .202E-06   .000E+00   .200E-06   .000E+00   .000E+00   .000E+00      20   .4593E-11
        .75000   .205E-06  -.200E-06   .154E-06  -.150E-06   .000E+00   .000E+00   .202E-06   .000E+00   .200E-06   .000E+00   .000E+00   .000E+00      22   .6663E-11
       1.00000   .205E-06  -.200E-06   .205E-06  -.200E-06   .000E+00   .000E+00   .202E-06   .000E+00   .200E-06   .000E+00   .000E+00   .000E+00      24   .7980E-11
       1.25000   .205E-06  -.200E-06   .256E-06  -.250E-06   .000E+00   .000E+00   .203E-06   .000E+00   .200E-06   .000E+00   .000E+00   .000E+00      25   .9559E-11
       1.50000   .205E-06  -.200E-06   .308E-06  -.300E-06   .000E+00   .000E+00   .203E-06   .000E+00   .200E-06   .000E+00   .000E+00   .000E+00      26   .1031E-10
       1.75000   .205E-06  -.200E-06   .359E-06  -.350E-06   .000E+00   .000E+00   .203E-06   .000E+00   .200E-06   .000E+00   .000E+00   .000E+00      27   .1146E-10
       2.00000   .205E-06  -.200E-06   .410E-06  -.400E-06   .000E+00   .000E+00   .203E-06   .000E+00   .200E-06   .000E+00   .000E+00   .000E+00      28   .1310E-10
       2.25000   .205E-06  -.200E-06   .462E-06  -.450E-06   .000E+00   .000E+00   .203E-06   .000E+00   .200E-06   .000E+00   .000E+00   .000E+00      29   .1389E-10
       2.50000   .205E-06  -.200E-06   .513E-06  -.501E-06   .000E+00   .000E+00   .203E-06   .000E+00   .200E-06   .000E+00   .000E+00   .000E+00      30   .1500E-10
       2.75000   .205E-06  -.200E-06   .564E-06  -.551E-06   .000E+00   .000E+00   .203E-06   .000E+00   .201E-06   .000E+00   .000E+00   .000E+00      31   .1567E-10
       3.00000   .205E-06  -.201E-06   .616E-06  -.601E-06   .000E+00   .000E+00   .203E-06   .000E+00   .201E-06   .000E+00   .000E+00   .000E+00      32   .1672E-10
       3.25000   .205E-06  -.201E-06   .667E-06  -.651E-06   .000E+00   .000E+00   .204E-06   .000E+00   .201E-06   .000E+00   .000E+00   .000E+00      33   .1748E-10
       3.50000   .205E-06  -.201E-06   .718E-06  -.701E-06   .000E+00   .000E+00   .204E-06   .000E+00   .201E-06   .000E+00   .000E+00   .000E+00      34   .1851E-10
       3.75000   .205E-06  -.201E-06   .769E-06  -.751E-06   .000E+00   .000E+00   .204E-06   .000E+00   .201E-06   .000E+00   .000E+00   .000E+00      35   .1969E-10
       4.00000   .205E-06  -.201E-06   .821E-06  -.802E-06   .000E+00   .000E+00   .204E-06   .000E+00   .201E-06   .000E+00   .000E+00   .000E+00      36   .2015E-10
       4.25000   .205E-06  -.201E-06   .872E-06  -.852E-06   .000E+00   .000E+00   .204E-06   .000E+00   .201E-06   .000E+00   .000E+00   .000E+00      37   .2214E-10
       4.50000   .205E-06  -.201E-06   .923E-06  -.902E-06   .000E+00   .000E+00   .204E-06   .000E+00   .201E-06   .000E+00   .000E+00   .000E+00      38   .2354E-10
       4.75000   .205E-06  -.201E-06   .975E-06  -.953E-06   .000E+00   .000E+00   .204E-06   .000E+00   .201E-06   .000E+00   .000E+00   .000E+00      39   .2814E-10
       5.00000   .205E-06  -.201E-06   .103E-05  -.100E-05   .000E+00   .000E+00   .204E-06   .000E+00   .202E-06   .000E+00   .000E+00   .000E+00      40   .3158E-10
       5.25000   .205E-06  -.202E-06   .108E-05  -.105E-05   .000E+00   .000E+00   .204E-06   .000E+00   .202E-06   .000E+00   .000E+00   .000E+00      41   .3426E-10
       5.50000   .205E-06  -.202E-06   .113E-05  -.110E-05   .000E+00   .000E+00   .204E-06   .000E+00   .202E-06   .000E+00   .000E+00   .000E+00      42   .3905E-10
       5.75000   .205E-06  -.202E-06   .118E-05  -.115E-05   .000E+00   .000E+00   .204E-06   .000E+00   .202E-06   .000E+00   .000E+00   .000E+00      43   .4275E-10
       6.00000   .205E-06  -.202E-06   .123E-05  -.120E-05   .000E+00   .000E+00   .204E-06   .000E+00   .202E-06   .000E+00   .000E+00   .000E+00      44   .4847E-10
       6.25000   .205E-06  -.202E-06   .128E-05  -.126E-05   .000E+00   .000E+00   .204E-06   .000E+00   .202E-06   .000E+00   .000E+00   .000E+00      45   .5296E-10
       6.50000   .205E-06  -.202E-06   .133E-05  -.131E-05   .000E+00   .000E+00   .204E-06   .000E+00   .202E-06   .000E+00   .000E+00   .000E+00      46   .5937E-10
       6.75000   .205E-06  -.202E-06   .139E-05  -.136E-05   .000E+00   .000E+00   .204E-06   .000E+00   .202E-06   .000E+00   .000E+00   .000E+00      47   .6450E-10
       7.00000   .205E-06  -.202E-06   .144E-05  -.141E-05   .000E+00   .000E+00   .204E-06   .000E+00   .202E-06   .000E+00   .000E+00   .000E+00      48   .7143E-10
       7.25000   .205E-06  -.202E-06   .149E-05  -.146E-05   .000E+00   .000E+00   .204E-06   .000E+00   .202E-06   .000E+00   .000E+00   .000E+00      49   .8050E-10
       7.50000   .205E-06  -.203E-06   .154E-05  -.151E-05   .000E+00   .000E+00   .204E-06   .000E+00   .203E-06   .000E+00   .000E+00   .000E+00      50   .8786E-10
       7.75000   .205E-06  -.203E-06   .159E-05  -.156E-05   .000E+00   .000E+00   .204E-06   .000E+00   .203E-06   .000E+00   .000E+00   .000E+00      51   .9716E-10
       8.00000   .205E-06  -.203E-06   .164E-05  -.161E-05   .000E+00   .000E+00   .204E-06   .000E+00   .203E-06   .000E+00   .000E+00   .000E+00      52   .1048E-09
       8.25000   .205E-06  -.203E-06   .169E-05  -.166E-05   .000E+00   .000E+00   .204E-06   .000E+00   .203E-06   .000E+00   .000E+00   .000E+00      53   .1143E-09
       8.50000   .205E-06  -.203E-06   .174E-05  -.171E-05   .000E+00   .000E+00   .205E-06   .000E+00   .203E-06   .000E+00   .000E+00   .000E+00      54   .1222E-09
       8.75000   .205E-06  -.203E-06   .180E-05  -.176E-05   .000E+00   .000E+00   .205E-06   .000E+00   .203E-06   .000E+00   .000E+00   .000E+00      55   .1317E-09
       9.00000   .205E-06  -.203E-06   .185E-05  -.181E-05   .000E+00   .000E+00   .205E-06   .000E+00   .203E-06   .000E+00   .000E+00   .000E+00      56   .1396E-09
       9.25000   .205E-06  -.203E-06   .190E-05  -.186E-05   .000E+00   .000E+00   .205E-06   .000E+00   .203E-06   .000E+00   .000E+00   .000E+00      57   .1490E-09
       9.50000   .205E-06  -.203E-06   .195E-05  -.191E-05   .000E+00   .000E+00   .205E-06   .000E+00   .203E-06   .000E+00   .000E+00   .000E+00      58   .1600E-09
       9.75000   .205E-06  -.203E-06   .200E-05  -.196E-05   .000E+00   .000E+00   .205E-06   .000E+00   .203E-06   .000E+00   .000E+00   .000E+00      59   .1691E-09
      10.00000   .205E-06  -.203E-06   .205E-05  -.202E-05   .000E+00   .000E+00   .205E-06   .000E+00   .203E-06   .000E+00   .000E+00   .000E+00      60   .1796E-09
      10.25000   .205E-06  -.203E-06   .210E-05  -.207E-05   .000E+00   .000E+00   .205E-06   .000E+00   .203E-06   .000E+00   .000E+00   .000E+00      61   .1913E-09
      10.50000   .205E-06  -.203E-06   .215E-05  -.212E-05   .000E+00   .000E+00   .205E-06   .000E+00   .204E-06   .000E+00   .000E+00   .000E+00      62   .2041E-09
      10.75000   .205E-06  -.204E-06   .221E-05  -.217E-05   .000E+00   .000E+00   .205E-06   .000E+00   .204E-06   .000E+00   .000E+00   .000E+00      63   .2178E-09
      11.00000   .205E-06  -.204E-06   .226E-05  -.222E-05   .000E+00   .000E+00   .205E-06   .000E+00   .204E-06   .000E+00   .000E+00   .000E+00      64   .2355E-09
      11.25000   .205E-06  -.204E-06   .231E-05  -.227E-05   .000E+00   .000E+00   .205E-06   .000E+00   .204E-06   .000E+00   .000E+00   .000E+00      65   .2580E-09
      11.50000   .205E-06  -.204E-06   .236E-05  -.232E-05   .000E+00   .000E+00   .205E-06   .000E+00   .204E-06   .000E+00   .000E+00   .000E+00      66   .2767E-09
      11.75000   .205E-06  -.204E-06   .241E-05  -.237E-05   .000E+00   .000E+00   .205E-06   .000E+00   .204E-06   .000E+00   .000E+00   .000E+00      67   .2922E-09
      12.00000   .205E-06  -.204E-06   .246E-05  -.242E-05   .000E+00   .000E+00   .205E-06   .000E+00   .204E-06   .000E+00   .000E+00   .000E+00      68   .3050E-09
      12.25000   .205E-06  -.204E-06   .251E-05  -.247E-05   .000E+00   .000E+00   .205E-06   .000E+00   .204E-06   .000E+00   .000E+00   .000E+00      69   .3158E-09
      12.50000   .205E-06  -.204E-06   .256E-05  -.252E-05   .000E+00   .000E+00   .205E-06   .000E+00   .204E-06   .000E+00   .000E+00   .000E+00      70   .3247E-09
      12.75000   .205E-06  -.204E-06   .262E-05  -.258E-05   .000E+00   .000E+00   .205E-06   .000E+00   .204E-06   .000E+00   .000E+00   .000E+00      71   .3322E-09
      13.00000   .205E-06  -.204E-06   .267E-05  -.263E-05   .000E+00   .000E+00   .205E-06   .000E+00   .204E-06   .000E+00   .000E+00   .000E+00      72   .3384E-09
      13.25000   .205E-06  -.204E-06   .272E-05  -.268E-05   .000E+00   .000E+00   .205E-06   .000E+00   .204E-06   .000E+00   .000E+00   .000E+00      73   .3437E-09
      13.50000   .205E-06  -.204E-06   .277E-05  -.273E-05   .000E+00   .000E+00   .205E-06   .000E+00   .204E-06   .000E+00   .000E+00   .000E+00      74   .3482E-09
      13.75000   .205E-06  -.204E-06   .282E-05  -.278E-05   .000E+00   .000E+00   .205E-06   .000E+00   .204E-06   .000E+00   .000E+00   .000E+00      75   .3519E-09
      14.00000   .205E-06  -.204E-06   .287E-05  -.283E-05   .000E+00   .000E+00   .205E-06   .000E+00   .204E-06   .000E+00   .000E+00   .000E+00      76   .3551E-09
      14.25000   .205E-06  -.204E-06   .292E-05  -.288E-05   .000E+00   .000E+00   .205E-06   .000E+00   .204E-06   .000E+00   .000E+00   .000E+00      77   .3577E-09
      14.50000   .205E-06  -.204E-06   .298E-05  -.293E-05   .000E+00   .000E+00   .205E-06   .000E+00   .204E-06   .000E+00   .000E+00   .000E+00      78   .3599E-09
      14.75000   .205E-06  -.204E-06   .303E-05  -.298E-05   .000E+00   .000E+00   .205E-06   .000E+00   .204E-06   .000E+00   .000E+00   .000E+00      79   .3618E-09
      15.00000   .205E-06  -.204E-06   .308E-05  -.304E-05   .000E+00   .000E+00   .205E-06   .000E+00   .204E-06   .000E+00   .000E+00   .000E+00      80   .3634E-09
      15.25000   .205E-06  -.204E-06   .313E-05  -.309E-05   .000E+00   .000E+00   .205E-06   .000E+00   .204E-06   .000E+00   .000E+00   .000E+00      81   .3647E-09
      15.50000   .205E-06  -.204E-06   .318E-05  -.314E-05   .000E+00   .000E+00   .205E-06   .000E+00   .204E-06   .000E+00   .000E+00   .000E+00      82   .3658E-09
      15.75000   .205E-06  -.204E-06   .323E-05  -.319E-05   .000E+00   .000E+00   .205E-06   .000E+00   .204E-06   .000E+00   .000E+00   .000E+00      83   .3668E-09
      16.00000   .205E-06  -.204E-06   .328E-05  -.324E-05   .000E+00   .000E+00   .205E-06   .000E+00   .204E-06   .000E+00   .000E+00   .000E+00      84   .3676E-09
      16.25000   .205E-06  -.204E-06   .333E-05  -.329E-05   .000E+00   .000E+00   .205E-06   .000E+00   .204E-06   .000E+00   .000E+00   .000E+00      85   .3683E-09
      16.50000   .205E-06  -.204E-06   .339E-05  -.334E-05   .000E+00   .000E+00   .205E-06   .000E+00   .205E-06   .000E+00   .000E+00   .000E+00      86   .3689E-09
      16.75000   .205E-06  -.205E-06   .344E-05  -.339E-05   .000E+00   .000E+00   .205E-06   .000E+00   .205E-06   .000E+00   .000E+00   .000E+00      87   .3695E-09
      17.00000   .205E-06  -.205E-06   .349E-05  -.344E-05   .000E+00   .000E+00   .205E-06   .000E+00   .205E-06   .000E+00   .000E+00   .000E+00      88   .3699E-09
      17.25000   .205E-06  -.205E-06   .354E-05  -.350E-05   .000E+00   .000E+00   .205E-06   .000E+00   .205E-06   .000E+00   .000E+00   .000E+00      89   .3703E-09
      17.50000   .205E-06  -.205E-06   .359E-05  -.355E-05   .000E+00   .000E+00   .205E-06   .000E+00   .205E-06   .000E+00   .000E+00   .000E+00      90   .3706E-09
      17.75000   .205E-06  -.205E-06   .364E-05  -.360E-05   .000E+00   .000E+00   .205E-06   .000E+00   .205E-06   .000E+00   .000E+00   .000E+00      91   .3709E-09
      18.00000   .205E-06  -.205E-06   .369E-05  -.365E-05   .000E+00   .000E+00   .205E-06   .000E+00   .205E-06   .000E+00   .000E+00   .000E+00      92   .3711E-09
      18.25000   .205E-06  -.205E-06   .374E-05  -.370E-05   .000E+00   .000E+00   .205E-06   .000E+00   .205E-06   .000E+00   .000E+00   .000E+00      93   .3713E-09
      18.50000   .205E-06  -.205E-06   .380E-05  -.375E-05   .000E+00   .000E+00   .205E-06   .000E+00   .205E-06   .000E+00   .000E+00   .000E+00      94   .3715E-09
      18.75000   .205E-06  -.205E-06   .385E-05  -.380E-05   .000E+00   .000E+00   .205E-06   .000E+00   .205E-06   .000E+00   .000E+00   .000E+00      95   .3717E-09
      19.00000   .205E-06  -.205E-06   .390E-05  -.385E-05   .000E+00   .000E+00   .205E-06   .000E+00   .205E-06   .000E+00   .000E+00   .000E+00      96   .3718E-09
      19.25000   .205E-06  -.205E-06   .395E-05  -.390E-05   .000E+00   .000E+00   .205E-06   .000E+00   .205E-06   .000E+00   .000E+00   .000E+00      97   .3719E-09
      19.50000   .205E-06  -.205E-06   .400E-05  -.396E-05   .000E+00   .000E+00   .205E-06   .000E+00   .205E-06   .000E+00   .000E+00   .000E+00      98   .3720E-09
      19.75000   .205E-06  -.205E-06   .405E-05  -.401E-05   .000E+00   .000E+00   .205E-06   .000E+00   .205E-06   .000E+00   .000E+00   .000E+00      99   .3721E-09
      20.00000   .205E-06  -.205E-06   .410E-05  -.406E-05   .000E+00   .000E+00   .205E-06   .000E+00   .205E-06   .000E+00   .000E+00   .000E+00     100   .3721E-09
      20.25000   .205E-06  -.205E-06   .416E-05  -.411E-05   .000E+00   .000E+00   .205E-06   .000E+00   .205E-06   .000E+00   .000E+00   .000E+00     101   .3722E-09
      20.50000   .205E-06  -.205E-06   .421E-05  -.416E-05   .000E+00   .000E+00   .205E-06   .000E+00   .205E-06   .000E+00   .000E+00   .000E+00     102   .3723E-09
      20.75000   .205E-06  -.205E-06   .426E-05  -.421E-05   .000E+00   .000E+00   .205E-06   .000E+00   .205E-06   .000E+00   .000E+00   .000E+00     103   .3724E-09
      21.00000   .205E-06  -.205E-06   .431E-05  -.426E-05   .000E+00   .000E+00   .205E-06   .000E+00   .205E-06   .000E+00   .000E+00   .000E+00     104   .3724E-09
      21.25000   .205E-06  -.205E-06   .436E-05  -.431E-05   .000E+00   .000E+00   .205E-06   .000E+00   .205E-06   .000E+00   .000E+00   .000E+00     105   .3725E-09
      21.50000   .205E-06  -.205E-06   .441E-05  -.437E-05   .000E+00   .000E+00   .205E-06   .000E+00   .205E-06   .000E+00   .000E+00   .000E+00     106   .3726E-09
      21.75000   .205E-06  -.205E-06   .446E-05  -.442E-05   .000E+00   .000E+00   .205E-06   .000E+00   .205E-06   .000E+00   .000E+00   .000E+00     107   .3727E-09
      22.00000   .205E-06  -.205E-06   .451E-05  -.447E-05   .000E+00   .000E+00   .205E-06   .000E+00   .205E-06   .000E+00   .000E+00   .000E+00     108   .3727E-09
      22.25000   .205E-06  -.205E-06   .457E-05  -.452E-05   .000E+00   .000E+00   .205E-06   .000E+00   .205E-06   .000E+00   .000E+00   .000E+00     109   .3727E-09
      22.50000   .205E-06  -.205E-06   .462E-05  -.457E-05   .000E+00   .000E+00   .205E-06   .000E+00   .205E-06   .000E+00   .000E+00   .000E+00     110   .3728E-09
      22.75000   .205E-06  -.205E-06   .467E-05  -.462E-05   .000E+00   .000E+00   .205E-06   .000E+00   .205E-06   .000E+00   .000E+00   .000E+00     111   .3728E-09
      23.00000   .205E-06  -.205E-06   .472E-05  -.467E-05   .000E+00   .000E+00   .205E-06   .000E+00   .205E-06   .000E+00   .000E+00   .000E+00     112   .3728E-09
      23.25000   .205E-06  -.205E-06   .477E-05  -.472E-05   .000E+00   .000E+00   .205E-06   .000E+00   .205E-06   .000E+00   .000E+00   .000E+00     113   .3729E-09
      23.50000   .205E-06  -.205E-06   .482E-05  -.478E-05   .000E+00   .000E+00   .205E-06   .000E+00   .205E-06   .000E+00   .000E+00   .000E+00     114   .3729E-09
      23.75000   .205E-06  -.205E-06   .487E-05  -.483E-05   .000E+00   .000E+00   .205E-06   .000E+00   .205E-06   .000E+00   .000E+00   .000E+00     115   .3730E-09
      24.00000   .205E-06  -.205E-06   .492E-05  -.488E-05   .000E+00   .000E+00   .205E-06   .000E+00   .205E-06   .000E+00   .000E+00   .000E+00     116   .3730E-09
      24.25000   .205E-06  -.205E-06   .498E-05  -.493E-05   .000E+00   .000E+00   .205E-06   .000E+00   .205E-06   .000E+00   .000E+00   .000E+00     117   .3729E-09
      24.50000   .205E-06  -.205E-06   .503E-05  -.498E-05   .000E+00   .000E+00   .205E-06   .000E+00   .205E-06   .000E+00   .000E+00   .000E+00     118   .3729E-09
      24.75000   .205E-06  -.205E-06   .508E-05  -.503E-05   .000E+00   .000E+00   .205E-06   .000E+00   .205E-06   .000E+00   .000E+00   .000E+00     119   .3729E-09
      25.00000   .205E-06  -.205E-06   .513E-05  -.508E-05   .000E+00   .000E+00   .205E-06   .000E+00   .205E-06   .000E+00   .000E+00   .000E+00     120   .3729E-09
      25.25000   .205E-06  -.205E-06   .518E-05  -.513E-05   .000E+00   .000E+00   .205E-06   .000E+00   .205E-06   .000E+00   .000E+00   .000E+00     121   .3729E-09
      25.50000   .205E-06  -.205E-06   .523E-05  -.519E-05   .000E+00   .000E+00   .205E-06   .000E+00   .205E-06   .000E+00   .000E+00   .000E+00     122   .3729E-09
      25.75000   .205E-06  -.205E-06   .528E-05  -.524E-05   .000E+00   .000E+00   .205E-06   .000E+00   .205E-06   .000E+00   .000E+00   .000E+00     123   .3729E-09
      26.00000   .205E-06  -.205E-06   .533E-05  -.529E-05   .000E+00   .000E+00   .205E-06   .000E+00   .205E-06   .000E+00   .000E+00   .000E+00     124   .3729E-09
      26.25000   .205E-06  -.205E-06   .539E-05  -.534E-05   .000E+00   .000E+00   .205E-06   .000E+00   .205E-06   .000E+00   .000E+00   .000E+00     125   .3729E-09
      26.50000   .205E-06  -.205E-06   .544E-05  -.539E-05   .000E+00   .000E+00   .205E-06   .000E+00   .205E-06   .000E+00   .000E+00   .000E+00     126   .3728E-09
      26.75000   .205E-06  -.205E-06   .549E-05  -.544E-05   .000E+00   .000E+00   .205E-06   .000E+00   .205E-06   .000E+00   .000E+00   .000E+00     127   .3728E-09
      27.00000   .205E-06  -.205E-06   .554E-05  -.549E-05   .000E+00   .000E+00   .205E-06   .000E+00   .205E-06   .000E+00   .000E+00   .000E+00     128   .3729E-09
      27.25000   .205E-06  -.205E-06   .559E-05  -.554E-05   .000E+00   .000E+00   .205E-06   .000E+00   .205E-06   .000E+00   .000E+00   .000E+00     129   .3728E-09
      27.50000   .205E-06  -.205E-06   .564E-05  -.560E-05   .000E+00   .000E+00   .205E-06   .000E+00   .205E-06   .000E+00   .000E+00   .000E+00     130   .3728E-09
      27.75000   .205E-06  -.205E-06   .569E-05  -.565E-05   .000E+00   .000E+00   .205E-06   .000E+00   .205E-06   .000E+00   .000E+00   .000E+00     131   .3728E-09
      28.00000   .205E-06  -.205E-06   .575E-05  -.570E-05   .000E+00   .000E+00   .205E-06   .000E+00   .205E-06   .000E+00   .000E+00   .000E+00     132   .3728E-09
      28.25000   .205E-06  -.205E-06   .580E-05  -.575E-05   .000E+00   .000E+00   .205E-06   .000E+00   .205E-06   .000E+00   .000E+00   .000E+00     133   .3728E-09
      28.50000   .205E-06  -.205E-06   .585E-05  -.580E-05   .000E+00   .000E+00   .205E-06   .000E+00   .205E-06   .000E+00   .000E+00   .000E+00     134   .3728E-09
      28.75000   .205E-06  -.205E-06   .590E-05  -.585E-05   .000E+00   .000E+00   .205E-06   .000E+00   .205E-06   .000E+00   .000E+00   .000E+00     135   .3728E-09
      29.00000   .205E-06  -.205E-06   .595E-05  -.590E-05   .000E+00   .000E+00   .205E-06   .000E+00   .205E-06   .000E+00   .000E+00   .000E+00     136   .3727E-09
      29.25000   .205E-06  -.205E-06   .600E-05  -.595E-05   .000E+00   .000E+00   .205E-06   .000E+00   .205E-06   .000E+00   .000E+00   .000E+00     137   .3727E-09
      29.50000   .205E-06  -.205E-06   .605E-05  -.601E-05   .000E+00   .000E+00   .205E-06   .000E+00   .205E-06   .000E+00   .000E+00   .000E+00     138   .3727E-09
      29.75000   .205E-06  -.205E-06   .610E-05  -.606E-05   .000E+00   .000E+00   .205E-06   .000E+00   .205E-06   .000E+00   .000E+00   .000E+00     139   .3727E-09
      30.00000   .205E-06  -.205E-06   .616E-05  -.611E-05   .000E+00   .000E+00   .205E-06   .000E+00   .205E-06   .000E+00   .000E+00   .000E+00     140   .3727E-09
      30.25000   .205E-06  -.205E-06   .621E-05  -.616E-05   .000E+00   .000E+00   .205E-06   .000E+00   .205E-06   .000E+00   .000E+00   .000E+00     141   .3727E-09
      30.50000   .205E-06  -.205E-06   .626E-05  -.621E-05   .000E+00   .000E+00   .205E-06   .000E+00   .205E-06   .000E+00   .000E+00   .000E+00     142   .3727E-09
      30.75000   .205E-06  -.205E-06   .631E-05  -.626E-05   .000E+00   .000E+00   .205E-06   .000E+00   .205E-06   .000E+00   .000E+00   .000E+00     143   .3727E-09
      31.00000   .205E-06  -.205E-06   .636E-05  -.631E-05   .000E+00   .000E+00   .205E-06   .000E+00   .205E-06   .000E+00   .000E+00   .000E+00     144   .3726E-09
      31.25000   .205E-06  -.205E-06   .641E-05  -.636E-05   .000E+00   .000E+00   .205E-06   .000E+00   .205E-06   .000E+00   .000E+00   .000E+00     145   .3726E-09
      31.50000   .205E-06  -.205E-06   .646E-05  -.642E-05   .000E+00   .000E+00   .205E-06   .000E+00   .205E-06   .000E+00   .000E+00   .000E+00     146   .3726E-09
      31.75000   .205E-06  -.205E-06   .651E-05  -.647E-05   .000E+00   .000E+00   .205E-06   .000E+00   .205E-06   .000E+00   .000E+00   .000E+00     147   .3725E-09
      32.00000   .205E-06  -.205E-06   .657E-05  -.652E-05   .000E+00   .000E+00   .205E-06   .000E+00   .205E-06   .000E+00   .000E+00   .000E+00     148   .3725E-09
      32.25000   .205E-06  -.205E-06   .662E-05  -.657E-05   .000E+00   .000E+00   .205E-06   .000E+00   .205E-06   .000E+00   .000E+00   .000E+00     149   .3725E-09
      32.50000   .205E-06  -.205E-06   .667E-05  -.662E-05   .000E+00   .000E+00   .205E-06   .000E+00   .205E-06   .000E+00   .000E+00   .000E+00     150   .3725E-09
      32.75000   .205E-06  -.205E-06   .672E-05  -.667E-05   .000E+00   .000E+00   .205E-06   .000E+00   .205E-06   .000E+00   .000E+00   .000E+00     151   .3725E-09
      33.00000   .205E-06  -.205E-06   .677E-05  -.672E-05   .000E+00   .000E+00   .210E-06   .000E+00   .205E-06   .000E+00   .000E+00   .000E+00     152   .1492E-08
      33.25000   .205E-06  -.205E-06   .682E-05  -.677E-05   .000E+00   .000E+00   .208E-06   .000E+00   .205E-06   .000E+00   .000E+00   .000E+00     153   .2611E-08
      33.50000   .205E-06  -.205E-06   .687E-05  -.683E-05   .000E+00   .000E+00   .210E-06   .000E+00   .205E-06   .000E+00   .000E+00   .000E+00     154   .3731E-08
      33.75000   .205E-06  -.205E-06   .693E-05  -.688E-05   .000E+00   .000E+00   .209E-06   .000E+00   .205E-06   .000E+00   .000E+00   .000E+00     155   .7089E-08
      34.00000   .205E-06  -.205E-06   .698E-05  -.693E-05   .000E+00   .000E+00   .212E-06   .000E+00   .205E-06   .000E+00   .000E+00   .000E+00     156   .1045E-07
      34.25000   .205E-06  -.205E-06   .703E-05  -.698E-05   .000E+00   .000E+00   .211E-06   .000E+00   .205E-06   .000E+00   .000E+00   .000E+00     157   .1381E-07
      34.50000   .205E-06  -.205E-06   .708E-05  -.703E-05   .000E+00   .000E+00   .213E-06   .000E+00   .205E-06   .000E+00   .000E+00   .000E+00     158   .1941E-07
      34.75000   .205E-06  -.205E-06   .713E-05  -.708E-05   .000E+00   .000E+00   .214E-06   .000E+00   .205E-06   .000E+00   .000E+00   .000E+00     159   .2500E-07
      35.00000   .205E-06  -.205E-06   .718E-05  -.713E-05   .000E+00   .000E+00   .216E-06   .000E+00   .205E-06   .000E+00   .000E+00   .000E+00     160   .3060E-07
      35.25000   .205E-06  -.205E-06   .723E-05  -.718E-05   .000E+00   .000E+00   .216E-06   .000E+00   .205E-06   .000E+00   .000E+00   .000E+00     161   .3844E-07
      35.50000   .205E-06  -.206E-06   .728E-05  -.724E-05   .000E+00   .000E+00   .218E-06   .000E+00   .206E-06   .000E+00   .000E+00   .000E+00     162   .4628E-07
      35.75000   .205E-06  -.206E-06   .734E-05  -.729E-05   .000E+00   .000E+00   .218E-06   .000E+00   .206E-06   .000E+00   .000E+00   .000E+00     163   .5412E-07
      36.00000   .205E-06  -.206E-06   .739E-05  -.734E-05   .000E+00   .000E+00   .220E-06   .000E+00   .206E-06   .000E+00   .000E+00   .000E+00     164   .6421E-07
      36.25000   .205E-06  -.206E-06   .744E-05  -.739E-05   .000E+00   .000E+00   .220E-06   .000E+00   .206E-06   .000E+00   .000E+00   .000E+00     165   .7429E-07
      36.50000   .205E-06  -.207E-06   .749E-05  -.744E-05   .000E+00   .000E+00   .222E-06   .000E+00   .207E-06   .000E+00   .000E+00   .000E+00     166   .8661E-07
      36.75000   .205E-06  -.207E-06   .754E-05  -.749E-05   .000E+00   .000E+00   .223E-06   .000E+00   .207E-06   .000E+00   .000E+00   .000E+00     167   .9893E-07
      37.00000   .205E-06  -.208E-06   .759E-05  -.755E-05   .000E+00   .000E+00   .224E-06   .000E+00   .208E-06   .000E+00   .000E+00   .000E+00     168   .1135E-06
      37.25000   .205E-06  -.208E-06   .764E-05  -.760E-05   .000E+00   .000E+00   .225E-06   .000E+00   .209E-06   .000E+00   .000E+00   .000E+00     169   .1281E-06
      37.50000   .205E-06  -.209E-06   .769E-05  -.765E-05   .000E+00   .000E+00   .226E-06   .000E+00   .209E-06   .000E+00   .000E+00   .000E+00     170   .1426E-06
      37.75000   .205E-06  -.210E-06   .775E-05  -.770E-05   .000E+00   .000E+00   .227E-06   .000E+00   .210E-06   .000E+00   .000E+00   .000E+00     171   .1594E-06
      38.00000   .205E-06  -.211E-06   .780E-05  -.776E-05   .000E+00   .000E+00   .228E-06   .000E+00   .211E-06   .000E+00   .000E+00   .000E+00     172   .1762E-06
      38.25000   .205E-06  -.212E-06   .785E-05  -.781E-05   .000E+00   .000E+00   .229E-06   .000E+00   .212E-06   .000E+00   .000E+00   .000E+00     173   .1953E-06
      38.50000   .205E-06  -.213E-06   .790E-05  -.786E-05   .000E+00   .000E+00   .230E-06   .000E+00   .214E-06   .000E+00   .000E+00   .000E+00     174   .2166E-06
      38.75000   .205E-06  -.214E-06   .795E-05  -.792E-05   .000E+00   .000E+00   .231E-06   .000E+00   .215E-06   .000E+00   .000E+00   .000E+00     175   .2379E-06
      39.00000   .205E-06  -.216E-06   .800E-05  -.797E-05   .000E+00   .000E+00   .232E-06   .000E+00   .217E-06   .000E+00   .000E+00   .000E+00     176   .2614E-06
      39.25000   .205E-06  -.217E-06   .805E-05  -.802E-05   .000E+00   .000E+00   .233E-06   .000E+00   .218E-06   .000E+00   .000E+00   .000E+00     177   .2849E-06
      39.50000   .205E-06  -.219E-06   .810E-05  -.808E-05   .000E+00   .000E+00   .234E-06   .000E+00   .220E-06   .000E+00   .000E+00   .000E+00     178   .3107E-06
      39.75000   .205E-06  -.221E-06   .816E-05  -.813E-05   .000E+00   .000E+00   .235E-06   .000E+00   .222E-06   .000E+00   .000E+00   .000E+00     179   .3387E-06
      40.00000   .205E-06  -.224E-06   .821E-05  -.819E-05   .000E+00   .000E+00   .236E-06   .000E+00   .225E-06   .000E+00   .000E+00   .000E+00     180   .3668E-06
      40.25000   .205E-06  -.226E-06   .826E-05  -.825E-05   .000E+00   .000E+00   .237E-06   .000E+00   .227E-06   .000E+00   .000E+00   .000E+00     181   .3970E-06
      40.50000   .205E-06  -.229E-06   .831E-05  -.830E-05   .000E+00   .000E+00   .238E-06   .000E+00   .230E-06   .000E+00   .000E+00   .000E+00     182   .4295E-06
      40.75000   .205E-06  -.232E-06   .836E-05  -.836E-05   .000E+00   .000E+00   .239E-06   .000E+00   .234E-06   .000E+00   .000E+00   .000E+00     183   .4643E-06
      41.00000   .205E-06  -.236E-06   .841E-05  -.842E-05   .000E+00   .000E+00   .240E-06   .000E+00   .238E-06   .000E+00   .000E+00   .000E+00     184   .5035E-06
      41.25000   .205E-06  -.241E-06   .846E-05  -.848E-05   .000E+00   .000E+00   .241E-06   .000E+00   .248E-06   .000E+00   .000E+00   .000E+00     185   .5483E-06
      41.50000   .205E-06  -.250E-06   .852E-05  -.854E-05   .000E+00   .000E+00   .242E-06   .000E+00   .256E-06   .000E+00   .000E+00   .000E+00     186   .5932E-06
      41.75000   .205E-06  -.257E-06   .857E-05  -.861E-05   .000E+00   .000E+00   .243E-06   .000E+00   .262E-06   .000E+00   .000E+00   .000E+00     187   .6380E-06
      42.00000   .205E-06  -.262E-06   .862E-05  -.867E-05   .000E+00   .000E+00   .243E-06   .000E+00   .268E-06   .000E+00   .000E+00   .000E+00     188   .6828E-06
      42.25000   .205E-06  -.268E-06   .867E-05  -.874E-05   .000E+00   .000E+00   .244E-06   .000E+00   .273E-06   .000E+00   .000E+00   .000E+00     189   .7277E-06
      42.50000   .205E-06  -.273E-06   .872E-05  -.881E-05   .000E+00   .000E+00   .245E-06   .000E+00   .278E-06   .000E+00   .000E+00   .000E+00     190   .7725E-06
      42.75000   .205E-06  -.277E-06   .877E-05  -.888E-05   .000E+00   .000E+00   .246E-06   .000E+00   .282E-06   .000E+00   .000E+00   .000E+00     191   .8174E-06
      43.00000   .205E-06  -.282E-06   .882E-05  -.895E-05   .000E+00   .000E+00   .247E-06   .000E+00   .286E-06   .000E+00   .000E+00   .000E+00     192   .8623E-06
      43.25000   .205E-06  -.286E-06   .887E-05  -.902E-05   .000E+00   .000E+00   .248E-06   .000E+00   .290E-06   .000E+00   .000E+00   .000E+00     193   .9071E-06
      43.50000   .205E-06  -.290E-06   .893E-05  -.909E-05   .000E+00   .000E+00   .248E-06   .000E+00   .294E-06   .000E+00   .000E+00   .000E+00     194   .9520E-06
      43.75000   .205E-06  -.293E-06   .898E-05  -.917E-05   .000E+00   .000E+00   .249E-06   .000E+00   .297E-06   .000E+00   .000E+00   .000E+00     195   .9969E-06
      44.00000   .205E-06  -.297E-06   .903E-05  -.924E-05   .000E+00   .000E+00   .250E-06   .000E+00   .301E-06   .000E+00   .000E+00   .000E+00     196   .1042E-05
      44.25000   .205E-06  -.300E-06   .908E-05  -.931E-05   .000E+00   .000E+00   .251E-06   .000E+00   .304E-06   .000E+00   .000E+00   .000E+00     197   .1087E-05
      44.50000   .205E-06  -.303E-06   .913E-05  -.939E-05   .000E+00   .000E+00   .252E-06   .000E+00   .307E-06   .000E+00   .000E+00   .000E+00     198   .1132E-05
      44.75000   .205E-06  -.306E-06   .918E-05  -.947E-05   .000E+00   .000E+00   .252E-06   .000E+00   .310E-06   .000E+00   .000E+00   .000E+00     199   .1176E-05
      45.00000   .205E-06  -.309E-06   .923E-05  -.954E-05   .000E+00   .000E+00   .253E-06   .000E+00   .313E-06   .000E+00   .000E+00   .000E+00     200   .1221E-05
      45.25000   .205E-06  -.312E-06   .928E-05  -.962E-05   .000E+00   .000E+00   .254E-06   .000E+00   .315E-06   .000E+00   .000E+00   .000E+00     201   .1266E-05
      45.50000   .205E-06  -.314E-06   .934E-05  -.970E-05   .000E+00   .000E+00   .254E-06   .000E+00   .318E-06   .000E+00   .000E+00   .000E+00     202   .1311E-05
      45.75000   .205E-06  -.317E-06   .939E-05  -.978E-05   .000E+00   .000E+00   .255E-06   .000E+00   .320E-06   .000E+00   .000E+00   .000E+00     203   .1356E-05
      46.00000   .205E-06  -.319E-06   .944E-05  -.986E-05   .000E+00   .000E+00   .256E-06   .000E+00   .322E-06   .000E+00   .000E+00   .000E+00     204   .1401E-05
      46.25000   .205E-06  -.321E-06   .949E-05  -.994E-05   .000E+00   .000E+00   .256E-06   .000E+00   .325E-06   .000E+00   .000E+00   .000E+00     205   .1446E-05
      46.50000   .205E-06  -.324E-06   .954E-05  -.100E-04   .000E+00   .000E+00   .257E-06   .000E+00   .327E-06   .000E+00   .000E+00   .000E+00     206   .1491E-05
      46.75000   .205E-06  -.326E-06   .959E-05  -.101E-04   .000E+00   .000E+00   .257E-06   .000E+00   .329E-06   .000E+00   .000E+00   .000E+00     207   .1536E-05
      47.00000   .205E-06  -.328E-06   .964E-05  -.102E-04   .000E+00   .000E+00   .258E-06   .000E+00   .331E-06   .000E+00   .000E+00   .000E+00     208   .1581E-05
      47.25000   .205E-06  -.330E-06   .970E-05  -.103E-04   .000E+00   .000E+00   .259E-06   .000E+00   .333E-06   .000E+00   .000E+00   .000E+00     209   .1625E-05
      47.50000   .205E-06  -.331E-06   .975E-05  -.103E-04   .000E+00   .000E+00   .259E-06   .000E+00   .335E-06   .000E+00   .000E+00   .000E+00     210   .1670E-05
      47.75000   .205E-06  -.333E-06   .980E-05  -.104E-04   .000E+00   .000E+00   .260E-06   .000E+00   .336E-06   .000E+00   .000E+00   .000E+00     211   .1715E-05
      48.00000   .205E-06  -.335E-06   .985E-05  -.105E-04   .000E+00   .000E+00   .260E-06   .000E+00   .338E-06   .000E+00   .000E+00   .000E+00     212   .1760E-05
      48.25000   .205E-06  -.337E-06   .990E-05  -.106E-04   .000E+00   .000E+00   .260E-06   .000E+00   .340E-06   .000E+00   .000E+00   .000E+00     213   .1805E-05
      48.50000   .205E-06  -.338E-06   .995E-05  -.107E-04   .000E+00   .000E+00   .261E-06   .000E+00   .341E-06   .000E+00   .000E+00   .000E+00     214   .1850E-05
      48.75000   .205E-06  -.340E-06   .100E-04  -.108E-04   .000E+00   .000E+00   .261E-06   .000E+00   .343E-06   .000E+00   .000E+00   .000E+00     215   .1895E-05
      49.00000   .205E-06  -.341E-06   .101E-04  -.109E-04   .000E+00   .000E+00   .262E-06   .000E+00   .344E-06   .000E+00   .000E+00   .000E+00     216   .1940E-05
      49.25000   .205E-06  -.343E-06   .101E-04  -.109E-04   .000E+00   .000E+00   .262E-06   .000E+00   .346E-06   .000E+00   .000E+00   .000E+00     217   .1985E-05
      49.50000   .205E-06  -.344E-06   .102E-04  -.110E-04   .000E+00   .000E+00   .263E-06   .000E+00   .347E-06   .000E+00   .000E+00   .000E+00     218   .2030E-05
      49.75000   .205E-06  -.345E-06   .102E-04  -.111E-04   .000E+00   .000E+00   .263E-06   .000E+00   .348E-06   .000E+00   .000E+00   .000E+00     219   .2075E-05
      50.00000   .205E-06  -.347E-06   .103E-04  -.112E-04   .000E+00   .000E+00   .263E-06   .000E+00   .350E-06   .000E+00   .000E+00   .000E+00     220   .2120E-05
end
