 ******* Program HYDRUS
 ******* Infiltration and drainage in a large caisson                           
  
 Date:   1.10.    Time:  14: 1: 5
 Units: L = cm   , T = hours, M = mmol 

-----------------------------------------------------
 Time       [T]       .0000
-----------------------------------------------------
 Sub-region num.                   1
-----------------------------------------------------
 Area     [L]         .600E+03   .600E+03
 W-volume [L]         .198E+03   .198E+03
 In-flow  [L/T]       .000E+00   .000E+00
 h Mean   [L]        -.417E-04  -.417E-04
 Top Flux [L/T]      -.247E+02
 Bot Flux [L/T]      -.250E+02
-----------------------------------------------------

-----------------------------------------------------
 Time       [T]      1.0000
-----------------------------------------------------
 Sub-region num.                   1
-----------------------------------------------------
 Area     [L]         .600E+03   .600E+03
 W-volume [L]         .186E+03   .186E+03
 In-flow  [L/T]      -.865E+01  -.865E+01
 h Mean   [L]        -.246E+02  -.246E+02
 Top Flux [L/T]      -.549E-01
 Bot Flux [L/T]      -.865E+01
 WatBalT  [L]        -.244E-03
 WatBalR  [%]             .002
-----------------------------------------------------

-----------------------------------------------------
 Time       [T]      4.0000
-----------------------------------------------------
 Sub-region num.                   1
-----------------------------------------------------
 Area     [L]         .600E+03   .600E+03
 W-volume [L]         .170E+03   .170E+03
 In-flow  [L/T]      -.358E+01  -.358E+01
 h Mean   [L]        -.496E+02  -.496E+02
 Top Flux [L/T]      -.163E-01
 Bot Flux [L/T]      -.358E+01
 WatBalT  [L]        -.261E-03
 WatBalR  [%]             .001
-----------------------------------------------------

-----------------------------------------------------
 Time       [T]     20.0000
-----------------------------------------------------
 Sub-region num.                   1
-----------------------------------------------------
 Area     [L]         .600E+03   .600E+03
 W-volume [L]         .146E+03   .146E+03
 In-flow  [L/T]      -.797E+00  -.797E+00
 h Mean   [L]        -.974E+02  -.974E+02
 Top Flux [L/T]      -.251E-02
 Bot Flux [L/T]      -.797E+00
 WatBalT  [L]        -.225E-03
 WatBalR  [%]             .000
-----------------------------------------------------

-----------------------------------------------------
 Time       [T]    100.0000
-----------------------------------------------------
 Sub-region num.                   1
-----------------------------------------------------
 Area     [L]         .600E+03   .600E+03
 W-volume [L]         .123E+03   .123E+03
 In-flow  [L/T]      -.119E+00  -.119E+00
 h Mean   [L]        -.169E+03  -.169E+03
 Top Flux [L/T]      -.412E-03
 Bot Flux [L/T]      -.119E+00
 WatBalT  [L]        -.313E-03
 WatBalR  [%]             .000
-----------------------------------------------------
