 ******* Program HYDRUS
 ******* Infiltration and drainage in a large caisson                           
  
 Date:   1.10.    Time:  14: 1: 5
 Units: L = cm   , T = hours, M = mmol 



                             Node(  1)                      Node( 21)                      Node( 41)                      Node( 61)                      Node( 81)

       time         h        theta    Temp         h        theta    Temp         h        theta    Temp         h        theta    Temp         h        theta    Temp   
          .000       -.126   .3308     .000         -.033   .3308     .000         -.027   .3308     .000         -.020   .3308     .000         -.013   .3308     .000
          .000       -.226   .3308     .000         -.005   .3308     .000         -.004   .3308     .000         -.003   .3308     .000         -.002   .3308     .000
          .000       -.327   .3308     .000         -.009   .3308     .000         -.007   .3308     .000         -.006   .3308     .000         -.003   .3308     .000
          .000       -.409   .3308     .000         -.002   .3308     .000          .000   .3308     .000          .000   .3308     .000          .000   .3308     .000
          .000       -.504   .3307     .000         -.034   .3308     .000         -.022   .3308     .000         -.009   .3308     .000         -.005   .3308     .000
          .000       -.611   .3307     .000         -.006   .3308     .000         -.003   .3308     .000         -.002   .3308     .000         -.002   .3308     .000
          .000       -.735   .3307     .000         -.033   .3308     .000         -.033   .3308     .000         -.024   .3308     .000          .040   .3308     .000
          .000       -.875   .3306     .000         -.005   .3308     .000         -.005   .3308     .000         -.007   .3308     .000          .051   .3308     .000
          .000      -1.035   .3306     .000          .000   .3308     .000          .000   .3308     .000         -.005   .3308     .000         -.061   .3308     .000
          .000      -1.179   .3306     .000         -.025   .3308     .000         -.016   .3308     .000         -.016   .3308     .000         -.005   .3308     .000
          .000      -1.346   .3305     .000          .024   .3308     .000         -.020   .3308     .000          .015   .3308     .000          .815   .3308     .000
          .000      -1.456   .3305     .000          .070   .3308     .000          .032   .3308     .000          .001   .3308     .000          .118   .3308     .000
          .000      -1.583   .3304     .000         -.005   .3308     .000         -.014   .3308     .000          .000   .3308     .000         -.003   .3308     .000
          .000      -1.740   .3304     .000          .103   .3308     .000          .019   .3308     .000         -.020   .3308     .000          .027   .3308     .000
          .000      -1.807   .3303     .000          .228   .3308     .000         -.011   .3308     .000          .298   .3308     .000         6.785   .3308     .000
          .000      -1.851   .3303     .000         -.001   .3308     .000         -.016   .3308     .000         -.002   .3308     .000         -.003   .3308     .000
          .000      -1.892   .3303     .000         -.004   .3308     .000         -.013   .3308     .000          .008   .3308     .000          .020   .3308     .000
          .000      -1.933   .3303     .000         -.009   .3308     .000         -.015   .3308     .000          .012   .3308     .000          .281   .3308     .000
          .000      -1.973   .3303     .000         -.011   .3308     .000         -.002   .3308     .000          .038   .3308     .000          .127   .3308     .000
          .000      -2.024   .3303     .000         -.008   .3308     .000          .001   .3308     .000          .067   .3308     .000         -.009   .3308     .000
          .000      -2.090   .3302     .000         -.009   .3308     .000          .430   .3308     .000          .766   .3308     .000         -.007   .3308     .000
          .000      -2.136   .3302     .000         -.010   .3308     .000          .013   .3308     .000          .147   .3308     .000          .049   .3308     .000
          .000      -2.195   .3302     .000         -.011   .3308     .000          .034   .3308     .000          .002   .3308     .000          .619   .3308     .000
          .000      -2.235   .3302     .000         -.012   .3308     .000          .062   .3308     .000         -.004   .3308     .000         -.035   .3308     .000
          .000      -2.287   .3302     .000         -.012   .3308     .000          .096   .3308     .000          .079   .3308     .000         -.003   .3308     .000
          .000      -2.349   .3301     .000         -.014   .3308     .000         -.002   .3308     .000         -.008   .3308     .000         1.083   .3308     .000
          .000      -2.390   .3301     .000         -.012   .3308     .000         -.004   .3308     .000          .003   .3308     .000         -.017   .3308     .000
          .000      -2.443   .3301     .000         -.013   .3308     .000          .150   .3308     .000          .193   .3308     .000         -.010   .3308     .000
          .000      -2.511   .3301     .000         -.014   .3308     .000          .817   .3308     .000          .936   .3308     .000          .039   .3308     .000
          .000      -2.597   .3300     .000         -.013   .3308     .000         -.047   .3308     .000          .120   .3308     .000          .162   .3308     .000
          .000      -2.707   .3300     .000         -.010   .3308     .000          .039   .3308     .000         -.056   .3308     .000          .028   .3308     .000
          .000      -2.782   .3299     .000          .001   .3308     .000          .114   .3308     .000         -.029   .3308     .000          .011   .3308     .000
          .000      -2.878   .3299     .000         -.002   .3308     .000         -.046   .3308     .000          .779   .3308     .000          .126   .3308     .000
          .000      -2.941   .3299     .000          .119   .3308     .000         -.032   .3308     .000          .141   .3308     .000          .944   .3308     .000
          .000      -2.999   .3298     .000         -.001   .3308     .000         -.019   .3308     .000         -.003   .3308     .000         -.049   .3308     .000
          .000      -3.057   .3298     .000          .009   .3308     .000         -.018   .3308     .000          .010   .3308     .000         -.006   .3308     .000
          .000      -3.130   .3298     .000         -.009   .3308     .000         -.015   .3308     .000          .161   .3308     .000          .008   .3308     .000
          .000      -3.181   .3297     .000         -.015   .3308     .000          .073   .3308     .000          .015   .3308     .000          .527   .3308     .000
          .000      -3.231   .3297     .000         -.015   .3308     .000         -.029   .3308     .000          .032   .3308     .000         -.042   .3308     .000
          .000      -3.296   .3297     .000         -.023   .3308     .000         -.031   .3308     .000         1.033   .3308     .000          .013   .3308     .000
          .000      -3.340   .3297     .000         -.020   .3308     .000         -.006   .3308     .000         -.024   .3308     .000          .133   .3308     .000
          .000      -3.398   .3296     .000         -.014   .3308     .000          .033   .3308     .000         -.028   .3308     .000         -.006   .3308     .000
          .000      -3.454   .3296     .000         -.024   .3308     .000         -.045   .3308     .000         -.023   .3308     .000         -.013   .3308     .000
          .000      -3.527   .3296     .000         -.020   .3308     .000         -.042   .3308     .000          .012   .3308     .000          .065   .3308     .000
          .000      -3.598   .3295     .000         -.023   .3308     .000         -.024   .3308     .000          .007   .3308     .000          .003   .3308     .000
          .000      -3.669   .3295     .000         -.027   .3308     .000         -.046   .3308     .000          .072   .3308     .000          .016   .3308     .000
          .000      -3.732   .3295     .000         -.030   .3308     .000          .019   .3308     .000          .563   .3308     .000         -.041   .3308     .000
          .000      -3.793   .3294     .000         -.032   .3308     .000         -.014   .3308     .000         -.005   .3308     .000          .039   .3308     .000
          .000      -3.853   .3294     .000         -.033   .3308     .000          .155   .3308     .000          .007   .3308     .000          .008   .3308     .000
          .000      -3.931   .3293     .000         -.035   .3308     .000         -.021   .3308     .000          .655   .3308     .000          .013   .3308     .000
          .000      -3.984   .3293     .000         -.037   .3308     .000         -.016   .3308     .000         -.045   .3308     .000          .080   .3308     .000
          .000      -4.053   .3293     .000         -.038   .3308     .000          .043   .3308     .000         -.019   .3308     .000          .014   .3308     .000
          .000      -4.100   .3293     .000         -.040   .3308     .000          .151   .3308     .000         -.036   .3308     .000          .011   .3308     .000
          .000      -4.133   .3292     .000         -.040   .3308     .000         -.006   .3308     .000         -.009   .3308     .000          .041   .3308     .000
          .000      -4.176   .3292     .000         -.041   .3308     .000          .016   .3308     .000         -.013   .3308     .000         -.008   .3308     .000
          .000      -4.231   .3292     .000         -.042   .3308     .000         -.028   .3308     .000          .022   .3308     .000         -.002   .3308     .000
          .000      -4.285   .3291     .000         -.044   .3308     .000         -.014   .3308     .000          .022   .3308     .000         -.010   .3308     .000
          .000      -4.339   .3291     .000         -.045   .3308     .000         -.016   .3308     .000         -.012   .3308     .000         -.004   .3308     .000
          .000      -4.407   .3291     .000         -.047   .3308     .000         -.028   .3308     .000          .043   .3308     .000         -.008   .3308     .000
          .000      -4.455   .3291     .000         -.047   .3308     .000         -.022   .3308     .000          .033   .3308     .000          .005   .3308     .000
          .000      -4.502   .3290     .000         -.049   .3308     .000         -.024   .3308     .000          .032   .3308     .000         -.004   .3308     .000
          .000      -4.562   .3290     .000         -.050   .3308     .000         -.022   .3308     .000          .000   .3308     .000          .062   .3308     .000
          .000      -4.622   .3290     .000         -.052   .3308     .000         -.021   .3308     .000         -.028   .3308     .000         -.030   .3308     .000
          .000      -4.661   .3289     .000         -.053   .3308     .000         -.021   .3308     .000         -.010   .3308     .000          .004   .3308     .000
          .000      -4.709   .3289     .000         -.054   .3308     .000         -.021   .3308     .000          .015   .3308     .000         -.085   .3308     .000
          .000      -4.756   .3289     .000         -.055   .3308     .000         -.021   .3308     .000          .004   .3308     .000         -.006   .3308     .000
          .000      -4.804   .3288     .000         -.057   .3308     .000         -.022   .3308     .000         -.062   .3308     .000          .000   .3308     .000
          .000      -4.864   .3288     .000         -.059   .3308     .000         -.024   .3308     .000         -.040   .3308     .000         -.002   .3308     .000
          .000      -4.906   .3288     .000         -.060   .3308     .000         -.025   .3308     .000         -.037   .3308     .000         -.009   .3308     .000
          .000      -4.948   .3288     .000         -.061   .3308     .000         -.025   .3308     .000         -.023   .3308     .000          .009   .3308     .000
          .000      -5.001   .3287     .000         -.063   .3308     .000         -.026   .3308     .000         -.031   .3308     .000          .069   .3308     .000
          .001      -5.055   .3287     .000         -.064   .3308     .000         -.027   .3308     .000         -.020   .3308     .000         -.024   .3308     .000
          .001      -5.107   .3287     .000         -.066   .3308     .000         -.028   .3308     .000          .010   .3308     .000         -.030   .3308     .000
          .001      -5.159   .3286     .000         -.068   .3308     .000         -.029   .3308     .000         -.035   .3308     .000         -.039   .3308     .000
          .001      -5.211   .3286     .000         -.069   .3308     .000         -.029   .3308     .000          .248   .3308     .000         -.033   .3308     .000
          .001      -5.262   .3286     .000         -.071   .3308     .000         -.030   .3308     .000          .023   .3308     .000         -.030   .3308     .000
          .001      -5.312   .3285     .000         -.072   .3308     .000         -.030   .3308     .000          .037   .3308     .000         -.038   .3308     .000
          .001      -5.362   .3285     .000         -.073   .3308     .000         -.031   .3308     .000          .033   .3308     .000         -.029   .3308     .000
          .001      -5.426   .3285     .000         -.076   .3308     .000         -.033   .3308     .000         -.045   .3308     .000          .024   .3308     .000
          .001      -5.490   .3284     .000         -.078   .3308     .000         -.034   .3308     .000         -.034   .3308     .000         -.017   .3308     .000
          .001      -5.552   .3284     .000         -.080   .3308     .000         -.035   .3308     .000          .002   .3308     .000          .108   .3308     .000
          .001      -5.614   .3283     .000         -.082   .3308     .000         -.036   .3308     .000          .049   .3308     .000          .021   .3308     .000
          .001      -5.676   .3283     .000         -.083   .3308     .000         -.037   .3308     .000          .031   .3308     .000          .075   .3308     .000
          .001      -5.736   .3283     .000         -.086   .3308     .000         -.038   .3308     .000         -.031   .3308     .000         -.085   .3308     .000
          .001      -5.778   .3282     .000         -.087   .3308     .000         -.039   .3308     .000         -.018   .3308     .000         -.010   .3308     .000
          .001      -5.832   .3282     .000         -.089   .3308     .000         -.039   .3308     .000         -.038   .3308     .000         -.002   .3308     .000
          .001      -5.897   .3282     .000         -.091   .3308     .000         -.040   .3308     .000         -.098   .3308     .000          .022   .3308     .000
          .001      -5.918   .3281     .000         -.092   .3308     .000         -.041   .3308     .000         -.040   .3308     .000          .076   .3308     .000
          .001      -5.939   .3281     .000         -.093   .3308     .000         -.041   .3308     .000         -.051   .3308     .000         -.001   .3308     .000
          .001      -5.965   .3281     .000         -.093   .3308     .000         -.042   .3308     .000         -.045   .3308     .000          .000   .3308     .000
          .001      -6.000   .3281     .000         -.095   .3308     .000         -.042   .3308     .000         -.033   .3308     .000         -.011   .3308     .000
          .001      -6.045   .3280     .000         -.097   .3308     .000         -.043   .3308     .000         -.035   .3308     .000         -.031   .3308     .000
          .001      -6.102   .3280     .000         -.099   .3308     .000         -.044   .3308     .000         -.022   .3308     .000         -.017   .3308     .000
          .001      -6.159   .3280     .000         -.101   .3308     .000         -.045   .3308     .000         -.026   .3308     .000          .186   .3308     .000
          .001      -6.215   .3279     .000         -.104   .3308     .000         -.046   .3308     .000          .040   .3308     .000         -.060   .3308     .000
          .001      -6.271   .3279     .000         -.106   .3308     .000         -.047   .3308     .000          .027   .3308     .000         -.038   .3308     .000
          .001      -6.326   .3279     .000         -.108   .3308     .000         -.048   .3308     .000          .008   .3308     .000         -.050   .3308     .000
          .001      -6.365   .3278     .000         -.110   .3308     .000         -.049   .3308     .000         -.012   .3308     .000         -.045   .3308     .000
          .001      -6.414   .3278     .000         -.112   .3308     .000         -.050   .3308     .000         -.027   .3308     .000         -.053   .3308     .000
          .001      -6.464   .3278     .000         -.114   .3308     .000         -.051   .3308     .000         -.036   .3308     .000         -.013   .3308     .000
          .001      -6.512   .3277     .000         -.116   .3308     .000         -.053   .3308     .000         -.040   .3308     .000         -.025   .3308     .000
          .001      -6.575   .3277     .000         -.119   .3308     .000         -.054   .3308     .000         -.037   .3308     .000         -.088   .3308     .000
          .001      -6.619   .3276     .000         -.121   .3308     .000         -.054   .3308     .000         -.038   .3308     .000         -.020   .3308     .000
          .001      -6.640   .3276     .000         -.122   .3308     .000         -.055   .3308     .000         -.038   .3308     .000         -.020   .3308     .000
          .001      -6.662   .3276     .000         -.123   .3308     .000         -.056   .3308     .000         -.038   .3308     .000         -.018   .3308     .000
          .001      -6.694   .3276     .000         -.124   .3308     .000         -.056   .3308     .000         -.038   .3308     .000         -.023   .3308     .000
          .001      -6.735   .3276     .000         -.126   .3308     .000         -.057   .3308     .000         -.037   .3308     .000         -.012   .3308     .000
          .001      -6.787   .3275     .000         -.129   .3308     .000         -.058   .3308     .000         -.037   .3308     .000         -.009   .3308     .000
          .001      -6.824   .3275     .000         -.130   .3308     .000         -.058   .3308     .000         -.037   .3308     .000         -.035   .3308     .000
          .001      -6.871   .3275     .000         -.132   .3308     .000         -.059   .3308     .000         -.038   .3308     .000         -.008   .3308     .000
          .001      -6.931   .3274     .000         -.135   .3308     .000         -.060   .3308     .000         -.038   .3308     .000          .033   .3308     .000
          .001      -6.991   .3274     .000         -.138   .3308     .000         -.062   .3308     .000         -.039   .3308     .000          .000   .3308     .000
          .001      -7.032   .3274     .000         -.140   .3308     .000         -.063   .3308     .000         -.039   .3308     .000         -.027   .3308     .000
          .001      -7.074   .3273     .000         -.142   .3308     .000         -.063   .3308     .000         -.040   .3308     .000         -.025   .3308     .000
          .001      -7.127   .3273     .000         -.144   .3308     .000         -.065   .3308     .000         -.041   .3308     .000         -.030   .3308     .000
          .001      -7.149   .3273     .000         -.145   .3308     .000         -.065   .3308     .000         -.041   .3308     .000         -.032   .3308     .000
          .001      -7.172   .3273     .000         -.146   .3308     .000         -.065   .3308     .000         -.042   .3308     .000         -.033   .3308     .000
          .001      -7.202   .3272     .000         -.148   .3308     .000         -.066   .3308     .000         -.042   .3308     .000         -.034   .3308     .000
          .001      -7.240   .3272     .000         -.149   .3308     .000         -.067   .3308     .000         -.043   .3308     .000         -.033   .3308     .000
          .001      -7.289   .3272     .000         -.152   .3308     .000         -.068   .3308     .000         -.044   .3308     .000         -.033   .3308     .000
          .001      -7.323   .3272     .000         -.154   .3308     .000         -.069   .3308     .000         -.044   .3308     .000         -.035   .3308     .000
          .001      -7.367   .3271     .000         -.156   .3308     .000         -.070   .3308     .000         -.044   .3308     .000         -.036   .3308     .000
          .001      -7.409   .3271     .000         -.158   .3308     .000         -.070   .3308     .000         -.045   .3308     .000         -.033   .3308     .000
          .001      -7.428   .3271     .000         -.159   .3308     .000         -.071   .3308     .000         -.045   .3308     .000         -.034   .3308     .000
          .001      -7.448   .3271     .000         -.160   .3308     .000         -.071   .3308     .000         -.046   .3308     .000         -.034   .3308     .000
          .001      -7.477   .3270     .000         -.162   .3308     .000         -.072   .3308     .000         -.046   .3308     .000         -.031   .3308     .000
          .001      -7.514   .3270     .000         -.164   .3308     .000         -.072   .3308     .000         -.047   .3308     .000         -.031   .3308     .000
          .001      -7.551   .3270     .000         -.166   .3308     .000         -.073   .3308     .000         -.047   .3308     .000         -.031   .3308     .000
          .001      -7.599   .3269     .000         -.169   .3308     .000         -.074   .3308     .000         -.048   .3308     .000         -.032   .3308     .000
          .001      -7.646   .3269     .000         -.172   .3308     .000         -.076   .3308     .000         -.049   .3308     .000         -.041   .3308     .000
          .001      -7.669   .3269     .000         -.173   .3308     .000         -.076   .3308     .000         -.049   .3308     .000         -.034   .3308     .000
          .001      -7.693   .3269     .000         -.174   .3308     .000         -.077   .3308     .000         -.050   .3308     .000         -.046   .3308     .000
          .001      -7.728   .3268     .000         -.177   .3308     .000         -.078   .3308     .000         -.050   .3308     .000         -.025   .3308     .000
          .001      -7.772   .3268     .000         -.179   .3308     .000         -.079   .3308     .000         -.051   .3308     .000         -.009   .3308     .000
          .001      -7.816   .3268     .000         -.181   .3308     .000         -.081   .3308     .000         -.052   .3308     .000         -.021   .3308     .000
          .001      -7.860   .3267     .000         -.184   .3308     .000         -.082   .3308     .000         -.053   .3308     .000         -.020   .3308     .000
          .001      -7.904   .3267     .000         -.186   .3308     .000         -.083   .3308     .000         -.054   .3308     .000         -.037   .3308     .000
          .001      -7.947   .3267     .000         -.189   .3308     .000         -.084   .3308     .000         -.055   .3308     .000         -.045   .3308     .000
          .001      -7.990   .3266     .000         -.192   .3308     .000         -.086   .3308     .000         -.055   .3308     .000         -.046   .3308     .000
          .001      -8.033   .3266     .000         -.194   .3308     .000         -.087   .3308     .000         -.056   .3308     .000         -.042   .3308     .000
          .002      -8.076   .3266     .000         -.197   .3308     .000         -.088   .3308     .000         -.056   .3308     .000         -.044   .3308     .000
          .002      -8.118   .3265     .000         -.200   .3308     .000         -.089   .3308     .000         -.057   .3308     .000         -.045   .3308     .000
          .002      -8.160   .3265     .000         -.202   .3308     .000         -.090   .3308     .000         -.057   .3308     .000         -.045   .3308     .000
          .002      -8.201   .3265     .000         -.205   .3308     .000         -.091   .3308     .000         -.058   .3308     .000         -.045   .3308     .000
          .002      -8.243   .3264     .000         -.208   .3308     .000         -.092   .3308     .000         -.058   .3308     .000         -.045   .3308     .000
          .002      -8.296   .3264     .000         -.211   .3308     .000         -.093   .3308     .000         -.060   .3308     .000         -.045   .3308     .000
          .002      -8.349   .3264     .000         -.215   .3308     .000         -.095   .3308     .000         -.061   .3308     .000         -.045   .3308     .000
          .002      -8.401   .3263     .000         -.218   .3308     .000         -.096   .3308     .000         -.062   .3308     .000         -.045   .3308     .000
          .002      -8.468   .3263     .000         -.222   .3308     .000         -.098   .3308     .000         -.063   .3308     .000         -.046   .3308     .000
          .002      -8.515   .3262     .000         -.226   .3308     .000         -.099   .3308     .000         -.064   .3308     .000         -.046   .3308     .000
          .002      -8.576   .3262     .000         -.229   .3308     .000         -.101   .3308     .000         -.065   .3308     .000         -.048   .3308     .000
          .002      -8.604   .3262     .000         -.231   .3308     .000         -.102   .3308     .000         -.066   .3308     .000         -.048   .3308     .000
          .002      -8.635   .3261     .000         -.233   .3308     .000         -.103   .3308     .000         -.066   .3308     .000         -.049   .3308     .000
          .002      -8.669   .3261     .000         -.236   .3308     .000         -.104   .3308     .000         -.067   .3308     .000         -.049   .3308     .000
          .002      -8.712   .3261     .000         -.238   .3308     .000         -.106   .3308     .000         -.068   .3308     .000         -.050   .3308     .000
          .002      -8.755   .3260     .000         -.241   .3308     .000         -.107   .3308     .000         -.069   .3308     .000         -.050   .3308     .000
          .002      -8.798   .3260     .000         -.244   .3308     .000         -.108   .3308     .000         -.069   .3308     .000         -.052   .3308     .000
          .002      -8.853   .3260     .000         -.248   .3308     .000         -.110   .3308     .000         -.070   .3308     .000         -.052   .3308     .000
          .002      -8.908   .3259     .000         -.252   .3308     .000         -.112   .3308     .000         -.071   .3308     .000         -.053   .3308     .000
          .002      -8.962   .3259     .000         -.256   .3308     .000         -.113   .3308     .000         -.072   .3308     .000         -.054   .3308     .000
          .002      -9.016   .3258     .000         -.260   .3308     .000         -.115   .3308     .000         -.073   .3308     .000         -.054   .3308     .000
          .002      -9.085   .3258     .000         -.265   .3308     .000         -.117   .3308     .000         -.075   .3308     .000         -.055   .3308     .000
          .002      -9.154   .3257     .000         -.270   .3308     .000         -.119   .3308     .000         -.076   .3308     .000         -.056   .3308     .000
          .002      -9.222   .3257     .000         -.275   .3308     .000         -.121   .3308     .000         -.078   .3308     .000         -.057   .3308     .000
          .002      -9.289   .3256     .000         -.280   .3308     .000         -.123   .3308     .000         -.079   .3308     .000         -.058   .3308     .000
          .002      -9.353   .3256     .000         -.285   .3308     .000         -.126   .3308     .000         -.081   .3308     .000         -.058   .3308     .000
          .002      -9.413   .3255     .000         -.290   .3308     .000         -.128   .3308     .000         -.082   .3308     .000         -.060   .3308     .000
          .002      -9.473   .3255     .000         -.295   .3308     .000         -.130   .3308     .000         -.084   .3308     .000         -.060   .3308     .000
          .002      -9.532   .3254     .000         -.300   .3308     .000         -.133   .3308     .000         -.086   .3308     .000         -.062   .3308     .000
          .002      -9.591   .3254     .000         -.305   .3308     .000         -.135   .3308     .000         -.087   .3308     .000         -.063   .3308     .000
          .002      -9.649   .3253     .000         -.310   .3308     .000         -.137   .3308     .000         -.088   .3308     .000         -.064   .3308     .000
          .002      -9.707   .3253     .000         -.315   .3308     .000         -.139   .3308     .000         -.089   .3308     .000         -.066   .3308     .000
          .002      -9.765   .3252     .000         -.320   .3308     .000         -.141   .3308     .000         -.090   .3308     .000         -.067   .3308     .000
          .002      -9.822   .3252     .000         -.325   .3308     .000         -.143   .3308     .000         -.091   .3308     .000         -.068   .3308     .000
          .003      -9.878   .3251     .000         -.330   .3308     .000         -.145   .3308     .000         -.093   .3308     .000         -.069   .3308     .000
          .003      -9.918   .3251     .000         -.334   .3308     .000         -.147   .3308     .000         -.094   .3308     .000         -.070   .3308     .000
          .003      -9.957   .3251     .000         -.338   .3308     .000         -.148   .3308     .000         -.095   .3308     .000         -.070   .3308     .000
          .003     -10.008   .3250     .000         -.342   .3308     .000         -.150   .3308     .000         -.096   .3308     .000         -.071   .3308     .000
          .003     -10.073   .3250     .000         -.348   .3308     .000         -.153   .3308     .000         -.098   .3308     .000         -.072   .3308     .000
          .003     -10.138   .3249     .000         -.354   .3308     .000         -.155   .3308     .000         -.100   .3308     .000         -.073   .3308     .000
          .003     -10.202   .3249     .000         -.360   .3308     .000         -.158   .3308     .000         -.101   .3308     .000         -.074   .3308     .000
          .003     -10.247   .3248     .000         -.364   .3308     .000         -.160   .3308     .000         -.103   .3308     .000         -.075   .3308     .000
          .003     -10.292   .3248     .000         -.368   .3308     .000         -.162   .3308     .000         -.104   .3308     .000         -.076   .3308     .000
          .003     -10.349   .3247     .000         -.373   .3308     .000         -.165   .3308     .000         -.105   .3308     .000         -.077   .3308     .000
          .003     -10.424   .3247     .000         -.380   .3308     .000         -.168   .3308     .000         -.107   .3308     .000         -.079   .3308     .000
          .003     -10.475   .3246     .000         -.385   .3308     .000         -.170   .3308     .000         -.109   .3308     .000         -.080   .3308     .000
          .003     -10.526   .3246     .000         -.389   .3308     .000         -.172   .3308     .000         -.110   .3308     .000         -.081   .3308     .000
          .003     -10.593   .3245     .000         -.396   .3308     .000         -.175   .3308     .000         -.112   .3308     .000         -.082   .3308     .000
          .003     -10.624   .3245     .000         -.399   .3308     .000         -.176   .3308     .000         -.112   .3308     .000         -.083   .3308     .000
          .003     -10.657   .3245     .000         -.402   .3308     .000         -.178   .3308     .000         -.113   .3308     .000         -.084   .3308     .000
          .003     -10.706   .3244     .000         -.407   .3308     .000         -.179   .3308     .000         -.114   .3308     .000         -.085   .3308     .000
          .003     -10.767   .3244     .000         -.414   .3308     .000         -.182   .3308     .000         -.116   .3308     .000         -.086   .3308     .000
          .003     -10.847   .3243     .000         -.422   .3307     .000         -.185   .3308     .000         -.118   .3308     .000         -.087   .3308     .000
          .003     -10.925   .3242     .000         -.430   .3307     .000         -.188   .3308     .000         -.120   .3308     .000         -.089   .3308     .000
          .003     -10.980   .3242     .000         -.435   .3307     .000         -.190   .3308     .000         -.122   .3308     .000         -.089   .3308     .000
          .003     -11.051   .3241     .000         -.443   .3307     .000         -.194   .3308     .000         -.124   .3308     .000         -.091   .3308     .000
          .003     -11.084   .3241     .000         -.446   .3307     .000         -.195   .3308     .000         -.125   .3308     .000         -.091   .3308     .000
          .003     -11.119   .3241     .000         -.449   .3307     .000         -.197   .3308     .000         -.126   .3308     .000         -.092   .3308     .000
          .003     -11.171   .3240     .000         -.455   .3307     .000         -.200   .3308     .000         -.128   .3308     .000         -.093   .3308     .000
          .003     -11.236   .3240     .000         -.461   .3307     .000         -.203   .3308     .000         -.130   .3308     .000         -.095   .3308     .000
          .004     -11.319   .3239     .000         -.469   .3307     .000         -.207   .3308     .000         -.132   .3308     .000         -.096   .3308     .000
          .004     -11.401   .3238     .000         -.478   .3307     .000         -.211   .3308     .000         -.135   .3308     .000         -.098   .3308     .000
          .004     -11.459   .3238     .000         -.484   .3307     .000         -.214   .3308     .000         -.137   .3308     .000         -.100   .3308     .000
          .004     -11.515   .3237     .000         -.490   .3307     .000         -.217   .3308     .000         -.138   .3308     .000         -.101   .3308     .000
          .004     -11.555   .3237     .000         -.495   .3307     .000         -.219   .3308     .000         -.140   .3308     .000         -.102   .3308     .000
          .004     -11.606   .3237     .000         -.501   .3307     .000         -.221   .3308     .000         -.141   .3308     .000         -.104   .3308     .000
          .004     -11.671   .3236     .000         -.508   .3307     .000         -.224   .3308     .000         -.143   .3308     .000         -.105   .3308     .000
          .004     -11.736   .3235     .000         -.516   .3307     .000         -.227   .3308     .000         -.144   .3308     .000         -.107   .3308     .000
          .004     -11.816   .3235     .000         -.525   .3307     .000         -.231   .3308     .000         -.147   .3308     .000         -.109   .3308     .000
          .004     -11.869   .3234     .000         -.532   .3307     .000         -.233   .3308     .000         -.148   .3308     .000         -.110   .3308     .000
          .004     -11.923   .3234     .000         -.539   .3307     .000         -.236   .3308     .000         -.150   .3308     .000         -.111   .3308     .000
          .004     -11.992   .3233     .000         -.548   .3307     .000         -.240   .3308     .000         -.153   .3308     .000         -.112   .3308     .000
          .004     -12.081   .3232     .000         -.559   .3307     .000         -.245   .3308     .000         -.156   .3308     .000         -.114   .3308     .000
          .004     -12.169   .3231     .000         -.570   .3307     .000         -.251   .3308     .000         -.160   .3308     .000         -.116   .3308     .000
          .004     -12.231   .3231     .000         -.578   .3307     .000         -.254   .3308     .000         -.162   .3308     .000         -.118   .3308     .000
          .004     -12.292   .3230     .000         -.585   .3307     .000         -.258   .3308     .000         -.164   .3308     .000         -.120   .3308     .000
          .004     -12.353   .3230     .000         -.593   .3307     .000         -.262   .3308     .000         -.167   .3308     .000         -.121   .3308     .000
          .005     -12.413   .3229     .000         -.600   .3307     .000         -.265   .3308     .000         -.169   .3308     .000         -.123   .3308     .000
          .005     -12.491   .3228     .000         -.610   .3307     .000         -.270   .3308     .000         -.172   .3308     .000         -.126   .3308     .000
          .005     -12.592   .3227     .000         -.624   .3307     .000         -.276   .3308     .000         -.176   .3308     .000         -.129   .3308     .000
          .005     -12.662   .3227     .000         -.633   .3307     .000         -.280   .3308     .000         -.178   .3308     .000         -.131   .3308     .000
          .005     -12.731   .3226     .000         -.643   .3307     .000         -.284   .3308     .000         -.180   .3308     .000         -.133   .3308     .000
          .005     -12.821   .3225     .000         -.655   .3307     .000         -.288   .3308     .000         -.183   .3308     .000         -.136   .3308     .000
          .005     -12.863   .3225     .000         -.661   .3307     .000         -.291   .3308     .000         -.184   .3308     .000         -.137   .3308     .000
          .005     -12.909   .3225     .000         -.667   .3307     .000         -.293   .3308     .000         -.186   .3308     .000         -.138   .3308     .000
          .005     -12.974   .3224     .000         -.676   .3307     .000         -.297   .3308     .000         -.189   .3308     .000         -.139   .3308     .000
          .005     -13.038   .3223     .000         -.685   .3307     .000         -.301   .3308     .000         -.191   .3308     .000         -.141   .3308     .000
          .005     -13.121   .3223     .000         -.697   .3307     .000         -.306   .3308     .000         -.194   .3308     .000         -.143   .3308     .000
          .005     -13.227   .3222     .000         -.712   .3307     .000         -.313   .3308     .000         -.199   .3308     .000         -.146   .3308     .000
          .005     -13.331   .3221     .000         -.726   .3307     .000         -.320   .3308     .000         -.204   .3308     .000         -.149   .3308     .000
          .006     -13.434   .3220     .000         -.740   .3307     .000         -.327   .3308     .000         -.208   .3308     .000         -.152   .3308     .000
          .006     -13.536   .3219     .000         -.754   .3307     .000         -.334   .3308     .000         -.213   .3308     .000         -.155   .3308     .000
          .006     -13.636   .3218     .000         -.769   .3307     .000         -.341   .3308     .000         -.217   .3308     .000         -.158   .3308     .000
          .006     -13.735   .3217     .000         -.784   .3307     .000         -.347   .3308     .000         -.221   .3308     .000         -.162   .3308     .000
          .006     -13.833   .3216     .000         -.799   .3307     .000         -.354   .3308     .000         -.225   .3308     .000         -.165   .3308     .000
          .006     -13.929   .3215     .000         -.814   .3307     .000         -.360   .3308     .000         -.228   .3308     .000         -.168   .3308     .000
          .006     -14.025   .3214     .000         -.829   .3307     .000         -.366   .3308     .000         -.232   .3308     .000         -.172   .3308     .000
          .006     -14.119   .3213     .000         -.844   .3307     .000         -.372   .3308     .000         -.236   .3308     .000         -.174   .3308     .000
          .006     -14.213   .3212     .000         -.859   .3307     .000         -.378   .3308     .000         -.240   .3308     .000         -.177   .3308     .000
          .007     -14.305   .3212     .000         -.874   .3306     .000         -.385   .3308     .000         -.245   .3308     .000         -.180   .3308     .000
          .007     -14.424   .3210     .000         -.893   .3306     .000         -.394   .3308     .000         -.250   .3308     .000         -.183   .3308     .000
          .007     -14.506   .3210     .000         -.906   .3306     .000         -.400   .3308     .000         -.255   .3308     .000         -.186   .3308     .000
          .007     -14.588   .3209     .000         -.919   .3306     .000         -.406   .3308     .000         -.259   .3308     .000         -.188   .3308     .000
          .007     -14.693   .3208     .000         -.935   .3306     .000         -.415   .3308     .000         -.264   .3308     .000         -.192   .3308     .000
          .007     -14.742   .3207     .000         -.943   .3306     .000         -.419   .3307     .000         -.267   .3308     .000         -.194   .3308     .000
          .007     -14.797   .3207     .000         -.952   .3306     .000         -.423   .3307     .000         -.269   .3308     .000         -.196   .3308     .000
          .007     -14.871   .3206     .000         -.964   .3306     .000         -.429   .3307     .000         -.273   .3308     .000         -.199   .3308     .000
          .007     -14.961   .3205     .000         -.981   .3306     .000         -.436   .3307     .000         -.278   .3308     .000         -.203   .3308     .000
          .008     -15.078   .3204     .000        -1.002   .3306     .000         -.446   .3307     .000         -.283   .3308     .000         -.208   .3308     .000
          .008     -15.160   .3203     .000        -1.017   .3306     .000         -.452   .3307     .000         -.287   .3308     .000         -.211   .3308     .000
          .008     -15.241   .3202     .000        -1.032   .3306     .000         -.458   .3307     .000         -.291   .3308     .000         -.214   .3308     .000
          .008     -15.322   .3202     .000        -1.048   .3306     .000         -.464   .3307     .000         -.295   .3308     .000         -.218   .3308     .000
          .008     -15.427   .3201     .000        -1.067   .3306     .000         -.472   .3307     .000         -.300   .3308     .000         -.221   .3308     .000
          .008     -15.499   .3200     .000        -1.081   .3306     .000         -.479   .3307     .000         -.304   .3308     .000         -.224   .3308     .000
          .008     -15.593   .3199     .000        -1.099   .3306     .000         -.487   .3307     .000         -.309   .3308     .000         -.227   .3308     .000
          .008     -15.714   .3198     .000        -1.121   .3306     .000         -.497   .3307     .000         -.316   .3308     .000         -.231   .3308     .000
          .009     -15.798   .3197     .000        -1.137   .3306     .000         -.505   .3307     .000         -.321   .3308     .000         -.234   .3308     .000
          .009     -15.905   .3196     .000        -1.157   .3306     .000         -.515   .3307     .000         -.328   .3308     .000         -.238   .3308     .000
          .009     -15.980   .3195     .000        -1.170   .3306     .000         -.522   .3307     .000         -.332   .3308     .000         -.241   .3308     .000
          .009     -16.053   .3194     .000        -1.184   .3306     .000         -.528   .3307     .000         -.337   .3308     .000         -.245   .3308     .000
          .009     -16.148   .3193     .000        -1.202   .3306     .000         -.537   .3307     .000         -.342   .3308     .000         -.249   .3308     .000
          .009     -16.270   .3192     .000        -1.226   .3305     .000         -.549   .3307     .000         -.349   .3308     .000         -.255   .3308     .000
          .010     -16.426   .3191     .000        -1.258   .3305     .000         -.563   .3307     .000         -.358   .3308     .000         -.262   .3308     .000
          .010     -16.533   .3190     .000        -1.280   .3305     .000         -.572   .3307     .000         -.363   .3308     .000         -.267   .3308     .000
          .010     -16.672   .3188     .000        -1.309   .3305     .000         -.584   .3307     .000         -.371   .3308     .000         -.274   .3308     .000
          .010     -16.808   .3187     .000        -1.338   .3305     .000         -.597   .3307     .000         -.379   .3308     .000         -.280   .3308     .000
          .010     -16.942   .3185     .000        -1.367   .3305     .000         -.609   .3307     .000         -.388   .3308     .000         -.285   .3308     .000
          .011     -17.075   .3184     .000        -1.395   .3305     .000         -.623   .3307     .000         -.396   .3308     .000         -.290   .3308     .000
          .011     -17.245   .3182     .000        -1.431   .3305     .000         -.640   .3307     .000         -.408   .3308     .000         -.298   .3308     .000
          .011     -17.462   .3180     .000        -1.477   .3305     .000         -.663   .3307     .000         -.423   .3307     .000         -.308   .3308     .000
          .011     -17.540   .3179     .000        -1.494   .3305     .000         -.672   .3307     .000         -.428   .3307     .000         -.312   .3308     .000
          .012     -17.624   .3179     .000        -1.512   .3305     .000         -.681   .3307     .000         -.434   .3307     .000         -.316   .3308     .000
          .012     -17.746   .3177     .000        -1.538   .3304     .000         -.694   .3307     .000         -.442   .3307     .000         -.323   .3308     .000
          .012     -17.897   .3176     .000        -1.572   .3304     .000         -.709   .3307     .000         -.451   .3307     .000         -.331   .3308     .000
          .012     -18.048   .3174     .000        -1.607   .3304     .000         -.724   .3307     .000         -.460   .3307     .000         -.339   .3308     .000
          .013     -18.240   .3172     .000        -1.652   .3304     .000         -.744   .3307     .000         -.473   .3307     .000         -.349   .3308     .000
          .013     -18.373   .3171     .000        -1.683   .3304     .000         -.758   .3307     .000         -.482   .3307     .000         -.355   .3308     .000
          .013     -18.505   .3170     .000        -1.715   .3304     .000         -.772   .3307     .000         -.492   .3307     .000         -.361   .3308     .000
          .014     -18.674   .3168     .000        -1.755   .3304     .000         -.792   .3307     .000         -.505   .3307     .000         -.369   .3308     .000
          .014     -18.834   .3166     .000        -1.794   .3304     .000         -.812   .3307     .000         -.518   .3307     .000         -.377   .3308     .000
          .014     -19.037   .3164     .000        -1.845   .3303     .000         -.837   .3307     .000         -.534   .3307     .000         -.389   .3308     .000
          .015     -19.234   .3162     .000        -1.894   .3303     .000         -.862   .3307     .000         -.550   .3307     .000         -.402   .3308     .000
          .015     -19.428   .3160     .000        -1.945   .3303     .000         -.887   .3306     .000         -.565   .3307     .000         -.414   .3308     .000
          .016     -19.676   .3157     .000        -2.011   .3303     .000         -.917   .3306     .000         -.584   .3307     .000         -.430   .3307     .000
          .016     -19.847   .3156     .000        -2.057   .3302     .000         -.938   .3306     .000         -.597   .3307     .000         -.440   .3307     .000
          .017     -20.015   .3154     .000        -2.104   .3302     .000         -.959   .3306     .000         -.612   .3307     .000         -.450   .3307     .000
          .017     -20.231   .3151     .000        -2.164   .3302     .000         -.988   .3306     .000         -.631   .3307     .000         -.462   .3307     .000
          .018     -20.442   .3149     .000        -2.222   .3302     .000        -1.018   .3306     .000         -.650   .3307     .000         -.475   .3307     .000
          .018     -20.712   .3146     .000        -2.298   .3302     .000        -1.056   .3306     .000         -.675   .3307     .000         -.493   .3307     .000
          .019     -20.898   .3144     .000        -2.349   .3301     .000        -1.083   .3306     .000         -.692   .3307     .000         -.506   .3307     .000
          .019     -21.082   .3142     .000        -2.400   .3301     .000        -1.109   .3306     .000         -.709   .3307     .000         -.519   .3307     .000
          .020     -21.316   .3140     .000        -2.467   .3301     .000        -1.141   .3306     .000         -.729   .3307     .000         -.536   .3307     .000
          .020     -21.614   .3137     .000        -2.556   .3300     .000        -1.182   .3306     .000         -.755   .3307     .000         -.557   .3307     .000
          .021     -21.905   .3134     .000        -2.644   .3300     .000        -1.225   .3305     .000         -.784   .3307     .000         -.576   .3307     .000
          .022     -22.273   .3130     .000        -2.758   .3299     .000        -1.282   .3305     .000         -.822   .3307     .000         -.601   .3307     .000
          .023     -22.525   .3127     .000        -2.835   .3299     .000        -1.322   .3305     .000         -.849   .3307     .000         -.621   .3307     .000
          .024     -22.844   .3124     .000        -2.934   .3299     .000        -1.374   .3305     .000         -.882   .3306     .000         -.646   .3307     .000
          .025     -23.153   .3120     .000        -3.030   .3298     .000        -1.424   .3305     .000         -.913   .3306     .000         -.671   .3307     .000
          .026     -23.540   .3116     .000        -3.158   .3298     .000        -1.487   .3305     .000         -.954   .3306     .000         -.703   .3307     .000
          .027     -23.799   .3113     .000        -3.248   .3297     .000        -1.531   .3304     .000         -.984   .3306     .000         -.723   .3307     .000
          .028     -24.128   .3110     .000        -3.363   .3296     .000        -1.590   .3304     .000        -1.024   .3306     .000         -.750   .3307     .000
          .029     -24.449   .3106     .000        -3.478   .3296     .000        -1.651   .3304     .000        -1.064   .3306     .000         -.779   .3307     .000
          .030     -24.764   .3103     .000        -3.589   .3295     .000        -1.711   .3304     .000        -1.103   .3306     .000         -.810   .3307     .000
          .032     -25.164   .3098     .000        -3.731   .3295     .000        -1.786   .3304     .000        -1.151   .3306     .000         -.849   .3307     .000
          .033     -25.438   .3095     .000        -3.828   .3294     .000        -1.836   .3303     .000        -1.183   .3306     .000         -.874   .3306     .000
          .034     -25.787   .3091     .000        -3.956   .3293     .000        -1.901   .3303     .000        -1.227   .3305     .000         -.906   .3306     .000
          .035     -26.127   .3087     .000        -4.084   .3293     .000        -1.968   .3303     .000        -1.274   .3305     .000         -.936   .3306     .000
          .037     -26.557   .3083     .000        -4.249   .3292     .000        -2.057   .3302     .000        -1.334   .3305     .000         -.980   .3306     .000
          .038     -26.851   .3079     .000        -4.364   .3291     .000        -2.120   .3302     .000        -1.376   .3305     .000        -1.011   .3306     .000
          .040     -27.224   .3075     .000        -4.509   .3290     .000        -2.200   .3302     .000        -1.428   .3305     .000        -1.052   .3306     .000
          .041     -27.586   .3071     .000        -4.651   .3289     .000        -2.276   .3302     .000        -1.475   .3305     .000        -1.093   .3306     .000
          .043     -28.043   .3066     .000        -4.829   .3288     .000        -2.373   .3301     .000        -1.542   .3304     .000        -1.141   .3306     .000
          .045     -28.483   .3061     .000        -5.010   .3287     .000        -2.471   .3301     .000        -1.611   .3304     .000        -1.188   .3306     .000
          .048     -29.034   .3055     .000        -5.245   .3286     .000        -2.602   .3300     .000        -1.701   .3304     .000        -1.254   .3305     .000
          .049     -29.409   .3051     .000        -5.406   .3285     .000        -2.694   .3300     .000        -1.762   .3304     .000        -1.302   .3305     .000
          .052     -29.883   .3046     .000        -5.613   .3283     .000        -2.810   .3299     .000        -1.837   .3303     .000        -1.362   .3305     .000
          .054     -30.339   .3041     .000        -5.813   .3282     .000        -2.920   .3299     .000        -1.911   .3303     .000        -1.419   .3305     .000
          .057     -30.915   .3034     .000        -6.065   .3280     .000        -3.062   .3298     .000        -2.012   .3303     .000        -1.492   .3305     .000
          .061     -31.630   .3026     .000        -6.392   .3278     .000        -3.253   .3297     .000        -2.145   .3302     .000        -1.588   .3304     .000
          .064     -32.114   .3020     .000        -6.618   .3276     .000        -3.386   .3296     .000        -2.236   .3302     .000        -1.661   .3304     .000
          .067     -32.723   .3014     .000        -6.908   .3274     .000        -3.555   .3296     .000        -2.346   .3301     .000        -1.751   .3304     .000
          .071     -33.310   .3007     .000        -7.189   .3272     .000        -3.715   .3295     .000        -2.458   .3301     .000        -1.833   .3303     .000
          .076     -34.041   .2999     .000        -7.540   .3270     .000        -3.923   .3294     .000        -2.609   .3300     .000        -1.942   .3303     .000
          .082     -34.938   .2989     .000        -7.986   .3266     .000        -4.197   .3292     .000        -2.802   .3299     .000        -2.087   .3302     .000
          .086     -35.544   .2982     .000        -8.297   .3264     .000        -4.387   .3291     .000        -2.926   .3299     .000        -2.194   .3302     .000
          .092     -36.303   .2973     .000        -8.693   .3261     .000        -4.622   .3290     .000        -3.091   .3298     .000        -2.321   .3301     .000
          .097     -37.025   .2965     .000        -9.073   .3258     .000        -4.847   .3288     .000        -3.262   .3297     .000        -2.439   .3301     .000
          .104     -37.930   .2955     .000        -9.548   .3254     .000        -5.150   .3286     .000        -3.481   .3296     .000        -2.613   .3300     .000
          .109     -38.540   .2948     .000        -9.870   .3251     .000        -5.361   .3285     .000        -3.624   .3295     .000        -2.728   .3300     .000
          .116     -39.304   .2940     .000       -10.290   .3248     .000        -5.626   .3283     .000        -3.806   .3294     .000        -2.874   .3299     .000
          .124     -40.245   .2929     .000       -10.823   .3243     .000        -5.952   .3281     .000        -4.048   .3293     .000        -3.055   .3298     .000
          .133     -41.135   .2919     .000       -11.334   .3239     .000        -6.272   .3279     .000        -4.295   .3291     .000        -3.245   .3297     .000
          .144     -42.245   .2907     .000       -11.966   .3233     .000        -6.699   .3276     .000        -4.594   .3290     .000        -3.483   .3296     .000
          .159     -43.605   .2892     .000       -12.761   .3226     .000        -7.231   .3272     .000        -4.976   .3287     .000        -3.784   .3294     .000
          .173     -44.869   .2878     .000       -13.534   .3219     .000        -7.723   .3268     .000        -5.368   .3285     .000        -4.087   .3293     .000
          .192     -46.410   .2861     .000       -14.486   .3210     .000        -8.374   .3263     .000        -5.840   .3282     .000        -4.477   .3290     .000
          .211     -47.851   .2845     .000       -15.369   .3201     .000        -8.996   .3259     .000        -6.297   .3279     .000        -4.836   .3288     .000
          .235     -49.619   .2826     .000       -16.489   .3190     .000        -9.753   .3252     .000        -6.898   .3274     .000        -5.316   .3285     .000
          .260     -51.249   .2809     .000       -17.563   .3179     .000       -10.504   .3246     .000        -7.456   .3271     .000        -5.774   .3282     .000
          .285     -52.782   .2793     .000       -18.565   .3169     .000       -11.229   .3240     .000        -8.002   .3266     .000        -6.207   .3279     .000
          .316     -54.588   .2774     .000       -19.747   .3157     .000       -12.071   .3232     .000        -8.682   .3261     .000        -6.759   .3275     .000
          .347     -56.250   .2756     .000       -20.889   .3144     .000       -12.892   .3225     .000        -9.313   .3256     .000        -7.289   .3272     .000
          .388     -58.299   .2735     .000       -22.320   .3129     .000       -13.947   .3215     .000       -10.130   .3249     .000        -7.960   .3267     .000
          .443     -60.830   .2709     .000       -24.074   .3110     .000       -15.243   .3202     .000       -11.202   .3240     .000        -8.854   .3260     .000
          .499     -63.173   .2686     .000       -25.726   .3092     .000       -16.497   .3190     .000       -12.169   .3231     .000        -9.655   .3253     .000
          .555     -65.334   .2666     .000       -27.309   .3074     .000       -17.703   .3178     .000       -13.134   .3222     .000       -10.462   .3246     .000
          .610     -67.370   .2646     .000       -28.789   .3058     .000       -18.801   .3167     .000       -14.067   .3214     .000       -11.249   .3240     .000
          .675     -69.565   .2625     .000       -30.368   .3040     .000       -20.027   .3154     .000       -15.052   .3204     .000       -12.087   .3232     .000
          .756     -72.057   .2601     .000       -32.227   .3019     .000       -21.526   .3138     .000       -16.262   .3192     .000       -13.146   .3222     .000
          .878     -75.454   .2568     .000       -34.861   .2990     .000       -23.545   .3116     .000       -17.990   .3175     .000       -14.616   .3209     .000
         1.000     -78.588   .2541     .000       -37.226   .2963     .000       -25.401   .3095     .000       -19.513   .3159     .000       -15.931   .3196     .000
         1.115     -81.316   .2518     .000       -39.280   .2940     .000       -27.124   .3076     .000       -20.951   .3144     .000       -17.183   .3183     .000
         1.231     -83.873   .2497     .000       -41.265   .2918     .000       -28.728   .3058     .000       -22.324   .3129     .000       -18.344   .3171     .000
         1.385     -87.001   .2470     .000       -43.753   .2890     .000       -30.630   .3037     .000       -23.950   .3112     .000       -19.780   .3156     .000
         1.538     -89.880   .2446     .000       -46.044   .2865     .000       -32.493   .3016     .000       -25.525   .3094     .000       -21.202   .3141     .000
         1.692     -92.550   .2423     .000       -48.125   .2842     .000       -34.299   .2996     .000       -27.076   .3077     .000       -22.561   .3127     .000
         1.846     -95.037   .2402     .000       -50.122   .2821     .000       -35.995   .2977     .000       -28.541   .3061     .000       -23.769   .3114     .000
         2.000     -97.444   .2385     .000       -52.058   .2801     .000       -37.527   .2959     .000       -29.849   .3046     .000       -24.940   .3101     .000
         2.154     -99.687   .2369     .000       -53.921   .2781     .000       -38.970   .2943     .000       -31.095   .3032     .000       -26.129   .3087     .000
         2.308    -101.869   .2353     .000       -55.702   .2762     .000       -40.419   .2927     .000       -32.364   .3018     .000       -27.304   .3074     .000
         2.462    -103.932   .2338     .000       -57.389   .2744     .000       -41.850   .2911     .000       -33.627   .3003     .000       -28.410   .3062     .000
         2.654    -106.384   .2321     .000       -59.346   .2724     .000       -43.573   .2892     .000       -35.136   .2986     .000       -29.660   .3048     .000
         2.846    -108.694   .2304     .000       -61.175   .2706     .000       -45.200   .2874     .000       -36.533   .2971     .000       -30.810   .3035     .000
         3.038    -110.897   .2289     .000       -62.968   .2688     .000       -46.700   .2858     .000       -37.776   .2957     .000       -32.001   .3022     .000
         3.231    -112.994   .2274     .000       -64.714   .2672     .000       -48.067   .2843     .000       -38.987   .2943     .000       -33.204   .3008     .000
         3.423    -114.989   .2259     .000       -66.410   .2655     .000       -49.433   .2828     .000       -40.227   .2929     .000       -34.385   .2995     .000
         3.712    -117.794   .2239     .000       -68.837   .2632     .000       -51.458   .2807     .000       -42.064   .2909     .000       -36.032   .2976     .000
         4.000    -120.426   .2221     .000       -71.132   .2610     .000       -53.437   .2786     .000       -43.838   .2889     .000       -37.480   .2960     .000
         4.258    -122.761   .2207     .000       -73.076   .2591     .000       -55.148   .2768     .000       -45.335   .2873     .000       -38.676   .2947     .000
         4.516    -124.932   .2195     .000       -74.900   .2573     .000       -56.776   .2751     .000       -46.703   .2858     .000       -39.920   .2933     .000
         4.774    -127.095   .2182     .000       -76.625   .2558     .000       -58.300   .2735     .000       -47.928   .2844     .000       -41.184   .2919     .000
         5.032    -129.142   .2170     .000       -78.315   .2544     .000       -59.701   .2720     .000       -49.168   .2831     .000       -42.444   .2905     .000
         5.365    -131.682   .2155     .000       -80.431   .2526     .000       -61.410   .2703     .000       -50.782   .2814     .000       -44.005   .2888     .000
         5.697    -134.091   .2141     .000       -82.487   .2508     .000       -63.128   .2687     .000       -52.396   .2797     .000       -45.463   .2871     .000
         6.030    -136.407   .2128     .000       -84.481   .2492     .000       -64.832   .2670     .000       -53.982   .2780     .000       -46.778   .2857     .000
         6.363    -138.623   .2115     .000       -86.410   .2475     .000       -66.511   .2654     .000       -55.510   .2764     .000       -47.941   .2844     .000
         6.803    -141.399   .2099     .000       -88.846   .2455     .000       -68.657   .2634     .000       -57.401   .2744     .000       -49.520   .2827     .000
         7.243    -144.033   .2084     .000       -91.158   .2435     .000       -70.706   .2614     .000       -59.107   .2726     .000       -51.140   .2810     .000
         7.682    -146.543   .2069     .000       -93.341   .2417     .000       -72.636   .2595     .000       -60.634   .2711     .000       -52.765   .2793     .000
         8.122    -148.938   .2055     .000       -95.388   .2399     .000       -74.422   .2578     .000       -62.193   .2696     .000       -54.359   .2776     .000
         8.617    -151.500   .2041     .000       -97.608   .2383     .000       -76.258   .2561     .000       -63.963   .2679     .000       -56.065   .2758     .000
         9.112    -154.029   .2028     .000       -99.769   .2368     .000       -78.082   .2546     .000       -65.728   .2662     .000       -57.650   .2742     .000
         9.607    -156.420   .2017     .000      -101.881   .2353     .000       -79.896   .2530     .000       -67.466   .2645     .000       -59.084   .2727     .000
        10.102    -158.808   .2007     .000      -103.935   .2338     .000       -81.693   .2515     .000       -69.158   .2629     .000       -60.361   .2713     .000
        10.597    -161.073   .1996     .000      -105.935   .2324     .000       -83.462   .2500     .000       -70.785   .2613     .000       -61.658   .2701     .000
        11.092    -163.303   .1986     .000      -107.874   .2310     .000       -85.194   .2485     .000       -72.322   .2598     .000       -62.982   .2688     .000
        11.587    -165.432   .1976     .000      -109.769   .2297     .000       -86.887   .2471     .000       -73.771   .2584     .000       -64.326   .2675     .000
        12.082    -167.517   .1967     .000      -111.598   .2284     .000       -88.524   .2457     .000       -75.080   .2572     .000       -65.676   .2662     .000
        12.576    -169.518   .1958     .000      -113.380   .2271     .000       -90.108   .2444     .000       -76.315   .2560     .000       -67.015   .2649     .000
        13.071    -171.478   .1949     .000      -115.102   .2259     .000       -91.624   .2431     .000       -77.568   .2550     .000       -68.331   .2637     .000
        13.566    -173.366   .1940     .000      -116.767   .2247     .000       -93.069   .2419     .000       -78.835   .2539     .000       -69.612   .2624     .000
        14.061    -175.210   .1932     .000      -118.371   .2235     .000       -94.435   .2407     .000       -80.105   .2529     .000       -70.846   .2612     .000
        14.556    -176.994   .1924     .000      -119.913   .2224     .000       -95.725   .2397     .000       -81.377   .2518     .000       -72.024   .2601     .000
        15.051    -178.735   .1916     .000      -121.416   .2215     .000       -96.996   .2388     .000       -82.645   .2507     .000       -73.134   .2590     .000
        15.546    -180.426   .1908     .000      -122.891   .2206     .000       -98.270   .2379     .000       -83.903   .2496     .000       -74.169   .2580     .000
        16.041    -182.074   .1900     .000      -124.344   .2198     .000       -99.535   .2370     .000       -85.147   .2486     .000       -75.125   .2571     .000
        16.536    -183.680   .1893     .000      -125.774   .2190     .000      -100.794   .2361     .000       -86.372   .2476     .000       -76.014   .2563     .000
        17.031    -185.245   .1886     .000      -127.182   .2181     .000      -102.044   .2352     .000       -87.573   .2465     .000       -76.918   .2555     .000
        17.525    -186.772   .1879     .000      -128.568   .2173     .000      -103.284   .2343     .000       -88.745   .2455     .000       -77.837   .2548     .000
        18.020    -188.262   .1872     .000      -129.933   .2166     .000      -104.511   .2334     .000       -89.885   .2446     .000       -78.768   .2540     .000
        18.515    -189.717   .1866     .000      -131.277   .2158     .000      -105.726   .2325     .000       -90.986   .2436     .000       -79.706   .2532     .000
        19.010    -191.137   .1859     .000      -132.600   .2150     .000      -106.926   .2317     .000       -92.046   .2428     .000       -80.651   .2524     .000
        19.505    -192.575   .1853     .000      -133.903   .2143     .000      -108.109   .2308     .000       -93.060   .2419     .000       -81.597   .2516     .000
        20.000    -193.993   .1848     .000      -135.185   .2135     .000      -109.276   .2300     .000       -94.024   .2411     .000       -82.544   .2508     .000
        20.500    -195.367   .1844     .000      -136.460   .2128     .000      -110.435   .2292     .000       -94.944   .2403     .000       -83.496   .2500     .000
        21.000    -196.713   .1839     .000      -137.715   .2120     .000      -111.573   .2284     .000       -95.821   .2396     .000       -84.442   .2492     .000
        21.500    -198.130   .1834     .000      -138.949   .2113     .000      -112.689   .2276     .000       -96.699   .2390     .000       -85.379   .2484     .000
        22.000    -199.470   .1829     .000      -140.163   .2106     .000      -113.781   .2268     .000       -97.584   .2384     .000       -86.303   .2476     .000
        22.500    -200.778   .1825     .000      -141.357   .2099     .000      -114.847   .2260     .000       -98.474   .2377     .000       -87.212   .2468     .000
        23.000    -202.093   .1820     .000      -142.531   .2093     .000      -115.887   .2253     .000       -99.366   .2371     .000       -88.103   .2461     .000
        23.500    -203.388   .1816     .000      -143.684   .2086     .000      -116.898   .2246     .000      -100.260   .2364     .000       -88.973   .2454     .000
        24.000    -204.648   .1811     .000      -144.818   .2079     .000      -117.880   .2239     .000      -101.155   .2358     .000       -89.820   .2446     .000
        24.500    -205.889   .1807     .000      -145.930   .2073     .000      -118.830   .2232     .000      -102.050   .2352     .000       -90.641   .2439     .000
        25.000    -207.127   .1802     .000      -147.025   .2066     .000      -119.748   .2226     .000      -102.943   .2345     .000       -91.435   .2433     .000
        25.500    -208.336   .1798     .000      -148.094   .2060     .000      -120.636   .2219     .000      -103.834   .2339     .000       -92.199   .2426     .000
        26.000    -209.520   .1794     .000      -149.150   .2054     .000      -121.517   .2214     .000      -104.721   .2333     .000       -92.932   .2420     .000
        26.500    -210.700   .1790     .000      -150.175   .2048     .000      -122.394   .2209     .000      -105.603   .2326     .000       -93.633   .2414     .000
        27.000    -211.859   .1786     .000      -151.192   .2042     .000      -123.269   .2204     .000      -106.480   .2320     .000       -94.301   .2408     .000
        27.500    -212.998   .1782     .000      -152.176   .2037     .000      -124.142   .2199     .000      -107.350   .2314     .000       -94.938   .2403     .000
        28.000    -214.122   .1778     .000      -153.171   .2032     .000      -125.010   .2194     .000      -108.213   .2308     .000       -95.547   .2398     .000
        28.500    -215.232   .1774     .000      -154.132   .2028     .000      -125.876   .2189     .000      -109.066   .2302     .000       -96.149   .2394     .000
        29.000    -216.324   .1770     .000      -155.098   .2024     .000      -126.737   .2184     .000      -109.911   .2296     .000       -96.757   .2389     .000
        29.500    -217.401   .1767     .000      -156.048   .2019     .000      -127.594   .2179     .000      -110.744   .2290     .000       -97.369   .2385     .000
        30.000    -218.465   .1763     .000      -156.992   .2015     .000      -128.446   .2174     .000      -111.566   .2284     .000       -97.986   .2381     .000
        30.500    -219.514   .1759     .000      -157.928   .2011     .000      -129.294   .2169     .000      -112.376   .2278     .000       -98.606   .2376     .000
        31.000    -220.547   .1756     .000      -158.853   .2006     .000      -130.137   .2164     .000      -113.172   .2272     .000       -99.228   .2372     .000
        31.500    -221.568   .1752     .000      -159.773   .2002     .000      -130.975   .2160     .000      -113.954   .2267     .000       -99.851   .2367     .000
        32.000    -222.576   .1748     .000      -160.681   .1998     .000      -131.808   .2155     .000      -114.720   .2261     .000      -100.476   .2363     .000
        32.500    -223.570   .1745     .000      -161.585   .1994     .000      -132.635   .2150     .000      -115.470   .2256     .000      -101.102   .2358     .000
        33.000    -224.552   .1742     .000      -162.478   .1990     .000      -133.456   .2145     .000      -116.203   .2251     .000      -101.728   .2354     .000
        33.500    -225.522   .1738     .000      -163.366   .1986     .000      -134.272   .2140     .000      -116.918   .2246     .000      -102.353   .2350     .000
        34.000    -226.480   .1735     .000      -164.244   .1982     .000      -135.081   .2136     .000      -117.614   .2241     .000      -102.978   .2345     .000
        34.500    -227.425   .1731     .000      -165.116   .1978     .000      -135.885   .2131     .000      -118.290   .2236     .000      -103.601   .2341     .000
        35.000    -228.359   .1728     .000      -165.980   .1974     .000      -136.681   .2126     .000      -118.946   .2231     .000      -104.222   .2336     .000
        35.500    -229.282   .1725     .000      -166.836   .1970     .000      -137.471   .2122     .000      -119.581   .2227     .000      -104.840   .2332     .000
        36.000    -230.193   .1722     .000      -167.685   .1966     .000      -138.254   .2117     .000      -120.194   .2222     .000      -105.455   .2327     .000
        36.500    -231.094   .1719     .000      -168.527   .1962     .000      -139.030   .2113     .000      -120.796   .2219     .000      -106.066   .2323     .000
        37.000    -231.984   .1716     .000      -169.362   .1958     .000      -139.799   .2108     .000      -121.395   .2215     .000      -106.674   .2319     .000
        37.500    -232.864   .1712     .000      -170.189   .1955     .000      -140.559   .2104     .000      -121.995   .2212     .000      -107.276   .2314     .000
        38.000    -233.733   .1709     .000      -171.010   .1951     .000      -141.312   .2100     .000      -122.597   .2208     .000      -107.873   .2310     .000
        38.500    -234.593   .1706     .000      -171.823   .1947     .000      -142.057   .2095     .000      -123.199   .2205     .000      -108.465   .2306     .000
        39.000    -235.443   .1703     .000      -172.630   .1944     .000      -142.793   .2091     .000      -123.803   .2201     .000      -109.050   .2302     .000
        39.500    -236.284   .1700     .000      -173.429   .1940     .000      -143.521   .2087     .000      -124.407   .2198     .000      -109.629   .2298     .000
        40.000    -237.115   .1698     .000      -174.222   .1936     .000      -144.240   .2083     .000      -125.012   .2194     .000      -110.200   .2294     .000
        40.500    -237.936   .1695     .000      -175.008   .1933     .000      -144.950   .2079     .000      -125.616   .2191     .000      -110.764   .2290     .000
        41.000    -238.749   .1692     .000      -175.787   .1929     .000      -145.650   .2074     .000      -126.220   .2187     .000      -111.320   .2286     .000
        41.500    -239.553   .1689     .000      -176.560   .1926     .000      -146.341   .2070     .000      -126.823   .2184     .000      -111.867   .2282     .000
        42.000    -240.349   .1686     .000      -177.326   .1922     .000      -147.021   .2067     .000      -127.426   .2180     .000      -112.405   .2278     .000
        42.500    -241.136   .1684     .000      -178.084   .1919     .000      -147.692   .2063     .000      -128.028   .2177     .000      -112.934   .2274     .000
        43.000    -241.914   .1681     .000      -178.837   .1915     .000      -148.352   .2059     .000      -128.629   .2173     .000      -113.453   .2270     .000
        43.500    -242.743   .1679     .000      -179.582   .1912     .000      -149.002   .2055     .000      -129.229   .2170     .000      -113.963   .2267     .000
        44.000    -243.537   .1676     .000      -180.321   .1908     .000      -149.639   .2051     .000      -129.828   .2166     .000      -114.463   .2263     .000
        44.500    -244.317   .1674     .000      -181.053   .1905     .000      -150.268   .2048     .000      -130.425   .2163     .000      -114.952   .2260     .000
        45.000    -245.082   .1672     .000      -181.779   .1902     .000      -150.880   .2044     .000      -131.021   .2159     .000      -115.431   .2256     .000
        45.500    -245.838   .1670     .000      -182.498   .1898     .000      -151.488   .2041     .000      -131.615   .2156     .000      -115.900   .2253     .000
        46.000    -246.583   .1668     .000      -183.209   .1895     .000      -152.078   .2037     .000      -132.206   .2152     .000      -116.359   .2250     .000
        46.500    -247.366   .1666     .000      -183.916   .1892     .000      -152.678   .2035     .000      -132.796   .2149     .000      -116.808   .2246     .000
        47.000    -248.154   .1664     .000      -184.614   .1889     .000      -153.259   .2032     .000      -133.383   .2146     .000      -117.246   .2243     .000
        47.500    -248.922   .1662     .000      -185.304   .1886     .000      -153.850   .2029     .000      -133.968   .2142     .000      -117.674   .2240     .000
        48.000    -249.675   .1660     .000      -185.993   .1883     .000      -154.432   .2027     .000      -134.549   .2139     .000      -118.093   .2237     .000
        48.500    -250.413   .1658     .000      -186.672   .1879     .000      -155.016   .2024     .000      -135.129   .2135     .000      -118.503   .2234     .000
        49.000    -251.140   .1656     .000      -187.342   .1876     .000      -155.597   .2021     .000      -135.705   .2132     .000      -118.903   .2232     .000
        49.500    -251.878   .1655     .000      -188.010   .1873     .000      -156.177   .2019     .000      -136.278   .2129     .000      -119.295   .2229     .000
        50.000    -252.627   .1653     .000      -188.670   .1870     .000      -156.755   .2016     .000      -136.847   .2125     .000      -119.678   .2226     .000
        50.500    -253.365   .1651     .000      -189.319   .1867     .000      -157.330   .2013     .000      -137.413   .2122     .000      -120.054   .2223     .000
        51.000    -254.092   .1649     .000      -189.965   .1864     .000      -157.905   .2011     .000      -137.976   .2119     .000      -120.421   .2221     .000
        51.500    -254.807   .1647     .000      -190.608   .1861     .000      -158.477   .2008     .000      -138.535   .2116     .000      -120.794   .2219     .000
        52.000    -255.511   .1645     .000      -191.235   .1859     .000      -159.048   .2006     .000      -139.089   .2112     .000      -121.157   .2216     .000
        52.500    -256.216   .1643     .000      -191.856   .1856     .000      -159.616   .2003     .000      -139.640   .2109     .000      -121.519   .2214     .000
        53.000    -256.927   .1641     .000      -192.502   .1854     .000      -160.183   .2000     .000      -140.186   .2106     .000      -121.888   .2212     .000
        53.500    -257.632   .1639     .000      -193.117   .1851     .000      -160.747   .1998     .000      -140.728   .2103     .000      -122.252   .2210     .000
        54.000    -258.331   .1638     .000      -193.721   .1849     .000      -161.310   .1995     .000      -141.266   .2100     .000      -122.616   .2208     .000
        54.500    -259.020   .1636     .000      -194.342   .1847     .000      -161.871   .1993     .000      -141.798   .2097     .000      -122.985   .2206     .000
        55.000    -259.700   .1634     .000      -194.952   .1845     .000      -162.430   .1990     .000      -142.326   .2094     .000      -123.350   .2204     .000
        55.500    -260.376   .1632     .000      -195.554   .1843     .000      -162.986   .1988     .000      -142.849   .2091     .000      -123.714   .2202     .000
        56.000    -261.054   .1630     .000      -196.155   .1841     .000      -163.541   .1985     .000      -143.366   .2088     .000      -124.081   .2199     .000
        56.500    -261.729   .1629     .000      -196.758   .1839     .000      -164.093   .1982     .000      -143.878   .2085     .000      -124.447   .2197     .000
        57.000    -262.399   .1627     .000      -197.352   .1837     .000      -164.644   .1980     .000      -144.385   .2082     .000      -124.812   .2195     .000
        57.500    -263.062   .1625     .000      -197.943   .1835     .000      -165.192   .1977     .000      -144.886   .2079     .000      -125.175   .2193     .000
        58.000    -263.717   .1623     .000      -198.535   .1833     .000      -165.738   .1975     .000      -145.381   .2076     .000      -125.540   .2191     .000
        58.500    -264.368   .1622     .000      -199.122   .1830     .000      -166.282   .1972     .000      -145.870   .2073     .000      -125.904   .2189     .000
        59.000    -265.017   .1620     .000      -199.704   .1828     .000      -166.824   .1970     .000      -146.354   .2070     .000      -126.267   .2187     .000
        59.500    -265.663   .1618     .000      -200.286   .1826     .000      -167.363   .1968     .000      -146.831   .2068     .000      -126.628   .2185     .000
        60.000    -266.306   .1617     .000      -200.864   .1824     .000      -167.900   .1965     .000      -147.301   .2065     .000      -126.988   .2183     .000
        60.500    -266.943   .1615     .000      -201.439   .1822     .000      -168.435   .1963     .000      -147.765   .2062     .000      -127.349   .2181     .000
        61.000    -267.575   .1613     .000      -202.011   .1820     .000      -168.968   .1960     .000      -148.223   .2060     .000      -127.709   .2178     .000
        61.500    -268.201   .1612     .000      -202.581   .1818     .000      -169.498   .1958     .000      -148.674   .2057     .000      -128.067   .2176     .000
        62.000    -268.825   .1610     .000      -203.148   .1816     .000      -170.026   .1955     .000      -149.118   .2054     .000      -128.424   .2174     .000
        62.500    -269.445   .1608     .000      -203.711   .1814     .000      -170.552   .1953     .000      -149.555   .2052     .000      -128.779   .2172     .000
        63.000    -270.062   .1607     .000      -204.273   .1812     .000      -171.075   .1951     .000      -149.985   .2049     .000      -129.133   .2170     .000
        63.500    -270.675   .1605     .000      -204.832   .1810     .000      -171.596   .1948     .000      -150.407   .2047     .000      -129.487   .2168     .000
        64.000    -271.283   .1604     .000      -205.387   .1809     .000      -172.115   .1946     .000      -150.823   .2044     .000      -129.839   .2166     .000
        64.500    -271.887   .1602     .000      -205.941   .1807     .000      -172.631   .1944     .000      -151.231   .2042     .000      -130.190   .2164     .000
        65.000    -272.487   .1600     .000      -206.492   .1805     .000      -173.145   .1941     .000      -151.633   .2040     .000      -130.538   .2162     .000
        65.500    -273.084   .1599     .000      -207.040   .1803     .000      -173.656   .1939     .000      -152.025   .2038     .000      -130.884   .2160     .000
        66.000    -273.678   .1597     .000      -207.585   .1801     .000      -174.164   .1937     .000      -152.428   .2036     .000      -131.229   .2158     .000
        66.500    -274.268   .1596     .000      -208.129   .1799     .000      -174.670   .1934     .000      -152.812   .2034     .000      -131.573   .2156     .000
        67.000    -274.854   .1594     .000      -208.669   .1797     .000      -175.174   .1932     .000      -153.210   .2032     .000      -131.915   .2154     .000
        67.500    -275.436   .1593     .000      -209.208   .1795     .000      -175.675   .1930     .000      -153.598   .2030     .000      -132.254   .2152     .000
        68.000    -276.015   .1591     .000      -209.743   .1793     .000      -176.173   .1927     .000      -153.991   .2029     .000      -132.592   .2150     .000
        68.500    -276.590   .1590     .000      -210.277   .1791     .000      -176.669   .1925     .000      -154.382   .2027     .000      -132.927   .2148     .000
        69.000    -277.162   .1588     .000      -210.807   .1790     .000      -177.162   .1923     .000      -154.772   .2025     .000      -133.260   .2146     .000
        69.500    -277.731   .1587     .000      -211.336   .1788     .000      -177.652   .1921     .000      -155.164   .2023     .000      -133.590   .2144     .000
        70.000    -278.296   .1585     .000      -211.862   .1786     .000      -178.139   .1918     .000      -155.553   .2021     .000      -133.918   .2142     .000
        70.500    -278.857   .1584     .000      -212.386   .1784     .000      -178.624   .1916     .000      -155.944   .2020     .000      -134.244   .2141     .000
        71.000    -279.415   .1582     .000      -212.907   .1782     .000      -179.106   .1914     .000      -156.333   .2018     .000      -134.568   .2139     .000
        71.500    -279.970   .1581     .000      -213.426   .1780     .000      -179.585   .1912     .000      -156.722   .2016     .000      -134.890   .2137     .000
        72.000    -280.522   .1579     .000      -213.943   .1779     .000      -180.061   .1910     .000      -157.111   .2014     .000      -135.209   .2135     .000
        72.500    -281.071   .1578     .000      -214.458   .1777     .000      -180.534   .1907     .000      -157.498   .2013     .000      -135.525   .2133     .000
        73.000    -281.617   .1577     .000      -214.970   .1775     .000      -181.005   .1905     .000      -157.886   .2011     .000      -135.838   .2131     .000
        73.500    -282.159   .1575     .000      -215.480   .1773     .000      -181.472   .1903     .000      -158.273   .2009     .000      -136.149   .2130     .000
        74.000    -282.698   .1574     .000      -215.987   .1771     .000      -181.937   .1901     .000      -158.659   .2007     .000      -136.457   .2128     .000
        74.500    -283.234   .1572     .000      -216.493   .1770     .000      -182.398   .1899     .000      -159.045   .2006     .000      -136.762   .2126     .000
        75.000    -283.767   .1571     .000      -216.996   .1768     .000      -182.857   .1897     .000      -159.430   .2004     .000      -137.064   .2124     .000
        75.500    -284.297   .1569     .000      -217.497   .1766     .000      -183.312   .1895     .000      -159.815   .2002     .000      -137.364   .2122     .000
        76.000    -284.825   .1568     .000      -217.996   .1764     .000      -183.764   .1893     .000      -160.199   .2000     .000      -137.661   .2121     .000
        76.500    -285.349   .1567     .000      -218.493   .1763     .000      -184.213   .1891     .000      -160.582   .1999     .000      -137.956   .2119     .000
        77.000    -285.870   .1565     .000      -218.987   .1761     .000      -184.659   .1889     .000      -160.964   .1997     .000      -138.248   .2117     .000
        77.500    -286.388   .1564     .000      -219.479   .1759     .000      -185.101   .1887     .000      -161.346   .1995     .000      -138.537   .2116     .000
        78.000    -286.904   .1563     .000      -219.970   .1758     .000      -185.541   .1885     .000      -161.727   .1993     .000      -138.823   .2114     .000
        78.500    -287.417   .1561     .000      -220.458   .1756     .000      -185.976   .1883     .000      -162.107   .1992     .000      -139.106   .2112     .000
        79.000    -287.927   .1560     .000      -220.943   .1754     .000      -186.409   .1881     .000      -162.486   .1990     .000      -139.386   .2111     .000
        79.500    -288.434   .1559     .000      -221.427   .1752     .000      -186.838   .1879     .000      -162.865   .1988     .000      -139.664   .2109     .000
        80.000    -288.938   .1557     .000      -221.909   .1751     .000      -187.264   .1877     .000      -163.242   .1986     .000      -139.938   .2108     .000
        80.500    -289.440   .1556     .000      -222.388   .1749     .000      -187.685   .1875     .000      -163.619   .1985     .000      -140.209   .2106     .000
        81.000    -289.939   .1555     .000      -222.866   .1747     .000      -188.105   .1873     .000      -163.995   .1983     .000      -140.478   .2104     .000
        81.500    -290.435   .1553     .000      -223.341   .1746     .000      -188.520   .1871     .000      -164.370   .1981     .000      -140.744   .2103     .000
        82.000    -290.929   .1552     .000      -223.814   .1744     .000      -188.931   .1869     .000      -164.744   .1980     .000      -141.008   .2101     .000
        82.500    -291.420   .1551     .000      -224.285   .1742     .000      -189.339   .1867     .000      -165.117   .1978     .000      -141.269   .2100     .000
        83.000    -291.908   .1550     .000      -224.754   .1741     .000      -189.745   .1865     .000      -165.489   .1976     .000      -141.527   .2098     .000
        83.500    -292.394   .1548     .000      -225.221   .1739     .000      -190.143   .1864     .000      -165.860   .1974     .000      -141.783   .2097     .000
        84.000    -292.877   .1547     .000      -225.686   .1738     .000      -190.539   .1862     .000      -166.230   .1973     .000      -142.036   .2095     .000
        84.500    -293.358   .1546     .000      -226.149   .1736     .000      -190.936   .1860     .000      -166.599   .1971     .000      -142.287   .2094     .000
        85.000    -293.836   .1544     .000      -226.610   .1734     .000      -191.323   .1858     .000      -166.967   .1969     .000      -142.535   .2093     .000
        85.500    -294.312   .1543     .000      -227.068   .1733     .000      -191.704   .1856     .000      -167.334   .1968     .000      -142.781   .2091     .000
        86.000    -294.786   .1542     .000      -227.525   .1731     .000      -192.100   .1855     .000      -167.700   .1966     .000      -143.024   .2090     .000
        86.500    -295.257   .1541     .000      -227.980   .1730     .000      -192.485   .1854     .000      -168.064   .1964     .000      -143.264   .2088     .000
        87.000    -295.725   .1540     .000      -228.433   .1728     .000      -192.861   .1852     .000      -168.428   .1963     .000      -143.502   .2087     .000
        87.500    -296.191   .1538     .000      -228.883   .1726     .000      -193.240   .1851     .000      -168.790   .1961     .000      -143.738   .2086     .000
        88.000    -296.655   .1537     .000      -229.331   .1725     .000      -193.625   .1850     .000      -169.151   .1959     .000      -143.972   .2084     .000
        88.500    -297.117   .1536     .000      -229.778   .1723     .000      -194.003   .1848     .000      -169.511   .1958     .000      -144.203   .2083     .000
        89.000    -297.576   .1535     .000      -230.222   .1722     .000      -194.377   .1847     .000      -169.870   .1956     .000      -144.431   .2082     .000
        89.500    -298.033   .1533     .000      -230.665   .1720     .000      -194.758   .1846     .000      -170.228   .1954     .000      -144.658   .2080     .000
        90.000    -298.487   .1532     .000      -231.106   .1719     .000      -195.135   .1844     .000      -170.584   .1953     .000      -144.883   .2079     .000
        90.500    -298.940   .1531     .000      -231.544   .1717     .000      -195.510   .1843     .000      -170.939   .1951     .000      -145.106   .2078     .000
        91.000    -299.390   .1530     .000      -231.980   .1716     .000      -195.884   .1842     .000      -171.293   .1950     .000      -145.326   .2076     .000
        91.500    -299.838   .1529     .000      -232.414   .1714     .000      -196.259   .1840     .000      -171.646   .1948     .000      -145.545   .2075     .000
        92.000    -300.283   .1528     .000      -232.847   .1712     .000      -196.633   .1839     .000      -171.997   .1946     .000      -145.761   .2074     .000
        92.500    -300.727   .1526     .000      -233.278   .1711     .000      -197.003   .1838     .000      -172.346   .1945     .000      -145.977   .2073     .000
        93.000    -301.168   .1525     .000      -233.707   .1709     .000      -197.376   .1837     .000      -172.695   .1943     .000      -146.191   .2071     .000
        93.500    -301.607   .1524     .000      -234.132   .1708     .000      -197.747   .1835     .000      -173.042   .1942     .000      -146.403   .2070     .000
        94.000    -302.044   .1523     .000      -234.555   .1707     .000      -198.117   .1834     .000      -173.388   .1940     .000      -146.612   .2069     .000
        94.500    -302.479   .1522     .000      -234.977   .1705     .000      -198.485   .1833     .000      -173.732   .1938     .000      -146.820   .2068     .000
        95.000    -302.912   .1521     .000      -235.399   .1704     .000      -198.854   .1831     .000      -174.075   .1937     .000      -147.025   .2066     .000
        95.500    -303.343   .1520     .000      -235.818   .1702     .000      -199.222   .1830     .000      -174.416   .1935     .000      -147.230   .2065     .000
        96.000    -303.772   .1518     .000      -236.235   .1701     .000      -199.588   .1829     .000      -174.756   .1934     .000      -147.434   .2064     .000
        96.500    -304.198   .1517     .000      -236.647   .1699     .000      -199.953   .1828     .000      -175.095   .1932     .000      -147.636   .2063     .000
        97.000    -304.623   .1516     .000      -237.057   .1698     .000      -200.318   .1826     .000      -175.432   .1931     .000      -147.835   .2062     .000
        97.500    -305.046   .1515     .000      -237.468   .1696     .000      -200.682   .1825     .000      -175.767   .1929     .000      -148.033   .2061     .000
        98.000    -305.475   .1514     .000      -237.879   .1695     .000      -201.045   .1824     .000      -176.101   .1928     .000      -148.229   .2060     .000
        98.500    -305.936   .1513     .000      -238.286   .1693     .000      -201.408   .1822     .000      -176.433   .1926     .000      -148.424   .2058     .000
        99.000    -306.372   .1512     .000      -238.689   .1692     .000      -201.769   .1821     .000      -176.764   .1925     .000      -148.617   .2057     .000
        99.500    -306.804   .1511     .000      -239.089   .1691     .000      -202.130   .1820     .000      -177.093   .1923     .000      -148.811   .2056     .000
       100.000    -307.230   .1511     .000      -239.484   .1689     .000      -202.489   .1819     .000      -177.421   .1922     .000      -149.003   .2055     .000
end
