 ******* Program HYDRUS
 ******* Infiltration and drainage in a large caisson                           
  
 Date:   1.10.    Time:  14: 1: 5
 Units: L = cm   , T = hours, M = mmol 


  TLevel   Time         dt      Iter  ItCum  KodT  KodB  Convergency

     1  .10000E-05  .10000E-05    3     3    -1     1     T
     2  .23000E-05  .13000E-05    2     5    -1     1     T
     3  .39900E-05  .16900E-05    4     9    -1     1     T
     4  .56800E-05  .16900E-05    2    11    -1     1     T
     5  .78770E-05  .21970E-05    2    13    -1     1     T
     6  .10733E-04  .28561E-05    2    15    -1     1     T
     7  .14446E-04  .37129E-05    2    17    -1     1     T
     8  .19273E-04  .48268E-05    2    19    -1     1     T
     9  .25548E-04  .62749E-05    5    24    -1     1     T
    10  .31823E-04  .62749E-05    2    26    -1     1     T
    11  .39980E-04  .81573E-05    8    34    -1     1     T
    12  .45690E-04  .57101E-05    2    36    -1     1     T
    13  .53113E-04  .74231E-05    3    39    -1     1     T
    14  .62763E-04  .96501E-05    3    42    -1     1     T
    15  .66945E-04  .41817E-05   16    79    -1     1     T
    16  .69872E-04  .29272E-05    4    83    -1     1     T
    17  .72799E-04  .29272E-05    4    87    -1     1     T
    18  .75727E-04  .29272E-05    4    91    -1     1     T
    19  .78654E-04  .29272E-05    2    93    -1     1     T
    20  .82459E-04  .38054E-05    2    95    -1     1     T
    21  .87406E-04  .49470E-05    9   104    -1     1     T
    22  .90869E-04  .34629E-05    2   106    -1     1     T
    23  .95371E-04  .45017E-05    8   114    -1     1     T
    24  .98522E-04  .31512E-05    2   116    -1     1     T
    25  .10262E-03  .40966E-05    3   119    -1     1     T
    26  .10794E-03  .53256E-05    7   126    -1     1     T
    27  .11167E-03  .37279E-05    2   128    -1     1     T
    28  .11652E-03  .48463E-05    3   131    -1     1     T
    29  .12282E-03  .63001E-05    2   133    -1     1     T
    30  .13101E-03  .81902E-05    2   135    -1     1     T
    31  .14166E-03  .10647E-04   15   150    -1     1     T
    32  .14911E-03  .74531E-05    2   152    -1     1     T
    33  .15880E-03  .96889E-05   12   164    -1     1     T
    34  .16558E-03  .67823E-05    5   169    -1     1     T
    35  .17236E-03  .67823E-05    4   173    -1     1     T
    36  .17914E-03  .67823E-05    3   176    -1     1     T
    37  .18796E-03  .88170E-05    9   185    -1     1     T
    38  .19413E-03  .61719E-05    5   190    -1     1     T
    39  .20031E-03  .61719E-05    2   192    -1     1     T
    40  .20833E-03  .80234E-05   11   203    -1     1     T
    41  .21395E-03  .56164E-05    2   205    -1     1     T
    42  .22125E-03  .73013E-05    6   211    -1     1     T
    43  .22855E-03  .73013E-05    2   213    -1     1     T
    44  .23804E-03  .94917E-05    6   219    -1     1     T
    45  .24753E-03  .94917E-05    4   223    -1     1     T
    46  .25702E-03  .94917E-05    4   227    -1     1     T
    47  .26651E-03  .94917E-05    4   231    -1     1     T
    48  .27601E-03  .94917E-05    4   235    -1     1     T
    49  .28550E-03  .94917E-05    3   238    -1     1     T
    50  .29784E-03  .12339E-04   12   250    -1     1     T
    51  .30648E-03  .86375E-05    2   252    -1     1     T
    52  .31770E-03  .11229E-04    7   259    -1     1     T
    53  .32556E-03  .78601E-05    7   266    -1     1     T
    54  .33107E-03  .55021E-05    3   269    -1     1     T
    55  .33822E-03  .71527E-05    3   272    -1     1     T
    56  .34752E-03  .92985E-05    6   278    -1     1     T
    57  .35682E-03  .92985E-05    6   284    -1     1     T
    58  .36611E-03  .92985E-05    3   287    -1     1     T
    59  .37820E-03  .12088E-04    7   294    -1     1     T
    60  .38666E-03  .84616E-05    6   300    -1     1     T
    61  .39513E-03  .84616E-05    3   303    -1     1     T
    62  .40613E-03  .11000E-04    4   307    -1     1     T
    63  .41713E-03  .11000E-04    7   314    -1     1     T
    64  .42483E-03  .77001E-05    2   316    -1     1     T
    65  .43484E-03  .10010E-04    5   321    -1     1     T
    66  .44485E-03  .10010E-04    4   325    -1     1     T
    67  .45486E-03  .10010E-04    3   328    -1     1     T
    68  .46787E-03  .13013E-04   10   338    -1     1     T
    69  .47698E-03  .91092E-05    4   342    -1     1     T
    70  .48609E-03  .91092E-05    2   344    -1     1     T
    71  .49793E-03  .11842E-04    6   350    -1     1     T
    72  .50977E-03  .11842E-04    5   355    -1     1     T
    73  .52161E-03  .11842E-04    5   360    -1     1     T
    74  .53346E-03  .11842E-04    4   364    -1     1     T
    75  .54530E-03  .11842E-04    4   368    -1     1     T
    76  .55714E-03  .11842E-04    5   373    -1     1     T
    77  .56898E-03  .11842E-04    4   377    -1     1     T
    78  .58082E-03  .11842E-04    3   380    -1     1     T
    79  .59622E-03  .15395E-04    6   386    -1     1     T
    80  .61161E-03  .15395E-04    5   391    -1     1     T
    81  .62701E-03  .15395E-04    5   396    -1     1     T
    82  .64240E-03  .15395E-04    5   401    -1     1     T
    83  .65780E-03  .15395E-04    4   405    -1     1     T
    84  .67319E-03  .15395E-04    7   412    -1     1     T
    85  .68397E-03  .10776E-04    2   414    -1     1     T
    86  .69798E-03  .14009E-04    3   417    -1     1     T
    87  .71619E-03  .18212E-04    4   421    -1     1     T
    88  .72226E-03  .60706E-05    6   448    -1     1     T
    89  .72833E-03  .60706E-05    3   451    -1     1     T
    90  .73622E-03  .78918E-05    3   454    -1     1     T
    91  .74648E-03  .10259E-04    3   457    -1     1     T
    92  .75982E-03  .13337E-04    2   459    -1     1     T
    93  .77716E-03  .17338E-04    6   465    -1     1     T
    94  .79449E-03  .17338E-04    4   469    -1     1     T
    95  .81183E-03  .17338E-04    6   475    -1     1     T
    96  .82917E-03  .17338E-04    6   481    -1     1     T
    97  .84651E-03  .17338E-04    8   489    -1     1     T
    98  .85865E-03  .12137E-04    2   491    -1     1     T
    99  .87442E-03  .15778E-04    4   495    -1     1     T
   100  .89020E-03  .15778E-04    4   499    -1     1     T
   101  .90598E-03  .15778E-04    3   502    -1     1     T
   102  .92649E-03  .20511E-04   10   512    -1     1     T
   103  .94085E-03  .14358E-04    3   515    -1     1     T
   104  .94707E-03  .62218E-05    2   538    -1     1     T
   105  .95516E-03  .80883E-05    3   541    -1     1     T
   106  .96567E-03  .10515E-04    2   543    -1     1     T
   107  .97934E-03  .13669E-04    2   545    -1     1     T
   108  .99711E-03  .17770E-04   17   562    -1     1     T
   109  .10096E-02  .12439E-04    3   565    -1     1     T
   110  .10257E-02  .16171E-04    2   567    -1     1     T
   111  .10467E-02  .21022E-04    5   572    -1     1     T
   112  .10678E-02  .21022E-04    9   581    -1     1     T
   113  .10825E-02  .14715E-04    4   585    -1     1     T
   114  .10972E-02  .14715E-04    2   587    -1     1     T
   115  .11163E-02  .19130E-04    3   590    -1     1     T
   116  .11246E-02  .82896E-05    4   615    -1     1     T
   117  .11329E-02  .82896E-05    2   617    -1     1     T
   118  .11437E-02  .10777E-04    3   620    -1     1     T
   119  .11577E-02  .14009E-04    2   622    -1     1     T
   120  .11759E-02  .18212E-04    9   631    -1     1     T
   121  .11887E-02  .12749E-04    2   633    -1     1     T
   122  .12052E-02  .16573E-04    5   638    -1     1     T
   123  .12218E-02  .16573E-04    3   641    -1     1     T
   124  .12290E-02  .71818E-05    2   664    -1     1     T
   125  .12383E-02  .93363E-05    2   666    -1     1     T
   126  .12505E-02  .12137E-04    2   668    -1     1     T
   127  .12662E-02  .15778E-04    4   672    -1     1     T
   128  .12820E-02  .15778E-04    2   674    -1     1     T
   129  .13025E-02  .20512E-04    4   678    -1     1     T
   130  .13230E-02  .20512E-04    2   680    -1     1     T
   131  .13319E-02  .88885E-05    2   703    -1     1     T
   132  .13435E-02  .11555E-04    3   706    -1     1     T
   133  .13585E-02  .15022E-04    2   708    -1     1     T
   134  .13780E-02  .19528E-04    4   712    -1     1     T
   135  .13976E-02  .19528E-04    4   716    -1     1     T
   136  .14171E-02  .19528E-04    5   721    -1     1     T
   137  .14366E-02  .19528E-04    4   725    -1     1     T
   138  .14561E-02  .19528E-04    5   730    -1     1     T
   139  .14757E-02  .19528E-04    4   734    -1     1     T
   140  .14952E-02  .19528E-04    4   738    -1     1     T
   141  .15147E-02  .19528E-04    5   743    -1     1     T
   142  .15343E-02  .19528E-04    4   747    -1     1     T
   143  .15538E-02  .19528E-04    4   751    -1     1     T
   144  .15733E-02  .19528E-04    4   755    -1     1     T
   145  .15928E-02  .19528E-04    3   758    -1     1     T
   146  .16182E-02  .25387E-04    5   763    -1     1     T
   147  .16436E-02  .25387E-04    5   768    -1     1     T
   148  .16690E-02  .25387E-04    3   771    -1     1     T
   149  .17020E-02  .33003E-04    9   780    -1     1     T
   150  .17251E-02  .23102E-04    2   782    -1     1     T
   151  .17551E-02  .30032E-04    3   785    -1     1     T
   152  .17681E-02  .13014E-04    2   808    -1     1     T
   153  .17851E-02  .16918E-04    4   812    -1     1     T
   154  .18020E-02  .16918E-04    2   814    -1     1     T
   155  .18240E-02  .21993E-04    5   819    -1     1     T
   156  .18460E-02  .21993E-04    4   823    -1     1     T
   157  .18680E-02  .21993E-04    2   825    -1     1     T
   158  .18966E-02  .28592E-04    4   829    -1     1     T
   159  .19251E-02  .28592E-04    5   834    -1     1     T
   160  .19537E-02  .28592E-04    4   838    -1     1     T
   161  .19823E-02  .28592E-04    3   841    -1     1     T
   162  .20195E-02  .37169E-04    4   845    -1     1     T
   163  .20567E-02  .37169E-04    4   849    -1     1     T
   164  .20938E-02  .37169E-04    4   853    -1     1     T
   165  .21310E-02  .37169E-04    5   858    -1     1     T
   166  .21682E-02  .37169E-04    4   862    -1     1     T
   167  .22053E-02  .37169E-04    4   866    -1     1     T
   168  .22425E-02  .37169E-04    4   870    -1     1     T
   169  .22797E-02  .37169E-04    5   875    -1     1     T
   170  .23168E-02  .37169E-04    4   879    -1     1     T
   171  .23540E-02  .37169E-04    5   884    -1     1     T
   172  .23912E-02  .37169E-04    4   888    -1     1     T
   173  .24284E-02  .37169E-04    4   892    -1     1     T
   174  .24655E-02  .37169E-04    4   896    -1     1     T
   175  .25027E-02  .37169E-04    7   903    -1     1     T
   176  .25287E-02  .26018E-04    4   907    -1     1     T
   177  .25547E-02  .26018E-04    2   909    -1     1     T
   178  .25885E-02  .33823E-04    3   912    -1     1     T
   179  .26325E-02  .43970E-04    5   917    -1     1     T
   180  .26765E-02  .43970E-04    6   923    -1     1     T
   181  .27205E-02  .43970E-04   17   940    -1     1     T
   182  .27512E-02  .30779E-04    5   945    -1     1     T
   183  .27820E-02  .30779E-04    2   947    -1     1     T
   184  .28220E-02  .40014E-04    2   949    -1     1     T
   185  .28740E-02  .52018E-04    9   958    -1     1     T
   186  .29105E-02  .36411E-04    4   962    -1     1     T
   187  .29469E-02  .36411E-04    2   964    -1     1     T
   188  .29942E-02  .47334E-04    3   967    -1     1     T
   189  .30147E-02  .20512E-04    2   990    -1     1     T
   190  .30414E-02  .26666E-04    2   992    -1     1     T
   191  .30760E-02  .34665E-04    2   994    -1     1     T
   192  .31211E-02  .45065E-04    3   997    -1     1     T
   193  .31797E-02  .58585E-04    5  1002    -1     1     T
   194  .32383E-02  .58585E-04    8  1010    -1     1     T
   195  .32793E-02  .41009E-04    2  1012    -1     1     T
   196  .33326E-02  .53312E-04    3  1015    -1     1     T
   197  .33557E-02  .23101E-04    2  1038    -1     1     T
   198  .33857E-02  .30032E-04    2  1040    -1     1     T
   199  .34248E-02  .39042E-04    2  1042    -1     1     T
   200  .34755E-02  .50755E-04    3  1045    -1     1     T
   201  .35415E-02  .65982E-04    4  1049    -1     1     T
   202  .36075E-02  .65982E-04   13  1062    -1     1     T
   203  .36537E-02  .46187E-04    5  1067    -1     1     T
   204  .36999E-02  .46187E-04    9  1076    -1     1     T
   205  .37322E-02  .32331E-04    3  1079    -1     1     T
   206  .37742E-02  .42030E-04    2  1081    -1     1     T
   207  .38289E-02  .54639E-04    4  1085    -1     1     T
   208  .38835E-02  .54639E-04    2  1087    -1     1     T
   209  .39545E-02  .71029E-04   12  1099    -1     1     T
   210  .40043E-02  .49720E-04    4  1103    -1     1     T
   211  .40540E-02  .49720E-04    2  1105    -1     1     T
   212  .41186E-02  .64638E-04    3  1108    -1     1     T
   213  .42026E-02  .84026E-04    4  1112    -1     1     T
   214  .42867E-02  .84026E-04   17  1129    -1     1     T
   215  .43455E-02  .58820E-04    4  1133    -1     1     T
   216  .44043E-02  .58820E-04    5  1138    -1     1     T
   217  .44631E-02  .58820E-04    4  1142    -1     1     T
   218  .45219E-02  .58820E-04    2  1144    -1     1     T
   219  .45984E-02  .76463E-04    3  1147    -1     1     T
   220  .46978E-02  .99401E-04   13  1160    -1     1     T
   221  .47674E-02  .69582E-04    4  1164    -1     1     T
   222  .48370E-02  .69582E-04    2  1166    -1     1     T
   223  .49274E-02  .90461E-04    3  1169    -1     1     T
   224  .49666E-02  .39198E-04    2  1192    -1     1     T
   225  .50176E-02  .50957E-04    3  1195    -1     1     T
   226  .50838E-02  .66244E-04    4  1199    -1     1     T
   227  .51501E-02  .66244E-04    2  1201    -1     1     T
   228  .52362E-02  .86119E-04    3  1204    -1     1     T
   229  .53481E-02  .11195E-03    4  1208    -1     1     T
   230  .54601E-02  .11195E-03    4  1212    -1     1     T
   231  .55720E-02  .11195E-03    4  1216    -1     1     T
   232  .56840E-02  .11195E-03    4  1220    -1     1     T
   233  .57959E-02  .11195E-03    4  1224    -1     1     T
   234  .59079E-02  .11195E-03    4  1228    -1     1     T
   235  .60198E-02  .11195E-03    4  1232    -1     1     T
   236  .61318E-02  .11195E-03    4  1236    -1     1     T
   237  .62437E-02  .11195E-03    4  1240    -1     1     T
   238  .63557E-02  .11195E-03    4  1244    -1     1     T
   239  .64676E-02  .11195E-03    4  1248    -1     1     T
   240  .65796E-02  .11195E-03    2  1250    -1     1     T
   241  .67251E-02  .14553E-03    8  1258    -1     1     T
   242  .68270E-02  .10187E-03    4  1262    -1     1     T
   243  .69289E-02  .10187E-03    2  1264    -1     1     T
   244  .70613E-02  .13244E-03    3  1267    -1     1     T
   245  .71187E-02  .57392E-04    2  1290    -1     1     T
   246  .71933E-02  .74608E-04    3  1293    -1     1     T
   247  .72903E-02  .96992E-04    2  1295    -1     1     T
   248  .74164E-02  .12609E-03    3  1298    -1     1     T
   249  .75803E-02  .16393E-03   17  1315    -1     1     T
   250  .76950E-02  .11474E-03    4  1319    -1     1     T
   251  .78098E-02  .11474E-03    4  1323    -1     1     T
   252  .79245E-02  .11474E-03    2  1325    -1     1     T
   253  .80737E-02  .14916E-03    7  1332    -1     1     T
   254  .81781E-02  .10441E-03    2  1334    -1     1     T
   255  .83138E-02  .13574E-03    3  1337    -1     1     T
   256  .84903E-02  .17646E-03    8  1345    -1     1     T
   257  .86138E-02  .12352E-03    2  1347    -1     1     T
   258  .87744E-02  .16057E-03    7  1354    -1     1     T
   259  .88868E-02  .11241E-03    4  1358    -1     1     T
   260  .89992E-02  .11241E-03    2  1360    -1     1     T
   261  .91453E-02  .14612E-03    2  1362    -1     1     T
   262  .93353E-02  .18996E-03    3  1365    -1     1     T
   263  .95823E-02  .24699E-03   16  1381    -1     1     T
   264  .97552E-02  .17288E-03    3  1384    -1     1     T
   265  .99799E-02  .22475E-03    4  1388    -1     1     T
   266  .10205E-01  .22475E-03    5  1393    -1     1     T
   267  .10429E-01  .22475E-03    4  1397    -1     1     T
   268  .10654E-01  .22475E-03    2  1399    -1     1     T
   269  .10946E-01  .29219E-03    3  1402    -1     1     T
   270  .11326E-01  .37982E-03    4  1406    -1     1     T
   271  .11453E-01  .12661E-03    2  1429    -1     1     T
   272  .11617E-01  .16459E-03    2  1431    -1     1     T
   273  .11831E-01  .21398E-03    2  1433    -1     1     T
   274  .12109E-01  .27812E-03    4  1437    -1     1     T
   275  .12388E-01  .27812E-03    2  1439    -1     1     T
   276  .12749E-01  .36163E-03    9  1448    -1     1     T
   277  .13002E-01  .25314E-03    4  1452    -1     1     T
   278  .13256E-01  .25314E-03    2  1454    -1     1     T
   279  .13585E-01  .32902E-03    4  1458    -1     1     T
   280  .13914E-01  .32902E-03    2  1460    -1     1     T
   281  .14341E-01  .42780E-03    6  1466    -1     1     T
   282  .14769E-01  .42780E-03    4  1470    -1     1     T
   283  .15197E-01  .42780E-03    2  1472    -1     1     T
   284  .15753E-01  .55607E-03   15  1487    -1     1     T
   285  .16142E-01  .38934E-03    4  1491    -1     1     T
   286  .16532E-01  .38934E-03    2  1493    -1     1     T
   287  .17038E-01  .50616E-03    4  1497    -1     1     T
   288  .17544E-01  .50616E-03    2  1499    -1     1     T
   289  .18202E-01  .65804E-03   10  1509    -1     1     T
   290  .18663E-01  .46051E-03    4  1513    -1     1     T
   291  .19123E-01  .46051E-03    2  1515    -1     1     T
   292  .19722E-01  .59883E-03    3  1518    -1     1     T
   293  .20500E-01  .77800E-03    5  1523    -1     1     T
   294  .21278E-01  .77800E-03    3  1526    -1     1     T
   295  .22290E-01  .10121E-02   11  1537    -1     1     T
   296  .22998E-01  .70797E-03    3  1540    -1     1     T
   297  .23919E-01  .92083E-03    5  1545    -1     1     T
   298  .24840E-01  .92083E-03    3  1548    -1     1     T
   299  .26036E-01  .11965E-02   14  1562    -1     1     T
   300  .26874E-01  .83818E-03    2  1564    -1     1     T
   301  .27964E-01  .10897E-02    6  1570    -1     1     T
   302  .29054E-01  .10897E-02    5  1575    -1     1     T
   303  .30144E-01  .10897E-02    2  1577    -1     1     T
   304  .31559E-01  .14158E-02    9  1586    -1     1     T
   305  .32551E-01  .99124E-03    2  1588    -1     1     T
   306  .33839E-01  .12882E-02    5  1593    -1     1     T
   307  .35127E-01  .12882E-02    2  1595    -1     1     T
   308  .36802E-01  .16751E-02    7  1602    -1     1     T
   309  .37975E-01  .11732E-02    2  1604    -1     1     T
   310  .39500E-01  .15246E-02    4  1608    -1     1     T
   311  .41025E-01  .15246E-02    2  1610    -1     1     T
   312  .43006E-01  .19814E-02    6  1616    -1     1     T
   313  .44987E-01  .19814E-02    3  1619    -1     1     T
   314  .47561E-01  .25742E-02    7  1626    -1     1     T
   315  .49365E-01  .18039E-02    2  1628    -1     1     T
   316  .51707E-01  .23415E-02    5  1633    -1     1     T
   317  .54048E-01  .23415E-02    3  1636    -1     1     T
   318  .57100E-01  .30515E-02    3  1639    -1     1     T
   319  .61061E-01  .39618E-02    9  1648    -1     1     T
   320  .63831E-01  .27697E-02    2  1650    -1     1     T
   321  .67432E-01  .36006E-02    5  1655    -1     1     T
   322  .71033E-01  .36006E-02    3  1658    -1     1     T
   323  .75724E-01  .46918E-02    3  1661    -1     1     T
   324  .81805E-01  .60808E-02    9  1670    -1     1     T
   325  .86076E-01  .42707E-02    2  1672    -1     1     T
   326  .91615E-01  .55389E-02    4  1676    -1     1     T
   327  .97154E-01  .55389E-02    2  1678    -1     1     T
   328  .10438E+00  .72228E-02    7  1685    -1     1     T
   329  .10941E+00  .50316E-02    2  1687    -1     1     T
   330  .11596E+00  .65485E-02    3  1690    -1     1     T
   331  .12446E+00  .85004E-02    4  1694    -1     1     T
   332  .13296E+00  .85004E-02    2  1696    -1     1     T
   333  .14407E+00  .11116E-01    3  1699    -1     1     T
   334  .15858E+00  .14507E-01    4  1703    -1     1     T
   335  .17309E+00  .14507E-01    2  1705    -1     1     T
   336  .19188E+00  .18793E-01    6  1711    -1     1     T
   337  .21067E+00  .18793E-01    3  1714    -1     1     T
   338  .23534E+00  .24666E-01    6  1720    -1     1     T
   339  .26001E+00  .24666E-01    5  1725    -1     1     T
   340  .28467E+00  .24666E-01    3  1728    -1     1     T
   341  .31577E+00  .31101E-01    4  1732    -1     1     T
   342  .34688E+00  .31101E-01    2  1734    -1     1     T
   343  .38770E+00  .40820E-01    3  1737    -1     1     T
   344  .44336E+00  .55664E-01    6  1743    -1     1     T
   345  .49902E+00  .55664E-01    6  1749    -1     1     T
   346  .55469E+00  .55664E-01    5  1754    -1     1     T
   347  .61035E+00  .55664E-01    3  1757    -1     1     T
   348  .67529E+00  .64941E-01    3  1760    -1     1     T
   349  .75647E+00  .81177E-01    2  1762    -1     1     T
   350  .87824E+00  .12176E+00    5  1767    -1     1     T
   351  .10000E+01  .12176E+00    5  1772    -1     1     T
   352  .11154E+01  .11538E+00    4  1776    -1     1     T
   353  .12308E+01  .11538E+00    3  1779    -1     1     T
   354  .13846E+01  .15385E+00    4  1783    -1     1     T
   355  .15385E+01  .15385E+00    4  1787    -1     1     T
   356  .16923E+01  .15385E+00    4  1791    -1     1     T
   357  .18462E+01  .15385E+00    4  1795    -1     1     T
   358  .20000E+01  .15385E+00    4  1799    -1     1     T
   359  .21538E+01  .15385E+00    4  1803    -1     1     T
   360  .23077E+01  .15385E+00    4  1807    -1     1     T
   361  .24615E+01  .15385E+00    3  1810    -1     1     T
   362  .26538E+01  .19231E+00    4  1814    -1     1     T
   363  .28462E+01  .19231E+00    4  1818    -1     1     T
   364  .30385E+01  .19231E+00    4  1822    -1     1     T
   365  .32308E+01  .19231E+00    4  1826    -1     1     T
   366  .34231E+01  .19231E+00    3  1829    -1     1     T
   367  .37115E+01  .28846E+00    4  1833    -1     1     T
   368  .40000E+01  .28846E+00    4  1837    -1     1     T
   369  .42581E+01  .25806E+00    4  1841    -1     1     T
   370  .45161E+01  .25806E+00    4  1845    -1     1     T
   371  .47742E+01  .25806E+00    4  1849    -1     1     T
   372  .50323E+01  .25806E+00    3  1852    -1     1     T
   373  .53649E+01  .33262E+00    4  1856    -1     1     T
   374  .56975E+01  .33262E+00    4  1860    -1     1     T
   375  .60301E+01  .33262E+00    4  1864    -1     1     T
   376  .63627E+01  .33262E+00    3  1867    -1     1     T
   377  .68026E+01  .43991E+00    4  1871    -1     1     T
   378  .72425E+01  .43991E+00    4  1875    -1     1     T
   379  .76825E+01  .43991E+00    4  1879    -1     1     T
   380  .81224E+01  .43991E+00    3  1882    -1     1     T
   381  .86173E+01  .49490E+00    3  1885    -1     1     T
   382  .91122E+01  .49490E+00    3  1888    -1     1     T
   383  .96071E+01  .49490E+00    3  1891    -1     1     T
   384  .10102E+02  .49490E+00    3  1894    -1     1     T
   385  .10597E+02  .49490E+00    3  1897    -1     1     T
   386  .11092E+02  .49490E+00    2  1899    -1     1     T
   387  .11587E+02  .49490E+00    3  1902    -1     1     T
   388  .12082E+02  .49490E+00    2  1904    -1     1     T
   389  .12576E+02  .49490E+00    2  1906    -1     1     T
   390  .13071E+02  .49490E+00    2  1908    -1     1     T
   391  .13566E+02  .49490E+00    2  1910    -1     1     T
   392  .14061E+02  .49490E+00    2  1912    -1     1     T
   393  .14556E+02  .49490E+00    2  1914    -1     1     T
   394  .15051E+02  .49490E+00    2  1916    -1     1     T
   395  .15546E+02  .49490E+00    2  1918    -1     1     T
   396  .16041E+02  .49490E+00    2  1920    -1     1     T
   397  .16536E+02  .49490E+00    2  1922    -1     1     T
   398  .17031E+02  .49490E+00    2  1924    -1     1     T
   399  .17525E+02  .49490E+00    2  1926    -1     1     T
   400  .18020E+02  .49490E+00    2  1928    -1     1     T
   401  .18515E+02  .49490E+00    2  1930    -1     1     T
   402  .19010E+02  .49490E+00    2  1932    -1     1     T
   403  .19505E+02  .49490E+00    2  1934    -1     1     T
   404  .20000E+02  .49490E+00    2  1936    -1     1     T
   405  .20500E+02  .50000E+00    2  1938    -1     1     T
   406  .21000E+02  .50000E+00    2  1940    -1     1     T
   407  .21500E+02  .50000E+00    2  1942    -1     1     T
   408  .22000E+02  .50000E+00    2  1944    -1     1     T
   409  .22500E+02  .50000E+00    2  1946    -1     1     T
   410  .23000E+02  .50000E+00    2  1948    -1     1     T
   411  .23500E+02  .50000E+00    2  1950    -1     1     T
   412  .24000E+02  .50000E+00    2  1952    -1     1     T
   413  .24500E+02  .50000E+00    2  1954    -1     1     T
   414  .25000E+02  .50000E+00    2  1956    -1     1     T
   415  .25500E+02  .50000E+00    2  1958    -1     1     T
   416  .26000E+02  .50000E+00    2  1960    -1     1     T
   417  .26500E+02  .50000E+00    2  1962    -1     1     T
   418  .27000E+02  .50000E+00    2  1964    -1     1     T
   419  .27500E+02  .50000E+00    2  1966    -1     1     T
   420  .28000E+02  .50000E+00    2  1968    -1     1     T
   421  .28500E+02  .50000E+00    2  1970    -1     1     T
   422  .29000E+02  .50000E+00    2  1972    -1     1     T
   423  .29500E+02  .50000E+00    2  1974    -1     1     T
   424  .30000E+02  .50000E+00    2  1976    -1     1     T
   425  .30500E+02  .50000E+00    2  1978    -1     1     T
   426  .31000E+02  .50000E+00    2  1980    -1     1     T
   427  .31500E+02  .50000E+00    2  1982    -1     1     T
   428  .32000E+02  .50000E+00    2  1984    -1     1     T
   429  .32500E+02  .50000E+00    2  1986    -1     1     T
   430  .33000E+02  .50000E+00    2  1988    -1     1     T
   431  .33500E+02  .50000E+00    2  1990    -1     1     T
   432  .34000E+02  .50000E+00    2  1992    -1     1     T
   433  .34500E+02  .50000E+00    2  1994    -1     1     T
   434  .35000E+02  .50000E+00    2  1996    -1     1     T
   435  .35500E+02  .50000E+00    2  1998    -1     1     T
   436  .36000E+02  .50000E+00    2  2000    -1     1     T
   437  .36500E+02  .50000E+00    2  2002    -1     1     T
   438  .37000E+02  .50000E+00    2  2004    -1     1     T
   439  .37500E+02  .50000E+00    2  2006    -1     1     T
   440  .38000E+02  .50000E+00    2  2008    -1     1     T
   441  .38500E+02  .50000E+00    2  2010    -1     1     T
   442  .39000E+02  .50000E+00    2  2012    -1     1     T
   443  .39500E+02  .50000E+00    2  2014    -1     1     T
   444  .40000E+02  .50000E+00    2  2016    -1     1     T
   445  .40500E+02  .50000E+00    2  2018    -1     1     T
   446  .41000E+02  .50000E+00    2  2020    -1     1     T
   447  .41500E+02  .50000E+00    2  2022    -1     1     T
   448  .42000E+02  .50000E+00    2  2024    -1     1     T
   449  .42500E+02  .50000E+00    2  2026    -1     1     T
   450  .43000E+02  .50000E+00    2  2028    -1     1     T
   451  .43500E+02  .50000E+00    2  2030    -1     1     T
   452  .44000E+02  .50000E+00    2  2032    -1     1     T
   453  .44500E+02  .50000E+00    2  2034    -1     1     T
   454  .45000E+02  .50000E+00    2  2036    -1     1     T
   455  .45500E+02  .50000E+00    2  2038    -1     1     T
   456  .46000E+02  .50000E+00    2  2040    -1     1     T
   457  .46500E+02  .50000E+00    2  2042    -1     1     T
   458  .47000E+02  .50000E+00    2  2044    -1     1     T
   459  .47500E+02  .50000E+00    2  2046    -1     1     T
   460  .48000E+02  .50000E+00    2  2048    -1     1     T
   461  .48500E+02  .50000E+00    2  2050    -1     1     T
   462  .49000E+02  .50000E+00    2  2052    -1     1     T
   463  .49500E+02  .50000E+00    2  2054    -1     1     T
   464  .50000E+02  .50000E+00    2  2056    -1     1     T
   465  .50500E+02  .50000E+00    2  2058    -1     1     T
   466  .51000E+02  .50000E+00    2  2060    -1     1     T
   467  .51500E+02  .50000E+00    2  2062    -1     1     T
   468  .52000E+02  .50000E+00    2  2064    -1     1     T
   469  .52500E+02  .50000E+00    2  2066    -1     1     T
   470  .53000E+02  .50000E+00    2  2068    -1     1     T
   471  .53500E+02  .50000E+00    2  2070    -1     1     T
   472  .54000E+02  .50000E+00    2  2072    -1     1     T
   473  .54500E+02  .50000E+00    2  2074    -1     1     T
   474  .55000E+02  .50000E+00    2  2076    -1     1     T
   475  .55500E+02  .50000E+00    2  2078    -1     1     T
   476  .56000E+02  .50000E+00    2  2080    -1     1     T
   477  .56500E+02  .50000E+00    2  2082    -1     1     T
   478  .57000E+02  .50000E+00    2  2084    -1     1     T
   479  .57500E+02  .50000E+00    2  2086    -1     1     T
   480  .58000E+02  .50000E+00    2  2088    -1     1     T
   481  .58500E+02  .50000E+00    2  2090    -1     1     T
   482  .59000E+02  .50000E+00    2  2092    -1     1     T
   483  .59500E+02  .50000E+00    2  2094    -1     1     T
   484  .60000E+02  .50000E+00    2  2096    -1     1     T
   485  .60500E+02  .50000E+00    2  2098    -1     1     T
   486  .61000E+02  .50000E+00    2  2100    -1     1     T
   487  .61500E+02  .50000E+00    2  2102    -1     1     T
   488  .62000E+02  .50000E+00    2  2104    -1     1     T
   489  .62500E+02  .50000E+00    2  2106    -1     1     T
   490  .63000E+02  .50000E+00    2  2108    -1     1     T
   491  .63500E+02  .50000E+00    2  2110    -1     1     T
   492  .64000E+02  .50000E+00    2  2112    -1     1     T
   493  .64500E+02  .50000E+00    2  2114    -1     1     T
   494  .65000E+02  .50000E+00    2  2116    -1     1     T
   495  .65500E+02  .50000E+00    2  2118    -1     1     T
   496  .66000E+02  .50000E+00    2  2120    -1     1     T
   497  .66500E+02  .50000E+00    2  2122    -1     1     T
   498  .67000E+02  .50000E+00    2  2124    -1     1     T
   499  .67500E+02  .50000E+00    2  2126    -1     1     T
   500  .68000E+02  .50000E+00    2  2128    -1     1     T
   501  .68500E+02  .50000E+00    2  2130    -1     1     T
   502  .69000E+02  .50000E+00    2  2132    -1     1     T
   503  .69500E+02  .50000E+00    2  2134    -1     1     T
   504  .70000E+02  .50000E+00    2  2136    -1     1     T
   505  .70500E+02  .50000E+00    2  2138    -1     1     T
   506  .71000E+02  .50000E+00    2  2140    -1     1     T
   507  .71500E+02  .50000E+00    2  2142    -1     1     T
   508  .72000E+02  .50000E+00    2  2144    -1     1     T
   509  .72500E+02  .50000E+00    2  2146    -1     1     T
   510  .73000E+02  .50000E+00    2  2148    -1     1     T
   511  .73500E+02  .50000E+00    2  2150    -1     1     T
   512  .74000E+02  .50000E+00    2  2152    -1     1     T
   513  .74500E+02  .50000E+00    2  2154    -1     1     T
   514  .75000E+02  .50000E+00    2  2156    -1     1     T
   515  .75500E+02  .50000E+00    2  2158    -1     1     T
   516  .76000E+02  .50000E+00    2  2160    -1     1     T
   517  .76500E+02  .50000E+00    2  2162    -1     1     T
   518  .77000E+02  .50000E+00    2  2164    -1     1     T
   519  .77500E+02  .50000E+00    2  2166    -1     1     T
   520  .78000E+02  .50000E+00    2  2168    -1     1     T
   521  .78500E+02  .50000E+00    2  2170    -1     1     T
   522  .79000E+02  .50000E+00    2  2172    -1     1     T
   523  .79500E+02  .50000E+00    2  2174    -1     1     T
   524  .80000E+02  .50000E+00    2  2176    -1     1     T
   525  .80500E+02  .50000E+00    2  2178    -1     1     T
   526  .81000E+02  .50000E+00    2  2180    -1     1     T
   527  .81500E+02  .50000E+00    2  2182    -1     1     T
   528  .82000E+02  .50000E+00    2  2184    -1     1     T
   529  .82500E+02  .50000E+00    2  2186    -1     1     T
   530  .83000E+02  .50000E+00    2  2188    -1     1     T
   531  .83500E+02  .50000E+00    2  2190    -1     1     T
   532  .84000E+02  .50000E+00    2  2192    -1     1     T
   533  .84500E+02  .50000E+00    2  2194    -1     1     T
   534  .85000E+02  .50000E+00    2  2196    -1     1     T
   535  .85500E+02  .50000E+00    2  2198    -1     1     T
   536  .86000E+02  .50000E+00    2  2200    -1     1     T
   537  .86500E+02  .50000E+00    2  2202    -1     1     T
   538  .87000E+02  .50000E+00    2  2204    -1     1     T
   539  .87500E+02  .50000E+00    2  2206    -1     1     T
   540  .88000E+02  .50000E+00    2  2208    -1     1     T
   541  .88500E+02  .50000E+00    2  2210    -1     1     T
   542  .89000E+02  .50000E+00    2  2212    -1     1     T
   543  .89500E+02  .50000E+00    2  2214    -1     1     T
   544  .90000E+02  .50000E+00    2  2216    -1     1     T
   545  .90500E+02  .50000E+00    2  2218    -1     1     T
   546  .91000E+02  .50000E+00    2  2220    -1     1     T
   547  .91500E+02  .50000E+00    2  2222    -1     1     T
   548  .92000E+02  .50000E+00    2  2224    -1     1     T
   549  .92500E+02  .50000E+00    2  2226    -1     1     T
   550  .93000E+02  .50000E+00    2  2228    -1     1     T
   551  .93500E+02  .50000E+00    2  2230    -1     1     T
   552  .94000E+02  .50000E+00    2  2232    -1     1     T
   553  .94500E+02  .50000E+00    2  2234    -1     1     T
   554  .95000E+02  .50000E+00    2  2236    -1     1     T
   555  .95500E+02  .50000E+00    2  2238    -1     1     T
   556  .96000E+02  .50000E+00    2  2240    -1     1     T
   557  .96500E+02  .50000E+00    2  2242    -1     1     T
   558  .97000E+02  .50000E+00    2  2244    -1     1     T
   559  .97500E+02  .50000E+00    2  2246    -1     1     T
   560  .98000E+02  .50000E+00    2  2248    -1     1     T
   561  .98500E+02  .50000E+00    2  2250    -1     1     T
   562  .99000E+02  .50000E+00    2  2252    -1     1     T
   563  .99500E+02  .50000E+00    2  2254    -1     1     T
   564  .10000E+03  .50000E+00    2  2256    -1     1     T
end
 
 Real time [sec]       6.000000000000000
