 ******* Program HYDRUS
 ******* Infiltration and drainage in a large caisson                           
  
 Date:   1.10.    Time:  14: 1: 5
 Units: L = cm   , T = hours, M = mmol 

       Time        rTop      rRoot      vTop       vRoot      vBot     sum(rTop) sum(rRoot)  sum(vTop) sum(vRoot)  sum(vBot)    hTop       hRoot      hBot      t-level
        [T]       [L/T]      [L/T]      [L/T]      [L/T]      [L/T]       [L]        [L]        [L]        [L]        [L]        [L]        [L]        [L]

        .00000   .000E+00   .000E+00   .977E-02   .000E+00  -.248E+02   .000E+00   .000E+00   .977E-08   .000E+00  -.248E-04  -.126E+00   .000E+00   .000E+00       1
        .00000   .000E+00   .000E+00   .260E-01   .000E+00  -.248E+02   .000E+00   .000E+00   .436E-07   .000E+00  -.570E-04  -.226E+00   .000E+00   .000E+00       2
        .00000   .000E+00   .000E+00   .455E-02   .000E+00  -.248E+02   .000E+00   .000E+00   .513E-07   .000E+00  -.989E-04  -.327E+00   .000E+00   .000E+00       3
        .00001   .000E+00   .000E+00  -.144E-01   .000E+00  -.247E+02   .000E+00   .000E+00   .269E-07   .000E+00  -.141E-03  -.409E+00   .000E+00   .000E+00       4
        .00001   .000E+00   .000E+00  -.110E-02   .000E+00  -.247E+02   .000E+00   .000E+00   .245E-07   .000E+00  -.195E-03  -.504E+00   .000E+00   .000E+00       5
        .00001   .000E+00   .000E+00  -.186E-02   .000E+00  -.246E+02   .000E+00   .000E+00   .192E-07   .000E+00  -.265E-03  -.611E+00   .000E+00   .000E+00       6
        .00001   .000E+00   .000E+00  -.109E-02   .000E+00  -.249E+02   .000E+00   .000E+00   .152E-07   .000E+00  -.357E-03  -.735E+00   .000E+00   .000E+00       7
        .00002   .000E+00   .000E+00  -.122E-03   .000E+00  -.238E+02   .000E+00   .000E+00   .146E-07   .000E+00  -.472E-03  -.875E+00   .000E+00   .000E+00       8
        .00003   .000E+00   .000E+00   .587E-02   .000E+00  -.247E+02   .000E+00   .000E+00   .514E-07   .000E+00  -.628E-03  -.104E+01   .000E+00   .000E+00       9
        .00003   .000E+00   .000E+00   .455E-02   .000E+00  -.243E+02   .000E+00   .000E+00   .799E-07   .000E+00  -.780E-03  -.118E+01   .000E+00   .000E+00      10
        .00004   .000E+00   .000E+00   .767E-03   .000E+00  -.244E+02   .000E+00   .000E+00   .862E-07   .000E+00  -.979E-03  -.135E+01   .000E+00   .000E+00      11
        .00005   .000E+00   .000E+00   .605E-02   .000E+00  -.249E+02   .000E+00   .000E+00   .121E-06   .000E+00  -.112E-02  -.146E+01   .000E+00   .000E+00      12
        .00005   .000E+00   .000E+00  -.141E-02   .000E+00  -.245E+02   .000E+00   .000E+00   .110E-06   .000E+00  -.130E-02  -.158E+01   .000E+00   .000E+00      13
        .00006   .000E+00   .000E+00  -.386E-02   .000E+00  -.243E+02   .000E+00   .000E+00   .730E-07   .000E+00  -.154E-02  -.174E+01   .000E+00   .000E+00      14
        .00007   .000E+00   .000E+00   .837E-02   .000E+00  -.244E+02   .000E+00   .000E+00   .108E-06   .000E+00  -.164E-02  -.181E+01   .000E+00   .000E+00      15
        .00007   .000E+00   .000E+00  -.151E-02   .000E+00  -.244E+02   .000E+00   .000E+00   .104E-06   .000E+00  -.171E-02  -.185E+01   .000E+00   .000E+00      16
        .00007   .000E+00   .000E+00   .910E-02   .000E+00  -.244E+02   .000E+00   .000E+00   .130E-06   .000E+00  -.178E-02  -.189E+01   .000E+00   .000E+00      17
        .00008   .000E+00   .000E+00  -.822E-02   .000E+00  -.244E+02   .000E+00   .000E+00   .106E-06   .000E+00  -.186E-02  -.193E+01   .000E+00   .000E+00      18
        .00008   .000E+00   .000E+00  -.234E-02   .000E+00  -.244E+02   .000E+00   .000E+00   .994E-07   .000E+00  -.193E-02  -.197E+01   .000E+00   .000E+00      19
        .00008   .000E+00   .000E+00   .745E-02   .000E+00  -.244E+02   .000E+00   .000E+00   .128E-06   .000E+00  -.202E-02  -.202E+01   .000E+00   .000E+00      20
        .00009   .000E+00   .000E+00   .489E-02   .000E+00  -.244E+02   .000E+00   .000E+00   .152E-06   .000E+00  -.214E-02  -.209E+01   .000E+00   .000E+00      21
        .00009   .000E+00   .000E+00  -.469E-02   .000E+00  -.244E+02   .000E+00   .000E+00   .136E-06   .000E+00  -.222E-02  -.214E+01   .000E+00   .000E+00      22
        .00010   .000E+00   .000E+00  -.802E-02   .000E+00  -.246E+02   .000E+00   .000E+00   .995E-07   .000E+00  -.234E-02  -.219E+01   .000E+00   .000E+00      23
        .00010   .000E+00   .000E+00   .109E-01   .000E+00  -.245E+02   .000E+00   .000E+00   .134E-06   .000E+00  -.241E-02  -.224E+01   .000E+00   .000E+00      24
        .00010   .000E+00   .000E+00   .797E-02   .000E+00  -.243E+02   .000E+00   .000E+00   .166E-06   .000E+00  -.251E-02  -.229E+01   .000E+00   .000E+00      25
        .00011   .000E+00   .000E+00   .274E-02   .000E+00  -.245E+02   .000E+00   .000E+00   .181E-06   .000E+00  -.264E-02  -.235E+01   .000E+00   .000E+00      26
        .00011   .000E+00   .000E+00  -.418E-02   .000E+00  -.244E+02   .000E+00   .000E+00   .165E-06   .000E+00  -.273E-02  -.239E+01   .000E+00   .000E+00      27
        .00012   .000E+00   .000E+00  -.469E-02   .000E+00  -.246E+02   .000E+00   .000E+00   .143E-06   .000E+00  -.285E-02  -.244E+01   .000E+00   .000E+00      28
        .00012   .000E+00   .000E+00  -.387E-02   .000E+00  -.242E+02   .000E+00   .000E+00   .118E-06   .000E+00  -.301E-02  -.251E+01   .000E+00   .000E+00      29
        .00013   .000E+00   .000E+00   .417E-02   .000E+00  -.241E+02   .000E+00   .000E+00   .152E-06   .000E+00  -.320E-02  -.260E+01   .000E+00   .000E+00      30
        .00014   .000E+00   .000E+00   .173E-02   .000E+00  -.247E+02   .000E+00   .000E+00   .171E-06   .000E+00  -.347E-02  -.271E+01   .000E+00   .000E+00      31
        .00015   .000E+00   .000E+00   .204E-02   .000E+00  -.244E+02   .000E+00   .000E+00   .186E-06   .000E+00  -.365E-02  -.278E+01   .000E+00   .000E+00      32
        .00016   .000E+00   .000E+00  -.156E-02   .000E+00  -.244E+02   .000E+00   .000E+00   .171E-06   .000E+00  -.388E-02  -.288E+01   .000E+00   .000E+00      33
        .00017   .000E+00   .000E+00   .349E-03   .000E+00  -.244E+02   .000E+00   .000E+00   .173E-06   .000E+00  -.405E-02  -.294E+01   .000E+00   .000E+00      34
        .00017   .000E+00   .000E+00   .437E-02   .000E+00  -.244E+02   .000E+00   .000E+00   .203E-06   .000E+00  -.421E-02  -.300E+01   .000E+00   .000E+00      35
        .00018   .000E+00   .000E+00   .522E-02   .000E+00  -.243E+02   .000E+00   .000E+00   .238E-06   .000E+00  -.438E-02  -.306E+01   .000E+00   .000E+00      36
        .00019   .000E+00   .000E+00   .198E-02   .000E+00  -.244E+02   .000E+00   .000E+00   .256E-06   .000E+00  -.459E-02  -.313E+01   .000E+00   .000E+00      37
        .00019   .000E+00   .000E+00  -.120E-02   .000E+00  -.246E+02   .000E+00   .000E+00   .248E-06   .000E+00  -.475E-02  -.318E+01   .000E+00   .000E+00      38
        .00020   .000E+00   .000E+00  -.516E-02   .000E+00  -.244E+02   .000E+00   .000E+00   .217E-06   .000E+00  -.490E-02  -.323E+01   .000E+00   .000E+00      39
        .00021   .000E+00   .000E+00  -.273E-02   .000E+00  -.253E+02   .000E+00   .000E+00   .195E-06   .000E+00  -.510E-02  -.330E+01   .000E+00   .000E+00      40
        .00021   .000E+00   .000E+00  -.790E-03   .000E+00  -.244E+02   .000E+00   .000E+00   .190E-06   .000E+00  -.524E-02  -.334E+01   .000E+00   .000E+00      41
        .00022   .000E+00   .000E+00   .291E-02   .000E+00  -.245E+02   .000E+00   .000E+00   .211E-06   .000E+00  -.541E-02  -.340E+01   .000E+00   .000E+00      42
        .00023   .000E+00   .000E+00   .411E-02   .000E+00  -.246E+02   .000E+00   .000E+00   .241E-06   .000E+00  -.559E-02  -.345E+01   .000E+00   .000E+00      43
        .00024   .000E+00   .000E+00   .271E-02   .000E+00  -.245E+02   .000E+00   .000E+00   .267E-06   .000E+00  -.583E-02  -.353E+01   .000E+00   .000E+00      44
        .00025   .000E+00   .000E+00   .330E-02   .000E+00  -.245E+02   .000E+00   .000E+00   .299E-06   .000E+00  -.606E-02  -.360E+01   .000E+00   .000E+00      45
        .00026   .000E+00   .000E+00   .124E-02   .000E+00  -.244E+02   .000E+00   .000E+00   .310E-06   .000E+00  -.629E-02  -.367E+01   .000E+00   .000E+00      46
        .00027   .000E+00   .000E+00  -.257E-03   .000E+00  -.243E+02   .000E+00   .000E+00   .308E-06   .000E+00  -.652E-02  -.373E+01   .000E+00   .000E+00      47
        .00028   .000E+00   .000E+00  -.226E-02   .000E+00  -.245E+02   .000E+00   .000E+00   .286E-06   .000E+00  -.676E-02  -.379E+01   .000E+00   .000E+00      48
        .00029   .000E+00   .000E+00   .322E-04   .000E+00  -.243E+02   .000E+00   .000E+00   .287E-06   .000E+00  -.699E-02  -.385E+01   .000E+00   .000E+00      49
        .00030   .000E+00   .000E+00  -.526E-03   .000E+00  -.246E+02   .000E+00   .000E+00   .280E-06   .000E+00  -.729E-02  -.393E+01   .000E+00   .000E+00      50
        .00031   .000E+00   .000E+00  -.363E-02   .000E+00  -.243E+02   .000E+00   .000E+00   .249E-06   .000E+00  -.750E-02  -.398E+01   .000E+00   .000E+00      51
        .00032   .000E+00   .000E+00  -.313E-02   .000E+00  -.242E+02   .000E+00   .000E+00   .214E-06   .000E+00  -.777E-02  -.405E+01   .000E+00   .000E+00      52
        .00033   .000E+00   .000E+00   .377E-02   .000E+00  -.246E+02   .000E+00   .000E+00   .243E-06   .000E+00  -.796E-02  -.410E+01   .000E+00   .000E+00      53
        .00033   .000E+00   .000E+00   .136E-02   .000E+00  -.244E+02   .000E+00   .000E+00   .251E-06   .000E+00  -.810E-02  -.413E+01   .000E+00   .000E+00      54
        .00034   .000E+00   .000E+00   .284E-04   .000E+00  -.243E+02   .000E+00   .000E+00   .251E-06   .000E+00  -.827E-02  -.418E+01   .000E+00   .000E+00      55
        .00035   .000E+00   .000E+00   .994E-03   .000E+00  -.247E+02   .000E+00   .000E+00   .260E-06   .000E+00  -.850E-02  -.423E+01   .000E+00   .000E+00      56
        .00036   .000E+00   .000E+00   .144E-02   .000E+00  -.251E+02   .000E+00   .000E+00   .274E-06   .000E+00  -.874E-02  -.429E+01   .000E+00   .000E+00      57
        .00037   .000E+00   .000E+00   .868E-03   .000E+00  -.243E+02   .000E+00   .000E+00   .282E-06   .000E+00  -.896E-02  -.434E+01   .000E+00   .000E+00      58
        .00038   .000E+00   .000E+00   .431E-03   .000E+00  -.244E+02   .000E+00   .000E+00   .287E-06   .000E+00  -.926E-02  -.441E+01   .000E+00   .000E+00      59
        .00039   .000E+00   .000E+00   .308E-02   .000E+00  -.247E+02   .000E+00   .000E+00   .313E-06   .000E+00  -.947E-02  -.445E+01   .000E+00   .000E+00      60
        .00040   .000E+00   .000E+00   .343E-02   .000E+00  -.244E+02   .000E+00   .000E+00   .342E-06   .000E+00  -.967E-02  -.450E+01   .000E+00   .000E+00      61
        .00041   .000E+00   .000E+00  -.171E-02   .000E+00  -.244E+02   .000E+00   .000E+00   .323E-06   .000E+00  -.994E-02  -.456E+01   .000E+00   .000E+00      62
        .00042   .000E+00   .000E+00   .965E-03   .000E+00  -.245E+02   .000E+00   .000E+00   .334E-06   .000E+00  -.102E-01  -.462E+01   .000E+00   .000E+00      63
        .00042   .000E+00   .000E+00   .492E-03   .000E+00  -.242E+02   .000E+00   .000E+00   .338E-06   .000E+00  -.104E-01  -.466E+01   .000E+00   .000E+00      64
        .00043   .000E+00   .000E+00   .286E-02   .000E+00  -.244E+02   .000E+00   .000E+00   .366E-06   .000E+00  -.106E-01  -.471E+01   .000E+00   .000E+00      65
        .00044   .000E+00   .000E+00  -.543E-03   .000E+00  -.244E+02   .000E+00   .000E+00   .361E-06   .000E+00  -.109E-01  -.476E+01   .000E+00   .000E+00      66
        .00045   .000E+00   .000E+00   .228E-02   .000E+00  -.247E+02   .000E+00   .000E+00   .384E-06   .000E+00  -.111E-01  -.480E+01   .000E+00   .000E+00      67
        .00047   .000E+00   .000E+00  -.124E-02   .000E+00  -.246E+02   .000E+00   .000E+00   .368E-06   .000E+00  -.115E-01  -.486E+01   .000E+00   .000E+00      68
        .00048   .000E+00   .000E+00   .166E-02   .000E+00  -.245E+02   .000E+00   .000E+00   .383E-06   .000E+00  -.117E-01  -.491E+01   .000E+00   .000E+00      69
        .00049   .000E+00   .000E+00  -.151E-02   .000E+00  -.246E+02   .000E+00   .000E+00   .369E-06   .000E+00  -.119E-01  -.495E+01   .000E+00   .000E+00      70
        .00050   .000E+00   .000E+00   .255E-02   .000E+00  -.244E+02   .000E+00   .000E+00   .399E-06   .000E+00  -.122E-01  -.500E+01   .000E+00   .000E+00      71
        .00051   .000E+00   .000E+00   .248E-02   .000E+00  -.245E+02   .000E+00   .000E+00   .428E-06   .000E+00  -.125E-01  -.505E+01   .000E+00   .000E+00      72
        .00052   .000E+00   .000E+00   .102E-03   .000E+00  -.243E+02   .000E+00   .000E+00   .430E-06   .000E+00  -.128E-01  -.511E+01   .000E+00   .000E+00      73
        .00053   .000E+00   .000E+00   .222E-02   .000E+00  -.243E+02   .000E+00   .000E+00   .456E-06   .000E+00  -.131E-01  -.516E+01   .000E+00   .000E+00      74
        .00055   .000E+00   .000E+00   .225E-02   .000E+00  -.248E+02   .000E+00   .000E+00   .483E-06   .000E+00  -.133E-01  -.521E+01   .000E+00   .000E+00      75
        .00056   .000E+00   .000E+00   .771E-03   .000E+00  -.247E+02   .000E+00   .000E+00   .492E-06   .000E+00  -.136E-01  -.526E+01   .000E+00   .000E+00      76
        .00057   .000E+00   .000E+00  -.243E-02   .000E+00  -.246E+02   .000E+00   .000E+00   .463E-06   .000E+00  -.139E-01  -.531E+01   .000E+00   .000E+00      77
        .00058   .000E+00   .000E+00  -.113E-02   .000E+00  -.246E+02   .000E+00   .000E+00   .450E-06   .000E+00  -.142E-01  -.536E+01   .000E+00   .000E+00      78
        .00060   .000E+00   .000E+00   .208E-02   .000E+00  -.243E+02   .000E+00   .000E+00   .482E-06   .000E+00  -.146E-01  -.543E+01   .000E+00   .000E+00      79
        .00061   .000E+00   .000E+00  -.144E-02   .000E+00  -.243E+02   .000E+00   .000E+00   .460E-06   .000E+00  -.150E-01  -.549E+01   .000E+00   .000E+00      80
        .00063   .000E+00   .000E+00  -.229E-02   .000E+00  -.243E+02   .000E+00   .000E+00   .424E-06   .000E+00  -.153E-01  -.555E+01   .000E+00   .000E+00      81
        .00064   .000E+00   .000E+00  -.842E-03   .000E+00  -.243E+02   .000E+00   .000E+00   .411E-06   .000E+00  -.157E-01  -.561E+01   .000E+00   .000E+00      82
        .00066   .000E+00   .000E+00  -.130E-02   .000E+00  -.244E+02   .000E+00   .000E+00   .391E-06   .000E+00  -.161E-01  -.568E+01   .000E+00   .000E+00      83
        .00067   .000E+00   .000E+00   .992E-03   .000E+00  -.244E+02   .000E+00   .000E+00   .407E-06   .000E+00  -.165E-01  -.574E+01   .000E+00   .000E+00      84
        .00068   .000E+00   .000E+00   .293E-02   .000E+00  -.251E+02   .000E+00   .000E+00   .438E-06   .000E+00  -.167E-01  -.578E+01   .000E+00   .000E+00      85
        .00070   .000E+00   .000E+00  -.263E-02   .000E+00  -.242E+02   .000E+00   .000E+00   .401E-06   .000E+00  -.171E-01  -.583E+01   .000E+00   .000E+00      86
        .00072   .000E+00   .000E+00   .174E-02   .000E+00  -.246E+02   .000E+00   .000E+00   .433E-06   .000E+00  -.175E-01  -.590E+01   .000E+00   .000E+00      87
        .00072   .000E+00   .000E+00   .253E-02   .000E+00  -.249E+02   .000E+00   .000E+00   .448E-06   .000E+00  -.177E-01  -.592E+01   .000E+00   .000E+00      88
        .00073   .000E+00   .000E+00  -.673E-03   .000E+00  -.244E+02   .000E+00   .000E+00   .444E-06   .000E+00  -.178E-01  -.594E+01   .000E+00   .000E+00      89
        .00074   .000E+00   .000E+00   .549E-04   .000E+00  -.245E+02   .000E+00   .000E+00   .445E-06   .000E+00  -.180E-01  -.597E+01   .000E+00   .000E+00      90
        .00075   .000E+00   .000E+00   .799E-03   .000E+00  -.244E+02   .000E+00   .000E+00   .453E-06   .000E+00  -.183E-01  -.600E+01   .000E+00   .000E+00      91
        .00076   .000E+00   .000E+00   .121E-02   .000E+00  -.243E+02   .000E+00   .000E+00   .469E-06   .000E+00  -.186E-01  -.604E+01   .000E+00   .000E+00      92
        .00078   .000E+00   .000E+00  -.110E-02   .000E+00  -.242E+02   .000E+00   .000E+00   .450E-06   .000E+00  -.190E-01  -.610E+01   .000E+00   .000E+00      93
        .00079   .000E+00   .000E+00  -.204E-02   .000E+00  -.242E+02   .000E+00   .000E+00   .415E-06   .000E+00  -.194E-01  -.616E+01   .000E+00   .000E+00      94
        .00081   .000E+00   .000E+00   .283E-03   .000E+00  -.242E+02   .000E+00   .000E+00   .420E-06   .000E+00  -.199E-01  -.622E+01   .000E+00   .000E+00      95
        .00083   .000E+00   .000E+00   .130E-02   .000E+00  -.241E+02   .000E+00   .000E+00   .442E-06   .000E+00  -.203E-01  -.627E+01   .000E+00   .000E+00      96
        .00085   .000E+00   .000E+00   .119E-02   .000E+00  -.242E+02   .000E+00   .000E+00   .463E-06   .000E+00  -.207E-01  -.633E+01   .000E+00   .000E+00      97
        .00086   .000E+00   .000E+00   .161E-02   .000E+00  -.240E+02   .000E+00   .000E+00   .482E-06   .000E+00  -.210E-01  -.636E+01   .000E+00   .000E+00      98
        .00087   .000E+00   .000E+00   .207E-02   .000E+00  -.241E+02   .000E+00   .000E+00   .515E-06   .000E+00  -.214E-01  -.641E+01   .000E+00   .000E+00      99
        .00089   .000E+00   .000E+00  -.101E-02   .000E+00  -.243E+02   .000E+00   .000E+00   .499E-06   .000E+00  -.217E-01  -.646E+01   .000E+00   .000E+00     100
        .00091   .000E+00   .000E+00  -.269E-03   .000E+00  -.241E+02   .000E+00   .000E+00   .495E-06   .000E+00  -.221E-01  -.651E+01   .000E+00   .000E+00     101
        .00093   .000E+00   .000E+00  -.117E-02   .000E+00  -.243E+02   .000E+00   .000E+00   .471E-06   .000E+00  -.226E-01  -.658E+01   .000E+00   .000E+00     102
        .00094   .000E+00   .000E+00   .886E-03   .000E+00  -.243E+02   .000E+00   .000E+00   .484E-06   .000E+00  -.230E-01  -.662E+01   .000E+00   .000E+00     103
        .00095   .000E+00   .000E+00   .512E-02   .000E+00  -.252E+02   .000E+00   .000E+00   .515E-06   .000E+00  -.231E-01  -.664E+01   .000E+00   .000E+00     104
        .00096   .000E+00   .000E+00  -.400E-02   .000E+00  -.244E+02   .000E+00   .000E+00   .483E-06   .000E+00  -.233E-01  -.666E+01   .000E+00   .000E+00     105
        .00097   .000E+00   .000E+00   .288E-03   .000E+00  -.240E+02   .000E+00   .000E+00   .486E-06   .000E+00  -.236E-01  -.669E+01   .000E+00   .000E+00     106
        .00098   .000E+00   .000E+00   .237E-02   .000E+00  -.243E+02   .000E+00   .000E+00   .519E-06   .000E+00  -.239E-01  -.673E+01   .000E+00   .000E+00     107
        .00100   .000E+00   .000E+00   .209E-02   .000E+00  -.244E+02   .000E+00   .000E+00   .556E-06   .000E+00  -.243E-01  -.679E+01   .000E+00   .000E+00     108
        .00101   .000E+00   .000E+00   .134E-02   .000E+00  -.243E+02   .000E+00   .000E+00   .572E-06   .000E+00  -.246E-01  -.682E+01   .000E+00   .000E+00     109
        .00103   .000E+00   .000E+00  -.182E-02   .000E+00  -.245E+02   .000E+00   .000E+00   .543E-06   .000E+00  -.250E-01  -.687E+01   .000E+00   .000E+00     110
        .00105   .000E+00   .000E+00   .764E-04   .000E+00  -.244E+02   .000E+00   .000E+00   .544E-06   .000E+00  -.256E-01  -.693E+01   .000E+00   .000E+00     111
        .00107   .000E+00   .000E+00  -.508E-03   .000E+00  -.241E+02   .000E+00   .000E+00   .534E-06   .000E+00  -.261E-01  -.699E+01   .000E+00   .000E+00     112
        .00108   .000E+00   .000E+00   .141E-02   .000E+00  -.248E+02   .000E+00   .000E+00   .554E-06   .000E+00  -.264E-01  -.703E+01   .000E+00   .000E+00     113
        .00110   .000E+00   .000E+00  -.153E-02   .000E+00  -.242E+02   .000E+00   .000E+00   .532E-06   .000E+00  -.268E-01  -.707E+01   .000E+00   .000E+00     114
        .00112   .000E+00   .000E+00   .229E-03   .000E+00  -.241E+02   .000E+00   .000E+00   .536E-06   .000E+00  -.272E-01  -.713E+01   .000E+00   .000E+00     115
        .00112   .000E+00   .000E+00  -.435E-02   .000E+00  -.244E+02   .000E+00   .000E+00   .500E-06   .000E+00  -.274E-01  -.715E+01   .000E+00   .000E+00     116
        .00113   .000E+00   .000E+00  -.266E-02   .000E+00  -.244E+02   .000E+00   .000E+00   .478E-06   .000E+00  -.276E-01  -.717E+01   .000E+00   .000E+00     117
        .00114   .000E+00   .000E+00  -.325E-02   .000E+00  -.243E+02   .000E+00   .000E+00   .443E-06   .000E+00  -.279E-01  -.720E+01   .000E+00   .000E+00     118
        .00116   .000E+00   .000E+00  -.206E-02   .000E+00  -.242E+02   .000E+00   .000E+00   .414E-06   .000E+00  -.282E-01  -.724E+01   .000E+00   .000E+00     119
        .00118   .000E+00   .000E+00   .423E-03   .000E+00  -.242E+02   .000E+00   .000E+00   .422E-06   .000E+00  -.287E-01  -.729E+01   .000E+00   .000E+00     120
        .00119   .000E+00   .000E+00   .101E-02   .000E+00  -.241E+02   .000E+00   .000E+00   .435E-06   .000E+00  -.290E-01  -.732E+01   .000E+00   .000E+00     121
        .00121   .000E+00   .000E+00   .157E-02   .000E+00  -.241E+02   .000E+00   .000E+00   .461E-06   .000E+00  -.294E-01  -.737E+01   .000E+00   .000E+00     122
        .00122   .000E+00   .000E+00   .102E-03   .000E+00  -.241E+02   .000E+00   .000E+00   .462E-06   .000E+00  -.298E-01  -.741E+01   .000E+00   .000E+00     123
        .00123   .000E+00   .000E+00   .103E-02   .000E+00  -.241E+02   .000E+00   .000E+00   .470E-06   .000E+00  -.300E-01  -.743E+01   .000E+00   .000E+00     124
        .00124   .000E+00   .000E+00   .138E-02   .000E+00  -.241E+02   .000E+00   .000E+00   .483E-06   .000E+00  -.302E-01  -.745E+01   .000E+00   .000E+00     125
        .00125   .000E+00   .000E+00  -.747E-03   .000E+00  -.241E+02   .000E+00   .000E+00   .474E-06   .000E+00  -.305E-01  -.748E+01   .000E+00   .000E+00     126
        .00127   .000E+00   .000E+00   .127E-02   .000E+00  -.241E+02   .000E+00   .000E+00   .494E-06   .000E+00  -.309E-01  -.751E+01   .000E+00   .000E+00     127
        .00128   .000E+00   .000E+00  -.106E-02   .000E+00  -.240E+02   .000E+00   .000E+00   .477E-06   .000E+00  -.312E-01  -.755E+01   .000E+00   .000E+00     128
        .00130   .000E+00   .000E+00  -.121E-02   .000E+00  -.239E+02   .000E+00   .000E+00   .452E-06   .000E+00  -.317E-01  -.760E+01   .000E+00   .000E+00     129
        .00132   .000E+00   .000E+00   .480E-03   .000E+00  -.242E+02   .000E+00   .000E+00   .462E-06   .000E+00  -.322E-01  -.765E+01   .000E+00   .000E+00     130
        .00133   .000E+00   .000E+00  -.616E-03   .000E+00  -.244E+02   .000E+00   .000E+00   .456E-06   .000E+00  -.325E-01  -.767E+01   .000E+00   .000E+00     131
        .00134   .000E+00   .000E+00  -.233E-03   .000E+00  -.242E+02   .000E+00   .000E+00   .454E-06   .000E+00  -.327E-01  -.769E+01   .000E+00   .000E+00     132
        .00136   .000E+00   .000E+00   .156E-02   .000E+00  -.243E+02   .000E+00   .000E+00   .477E-06   .000E+00  -.331E-01  -.773E+01   .000E+00   .000E+00     133
        .00138   .000E+00   .000E+00   .828E-03   .000E+00  -.241E+02   .000E+00   .000E+00   .493E-06   .000E+00  -.336E-01  -.777E+01   .000E+00   .000E+00     134
        .00140   .000E+00   .000E+00  -.899E-03   .000E+00  -.241E+02   .000E+00   .000E+00   .476E-06   .000E+00  -.340E-01  -.782E+01   .000E+00   .000E+00     135
        .00142   .000E+00   .000E+00   .962E-03   .000E+00  -.241E+02   .000E+00   .000E+00   .495E-06   .000E+00  -.345E-01  -.786E+01   .000E+00   .000E+00     136
        .00144   .000E+00   .000E+00  -.117E-02   .000E+00  -.240E+02   .000E+00   .000E+00   .472E-06   .000E+00  -.350E-01  -.790E+01   .000E+00   .000E+00     137
        .00146   .000E+00   .000E+00   .157E-02   .000E+00  -.241E+02   .000E+00   .000E+00   .502E-06   .000E+00  -.354E-01  -.795E+01   .000E+00   .000E+00     138
        .00148   .000E+00   .000E+00  -.115E-02   .000E+00  -.241E+02   .000E+00   .000E+00   .480E-06   .000E+00  -.359E-01  -.799E+01   .000E+00   .000E+00     139
        .00150   .000E+00   .000E+00  -.698E-03   .000E+00  -.240E+02   .000E+00   .000E+00   .466E-06   .000E+00  -.364E-01  -.803E+01   .000E+00   .000E+00     140
        .00151   .000E+00   .000E+00  -.110E-02   .000E+00  -.240E+02   .000E+00   .000E+00   .445E-06   .000E+00  -.369E-01  -.808E+01   .000E+00   .000E+00     141
        .00153   .000E+00   .000E+00   .173E-02   .000E+00  -.241E+02   .000E+00   .000E+00   .479E-06   .000E+00  -.373E-01  -.812E+01   .000E+00   .000E+00     142
        .00155   .000E+00   .000E+00   .188E-03   .000E+00  -.243E+02   .000E+00   .000E+00   .482E-06   .000E+00  -.378E-01  -.816E+01   .000E+00   .000E+00     143
        .00157   .000E+00   .000E+00   .167E-02   .000E+00  -.243E+02   .000E+00   .000E+00   .515E-06   .000E+00  -.383E-01  -.820E+01   .000E+00   .000E+00     144
        .00159   .000E+00   .000E+00  -.123E-02   .000E+00  -.244E+02   .000E+00   .000E+00   .491E-06   .000E+00  -.387E-01  -.824E+01   .000E+00   .000E+00     145
        .00162   .000E+00   .000E+00  -.104E-02   .000E+00  -.246E+02   .000E+00   .000E+00   .464E-06   .000E+00  -.394E-01  -.830E+01   .000E+00   .000E+00     146
        .00164   .000E+00   .000E+00   .879E-03   .000E+00  -.243E+02   .000E+00   .000E+00   .487E-06   .000E+00  -.400E-01  -.835E+01   .000E+00   .000E+00     147
        .00167   .000E+00   .000E+00  -.121E-02   .000E+00  -.240E+02   .000E+00   .000E+00   .456E-06   .000E+00  -.406E-01  -.840E+01   .000E+00   .000E+00     148
        .00170   .000E+00   .000E+00  -.564E-03   .000E+00  -.239E+02   .000E+00   .000E+00   .437E-06   .000E+00  -.414E-01  -.847E+01   .000E+00   .000E+00     149
        .00173   .000E+00   .000E+00   .466E-03   .000E+00  -.238E+02   .000E+00   .000E+00   .448E-06   .000E+00  -.419E-01  -.852E+01   .000E+00   .000E+00     150
        .00176   .000E+00   .000E+00  -.733E-03   .000E+00  -.240E+02   .000E+00   .000E+00   .426E-06   .000E+00  -.427E-01  -.858E+01   .000E+00   .000E+00     151
        .00177   .000E+00   .000E+00  -.949E-03   .000E+00  -.238E+02   .000E+00   .000E+00   .414E-06   .000E+00  -.430E-01  -.860E+01   .000E+00   .000E+00     152
        .00179   .000E+00   .000E+00  -.732E-03   .000E+00  -.240E+02   .000E+00   .000E+00   .401E-06   .000E+00  -.434E-01  -.864E+01   .000E+00   .000E+00     153
        .00180   .000E+00   .000E+00   .118E-02   .000E+00  -.240E+02   .000E+00   .000E+00   .421E-06   .000E+00  -.438E-01  -.867E+01   .000E+00   .000E+00     154
        .00182   .000E+00   .000E+00  -.755E-03   .000E+00  -.240E+02   .000E+00   .000E+00   .405E-06   .000E+00  -.443E-01  -.871E+01   .000E+00   .000E+00     155
        .00185   .000E+00   .000E+00  -.160E-03   .000E+00  -.240E+02   .000E+00   .000E+00   .401E-06   .000E+00  -.448E-01  -.876E+01   .000E+00   .000E+00     156
        .00187   .000E+00   .000E+00  -.942E-04   .000E+00  -.239E+02   .000E+00   .000E+00   .399E-06   .000E+00  -.454E-01  -.880E+01   .000E+00   .000E+00     157
        .00190   .000E+00   .000E+00  -.924E-03   .000E+00  -.238E+02   .000E+00   .000E+00   .373E-06   .000E+00  -.460E-01  -.885E+01   .000E+00   .000E+00     158
        .00193   .000E+00   .000E+00   .202E-04   .000E+00  -.238E+02   .000E+00   .000E+00   .373E-06   .000E+00  -.467E-01  -.891E+01   .000E+00   .000E+00     159
        .00195   .000E+00   .000E+00   .234E-03   .000E+00  -.241E+02   .000E+00   .000E+00   .380E-06   .000E+00  -.474E-01  -.896E+01   .000E+00   .000E+00     160
        .00198   .000E+00   .000E+00   .792E-04   .000E+00  -.240E+02   .000E+00   .000E+00   .382E-06   .000E+00  -.481E-01  -.902E+01   .000E+00   .000E+00     161
        .00202   .000E+00   .000E+00   .980E-03   .000E+00  -.240E+02   .000E+00   .000E+00   .419E-06   .000E+00  -.490E-01  -.908E+01   .000E+00   .000E+00     162
        .00206   .000E+00   .000E+00   .258E-03   .000E+00  -.241E+02   .000E+00   .000E+00   .428E-06   .000E+00  -.499E-01  -.915E+01   .000E+00   .000E+00     163
        .00209   .000E+00   .000E+00   .805E-03   .000E+00  -.241E+02   .000E+00   .000E+00   .458E-06   .000E+00  -.508E-01  -.922E+01   .000E+00   .000E+00     164
        .00213   .000E+00   .000E+00   .383E-03   .000E+00  -.241E+02   .000E+00   .000E+00   .472E-06   .000E+00  -.517E-01  -.929E+01   .000E+00   .000E+00     165
        .00217   .000E+00   .000E+00  -.153E-04   .000E+00  -.240E+02   .000E+00   .000E+00   .472E-06   .000E+00  -.526E-01  -.935E+01   .000E+00   .000E+00     166
        .00221   .000E+00   .000E+00   .215E-03   .000E+00  -.238E+02   .000E+00   .000E+00   .480E-06   .000E+00  -.535E-01  -.941E+01   .000E+00   .000E+00     167
        .00224   .000E+00   .000E+00  -.172E-03   .000E+00  -.237E+02   .000E+00   .000E+00   .473E-06   .000E+00  -.543E-01  -.947E+01   .000E+00   .000E+00     168
        .00228   .000E+00   .000E+00   .593E-03   .000E+00  -.237E+02   .000E+00   .000E+00   .495E-06   .000E+00  -.552E-01  -.953E+01   .000E+00   .000E+00     169
        .00232   .000E+00   .000E+00   .730E-03   .000E+00  -.237E+02   .000E+00   .000E+00   .522E-06   .000E+00  -.561E-01  -.959E+01   .000E+00   .000E+00     170
        .00235   .000E+00   .000E+00   .160E-03   .000E+00  -.237E+02   .000E+00   .000E+00   .528E-06   .000E+00  -.570E-01  -.965E+01   .000E+00   .000E+00     171
        .00239   .000E+00   .000E+00  -.976E-03   .000E+00  -.237E+02   .000E+00   .000E+00   .492E-06   .000E+00  -.579E-01  -.971E+01   .000E+00   .000E+00     172
        .00243   .000E+00   .000E+00  -.768E-03   .000E+00  -.238E+02   .000E+00   .000E+00   .464E-06   .000E+00  -.587E-01  -.976E+01   .000E+00   .000E+00     173
        .00247   .000E+00   .000E+00   .959E-03   .000E+00  -.238E+02   .000E+00   .000E+00   .499E-06   .000E+00  -.596E-01  -.982E+01   .000E+00   .000E+00     174
        .00250   .000E+00   .000E+00   .199E-03   .000E+00  -.236E+02   .000E+00   .000E+00   .507E-06   .000E+00  -.605E-01  -.988E+01   .000E+00   .000E+00     175
        .00253   .000E+00   .000E+00  -.323E-03   .000E+00  -.237E+02   .000E+00   .000E+00   .498E-06   .000E+00  -.611E-01  -.992E+01   .000E+00   .000E+00     176
        .00255   .000E+00   .000E+00   .110E-02   .000E+00  -.236E+02   .000E+00   .000E+00   .527E-06   .000E+00  -.617E-01  -.996E+01   .000E+00   .000E+00     177
        .00259   .000E+00   .000E+00  -.340E-03   .000E+00  -.240E+02   .000E+00   .000E+00   .515E-06   .000E+00  -.625E-01  -.100E+02   .000E+00   .000E+00     178
        .00263   .000E+00   .000E+00  -.494E-03   .000E+00  -.239E+02   .000E+00   .000E+00   .494E-06   .000E+00  -.636E-01  -.101E+02   .000E+00   .000E+00     179
        .00268   .000E+00   .000E+00   .839E-03   .000E+00  -.236E+02   .000E+00   .000E+00   .530E-06   .000E+00  -.646E-01  -.101E+02   .000E+00   .000E+00     180
        .00272   .000E+00   .000E+00  -.375E-04   .000E+00  -.236E+02   .000E+00   .000E+00   .529E-06   .000E+00  -.657E-01  -.102E+02   .000E+00   .000E+00     181
        .00275   .000E+00   .000E+00  -.646E-03   .000E+00  -.236E+02   .000E+00   .000E+00   .509E-06   .000E+00  -.664E-01  -.102E+02   .000E+00   .000E+00     182
        .00278   .000E+00   .000E+00  -.846E-03   .000E+00  -.237E+02   .000E+00   .000E+00   .483E-06   .000E+00  -.671E-01  -.103E+02   .000E+00   .000E+00     183
        .00282   .000E+00   .000E+00  -.673E-03   .000E+00  -.240E+02   .000E+00   .000E+00   .456E-06   .000E+00  -.681E-01  -.103E+02   .000E+00   .000E+00     184
        .00287   .000E+00   .000E+00  -.318E-03   .000E+00  -.239E+02   .000E+00   .000E+00   .439E-06   .000E+00  -.693E-01  -.104E+02   .000E+00   .000E+00     185
        .00291   .000E+00   .000E+00  -.373E-04   .000E+00  -.238E+02   .000E+00   .000E+00   .438E-06   .000E+00  -.702E-01  -.105E+02   .000E+00   .000E+00     186
        .00295   .000E+00   .000E+00   .394E-03   .000E+00  -.238E+02   .000E+00   .000E+00   .452E-06   .000E+00  -.711E-01  -.105E+02   .000E+00   .000E+00     187
        .00299   .000E+00   .000E+00  -.703E-03   .000E+00  -.237E+02   .000E+00   .000E+00   .419E-06   .000E+00  -.722E-01  -.106E+02   .000E+00   .000E+00     188
        .00301   .000E+00   .000E+00  -.167E-02   .000E+00  -.237E+02   .000E+00   .000E+00   .385E-06   .000E+00  -.727E-01  -.106E+02   .000E+00   .000E+00     189
        .00304   .000E+00   .000E+00  -.110E-02   .000E+00  -.237E+02   .000E+00   .000E+00   .356E-06   .000E+00  -.733E-01  -.107E+02   .000E+00   .000E+00     190
        .00308   .000E+00   .000E+00  -.238E-03   .000E+00  -.236E+02   .000E+00   .000E+00   .347E-06   .000E+00  -.741E-01  -.107E+02   .000E+00   .000E+00     191
        .00312   .000E+00   .000E+00   .536E-03   .000E+00  -.236E+02   .000E+00   .000E+00   .372E-06   .000E+00  -.752E-01  -.108E+02   .000E+00   .000E+00     192
        .00318   .000E+00   .000E+00   .329E-03   .000E+00  -.236E+02   .000E+00   .000E+00   .391E-06   .000E+00  -.766E-01  -.108E+02   .000E+00   .000E+00     193
        .00324   .000E+00   .000E+00  -.167E-03   .000E+00  -.236E+02   .000E+00   .000E+00   .381E-06   .000E+00  -.780E-01  -.109E+02   .000E+00   .000E+00     194
        .00328   .000E+00   .000E+00   .304E-03   .000E+00  -.237E+02   .000E+00   .000E+00   .394E-06   .000E+00  -.789E-01  -.110E+02   .000E+00   .000E+00     195
        .00333   .000E+00   .000E+00   .249E-03   .000E+00  -.236E+02   .000E+00   .000E+00   .407E-06   .000E+00  -.802E-01  -.111E+02   .000E+00   .000E+00     196
        .00336   .000E+00   .000E+00  -.449E-03   .000E+00  -.236E+02   .000E+00   .000E+00   .396E-06   .000E+00  -.807E-01  -.111E+02   .000E+00   .000E+00     197
        .00339   .000E+00   .000E+00   .104E-02   .000E+00  -.236E+02   .000E+00   .000E+00   .428E-06   .000E+00  -.814E-01  -.111E+02   .000E+00   .000E+00     198
        .00342   .000E+00   .000E+00  -.843E-03   .000E+00  -.235E+02   .000E+00   .000E+00   .395E-06   .000E+00  -.824E-01  -.112E+02   .000E+00   .000E+00     199
        .00348   .000E+00   .000E+00  -.159E-03   .000E+00  -.235E+02   .000E+00   .000E+00   .387E-06   .000E+00  -.836E-01  -.112E+02   .000E+00   .000E+00     200
        .00354   .000E+00   .000E+00  -.278E-03   .000E+00  -.235E+02   .000E+00   .000E+00   .368E-06   .000E+00  -.851E-01  -.113E+02   .000E+00   .000E+00     201
        .00361   .000E+00   .000E+00  -.321E-03   .000E+00  -.235E+02   .000E+00   .000E+00   .347E-06   .000E+00  -.867E-01  -.114E+02   .000E+00   .000E+00     202
        .00365   .000E+00   .000E+00  -.172E-03   .000E+00  -.234E+02   .000E+00   .000E+00   .339E-06   .000E+00  -.877E-01  -.115E+02   .000E+00   .000E+00     203
        .00370   .000E+00   .000E+00   .726E-03   .000E+00  -.234E+02   .000E+00   .000E+00   .373E-06   .000E+00  -.888E-01  -.115E+02   .000E+00   .000E+00     204
        .00373   .000E+00   .000E+00   .806E-03   .000E+00  -.235E+02   .000E+00   .000E+00   .399E-06   .000E+00  -.896E-01  -.116E+02   .000E+00   .000E+00     205
        .00377   .000E+00   .000E+00  -.363E-03   .000E+00  -.235E+02   .000E+00   .000E+00   .384E-06   .000E+00  -.906E-01  -.116E+02   .000E+00   .000E+00     206
        .00383   .000E+00   .000E+00   .490E-03   .000E+00  -.234E+02   .000E+00   .000E+00   .410E-06   .000E+00  -.918E-01  -.117E+02   .000E+00   .000E+00     207
        .00388   .000E+00   .000E+00  -.124E-05   .000E+00  -.236E+02   .000E+00   .000E+00   .410E-06   .000E+00  -.931E-01  -.117E+02   .000E+00   .000E+00     208
        .00395   .000E+00   .000E+00  -.193E-03   .000E+00  -.236E+02   .000E+00   .000E+00   .397E-06   .000E+00  -.948E-01  -.118E+02   .000E+00   .000E+00     209
        .00400   .000E+00   .000E+00   .519E-03   .000E+00  -.237E+02   .000E+00   .000E+00   .422E-06   .000E+00  -.960E-01  -.119E+02   .000E+00   .000E+00     210
        .00405   .000E+00   .000E+00   .135E-03   .000E+00  -.236E+02   .000E+00   .000E+00   .429E-06   .000E+00  -.972E-01  -.119E+02   .000E+00   .000E+00     211
        .00412   .000E+00   .000E+00   .925E-04   .000E+00  -.236E+02   .000E+00   .000E+00   .435E-06   .000E+00  -.987E-01  -.120E+02   .000E+00   .000E+00     212
        .00420   .000E+00   .000E+00   .271E-03   .000E+00  -.235E+02   .000E+00   .000E+00   .458E-06   .000E+00  -.101E+00  -.121E+02   .000E+00   .000E+00     213
        .00429   .000E+00   .000E+00   .247E-03   .000E+00  -.234E+02   .000E+00   .000E+00   .479E-06   .000E+00  -.103E+00  -.122E+02   .000E+00   .000E+00     214
        .00435   .000E+00   .000E+00  -.417E-03   .000E+00  -.234E+02   .000E+00   .000E+00   .454E-06   .000E+00  -.104E+00  -.122E+02   .000E+00   .000E+00     215
        .00440   .000E+00   .000E+00   .162E-04   .000E+00  -.234E+02   .000E+00   .000E+00   .455E-06   .000E+00  -.105E+00  -.123E+02   .000E+00   .000E+00     216
        .00446   .000E+00   .000E+00  -.581E-03   .000E+00  -.234E+02   .000E+00   .000E+00   .421E-06   .000E+00  -.107E+00  -.124E+02   .000E+00   .000E+00     217
        .00452   .000E+00   .000E+00   .292E-04   .000E+00  -.233E+02   .000E+00   .000E+00   .422E-06   .000E+00  -.108E+00  -.124E+02   .000E+00   .000E+00     218
        .00460   .000E+00   .000E+00  -.631E-04   .000E+00  -.233E+02   .000E+00   .000E+00   .418E-06   .000E+00  -.110E+00  -.125E+02   .000E+00   .000E+00     219
        .00470   .000E+00   .000E+00   .761E-04   .000E+00  -.233E+02   .000E+00   .000E+00   .425E-06   .000E+00  -.112E+00  -.126E+02   .000E+00   .000E+00     220
        .00477   .000E+00   .000E+00   .509E-03   .000E+00  -.233E+02   .000E+00   .000E+00   .461E-06   .000E+00  -.114E+00  -.127E+02   .000E+00   .000E+00     221
        .00484   .000E+00   .000E+00   .830E-05   .000E+00  -.233E+02   .000E+00   .000E+00   .461E-06   .000E+00  -.115E+00  -.127E+02   .000E+00   .000E+00     222
        .00493   .000E+00   .000E+00   .330E-03   .000E+00  -.233E+02   .000E+00   .000E+00   .491E-06   .000E+00  -.118E+00  -.128E+02   .000E+00   .000E+00     223
        .00497   .000E+00   .000E+00   .566E-03   .000E+00  -.233E+02   .000E+00   .000E+00   .513E-06   .000E+00  -.118E+00  -.129E+02   .000E+00   .000E+00     224
        .00502   .000E+00   .000E+00   .261E-04   .000E+00  -.233E+02   .000E+00   .000E+00   .515E-06   .000E+00  -.120E+00  -.129E+02   .000E+00   .000E+00     225
        .00508   .000E+00   .000E+00  -.404E-03   .000E+00  -.234E+02   .000E+00   .000E+00   .488E-06   .000E+00  -.121E+00  -.130E+02   .000E+00   .000E+00     226
        .00515   .000E+00   .000E+00   .484E-03   .000E+00  -.233E+02   .000E+00   .000E+00   .520E-06   .000E+00  -.123E+00  -.130E+02   .000E+00   .000E+00     227
        .00524   .000E+00   .000E+00   .403E-03   .000E+00  -.233E+02   .000E+00   .000E+00   .555E-06   .000E+00  -.125E+00  -.131E+02   .000E+00   .000E+00     228
        .00535   .000E+00   .000E+00  -.191E-03   .000E+00  -.233E+02   .000E+00   .000E+00   .533E-06   .000E+00  -.127E+00  -.132E+02   .000E+00   .000E+00     229
        .00546   .000E+00   .000E+00  -.117E-03   .000E+00  -.233E+02   .000E+00   .000E+00   .520E-06   .000E+00  -.130E+00  -.133E+02   .000E+00   .000E+00     230
        .00557   .000E+00   .000E+00  -.513E-04   .000E+00  -.232E+02   .000E+00   .000E+00   .514E-06   .000E+00  -.133E+00  -.134E+02   .000E+00   .000E+00     231
        .00568   .000E+00   .000E+00  -.111E-03   .000E+00  -.232E+02   .000E+00   .000E+00   .502E-06   .000E+00  -.135E+00  -.135E+02   .000E+00   .000E+00     232
        .00580   .000E+00   .000E+00  -.194E-04   .000E+00  -.231E+02   .000E+00   .000E+00   .500E-06   .000E+00  -.138E+00  -.136E+02   .000E+00   .000E+00     233
        .00591   .000E+00   .000E+00   .103E-03   .000E+00  -.230E+02   .000E+00   .000E+00   .511E-06   .000E+00  -.140E+00  -.137E+02   .000E+00   .000E+00     234
        .00602   .000E+00   .000E+00  -.117E-03   .000E+00  -.230E+02   .000E+00   .000E+00   .498E-06   .000E+00  -.143E+00  -.138E+02   .000E+00   .000E+00     235
        .00613   .000E+00   .000E+00   .494E-04   .000E+00  -.231E+02   .000E+00   .000E+00   .504E-06   .000E+00  -.146E+00  -.139E+02   .000E+00   .000E+00     236
        .00624   .000E+00   .000E+00   .273E-04   .000E+00  -.230E+02   .000E+00   .000E+00   .507E-06   .000E+00  -.148E+00  -.140E+02   .000E+00   .000E+00     237
        .00636   .000E+00   .000E+00  -.203E-03   .000E+00  -.230E+02   .000E+00   .000E+00   .484E-06   .000E+00  -.151E+00  -.141E+02   .000E+00   .000E+00     238
        .00647   .000E+00   .000E+00   .165E-03   .000E+00  -.230E+02   .000E+00   .000E+00   .503E-06   .000E+00  -.153E+00  -.142E+02   .000E+00   .000E+00     239
        .00658   .000E+00   .000E+00  -.131E-03   .000E+00  -.230E+02   .000E+00   .000E+00   .488E-06   .000E+00  -.156E+00  -.143E+02   .000E+00   .000E+00     240
        .00673   .000E+00   .000E+00  -.511E-04   .000E+00  -.231E+02   .000E+00   .000E+00   .481E-06   .000E+00  -.159E+00  -.144E+02   .000E+00   .000E+00     241
        .00683   .000E+00   .000E+00   .238E-03   .000E+00  -.230E+02   .000E+00   .000E+00   .505E-06   .000E+00  -.162E+00  -.145E+02   .000E+00   .000E+00     242
        .00693   .000E+00   .000E+00   .179E-03   .000E+00  -.229E+02   .000E+00   .000E+00   .523E-06   .000E+00  -.164E+00  -.146E+02   .000E+00   .000E+00     243
        .00706   .000E+00   .000E+00  -.234E-03   .000E+00  -.230E+02   .000E+00   .000E+00   .492E-06   .000E+00  -.167E+00  -.147E+02   .000E+00   .000E+00     244
        .00712   .000E+00   .000E+00  -.652E-03   .000E+00  -.229E+02   .000E+00   .000E+00   .455E-06   .000E+00  -.168E+00  -.147E+02   .000E+00   .000E+00     245
        .00719   .000E+00   .000E+00  -.311E-03   .000E+00  -.229E+02   .000E+00   .000E+00   .431E-06   .000E+00  -.170E+00  -.148E+02   .000E+00   .000E+00     246
        .00729   .000E+00   .000E+00   .270E-03   .000E+00  -.228E+02   .000E+00   .000E+00   .458E-06   .000E+00  -.172E+00  -.149E+02   .000E+00   .000E+00     247
        .00742   .000E+00   .000E+00  -.301E-04   .000E+00  -.228E+02   .000E+00   .000E+00   .454E-06   .000E+00  -.175E+00  -.150E+02   .000E+00   .000E+00     248
        .00758   .000E+00   .000E+00  -.121E-03   .000E+00  -.229E+02   .000E+00   .000E+00   .434E-06   .000E+00  -.179E+00  -.151E+02   .000E+00   .000E+00     249
        .00770   .000E+00   .000E+00  -.524E-04   .000E+00  -.229E+02   .000E+00   .000E+00   .428E-06   .000E+00  -.181E+00  -.152E+02   .000E+00   .000E+00     250
        .00781   .000E+00   .000E+00   .661E-04   .000E+00  -.230E+02   .000E+00   .000E+00   .435E-06   .000E+00  -.184E+00  -.152E+02   .000E+00   .000E+00     251
        .00792   .000E+00   .000E+00   .954E-05   .000E+00  -.229E+02   .000E+00   .000E+00   .436E-06   .000E+00  -.187E+00  -.153E+02   .000E+00   .000E+00     252
        .00807   .000E+00   .000E+00   .213E-03   .000E+00  -.231E+02   .000E+00   .000E+00   .468E-06   .000E+00  -.190E+00  -.154E+02   .000E+00   .000E+00     253
        .00818   .000E+00   .000E+00  -.413E-04   .000E+00  -.228E+02   .000E+00   .000E+00   .464E-06   .000E+00  -.192E+00  -.155E+02   .000E+00   .000E+00     254
        .00831   .000E+00   .000E+00  -.140E-03   .000E+00  -.229E+02   .000E+00   .000E+00   .445E-06   .000E+00  -.196E+00  -.156E+02   .000E+00   .000E+00     255
        .00849   .000E+00   .000E+00  -.104E-04   .000E+00  -.229E+02   .000E+00   .000E+00   .443E-06   .000E+00  -.200E+00  -.157E+02   .000E+00   .000E+00     256
        .00861   .000E+00   .000E+00   .207E-04   .000E+00  -.228E+02   .000E+00   .000E+00   .446E-06   .000E+00  -.202E+00  -.158E+02   .000E+00   .000E+00     257
        .00877   .000E+00   .000E+00   .232E-03   .000E+00  -.229E+02   .000E+00   .000E+00   .483E-06   .000E+00  -.206E+00  -.159E+02   .000E+00   .000E+00     258
        .00889   .000E+00   .000E+00  -.181E-03   .000E+00  -.228E+02   .000E+00   .000E+00   .463E-06   .000E+00  -.209E+00  -.160E+02   .000E+00   .000E+00     259
        .00900   .000E+00   .000E+00  -.207E-03   .000E+00  -.228E+02   .000E+00   .000E+00   .439E-06   .000E+00  -.211E+00  -.161E+02   .000E+00   .000E+00     260
        .00915   .000E+00   .000E+00   .551E-04   .000E+00  -.227E+02   .000E+00   .000E+00   .447E-06   .000E+00  -.215E+00  -.161E+02   .000E+00   .000E+00     261
        .00934   .000E+00   .000E+00  -.499E-04   .000E+00  -.227E+02   .000E+00   .000E+00   .438E-06   .000E+00  -.219E+00  -.163E+02   .000E+00   .000E+00     262
        .00958   .000E+00   .000E+00   .854E-05   .000E+00  -.229E+02   .000E+00   .000E+00   .440E-06   .000E+00  -.225E+00  -.164E+02   .000E+00   .000E+00     263
        .00976   .000E+00   .000E+00  -.198E-03   .000E+00  -.225E+02   .000E+00   .000E+00   .406E-06   .000E+00  -.228E+00  -.165E+02   .000E+00   .000E+00     264
        .00998   .000E+00   .000E+00   .153E-03   .000E+00  -.224E+02   .000E+00   .000E+00   .440E-06   .000E+00  -.233E+00  -.167E+02   .000E+00   .000E+00     265
        .01020   .000E+00   .000E+00   .306E-04   .000E+00  -.225E+02   .000E+00   .000E+00   .447E-06   .000E+00  -.239E+00  -.168E+02   .000E+00   .000E+00     266
        .01043   .000E+00   .000E+00  -.564E-04   .000E+00  -.226E+02   .000E+00   .000E+00   .434E-06   .000E+00  -.244E+00  -.169E+02   .000E+00   .000E+00     267
        .01065   .000E+00   .000E+00  -.157E-03   .000E+00  -.232E+02   .000E+00   .000E+00   .399E-06   .000E+00  -.249E+00  -.171E+02   .000E+00   .000E+00     268
        .01095   .000E+00   .000E+00   .486E-04   .000E+00  -.226E+02   .000E+00   .000E+00   .413E-06   .000E+00  -.255E+00  -.172E+02   .000E+00   .000E+00     269
        .01133   .000E+00   .000E+00   .179E-04   .000E+00  -.224E+02   .000E+00   .000E+00   .420E-06   .000E+00  -.264E+00  -.175E+02   .000E+00   .000E+00     270
        .01145   .000E+00   .000E+00  -.206E-03   .000E+00  -.229E+02   .000E+00   .000E+00   .394E-06   .000E+00  -.267E+00  -.175E+02   .000E+00   .000E+00     271
        .01162   .000E+00   .000E+00   .214E-03   .000E+00  -.224E+02   .000E+00   .000E+00   .429E-06   .000E+00  -.270E+00  -.176E+02   .000E+00   .000E+00     272
        .01183   .000E+00   .000E+00  -.289E-04   .000E+00  -.224E+02   .000E+00   .000E+00   .423E-06   .000E+00  -.275E+00  -.177E+02   .000E+00   .000E+00     273
        .01211   .000E+00   .000E+00   .702E-04   .000E+00  -.223E+02   .000E+00   .000E+00   .443E-06   .000E+00  -.281E+00  -.179E+02   .000E+00   .000E+00     274
        .01239   .000E+00   .000E+00   .764E-04   .000E+00  -.221E+02   .000E+00   .000E+00   .464E-06   .000E+00  -.288E+00  -.180E+02   .000E+00   .000E+00     275
        .01275   .000E+00   .000E+00   .227E-04   .000E+00  -.220E+02   .000E+00   .000E+00   .472E-06   .000E+00  -.296E+00  -.182E+02   .000E+00   .000E+00     276
        .01300   .000E+00   .000E+00   .106E-03   .000E+00  -.222E+02   .000E+00   .000E+00   .499E-06   .000E+00  -.301E+00  -.184E+02   .000E+00   .000E+00     277
        .01326   .000E+00   .000E+00   .120E-03   .000E+00  -.225E+02   .000E+00   .000E+00   .529E-06   .000E+00  -.307E+00  -.185E+02   .000E+00   .000E+00     278
        .01358   .000E+00   .000E+00   .616E-05   .000E+00  -.225E+02   .000E+00   .000E+00   .531E-06   .000E+00  -.314E+00  -.187E+02   .000E+00   .000E+00     279
        .01391   .000E+00   .000E+00  -.370E-04   .000E+00  -.225E+02   .000E+00   .000E+00   .519E-06   .000E+00  -.322E+00  -.188E+02   .000E+00   .000E+00     280
        .01434   .000E+00   .000E+00  -.851E-04   .000E+00  -.219E+02   .000E+00   .000E+00   .483E-06   .000E+00  -.331E+00  -.190E+02   .000E+00   .000E+00     281
        .01477   .000E+00   .000E+00  -.779E-04   .000E+00  -.219E+02   .000E+00   .000E+00   .449E-06   .000E+00  -.340E+00  -.192E+02   .000E+00   .000E+00     282
        .01520   .000E+00   .000E+00   .889E-04   .000E+00  -.225E+02   .000E+00   .000E+00   .487E-06   .000E+00  -.350E+00  -.194E+02   .000E+00   .000E+00     283
        .01575   .000E+00   .000E+00  -.370E-04   .000E+00  -.219E+02   .000E+00   .000E+00   .467E-06   .000E+00  -.362E+00  -.197E+02   .000E+00   .000E+00     284
        .01614   .000E+00   .000E+00   .294E-04   .000E+00  -.218E+02   .000E+00   .000E+00   .478E-06   .000E+00  -.371E+00  -.198E+02   .000E+00   .000E+00     285
        .01653   .000E+00   .000E+00   .492E-05   .000E+00  -.219E+02   .000E+00   .000E+00   .480E-06   .000E+00  -.379E+00  -.200E+02   .000E+00   .000E+00     286
        .01704   .000E+00   .000E+00  -.465E-04   .000E+00  -.219E+02   .000E+00   .000E+00   .457E-06   .000E+00  -.390E+00  -.202E+02   .000E+00   .000E+00     287
        .01754   .000E+00   .000E+00  -.122E-05   .000E+00  -.221E+02   .000E+00   .000E+00   .456E-06   .000E+00  -.402E+00  -.204E+02   .000E+00   .000E+00     288
        .01820   .000E+00   .000E+00  -.263E-04   .000E+00  -.216E+02   .000E+00   .000E+00   .439E-06   .000E+00  -.416E+00  -.207E+02   .000E+00   .000E+00     289
        .01866   .000E+00   .000E+00  -.566E-04   .000E+00  -.217E+02   .000E+00   .000E+00   .413E-06   .000E+00  -.426E+00  -.209E+02   .000E+00   .000E+00     290
        .01912   .000E+00   .000E+00  -.750E-04   .000E+00  -.218E+02   .000E+00   .000E+00   .378E-06   .000E+00  -.436E+00  -.211E+02   .000E+00   .000E+00     291
        .01972   .000E+00   .000E+00  -.191E-06   .000E+00  -.216E+02   .000E+00   .000E+00   .378E-06   .000E+00  -.449E+00  -.213E+02   .000E+00   .000E+00     292
        .02050   .000E+00   .000E+00   .271E-04   .000E+00  -.216E+02   .000E+00   .000E+00   .399E-06   .000E+00  -.466E+00  -.216E+02   .000E+00   .000E+00     293
        .02128   .000E+00   .000E+00  -.471E-04   .000E+00  -.215E+02   .000E+00   .000E+00   .362E-06   .000E+00  -.482E+00  -.219E+02   .000E+00   .000E+00     294
        .02229   .000E+00   .000E+00   .431E-05   .000E+00  -.217E+02   .000E+00   .000E+00   .367E-06   .000E+00  -.504E+00  -.223E+02   .000E+00   .000E+00     295
        .02300   .000E+00   .000E+00  -.400E-04   .000E+00  -.213E+02   .000E+00   .000E+00   .338E-06   .000E+00  -.519E+00  -.225E+02   .000E+00   .000E+00     296
        .02392   .000E+00   .000E+00   .202E-04   .000E+00  -.213E+02   .000E+00   .000E+00   .357E-06   .000E+00  -.539E+00  -.228E+02   .000E+00   .000E+00     297
        .02484   .000E+00   .000E+00  -.192E-04   .000E+00  -.213E+02   .000E+00   .000E+00   .339E-06   .000E+00  -.558E+00  -.232E+02   .000E+00   .000E+00     298
        .02604   .000E+00   .000E+00   .247E-04   .000E+00  -.211E+02   .000E+00   .000E+00   .369E-06   .000E+00  -.584E+00  -.235E+02   .000E+00   .000E+00     299
        .02687   .000E+00   .000E+00   .367E-04   .000E+00  -.213E+02   .000E+00   .000E+00   .400E-06   .000E+00  -.602E+00  -.238E+02   .000E+00   .000E+00     300
        .02796   .000E+00   .000E+00  -.266E-04   .000E+00  -.211E+02   .000E+00   .000E+00   .371E-06   .000E+00  -.625E+00  -.241E+02   .000E+00   .000E+00     301
        .02905   .000E+00   .000E+00  -.335E-04   .000E+00  -.208E+02   .000E+00   .000E+00   .334E-06   .000E+00  -.647E+00  -.244E+02   .000E+00   .000E+00     302
        .03014   .000E+00   .000E+00  -.148E-04   .000E+00  -.211E+02   .000E+00   .000E+00   .318E-06   .000E+00  -.670E+00  -.248E+02   .000E+00   .000E+00     303
        .03156   .000E+00   .000E+00   .708E-05   .000E+00  -.209E+02   .000E+00   .000E+00   .328E-06   .000E+00  -.700E+00  -.252E+02   .000E+00   .000E+00     304
        .03255   .000E+00   .000E+00   .119E-04   .000E+00  -.206E+02   .000E+00   .000E+00   .340E-06   .000E+00  -.720E+00  -.254E+02   .000E+00   .000E+00     305
        .03384   .000E+00   .000E+00  -.108E-04   .000E+00  -.206E+02   .000E+00   .000E+00   .326E-06   .000E+00  -.747E+00  -.258E+02   .000E+00   .000E+00     306
        .03513   .000E+00   .000E+00   .263E-05   .000E+00  -.208E+02   .000E+00   .000E+00   .329E-06   .000E+00  -.774E+00  -.261E+02   .000E+00   .000E+00     307
        .03680   .000E+00   .000E+00  -.199E-04   .000E+00  -.205E+02   .000E+00   .000E+00   .296E-06   .000E+00  -.808E+00  -.266E+02   .000E+00   .000E+00     308
        .03798   .000E+00   .000E+00  -.156E-04   .000E+00  -.206E+02   .000E+00   .000E+00   .278E-06   .000E+00  -.832E+00  -.269E+02   .000E+00   .000E+00     309
        .03950   .000E+00   .000E+00  -.133E-04   .000E+00  -.204E+02   .000E+00   .000E+00   .257E-06   .000E+00  -.863E+00  -.272E+02   .000E+00   .000E+00     310
        .04102   .000E+00   .000E+00   .108E-04   .000E+00  -.202E+02   .000E+00   .000E+00   .274E-06   .000E+00  -.894E+00  -.276E+02   .000E+00   .000E+00     311
        .04301   .000E+00   .000E+00  -.161E-04   .000E+00  -.202E+02   .000E+00   .000E+00   .242E-06   .000E+00  -.934E+00  -.280E+02   .000E+00   .000E+00     312
        .04499   .000E+00   .000E+00   .142E-04   .000E+00  -.200E+02   .000E+00   .000E+00   .270E-06   .000E+00  -.973E+00  -.285E+02   .000E+00   .000E+00     313
        .04756   .000E+00   .000E+00   .136E-04   .000E+00  -.200E+02   .000E+00   .000E+00   .305E-06   .000E+00  -.102E+01  -.290E+02   .000E+00   .000E+00     314
        .04937   .000E+00   .000E+00  -.575E-05   .000E+00  -.197E+02   .000E+00   .000E+00   .295E-06   .000E+00  -.106E+01  -.294E+02   .000E+00   .000E+00     315
        .05171   .000E+00   .000E+00  -.142E-04   .000E+00  -.197E+02   .000E+00   .000E+00   .261E-06   .000E+00  -.111E+01  -.299E+02   .000E+00   .000E+00     316
        .05405   .000E+00   .000E+00   .823E-05   .000E+00  -.196E+02   .000E+00   .000E+00   .281E-06   .000E+00  -.115E+01  -.303E+02   .000E+00   .000E+00     317
        .05710   .000E+00   .000E+00  -.432E-05   .000E+00  -.196E+02   .000E+00   .000E+00   .267E-06   .000E+00  -.121E+01  -.309E+02   .000E+00   .000E+00     318
        .06106   .000E+00   .000E+00  -.731E-05   .000E+00  -.193E+02   .000E+00   .000E+00   .239E-06   .000E+00  -.129E+01  -.316E+02   .000E+00   .000E+00     319
        .06383   .000E+00   .000E+00   .339E-05   .000E+00  -.191E+02   .000E+00   .000E+00   .248E-06   .000E+00  -.134E+01  -.321E+02   .000E+00   .000E+00     320
        .06743   .000E+00   .000E+00  -.641E-05   .000E+00  -.190E+02   .000E+00   .000E+00   .225E-06   .000E+00  -.141E+01  -.327E+02   .000E+00   .000E+00     321
        .07103   .000E+00   .000E+00  -.509E-05   .000E+00  -.189E+02   .000E+00   .000E+00   .207E-06   .000E+00  -.148E+01  -.333E+02   .000E+00   .000E+00     322
        .07572   .000E+00   .000E+00  -.832E-05   .000E+00  -.188E+02   .000E+00   .000E+00   .167E-06   .000E+00  -.157E+01  -.340E+02   .000E+00   .000E+00     323
        .08181   .000E+00   .000E+00   .486E-05   .000E+00  -.185E+02   .000E+00   .000E+00   .197E-06   .000E+00  -.168E+01  -.349E+02   .000E+00   .000E+00     324
        .08608   .000E+00   .000E+00  -.374E-05   .000E+00  -.183E+02   .000E+00   .000E+00   .181E-06   .000E+00  -.176E+01  -.355E+02   .000E+00   .000E+00     325
        .09161   .000E+00   .000E+00  -.281E-05   .000E+00  -.181E+02   .000E+00   .000E+00   .166E-06   .000E+00  -.186E+01  -.363E+02   .000E+00   .000E+00     326
        .09715   .000E+00   .000E+00  -.479E-06   .000E+00  -.181E+02   .000E+00   .000E+00   .163E-06   .000E+00  -.196E+01  -.370E+02   .000E+00   .000E+00     327
        .10438   .000E+00   .000E+00  -.337E-05   .000E+00  -.177E+02   .000E+00   .000E+00   .138E-06   .000E+00  -.209E+01  -.379E+02   .000E+00   .000E+00     328
        .10941   .000E+00   .000E+00   .613E-05   .000E+00  -.177E+02   .000E+00   .000E+00   .169E-06   .000E+00  -.217E+01  -.385E+02   .000E+00   .000E+00     329
        .11596   .000E+00   .000E+00  -.181E-05   .000E+00  -.174E+02   .000E+00   .000E+00   .157E-06   .000E+00  -.229E+01  -.393E+02   .000E+00   .000E+00     330
        .12446   .000E+00   .000E+00  -.279E-06   .000E+00  -.172E+02   .000E+00   .000E+00   .155E-06   .000E+00  -.243E+01  -.402E+02   .000E+00   .000E+00     331
        .13296   .000E+00   .000E+00  -.128E-06   .000E+00  -.170E+02   .000E+00   .000E+00   .154E-06   .000E+00  -.258E+01  -.411E+02   .000E+00   .000E+00     332
        .14407   .000E+00   .000E+00   .331E-06   .000E+00  -.167E+02   .000E+00   .000E+00   .158E-06   .000E+00  -.276E+01  -.422E+02   .000E+00   .000E+00     333
        .15858   .000E+00   .000E+00  -.414E-06   .000E+00  -.163E+02   .000E+00   .000E+00   .152E-06   .000E+00  -.300E+01  -.436E+02   .000E+00   .000E+00     334
        .17309   .000E+00   .000E+00   .756E-06   .000E+00  -.161E+02   .000E+00   .000E+00   .163E-06   .000E+00  -.323E+01  -.449E+02   .000E+00   .000E+00     335
        .19188   .000E+00   .000E+00  -.150E-05   .000E+00  -.156E+02   .000E+00   .000E+00   .134E-06   .000E+00  -.353E+01  -.464E+02   .000E+00   .000E+00     336
        .21067   .000E+00   .000E+00  -.564E-06   .000E+00  -.153E+02   .000E+00   .000E+00   .124E-06   .000E+00  -.381E+01  -.479E+02   .000E+00   .000E+00     337
        .23534   .000E+00   .000E+00  -.605E-06   .000E+00  -.148E+02   .000E+00   .000E+00   .109E-06   .000E+00  -.418E+01  -.496E+02   .000E+00   .000E+00     338
        .26001   .000E+00   .000E+00   .693E-06   .000E+00  -.145E+02   .000E+00   .000E+00   .126E-06   .000E+00  -.454E+01  -.512E+02   .000E+00   .000E+00     339
        .28467   .000E+00   .000E+00   .515E-06   .000E+00  -.141E+02   .000E+00   .000E+00   .139E-06   .000E+00  -.488E+01  -.528E+02   .000E+00   .000E+00     340
        .31577   .000E+00   .000E+00  -.865E-06   .000E+00  -.136E+02   .000E+00   .000E+00   .112E-06   .000E+00  -.531E+01  -.546E+02   .000E+00   .000E+00     341
        .34688   .000E+00   .000E+00   .687E-06   .000E+00  -.133E+02   .000E+00   .000E+00   .133E-06   .000E+00  -.572E+01  -.563E+02   .000E+00   .000E+00     342
        .38770   .000E+00   .000E+00  -.126E-05   .000E+00  -.128E+02   .000E+00   .000E+00   .816E-07   .000E+00  -.624E+01  -.583E+02   .000E+00   .000E+00     343
        .44336   .000E+00   .000E+00  -.402E-06   .000E+00  -.122E+02   .000E+00   .000E+00   .592E-07   .000E+00  -.692E+01  -.608E+02   .000E+00   .000E+00     344
        .49902   .000E+00   .000E+00  -.720E-06   .000E+00  -.117E+02   .000E+00   .000E+00   .191E-07   .000E+00  -.757E+01  -.632E+02   .000E+00   .000E+00     345
        .55469   .000E+00   .000E+00  -.388E-06   .000E+00  -.112E+02   .000E+00   .000E+00  -.248E-08   .000E+00  -.820E+01  -.653E+02   .000E+00   .000E+00     346
        .61035   .000E+00   .000E+00  -.772E-06   .000E+00  -.108E+02   .000E+00   .000E+00  -.455E-07   .000E+00  -.880E+01  -.674E+02   .000E+00   .000E+00     347
        .67529   .000E+00   .000E+00  -.102E-05   .000E+00  -.104E+02   .000E+00   .000E+00  -.112E-06   .000E+00  -.947E+01  -.696E+02   .000E+00   .000E+00     348
        .75647   .000E+00   .000E+00   .122E-06   .000E+00  -.985E+01   .000E+00   .000E+00  -.102E-06   .000E+00  -.103E+02  -.721E+02   .000E+00   .000E+00     349
        .87824   .000E+00   .000E+00  -.210E-06   .000E+00  -.920E+01   .000E+00   .000E+00  -.127E-06   .000E+00  -.114E+02  -.755E+02   .000E+00   .000E+00     350
       1.00000   .000E+00   .000E+00   .126E-06   .000E+00  -.865E+01   .000E+00   .000E+00  -.112E-06   .000E+00  -.124E+02  -.786E+02   .000E+00   .000E+00     351
       1.11538   .000E+00   .000E+00   .747E-07   .000E+00  -.818E+01   .000E+00   .000E+00  -.103E-06   .000E+00  -.134E+02  -.813E+02   .000E+00   .000E+00     352
       1.23077   .000E+00   .000E+00   .356E-06   .000E+00  -.777E+01   .000E+00   .000E+00  -.624E-07   .000E+00  -.143E+02  -.839E+02   .000E+00   .000E+00     353
       1.38462   .000E+00   .000E+00  -.112E-06   .000E+00  -.728E+01   .000E+00   .000E+00  -.796E-07   .000E+00  -.154E+02  -.870E+02   .000E+00   .000E+00     354
       1.53846   .000E+00   .000E+00  -.233E-06   .000E+00  -.686E+01   .000E+00   .000E+00  -.115E-06   .000E+00  -.165E+02  -.899E+02   .000E+00   .000E+00     355
       1.69231   .000E+00   .000E+00   .478E-06   .000E+00  -.648E+01   .000E+00   .000E+00  -.418E-07   .000E+00  -.175E+02  -.925E+02   .000E+00   .000E+00     356
       1.84615   .000E+00   .000E+00  -.277E-06   .000E+00  -.615E+01   .000E+00   .000E+00  -.844E-07   .000E+00  -.184E+02  -.950E+02   .000E+00   .000E+00     357
       2.00000   .000E+00   .000E+00  -.418E-06   .000E+00  -.585E+01   .000E+00   .000E+00  -.149E-06   .000E+00  -.193E+02  -.974E+02   .000E+00   .000E+00     358
       2.15385   .000E+00   .000E+00  -.709E-07   .000E+00  -.557E+01   .000E+00   .000E+00  -.160E-06   .000E+00  -.202E+02  -.997E+02   .000E+00   .000E+00     359
       2.30769   .000E+00   .000E+00   .110E-06   .000E+00  -.532E+01   .000E+00   .000E+00  -.143E-06   .000E+00  -.210E+02  -.102E+03   .000E+00   .000E+00     360
       2.46154   .000E+00   .000E+00   .338E-07   .000E+00  -.509E+01   .000E+00   .000E+00  -.137E-06   .000E+00  -.218E+02  -.104E+03   .000E+00   .000E+00     361
       2.65385   .000E+00   .000E+00  -.255E-06   .000E+00  -.484E+01   .000E+00   .000E+00  -.186E-06   .000E+00  -.227E+02  -.106E+03   .000E+00   .000E+00     362
       2.84615   .000E+00   .000E+00   .939E-07   .000E+00  -.461E+01   .000E+00   .000E+00  -.168E-06   .000E+00  -.236E+02  -.109E+03   .000E+00   .000E+00     363
       3.03846   .000E+00   .000E+00   .110E-06   .000E+00  -.440E+01   .000E+00   .000E+00  -.147E-06   .000E+00  -.244E+02  -.111E+03   .000E+00   .000E+00     364
       3.23077   .000E+00   .000E+00   .721E-07   .000E+00  -.420E+01   .000E+00   .000E+00  -.133E-06   .000E+00  -.252E+02  -.113E+03   .000E+00   .000E+00     365
       3.42308   .000E+00   .000E+00   .174E-06   .000E+00  -.402E+01   .000E+00   .000E+00  -.999E-07   .000E+00  -.260E+02  -.115E+03   .000E+00   .000E+00     366
       3.71154   .000E+00   .000E+00   .399E-07   .000E+00  -.379E+01   .000E+00   .000E+00  -.884E-07   .000E+00  -.271E+02  -.118E+03   .000E+00   .000E+00     367
       4.00000   .000E+00   .000E+00  -.174E-06   .000E+00  -.358E+01   .000E+00   .000E+00  -.139E-06   .000E+00  -.281E+02  -.120E+03   .000E+00   .000E+00     368
       4.25806   .000E+00   .000E+00   .270E-06   .000E+00  -.341E+01   .000E+00   .000E+00  -.689E-07   .000E+00  -.290E+02  -.123E+03   .000E+00   .000E+00     369
       4.51613   .000E+00   .000E+00  -.205E-06   .000E+00  -.325E+01   .000E+00   .000E+00  -.122E-06   .000E+00  -.299E+02  -.125E+03   .000E+00   .000E+00     370
       4.77419   .000E+00   .000E+00  -.781E-07   .000E+00  -.310E+01   .000E+00   .000E+00  -.142E-06   .000E+00  -.307E+02  -.127E+03   .000E+00   .000E+00     371
       5.03226   .000E+00   .000E+00   .224E-06   .000E+00  -.297E+01   .000E+00   .000E+00  -.842E-07   .000E+00  -.314E+02  -.129E+03   .000E+00   .000E+00     372
       5.36487   .000E+00   .000E+00   .101E-06   .000E+00  -.282E+01   .000E+00   .000E+00  -.506E-07   .000E+00  -.324E+02  -.132E+03   .000E+00   .000E+00     373
       5.69749   .000E+00   .000E+00  -.255E-06   .000E+00  -.268E+01   .000E+00   .000E+00  -.136E-06   .000E+00  -.332E+02  -.134E+03   .000E+00   .000E+00     374
       6.03011   .000E+00   .000E+00   .331E-06   .000E+00  -.256E+01   .000E+00   .000E+00  -.255E-07   .000E+00  -.341E+02  -.136E+03   .000E+00   .000E+00     375
       6.36272   .000E+00   .000E+00   .264E-06   .000E+00  -.244E+01   .000E+00   .000E+00   .624E-07   .000E+00  -.349E+02  -.139E+03   .000E+00   .000E+00     376
       6.80264   .000E+00   .000E+00   .727E-07   .000E+00  -.230E+01   .000E+00   .000E+00   .944E-07   .000E+00  -.359E+02  -.141E+03   .000E+00   .000E+00     377
       7.24255   .000E+00   .000E+00   .294E-06   .000E+00  -.217E+01   .000E+00   .000E+00   .224E-06   .000E+00  -.369E+02  -.144E+03   .000E+00   .000E+00     378
       7.68246   .000E+00   .000E+00  -.115E-06   .000E+00  -.206E+01   .000E+00   .000E+00   .173E-06   .000E+00  -.378E+02  -.147E+03   .000E+00   .000E+00     379
       8.12237   .000E+00   .000E+00  -.196E-06   .000E+00  -.196E+01   .000E+00   .000E+00   .872E-07   .000E+00  -.386E+02  -.149E+03   .000E+00   .000E+00     380
       8.61727   .000E+00   .000E+00   .950E-07   .000E+00  -.186E+01   .000E+00   .000E+00   .134E-06   .000E+00  -.396E+02  -.151E+03   .000E+00   .000E+00     381
       9.11217   .000E+00   .000E+00  -.887E-07   .000E+00  -.176E+01   .000E+00   .000E+00   .903E-07   .000E+00  -.404E+02  -.154E+03   .000E+00   .000E+00     382
       9.60707   .000E+00   .000E+00   .152E-06   .000E+00  -.168E+01   .000E+00   .000E+00   .165E-06   .000E+00  -.413E+02  -.156E+03   .000E+00   .000E+00     383
      10.10198   .000E+00   .000E+00  -.259E-08   .000E+00  -.160E+01   .000E+00   .000E+00   .164E-06   .000E+00  -.421E+02  -.159E+03   .000E+00   .000E+00     384
      10.59688   .000E+00   .000E+00  -.854E-07   .000E+00  -.153E+01   .000E+00   .000E+00   .122E-06   .000E+00  -.428E+02  -.161E+03   .000E+00   .000E+00     385
      11.09178   .000E+00   .000E+00  -.737E-08   .000E+00  -.146E+01   .000E+00   .000E+00   .118E-06   .000E+00  -.435E+02  -.163E+03   .000E+00   .000E+00     386
      11.58668   .000E+00   .000E+00  -.149E-06   .000E+00  -.140E+01   .000E+00   .000E+00   .446E-07   .000E+00  -.442E+02  -.165E+03   .000E+00   .000E+00     387
      12.08158   .000E+00   .000E+00  -.156E-06   .000E+00  -.134E+01   .000E+00   .000E+00  -.329E-07   .000E+00  -.449E+02  -.168E+03   .000E+00   .000E+00     388
      12.57648   .000E+00   .000E+00  -.159E-06   .000E+00  -.129E+01   .000E+00   .000E+00  -.112E-06   .000E+00  -.455E+02  -.170E+03   .000E+00   .000E+00     389
      13.07138   .000E+00   .000E+00  -.118E-06   .000E+00  -.124E+01   .000E+00   .000E+00  -.170E-06   .000E+00  -.461E+02  -.171E+03   .000E+00   .000E+00     390
      13.56628   .000E+00   .000E+00  -.176E-06   .000E+00  -.120E+01   .000E+00   .000E+00  -.257E-06   .000E+00  -.467E+02  -.173E+03   .000E+00   .000E+00     391
      14.06119   .000E+00   .000E+00   .673E-08   .000E+00  -.115E+01   .000E+00   .000E+00  -.254E-06   .000E+00  -.473E+02  -.175E+03   .000E+00   .000E+00     392
      14.55609   .000E+00   .000E+00  -.839E-07   .000E+00  -.112E+01   .000E+00   .000E+00  -.295E-06   .000E+00  -.479E+02  -.177E+03   .000E+00   .000E+00     393
      15.05099   .000E+00   .000E+00  -.288E-07   .000E+00  -.108E+01   .000E+00   .000E+00  -.310E-06   .000E+00  -.484E+02  -.179E+03   .000E+00   .000E+00     394
      15.54589   .000E+00   .000E+00  -.186E-08   .000E+00  -.104E+01   .000E+00   .000E+00  -.310E-06   .000E+00  -.489E+02  -.180E+03   .000E+00   .000E+00     395
      16.04079   .000E+00   .000E+00   .385E-08   .000E+00  -.101E+01   .000E+00   .000E+00  -.309E-06   .000E+00  -.494E+02  -.182E+03   .000E+00   .000E+00     396
      16.53569   .000E+00   .000E+00   .608E-07   .000E+00  -.978E+00   .000E+00   .000E+00  -.278E-06   .000E+00  -.499E+02  -.184E+03   .000E+00   .000E+00     397
      17.03059   .000E+00   .000E+00  -.960E-07   .000E+00  -.948E+00   .000E+00   .000E+00  -.326E-06   .000E+00  -.504E+02  -.185E+03   .000E+00   .000E+00     398
      17.52550   .000E+00   .000E+00  -.109E-06   .000E+00  -.919E+00   .000E+00   .000E+00  -.380E-06   .000E+00  -.508E+02  -.187E+03   .000E+00   .000E+00     399
      18.02040   .000E+00   .000E+00  -.124E-06   .000E+00  -.891E+00   .000E+00   .000E+00  -.441E-06   .000E+00  -.513E+02  -.188E+03   .000E+00   .000E+00     400
      18.51530   .000E+00   .000E+00  -.366E-07   .000E+00  -.866E+00   .000E+00   .000E+00  -.459E-06   .000E+00  -.517E+02  -.190E+03   .000E+00   .000E+00     401
      19.01020   .000E+00   .000E+00   .167E-06   .000E+00  -.841E+00   .000E+00   .000E+00  -.377E-06   .000E+00  -.521E+02  -.191E+03   .000E+00   .000E+00     402
      19.50510   .000E+00   .000E+00   .799E-07   .000E+00  -.818E+00   .000E+00   .000E+00  -.337E-06   .000E+00  -.525E+02  -.193E+03   .000E+00   .000E+00     403
      20.00000   .000E+00   .000E+00  -.364E-07   .000E+00  -.797E+00   .000E+00   .000E+00  -.355E-06   .000E+00  -.529E+02  -.194E+03   .000E+00   .000E+00     404
      20.50000   .000E+00   .000E+00   .725E-07   .000E+00  -.776E+00   .000E+00   .000E+00  -.319E-06   .000E+00  -.533E+02  -.195E+03   .000E+00   .000E+00     405
      21.00000   .000E+00   .000E+00  -.226E-07   .000E+00  -.757E+00   .000E+00   .000E+00  -.330E-06   .000E+00  -.537E+02  -.197E+03   .000E+00   .000E+00     406
      21.50000   .000E+00   .000E+00  -.446E-07   .000E+00  -.739E+00   .000E+00   .000E+00  -.352E-06   .000E+00  -.540E+02  -.198E+03   .000E+00   .000E+00     407
      22.00000   .000E+00   .000E+00  -.291E-07   .000E+00  -.721E+00   .000E+00   .000E+00  -.367E-06   .000E+00  -.544E+02  -.199E+03   .000E+00   .000E+00     408
      22.50000   .000E+00   .000E+00  -.488E-07   .000E+00  -.704E+00   .000E+00   .000E+00  -.391E-06   .000E+00  -.548E+02  -.201E+03   .000E+00   .000E+00     409
      23.00000   .000E+00   .000E+00   .119E-06   .000E+00  -.688E+00   .000E+00   .000E+00  -.332E-06   .000E+00  -.551E+02  -.202E+03   .000E+00   .000E+00     410
      23.50000   .000E+00   .000E+00  -.335E-07   .000E+00  -.672E+00   .000E+00   .000E+00  -.349E-06   .000E+00  -.554E+02  -.203E+03   .000E+00   .000E+00     411
      24.00000   .000E+00   .000E+00  -.189E-06   .000E+00  -.657E+00   .000E+00   .000E+00  -.443E-06   .000E+00  -.558E+02  -.205E+03   .000E+00   .000E+00     412
      24.50000   .000E+00   .000E+00   .457E-07   .000E+00  -.643E+00   .000E+00   .000E+00  -.420E-06   .000E+00  -.561E+02  -.206E+03   .000E+00   .000E+00     413
      25.00000   .000E+00   .000E+00  -.920E-08   .000E+00  -.629E+00   .000E+00   .000E+00  -.425E-06   .000E+00  -.564E+02  -.207E+03   .000E+00   .000E+00     414
      25.50000   .000E+00   .000E+00   .111E-06   .000E+00  -.615E+00   .000E+00   .000E+00  -.369E-06   .000E+00  -.567E+02  -.208E+03   .000E+00   .000E+00     415
      26.00000   .000E+00   .000E+00  -.423E-07   .000E+00  -.602E+00   .000E+00   .000E+00  -.391E-06   .000E+00  -.570E+02  -.210E+03   .000E+00   .000E+00     416
      26.50000   .000E+00   .000E+00  -.128E-07   .000E+00  -.589E+00   .000E+00   .000E+00  -.397E-06   .000E+00  -.573E+02  -.211E+03   .000E+00   .000E+00     417
      27.00000   .000E+00   .000E+00   .228E-07   .000E+00  -.576E+00   .000E+00   .000E+00  -.386E-06   .000E+00  -.576E+02  -.212E+03   .000E+00   .000E+00     418
      27.50000   .000E+00   .000E+00   .111E-06   .000E+00  -.564E+00   .000E+00   .000E+00  -.330E-06   .000E+00  -.579E+02  -.213E+03   .000E+00   .000E+00     419
      28.00000   .000E+00   .000E+00  -.425E-08   .000E+00  -.553E+00   .000E+00   .000E+00  -.332E-06   .000E+00  -.581E+02  -.214E+03   .000E+00   .000E+00     420
      28.50000   .000E+00   .000E+00   .517E-08   .000E+00  -.541E+00   .000E+00   .000E+00  -.329E-06   .000E+00  -.584E+02  -.215E+03   .000E+00   .000E+00     421
      29.00000   .000E+00   .000E+00  -.118E-06   .000E+00  -.531E+00   .000E+00   .000E+00  -.389E-06   .000E+00  -.587E+02  -.216E+03   .000E+00   .000E+00     422
      29.50000   .000E+00   .000E+00   .356E-08   .000E+00  -.520E+00   .000E+00   .000E+00  -.387E-06   .000E+00  -.589E+02  -.217E+03   .000E+00   .000E+00     423
      30.00000   .000E+00   .000E+00  -.316E-08   .000E+00  -.510E+00   .000E+00   .000E+00  -.388E-06   .000E+00  -.592E+02  -.218E+03   .000E+00   .000E+00     424
      30.50000   .000E+00   .000E+00  -.267E-07   .000E+00  -.500E+00   .000E+00   .000E+00  -.402E-06   .000E+00  -.594E+02  -.220E+03   .000E+00   .000E+00     425
      31.00000   .000E+00   .000E+00   .330E-08   .000E+00  -.491E+00   .000E+00   .000E+00  -.400E-06   .000E+00  -.597E+02  -.221E+03   .000E+00   .000E+00     426
      31.50000   .000E+00   .000E+00  -.106E-06   .000E+00  -.482E+00   .000E+00   .000E+00  -.453E-06   .000E+00  -.599E+02  -.222E+03   .000E+00   .000E+00     427
      32.00000   .000E+00   .000E+00   .313E-07   .000E+00  -.474E+00   .000E+00   .000E+00  -.437E-06   .000E+00  -.602E+02  -.223E+03   .000E+00   .000E+00     428
      32.50000   .000E+00   .000E+00   .653E-08   .000E+00  -.465E+00   .000E+00   .000E+00  -.434E-06   .000E+00  -.604E+02  -.224E+03   .000E+00   .000E+00     429
      33.00000   .000E+00   .000E+00  -.977E-07   .000E+00  -.457E+00   .000E+00   .000E+00  -.483E-06   .000E+00  -.606E+02  -.225E+03   .000E+00   .000E+00     430
      33.50000   .000E+00   .000E+00   .422E-07   .000E+00  -.450E+00   .000E+00   .000E+00  -.462E-06   .000E+00  -.609E+02  -.226E+03   .000E+00   .000E+00     431
      34.00000   .000E+00   .000E+00   .494E-07   .000E+00  -.442E+00   .000E+00   .000E+00  -.437E-06   .000E+00  -.611E+02  -.226E+03   .000E+00   .000E+00     432
      34.50000   .000E+00   .000E+00   .161E-07   .000E+00  -.435E+00   .000E+00   .000E+00  -.429E-06   .000E+00  -.613E+02  -.227E+03   .000E+00   .000E+00     433
      35.00000   .000E+00   .000E+00   .152E-07   .000E+00  -.428E+00   .000E+00   .000E+00  -.422E-06   .000E+00  -.615E+02  -.228E+03   .000E+00   .000E+00     434
      35.50000   .000E+00   .000E+00  -.502E-07   .000E+00  -.421E+00   .000E+00   .000E+00  -.447E-06   .000E+00  -.617E+02  -.229E+03   .000E+00   .000E+00     435
      36.00000   .000E+00   .000E+00  -.101E-07   .000E+00  -.415E+00   .000E+00   .000E+00  -.452E-06   .000E+00  -.619E+02  -.230E+03   .000E+00   .000E+00     436
      36.50000   .000E+00   .000E+00   .455E-07   .000E+00  -.408E+00   .000E+00   .000E+00  -.429E-06   .000E+00  -.621E+02  -.231E+03   .000E+00   .000E+00     437
      37.00000   .000E+00   .000E+00   .414E-08   .000E+00  -.402E+00   .000E+00   .000E+00  -.427E-06   .000E+00  -.623E+02  -.232E+03   .000E+00   .000E+00     438
      37.50000   .000E+00   .000E+00   .921E-07   .000E+00  -.396E+00   .000E+00   .000E+00  -.381E-06   .000E+00  -.625E+02  -.233E+03   .000E+00   .000E+00     439
      38.00000   .000E+00   .000E+00   .273E-07   .000E+00  -.390E+00   .000E+00   .000E+00  -.367E-06   .000E+00  -.627E+02  -.234E+03   .000E+00   .000E+00     440
      38.50000   .000E+00   .000E+00  -.202E-07   .000E+00  -.385E+00   .000E+00   .000E+00  -.377E-06   .000E+00  -.629E+02  -.235E+03   .000E+00   .000E+00     441
      39.00000   .000E+00   .000E+00   .245E-07   .000E+00  -.379E+00   .000E+00   .000E+00  -.365E-06   .000E+00  -.631E+02  -.235E+03   .000E+00   .000E+00     442
      39.50000   .000E+00   .000E+00   .229E-07   .000E+00  -.374E+00   .000E+00   .000E+00  -.354E-06   .000E+00  -.633E+02  -.236E+03   .000E+00   .000E+00     443
      40.00000   .000E+00   .000E+00  -.649E-07   .000E+00  -.368E+00   .000E+00   .000E+00  -.386E-06   .000E+00  -.635E+02  -.237E+03   .000E+00   .000E+00     444
      40.50000   .000E+00   .000E+00  -.992E-07   .000E+00  -.363E+00   .000E+00   .000E+00  -.436E-06   .000E+00  -.637E+02  -.238E+03   .000E+00   .000E+00     445
      41.00000   .000E+00   .000E+00   .587E-07   .000E+00  -.358E+00   .000E+00   .000E+00  -.406E-06   .000E+00  -.638E+02  -.239E+03   .000E+00   .000E+00     446
      41.50000   .000E+00   .000E+00   .764E-07   .000E+00  -.353E+00   .000E+00   .000E+00  -.368E-06   .000E+00  -.640E+02  -.240E+03   .000E+00   .000E+00     447
      42.00000   .000E+00   .000E+00   .431E-07   .000E+00  -.348E+00   .000E+00   .000E+00  -.347E-06   .000E+00  -.642E+02  -.240E+03   .000E+00   .000E+00     448
      42.50000   .000E+00   .000E+00  -.317E-07   .000E+00  -.343E+00   .000E+00   .000E+00  -.362E-06   .000E+00  -.644E+02  -.241E+03   .000E+00   .000E+00     449
      43.00000   .000E+00   .000E+00  -.589E-07   .000E+00  -.338E+00   .000E+00   .000E+00  -.392E-06   .000E+00  -.645E+02  -.242E+03   .000E+00   .000E+00     450
      43.50000   .000E+00   .000E+00   .144E-07   .000E+00  -.333E+00   .000E+00   .000E+00  -.385E-06   .000E+00  -.647E+02  -.243E+03   .000E+00   .000E+00     451
      44.00000   .000E+00   .000E+00   .252E-07   .000E+00  -.329E+00   .000E+00   .000E+00  -.372E-06   .000E+00  -.649E+02  -.244E+03   .000E+00   .000E+00     452
      44.50000   .000E+00   .000E+00   .239E-07   .000E+00  -.324E+00   .000E+00   .000E+00  -.360E-06   .000E+00  -.650E+02  -.244E+03   .000E+00   .000E+00     453
      45.00000   .000E+00   .000E+00   .119E-07   .000E+00  -.320E+00   .000E+00   .000E+00  -.354E-06   .000E+00  -.652E+02  -.245E+03   .000E+00   .000E+00     454
      45.50000   .000E+00   .000E+00  -.522E-07   .000E+00  -.316E+00   .000E+00   .000E+00  -.380E-06   .000E+00  -.653E+02  -.246E+03   .000E+00   .000E+00     455
      46.00000   .000E+00   .000E+00   .470E-07   .000E+00  -.312E+00   .000E+00   .000E+00  -.357E-06   .000E+00  -.655E+02  -.247E+03   .000E+00   .000E+00     456
      46.50000   .000E+00   .000E+00   .243E-07   .000E+00  -.308E+00   .000E+00   .000E+00  -.345E-06   .000E+00  -.657E+02  -.247E+03   .000E+00   .000E+00     457
      47.00000   .000E+00   .000E+00   .387E-07   .000E+00  -.304E+00   .000E+00   .000E+00  -.325E-06   .000E+00  -.658E+02  -.248E+03   .000E+00   .000E+00     458
      47.50000   .000E+00   .000E+00   .491E-07   .000E+00  -.300E+00   .000E+00   .000E+00  -.301E-06   .000E+00  -.660E+02  -.249E+03   .000E+00   .000E+00     459
      48.00000   .000E+00   .000E+00   .238E-07   .000E+00  -.296E+00   .000E+00   .000E+00  -.289E-06   .000E+00  -.661E+02  -.250E+03   .000E+00   .000E+00     460
      48.50000   .000E+00   .000E+00   .576E-07   .000E+00  -.292E+00   .000E+00   .000E+00  -.260E-06   .000E+00  -.662E+02  -.250E+03   .000E+00   .000E+00     461
      49.00000   .000E+00   .000E+00  -.766E-09   .000E+00  -.288E+00   .000E+00   .000E+00  -.260E-06   .000E+00  -.664E+02  -.251E+03   .000E+00   .000E+00     462
      49.50000   .000E+00   .000E+00  -.824E-07   .000E+00  -.285E+00   .000E+00   .000E+00  -.302E-06   .000E+00  -.665E+02  -.252E+03   .000E+00   .000E+00     463
      50.00000   .000E+00   .000E+00  -.229E-07   .000E+00  -.281E+00   .000E+00   .000E+00  -.313E-06   .000E+00  -.667E+02  -.253E+03   .000E+00   .000E+00     464
      50.50000   .000E+00   .000E+00  -.877E-07   .000E+00  -.278E+00   .000E+00   .000E+00  -.357E-06   .000E+00  -.668E+02  -.253E+03   .000E+00   .000E+00     465
      51.00000   .000E+00   .000E+00  -.371E-08   .000E+00  -.275E+00   .000E+00   .000E+00  -.359E-06   .000E+00  -.670E+02  -.254E+03   .000E+00   .000E+00     466
      51.50000   .000E+00   .000E+00  -.307E-07   .000E+00  -.271E+00   .000E+00   .000E+00  -.374E-06   .000E+00  -.671E+02  -.255E+03   .000E+00   .000E+00     467
      52.00000   .000E+00   .000E+00  -.133E-07   .000E+00  -.268E+00   .000E+00   .000E+00  -.381E-06   .000E+00  -.672E+02  -.256E+03   .000E+00   .000E+00     468
      52.50000   .000E+00   .000E+00  -.964E-09   .000E+00  -.265E+00   .000E+00   .000E+00  -.381E-06   .000E+00  -.674E+02  -.256E+03   .000E+00   .000E+00     469
      53.00000   .000E+00   .000E+00  -.365E-07   .000E+00  -.262E+00   .000E+00   .000E+00  -.400E-06   .000E+00  -.675E+02  -.257E+03   .000E+00   .000E+00     470
      53.50000   .000E+00   .000E+00   .285E-07   .000E+00  -.259E+00   .000E+00   .000E+00  -.385E-06   .000E+00  -.676E+02  -.258E+03   .000E+00   .000E+00     471
      54.00000   .000E+00   .000E+00   .791E-08   .000E+00  -.256E+00   .000E+00   .000E+00  -.381E-06   .000E+00  -.677E+02  -.258E+03   .000E+00   .000E+00     472
      54.50000   .000E+00   .000E+00  -.220E-07   .000E+00  -.253E+00   .000E+00   .000E+00  -.392E-06   .000E+00  -.679E+02  -.259E+03   .000E+00   .000E+00     473
      55.00000   .000E+00   .000E+00  -.621E-07   .000E+00  -.251E+00   .000E+00   .000E+00  -.424E-06   .000E+00  -.680E+02  -.260E+03   .000E+00   .000E+00     474
      55.50000   .000E+00   .000E+00   .207E-07   .000E+00  -.248E+00   .000E+00   .000E+00  -.413E-06   .000E+00  -.681E+02  -.260E+03   .000E+00   .000E+00     475
      56.00000   .000E+00   .000E+00   .138E-06   .000E+00  -.245E+00   .000E+00   .000E+00  -.344E-06   .000E+00  -.682E+02  -.261E+03   .000E+00   .000E+00     476
      56.50000   .000E+00   .000E+00  -.676E-07   .000E+00  -.243E+00   .000E+00   .000E+00  -.378E-06   .000E+00  -.684E+02  -.262E+03   .000E+00   .000E+00     477
      57.00000   .000E+00   .000E+00   .741E-07   .000E+00  -.240E+00   .000E+00   .000E+00  -.341E-06   .000E+00  -.685E+02  -.262E+03   .000E+00   .000E+00     478
      57.50000   .000E+00   .000E+00   .117E-06   .000E+00  -.238E+00   .000E+00   .000E+00  -.282E-06   .000E+00  -.686E+02  -.263E+03   .000E+00   .000E+00     479
      58.00000   .000E+00   .000E+00   .649E-07   .000E+00  -.235E+00   .000E+00   .000E+00  -.250E-06   .000E+00  -.687E+02  -.264E+03   .000E+00   .000E+00     480
      58.50000   .000E+00   .000E+00   .105E-06   .000E+00  -.233E+00   .000E+00   .000E+00  -.197E-06   .000E+00  -.688E+02  -.264E+03   .000E+00   .000E+00     481
      59.00000   .000E+00   .000E+00  -.238E-07   .000E+00  -.230E+00   .000E+00   .000E+00  -.209E-06   .000E+00  -.690E+02  -.265E+03   .000E+00   .000E+00     482
      59.50000   .000E+00   .000E+00  -.174E-07   .000E+00  -.228E+00   .000E+00   .000E+00  -.218E-06   .000E+00  -.691E+02  -.266E+03   .000E+00   .000E+00     483
      60.00000   .000E+00   .000E+00  -.135E-06   .000E+00  -.226E+00   .000E+00   .000E+00  -.285E-06   .000E+00  -.692E+02  -.266E+03   .000E+00   .000E+00     484
      60.50000   .000E+00   .000E+00  -.654E-07   .000E+00  -.224E+00   .000E+00   .000E+00  -.318E-06   .000E+00  -.693E+02  -.267E+03   .000E+00   .000E+00     485
      61.00000   .000E+00   .000E+00   .160E-07   .000E+00  -.221E+00   .000E+00   .000E+00  -.310E-06   .000E+00  -.694E+02  -.268E+03   .000E+00   .000E+00     486
      61.50000   .000E+00   .000E+00   .478E-07   .000E+00  -.219E+00   .000E+00   .000E+00  -.286E-06   .000E+00  -.695E+02  -.268E+03   .000E+00   .000E+00     487
      62.00000   .000E+00   .000E+00  -.130E-06   .000E+00  -.217E+00   .000E+00   .000E+00  -.351E-06   .000E+00  -.696E+02  -.269E+03   .000E+00   .000E+00     488
      62.50000   .000E+00   .000E+00  -.114E-07   .000E+00  -.215E+00   .000E+00   .000E+00  -.357E-06   .000E+00  -.697E+02  -.269E+03   .000E+00   .000E+00     489
      63.00000   .000E+00   .000E+00  -.870E-08   .000E+00  -.213E+00   .000E+00   .000E+00  -.361E-06   .000E+00  -.698E+02  -.270E+03   .000E+00   .000E+00     490
      63.50000   .000E+00   .000E+00  -.134E-07   .000E+00  -.211E+00   .000E+00   .000E+00  -.368E-06   .000E+00  -.699E+02  -.271E+03   .000E+00   .000E+00     491
      64.00000   .000E+00   .000E+00   .565E-07   .000E+00  -.209E+00   .000E+00   .000E+00  -.340E-06   .000E+00  -.700E+02  -.271E+03   .000E+00   .000E+00     492
      64.50000   .000E+00   .000E+00  -.688E-08   .000E+00  -.207E+00   .000E+00   .000E+00  -.343E-06   .000E+00  -.701E+02  -.272E+03   .000E+00   .000E+00     493
      65.00000   .000E+00   .000E+00  -.344E-07   .000E+00  -.205E+00   .000E+00   .000E+00  -.360E-06   .000E+00  -.702E+02  -.272E+03   .000E+00   .000E+00     494
      65.50000   .000E+00   .000E+00   .348E-07   .000E+00  -.203E+00   .000E+00   .000E+00  -.343E-06   .000E+00  -.703E+02  -.273E+03   .000E+00   .000E+00     495
      66.00000   .000E+00   .000E+00  -.664E-07   .000E+00  -.201E+00   .000E+00   .000E+00  -.376E-06   .000E+00  -.705E+02  -.274E+03   .000E+00   .000E+00     496
      66.50000   .000E+00   .000E+00  -.150E-07   .000E+00  -.200E+00   .000E+00   .000E+00  -.383E-06   .000E+00  -.706E+02  -.274E+03   .000E+00   .000E+00     497
      67.00000   .000E+00   .000E+00   .586E-07   .000E+00  -.198E+00   .000E+00   .000E+00  -.354E-06   .000E+00  -.706E+02  -.275E+03   .000E+00   .000E+00     498
      67.50000   .000E+00   .000E+00   .899E-07   .000E+00  -.196E+00   .000E+00   .000E+00  -.309E-06   .000E+00  -.707E+02  -.275E+03   .000E+00   .000E+00     499
      68.00000   .000E+00   .000E+00  -.675E-07   .000E+00  -.194E+00   .000E+00   .000E+00  -.343E-06   .000E+00  -.708E+02  -.276E+03   .000E+00   .000E+00     500
      68.50000   .000E+00   .000E+00   .225E-07   .000E+00  -.192E+00   .000E+00   .000E+00  -.332E-06   .000E+00  -.709E+02  -.277E+03   .000E+00   .000E+00     501
      69.00000   .000E+00   .000E+00  -.866E-07   .000E+00  -.191E+00   .000E+00   .000E+00  -.375E-06   .000E+00  -.710E+02  -.277E+03   .000E+00   .000E+00     502
      69.50000   .000E+00   .000E+00  -.867E-07   .000E+00  -.189E+00   .000E+00   .000E+00  -.418E-06   .000E+00  -.711E+02  -.278E+03   .000E+00   .000E+00     503
      70.00000   .000E+00   .000E+00   .121E-07   .000E+00  -.187E+00   .000E+00   .000E+00  -.412E-06   .000E+00  -.712E+02  -.278E+03   .000E+00   .000E+00     504
      70.50000   .000E+00   .000E+00   .105E-06   .000E+00  -.186E+00   .000E+00   .000E+00  -.360E-06   .000E+00  -.713E+02  -.279E+03   .000E+00   .000E+00     505
      71.00000   .000E+00   .000E+00   .191E-07   .000E+00  -.184E+00   .000E+00   .000E+00  -.350E-06   .000E+00  -.714E+02  -.279E+03   .000E+00   .000E+00     506
      71.50000   .000E+00   .000E+00  -.111E-06   .000E+00  -.182E+00   .000E+00   .000E+00  -.406E-06   .000E+00  -.715E+02  -.280E+03   .000E+00   .000E+00     507
      72.00000   .000E+00   .000E+00   .358E-07   .000E+00  -.181E+00   .000E+00   .000E+00  -.388E-06   .000E+00  -.716E+02  -.281E+03   .000E+00   .000E+00     508
      72.50000   .000E+00   .000E+00  -.617E-07   .000E+00  -.179E+00   .000E+00   .000E+00  -.419E-06   .000E+00  -.717E+02  -.281E+03   .000E+00   .000E+00     509
      73.00000   .000E+00   .000E+00  -.123E-07   .000E+00  -.178E+00   .000E+00   .000E+00  -.425E-06   .000E+00  -.718E+02  -.282E+03   .000E+00   .000E+00     510
      73.50000   .000E+00   .000E+00   .310E-07   .000E+00  -.176E+00   .000E+00   .000E+00  -.410E-06   .000E+00  -.719E+02  -.282E+03   .000E+00   .000E+00     511
      74.00000   .000E+00   .000E+00   .308E-07   .000E+00  -.175E+00   .000E+00   .000E+00  -.394E-06   .000E+00  -.719E+02  -.283E+03   .000E+00   .000E+00     512
      74.50000   .000E+00   .000E+00  -.824E-07   .000E+00  -.173E+00   .000E+00   .000E+00  -.435E-06   .000E+00  -.720E+02  -.283E+03   .000E+00   .000E+00     513
      75.00000   .000E+00   .000E+00  -.823E-07   .000E+00  -.172E+00   .000E+00   .000E+00  -.477E-06   .000E+00  -.721E+02  -.284E+03   .000E+00   .000E+00     514
      75.50000   .000E+00   .000E+00  -.102E-07   .000E+00  -.170E+00   .000E+00   .000E+00  -.482E-06   .000E+00  -.722E+02  -.284E+03   .000E+00   .000E+00     515
      76.00000   .000E+00   .000E+00   .414E-07   .000E+00  -.169E+00   .000E+00   .000E+00  -.461E-06   .000E+00  -.723E+02  -.285E+03   .000E+00   .000E+00     516
      76.50000   .000E+00   .000E+00  -.132E-08   .000E+00  -.167E+00   .000E+00   .000E+00  -.462E-06   .000E+00  -.724E+02  -.285E+03   .000E+00   .000E+00     517
      77.00000   .000E+00   .000E+00  -.649E-07   .000E+00  -.166E+00   .000E+00   .000E+00  -.494E-06   .000E+00  -.725E+02  -.286E+03   .000E+00   .000E+00     518
      77.50000   .000E+00   .000E+00  -.832E-07   .000E+00  -.165E+00   .000E+00   .000E+00  -.536E-06   .000E+00  -.725E+02  -.286E+03   .000E+00   .000E+00     519
      78.00000   .000E+00   .000E+00  -.343E-07   .000E+00  -.163E+00   .000E+00   .000E+00  -.553E-06   .000E+00  -.726E+02  -.287E+03   .000E+00   .000E+00     520
      78.50000   .000E+00   .000E+00   .614E-07   .000E+00  -.162E+00   .000E+00   .000E+00  -.522E-06   .000E+00  -.727E+02  -.287E+03   .000E+00   .000E+00     521
      79.00000   .000E+00   .000E+00   .664E-07   .000E+00  -.161E+00   .000E+00   .000E+00  -.489E-06   .000E+00  -.728E+02  -.288E+03   .000E+00   .000E+00     522
      79.50000   .000E+00   .000E+00  -.204E-07   .000E+00  -.159E+00   .000E+00   .000E+00  -.499E-06   .000E+00  -.729E+02  -.288E+03   .000E+00   .000E+00     523
      80.00000   .000E+00   .000E+00   .253E-07   .000E+00  -.158E+00   .000E+00   .000E+00  -.486E-06   .000E+00  -.729E+02  -.289E+03   .000E+00   .000E+00     524
      80.50000   .000E+00   .000E+00   .545E-07   .000E+00  -.157E+00   .000E+00   .000E+00  -.459E-06   .000E+00  -.730E+02  -.289E+03   .000E+00   .000E+00     525
      81.00000   .000E+00   .000E+00  -.852E-07   .000E+00  -.156E+00   .000E+00   .000E+00  -.502E-06   .000E+00  -.731E+02  -.290E+03   .000E+00   .000E+00     526
      81.50000   .000E+00   .000E+00  -.892E-07   .000E+00  -.154E+00   .000E+00   .000E+00  -.546E-06   .000E+00  -.732E+02  -.290E+03   .000E+00   .000E+00     527
      82.00000   .000E+00   .000E+00   .432E-07   .000E+00  -.153E+00   .000E+00   .000E+00  -.525E-06   .000E+00  -.732E+02  -.291E+03   .000E+00   .000E+00     528
      82.50000   .000E+00   .000E+00   .858E-07   .000E+00  -.152E+00   .000E+00   .000E+00  -.482E-06   .000E+00  -.733E+02  -.291E+03   .000E+00   .000E+00     529
      83.00000   .000E+00   .000E+00   .378E-07   .000E+00  -.151E+00   .000E+00   .000E+00  -.463E-06   .000E+00  -.734E+02  -.292E+03   .000E+00   .000E+00     530
      83.50000   .000E+00   .000E+00   .507E-07   .000E+00  -.150E+00   .000E+00   .000E+00  -.438E-06   .000E+00  -.735E+02  -.292E+03   .000E+00   .000E+00     531
      84.00000   .000E+00   .000E+00  -.969E-07   .000E+00  -.148E+00   .000E+00   .000E+00  -.486E-06   .000E+00  -.735E+02  -.293E+03   .000E+00   .000E+00     532
      84.50000   .000E+00   .000E+00   .395E-07   .000E+00  -.147E+00   .000E+00   .000E+00  -.466E-06   .000E+00  -.736E+02  -.293E+03   .000E+00   .000E+00     533
      85.00000   .000E+00   .000E+00   .143E-07   .000E+00  -.146E+00   .000E+00   .000E+00  -.459E-06   .000E+00  -.737E+02  -.294E+03   .000E+00   .000E+00     534
      85.50000   .000E+00   .000E+00  -.203E-07   .000E+00  -.145E+00   .000E+00   .000E+00  -.469E-06   .000E+00  -.738E+02  -.294E+03   .000E+00   .000E+00     535
      86.00000   .000E+00   .000E+00   .788E-07   .000E+00  -.144E+00   .000E+00   .000E+00  -.430E-06   .000E+00  -.738E+02  -.295E+03   .000E+00   .000E+00     536
      86.50000   .000E+00   .000E+00   .215E-07   .000E+00  -.143E+00   .000E+00   .000E+00  -.419E-06   .000E+00  -.739E+02  -.295E+03   .000E+00   .000E+00     537
      87.00000   .000E+00   .000E+00   .287E-07   .000E+00  -.142E+00   .000E+00   .000E+00  -.405E-06   .000E+00  -.740E+02  -.296E+03   .000E+00   .000E+00     538
      87.50000   .000E+00   .000E+00   .248E-07   .000E+00  -.141E+00   .000E+00   .000E+00  -.392E-06   .000E+00  -.741E+02  -.296E+03   .000E+00   .000E+00     539
      88.00000   .000E+00   .000E+00   .103E-07   .000E+00  -.140E+00   .000E+00   .000E+00  -.387E-06   .000E+00  -.741E+02  -.297E+03   .000E+00   .000E+00     540
      88.50000   .000E+00   .000E+00   .600E-07   .000E+00  -.139E+00   .000E+00   .000E+00  -.357E-06   .000E+00  -.742E+02  -.297E+03   .000E+00   .000E+00     541
      89.00000   .000E+00   .000E+00  -.393E-07   .000E+00  -.138E+00   .000E+00   .000E+00  -.377E-06   .000E+00  -.743E+02  -.298E+03   .000E+00   .000E+00     542
      89.50000   .000E+00   .000E+00  -.953E-08   .000E+00  -.137E+00   .000E+00   .000E+00  -.382E-06   .000E+00  -.743E+02  -.298E+03   .000E+00   .000E+00     543
      90.00000   .000E+00   .000E+00   .222E-07   .000E+00  -.136E+00   .000E+00   .000E+00  -.371E-06   .000E+00  -.744E+02  -.298E+03   .000E+00   .000E+00     544
      90.50000   .000E+00   .000E+00   .323E-07   .000E+00  -.135E+00   .000E+00   .000E+00  -.354E-06   .000E+00  -.745E+02  -.299E+03   .000E+00   .000E+00     545
      91.00000   .000E+00   .000E+00   .466E-07   .000E+00  -.134E+00   .000E+00   .000E+00  -.331E-06   .000E+00  -.745E+02  -.299E+03   .000E+00   .000E+00     546
      91.50000   .000E+00   .000E+00  -.632E-08   .000E+00  -.133E+00   .000E+00   .000E+00  -.334E-06   .000E+00  -.746E+02  -.300E+03   .000E+00   .000E+00     547
      92.00000   .000E+00   .000E+00  -.698E-08   .000E+00  -.132E+00   .000E+00   .000E+00  -.338E-06   .000E+00  -.747E+02  -.300E+03   .000E+00   .000E+00     548
      92.50000   .000E+00   .000E+00  -.163E-07   .000E+00  -.131E+00   .000E+00   .000E+00  -.346E-06   .000E+00  -.747E+02  -.301E+03   .000E+00   .000E+00     549
      93.00000   .000E+00   .000E+00  -.334E-07   .000E+00  -.130E+00   .000E+00   .000E+00  -.363E-06   .000E+00  -.748E+02  -.301E+03   .000E+00   .000E+00     550
      93.50000   .000E+00   .000E+00   .346E-07   .000E+00  -.129E+00   .000E+00   .000E+00  -.345E-06   .000E+00  -.749E+02  -.302E+03   .000E+00   .000E+00     551
      94.00000   .000E+00   .000E+00   .775E-07   .000E+00  -.128E+00   .000E+00   .000E+00  -.307E-06   .000E+00  -.749E+02  -.302E+03   .000E+00   .000E+00     552
      94.50000   .000E+00   .000E+00   .580E-07   .000E+00  -.127E+00   .000E+00   .000E+00  -.278E-06   .000E+00  -.750E+02  -.302E+03   .000E+00   .000E+00     553
      95.00000   .000E+00   .000E+00  -.422E-07   .000E+00  -.127E+00   .000E+00   .000E+00  -.299E-06   .000E+00  -.750E+02  -.303E+03   .000E+00   .000E+00     554
      95.50000   .000E+00   .000E+00   .612E-09   .000E+00  -.126E+00   .000E+00   .000E+00  -.298E-06   .000E+00  -.751E+02  -.303E+03   .000E+00   .000E+00     555
      96.00000   .000E+00   .000E+00  -.369E-07   .000E+00  -.125E+00   .000E+00   .000E+00  -.317E-06   .000E+00  -.752E+02  -.304E+03   .000E+00   .000E+00     556
      96.50000   .000E+00   .000E+00  -.571E-07   .000E+00  -.124E+00   .000E+00   .000E+00  -.345E-06   .000E+00  -.752E+02  -.304E+03   .000E+00   .000E+00     557
      97.00000   .000E+00   .000E+00  -.309E-07   .000E+00  -.123E+00   .000E+00   .000E+00  -.361E-06   .000E+00  -.753E+02  -.305E+03   .000E+00   .000E+00     558
      97.50000   .000E+00   .000E+00  -.604E-07   .000E+00  -.123E+00   .000E+00   .000E+00  -.391E-06   .000E+00  -.754E+02  -.305E+03   .000E+00   .000E+00     559
      98.00000   .000E+00   .000E+00  -.851E-08   .000E+00  -.122E+00   .000E+00   .000E+00  -.395E-06   .000E+00  -.754E+02  -.305E+03   .000E+00   .000E+00     560
      98.50000   .000E+00   .000E+00  -.447E-07   .000E+00  -.121E+00   .000E+00   .000E+00  -.418E-06   .000E+00  -.755E+02  -.306E+03   .000E+00   .000E+00     561
      99.00000   .000E+00   .000E+00   .108E-06   .000E+00  -.120E+00   .000E+00   .000E+00  -.364E-06   .000E+00  -.755E+02  -.306E+03   .000E+00   .000E+00     562
      99.50000   .000E+00   .000E+00  -.523E-07   .000E+00  -.119E+00   .000E+00   .000E+00  -.390E-06   .000E+00  -.756E+02  -.307E+03   .000E+00   .000E+00     563
     100.00000   .000E+00   .000E+00   .577E-07   .000E+00  -.119E+00   .000E+00   .000E+00  -.361E-06   .000E+00  -.757E+02  -.307E+03   .000E+00   .000E+00     564
end
